{"obj": {"type": "AssignString", "path": ["sys", "name"], "value": "Untitled"}, "version": 1}
{"obj": {"type": "AssignString", "path": ["sys", "description"], "value": ""}, "version": 2}
{"obj": {"type": "AssignString", "path": ["sys", "hostname"], "value": "xhnfly-Strix-GL504GS-S5CS"}, "version": 3}
{"obj": {"type": "AssignBool", "path": ["sys", "failed"], "value": false}, "version": 4}
{"obj": {"type": "ClearStringLog", "path": ["monitoring", "stdout"]}, "version": 5}
{"obj": {"type": "ClearStringLog", "path": ["monitoring", "stderr"]}, "version": 6}
{"obj": {"type": "ConfigFloatSeries", "path": ["monitoring", "cpu"], "min": 0.0, "max": 100.0, "unit": "%"}, "version": 7}
{"obj": {"type": "ClearFloatLog", "path": ["monitoring", "cpu"]}, "version": 8}
{"obj": {"type": "ConfigFloatSeries", "path": ["monitoring", "memory"], "min": 0.0, "max": 31.287979125976562, "unit": "GB"}, "version": 9}
{"obj": {"type": "ClearFloatLog", "path": ["monitoring", "memory"]}, "version": 10}
{"obj": {"type": "ConfigFloatSeries", "path": ["monitoring", "gpu"], "min": 0.0, "max": 100.0, "unit": "%"}, "version": 11}
{"obj": {"type": "ClearFloatLog", "path": ["monitoring", "gpu"]}, "version": 12}
{"obj": {"type": "ConfigFloatSeries", "path": ["monitoring", "gpu_memory"], "min": 0.0, "max": 7.9210205078125, "unit": "GB"}, "version": 13}
{"obj": {"type": "ClearFloatLog", "path": ["monitoring", "gpu_memory"]}, "version": 14}
{"obj": {"type": "LogStrings", "path": ["monitoring", "stdout"], "values": [{"value": "", "step": null, "ts": 1643463825.2022567}]}, "version": 15}
{"obj": {"type": "LogFloats", "path": ["monitoring", "cpu"], "values": [{"value": 27.9, "step": null, "ts": 1643463825.1974666}]}, "version": 16}
{"obj": {"type": "LogStrings", "path": ["monitoring", "stdout"], "values": [{"value": "Remember to stop your run once you\u2019ve finished logging your metadata (https://docs.neptune.ai/api-reference/run#.stop). It will be stopped automatically only when the notebook kernel/interactive console is terminated.\n", "step": null, "ts": 1643463825.203334}]}, "version": 17}
{"obj": {"type": "LogFloats", "path": ["monitoring", "memory"], "values": [{"value": 21.438541412353516, "step": null, "ts": 1643463825.1974666}]}, "version": 18}
{"obj": {"type": "LogFloats", "path": ["monitoring", "gpu_memory"], "values": [{"value": 0.208740234375, "step": null, "ts": 1643463825.1974666}]}, "version": 19}
{"obj": {"type": "LogStrings", "path": ["monitoring", "stdout"], "values": [{"value": "device = ", "step": null, "ts": 1643463829.3809605}]}, "version": 20}
{"obj": {"type": "LogStrings", "path": ["monitoring", "stdout"], "values": [{"value": " ", "step": null, "ts": 1643463829.3812673}]}, "version": 21}
{"obj": {"type": "LogStrings", "path": ["monitoring", "stdout"], "values": [{"value": "cuda", "step": null, "ts": 1643463829.3813696}]}, "version": 22}
{"obj": {"type": "LogStrings", "path": ["monitoring", "stdout"], "values": [{"value": "\n", "step": null, "ts": 1643463829.3815484}]}, "version": 23}
{"obj": {"type": "AssignFloat", "path": ["parameters", "dropout"], "value": 0.2}, "version": 24}
{"obj": {"type": "AssignFloat", "path": ["parameters", "learning_rate"], "value": 0.001}, "version": 25}
{"obj": {"type": "AssignString", "path": ["parameters", "optimizer"], "value": "Adam"}, "version": 26}
{"obj": {"type": "AssignInt", "path": ["parameters", "hid"], "value": 512}, "version": 27}
{"obj": {"type": "AssignInt", "path": ["parameters", "l"], "value": 3}, "version": 28}
{"obj": {"type": "AssignInt", "path": ["parameters", "seed"], "value": 0}, "version": 29}
{"obj": {"type": "AssignInt", "path": ["parameters", "steps_per_epoch"], "value": 3000}, "version": 30}
{"obj": {"type": "AssignInt", "path": ["parameters", "steps_video"], "value": 30000}, "version": 31}
{"obj": {"type": "AssignInt", "path": ["parameters", "epochs"], "value": 100}, "version": 32}
{"obj": {"type": "AssignInt", "path": ["parameters", "replay_size"], "value": 10000000}, "version": 33}
{"obj": {"type": "AssignFloat", "path": ["parameters", "gamma"], "value": 0.99}, "version": 34}
{"obj": {"type": "AssignFloat", "path": ["parameters", "polyak"], "value": 0.995}, "version": 35}
{"obj": {"type": "AssignFloat", "path": ["parameters", "pi_lr"], "value": 0.0001}, "version": 36}
{"obj": {"type": "AssignFloat", "path": ["parameters", "q_lr"], "value": 0.0001}, "version": 37}
{"obj": {"type": "AssignInt", "path": ["parameters", "batch_size"], "value": 1000}, "version": 38}
{"obj": {"type": "AssignInt", "path": ["parameters", "start_steps"], "value": 1000}, "version": 39}
{"obj": {"type": "AssignInt", "path": ["parameters", "update_after"], "value": 2000}, "version": 40}
{"obj": {"type": "AssignInt", "path": ["parameters", "update_every"], "value": 100}, "version": 41}
{"obj": {"type": "AssignFloat", "path": ["parameters", "act_noise"], "value": 0.01}, "version": 42}
{"obj": {"type": "AssignInt", "path": ["parameters", "num_test_episodes"], "value": 1}, "version": 43}
{"obj": {"type": "AssignInt", "path": ["parameters", "max_ep_len"], "value": 1000}, "version": 44}
{"obj": {"type": "LogStrings", "path": ["monitoring", "stdout"], "values": [{"value": "obs_dim = ", "step": null, "ts": 1643463829.5174167}]}, "version": 45}
{"obj": {"type": "LogStrings", "path": ["monitoring", "stdout"], "values": [{"value": " ", "step": null, "ts": 1643463829.517657}]}, "version": 46}
{"obj": {"type": "LogStrings", "path": ["monitoring", "stdout"], "values": [{"value": "47", "step": null, "ts": 1643463829.517785}]}, "version": 47}
{"obj": {"type": "LogStrings", "path": ["monitoring", "stdout"], "values": [{"value": "\n", "step": null, "ts": 1643463829.5178978}]}, "version": 48}
{"obj": {"type": "LogStrings", "path": ["monitoring", "stdout"], "values": [{"value": "act_dim = ", "step": null, "ts": 1643463829.518074}]}, "version": 49}
{"obj": {"type": "LogStrings", "path": ["monitoring", "stdout"], "values": [{"value": " ", "step": null, "ts": 1643463829.5182083}]}, "version": 50}
{"obj": {"type": "LogStrings", "path": ["monitoring", "stdout"], "values": [{"value": "7", "step": null, "ts": 1643463829.518327}]}, "version": 51}
{"obj": {"type": "LogStrings", "path": ["monitoring", "stdout"], "values": [{"value": "\n", "step": null, "ts": 1643463829.5184374}]}, "version": 52}
{"obj": {"type": "LogStrings", "path": ["monitoring", "stdout"], "values": [{"value": "act_limit = ", "step": null, "ts": 1643463829.5186071}]}, "version": 53}
{"obj": {"type": "LogStrings", "path": ["monitoring", "stdout"], "values": [{"value": " ", "step": null, "ts": 1643463829.5187209}]}, "version": 54}
{"obj": {"type": "LogStrings", "path": ["monitoring", "stdout"], "values": [{"value": "1", "step": null, "ts": 1643463829.5188284}]}, "version": 55}
{"obj": {"type": "LogStrings", "path": ["monitoring", "stdout"], "values": [{"value": "\n", "step": null, "ts": 1643463829.5189352}]}, "version": 56}
{"obj": {"type": "LogStrings", "path": ["monitoring", "stderr"], "values": [{"value": "\r  0%|          | 0/300000 [00:00<?, ?it/s]", "step": null, "ts": 1643463832.259927}]}, "version": 57}
{"obj": {"type": "LogStrings", "path": ["monitoring", "stderr"], "values": [{"value": "\r  0%|          | 3/300000 [00:00<3:37:02, 23.04it/s]", "step": null, "ts": 1643463832.3910925}]}, "version": 58}
{"obj": {"type": "LogStrings", "path": ["monitoring", "stderr"], "values": [{"value": "\r  0%|          | 7/300000 [00:00<2:37:24, 31.76it/s]", "step": null, "ts": 1643463832.4919016}]}, "version": 59}
{"obj": {"type": "LogStrings", "path": ["monitoring", "stderr"], "values": [{"value": "\r  0%|          | 12/300000 [00:00<2:12:00, 37.88it/s]", "step": null, "ts": 1643463832.6020703}]}, "version": 60}
{"obj": {"type": "LogStrings", "path": ["monitoring", "stderr"], "values": [{"value": "\r  0%|          | 18/300000 [00:00<1:50:58, 45.05it/s]", "step": null, "ts": 1643463832.7079613}]}, "version": 61}
{"obj": {"type": "LogStrings", "path": ["monitoring", "stderr"], "values": [{"value": "\r  0%|          | 24/300000 [00:00<1:43:56, 48.10it/s]", "step": null, "ts": 1643463832.8204205}]}, "version": 62}
{"obj": {"type": "LogStrings", "path": ["monitoring", "stderr"], "values": [{"value": "\r  0%|          | 29/300000 [00:00<1:51:36, 44.80it/s]", "step": null, "ts": 1643463832.9479392}]}, "version": 63}
{"obj": {"type": "LogStrings", "path": ["monitoring", "stderr"], "values": [{"value": "\r  0%|          | 34/300000 [00:00<1:48:15, 46.18it/s]", "step": null, "ts": 1643463833.0489383}]}, "version": 64}
{"obj": {"type": "LogStrings", "path": ["monitoring", "stderr"], "values": [{"value": "\r  0%|          | 40/300000 [00:00<1:42:30, 48.77it/s]", "step": null, "ts": 1643463833.1593251}]}, "version": 65}
{"obj": {"type": "LogStrings", "path": ["monitoring", "stderr"], "values": [{"value": "\r  0%|          | 45/300000 [00:01<1:44:43, 47.74it/s]", "step": null, "ts": 1643463833.2693672}]}, "version": 66}
{"obj": {"type": "LogStrings", "path": ["monitoring", "stderr"], "values": [{"value": "\r  0%|          | 50/300000 [00:01<1:48:43, 45.98it/s]", "step": null, "ts": 1643463833.387657}]}, "version": 67}
{"obj": {"type": "LogStrings", "path": ["monitoring", "stderr"], "values": [{"value": "\r  0%|          | 55/300000 [00:01<1:52:57, 44.25it/s]", "step": null, "ts": 1643463833.5105965}]}, "version": 68}
{"obj": {"type": "LogStrings", "path": ["monitoring", "stderr"], "values": [{"value": "\r  0%|          | 61/300000 [00:01<1:45:38, 47.32it/s]", "step": null, "ts": 1643463833.6201193}]}, "version": 69}
{"obj": {"type": "LogStrings", "path": ["monitoring", "stderr"], "values": [{"value": "\r  0%|          | 67/300000 [00:01<1:39:45, 50.11it/s]", "step": null, "ts": 1643463833.7252421}]}, "version": 70}
{"obj": {"type": "LogStrings", "path": ["monitoring", "stderr"], "values": [{"value": "\r  0%|          | 73/300000 [00:01<1:36:25, 51.85it/s]", "step": null, "ts": 1643463833.8323557}]}, "version": 71}
{"obj": {"type": "LogStrings", "path": ["monitoring", "stderr"], "values": [{"value": "\r  0%|          | 79/300000 [00:01<1:35:28, 52.35it/s]", "step": null, "ts": 1643463833.9445603}]}, "version": 72}
{"obj": {"type": "LogStrings", "path": ["monitoring", "stderr"], "values": [{"value": "\r  0%|          | 85/300000 [00:01<1:40:34, 49.70it/s]", "step": null, "ts": 1643463834.0789318}]}, "version": 73}
{"obj": {"type": "LogStrings", "path": ["monitoring", "stderr"], "values": [{"value": "\r  0%|          | 91/300000 [00:01<1:38:03, 50.98it/s]", "step": null, "ts": 1643463834.1897738}]}, "version": 74}
{"obj": {"type": "LogStrings", "path": ["monitoring", "stderr"], "values": [{"value": "\r  0%|          | 97/300000 [00:02<1:37:25, 51.31it/s]", "step": null, "ts": 1643463834.3049881}]}, "version": 75}
{"obj": {"type": "LogStrings", "path": ["monitoring", "stderr"], "values": [{"value": "\r  0%|          | 103/300000 [00:02<1:36:11, 51.96it/s]", "step": null, "ts": 1643463834.4170668}]}, "version": 76}
{"obj": {"type": "LogStrings", "path": ["monitoring", "stderr"], "values": [{"value": "\r  0%|          | 109/300000 [00:02<1:35:45, 52.19it/s]", "step": null, "ts": 1643463834.5308263}]}, "version": 77}
{"obj": {"type": "LogStrings", "path": ["monitoring", "stderr"], "values": [{"value": "\r  0%|          | 115/300000 [00:02<1:34:27, 52.92it/s]", "step": null, "ts": 1643463834.6405835}]}, "version": 78}
{"obj": {"type": "LogStrings", "path": ["monitoring", "stderr"], "values": [{"value": "\r  0%|          | 121/300000 [00:02<1:34:54, 52.67it/s]", "step": null, "ts": 1643463834.7557712}]}, "version": 79}
{"obj": {"type": "LogStrings", "path": ["monitoring", "stderr"], "values": [{"value": "\r  0%|          | 127/300000 [00:02<1:42:25, 48.79it/s]", "step": null, "ts": 1643463834.8998754}]}, "version": 80}
{"obj": {"type": "LogStrings", "path": ["monitoring", "stderr"], "values": [{"value": "\r  0%|          | 132/300000 [00:02<1:47:24, 46.53it/s]", "step": null, "ts": 1643463835.0212991}]}, "version": 81}
{"obj": {"type": "LogStrings", "path": ["monitoring", "stderr"], "values": [{"value": "\r  0%|          | 137/300000 [00:02<1:49:52, 45.49it/s]", "step": null, "ts": 1643463835.1377573}]}, "version": 82}
{"obj": {"type": "LogFloats", "path": ["monitoring", "cpu"], "values": [{"value": 32.3, "step": null, "ts": 1643463835.20489}]}, "version": 83}
{"obj": {"type": "LogFloats", "path": ["monitoring", "memory"], "values": [{"value": 25.311729431152344, "step": null, "ts": 1643463835.20489}]}, "version": 84}
{"obj": {"type": "LogFloats", "path": ["monitoring", "gpu"], "values": [{"value": 22.0, "step": null, "ts": 1643463835.20489}]}, "version": 85}
{"obj": {"type": "LogFloats", "path": ["monitoring", "gpu_memory"], "values": [{"value": 0.9149169921875, "step": null, "ts": 1643463835.20489}]}, "version": 86}
{"obj": {"type": "LogStrings", "path": ["monitoring", "stderr"], "values": [{"value": "\r  0%|          | 143/300000 [00:02<1:47:20, 46.56it/s]", "step": null, "ts": 1643463835.2600925}]}, "version": 87}
{"obj": {"type": "LogStrings", "path": ["monitoring", "stderr"], "values": [{"value": "\r  0%|          | 148/300000 [00:03<1:45:53, 47.20it/s]", "step": null, "ts": 1643463835.3621478}]}, "version": 88}
{"obj": {"type": "LogStrings", "path": ["monitoring", "stderr"], "values": [{"value": "\r  0%|          | 154/300000 [00:03<1:41:31, 49.23it/s]", "step": null, "ts": 1643463835.473159}]}, "version": 89}
{"obj": {"type": "LogStrings", "path": ["monitoring", "stderr"], "values": [{"value": "\r  0%|          | 160/300000 [00:03<1:38:39, 50.65it/s]", "step": null, "ts": 1643463835.5838912}]}, "version": 90}
{"obj": {"type": "LogStrings", "path": ["monitoring", "stderr"], "values": [{"value": "\r  0%|          | 166/300000 [00:03<1:37:08, 51.44it/s]", "step": null, "ts": 1643463835.6966357}]}, "version": 91}
{"obj": {"type": "LogStrings", "path": ["monitoring", "stderr"], "values": [{"value": "\r  0%|          | 172/300000 [00:03<1:37:11, 51.42it/s]", "step": null, "ts": 1643463835.813286}]}, "version": 92}
{"obj": {"type": "LogStrings", "path": ["monitoring", "stderr"], "values": [{"value": "\r  0%|          | 178/300000 [00:03<1:36:09, 51.96it/s]", "step": null, "ts": 1643463835.9261935}]}, "version": 93}
{"obj": {"type": "LogStrings", "path": ["monitoring", "stderr"], "values": [{"value": "\r  0%|          | 184/300000 [00:03<1:36:12, 51.94it/s]", "step": null, "ts": 1643463836.041861}]}, "version": 94}
{"obj": {"type": "LogStrings", "path": ["monitoring", "stderr"], "values": [{"value": "\r  0%|          | 190/300000 [00:03<1:36:20, 51.87it/s]", "step": null, "ts": 1643463836.157664}]}, "version": 95}
{"obj": {"type": "LogStrings", "path": ["monitoring", "stderr"], "values": [{"value": "\r  0%|          | 196/300000 [00:04<1:38:06, 50.93it/s]", "step": null, "ts": 1643463836.2803724}]}, "version": 96}
{"obj": {"type": "LogStrings", "path": ["monitoring", "stderr"], "values": [{"value": "\r  0%|          | 202/300000 [00:04<1:40:06, 49.91it/s]", "step": null, "ts": 1643463836.406203}]}, "version": 97}
{"obj": {"type": "LogStrings", "path": ["monitoring", "stderr"], "values": [{"value": "\r  0%|          | 208/300000 [00:04<1:38:28, 50.74it/s]", "step": null, "ts": 1643463836.520028}]}, "version": 98}
{"obj": {"type": "LogStrings", "path": ["monitoring", "stderr"], "values": [{"value": "\r  0%|          | 214/300000 [00:04<1:38:03, 50.96it/s]", "step": null, "ts": 1643463836.6364563}]}, "version": 99}
{"obj": {"type": "LogStrings", "path": ["monitoring", "stderr"], "values": [{"value": "\r  0%|          | 220/300000 [00:04<1:37:10, 51.41it/s]", "step": null, "ts": 1643463836.7507184}]}, "version": 100}
{"obj": {"type": "LogStrings", "path": ["monitoring", "stderr"], "values": [{"value": "\r  0%|          | 226/300000 [00:04<1:37:23, 51.30it/s]", "step": null, "ts": 1643463836.8682458}]}, "version": 101}
{"obj": {"type": "LogStrings", "path": ["monitoring", "stderr"], "values": [{"value": "\r  0%|          | 232/300000 [00:04<1:37:06, 51.45it/s]", "step": null, "ts": 1643463836.9841142}]}, "version": 102}
{"obj": {"type": "LogStrings", "path": ["monitoring", "stderr"], "values": [{"value": "\r  0%|          | 238/300000 [00:04<1:35:34, 52.28it/s]", "step": null, "ts": 1643463837.094774}]}, "version": 103}
{"obj": {"type": "LogStrings", "path": ["monitoring", "stderr"], "values": [{"value": "\r  0%|          | 244/300000 [00:04<1:36:19, 51.87it/s]", "step": null, "ts": 1643463837.2123694}]}, "version": 104}
{"obj": {"type": "LogStrings", "path": ["monitoring", "stderr"], "values": [{"value": "\r  0%|          | 250/300000 [00:05<1:35:18, 52.42it/s]", "step": null, "ts": 1643463837.3241477}]}, "version": 105}
{"obj": {"type": "LogStrings", "path": ["monitoring", "stderr"], "values": [{"value": "\r  0%|          | 256/300000 [00:05<1:35:47, 52.15it/s]", "step": null, "ts": 1643463837.4405777}]}, "version": 106}
{"obj": {"type": "LogStrings", "path": ["monitoring", "stderr"], "values": [{"value": "\r  0%|          | 262/300000 [00:05<1:36:55, 51.54it/s]", "step": null, "ts": 1643463837.5600386}]}, "version": 107}
{"obj": {"type": "LogStrings", "path": ["monitoring", "stderr"], "values": [{"value": "\r  0%|          | 268/300000 [00:05<1:39:20, 50.29it/s]", "step": null, "ts": 1643463837.6861105}]}, "version": 108}
{"obj": {"type": "LogStrings", "path": ["monitoring", "stderr"], "values": [{"value": "\r  0%|          | 274/300000 [00:05<1:39:20, 50.28it/s]", "step": null, "ts": 1643463837.805512}]}, "version": 109}
{"obj": {"type": "LogStrings", "path": ["monitoring", "stderr"], "values": [{"value": "\r  0%|          | 280/300000 [00:05<1:39:59, 49.96it/s]", "step": null, "ts": 1643463837.9273582}]}, "version": 110}
{"obj": {"type": "LogStrings", "path": ["monitoring", "stderr"], "values": [{"value": "\r  0%|          | 286/300000 [00:05<1:41:04, 49.42it/s]", "step": null, "ts": 1643463838.0517712}]}, "version": 111}
{"obj": {"type": "LogStrings", "path": ["monitoring", "stderr"], "values": [{"value": "\r  0%|          | 292/300000 [00:05<1:39:51, 50.02it/s]", "step": null, "ts": 1643463838.1683342}]}, "version": 112}
{"obj": {"type": "LogStrings", "path": ["monitoring", "stderr"], "values": [{"value": "\r  0%|          | 298/300000 [00:06<1:39:05, 50.41it/s]", "step": null, "ts": 1643463838.2851965}]}, "version": 113}
{"obj": {"type": "LogStrings", "path": ["monitoring", "stderr"], "values": [{"value": "\r  0%|          | 304/300000 [00:06<1:38:57, 50.47it/s]", "step": null, "ts": 1643463838.403748}]}, "version": 114}
{"obj": {"type": "LogStrings", "path": ["monitoring", "stderr"], "values": [{"value": "\r  0%|          | 310/300000 [00:06<1:39:26, 50.23it/s]", "step": null, "ts": 1643463838.5246}]}, "version": 115}
{"obj": {"type": "LogStrings", "path": ["monitoring", "stderr"], "values": [{"value": "\r  0%|          | 316/300000 [00:06<1:42:48, 48.59it/s]", "step": null, "ts": 1643463838.6574576}]}, "version": 116}
{"obj": {"type": "LogStrings", "path": ["monitoring", "stderr"], "values": [{"value": "\r  0%|          | 321/300000 [00:06<1:42:24, 48.77it/s]", "step": null, "ts": 1643463838.7588592}]}, "version": 117}
{"obj": {"type": "LogStrings", "path": ["monitoring", "stderr"], "values": [{"value": "\r  0%|          | 327/300000 [00:06<1:40:24, 49.74it/s]", "step": null, "ts": 1643463838.8743918}]}, "version": 118}
{"obj": {"type": "LogStrings", "path": ["monitoring", "stderr"], "values": [{"value": "\r  0%|          | 333/300000 [00:06<1:40:05, 49.90it/s]", "step": null, "ts": 1643463838.99356}]}, "version": 119}
{"obj": {"type": "LogStrings", "path": ["monitoring", "stderr"], "values": [{"value": "\r  0%|          | 339/300000 [00:06<1:38:54, 50.49it/s]", "step": null, "ts": 1643463839.1091614}]}, "version": 120}
{"obj": {"type": "LogStrings", "path": ["monitoring", "stderr"], "values": [{"value": "\r  0%|          | 345/300000 [00:06<1:36:25, 51.80it/s]", "step": null, "ts": 1643463839.2181423}]}, "version": 121}
{"obj": {"type": "LogStrings", "path": ["monitoring", "stderr"], "values": [{"value": "\r  0%|          | 351/300000 [00:07<1:36:24, 51.80it/s]", "step": null, "ts": 1643463839.3339365}]}, "version": 122}
{"obj": {"type": "LogStrings", "path": ["monitoring", "stderr"], "values": [{"value": "\r  0%|          | 357/300000 [00:07<1:34:57, 52.59it/s]", "step": null, "ts": 1643463839.4441326}]}, "version": 123}
{"obj": {"type": "LogStrings", "path": ["monitoring", "stderr"], "values": [{"value": "\r  0%|          | 363/300000 [00:07<1:34:24, 52.89it/s]", "step": null, "ts": 1643463839.5559962}]}, "version": 124}
{"obj": {"type": "LogStrings", "path": ["monitoring", "stderr"], "values": [{"value": "\r  0%|          | 369/300000 [00:07<1:36:39, 51.66it/s]", "step": null, "ts": 1643463839.6783533}]}, "version": 125}
{"obj": {"type": "LogStrings", "path": ["monitoring", "stderr"], "values": [{"value": "\r  0%|          | 375/300000 [00:07<1:36:45, 51.61it/s]", "step": null, "ts": 1643463839.794919}]}, "version": 126}
{"obj": {"type": "LogStrings", "path": ["monitoring", "stderr"], "values": [{"value": "\r  0%|          | 381/300000 [00:07<1:36:12, 51.91it/s]", "step": null, "ts": 1643463839.9089234}]}, "version": 127}
{"obj": {"type": "LogStrings", "path": ["monitoring", "stderr"], "values": [{"value": "\r  0%|          | 387/300000 [00:07<1:36:22, 51.81it/s]", "step": null, "ts": 1643463840.0254943}]}, "version": 128}
{"obj": {"type": "LogStrings", "path": ["monitoring", "stderr"], "values": [{"value": "\r  0%|          | 393/300000 [00:07<1:36:03, 51.98it/s]", "step": null, "ts": 1643463840.1398504}]}, "version": 129}
{"obj": {"type": "LogStrings", "path": ["monitoring", "stderr"], "values": [{"value": "\r  0%|          | 399/300000 [00:07<1:36:05, 51.97it/s]", "step": null, "ts": 1643463840.2553747}]}, "version": 130}
{"obj": {"type": "LogStrings", "path": ["monitoring", "stderr"], "values": [{"value": "\r  0%|          | 405/300000 [00:08<1:35:22, 52.36it/s]", "step": null, "ts": 1643463840.3679116}]}, "version": 131}
{"obj": {"type": "LogStrings", "path": ["monitoring", "stderr"], "values": [{"value": "\r  0%|          | 411/300000 [00:08<1:35:53, 52.07it/s]", "step": null, "ts": 1643463840.4846103}]}, "version": 132}
{"obj": {"type": "LogStrings", "path": ["monitoring", "stderr"], "values": [{"value": "\r  0%|          | 417/300000 [00:08<1:36:43, 51.62it/s]", "step": null, "ts": 1643463840.603437}]}, "version": 133}
{"obj": {"type": "LogStrings", "path": ["monitoring", "stderr"], "values": [{"value": "\r  0%|          | 423/300000 [00:08<1:37:47, 51.06it/s]", "step": null, "ts": 1643463840.7237318}]}, "version": 134}
{"obj": {"type": "LogStrings", "path": ["monitoring", "stderr"], "values": [{"value": "\r  0%|          | 429/300000 [00:08<1:39:21, 50.25it/s]", "step": null, "ts": 1643463840.8474727}]}, "version": 135}
{"obj": {"type": "LogStrings", "path": ["monitoring", "stderr"], "values": [{"value": "\r  0%|          | 435/300000 [00:08<1:38:59, 50.44it/s]", "step": null, "ts": 1643463840.9654508}]}, "version": 136}
{"obj": {"type": "LogStrings", "path": ["monitoring", "stderr"], "values": [{"value": "\r  0%|          | 441/300000 [00:08<1:39:43, 50.07it/s]", "step": null, "ts": 1643463841.0874288}]}, "version": 137}
{"obj": {"type": "LogStrings", "path": ["monitoring", "stderr"], "values": [{"value": "\r  0%|          | 447/300000 [00:08<1:40:24, 49.72it/s]", "step": null, "ts": 1643463841.2099123}]}, "version": 138}
{"obj": {"type": "LogStrings", "path": ["monitoring", "stderr"], "values": [{"value": "\r  0%|          | 452/300000 [00:09<1:42:03, 48.91it/s]", "step": null, "ts": 1643463841.316797}]}, "version": 139}
{"obj": {"type": "LogStrings", "path": ["monitoring", "stderr"], "values": [{"value": "\r  0%|          | 457/300000 [00:09<1:43:33, 48.21it/s]", "step": null, "ts": 1643463841.424533}]}, "version": 140}
{"obj": {"type": "LogStrings", "path": ["monitoring", "stderr"], "values": [{"value": "\r  0%|          | 462/300000 [00:09<1:45:12, 47.45it/s]", "step": null, "ts": 1643463841.5340838}]}, "version": 141}
{"obj": {"type": "LogStrings", "path": ["monitoring", "stderr"], "values": [{"value": "\r  0%|          | 467/300000 [00:09<1:47:13, 46.56it/s]", "step": null, "ts": 1643463841.646545}]}, "version": 142}
{"obj": {"type": "LogStrings", "path": ["monitoring", "stderr"], "values": [{"value": "\r  0%|          | 472/300000 [00:09<1:46:29, 46.87it/s]", "step": null, "ts": 1643463841.751433}]}, "version": 143}
{"obj": {"type": "LogStrings", "path": ["monitoring", "stderr"], "values": [{"value": "\r  0%|          | 477/300000 [00:09<1:45:06, 47.50it/s]", "step": null, "ts": 1643463841.8533463}]}, "version": 144}
{"obj": {"type": "LogStrings", "path": ["monitoring", "stderr"], "values": [{"value": "\r  0%|          | 482/300000 [00:09<1:49:00, 45.79it/s]", "step": null, "ts": 1643463841.9719102}]}, "version": 145}
{"obj": {"type": "LogStrings", "path": ["monitoring", "stderr"], "values": [{"value": "\r  0%|          | 487/300000 [00:09<1:59:31, 41.76it/s]", "step": null, "ts": 1643463842.1166792}]}, "version": 146}
{"obj": {"type": "LogStrings", "path": ["monitoring", "stderr"], "values": [{"value": "\r  0%|          | 492/300000 [00:09<2:06:30, 39.46it/s]", "step": null, "ts": 1643463842.2599134}]}, "version": 147}
{"obj": {"type": "LogStrings", "path": ["monitoring", "stderr"], "values": [{"value": "\r  0%|          | 497/300000 [00:10<2:06:06, 39.58it/s]", "step": null, "ts": 1643463842.3851812}]}, "version": 148}
{"obj": {"type": "LogStrings", "path": ["monitoring", "stderr"], "values": [{"value": "\r  0%|          | 503/300000 [00:10<1:56:50, 42.72it/s]", "step": null, "ts": 1643463842.503901}]}, "version": 149}
{"obj": {"type": "LogStrings", "path": ["monitoring", "stderr"], "values": [{"value": "\r  0%|          | 508/300000 [00:10<1:54:20, 43.65it/s]", "step": null, "ts": 1643463842.6122215}]}, "version": 150}
{"obj": {"type": "LogStrings", "path": ["monitoring", "stderr"], "values": [{"value": "\r  0%|          | 513/300000 [00:10<1:50:29, 45.18it/s]", "step": null, "ts": 1643463842.7135067}]}, "version": 151}
{"obj": {"type": "LogStrings", "path": ["monitoring", "stderr"], "values": [{"value": "\r  0%|          | 519/300000 [00:10<1:43:59, 48.00it/s]", "step": null, "ts": 1643463842.822835}]}, "version": 152}
{"obj": {"type": "LogStrings", "path": ["monitoring", "stderr"], "values": [{"value": "\r  0%|          | 525/300000 [00:10<1:42:01, 48.92it/s]", "step": null, "ts": 1643463842.9405503}]}, "version": 153}
{"obj": {"type": "LogStrings", "path": ["monitoring", "stderr"], "values": [{"value": "\r  0%|          | 531/300000 [00:10<1:39:36, 50.11it/s]", "step": null, "ts": 1643463843.054016}]}, "version": 154}
{"obj": {"type": "LogStrings", "path": ["monitoring", "stderr"], "values": [{"value": "\r  0%|          | 537/300000 [00:10<1:44:44, 47.65it/s]", "step": null, "ts": 1643463843.1935952}]}, "version": 155}
{"obj": {"type": "LogStrings", "path": ["monitoring", "stderr"], "values": [{"value": "\r  0%|          | 543/300000 [00:11<1:42:39, 48.62it/s]", "step": null, "ts": 1643463843.311504}]}, "version": 156}
{"obj": {"type": "LogStrings", "path": ["monitoring", "stderr"], "values": [{"value": "\r  0%|          | 549/300000 [00:11<1:40:19, 49.74it/s]", "step": null, "ts": 1643463843.425595}]}, "version": 157}
{"obj": {"type": "LogStrings", "path": ["monitoring", "stderr"], "values": [{"value": "\r  0%|          | 555/300000 [00:11<1:36:47, 51.56it/s]", "step": null, "ts": 1643463843.5322108}]}, "version": 158}
{"obj": {"type": "LogStrings", "path": ["monitoring", "stderr"], "values": [{"value": "\r  0%|          | 561/300000 [00:11<1:34:39, 52.72it/s]", "step": null, "ts": 1643463843.6400862}]}, "version": 159}
{"obj": {"type": "LogStrings", "path": ["monitoring", "stderr"], "values": [{"value": "\r  0%|          | 567/300000 [00:11<1:34:14, 52.96it/s]", "step": null, "ts": 1643463843.752221}]}, "version": 160}
{"obj": {"type": "LogStrings", "path": ["monitoring", "stderr"], "values": [{"value": "\r  0%|          | 573/300000 [00:11<1:37:04, 51.41it/s]", "step": null, "ts": 1643463843.8768992}]}, "version": 161}
{"obj": {"type": "LogStrings", "path": ["monitoring", "stderr"], "values": [{"value": "\r  0%|          | 579/300000 [00:11<1:34:41, 52.70it/s]", "step": null, "ts": 1643463843.984079}]}, "version": 162}
{"obj": {"type": "LogStrings", "path": ["monitoring", "stderr"], "values": [{"value": "\r  0%|          | 585/300000 [00:11<1:33:22, 53.44it/s]", "step": null, "ts": 1643463844.0926564}]}, "version": 163}
{"obj": {"type": "LogStrings", "path": ["monitoring", "stderr"], "values": [{"value": "\r  0%|          | 591/300000 [00:11<1:33:14, 53.52it/s]", "step": null, "ts": 1643463844.2044747}]}, "version": 164}
{"obj": {"type": "LogStrings", "path": ["monitoring", "stderr"], "values": [{"value": "\r  0%|          | 597/300000 [00:12<1:32:58, 53.67it/s]", "step": null, "ts": 1643463844.3155396}]}, "version": 165}
{"obj": {"type": "LogStrings", "path": ["monitoring", "stderr"], "values": [{"value": "\r  0%|          | 603/300000 [00:12<1:33:11, 53.54it/s]", "step": null, "ts": 1643463844.428203}]}, "version": 166}
{"obj": {"type": "LogStrings", "path": ["monitoring", "stderr"], "values": [{"value": "\r  0%|          | 609/300000 [00:12<1:33:03, 53.62it/s]", "step": null, "ts": 1643463844.539636}]}, "version": 167}
{"obj": {"type": "LogStrings", "path": ["monitoring", "stderr"], "values": [{"value": "\r  0%|          | 615/300000 [00:12<1:32:30, 53.94it/s]", "step": null, "ts": 1643463844.649336}]}, "version": 168}
{"obj": {"type": "LogStrings", "path": ["monitoring", "stderr"], "values": [{"value": "\r  0%|          | 621/300000 [00:12<1:31:45, 54.37it/s]", "step": null, "ts": 1643463844.7578146}]}, "version": 169}
{"obj": {"type": "LogStrings", "path": ["monitoring", "stderr"], "values": [{"value": "\r  0%|          | 627/300000 [00:12<1:31:41, 54.42it/s]", "step": null, "ts": 1643463844.8677816}]}, "version": 170}
{"obj": {"type": "LogStrings", "path": ["monitoring", "stderr"], "values": [{"value": "\r  0%|          | 633/300000 [00:12<1:30:04, 55.39it/s]", "step": null, "ts": 1643463844.9714952}]}, "version": 171}
{"obj": {"type": "LogStrings", "path": ["monitoring", "stderr"], "values": [{"value": "\r  0%|          | 639/300000 [00:12<1:28:06, 56.62it/s]", "step": null, "ts": 1643463845.071958}]}, "version": 172}
{"obj": {"type": "LogStrings", "path": ["monitoring", "stderr"], "values": [{"value": "\r  0%|          | 645/300000 [00:12<1:27:11, 57.22it/s]", "step": null, "ts": 1643463845.1741946}]}, "version": 173}
{"obj": {"type": "LogFloats", "path": ["monitoring", "cpu"], "values": [{"value": 26.8, "step": null, "ts": 1643463845.2156186}]}, "version": 174}
{"obj": {"type": "LogFloats", "path": ["monitoring", "memory"], "values": [{"value": 25.077537536621094, "step": null, "ts": 1643463845.2156186}]}, "version": 175}
{"obj": {"type": "LogFloats", "path": ["monitoring", "gpu"], "values": [{"value": 3.0, "step": null, "ts": 1643463845.2156186}]}, "version": 176}
{"obj": {"type": "LogFloats", "path": ["monitoring", "gpu_memory"], "values": [{"value": 0.9149169921875, "step": null, "ts": 1643463845.2156186}]}, "version": 177}
{"obj": {"type": "LogStrings", "path": ["monitoring", "stderr"], "values": [{"value": "\r  0%|          | 651/300000 [00:13<1:27:16, 57.16it/s]", "step": null, "ts": 1643463845.2794325}]}, "version": 178}
{"obj": {"type": "LogStrings", "path": ["monitoring", "stderr"], "values": [{"value": "\r  0%|          | 657/300000 [00:13<1:27:34, 56.97it/s]", "step": null, "ts": 1643463845.3855538}]}, "version": 179}
{"obj": {"type": "LogStrings", "path": ["monitoring", "stderr"], "values": [{"value": "\r  0%|          | 663/300000 [00:13<1:27:35, 56.95it/s]", "step": null, "ts": 1643463845.4909897}]}, "version": 180}
{"obj": {"type": "LogStrings", "path": ["monitoring", "stderr"], "values": [{"value": "\r  0%|          | 669/300000 [00:13<1:27:21, 57.11it/s]", "step": null, "ts": 1643463845.5953894}]}, "version": 181}
{"obj": {"type": "LogStrings", "path": ["monitoring", "stderr"], "values": [{"value": "\r  0%|          | 675/300000 [00:13<1:27:15, 57.17it/s]", "step": null, "ts": 1643463845.7000854}]}, "version": 182}
{"obj": {"type": "LogStrings", "path": ["monitoring", "stderr"], "values": [{"value": "\r  0%|          | 681/300000 [00:13<1:27:27, 57.04it/s]", "step": null, "ts": 1643463845.8058505}]}, "version": 183}
{"obj": {"type": "LogStrings", "path": ["monitoring", "stderr"], "values": [{"value": "\r  0%|          | 687/300000 [00:13<1:28:16, 56.51it/s]", "step": null, "ts": 1643463845.9143162}]}, "version": 184}
{"obj": {"type": "LogStrings", "path": ["monitoring", "stderr"], "values": [{"value": "\r  0%|          | 693/300000 [00:13<1:27:37, 56.93it/s]", "step": null, "ts": 1643463846.0179095}]}, "version": 185}
{"obj": {"type": "LogStrings", "path": ["monitoring", "stderr"], "values": [{"value": "\r  0%|          | 699/300000 [00:13<1:27:50, 56.79it/s]", "step": null, "ts": 1643463846.1241379}]}, "version": 186}
{"obj": {"type": "LogStrings", "path": ["monitoring", "stderr"], "values": [{"value": "\r  0%|          | 705/300000 [00:13<1:27:16, 57.15it/s]", "step": null, "ts": 1643463846.2277157}]}, "version": 187}
{"obj": {"type": "LogStrings", "path": ["monitoring", "stderr"], "values": [{"value": "\r  0%|          | 711/300000 [00:14<1:26:56, 57.37it/s]", "step": null, "ts": 1643463846.3312345}]}, "version": 188}
{"obj": {"type": "LogStrings", "path": ["monitoring", "stderr"], "values": [{"value": "\r  0%|          | 717/300000 [00:14<1:26:45, 57.49it/s]", "step": null, "ts": 1643463846.435077}]}, "version": 189}
{"obj": {"type": "LogStrings", "path": ["monitoring", "stderr"], "values": [{"value": "\r  0%|          | 723/300000 [00:14<1:27:26, 57.05it/s]", "step": null, "ts": 1643463846.5421891}]}, "version": 190}
{"obj": {"type": "LogStrings", "path": ["monitoring", "stderr"], "values": [{"value": "\r  0%|          | 729/300000 [00:14<1:29:06, 55.98it/s]", "step": null, "ts": 1643463846.6540484}]}, "version": 191}
{"obj": {"type": "LogStrings", "path": ["monitoring", "stderr"], "values": [{"value": "\r  0%|          | 735/300000 [00:14<1:29:40, 55.62it/s]", "step": null, "ts": 1643463846.7636385}]}, "version": 192}
{"obj": {"type": "LogStrings", "path": ["monitoring", "stderr"], "values": [{"value": "\r  0%|          | 741/300000 [00:14<1:29:00, 56.04it/s]", "step": null, "ts": 1643463846.8687155}]}, "version": 193}
{"obj": {"type": "LogStrings", "path": ["monitoring", "stderr"], "values": [{"value": "\r  0%|          | 747/300000 [00:14<1:30:47, 54.94it/s]", "step": null, "ts": 1643463846.9829407}]}, "version": 194}
{"obj": {"type": "LogStrings", "path": ["monitoring", "stderr"], "values": [{"value": "\r  0%|          | 753/300000 [00:14<1:30:00, 55.41it/s]", "step": null, "ts": 1643463847.089152}]}, "version": 195}
{"obj": {"type": "LogStrings", "path": ["monitoring", "stderr"], "values": [{"value": "\r  0%|          | 759/300000 [00:14<1:29:06, 55.97it/s]", "step": null, "ts": 1643463847.1936743}]}, "version": 196}
{"obj": {"type": "LogStrings", "path": ["monitoring", "stderr"], "values": [{"value": "\r  0%|          | 765/300000 [00:15<1:27:50, 56.78it/s]", "step": null, "ts": 1643463847.295824}]}, "version": 197}
{"obj": {"type": "LogStrings", "path": ["monitoring", "stderr"], "values": [{"value": "\r  0%|          | 771/300000 [00:15<1:26:38, 57.56it/s]", "step": null, "ts": 1643463847.3967507}]}, "version": 198}
{"obj": {"type": "LogStrings", "path": ["monitoring", "stderr"], "values": [{"value": "\r  0%|          | 777/300000 [00:15<1:26:28, 57.67it/s]", "step": null, "ts": 1643463847.5002685}]}, "version": 199}
{"obj": {"type": "LogStrings", "path": ["monitoring", "stderr"], "values": [{"value": "\r  0%|          | 783/300000 [00:15<1:26:19, 57.77it/s]", "step": null, "ts": 1643463847.6039135}]}, "version": 200}
{"obj": {"type": "LogStrings", "path": ["monitoring", "stderr"], "values": [{"value": "\r  0%|          | 789/300000 [00:15<1:26:06, 57.91it/s]", "step": null, "ts": 1643463847.7068057}]}, "version": 201}
{"obj": {"type": "LogStrings", "path": ["monitoring", "stderr"], "values": [{"value": "\r  0%|          | 795/300000 [00:15<1:27:39, 56.89it/s]", "step": null, "ts": 1643463847.8165367}]}, "version": 202}
{"obj": {"type": "LogStrings", "path": ["monitoring", "stderr"], "values": [{"value": "\r  0%|          | 801/300000 [00:15<1:28:57, 56.05it/s]", "step": null, "ts": 1643463847.9273233}]}, "version": 203}
{"obj": {"type": "LogStrings", "path": ["monitoring", "stderr"], "values": [{"value": "\r  0%|          | 807/300000 [00:15<1:29:56, 55.44it/s]", "step": null, "ts": 1643463848.0382419}]}, "version": 204}
{"obj": {"type": "LogStrings", "path": ["monitoring", "stderr"], "values": [{"value": "\r  0%|          | 813/300000 [00:15<1:28:53, 56.09it/s]", "step": null, "ts": 1643463848.1422656}]}, "version": 205}
{"obj": {"type": "LogStrings", "path": ["monitoring", "stderr"], "values": [{"value": "\r  0%|          | 819/300000 [00:15<1:28:31, 56.33it/s]", "step": null, "ts": 1643463848.2477314}]}, "version": 206}
{"obj": {"type": "LogStrings", "path": ["monitoring", "stderr"], "values": [{"value": "\r  0%|          | 825/300000 [00:16<1:29:13, 55.88it/s]", "step": null, "ts": 1643463848.3571622}]}, "version": 207}
{"obj": {"type": "LogStrings", "path": ["monitoring", "stderr"], "values": [{"value": "\r  0%|          | 831/300000 [00:16<1:35:33, 52.18it/s]", "step": null, "ts": 1643463848.4898686}]}, "version": 208}
{"obj": {"type": "LogStrings", "path": ["monitoring", "stderr"], "values": [{"value": "\r  0%|          | 837/300000 [00:16<1:33:25, 53.37it/s]", "step": null, "ts": 1643463848.596337}]}, "version": 209}
{"obj": {"type": "LogStrings", "path": ["monitoring", "stderr"], "values": [{"value": "\r  0%|          | 843/300000 [00:16<1:31:20, 54.59it/s]", "step": null, "ts": 1643463848.7003555}]}, "version": 210}
{"obj": {"type": "LogStrings", "path": ["monitoring", "stderr"], "values": [{"value": "\r  0%|          | 849/300000 [00:16<1:32:28, 53.92it/s]", "step": null, "ts": 1643463848.814861}]}, "version": 211}
{"obj": {"type": "LogStrings", "path": ["monitoring", "stderr"], "values": [{"value": "\r  0%|          | 855/300000 [00:16<1:31:54, 54.25it/s]", "step": null, "ts": 1643463848.9239}]}, "version": 212}
{"obj": {"type": "LogStrings", "path": ["monitoring", "stderr"], "values": [{"value": "\r  0%|          | 861/300000 [00:16<1:29:37, 55.63it/s]", "step": null, "ts": 1643463849.0253143}]}, "version": 213}
{"obj": {"type": "LogStrings", "path": ["monitoring", "stderr"], "values": [{"value": "\r  0%|          | 868/300000 [00:16<1:27:16, 57.13it/s]", "step": null, "ts": 1643463849.1412344}]}, "version": 214}
{"obj": {"type": "LogStrings", "path": ["monitoring", "stderr"], "values": [{"value": "\r  0%|          | 875/300000 [00:16<1:25:45, 58.13it/s]", "step": null, "ts": 1643463849.2572224}]}, "version": 215}
{"obj": {"type": "LogStrings", "path": ["monitoring", "stderr"], "values": [{"value": "\r  0%|          | 881/300000 [00:17<1:25:23, 58.39it/s]", "step": null, "ts": 1643463849.3588564}]}, "version": 216}
{"obj": {"type": "LogStrings", "path": ["monitoring", "stderr"], "values": [{"value": "\r  0%|          | 887/300000 [00:17<1:25:54, 58.03it/s]", "step": null, "ts": 1643463849.4638202}]}, "version": 217}
{"obj": {"type": "LogStrings", "path": ["monitoring", "stderr"], "values": [{"value": "\r  0%|          | 893/300000 [00:17<1:26:19, 57.74it/s]", "step": null, "ts": 1643463849.568984}]}, "version": 218}
{"obj": {"type": "LogStrings", "path": ["monitoring", "stderr"], "values": [{"value": "\r  0%|          | 899/300000 [00:17<1:27:09, 57.19it/s]", "step": null, "ts": 1643463849.676249}]}, "version": 219}
{"obj": {"type": "LogStrings", "path": ["monitoring", "stderr"], "values": [{"value": "\r  0%|          | 905/300000 [00:17<1:26:42, 57.49it/s]", "step": null, "ts": 1643463849.779325}]}, "version": 220}
{"obj": {"type": "LogStrings", "path": ["monitoring", "stderr"], "values": [{"value": "\r  0%|          | 911/300000 [00:17<1:26:05, 57.90it/s]", "step": null, "ts": 1643463849.8812141}]}, "version": 221}
{"obj": {"type": "LogStrings", "path": ["monitoring", "stderr"], "values": [{"value": "\r  0%|          | 917/300000 [00:17<1:25:48, 58.10it/s]", "step": null, "ts": 1643463849.9836698}]}, "version": 222}
{"obj": {"type": "LogStrings", "path": ["monitoring", "stderr"], "values": [{"value": "\r  0%|          | 923/300000 [00:17<1:26:17, 57.76it/s]", "step": null, "ts": 1643463850.088939}]}, "version": 223}
{"obj": {"type": "LogStrings", "path": ["monitoring", "stderr"], "values": [{"value": "\r  0%|          | 929/300000 [00:17<1:26:13, 57.81it/s]", "step": null, "ts": 1643463850.192552}]}, "version": 224}
{"obj": {"type": "LogStrings", "path": ["monitoring", "stderr"], "values": [{"value": "\r  0%|          | 935/300000 [00:18<1:25:37, 58.22it/s]", "step": null, "ts": 1643463850.293909}]}, "version": 225}
{"obj": {"type": "LogStrings", "path": ["monitoring", "stderr"], "values": [{"value": "\r  0%|          | 941/300000 [00:18<1:25:21, 58.39it/s]", "step": null, "ts": 1643463850.3959715}]}, "version": 226}
{"obj": {"type": "LogStrings", "path": ["monitoring", "stderr"], "values": [{"value": "\r  0%|          | 947/300000 [00:18<1:25:08, 58.54it/s]", "step": null, "ts": 1643463850.4978113}]}, "version": 227}
{"obj": {"type": "LogStrings", "path": ["monitoring", "stderr"], "values": [{"value": "\r  0%|          | 953/300000 [00:18<1:24:38, 58.88it/s]", "step": null, "ts": 1643463850.5983331}]}, "version": 228}
{"obj": {"type": "LogStrings", "path": ["monitoring", "stderr"], "values": [{"value": "\r  0%|          | 959/300000 [00:18<1:24:12, 59.18it/s]", "step": null, "ts": 1643463850.6984935}]}, "version": 229}
{"obj": {"type": "LogStrings", "path": ["monitoring", "stderr"], "values": [{"value": "\r  0%|          | 965/300000 [00:18<1:23:53, 59.41it/s]", "step": null, "ts": 1643463850.7986066}]}, "version": 230}
{"obj": {"type": "LogStrings", "path": ["monitoring", "stderr"], "values": [{"value": "\r  0%|          | 971/300000 [00:18<1:24:14, 59.16it/s]", "step": null, "ts": 1643463850.9010043}]}, "version": 231}
{"obj": {"type": "LogStrings", "path": ["monitoring", "stderr"], "values": [{"value": "\r  0%|          | 977/300000 [00:18<1:24:55, 58.69it/s]", "step": null, "ts": 1643463851.0051541}]}, "version": 232}
{"obj": {"type": "LogStrings", "path": ["monitoring", "stderr"], "values": [{"value": "\r  0%|          | 983/300000 [00:18<1:25:42, 58.15it/s]", "step": null, "ts": 1643463851.1105626}]}, "version": 233}
{"obj": {"type": "LogStrings", "path": ["monitoring", "stderr"], "values": [{"value": "\r  0%|          | 989/300000 [00:18<1:26:41, 57.48it/s]", "step": null, "ts": 1643463851.2177262}]}, "version": 234}
{"obj": {"type": "LogStrings", "path": ["monitoring", "stderr"], "values": [{"value": "\r  0%|          | 995/300000 [00:19<1:27:32, 56.93it/s]", "step": null, "ts": 1643463851.3255446}]}, "version": 235}
{"obj": {"type": "LogStrings", "path": ["monitoring", "stderr"], "values": [{"value": "\r  0%|          | 1001/300000 [00:19<4:46:56, 17.37it/s]", "step": null, "ts": 1643463852.2313287}]}, "version": 236}
{"obj": {"type": "LogStrings", "path": ["monitoring", "stderr"], "values": [{"value": "", "step": null, "ts": 1643463852.2323854}]}, "version": 237}
{"obj": {"type": "LogStrings", "path": ["monitoring", "stderr"], "values": [{"value": "\r  0%|          | 1001/300000 [00:19<1:39:25, 50.12it/s]", "step": null, "ts": 1643463852.2328093}]}, "version": 238}
{"obj": {"type": "LogStrings", "path": ["monitoring", "stderr"], "values": [{"value": "\n", "step": null, "ts": 1643463852.2332711}]}, "version": 239}
{"obj": {"type": "LogFloats", "path": ["monitoring", "cpu"], "values": [{"value": 19.1, "step": null, "ts": 1643463855.2245643}]}, "version": 240}
{"obj": {"type": "LogFloats", "path": ["monitoring", "memory"], "values": [{"value": 25.477012634277344, "step": null, "ts": 1643463855.2245643}]}, "version": 241}
{"obj": {"type": "LogFloats", "path": ["monitoring", "gpu_memory"], "values": [{"value": 0.9168701171875, "step": null, "ts": 1643463855.2245643}]}, "version": 242}
{"obj": {"type": "LogFloats", "path": ["monitoring", "cpu"], "values": [{"value": 5.2, "step": null, "ts": 1643463865.2254765}]}, "version": 243}
{"obj": {"type": "LogFloats", "path": ["monitoring", "memory"], "values": [{"value": 25.379600524902344, "step": null, "ts": 1643463865.2254765}]}, "version": 244}
{"obj": {"type": "LogFloats", "path": ["monitoring", "gpu_memory"], "values": [{"value": 0.9168701171875, "step": null, "ts": 1643463865.2254765}]}, "version": 245}
{"obj": {"type": "LogFloats", "path": ["monitoring", "cpu"], "values": [{"value": 7.7, "step": null, "ts": 1643463875.2264476}]}, "version": 246}
{"obj": {"type": "LogFloats", "path": ["monitoring", "memory"], "values": [{"value": 25.41998291015625, "step": null, "ts": 1643463875.2264476}]}, "version": 247}
{"obj": {"type": "LogFloats", "path": ["monitoring", "gpu"], "values": [{"value": 5.0, "step": null, "ts": 1643463875.2264476}]}, "version": 248}
{"obj": {"type": "LogFloats", "path": ["monitoring", "gpu_memory"], "values": [{"value": 0.9168701171875, "step": null, "ts": 1643463875.2264476}]}, "version": 249}
{"obj": {"type": "LogFloats", "path": ["monitoring", "cpu"], "values": [{"value": 7.4, "step": null, "ts": 1643463885.227487}]}, "version": 250}
{"obj": {"type": "LogFloats", "path": ["monitoring", "memory"], "values": [{"value": 25.401885986328125, "step": null, "ts": 1643463885.227487}]}, "version": 251}
{"obj": {"type": "LogFloats", "path": ["monitoring", "gpu_memory"], "values": [{"value": 0.9168701171875, "step": null, "ts": 1643463885.227487}]}, "version": 252}
{"obj": {"type": "LogFloats", "path": ["monitoring", "cpu"], "values": [{"value": 9.0, "step": null, "ts": 1643463895.2283978}]}, "version": 253}
{"obj": {"type": "LogFloats", "path": ["monitoring", "memory"], "values": [{"value": 25.393505096435547, "step": null, "ts": 1643463895.2283978}]}, "version": 254}
{"obj": {"type": "LogFloats", "path": ["monitoring", "gpu"], "values": [{"value": 3.0, "step": null, "ts": 1643463895.2283978}]}, "version": 255}
{"obj": {"type": "LogFloats", "path": ["monitoring", "gpu_memory"], "values": [{"value": 0.9168701171875, "step": null, "ts": 1643463895.2283978}]}, "version": 256}
{"obj": {"type": "LogFloats", "path": ["monitoring", "cpu"], "values": [{"value": 13.3, "step": null, "ts": 1643463905.22943}]}, "version": 257}
{"obj": {"type": "LogFloats", "path": ["monitoring", "memory"], "values": [{"value": 25.41594696044922, "step": null, "ts": 1643463905.22943}]}, "version": 258}
{"obj": {"type": "LogFloats", "path": ["monitoring", "gpu"], "values": [{"value": 21.0, "step": null, "ts": 1643463905.22943}]}, "version": 259}
{"obj": {"type": "LogFloats", "path": ["monitoring", "gpu_memory"], "values": [{"value": 0.9168701171875, "step": null, "ts": 1643463905.22943}]}, "version": 260}
{"obj": {"type": "LogFloats", "path": ["monitoring", "cpu"], "values": [{"value": 7.5, "step": null, "ts": 1643463915.2303236}]}, "version": 261}
{"obj": {"type": "LogFloats", "path": ["monitoring", "memory"], "values": [{"value": 25.397430419921875, "step": null, "ts": 1643463915.2303236}]}, "version": 262}
{"obj": {"type": "LogFloats", "path": ["monitoring", "gpu"], "values": [{"value": 1.0, "step": null, "ts": 1643463915.2303236}]}, "version": 263}
{"obj": {"type": "LogFloats", "path": ["monitoring", "gpu_memory"], "values": [{"value": 0.9168701171875, "step": null, "ts": 1643463915.2303236}]}, "version": 264}
{"obj": {"type": "LogFloats", "path": ["monitoring", "cpu"], "values": [{"value": 7.8, "step": null, "ts": 1643463925.2313046}]}, "version": 265}
{"obj": {"type": "LogFloats", "path": ["monitoring", "memory"], "values": [{"value": 25.396324157714844, "step": null, "ts": 1643463925.2313046}]}, "version": 266}
{"obj": {"type": "LogFloats", "path": ["monitoring", "gpu_memory"], "values": [{"value": 0.9168701171875, "step": null, "ts": 1643463925.2313046}]}, "version": 267}
{"obj": {"type": "LogFloats", "path": ["monitoring", "cpu"], "values": [{"value": 5.6, "step": null, "ts": 1643463935.2321622}]}, "version": 268}
{"obj": {"type": "LogFloats", "path": ["monitoring", "memory"], "values": [{"value": 25.389781951904297, "step": null, "ts": 1643463935.2321622}]}, "version": 269}
{"obj": {"type": "LogFloats", "path": ["monitoring", "gpu"], "values": [{"value": 1.0, "step": null, "ts": 1643463935.2321622}]}, "version": 270}
{"obj": {"type": "LogFloats", "path": ["monitoring", "gpu_memory"], "values": [{"value": 0.9168701171875, "step": null, "ts": 1643463935.2321622}]}, "version": 271}
{"obj": {"type": "LogFloats", "path": ["monitoring", "cpu"], "values": [{"value": 8.7, "step": null, "ts": 1643463945.2330582}]}, "version": 272}
{"obj": {"type": "LogFloats", "path": ["monitoring", "memory"], "values": [{"value": 25.442707061767578, "step": null, "ts": 1643463945.2330582}]}, "version": 273}
{"obj": {"type": "LogFloats", "path": ["monitoring", "gpu"], "values": [{"value": 2.0, "step": null, "ts": 1643463945.2330582}]}, "version": 274}
{"obj": {"type": "LogFloats", "path": ["monitoring", "gpu_memory"], "values": [{"value": 0.9168701171875, "step": null, "ts": 1643463945.2330582}]}, "version": 275}
{"obj": {"type": "LogFloats", "path": ["monitoring", "cpu"], "values": [{"value": 11.4, "step": null, "ts": 1643463955.2341025}]}, "version": 276}
{"obj": {"type": "LogFloats", "path": ["monitoring", "memory"], "values": [{"value": 25.49102783203125, "step": null, "ts": 1643463955.2341025}]}, "version": 277}
{"obj": {"type": "LogFloats", "path": ["monitoring", "gpu"], "values": [{"value": 2.0, "step": null, "ts": 1643463955.2341025}]}, "version": 278}
{"obj": {"type": "LogFloats", "path": ["monitoring", "gpu_memory"], "values": [{"value": 0.9168701171875, "step": null, "ts": 1643463955.2341025}]}, "version": 279}
{"obj": {"type": "LogFloats", "path": ["monitoring", "cpu"], "values": [{"value": 7.4, "step": null, "ts": 1643463965.2353942}]}, "version": 280}
{"obj": {"type": "LogFloats", "path": ["monitoring", "memory"], "values": [{"value": 25.505138397216797, "step": null, "ts": 1643463965.2353942}]}, "version": 281}
{"obj": {"type": "LogFloats", "path": ["monitoring", "gpu_memory"], "values": [{"value": 0.9168701171875, "step": null, "ts": 1643463965.2353942}]}, "version": 282}
{"obj": {"type": "LogFloats", "path": ["monitoring", "cpu"], "values": [{"value": 8.0, "step": null, "ts": 1643463975.2362552}]}, "version": 283}
{"obj": {"type": "LogFloats", "path": ["monitoring", "memory"], "values": [{"value": 25.51632308959961, "step": null, "ts": 1643463975.2362552}]}, "version": 284}
{"obj": {"type": "LogFloats", "path": ["monitoring", "gpu_memory"], "values": [{"value": 0.9168701171875, "step": null, "ts": 1643463975.2362552}]}, "version": 285}
{"obj": {"type": "LogFloats", "path": ["monitoring", "cpu"], "values": [{"value": 6.3, "step": null, "ts": 1643463985.2370641}]}, "version": 286}
{"obj": {"type": "LogFloats", "path": ["monitoring", "memory"], "values": [{"value": 25.50164794921875, "step": null, "ts": 1643463985.2370641}]}, "version": 287}
{"obj": {"type": "LogFloats", "path": ["monitoring", "gpu_memory"], "values": [{"value": 0.9168701171875, "step": null, "ts": 1643463985.2370641}]}, "version": 288}
{"obj": {"type": "LogStrings", "path": ["monitoring", "stdout"], "values": [{"value": "Shutting down background jobs, please wait a moment...\n", "step": null, "ts": 1643463989.2147026}]}, "version": 289}
