{"obj": {"type": "AssignString", "path": ["sys", "name"], "value": "Untitled"}, "version": 1}
{"obj": {"type": "AssignString", "path": ["sys", "description"], "value": ""}, "version": 2}
{"obj": {"type": "AssignString", "path": ["sys", "hostname"], "value": "xhnfly-Strix-GL504GS-S5CS"}, "version": 3}
{"obj": {"type": "AssignBool", "path": ["sys", "failed"], "value": false}, "version": 4}
{"obj": {"type": "ClearStringLog", "path": ["monitoring", "stdout"]}, "version": 5}
{"obj": {"type": "ClearStringLog", "path": ["monitoring", "stderr"]}, "version": 6}
{"obj": {"type": "ConfigFloatSeries", "path": ["monitoring", "cpu"], "min": 0.0, "max": 100.0, "unit": "%"}, "version": 7}
{"obj": {"type": "ClearFloatLog", "path": ["monitoring", "cpu"]}, "version": 8}
{"obj": {"type": "ConfigFloatSeries", "path": ["monitoring", "memory"], "min": 0.0, "max": 31.287979125976562, "unit": "GB"}, "version": 9}
{"obj": {"type": "ClearFloatLog", "path": ["monitoring", "memory"]}, "version": 10}
{"obj": {"type": "ConfigFloatSeries", "path": ["monitoring", "gpu"], "min": 0.0, "max": 100.0, "unit": "%"}, "version": 11}
{"obj": {"type": "ClearFloatLog", "path": ["monitoring", "gpu"]}, "version": 12}
{"obj": {"type": "ConfigFloatSeries", "path": ["monitoring", "gpu_memory"], "min": 0.0, "max": 7.9210205078125, "unit": "GB"}, "version": 13}
{"obj": {"type": "ClearFloatLog", "path": ["monitoring", "gpu_memory"]}, "version": 14}
{"obj": {"type": "LogStrings", "path": ["monitoring", "stdout"], "values": [{"value": "", "step": null, "ts": 1643112219.5510135}]}, "version": 15}
{"obj": {"type": "LogStrings", "path": ["monitoring", "stdout"], "values": [{"value": "Remember to stop your run once you\u2019ve finished logging your metadata (https://docs.neptune.ai/api-reference/run#.stop). It will be stopped automatically only when the notebook kernel/interactive console is terminated.\n", "step": null, "ts": 1643112219.5525537}]}, "version": 16}
{"obj": {"type": "LogFloats", "path": ["monitoring", "cpu"], "values": [{"value": 18.6, "step": null, "ts": 1643112219.5472488}]}, "version": 17}
{"obj": {"type": "LogFloats", "path": ["monitoring", "memory"], "values": [{"value": 19.927242279052734, "step": null, "ts": 1643112219.5472488}]}, "version": 18}
{"obj": {"type": "LogFloats", "path": ["monitoring", "gpu_memory"], "values": [{"value": 0.1502685546875, "step": null, "ts": 1643112219.5472488}]}, "version": 19}
{"obj": {"type": "LogStrings", "path": ["monitoring", "stdout"], "values": [{"value": "device = ", "step": null, "ts": 1643112220.7731144}]}, "version": 20}
{"obj": {"type": "LogStrings", "path": ["monitoring", "stdout"], "values": [{"value": " ", "step": null, "ts": 1643112220.7735856}]}, "version": 21}
{"obj": {"type": "LogStrings", "path": ["monitoring", "stdout"], "values": [{"value": "cuda", "step": null, "ts": 1643112220.7736864}]}, "version": 22}
{"obj": {"type": "LogStrings", "path": ["monitoring", "stdout"], "values": [{"value": "\n", "step": null, "ts": 1643112220.7737637}]}, "version": 23}
{"obj": {"type": "AssignInt", "path": ["parameters", "batch_size"], "value": 500}, "version": 24}
{"obj": {"type": "AssignFloat", "path": ["parameters", "dropout"], "value": 0.2}, "version": 25}
{"obj": {"type": "AssignFloat", "path": ["parameters", "learning_rate"], "value": 0.001}, "version": 26}
{"obj": {"type": "AssignString", "path": ["parameters", "optimizer"], "value": "Adam"}, "version": 27}
{"obj": {"type": "AssignInt", "path": ["parameters", "hid"], "value": 64}, "version": 28}
{"obj": {"type": "AssignInt", "path": ["parameters", "l"], "value": 3}, "version": 29}
{"obj": {"type": "AssignInt", "path": ["parameters", "seed"], "value": 0}, "version": 30}
{"obj": {"type": "AssignInt", "path": ["parameters", "steps_per_epoch"], "value": 3000}, "version": 31}
{"obj": {"type": "AssignInt", "path": ["parameters", "epochs"], "value": 100}, "version": 32}
{"obj": {"type": "AssignInt", "path": ["parameters", "replay_size"], "value": 1000000}, "version": 33}
{"obj": {"type": "AssignFloat", "path": ["parameters", "gamma"], "value": 0.99}, "version": 34}
{"obj": {"type": "AssignFloat", "path": ["parameters", "polyak"], "value": 0.995}, "version": 35}
{"obj": {"type": "AssignFloat", "path": ["parameters", "pi_lr"], "value": 0.0001}, "version": 36}
{"obj": {"type": "AssignFloat", "path": ["parameters", "q_lr"], "value": 0.0001}, "version": 37}
{"obj": {"type": "AssignInt", "path": ["parameters", "start_steps"], "value": 10000}, "version": 38}
{"obj": {"type": "AssignInt", "path": ["parameters", "update_after"], "value": 1000}, "version": 39}
{"obj": {"type": "AssignInt", "path": ["parameters", "update_every"], "value": 50}, "version": 40}
{"obj": {"type": "AssignFloat", "path": ["parameters", "act_noise"], "value": 0.01}, "version": 41}
{"obj": {"type": "AssignInt", "path": ["parameters", "num_test_episodes"], "value": 10}, "version": 42}
{"obj": {"type": "AssignInt", "path": ["parameters", "max_ep_len"], "value": 1000}, "version": 43}
{"obj": {"type": "LogStrings", "path": ["monitoring", "stdout"], "values": [{"value": "obs_dim = ", "step": null, "ts": 1643112220.9366367}]}, "version": 44}
{"obj": {"type": "LogStrings", "path": ["monitoring", "stdout"], "values": [{"value": " ", "step": null, "ts": 1643112220.9367726}]}, "version": 45}
{"obj": {"type": "LogStrings", "path": ["monitoring", "stdout"], "values": [{"value": "11", "step": null, "ts": 1643112220.9369485}]}, "version": 46}
{"obj": {"type": "LogStrings", "path": ["monitoring", "stdout"], "values": [{"value": "\n", "step": null, "ts": 1643112220.9371006}]}, "version": 47}
{"obj": {"type": "LogStrings", "path": ["monitoring", "stdout"], "values": [{"value": "act_dim = ", "step": null, "ts": 1643112220.9373443}]}, "version": 48}
{"obj": {"type": "LogStrings", "path": ["monitoring", "stdout"], "values": [{"value": " ", "step": null, "ts": 1643112220.9375083}]}, "version": 49}
{"obj": {"type": "LogStrings", "path": ["monitoring", "stdout"], "values": [{"value": "2", "step": null, "ts": 1643112220.937654}]}, "version": 50}
{"obj": {"type": "LogStrings", "path": ["monitoring", "stdout"], "values": [{"value": "\n", "step": null, "ts": 1643112220.9377968}]}, "version": 51}
{"obj": {"type": "LogStrings", "path": ["monitoring", "stdout"], "values": [{"value": "act_limit = ", "step": null, "ts": 1643112220.9380398}]}, "version": 52}
{"obj": {"type": "LogStrings", "path": ["monitoring", "stdout"], "values": [{"value": " ", "step": null, "ts": 1643112220.9381986}]}, "version": 53}
{"obj": {"type": "LogStrings", "path": ["monitoring", "stdout"], "values": [{"value": "1.0", "step": null, "ts": 1643112220.938361}]}, "version": 54}
{"obj": {"type": "LogStrings", "path": ["monitoring", "stdout"], "values": [{"value": "\n", "step": null, "ts": 1643112220.9385414}]}, "version": 55}
{"obj": {"type": "LogStrings", "path": ["monitoring", "stdout"], "values": [{"value": "r_true =", "step": null, "ts": 1643112223.045626}]}, "version": 56}
{"obj": {"type": "LogStrings", "path": ["monitoring", "stdout"], "values": [{"value": " ", "step": null, "ts": 1643112223.0459335}]}, "version": 57}
{"obj": {"type": "LogStrings", "path": ["monitoring", "stdout"], "values": [{"value": "8.505959081182597", "step": null, "ts": 1643112223.04603}]}, "version": 58}
{"obj": {"type": "LogStrings", "path": ["monitoring", "stdout"], "values": [{"value": "\n", "step": null, "ts": 1643112223.0461152}]}, "version": 59}
{"obj": {"type": "LogStrings", "path": ["monitoring", "stdout"], "values": [{"value": "r_true =", "step": null, "ts": 1643112223.0577493}]}, "version": 60}
{"obj": {"type": "LogStrings", "path": ["monitoring", "stdout"], "values": [{"value": " ", "step": null, "ts": 1643112223.0579853}]}, "version": 61}
{"obj": {"type": "LogStrings", "path": ["monitoring", "stdout"], "values": [{"value": "9.18424127828717", "step": null, "ts": 1643112223.0580783}]}, "version": 62}
{"obj": {"type": "LogStrings", "path": ["monitoring", "stdout"], "values": [{"value": "\n", "step": null, "ts": 1643112223.0581589}]}, "version": 63}
{"obj": {"type": "LogStrings", "path": ["monitoring", "stdout"], "values": [{"value": "r_true =", "step": null, "ts": 1643112223.0696611}]}, "version": 64}
{"obj": {"type": "LogStrings", "path": ["monitoring", "stdout"], "values": [{"value": " ", "step": null, "ts": 1643112223.0699003}]}, "version": 65}
{"obj": {"type": "LogStrings", "path": ["monitoring", "stdout"], "values": [{"value": "9.498105139100216", "step": null, "ts": 1643112223.069994}]}, "version": 66}
{"obj": {"type": "LogStrings", "path": ["monitoring", "stdout"], "values": [{"value": "\n", "step": null, "ts": 1643112223.0700731}]}, "version": 67}
{"obj": {"type": "LogStrings", "path": ["monitoring", "stdout"], "values": [{"value": "r_true =", "step": null, "ts": 1643112223.0827558}]}, "version": 68}
{"obj": {"type": "LogStrings", "path": ["monitoring", "stdout"], "values": [{"value": " ", "step": null, "ts": 1643112223.0830648}]}, "version": 69}
{"obj": {"type": "LogStrings", "path": ["monitoring", "stdout"], "values": [{"value": "9.746855635914507", "step": null, "ts": 1643112223.08316}]}, "version": 70}
{"obj": {"type": "LogStrings", "path": ["monitoring", "stdout"], "values": [{"value": "\n", "step": null, "ts": 1643112223.083237}]}, "version": 71}
{"obj": {"type": "LogStrings", "path": ["monitoring", "stdout"], "values": [{"value": "r_true =", "step": null, "ts": 1643112223.095738}]}, "version": 72}
{"obj": {"type": "LogStrings", "path": ["monitoring", "stdout"], "values": [{"value": " ", "step": null, "ts": 1643112223.0959778}]}, "version": 73}
{"obj": {"type": "LogStrings", "path": ["monitoring", "stdout"], "values": [{"value": "8.656611188024293", "step": null, "ts": 1643112223.0960708}]}, "version": 74}
{"obj": {"type": "LogStrings", "path": ["monitoring", "stdout"], "values": [{"value": "\n", "step": null, "ts": 1643112223.0962512}]}, "version": 75}
{"obj": {"type": "LogStrings", "path": ["monitoring", "stdout"], "values": [{"value": "r_true =", "step": null, "ts": 1643112223.1076498}]}, "version": 76}
{"obj": {"type": "LogStrings", "path": ["monitoring", "stdout"], "values": [{"value": " ", "step": null, "ts": 1643112223.1078744}]}, "version": 77}
{"obj": {"type": "LogStrings", "path": ["monitoring", "stdout"], "values": [{"value": "9.2674236874387", "step": null, "ts": 1643112223.1079645}]}, "version": 78}
{"obj": {"type": "LogStrings", "path": ["monitoring", "stdout"], "values": [{"value": "\n", "step": null, "ts": 1643112223.1081514}]}, "version": 79}
{"obj": {"type": "LogStrings", "path": ["monitoring", "stdout"], "values": [{"value": "r_true =", "step": null, "ts": 1643112223.1197925}]}, "version": 80}
{"obj": {"type": "LogStrings", "path": ["monitoring", "stdout"], "values": [{"value": " ", "step": null, "ts": 1643112223.1200235}]}, "version": 81}
{"obj": {"type": "LogStrings", "path": ["monitoring", "stdout"], "values": [{"value": "9.027826021863204", "step": null, "ts": 1643112223.1201172}]}, "version": 82}
{"obj": {"type": "LogStrings", "path": ["monitoring", "stdout"], "values": [{"value": "\n", "step": null, "ts": 1643112223.1201966}]}, "version": 83}
{"obj": {"type": "LogStrings", "path": ["monitoring", "stdout"], "values": [{"value": "r_true =", "step": null, "ts": 1643112223.1316395}]}, "version": 84}
{"obj": {"type": "LogStrings", "path": ["monitoring", "stdout"], "values": [{"value": " ", "step": null, "ts": 1643112223.1318438}]}, "version": 85}
{"obj": {"type": "LogStrings", "path": ["monitoring", "stdout"], "values": [{"value": "9.576130943732595", "step": null, "ts": 1643112223.1319351}]}, "version": 86}
{"obj": {"type": "LogStrings", "path": ["monitoring", "stdout"], "values": [{"value": "\n", "step": null, "ts": 1643112223.1321335}]}, "version": 87}
{"obj": {"type": "LogStrings", "path": ["monitoring", "stdout"], "values": [{"value": "r_true =", "step": null, "ts": 1643112223.1448374}]}, "version": 88}
{"obj": {"type": "LogStrings", "path": ["monitoring", "stdout"], "values": [{"value": " ", "step": null, "ts": 1643112223.1450777}]}, "version": 89}
{"obj": {"type": "LogStrings", "path": ["monitoring", "stdout"], "values": [{"value": "9.553822203092258", "step": null, "ts": 1643112223.1451719}]}, "version": 90}
{"obj": {"type": "LogStrings", "path": ["monitoring", "stdout"], "values": [{"value": "\n", "step": null, "ts": 1643112223.1453516}]}, "version": 91}
{"obj": {"type": "LogStrings", "path": ["monitoring", "stdout"], "values": [{"value": "r_true =", "step": null, "ts": 1643112223.156972}]}, "version": 92}
{"obj": {"type": "LogStrings", "path": ["monitoring", "stdout"], "values": [{"value": " ", "step": null, "ts": 1643112223.1571927}]}, "version": 93}
{"obj": {"type": "LogStrings", "path": ["monitoring", "stdout"], "values": [{"value": "9.004813219284525", "step": null, "ts": 1643112223.157346}]}, "version": 94}
{"obj": {"type": "LogStrings", "path": ["monitoring", "stdout"], "values": [{"value": "\n", "step": null, "ts": 1643112223.1574671}]}, "version": 95}
{"obj": {"type": "LogStrings", "path": ["monitoring", "stdout"], "values": [{"value": "r_true =", "step": null, "ts": 1643112223.169129}]}, "version": 96}
{"obj": {"type": "LogStrings", "path": ["monitoring", "stdout"], "values": [{"value": " ", "step": null, "ts": 1643112223.1693869}]}, "version": 97}
{"obj": {"type": "LogStrings", "path": ["monitoring", "stdout"], "values": [{"value": "9.677287359390853", "step": null, "ts": 1643112223.1695518}]}, "version": 98}
{"obj": {"type": "LogStrings", "path": ["monitoring", "stdout"], "values": [{"value": "\n", "step": null, "ts": 1643112223.1696978}]}, "version": 99}
{"obj": {"type": "LogStrings", "path": ["monitoring", "stdout"], "values": [{"value": "r_true =", "step": null, "ts": 1643112223.1826835}]}, "version": 100}
{"obj": {"type": "LogStrings", "path": ["monitoring", "stdout"], "values": [{"value": " ", "step": null, "ts": 1643112223.1829169}]}, "version": 101}
{"obj": {"type": "LogStrings", "path": ["monitoring", "stdout"], "values": [{"value": "9.034854499684641", "step": null, "ts": 1643112223.1830702}]}, "version": 102}
{"obj": {"type": "LogStrings", "path": ["monitoring", "stdout"], "values": [{"value": "\n", "step": null, "ts": 1643112223.18319}]}, "version": 103}
{"obj": {"type": "LogStrings", "path": ["monitoring", "stdout"], "values": [{"value": "r_true =", "step": null, "ts": 1643112223.196147}]}, "version": 104}
{"obj": {"type": "LogStrings", "path": ["monitoring", "stdout"], "values": [{"value": " ", "step": null, "ts": 1643112223.1963785}]}, "version": 105}
{"obj": {"type": "LogStrings", "path": ["monitoring", "stdout"], "values": [{"value": "9.261301768608993", "step": null, "ts": 1643112223.1964726}]}, "version": 106}
{"obj": {"type": "LogStrings", "path": ["monitoring", "stdout"], "values": [{"value": "\n", "step": null, "ts": 1643112223.1966538}]}, "version": 107}
{"obj": {"type": "LogStrings", "path": ["monitoring", "stdout"], "values": [{"value": "r_true =", "step": null, "ts": 1643112223.2082553}]}, "version": 108}
{"obj": {"type": "LogStrings", "path": ["monitoring", "stdout"], "values": [{"value": " ", "step": null, "ts": 1643112223.2084682}]}, "version": 109}
{"obj": {"type": "LogStrings", "path": ["monitoring", "stdout"], "values": [{"value": "9.629747450512774", "step": null, "ts": 1643112223.208626}]}, "version": 110}
{"obj": {"type": "LogStrings", "path": ["monitoring", "stdout"], "values": [{"value": "\n", "step": null, "ts": 1643112223.2087493}]}, "version": 111}
{"obj": {"type": "LogStrings", "path": ["monitoring", "stdout"], "values": [{"value": "r_true =", "step": null, "ts": 1643112223.2203941}]}, "version": 112}
{"obj": {"type": "LogStrings", "path": ["monitoring", "stdout"], "values": [{"value": " ", "step": null, "ts": 1643112223.220596}]}, "version": 113}
{"obj": {"type": "LogStrings", "path": ["monitoring", "stdout"], "values": [{"value": "8.932900658336887", "step": null, "ts": 1643112223.2207465}]}, "version": 114}
{"obj": {"type": "LogStrings", "path": ["monitoring", "stdout"], "values": [{"value": "\n", "step": null, "ts": 1643112223.2208807}]}, "version": 115}
{"obj": {"type": "LogStrings", "path": ["monitoring", "stdout"], "values": [{"value": "r_true =", "step": null, "ts": 1643112223.2325375}]}, "version": 116}
{"obj": {"type": "LogStrings", "path": ["monitoring", "stdout"], "values": [{"value": " ", "step": null, "ts": 1643112223.2326612}]}, "version": 117}
{"obj": {"type": "LogStrings", "path": ["monitoring", "stdout"], "values": [{"value": "9.783645817320027", "step": null, "ts": 1643112223.2328804}]}, "version": 118}
{"obj": {"type": "LogStrings", "path": ["monitoring", "stdout"], "values": [{"value": "\n", "step": null, "ts": 1643112223.2330244}]}, "version": 119}
{"obj": {"type": "LogStrings", "path": ["monitoring", "stdout"], "values": [{"value": "r_true =", "step": null, "ts": 1643112223.2460063}]}, "version": 120}
{"obj": {"type": "LogStrings", "path": ["monitoring", "stdout"], "values": [{"value": " ", "step": null, "ts": 1643112223.2464068}]}, "version": 121}
{"obj": {"type": "LogStrings", "path": ["monitoring", "stdout"], "values": [{"value": "8.891234208992572", "step": null, "ts": 1643112223.2465034}]}, "version": 122}
{"obj": {"type": "LogStrings", "path": ["monitoring", "stdout"], "values": [{"value": "\n", "step": null, "ts": 1643112223.2465835}]}, "version": 123}
{"obj": {"type": "LogStrings", "path": ["monitoring", "stdout"], "values": [{"value": "r_true =", "step": null, "ts": 1643112223.2589784}]}, "version": 124}
{"obj": {"type": "LogStrings", "path": ["monitoring", "stdout"], "values": [{"value": " ", "step": null, "ts": 1643112223.2592118}]}, "version": 125}
{"obj": {"type": "LogStrings", "path": ["monitoring", "stdout"], "values": [{"value": "9.77799176231348", "step": null, "ts": 1643112223.2593045}]}, "version": 126}
{"obj": {"type": "LogStrings", "path": ["monitoring", "stdout"], "values": [{"value": "\n", "step": null, "ts": 1643112223.2594836}]}, "version": 127}
{"obj": {"type": "LogStrings", "path": ["monitoring", "stdout"], "values": [{"value": "r_true =", "step": null, "ts": 1643112223.272764}]}, "version": 128}
{"obj": {"type": "LogStrings", "path": ["monitoring", "stdout"], "values": [{"value": " ", "step": null, "ts": 1643112223.2730186}]}, "version": 129}
{"obj": {"type": "LogStrings", "path": ["monitoring", "stdout"], "values": [{"value": "8.85635172665313", "step": null, "ts": 1643112223.2731156}]}, "version": 130}
{"obj": {"type": "LogStrings", "path": ["monitoring", "stdout"], "values": [{"value": "\n", "step": null, "ts": 1643112223.2733243}]}, "version": 131}
{"obj": {"type": "LogStrings", "path": ["monitoring", "stdout"], "values": [{"value": "r_true =", "step": null, "ts": 1643112223.2895021}]}, "version": 132}
{"obj": {"type": "LogStrings", "path": ["monitoring", "stdout"], "values": [{"value": " ", "step": null, "ts": 1643112223.289743}]}, "version": 133}
{"obj": {"type": "LogStrings", "path": ["monitoring", "stdout"], "values": [{"value": "8.917423077296876", "step": null, "ts": 1643112223.2898366}]}, "version": 134}
{"obj": {"type": "LogStrings", "path": ["monitoring", "stdout"], "values": [{"value": "\n", "step": null, "ts": 1643112223.2899156}]}, "version": 135}
{"obj": {"type": "LogStrings", "path": ["monitoring", "stdout"], "values": [{"value": "\rsteps: :[                                        ]1%\t1000/300000\tmain of rewards = -2.625687\ttime cost = 0:00:00.257443", "step": null, "ts": 1643112223.2907481}]}, "version": 136}
{"obj": {"type": "LogFloats", "path": ["train", "reward"], "values": [{"value": -2.625686696530713, "step": null, "ts": 1643112223.291212}]}, "version": 137}
{"obj": {"type": "LogStrings", "path": ["monitoring", "stdout"], "values": [{"value": "r_true =", "step": null, "ts": 1643112223.8051648}]}, "version": 138}
{"obj": {"type": "LogStrings", "path": ["monitoring", "stdout"], "values": [{"value": " ", "step": null, "ts": 1643112223.8054867}]}, "version": 139}
{"obj": {"type": "LogStrings", "path": ["monitoring", "stdout"], "values": [{"value": "9.224054286964904", "step": null, "ts": 1643112223.8055851}]}, "version": 140}
{"obj": {"type": "LogStrings", "path": ["monitoring", "stdout"], "values": [{"value": "\n", "step": null, "ts": 1643112223.8057947}]}, "version": 141}
{"obj": {"type": "LogStrings", "path": ["monitoring", "stdout"], "values": [{"value": "\rsteps: :[                                        ]1%\t1050/300000\tmain of rewards = -1.957583\ttime cost = 0:00:00.773288", "step": null, "ts": 1643112223.8065958}]}, "version": 142}
{"obj": {"type": "LogFloats", "path": ["train", "reward"], "values": [{"value": -1.9575828624186467, "step": null, "ts": 1643112223.8069704}]}, "version": 143}
{"obj": {"type": "LogStrings", "path": ["monitoring", "stdout"], "values": [{"value": "r_true =", "step": null, "ts": 1643112224.0698159}]}, "version": 144}
{"obj": {"type": "LogStrings", "path": ["monitoring", "stdout"], "values": [{"value": " ", "step": null, "ts": 1643112224.0701401}]}, "version": 145}
{"obj": {"type": "LogStrings", "path": ["monitoring", "stdout"], "values": [{"value": "9.325467923924851", "step": null, "ts": 1643112224.0702453}]}, "version": 146}
{"obj": {"type": "LogStrings", "path": ["monitoring", "stdout"], "values": [{"value": "\n", "step": null, "ts": 1643112224.0703244}]}, "version": 147}
{"obj": {"type": "LogStrings", "path": ["monitoring", "stdout"], "values": [{"value": "\rsteps: :[                                        ]1%\t1100/300000\tmain of rewards = -1.172581\ttime cost = 0:00:01.038380", "step": null, "ts": 1643112224.0717156}]}, "version": 148}
{"obj": {"type": "LogFloats", "path": ["train", "reward"], "values": [{"value": -1.1725806075961547, "step": null, "ts": 1643112224.0722466}]}, "version": 149}
{"obj": {"type": "LogStrings", "path": ["monitoring", "stdout"], "values": [{"value": "r_true =", "step": null, "ts": 1643112224.3357987}]}, "version": 150}
{"obj": {"type": "LogStrings", "path": ["monitoring", "stdout"], "values": [{"value": " ", "step": null, "ts": 1643112224.336103}]}, "version": 151}
{"obj": {"type": "LogStrings", "path": ["monitoring", "stdout"], "values": [{"value": "8.941166844229095", "step": null, "ts": 1643112224.3362098}]}, "version": 152}
{"obj": {"type": "LogStrings", "path": ["monitoring", "stdout"], "values": [{"value": "\n", "step": null, "ts": 1643112224.3362892}]}, "version": 153}
{"obj": {"type": "LogStrings", "path": ["monitoring", "stdout"], "values": [{"value": "\rsteps: :[                                        ]1%\t1150/300000\tmain of rewards = -1.539181\ttime cost = 0:00:01.304214", "step": null, "ts": 1643112224.3375666}]}, "version": 154}
{"obj": {"type": "LogFloats", "path": ["train", "reward"], "values": [{"value": -1.5391806688252379, "step": null, "ts": 1643112224.3381038}]}, "version": 155}
{"obj": {"type": "LogStrings", "path": ["monitoring", "stdout"], "values": [{"value": "r_true =", "step": null, "ts": 1643112224.6015837}]}, "version": 156}
{"obj": {"type": "LogStrings", "path": ["monitoring", "stdout"], "values": [{"value": " ", "step": null, "ts": 1643112224.6019127}]}, "version": 157}
{"obj": {"type": "LogStrings", "path": ["monitoring", "stdout"], "values": [{"value": "8.667779055566397", "step": null, "ts": 1643112224.6020813}]}, "version": 158}
{"obj": {"type": "LogStrings", "path": ["monitoring", "stdout"], "values": [{"value": "\n", "step": null, "ts": 1643112224.6022406}]}, "version": 159}
{"obj": {"type": "LogStrings", "path": ["monitoring", "stdout"], "values": [{"value": "\rsteps: :[                                        ]1%\t1200/300000\tmain of rewards = -1.401967\ttime cost = 0:00:01.569738", "step": null, "ts": 1643112224.603046}]}, "version": 160}
{"obj": {"type": "LogFloats", "path": ["train", "reward"], "values": [{"value": -1.4019670620367295, "step": null, "ts": 1643112224.603468}]}, "version": 161}
{"obj": {"type": "LogStrings", "path": ["monitoring", "stdout"], "values": [{"value": "r_true =", "step": null, "ts": 1643112224.8682919}]}, "version": 162}
{"obj": {"type": "LogStrings", "path": ["monitoring", "stdout"], "values": [{"value": " ", "step": null, "ts": 1643112224.868605}]}, "version": 163}
{"obj": {"type": "LogStrings", "path": ["monitoring", "stdout"], "values": [{"value": "8.96752333192218", "step": null, "ts": 1643112224.8687055}]}, "version": 164}
{"obj": {"type": "LogStrings", "path": ["monitoring", "stdout"], "values": [{"value": "\n", "step": null, "ts": 1643112224.8689294}]}, "version": 165}
{"obj": {"type": "LogStrings", "path": ["monitoring", "stdout"], "values": [{"value": "\rsteps: :[                                        ]1%\t1250/300000\tmain of rewards = -1.615090\ttime cost = 0:00:01.836447", "step": null, "ts": 1643112224.8697557}]}, "version": 166}
{"obj": {"type": "LogFloats", "path": ["train", "reward"], "values": [{"value": -1.6150903608074736, "step": null, "ts": 1643112224.8701293}]}, "version": 167}
{"obj": {"type": "LogStrings", "path": ["monitoring", "stdout"], "values": [{"value": "r_true =", "step": null, "ts": 1643112225.1339033}]}, "version": 168}
{"obj": {"type": "LogStrings", "path": ["monitoring", "stdout"], "values": [{"value": " ", "step": null, "ts": 1643112225.134215}]}, "version": 169}
{"obj": {"type": "LogStrings", "path": ["monitoring", "stdout"], "values": [{"value": "9.240414399047848", "step": null, "ts": 1643112225.1343153}]}, "version": 170}
{"obj": {"type": "LogStrings", "path": ["monitoring", "stdout"], "values": [{"value": "\n", "step": null, "ts": 1643112225.1343963}]}, "version": 171}
{"obj": {"type": "LogStrings", "path": ["monitoring", "stdout"], "values": [{"value": "\rsteps: :[                                        ]1%\t1300/300000\tmain of rewards = -2.175124\ttime cost = 0:00:02.101984", "step": null, "ts": 1643112225.1353054}]}, "version": 172}
{"obj": {"type": "LogFloats", "path": ["train", "reward"], "values": [{"value": -2.1751235169416807, "step": null, "ts": 1643112225.1358523}]}, "version": 173}
{"obj": {"type": "LogStrings", "path": ["monitoring", "stdout"], "values": [{"value": "r_true =", "step": null, "ts": 1643112225.4222329}]}, "version": 174}
{"obj": {"type": "LogStrings", "path": ["monitoring", "stdout"], "values": [{"value": " ", "step": null, "ts": 1643112225.4226425}]}, "version": 175}
{"obj": {"type": "LogStrings", "path": ["monitoring", "stdout"], "values": [{"value": "9.59216809724083", "step": null, "ts": 1643112225.4229257}]}, "version": 176}
{"obj": {"type": "LogStrings", "path": ["monitoring", "stdout"], "values": [{"value": "\n", "step": null, "ts": 1643112225.4231493}]}, "version": 177}
{"obj": {"type": "LogStrings", "path": ["monitoring", "stdout"], "values": [{"value": "\rsteps: :[                                        ]1%\t1350/300000\tmain of rewards = -2.302144\ttime cost = 0:00:02.390970", "step": null, "ts": 1643112225.4243476}]}, "version": 178}
{"obj": {"type": "LogFloats", "path": ["train", "reward"], "values": [{"value": -2.302143586664598, "step": null, "ts": 1643112225.425197}]}, "version": 179}
{"obj": {"type": "LogStrings", "path": ["monitoring", "stdout"], "values": [{"value": "r_true =", "step": null, "ts": 1643112225.680875}]}, "version": 180}
{"obj": {"type": "LogStrings", "path": ["monitoring", "stdout"], "values": [{"value": " ", "step": null, "ts": 1643112225.681189}]}, "version": 181}
{"obj": {"type": "LogStrings", "path": ["monitoring", "stdout"], "values": [{"value": "8.938319416478192", "step": null, "ts": 1643112225.6812887}]}, "version": 182}
{"obj": {"type": "LogStrings", "path": ["monitoring", "stdout"], "values": [{"value": "\n", "step": null, "ts": 1643112225.6814868}]}, "version": 183}
{"obj": {"type": "LogStrings", "path": ["monitoring", "stdout"], "values": [{"value": "\rsteps: :[                                        ]1%\t1400/300000\tmain of rewards = -2.505086\ttime cost = 0:00:02.648938", "step": null, "ts": 1643112225.6822436}]}, "version": 184}
{"obj": {"type": "LogFloats", "path": ["train", "reward"], "values": [{"value": -2.5050861030548557, "step": null, "ts": 1643112225.6826181}]}, "version": 185}
{"obj": {"type": "LogStrings", "path": ["monitoring", "stdout"], "values": [{"value": "r_true =", "step": null, "ts": 1643112225.9408293}]}, "version": 186}
{"obj": {"type": "LogStrings", "path": ["monitoring", "stdout"], "values": [{"value": " ", "step": null, "ts": 1643112225.9409752}]}, "version": 187}
{"obj": {"type": "LogStrings", "path": ["monitoring", "stdout"], "values": [{"value": "9.688988859158618", "step": null, "ts": 1643112225.9411514}]}, "version": 188}
{"obj": {"type": "LogStrings", "path": ["monitoring", "stdout"], "values": [{"value": "\n", "step": null, "ts": 1643112225.9412842}]}, "version": 189}
{"obj": {"type": "LogStrings", "path": ["monitoring", "stdout"], "values": [{"value": "\rsteps: :[                                        ]1%\t1450/300000\tmain of rewards = -2.346986\ttime cost = 0:00:02.908736", "step": null, "ts": 1643112225.942042}]}, "version": 190}
{"obj": {"type": "LogFloats", "path": ["train", "reward"], "values": [{"value": -2.346986353509665, "step": null, "ts": 1643112225.9424286}]}, "version": 191}
{"obj": {"type": "LogStrings", "path": ["monitoring", "stdout"], "values": [{"value": "r_true =", "step": null, "ts": 1643112226.197071}]}, "version": 192}
{"obj": {"type": "LogStrings", "path": ["monitoring", "stdout"], "values": [{"value": " ", "step": null, "ts": 1643112226.1973708}]}, "version": 193}
{"obj": {"type": "LogStrings", "path": ["monitoring", "stdout"], "values": [{"value": "8.840463990983471", "step": null, "ts": 1643112226.19747}]}, "version": 194}
{"obj": {"type": "LogStrings", "path": ["monitoring", "stdout"], "values": [{"value": "\n", "step": null, "ts": 1643112226.1975472}]}, "version": 195}
{"obj": {"type": "LogStrings", "path": ["monitoring", "stdout"], "values": [{"value": "\rsteps: :[                                        ]1%\t1500/300000\tmain of rewards = -1.642549\ttime cost = 0:00:03.165048", "step": null, "ts": 1643112226.1983516}]}, "version": 196}
{"obj": {"type": "LogFloats", "path": ["train", "reward"], "values": [{"value": -1.6425487171315778, "step": null, "ts": 1643112226.1987302}]}, "version": 197}
{"obj": {"type": "LogStrings", "path": ["monitoring", "stdout"], "values": [{"value": "r_true =", "step": null, "ts": 1643112226.4552438}]}, "version": 198}
{"obj": {"type": "LogStrings", "path": ["monitoring", "stdout"], "values": [{"value": " ", "step": null, "ts": 1643112226.4555383}]}, "version": 199}
{"obj": {"type": "LogStrings", "path": ["monitoring", "stdout"], "values": [{"value": "8.359500880136755", "step": null, "ts": 1643112226.4556432}]}, "version": 200}
{"obj": {"type": "LogStrings", "path": ["monitoring", "stdout"], "values": [{"value": "\n", "step": null, "ts": 1643112226.4557233}]}, "version": 201}
{"obj": {"type": "LogStrings", "path": ["monitoring", "stdout"], "values": [{"value": "\rsteps: :[                                        ]1%\t1550/300000\tmain of rewards = -1.772285\ttime cost = 0:00:03.423287", "step": null, "ts": 1643112226.456596}]}, "version": 202}
{"obj": {"type": "LogFloats", "path": ["train", "reward"], "values": [{"value": -1.7722853499439752, "step": null, "ts": 1643112226.4569838}]}, "version": 203}
{"obj": {"type": "LogStrings", "path": ["monitoring", "stdout"], "values": [{"value": "r_true =", "step": null, "ts": 1643112226.7164328}]}, "version": 204}
{"obj": {"type": "LogStrings", "path": ["monitoring", "stdout"], "values": [{"value": " ", "step": null, "ts": 1643112226.7167351}]}, "version": 205}
{"obj": {"type": "LogStrings", "path": ["monitoring", "stdout"], "values": [{"value": "9.521684305548643", "step": null, "ts": 1643112226.7169292}]}, "version": 206}
{"obj": {"type": "LogStrings", "path": ["monitoring", "stdout"], "values": [{"value": "\n", "step": null, "ts": 1643112226.7170997}]}, "version": 207}
{"obj": {"type": "LogStrings", "path": ["monitoring", "stdout"], "values": [{"value": "\rsteps: :[                                        ]1%\t1600/300000\tmain of rewards = -1.284546\ttime cost = 0:00:03.684706", "step": null, "ts": 1643112226.7180207}]}, "version": 208}
{"obj": {"type": "LogFloats", "path": ["train", "reward"], "values": [{"value": -1.2845464224037086, "step": null, "ts": 1643112226.718414}]}, "version": 209}
{"obj": {"type": "LogStrings", "path": ["monitoring", "stdout"], "values": [{"value": "r_true =", "step": null, "ts": 1643112226.9731052}]}, "version": 210}
{"obj": {"type": "LogStrings", "path": ["monitoring", "stdout"], "values": [{"value": " ", "step": null, "ts": 1643112226.973402}]}, "version": 211}
{"obj": {"type": "LogStrings", "path": ["monitoring", "stdout"], "values": [{"value": "9.713894584744525", "step": null, "ts": 1643112226.9735048}]}, "version": 212}
{"obj": {"type": "LogStrings", "path": ["monitoring", "stdout"], "values": [{"value": "\n", "step": null, "ts": 1643112226.9735851}]}, "version": 213}
{"obj": {"type": "LogStrings", "path": ["monitoring", "stdout"], "values": [{"value": "\rsteps: :[                                        ]1%\t1650/300000\tmain of rewards = -1.845560\ttime cost = 0:00:03.941109", "step": null, "ts": 1643112226.9744155}]}, "version": 214}
{"obj": {"type": "LogFloats", "path": ["train", "reward"], "values": [{"value": -1.845560171204923, "step": null, "ts": 1643112226.9747908}]}, "version": 215}
{"obj": {"type": "LogStrings", "path": ["monitoring", "stdout"], "values": [{"value": "r_true =", "step": null, "ts": 1643112227.28512}]}, "version": 216}
{"obj": {"type": "LogStrings", "path": ["monitoring", "stdout"], "values": [{"value": " ", "step": null, "ts": 1643112227.2855804}]}, "version": 217}
{"obj": {"type": "LogStrings", "path": ["monitoring", "stdout"], "values": [{"value": "9.078812808734368", "step": null, "ts": 1643112227.2858}]}, "version": 218}
{"obj": {"type": "LogStrings", "path": ["monitoring", "stdout"], "values": [{"value": "\n", "step": null, "ts": 1643112227.2859569}]}, "version": 219}
{"obj": {"type": "LogStrings", "path": ["monitoring", "stdout"], "values": [{"value": "\rsteps: :[                                        ]1%\t1700/300000\tmain of rewards = -2.016112\ttime cost = 0:00:04.254023", "step": null, "ts": 1643112227.2874024}]}, "version": 220}
{"obj": {"type": "LogFloats", "path": ["train", "reward"], "values": [{"value": -2.016112090007603, "step": null, "ts": 1643112227.288008}]}, "version": 221}
{"obj": {"type": "LogStrings", "path": ["monitoring", "stdout"], "values": [{"value": "r_true =", "step": null, "ts": 1643112227.5562406}]}, "version": 222}
{"obj": {"type": "LogStrings", "path": ["monitoring", "stdout"], "values": [{"value": " ", "step": null, "ts": 1643112227.556546}]}, "version": 223}
{"obj": {"type": "LogStrings", "path": ["monitoring", "stdout"], "values": [{"value": "9.325017259333894", "step": null, "ts": 1643112227.5566885}]}, "version": 224}
{"obj": {"type": "LogStrings", "path": ["monitoring", "stdout"], "values": [{"value": "\n", "step": null, "ts": 1643112227.5568142}]}, "version": 225}
{"obj": {"type": "LogStrings", "path": ["monitoring", "stdout"], "values": [{"value": "\rsteps: :[                                        ]1%\t1750/300000\tmain of rewards = -1.226396\ttime cost = 0:00:04.524272", "step": null, "ts": 1643112227.5575786}]}, "version": 226}
{"obj": {"type": "LogFloats", "path": ["train", "reward"], "values": [{"value": -1.2263962453852186, "step": null, "ts": 1643112227.5579484}]}, "version": 227}
{"obj": {"type": "LogStrings", "path": ["monitoring", "stdout"], "values": [{"value": "r_true =", "step": null, "ts": 1643112227.8186083}]}, "version": 228}
{"obj": {"type": "LogStrings", "path": ["monitoring", "stdout"], "values": [{"value": " ", "step": null, "ts": 1643112227.818896}]}, "version": 229}
{"obj": {"type": "LogStrings", "path": ["monitoring", "stdout"], "values": [{"value": "9.40095105834954", "step": null, "ts": 1643112227.819077}]}, "version": 230}
{"obj": {"type": "LogStrings", "path": ["monitoring", "stdout"], "values": [{"value": "\n", "step": null, "ts": 1643112227.8192368}]}, "version": 231}
{"obj": {"type": "LogStrings", "path": ["monitoring", "stdout"], "values": [{"value": "\rsteps: :[                                        ]1%\t1800/300000\tmain of rewards = -2.458214\ttime cost = 0:00:04.786723", "step": null, "ts": 1643112227.820029}]}, "version": 232}
{"obj": {"type": "LogFloats", "path": ["train", "reward"], "values": [{"value": -2.4582139140091592, "step": null, "ts": 1643112227.820454}]}, "version": 233}
{"obj": {"type": "LogStrings", "path": ["monitoring", "stdout"], "values": [{"value": "r_true =", "step": null, "ts": 1643112228.0736134}]}, "version": 234}
{"obj": {"type": "LogStrings", "path": ["monitoring", "stdout"], "values": [{"value": " ", "step": null, "ts": 1643112228.073905}]}, "version": 235}
{"obj": {"type": "LogStrings", "path": ["monitoring", "stdout"], "values": [{"value": "9.556295955457873", "step": null, "ts": 1643112228.074002}]}, "version": 236}
{"obj": {"type": "LogStrings", "path": ["monitoring", "stdout"], "values": [{"value": "\n", "step": null, "ts": 1643112228.0742028}]}, "version": 237}
{"obj": {"type": "LogStrings", "path": ["monitoring", "stdout"], "values": [{"value": "\rsteps: :[                                        ]1%\t1850/300000\tmain of rewards = -1.605567\ttime cost = 0:00:05.041616", "step": null, "ts": 1643112228.0749202}]}, "version": 238}
{"obj": {"type": "LogFloats", "path": ["train", "reward"], "values": [{"value": -1.6055672252850237, "step": null, "ts": 1643112228.0754323}]}, "version": 239}
{"obj": {"type": "LogStrings", "path": ["monitoring", "stdout"], "values": [{"value": "r_true =", "step": null, "ts": 1643112228.3237607}]}, "version": 240}
{"obj": {"type": "LogStrings", "path": ["monitoring", "stdout"], "values": [{"value": " ", "step": null, "ts": 1643112228.3241513}]}, "version": 241}
{"obj": {"type": "LogStrings", "path": ["monitoring", "stdout"], "values": [{"value": "8.881972053035728", "step": null, "ts": 1643112228.3242483}]}, "version": 242}
{"obj": {"type": "LogStrings", "path": ["monitoring", "stdout"], "values": [{"value": "\n", "step": null, "ts": 1643112228.3243268}]}, "version": 243}
{"obj": {"type": "LogStrings", "path": ["monitoring", "stdout"], "values": [{"value": "\rsteps: :[                                        ]1%\t1900/300000\tmain of rewards = -1.969627\ttime cost = 0:00:05.291979", "step": null, "ts": 1643112228.3253572}]}, "version": 244}
{"obj": {"type": "LogFloats", "path": ["train", "reward"], "values": [{"value": -1.9696266980404853, "step": null, "ts": 1643112228.3259404}]}, "version": 245}
{"obj": {"type": "LogStrings", "path": ["monitoring", "stdout"], "values": [{"value": "r_true =", "step": null, "ts": 1643112228.5745106}]}, "version": 246}
{"obj": {"type": "LogStrings", "path": ["monitoring", "stdout"], "values": [{"value": " ", "step": null, "ts": 1643112228.5748436}]}, "version": 247}
{"obj": {"type": "LogStrings", "path": ["monitoring", "stdout"], "values": [{"value": "9.005213340786169", "step": null, "ts": 1643112228.5750208}]}, "version": 248}
{"obj": {"type": "LogStrings", "path": ["monitoring", "stdout"], "values": [{"value": "\n", "step": null, "ts": 1643112228.5751727}]}, "version": 249}
{"obj": {"type": "LogStrings", "path": ["monitoring", "stdout"], "values": [{"value": "\rsteps: :[                                        ]1%\t1950/300000\tmain of rewards = -2.045428\ttime cost = 0:00:05.542670", "step": null, "ts": 1643112228.5759788}]}, "version": 250}
{"obj": {"type": "LogFloats", "path": ["train", "reward"], "values": [{"value": -2.0454276528801763, "step": null, "ts": 1643112228.576405}]}, "version": 251}
{"obj": {"type": "LogStrings", "path": ["monitoring", "stdout"], "values": [{"value": "r_true =", "step": null, "ts": 1643112228.8216836}]}, "version": 252}
{"obj": {"type": "LogStrings", "path": ["monitoring", "stdout"], "values": [{"value": " ", "step": null, "ts": 1643112228.8219838}]}, "version": 253}
{"obj": {"type": "LogStrings", "path": ["monitoring", "stdout"], "values": [{"value": "9.456367145322385", "step": null, "ts": 1643112228.822085}]}, "version": 254}
{"obj": {"type": "LogStrings", "path": ["monitoring", "stdout"], "values": [{"value": "\n", "step": null, "ts": 1643112228.8221626}]}, "version": 255}
{"obj": {"type": "LogStrings", "path": ["monitoring", "stdout"], "values": [{"value": "\rsteps: :[                                        ]1%\t2000/300000\tmain of rewards = -3.155528\ttime cost = 0:00:05.789709", "step": null, "ts": 1643112228.8230164}]}, "version": 256}
{"obj": {"type": "LogFloats", "path": ["train", "reward"], "values": [{"value": -3.1555282412231267, "step": null, "ts": 1643112228.8234684}]}, "version": 257}
{"obj": {"type": "LogStrings", "path": ["monitoring", "stdout"], "values": [{"value": "r_true =", "step": null, "ts": 1643112229.1226704}]}, "version": 258}
{"obj": {"type": "LogStrings", "path": ["monitoring", "stdout"], "values": [{"value": " ", "step": null, "ts": 1643112229.122979}]}, "version": 259}
{"obj": {"type": "LogStrings", "path": ["monitoring", "stdout"], "values": [{"value": "8.425760720147627", "step": null, "ts": 1643112229.123082}]}, "version": 260}
{"obj": {"type": "LogStrings", "path": ["monitoring", "stdout"], "values": [{"value": "\n", "step": null, "ts": 1643112229.1231604}]}, "version": 261}
{"obj": {"type": "LogStrings", "path": ["monitoring", "stdout"], "values": [{"value": "\rsteps: :[                                        ]1%\t2050/300000\tmain of rewards = -1.922533\ttime cost = 0:00:06.090754", "step": null, "ts": 1643112229.124067}]}, "version": 262}
{"obj": {"type": "LogFloats", "path": ["train", "reward"], "values": [{"value": -1.9225327974602133, "step": null, "ts": 1643112229.1244512}]}, "version": 263}
{"obj": {"type": "LogStrings", "path": ["monitoring", "stdout"], "values": [{"value": "r_true =", "step": null, "ts": 1643112229.3679857}]}, "version": 264}
{"obj": {"type": "LogStrings", "path": ["monitoring", "stdout"], "values": [{"value": " ", "step": null, "ts": 1643112229.368293}]}, "version": 265}
{"obj": {"type": "LogStrings", "path": ["monitoring", "stdout"], "values": [{"value": "9.285509528342638", "step": null, "ts": 1643112229.36839}]}, "version": 266}
{"obj": {"type": "LogStrings", "path": ["monitoring", "stdout"], "values": [{"value": "\n", "step": null, "ts": 1643112229.3686066}]}, "version": 267}
{"obj": {"type": "LogStrings", "path": ["monitoring", "stdout"], "values": [{"value": "\rsteps: :[                                        ]1%\t2100/300000\tmain of rewards = -2.690393\ttime cost = 0:00:06.336075", "step": null, "ts": 1643112229.3693812}]}, "version": 268}
{"obj": {"type": "LogFloats", "path": ["train", "reward"], "values": [{"value": -2.6903934882073917, "step": null, "ts": 1643112229.369749}]}, "version": 269}
{"obj": {"type": "LogFloats", "path": ["monitoring", "cpu"], "values": [{"value": 25.4, "step": null, "ts": 1643112229.5546591}]}, "version": 270}
{"obj": {"type": "LogFloats", "path": ["monitoring", "memory"], "values": [{"value": 22.258403778076172, "step": null, "ts": 1643112229.5546591}]}, "version": 271}
{"obj": {"type": "LogFloats", "path": ["monitoring", "gpu"], "values": [{"value": 27.0, "step": null, "ts": 1643112229.5546591}]}, "version": 272}
{"obj": {"type": "LogFloats", "path": ["monitoring", "gpu_memory"], "values": [{"value": 1.0770263671875, "step": null, "ts": 1643112229.5546591}]}, "version": 273}
{"obj": {"type": "LogStrings", "path": ["monitoring", "stdout"], "values": [{"value": "r_true =", "step": null, "ts": 1643112229.63236}]}, "version": 274}
{"obj": {"type": "LogStrings", "path": ["monitoring", "stdout"], "values": [{"value": " ", "step": null, "ts": 1643112229.6326506}]}, "version": 275}
{"obj": {"type": "LogStrings", "path": ["monitoring", "stdout"], "values": [{"value": "9.36423090067852", "step": null, "ts": 1643112229.632802}]}, "version": 276}
{"obj": {"type": "LogStrings", "path": ["monitoring", "stdout"], "values": [{"value": "\n", "step": null, "ts": 1643112229.6328838}]}, "version": 277}
{"obj": {"type": "LogStrings", "path": ["monitoring", "stdout"], "values": [{"value": "\rsteps: :[                                        ]1%\t2150/300000\tmain of rewards = -1.370538\ttime cost = 0:00:06.600395", "step": null, "ts": 1643112229.6337035}]}, "version": 278}
{"obj": {"type": "LogFloats", "path": ["train", "reward"], "values": [{"value": -1.3705380279444235, "step": null, "ts": 1643112229.6340747}]}, "version": 279}
{"obj": {"type": "LogStrings", "path": ["monitoring", "stdout"], "values": [{"value": "r_true =", "step": null, "ts": 1643112229.8835883}]}, "version": 280}
{"obj": {"type": "LogStrings", "path": ["monitoring", "stdout"], "values": [{"value": " ", "step": null, "ts": 1643112229.8838894}]}, "version": 281}
{"obj": {"type": "LogStrings", "path": ["monitoring", "stdout"], "values": [{"value": "8.255550880524627", "step": null, "ts": 1643112229.8839908}]}, "version": 282}
{"obj": {"type": "LogStrings", "path": ["monitoring", "stdout"], "values": [{"value": "\n", "step": null, "ts": 1643112229.8841882}]}, "version": 283}
{"obj": {"type": "LogStrings", "path": ["monitoring", "stdout"], "values": [{"value": "\rsteps: :[                                        ]1%\t2200/300000\tmain of rewards = -1.755222\ttime cost = 0:00:06.851706", "step": null, "ts": 1643112229.8850298}]}, "version": 284}
{"obj": {"type": "LogFloats", "path": ["train", "reward"], "values": [{"value": -1.7552218633229817, "step": null, "ts": 1643112229.8854818}]}, "version": 285}
{"obj": {"type": "LogStrings", "path": ["monitoring", "stdout"], "values": [{"value": "r_true =", "step": null, "ts": 1643112230.1520061}]}, "version": 286}
{"obj": {"type": "LogStrings", "path": ["monitoring", "stdout"], "values": [{"value": " ", "step": null, "ts": 1643112230.1528068}]}, "version": 287}
{"obj": {"type": "LogStrings", "path": ["monitoring", "stdout"], "values": [{"value": "9.52653868868717", "step": null, "ts": 1643112230.1530259}]}, "version": 288}
{"obj": {"type": "LogStrings", "path": ["monitoring", "stdout"], "values": [{"value": "\n", "step": null, "ts": 1643112230.1531854}]}, "version": 289}
{"obj": {"type": "LogStrings", "path": ["monitoring", "stdout"], "values": [{"value": "\rsteps: :[                                        ]1%\t2250/300000\tmain of rewards = -2.375307\ttime cost = 0:00:07.120774", "step": null, "ts": 1643112230.154098}]}, "version": 290}
{"obj": {"type": "LogFloats", "path": ["train", "reward"], "values": [{"value": -2.3753067873063167, "step": null, "ts": 1643112230.154484}]}, "version": 291}
{"obj": {"type": "LogStrings", "path": ["monitoring", "stdout"], "values": [{"value": "r_true =", "step": null, "ts": 1643112230.4039328}]}, "version": 292}
{"obj": {"type": "LogStrings", "path": ["monitoring", "stdout"], "values": [{"value": " ", "step": null, "ts": 1643112230.404225}]}, "version": 293}
{"obj": {"type": "LogStrings", "path": ["monitoring", "stdout"], "values": [{"value": "9.148082277732442", "step": null, "ts": 1643112230.404394}]}, "version": 294}
{"obj": {"type": "LogStrings", "path": ["monitoring", "stdout"], "values": [{"value": "\n", "step": null, "ts": 1643112230.4045532}]}, "version": 295}
{"obj": {"type": "LogStrings", "path": ["monitoring", "stdout"], "values": [{"value": "\rsteps: :[                                        ]1%\t2300/300000\tmain of rewards = -1.903990\ttime cost = 0:00:07.372062", "step": null, "ts": 1643112230.4053676}]}, "version": 296}
{"obj": {"type": "LogFloats", "path": ["train", "reward"], "values": [{"value": -1.9039895906697577, "step": null, "ts": 1643112230.405742}]}, "version": 297}
{"obj": {"type": "LogStrings", "path": ["monitoring", "stdout"], "values": [{"value": "r_true =", "step": null, "ts": 1643112230.6548395}]}, "version": 298}
{"obj": {"type": "LogStrings", "path": ["monitoring", "stdout"], "values": [{"value": " ", "step": null, "ts": 1643112230.6551406}]}, "version": 299}
{"obj": {"type": "LogStrings", "path": ["monitoring", "stdout"], "values": [{"value": "9.121562879347884", "step": null, "ts": 1643112230.655233}]}, "version": 300}
{"obj": {"type": "LogStrings", "path": ["monitoring", "stdout"], "values": [{"value": "\n", "step": null, "ts": 1643112230.6554084}]}, "version": 301}
{"obj": {"type": "LogStrings", "path": ["monitoring", "stdout"], "values": [{"value": "\rsteps: :[                                        ]1%\t2350/300000\tmain of rewards = -1.775675\ttime cost = 0:00:07.622852", "step": null, "ts": 1643112230.656155}]}, "version": 302}
{"obj": {"type": "LogFloats", "path": ["train", "reward"], "values": [{"value": -1.7756750625259998, "step": null, "ts": 1643112230.6565328}]}, "version": 303}
{"obj": {"type": "LogStrings", "path": ["monitoring", "stdout"], "values": [{"value": "r_true =", "step": null, "ts": 1643112230.9038596}]}, "version": 304}
{"obj": {"type": "LogStrings", "path": ["monitoring", "stdout"], "values": [{"value": " ", "step": null, "ts": 1643112230.9041455}]}, "version": 305}
{"obj": {"type": "LogStrings", "path": ["monitoring", "stdout"], "values": [{"value": "9.273812505310891", "step": null, "ts": 1643112230.9042423}]}, "version": 306}
{"obj": {"type": "LogStrings", "path": ["monitoring", "stdout"], "values": [{"value": "\n", "step": null, "ts": 1643112230.9043179}]}, "version": 307}
{"obj": {"type": "LogStrings", "path": ["monitoring", "stdout"], "values": [{"value": "\rsteps: :[                                        ]1%\t2400/300000\tmain of rewards = -2.321911\ttime cost = 0:00:07.871906", "step": null, "ts": 1643112230.9052124}]}, "version": 308}
{"obj": {"type": "LogFloats", "path": ["train", "reward"], "values": [{"value": -2.3219112150247514, "step": null, "ts": 1643112230.9056337}]}, "version": 309}
{"obj": {"type": "LogStrings", "path": ["monitoring", "stdout"], "values": [{"value": "r_true =", "step": null, "ts": 1643112231.1585364}]}, "version": 310}
{"obj": {"type": "LogStrings", "path": ["monitoring", "stdout"], "values": [{"value": " ", "step": null, "ts": 1643112231.1588473}]}, "version": 311}
{"obj": {"type": "LogStrings", "path": ["monitoring", "stdout"], "values": [{"value": "8.048012773662194", "step": null, "ts": 1643112231.1589584}]}, "version": 312}
{"obj": {"type": "LogStrings", "path": ["monitoring", "stdout"], "values": [{"value": "\n", "step": null, "ts": 1643112231.1590385}]}, "version": 313}
{"obj": {"type": "LogStrings", "path": ["monitoring", "stdout"], "values": [{"value": "\rsteps: :[                                        ]1%\t2450/300000\tmain of rewards = -2.536898\ttime cost = 0:00:08.126601", "step": null, "ts": 1643112231.1599104}]}, "version": 314}
{"obj": {"type": "LogFloats", "path": ["train", "reward"], "values": [{"value": -2.536897639121369, "step": null, "ts": 1643112231.1603239}]}, "version": 315}
{"obj": {"type": "LogStrings", "path": ["monitoring", "stdout"], "values": [{"value": "r_true =", "step": null, "ts": 1643112231.4049196}]}, "version": 316}
{"obj": {"type": "LogStrings", "path": ["monitoring", "stdout"], "values": [{"value": " ", "step": null, "ts": 1643112231.4052207}]}, "version": 317}
{"obj": {"type": "LogStrings", "path": ["monitoring", "stdout"], "values": [{"value": "9.576129309813712", "step": null, "ts": 1643112231.4053829}]}, "version": 318}
{"obj": {"type": "LogStrings", "path": ["monitoring", "stdout"], "values": [{"value": "\n", "step": null, "ts": 1643112231.4055505}]}, "version": 319}
{"obj": {"type": "LogStrings", "path": ["monitoring", "stdout"], "values": [{"value": "\rsteps: :[                                        ]1%\t2500/300000\tmain of rewards = -2.378392\ttime cost = 0:00:08.373011", "step": null, "ts": 1643112231.406317}]}, "version": 320}
{"obj": {"type": "LogFloats", "path": ["train", "reward"], "values": [{"value": -2.378391978822013, "step": null, "ts": 1643112231.4066901}]}, "version": 321}
{"obj": {"type": "LogStrings", "path": ["monitoring", "stdout"], "values": [{"value": "r_true =", "step": null, "ts": 1643112231.6554277}]}, "version": 322}
{"obj": {"type": "LogStrings", "path": ["monitoring", "stdout"], "values": [{"value": " ", "step": null, "ts": 1643112231.6557264}]}, "version": 323}
{"obj": {"type": "LogStrings", "path": ["monitoring", "stdout"], "values": [{"value": "9.041821954133734", "step": null, "ts": 1643112231.6558247}]}, "version": 324}
{"obj": {"type": "LogStrings", "path": ["monitoring", "stdout"], "values": [{"value": "\n", "step": null, "ts": 1643112231.6559024}]}, "version": 325}
{"obj": {"type": "LogStrings", "path": ["monitoring", "stdout"], "values": [{"value": "\rsteps: :[                                        ]1%\t2550/300000\tmain of rewards = -2.465931\ttime cost = 0:00:08.623441", "step": null, "ts": 1643112231.6567476}]}, "version": 326}
{"obj": {"type": "LogFloats", "path": ["train", "reward"], "values": [{"value": -2.4659310999363027, "step": null, "ts": 1643112231.6571608}]}, "version": 327}
{"obj": {"type": "LogStrings", "path": ["monitoring", "stdout"], "values": [{"value": "r_true =", "step": null, "ts": 1643112231.9621418}]}, "version": 328}
{"obj": {"type": "LogStrings", "path": ["monitoring", "stdout"], "values": [{"value": " ", "step": null, "ts": 1643112231.9624355}]}, "version": 329}
{"obj": {"type": "LogStrings", "path": ["monitoring", "stdout"], "values": [{"value": "9.690478469894229", "step": null, "ts": 1643112231.9625387}]}, "version": 330}
{"obj": {"type": "LogStrings", "path": ["monitoring", "stdout"], "values": [{"value": "\n", "step": null, "ts": 1643112231.96274}]}, "version": 331}
{"obj": {"type": "LogStrings", "path": ["monitoring", "stdout"], "values": [{"value": "\rsteps: :[                                        ]1%\t2600/300000\tmain of rewards = -1.360183\ttime cost = 0:00:08.930178", "step": null, "ts": 1643112231.9634855}]}, "version": 332}
{"obj": {"type": "LogFloats", "path": ["train", "reward"], "values": [{"value": -1.360182826177317, "step": null, "ts": 1643112231.9648478}]}, "version": 333}
{"obj": {"type": "LogStrings", "path": ["monitoring", "stdout"], "values": [{"value": "r_true =", "step": null, "ts": 1643112232.2073476}]}, "version": 334}
{"obj": {"type": "LogStrings", "path": ["monitoring", "stdout"], "values": [{"value": " ", "step": null, "ts": 1643112232.2076428}]}, "version": 335}
{"obj": {"type": "LogStrings", "path": ["monitoring", "stdout"], "values": [{"value": "9.304245179515465", "step": null, "ts": 1643112232.207744}]}, "version": 336}
{"obj": {"type": "LogStrings", "path": ["monitoring", "stdout"], "values": [{"value": "\n", "step": null, "ts": 1643112232.2078238}]}, "version": 337}
{"obj": {"type": "LogStrings", "path": ["monitoring", "stdout"], "values": [{"value": "\rsteps: :[                                        ]1%\t2650/300000\tmain of rewards = -2.148301\ttime cost = 0:00:09.175389", "step": null, "ts": 1643112232.208697}]}, "version": 338}
{"obj": {"type": "LogFloats", "path": ["train", "reward"], "values": [{"value": -2.148300618319001, "step": null, "ts": 1643112232.2090821}]}, "version": 339}
{"obj": {"type": "LogStrings", "path": ["monitoring", "stdout"], "values": [{"value": "r_true =", "step": null, "ts": 1643112232.4590771}]}, "version": 340}
{"obj": {"type": "LogStrings", "path": ["monitoring", "stdout"], "values": [{"value": " ", "step": null, "ts": 1643112232.4593897}]}, "version": 341}
{"obj": {"type": "LogStrings", "path": ["monitoring", "stdout"], "values": [{"value": "8.912974670086957", "step": null, "ts": 1643112232.4594896}]}, "version": 342}
{"obj": {"type": "LogStrings", "path": ["monitoring", "stdout"], "values": [{"value": "\n", "step": null, "ts": 1643112232.4595695}]}, "version": 343}
{"obj": {"type": "LogStrings", "path": ["monitoring", "stdout"], "values": [{"value": "\rsteps: :[                                        ]1%\t2700/300000\tmain of rewards = -3.068616\ttime cost = 0:00:09.427124", "step": null, "ts": 1643112232.4604332}]}, "version": 344}
{"obj": {"type": "LogFloats", "path": ["train", "reward"], "values": [{"value": -3.0686161930055285, "step": null, "ts": 1643112232.4608116}]}, "version": 345}
{"obj": {"type": "LogStrings", "path": ["monitoring", "stdout"], "values": [{"value": "r_true =", "step": null, "ts": 1643112232.759284}]}, "version": 346}
{"obj": {"type": "LogStrings", "path": ["monitoring", "stdout"], "values": [{"value": " ", "step": null, "ts": 1643112232.759574}]}, "version": 347}
{"obj": {"type": "LogStrings", "path": ["monitoring", "stdout"], "values": [{"value": "8.812550514230798", "step": null, "ts": 1643112232.7596745}]}, "version": 348}
{"obj": {"type": "LogStrings", "path": ["monitoring", "stdout"], "values": [{"value": "\n", "step": null, "ts": 1643112232.7599058}]}, "version": 349}
{"obj": {"type": "LogStrings", "path": ["monitoring", "stdout"], "values": [{"value": "\rsteps: :[                                        ]1%\t2750/300000\tmain of rewards = -1.802887\ttime cost = 0:00:09.727366", "step": null, "ts": 1643112232.7606723}]}, "version": 350}
{"obj": {"type": "LogFloats", "path": ["train", "reward"], "values": [{"value": -1.8028866012673903, "step": null, "ts": 1643112232.7610574}]}, "version": 351}
{"obj": {"type": "LogStrings", "path": ["monitoring", "stdout"], "values": [{"value": "r_true =", "step": null, "ts": 1643112233.0252802}]}, "version": 352}
{"obj": {"type": "LogStrings", "path": ["monitoring", "stdout"], "values": [{"value": " ", "step": null, "ts": 1643112233.0257254}]}, "version": 353}
{"obj": {"type": "LogStrings", "path": ["monitoring", "stdout"], "values": [{"value": "9.417660200427157", "step": null, "ts": 1643112233.0258613}]}, "version": 354}
{"obj": {"type": "LogStrings", "path": ["monitoring", "stdout"], "values": [{"value": "\n", "step": null, "ts": 1643112233.0260718}]}, "version": 355}
{"obj": {"type": "LogStrings", "path": ["monitoring", "stdout"], "values": [{"value": "\rsteps: :[                                        ]1%\t2800/300000\tmain of rewards = -1.770627\ttime cost = 0:00:09.993712", "step": null, "ts": 1643112233.0270417}]}, "version": 356}
{"obj": {"type": "LogFloats", "path": ["train", "reward"], "values": [{"value": -1.7706274013634662, "step": null, "ts": 1643112233.0275896}]}, "version": 357}
{"obj": {"type": "LogStrings", "path": ["monitoring", "stdout"], "values": [{"value": "r_true =", "step": null, "ts": 1643112233.3102286}]}, "version": 358}
{"obj": {"type": "LogStrings", "path": ["monitoring", "stdout"], "values": [{"value": " ", "step": null, "ts": 1643112233.3104336}]}, "version": 359}
{"obj": {"type": "LogStrings", "path": ["monitoring", "stdout"], "values": [{"value": "8.983071214630453", "step": null, "ts": 1643112233.3106182}]}, "version": 360}
{"obj": {"type": "LogStrings", "path": ["monitoring", "stdout"], "values": [{"value": "\n", "step": null, "ts": 1643112233.3107553}]}, "version": 361}
{"obj": {"type": "LogStrings", "path": ["monitoring", "stdout"], "values": [{"value": "\rsteps: :[                                        ]1%\t2850/300000\tmain of rewards = -2.369304\ttime cost = 0:00:10.278747", "step": null, "ts": 1643112233.3120575}]}, "version": 362}
{"obj": {"type": "LogFloats", "path": ["train", "reward"], "values": [{"value": -2.3693042684950187, "step": null, "ts": 1643112233.3124342}]}, "version": 363}
{"obj": {"type": "LogStrings", "path": ["monitoring", "stdout"], "values": [{"value": "r_true =", "step": null, "ts": 1643112233.5812433}]}, "version": 364}
{"obj": {"type": "LogStrings", "path": ["monitoring", "stdout"], "values": [{"value": " ", "step": null, "ts": 1643112233.5816169}]}, "version": 365}
{"obj": {"type": "LogStrings", "path": ["monitoring", "stdout"], "values": [{"value": "8.73942717343941", "step": null, "ts": 1643112233.5817168}]}, "version": 366}
{"obj": {"type": "LogStrings", "path": ["monitoring", "stdout"], "values": [{"value": "\n", "step": null, "ts": 1643112233.5819254}]}, "version": 367}
{"obj": {"type": "LogStrings", "path": ["monitoring", "stdout"], "values": [{"value": "\rsteps: :[                                        ]1%\t2900/300000\tmain of rewards = -2.148260\ttime cost = 0:00:10.549390", "step": null, "ts": 1643112233.582699}]}, "version": 368}
{"obj": {"type": "LogFloats", "path": ["train", "reward"], "values": [{"value": -2.1482600603585045, "step": null, "ts": 1643112233.583085}]}, "version": 369}
{"obj": {"type": "LogStrings", "path": ["monitoring", "stdout"], "values": [{"value": "r_true =", "step": null, "ts": 1643112233.8449402}]}, "version": 370}
{"obj": {"type": "LogStrings", "path": ["monitoring", "stdout"], "values": [{"value": " ", "step": null, "ts": 1643112233.8452506}]}, "version": 371}
{"obj": {"type": "LogStrings", "path": ["monitoring", "stdout"], "values": [{"value": "8.492352020117261", "step": null, "ts": 1643112233.8453507}]}, "version": 372}
{"obj": {"type": "LogStrings", "path": ["monitoring", "stdout"], "values": [{"value": "\n", "step": null, "ts": 1643112233.8455627}]}, "version": 373}
{"obj": {"type": "LogStrings", "path": ["monitoring", "stdout"], "values": [{"value": "\rsteps: :[                                        ]1%\t2950/300000\tmain of rewards = -1.810516\ttime cost = 0:00:10.813059", "step": null, "ts": 1643112233.8463664}]}, "version": 374}
{"obj": {"type": "LogFloats", "path": ["train", "reward"], "values": [{"value": -1.8105164035239585, "step": null, "ts": 1643112233.846742}]}, "version": 375}
{"obj": {"type": "LogStrings", "path": ["monitoring", "stdout"], "values": [{"value": "r_true =", "step": null, "ts": 1643112234.1331294}]}, "version": 376}
{"obj": {"type": "LogStrings", "path": ["monitoring", "stdout"], "values": [{"value": " ", "step": null, "ts": 1643112234.1334903}]}, "version": 377}
{"obj": {"type": "LogStrings", "path": ["monitoring", "stdout"], "values": [{"value": "9.53315434974063", "step": null, "ts": 1643112234.133663}]}, "version": 378}
{"obj": {"type": "LogStrings", "path": ["monitoring", "stdout"], "values": [{"value": "\n", "step": null, "ts": 1643112234.133841}]}, "version": 379}
{"obj": {"type": "LogFloats", "path": ["test", "reward"], "values": [{"value": -1.051710231940923, "step": null, "ts": 1643112234.1553662}]}, "version": 380}
{"obj": {"type": "LogFloats", "path": ["test", "reward"], "values": [{"value": -1.0370211616041087, "step": null, "ts": 1643112234.175054}]}, "version": 381}
{"obj": {"type": "LogFloats", "path": ["test", "reward"], "values": [{"value": -1.01603870049348, "step": null, "ts": 1643112234.1953397}]}, "version": 382}
{"obj": {"type": "LogFloats", "path": ["test", "reward"], "values": [{"value": -1.0714895551444248, "step": null, "ts": 1643112234.2161484}]}, "version": 383}
{"obj": {"type": "LogFloats", "path": ["test", "reward"], "values": [{"value": -0.9723981345996461, "step": null, "ts": 1643112234.2366827}]}, "version": 384}
{"obj": {"type": "LogFloats", "path": ["test", "reward"], "values": [{"value": -0.8872356168399466, "step": null, "ts": 1643112234.256768}]}, "version": 385}
{"obj": {"type": "LogFloats", "path": ["test", "reward"], "values": [{"value": -1.0519832313920352, "step": null, "ts": 1643112234.2762487}]}, "version": 386}
{"obj": {"type": "LogFloats", "path": ["test", "reward"], "values": [{"value": -0.9648610120424566, "step": null, "ts": 1643112234.2967339}]}, "version": 387}
{"obj": {"type": "LogFloats", "path": ["test", "reward"], "values": [{"value": -0.8947162507479389, "step": null, "ts": 1643112234.3168738}]}, "version": 388}
{"obj": {"type": "LogFloats", "path": ["test", "reward"], "values": [{"value": -1.0515546797056863, "step": null, "ts": 1643112234.3375835}]}, "version": 389}
{"obj": {"type": "LogStrings", "path": ["monitoring", "stdout"], "values": [{"value": "\rsteps: :[                                        ]1%\t3000/300000\tmain of rewards = -2.472980\ttime cost = 0:00:11.304867", "step": null, "ts": 1643112234.3382385}]}, "version": 390}
{"obj": {"type": "LogFloats", "path": ["train", "reward"], "values": [{"value": -2.4729797884030735, "step": null, "ts": 1643112234.3387966}]}, "version": 391}
{"obj": {"type": "LogStrings", "path": ["monitoring", "stdout"], "values": [{"value": "r_true =", "step": null, "ts": 1643112234.6043167}]}, "version": 392}
{"obj": {"type": "LogStrings", "path": ["monitoring", "stdout"], "values": [{"value": " ", "step": null, "ts": 1643112234.606741}]}, "version": 393}
{"obj": {"type": "LogStrings", "path": ["monitoring", "stdout"], "values": [{"value": "9.270865077328764", "step": null, "ts": 1643112234.6070354}]}, "version": 394}
{"obj": {"type": "LogStrings", "path": ["monitoring", "stdout"], "values": [{"value": "\n", "step": null, "ts": 1643112234.6072423}]}, "version": 395}
{"obj": {"type": "LogStrings", "path": ["monitoring", "stdout"], "values": [{"value": "\rsteps: :[                                        ]2%\t3050/300000\tmain of rewards = -1.974881\ttime cost = 0:00:11.575155", "step": null, "ts": 1643112234.6085145}]}, "version": 396}
{"obj": {"type": "LogFloats", "path": ["train", "reward"], "values": [{"value": -1.9748807095322303, "step": null, "ts": 1643112234.6091263}]}, "version": 397}
{"obj": {"type": "LogStrings", "path": ["monitoring", "stdout"], "values": [{"value": "r_true =", "step": null, "ts": 1643112234.8698995}]}, "version": 398}
{"obj": {"type": "LogStrings", "path": ["monitoring", "stdout"], "values": [{"value": " ", "step": null, "ts": 1643112234.8701916}]}, "version": 399}
{"obj": {"type": "LogStrings", "path": ["monitoring", "stdout"], "values": [{"value": "8.797277186271984", "step": null, "ts": 1643112234.8702924}]}, "version": 400}
{"obj": {"type": "LogStrings", "path": ["monitoring", "stdout"], "values": [{"value": "\n", "step": null, "ts": 1643112234.8703725}]}, "version": 401}
{"obj": {"type": "LogStrings", "path": ["monitoring", "stdout"], "values": [{"value": "\rsteps: :[                                        ]2%\t3100/300000\tmain of rewards = -1.464811\ttime cost = 0:00:11.837922", "step": null, "ts": 1643112234.8712282}]}, "version": 402}
{"obj": {"type": "LogFloats", "path": ["train", "reward"], "values": [{"value": -1.4648111778376114, "step": null, "ts": 1643112234.8716097}]}, "version": 403}
{"obj": {"type": "LogStrings", "path": ["monitoring", "stdout"], "values": [{"value": "r_true =", "step": null, "ts": 1643112235.181201}]}, "version": 404}
{"obj": {"type": "LogStrings", "path": ["monitoring", "stdout"], "values": [{"value": " ", "step": null, "ts": 1643112235.1815424}]}, "version": 405}
{"obj": {"type": "LogStrings", "path": ["monitoring", "stdout"], "values": [{"value": "9.545457618632922", "step": null, "ts": 1643112235.1817255}]}, "version": 406}
{"obj": {"type": "LogStrings", "path": ["monitoring", "stdout"], "values": [{"value": "\n", "step": null, "ts": 1643112235.1818974}]}, "version": 407}
{"obj": {"type": "LogStrings", "path": ["monitoring", "stdout"], "values": [{"value": "\rsteps: :[                                        ]2%\t3150/300000\tmain of rewards = -1.759130\ttime cost = 0:00:12.149400", "step": null, "ts": 1643112235.1827128}]}, "version": 408}
{"obj": {"type": "LogFloats", "path": ["train", "reward"], "values": [{"value": -1.7591295851011624, "step": null, "ts": 1643112235.1831543}]}, "version": 409}
{"obj": {"type": "LogFloats", "path": ["monitoring", "cpu"], "values": [{"value": 21.2, "step": null, "ts": 1643112239.5559373}]}, "version": 410}
{"obj": {"type": "LogFloats", "path": ["monitoring", "memory"], "values": [{"value": 22.074275970458984, "step": null, "ts": 1643112239.5559373}]}, "version": 411}
{"obj": {"type": "LogFloats", "path": ["monitoring", "gpu_memory"], "values": [{"value": 1.0789794921875, "step": null, "ts": 1643112239.5559373}]}, "version": 412}
{"obj": {"type": "LogFloats", "path": ["monitoring", "cpu"], "values": [{"value": 5.1, "step": null, "ts": 1643112249.5567467}]}, "version": 413}
{"obj": {"type": "LogFloats", "path": ["monitoring", "memory"], "values": [{"value": 22.02922821044922, "step": null, "ts": 1643112249.5567467}]}, "version": 414}
{"obj": {"type": "LogFloats", "path": ["monitoring", "gpu_memory"], "values": [{"value": 1.0789794921875, "step": null, "ts": 1643112249.5567467}]}, "version": 415}
{"obj": {"type": "LogFloats", "path": ["monitoring", "cpu"], "values": [{"value": 9.0, "step": null, "ts": 1643112259.5579221}]}, "version": 416}
{"obj": {"type": "LogFloats", "path": ["monitoring", "memory"], "values": [{"value": 22.07990264892578, "step": null, "ts": 1643112259.5579221}]}, "version": 417}
{"obj": {"type": "LogFloats", "path": ["monitoring", "gpu"], "values": [{"value": 8.0, "step": null, "ts": 1643112259.5579221}]}, "version": 418}
{"obj": {"type": "LogFloats", "path": ["monitoring", "gpu_memory"], "values": [{"value": 1.0789794921875, "step": null, "ts": 1643112259.5579221}]}, "version": 419}
{"obj": {"type": "LogFloats", "path": ["monitoring", "cpu"], "values": [{"value": 8.0, "step": null, "ts": 1643112269.558844}]}, "version": 420}
{"obj": {"type": "LogFloats", "path": ["monitoring", "memory"], "values": [{"value": 22.05657196044922, "step": null, "ts": 1643112269.558844}]}, "version": 421}
{"obj": {"type": "LogFloats", "path": ["monitoring", "gpu_memory"], "values": [{"value": 1.0789794921875, "step": null, "ts": 1643112269.558844}]}, "version": 422}
{"obj": {"type": "LogFloats", "path": ["monitoring", "cpu"], "values": [{"value": 4.0, "step": null, "ts": 1643112279.5597427}]}, "version": 423}
{"obj": {"type": "LogFloats", "path": ["monitoring", "memory"], "values": [{"value": 22.061389923095703, "step": null, "ts": 1643112279.5597427}]}, "version": 424}
{"obj": {"type": "LogFloats", "path": ["monitoring", "gpu"], "values": [{"value": 6.0, "step": null, "ts": 1643112279.5597427}]}, "version": 425}
{"obj": {"type": "LogFloats", "path": ["monitoring", "gpu_memory"], "values": [{"value": 1.0789794921875, "step": null, "ts": 1643112279.5597427}]}, "version": 426}
{"obj": {"type": "LogFloats", "path": ["monitoring", "cpu"], "values": [{"value": 7.3, "step": null, "ts": 1643112289.5609257}]}, "version": 427}
{"obj": {"type": "LogFloats", "path": ["monitoring", "memory"], "values": [{"value": 22.102596282958984, "step": null, "ts": 1643112289.5609257}]}, "version": 428}
{"obj": {"type": "LogFloats", "path": ["monitoring", "gpu"], "values": [{"value": 1.0, "step": null, "ts": 1643112289.5609257}]}, "version": 429}
{"obj": {"type": "LogFloats", "path": ["monitoring", "gpu_memory"], "values": [{"value": 1.0789794921875, "step": null, "ts": 1643112289.5609257}]}, "version": 430}
{"obj": {"type": "LogFloats", "path": ["monitoring", "cpu"], "values": [{"value": 4.5, "step": null, "ts": 1643112299.5620987}]}, "version": 431}
{"obj": {"type": "LogFloats", "path": ["monitoring", "memory"], "values": [{"value": 22.12343978881836, "step": null, "ts": 1643112299.5620987}]}, "version": 432}
{"obj": {"type": "LogFloats", "path": ["monitoring", "gpu_memory"], "values": [{"value": 1.0789794921875, "step": null, "ts": 1643112299.5620987}]}, "version": 433}
{"obj": {"type": "LogFloats", "path": ["monitoring", "cpu"], "values": [{"value": 10.2, "step": null, "ts": 1643112309.5629473}]}, "version": 434}
{"obj": {"type": "LogFloats", "path": ["monitoring", "memory"], "values": [{"value": 22.15389633178711, "step": null, "ts": 1643112309.5629473}]}, "version": 435}
{"obj": {"type": "LogFloats", "path": ["monitoring", "gpu_memory"], "values": [{"value": 1.0789794921875, "step": null, "ts": 1643112309.5629473}]}, "version": 436}
{"obj": {"type": "LogFloats", "path": ["monitoring", "cpu"], "values": [{"value": 4.6, "step": null, "ts": 1643112319.5637288}]}, "version": 437}
{"obj": {"type": "LogFloats", "path": ["monitoring", "memory"], "values": [{"value": 22.12213134765625, "step": null, "ts": 1643112319.5637288}]}, "version": 438}
{"obj": {"type": "LogFloats", "path": ["monitoring", "gpu_memory"], "values": [{"value": 1.0789794921875, "step": null, "ts": 1643112319.5637288}]}, "version": 439}
{"obj": {"type": "LogFloats", "path": ["monitoring", "cpu"], "values": [{"value": 5.0, "step": null, "ts": 1643112329.5645623}]}, "version": 440}
{"obj": {"type": "LogFloats", "path": ["monitoring", "memory"], "values": [{"value": 22.13723373413086, "step": null, "ts": 1643112329.5645623}]}, "version": 441}
{"obj": {"type": "LogFloats", "path": ["monitoring", "gpu"], "values": [{"value": 3.0, "step": null, "ts": 1643112329.5645623}]}, "version": 442}
{"obj": {"type": "LogFloats", "path": ["monitoring", "gpu_memory"], "values": [{"value": 1.0789794921875, "step": null, "ts": 1643112329.5645623}]}, "version": 443}
{"obj": {"type": "LogFloats", "path": ["monitoring", "cpu"], "values": [{"value": 5.3, "step": null, "ts": 1643112339.570656}]}, "version": 444}
{"obj": {"type": "LogFloats", "path": ["monitoring", "memory"], "values": [{"value": 22.13385772705078, "step": null, "ts": 1643112339.570656}]}, "version": 445}
{"obj": {"type": "LogFloats", "path": ["monitoring", "gpu_memory"], "values": [{"value": 1.0789794921875, "step": null, "ts": 1643112339.570656}]}, "version": 446}
{"obj": {"type": "LogFloats", "path": ["monitoring", "cpu"], "values": [{"value": 4.6, "step": null, "ts": 1643112349.6855426}]}, "version": 447}
{"obj": {"type": "LogFloats", "path": ["monitoring", "memory"], "values": [{"value": 22.154865264892578, "step": null, "ts": 1643112349.6855426}]}, "version": 448}
{"obj": {"type": "LogFloats", "path": ["monitoring", "gpu_memory"], "values": [{"value": 1.0789794921875, "step": null, "ts": 1643112349.6855426}]}, "version": 449}
{"obj": {"type": "LogFloats", "path": ["monitoring", "cpu"], "values": [{"value": 5.0, "step": null, "ts": 1643112359.686556}]}, "version": 450}
{"obj": {"type": "LogFloats", "path": ["monitoring", "memory"], "values": [{"value": 22.205596923828125, "step": null, "ts": 1643112359.686556}]}, "version": 451}
{"obj": {"type": "LogFloats", "path": ["monitoring", "gpu"], "values": [{"value": 1.0, "step": null, "ts": 1643112359.686556}]}, "version": 452}
{"obj": {"type": "LogFloats", "path": ["monitoring", "gpu_memory"], "values": [{"value": 1.0789794921875, "step": null, "ts": 1643112359.686556}]}, "version": 453}
{"obj": {"type": "LogFloats", "path": ["monitoring", "cpu"], "values": [{"value": 6.9, "step": null, "ts": 1643112369.6883314}]}, "version": 454}
{"obj": {"type": "LogFloats", "path": ["monitoring", "memory"], "values": [{"value": 22.233814239501953, "step": null, "ts": 1643112369.6883314}]}, "version": 455}
{"obj": {"type": "LogFloats", "path": ["monitoring", "gpu"], "values": [{"value": 16.0, "step": null, "ts": 1643112369.6883314}]}, "version": 456}
{"obj": {"type": "LogFloats", "path": ["monitoring", "gpu_memory"], "values": [{"value": 1.0789794921875, "step": null, "ts": 1643112369.6883314}]}, "version": 457}
{"obj": {"type": "LogFloats", "path": ["monitoring", "cpu"], "values": [{"value": 6.0, "step": null, "ts": 1643112379.6894574}]}, "version": 458}
{"obj": {"type": "LogFloats", "path": ["monitoring", "memory"], "values": [{"value": 22.21267318725586, "step": null, "ts": 1643112379.6894574}]}, "version": 459}
{"obj": {"type": "LogFloats", "path": ["monitoring", "gpu"], "values": [{"value": 1.0, "step": null, "ts": 1643112379.6894574}]}, "version": 460}
{"obj": {"type": "LogFloats", "path": ["monitoring", "gpu_memory"], "values": [{"value": 1.0789794921875, "step": null, "ts": 1643112379.6894574}]}, "version": 461}
{"obj": {"type": "LogFloats", "path": ["monitoring", "cpu"], "values": [{"value": 12.7, "step": null, "ts": 1643112389.690683}]}, "version": 462}
{"obj": {"type": "LogFloats", "path": ["monitoring", "memory"], "values": [{"value": 22.31641387939453, "step": null, "ts": 1643112389.690683}]}, "version": 463}
{"obj": {"type": "LogFloats", "path": ["monitoring", "gpu_memory"], "values": [{"value": 1.0789794921875, "step": null, "ts": 1643112389.690683}]}, "version": 464}
{"obj": {"type": "LogFloats", "path": ["monitoring", "cpu"], "values": [{"value": 7.7, "step": null, "ts": 1643112399.6917925}]}, "version": 465}
{"obj": {"type": "LogFloats", "path": ["monitoring", "memory"], "values": [{"value": 22.250812530517578, "step": null, "ts": 1643112399.6917925}]}, "version": 466}
{"obj": {"type": "LogFloats", "path": ["monitoring", "gpu"], "values": [{"value": 5.0, "step": null, "ts": 1643112399.6917925}]}, "version": 467}
{"obj": {"type": "LogFloats", "path": ["monitoring", "gpu_memory"], "values": [{"value": 1.0789794921875, "step": null, "ts": 1643112399.6917925}]}, "version": 468}
{"obj": {"type": "LogFloats", "path": ["monitoring", "cpu"], "values": [{"value": 7.3, "step": null, "ts": 1643112409.6930342}]}, "version": 469}
{"obj": {"type": "LogFloats", "path": ["monitoring", "memory"], "values": [{"value": 22.240463256835938, "step": null, "ts": 1643112409.6930342}]}, "version": 470}
{"obj": {"type": "LogFloats", "path": ["monitoring", "gpu_memory"], "values": [{"value": 1.0789794921875, "step": null, "ts": 1643112409.6930342}]}, "version": 471}
{"obj": {"type": "LogFloats", "path": ["monitoring", "cpu"], "values": [{"value": 6.8, "step": null, "ts": 1643112419.6941013}]}, "version": 472}
{"obj": {"type": "LogFloats", "path": ["monitoring", "memory"], "values": [{"value": 22.273914337158203, "step": null, "ts": 1643112419.6941013}]}, "version": 473}
{"obj": {"type": "LogFloats", "path": ["monitoring", "gpu"], "values": [{"value": 1.0, "step": null, "ts": 1643112419.6941013}]}, "version": 474}
{"obj": {"type": "LogFloats", "path": ["monitoring", "gpu_memory"], "values": [{"value": 1.0789794921875, "step": null, "ts": 1643112419.6941013}]}, "version": 475}
{"obj": {"type": "LogFloats", "path": ["monitoring", "cpu"], "values": [{"value": 6.5, "step": null, "ts": 1643112429.6953115}]}, "version": 476}
{"obj": {"type": "LogFloats", "path": ["monitoring", "memory"], "values": [{"value": 22.256683349609375, "step": null, "ts": 1643112429.6953115}]}, "version": 477}
{"obj": {"type": "LogFloats", "path": ["monitoring", "gpu_memory"], "values": [{"value": 1.0789794921875, "step": null, "ts": 1643112429.6953115}]}, "version": 478}
{"obj": {"type": "LogFloats", "path": ["monitoring", "cpu"], "values": [{"value": 6.1, "step": null, "ts": 1643112439.696505}]}, "version": 479}
{"obj": {"type": "LogFloats", "path": ["monitoring", "memory"], "values": [{"value": 22.25482177734375, "step": null, "ts": 1643112439.696505}]}, "version": 480}
{"obj": {"type": "LogFloats", "path": ["monitoring", "gpu"], "values": [{"value": 3.0, "step": null, "ts": 1643112439.696505}]}, "version": 481}
{"obj": {"type": "LogFloats", "path": ["monitoring", "gpu_memory"], "values": [{"value": 1.0789794921875, "step": null, "ts": 1643112439.696505}]}, "version": 482}
{"obj": {"type": "LogFloats", "path": ["monitoring", "cpu"], "values": [{"value": 6.9, "step": null, "ts": 1643112449.6976647}]}, "version": 483}
{"obj": {"type": "LogFloats", "path": ["monitoring", "memory"], "values": [{"value": 22.276447296142578, "step": null, "ts": 1643112449.6976647}]}, "version": 484}
{"obj": {"type": "LogFloats", "path": ["monitoring", "gpu"], "values": [{"value": 1.0, "step": null, "ts": 1643112449.6976647}]}, "version": 485}
{"obj": {"type": "LogFloats", "path": ["monitoring", "gpu_memory"], "values": [{"value": 1.0789794921875, "step": null, "ts": 1643112449.6976647}]}, "version": 486}
{"obj": {"type": "LogFloats", "path": ["monitoring", "cpu"], "values": [{"value": 7.7, "step": null, "ts": 1643112459.6988943}]}, "version": 487}
{"obj": {"type": "LogFloats", "path": ["monitoring", "memory"], "values": [{"value": 22.298656463623047, "step": null, "ts": 1643112459.6988943}]}, "version": 488}
{"obj": {"type": "LogFloats", "path": ["monitoring", "gpu"], "values": [{"value": 4.0, "step": null, "ts": 1643112459.6988943}]}, "version": 489}
{"obj": {"type": "LogFloats", "path": ["monitoring", "gpu_memory"], "values": [{"value": 1.0789794921875, "step": null, "ts": 1643112459.6988943}]}, "version": 490}
{"obj": {"type": "LogFloats", "path": ["monitoring", "cpu"], "values": [{"value": 8.5, "step": null, "ts": 1643112469.7000172}]}, "version": 491}
{"obj": {"type": "LogFloats", "path": ["monitoring", "memory"], "values": [{"value": 22.339313507080078, "step": null, "ts": 1643112469.7000172}]}, "version": 492}
{"obj": {"type": "LogFloats", "path": ["monitoring", "gpu"], "values": [{"value": 14.0, "step": null, "ts": 1643112469.7000172}]}, "version": 493}
{"obj": {"type": "LogFloats", "path": ["monitoring", "gpu_memory"], "values": [{"value": 1.0789794921875, "step": null, "ts": 1643112469.7000172}]}, "version": 494}
{"obj": {"type": "LogStrings", "path": ["monitoring", "stdout"], "values": [{"value": "Shutting down background jobs, please wait a moment...\n", "step": null, "ts": 1643112474.0805411}]}, "version": 495}
