{"obj": {"type": "AssignString", "path": ["sys", "name"], "value": "Untitled"}, "version": 1}
{"obj": {"type": "AssignString", "path": ["sys", "description"], "value": ""}, "version": 2}
{"obj": {"type": "AssignString", "path": ["sys", "hostname"], "value": "xhnfly-Strix-GL504GS-S5CS"}, "version": 3}
{"obj": {"type": "AssignBool", "path": ["sys", "failed"], "value": false}, "version": 4}
{"obj": {"type": "ClearStringLog", "path": ["monitoring", "stdout"]}, "version": 5}
{"obj": {"type": "ClearStringLog", "path": ["monitoring", "stderr"]}, "version": 6}
{"obj": {"type": "ConfigFloatSeries", "path": ["monitoring", "cpu"], "min": 0.0, "max": 100.0, "unit": "%"}, "version": 7}
{"obj": {"type": "ClearFloatLog", "path": ["monitoring", "cpu"]}, "version": 8}
{"obj": {"type": "ConfigFloatSeries", "path": ["monitoring", "memory"], "min": 0.0, "max": 31.287979125976562, "unit": "GB"}, "version": 9}
{"obj": {"type": "ClearFloatLog", "path": ["monitoring", "memory"]}, "version": 10}
{"obj": {"type": "ConfigFloatSeries", "path": ["monitoring", "gpu"], "min": 0.0, "max": 100.0, "unit": "%"}, "version": 11}
{"obj": {"type": "ClearFloatLog", "path": ["monitoring", "gpu"]}, "version": 12}
{"obj": {"type": "ConfigFloatSeries", "path": ["monitoring", "gpu_memory"], "min": 0.0, "max": 7.9210205078125, "unit": "GB"}, "version": 13}
{"obj": {"type": "ClearFloatLog", "path": ["monitoring", "gpu_memory"]}, "version": 14}
{"obj": {"type": "LogStrings", "path": ["monitoring", "stdout"], "values": [{"value": "", "step": null, "ts": 1643503134.9682043}]}, "version": 15}
{"obj": {"type": "LogStrings", "path": ["monitoring", "stdout"], "values": [{"value": "Remember to stop your run once you\u2019ve finished logging your metadata (https://docs.neptune.ai/api-reference/run#.stop). It will be stopped automatically only when the notebook kernel/interactive console is terminated.\n", "step": null, "ts": 1643503134.968712}]}, "version": 16}
{"obj": {"type": "LogFloats", "path": ["monitoring", "cpu"], "values": [{"value": 30.4, "step": null, "ts": 1643503134.9643795}]}, "version": 17}
{"obj": {"type": "LogFloats", "path": ["monitoring", "memory"], "values": [{"value": 22.346031188964844, "step": null, "ts": 1643503134.9643795}]}, "version": 18}
{"obj": {"type": "LogFloats", "path": ["monitoring", "gpu_memory"], "values": [{"value": 0.208740234375, "step": null, "ts": 1643503134.9643795}]}, "version": 19}
{"obj": {"type": "LogStrings", "path": ["monitoring", "stdout"], "values": [{"value": "device = ", "step": null, "ts": 1643503138.8333254}]}, "version": 20}
{"obj": {"type": "LogStrings", "path": ["monitoring", "stdout"], "values": [{"value": " ", "step": null, "ts": 1643503138.8336444}]}, "version": 21}
{"obj": {"type": "LogStrings", "path": ["monitoring", "stdout"], "values": [{"value": "cuda", "step": null, "ts": 1643503138.8338134}]}, "version": 22}
{"obj": {"type": "LogStrings", "path": ["monitoring", "stdout"], "values": [{"value": "\n", "step": null, "ts": 1643503138.833964}]}, "version": 23}
{"obj": {"type": "AssignFloat", "path": ["parameters", "dropout"], "value": 0.2}, "version": 24}
{"obj": {"type": "AssignFloat", "path": ["parameters", "learning_rate"], "value": 0.001}, "version": 25}
{"obj": {"type": "AssignString", "path": ["parameters", "optimizer"], "value": "Adam"}, "version": 26}
{"obj": {"type": "AssignInt", "path": ["parameters", "hid"], "value": 512}, "version": 27}
{"obj": {"type": "AssignInt", "path": ["parameters", "l"], "value": 3}, "version": 28}
{"obj": {"type": "AssignInt", "path": ["parameters", "seed"], "value": 0}, "version": 29}
{"obj": {"type": "AssignInt", "path": ["parameters", "steps_per_epoch"], "value": 3000}, "version": 30}
{"obj": {"type": "AssignInt", "path": ["parameters", "steps_video"], "value": 30000}, "version": 31}
{"obj": {"type": "AssignInt", "path": ["parameters", "epochs"], "value": 100}, "version": 32}
{"obj": {"type": "AssignInt", "path": ["parameters", "replay_size"], "value": 10000000}, "version": 33}
{"obj": {"type": "AssignFloat", "path": ["parameters", "gamma"], "value": 0.99}, "version": 34}
{"obj": {"type": "AssignFloat", "path": ["parameters", "polyak"], "value": 0.995}, "version": 35}
{"obj": {"type": "AssignFloat", "path": ["parameters", "pi_lr"], "value": 0.0001}, "version": 36}
{"obj": {"type": "AssignFloat", "path": ["parameters", "q_lr"], "value": 0.0001}, "version": 37}
{"obj": {"type": "AssignInt", "path": ["parameters", "batch_size"], "value": 1000}, "version": 38}
{"obj": {"type": "AssignInt", "path": ["parameters", "start_steps"], "value": 1000}, "version": 39}
{"obj": {"type": "AssignInt", "path": ["parameters", "update_after"], "value": 2000}, "version": 40}
{"obj": {"type": "AssignInt", "path": ["parameters", "update_every"], "value": 100}, "version": 41}
{"obj": {"type": "AssignFloat", "path": ["parameters", "act_noise"], "value": 0.01}, "version": 42}
{"obj": {"type": "AssignInt", "path": ["parameters", "num_test_episodes"], "value": 1}, "version": 43}
{"obj": {"type": "AssignInt", "path": ["parameters", "max_ep_len"], "value": 1000}, "version": 44}
{"obj": {"type": "LogStrings", "path": ["monitoring", "stdout"], "values": [{"value": "obs_dim = ", "step": null, "ts": 1643503139.0168734}]}, "version": 45}
{"obj": {"type": "LogStrings", "path": ["monitoring", "stdout"], "values": [{"value": " ", "step": null, "ts": 1643503139.017175}]}, "version": 46}
{"obj": {"type": "LogStrings", "path": ["monitoring", "stdout"], "values": [{"value": "47", "step": null, "ts": 1643503139.0173314}]}, "version": 47}
{"obj": {"type": "LogStrings", "path": ["monitoring", "stdout"], "values": [{"value": "\n", "step": null, "ts": 1643503139.017454}]}, "version": 48}
{"obj": {"type": "LogStrings", "path": ["monitoring", "stdout"], "values": [{"value": "act_dim = ", "step": null, "ts": 1643503139.0176537}]}, "version": 49}
{"obj": {"type": "LogStrings", "path": ["monitoring", "stdout"], "values": [{"value": " ", "step": null, "ts": 1643503139.0177836}]}, "version": 50}
{"obj": {"type": "LogStrings", "path": ["monitoring", "stdout"], "values": [{"value": "7", "step": null, "ts": 1643503139.0178971}]}, "version": 51}
{"obj": {"type": "LogStrings", "path": ["monitoring", "stdout"], "values": [{"value": "\n", "step": null, "ts": 1643503139.0180058}]}, "version": 52}
{"obj": {"type": "LogStrings", "path": ["monitoring", "stdout"], "values": [{"value": "act_limit = ", "step": null, "ts": 1643503139.0181794}]}, "version": 53}
{"obj": {"type": "LogStrings", "path": ["monitoring", "stdout"], "values": [{"value": " ", "step": null, "ts": 1643503139.0183046}]}, "version": 54}
{"obj": {"type": "LogStrings", "path": ["monitoring", "stdout"], "values": [{"value": "1", "step": null, "ts": 1643503139.0184188}]}, "version": 55}
{"obj": {"type": "LogStrings", "path": ["monitoring", "stdout"], "values": [{"value": "\n", "step": null, "ts": 1643503139.01853}]}, "version": 56}
{"obj": {"type": "LogStrings", "path": ["monitoring", "stderr"], "values": [{"value": "\r  0%|          | 0/300000 [00:00<?, ?it/s]", "step": null, "ts": 1643503141.7632432}]}, "version": 57}
{"obj": {"type": "LogStrings", "path": ["monitoring", "stderr"], "values": [{"value": "\r  0%|          | 2/300000 [00:00<4:43:19, 17.65it/s]", "step": null, "ts": 1643503141.8778055}]}, "version": 58}
{"obj": {"type": "LogStrings", "path": ["monitoring", "stderr"], "values": [{"value": "\r  0%|          | 7/300000 [00:00<2:29:10, 33.52it/s]", "step": null, "ts": 1643503141.9891205}]}, "version": 59}
{"obj": {"type": "LogStrings", "path": ["monitoring", "stderr"], "values": [{"value": "\r  0%|          | 13/300000 [00:00<1:54:44, 43.58it/s]", "step": null, "ts": 1643503142.0959687}]}, "version": 60}
{"obj": {"type": "LogStrings", "path": ["monitoring", "stderr"], "values": [{"value": "\r  0%|          | 19/300000 [00:00<1:43:09, 48.47it/s]", "step": null, "ts": 1643503142.202931}]}, "version": 61}
{"obj": {"type": "LogStrings", "path": ["monitoring", "stderr"], "values": [{"value": "\r  0%|          | 24/300000 [00:00<1:42:55, 48.58it/s]", "step": null, "ts": 1643503142.3053162}]}, "version": 62}
{"obj": {"type": "LogStrings", "path": ["monitoring", "stderr"], "values": [{"value": "\r  0%|          | 30/300000 [00:00<1:41:25, 49.30it/s]", "step": null, "ts": 1643503142.4239793}]}, "version": 63}
{"obj": {"type": "LogStrings", "path": ["monitoring", "stderr"], "values": [{"value": "\r  0%|          | 36/300000 [00:00<1:38:58, 50.51it/s]", "step": null, "ts": 1643503142.5372672}]}, "version": 64}
{"obj": {"type": "LogStrings", "path": ["monitoring", "stderr"], "values": [{"value": "\r  0%|          | 42/300000 [00:00<1:36:30, 51.80it/s]", "step": null, "ts": 1643503142.6471412}]}, "version": 65}
{"obj": {"type": "LogStrings", "path": ["monitoring", "stderr"], "values": [{"value": "\r  0%|          | 48/300000 [00:00<1:34:09, 53.10it/s]", "step": null, "ts": 1643503142.7541924}]}, "version": 66}
{"obj": {"type": "LogStrings", "path": ["monitoring", "stderr"], "values": [{"value": "\r  0%|          | 54/300000 [00:01<1:33:22, 53.54it/s]", "step": null, "ts": 1643503142.8642242}]}, "version": 67}
{"obj": {"type": "LogStrings", "path": ["monitoring", "stderr"], "values": [{"value": "\r  0%|          | 60/300000 [00:01<1:31:49, 54.44it/s]", "step": null, "ts": 1643503142.9703104}]}, "version": 68}
{"obj": {"type": "LogStrings", "path": ["monitoring", "stderr"], "values": [{"value": "\r  0%|          | 66/300000 [00:01<1:30:40, 55.13it/s]", "step": null, "ts": 1643503143.0760171}]}, "version": 69}
{"obj": {"type": "LogStrings", "path": ["monitoring", "stderr"], "values": [{"value": "\r  0%|          | 72/300000 [00:01<1:30:12, 55.41it/s]", "step": null, "ts": 1643503143.1832025}]}, "version": 70}
{"obj": {"type": "LogStrings", "path": ["monitoring", "stderr"], "values": [{"value": "\r  0%|          | 78/300000 [00:01<1:30:24, 55.29it/s]", "step": null, "ts": 1643503143.292103}]}, "version": 71}
{"obj": {"type": "LogStrings", "path": ["monitoring", "stderr"], "values": [{"value": "\r  0%|          | 84/300000 [00:01<1:30:43, 55.10it/s]", "step": null, "ts": 1643503143.4019358}]}, "version": 72}
{"obj": {"type": "LogStrings", "path": ["monitoring", "stderr"], "values": [{"value": "\r  0%|          | 90/300000 [00:01<1:30:26, 55.27it/s]", "step": null, "ts": 1643503143.5096934}]}, "version": 73}
{"obj": {"type": "LogStrings", "path": ["monitoring", "stderr"], "values": [{"value": "\r  0%|          | 96/300000 [00:01<1:31:39, 54.54it/s]", "step": null, "ts": 1643503143.6232133}]}, "version": 74}
{"obj": {"type": "LogStrings", "path": ["monitoring", "stderr"], "values": [{"value": "\r  0%|          | 102/300000 [00:01<1:31:35, 54.57it/s]", "step": null, "ts": 1643503143.7328908}]}, "version": 75}
{"obj": {"type": "LogStrings", "path": ["monitoring", "stderr"], "values": [{"value": "\r  0%|          | 108/300000 [00:02<1:33:11, 53.64it/s]", "step": null, "ts": 1643503143.849192}]}, "version": 76}
{"obj": {"type": "LogStrings", "path": ["monitoring", "stderr"], "values": [{"value": "\r  0%|          | 114/300000 [00:02<1:32:07, 54.25it/s]", "step": null, "ts": 1643503143.9569626}]}, "version": 77}
{"obj": {"type": "LogStrings", "path": ["monitoring", "stderr"], "values": [{"value": "\r  0%|          | 120/300000 [00:02<1:31:20, 54.72it/s]", "step": null, "ts": 1643503144.0642858}]}, "version": 78}
{"obj": {"type": "LogStrings", "path": ["monitoring", "stderr"], "values": [{"value": "\r  0%|          | 126/300000 [00:02<1:30:15, 55.37it/s]", "step": null, "ts": 1643503144.1696317}]}, "version": 79}
{"obj": {"type": "LogStrings", "path": ["monitoring", "stderr"], "values": [{"value": "\r  0%|          | 132/300000 [00:02<1:30:01, 55.51it/s]", "step": null, "ts": 1643503144.2770674}]}, "version": 80}
{"obj": {"type": "LogStrings", "path": ["monitoring", "stderr"], "values": [{"value": "\r  0%|          | 138/300000 [00:02<1:29:29, 55.84it/s]", "step": null, "ts": 1643503144.3832452}]}, "version": 81}
{"obj": {"type": "LogStrings", "path": ["monitoring", "stderr"], "values": [{"value": "\r  0%|          | 144/300000 [00:02<1:29:09, 56.05it/s]", "step": null, "ts": 1643503144.489155}]}, "version": 82}
{"obj": {"type": "LogStrings", "path": ["monitoring", "stderr"], "values": [{"value": "\r  0%|          | 150/300000 [00:02<1:28:34, 56.42it/s]", "step": null, "ts": 1643503144.5938616}]}, "version": 83}
{"obj": {"type": "LogStrings", "path": ["monitoring", "stderr"], "values": [{"value": "\r  0%|          | 156/300000 [00:02<1:27:59, 56.79it/s]", "step": null, "ts": 1643503144.6978948}]}, "version": 84}
{"obj": {"type": "LogStrings", "path": ["monitoring", "stderr"], "values": [{"value": "\r  0%|          | 162/300000 [00:03<1:28:03, 56.74it/s]", "step": null, "ts": 1643503144.8038309}]}, "version": 85}
{"obj": {"type": "LogStrings", "path": ["monitoring", "stderr"], "values": [{"value": "\r  0%|          | 168/300000 [00:03<1:29:29, 55.84it/s]", "step": null, "ts": 1643503144.9153533}]}, "version": 86}
{"obj": {"type": "LogFloats", "path": ["monitoring", "cpu"], "values": [{"value": 23.2, "step": null, "ts": 1643503144.9711058}]}, "version": 87}
{"obj": {"type": "LogFloats", "path": ["monitoring", "memory"], "values": [{"value": 26.135509490966797, "step": null, "ts": 1643503144.9711058}]}, "version": 88}
{"obj": {"type": "LogFloats", "path": ["monitoring", "gpu"], "values": [{"value": 3.0, "step": null, "ts": 1643503144.9711058}]}, "version": 89}
{"obj": {"type": "LogFloats", "path": ["monitoring", "gpu_memory"], "values": [{"value": 0.9149169921875, "step": null, "ts": 1643503144.9711058}]}, "version": 90}
{"obj": {"type": "LogStrings", "path": ["monitoring", "stderr"], "values": [{"value": "\r  0%|          | 174/300000 [00:03<1:30:10, 55.42it/s]", "step": null, "ts": 1643503145.0254538}]}, "version": 91}
{"obj": {"type": "LogStrings", "path": ["monitoring", "stderr"], "values": [{"value": "\r  0%|          | 180/300000 [00:03<1:29:53, 55.59it/s]", "step": null, "ts": 1643503145.1326594}]}, "version": 92}
{"obj": {"type": "LogStrings", "path": ["monitoring", "stderr"], "values": [{"value": "\r  0%|          | 186/300000 [00:03<1:29:55, 55.57it/s]", "step": null, "ts": 1643503145.2408547}]}, "version": 93}
{"obj": {"type": "LogStrings", "path": ["monitoring", "stderr"], "values": [{"value": "\r  0%|          | 192/300000 [00:03<1:29:32, 55.81it/s]", "step": null, "ts": 1643503145.3471315}]}, "version": 94}
{"obj": {"type": "LogStrings", "path": ["monitoring", "stderr"], "values": [{"value": "\r  0%|          | 198/300000 [00:03<1:30:05, 55.46it/s]", "step": null, "ts": 1643503145.4568665}]}, "version": 95}
{"obj": {"type": "LogStrings", "path": ["monitoring", "stderr"], "values": [{"value": "\r  0%|          | 204/300000 [00:03<1:29:39, 55.72it/s]", "step": null, "ts": 1643503145.5633569}]}, "version": 96}
{"obj": {"type": "LogStrings", "path": ["monitoring", "stderr"], "values": [{"value": "\r  0%|          | 210/300000 [00:03<1:29:42, 55.69it/s]", "step": null, "ts": 1643503145.6712296}]}, "version": 97}
{"obj": {"type": "LogStrings", "path": ["monitoring", "stderr"], "values": [{"value": "\r  0%|          | 216/300000 [00:04<1:29:28, 55.84it/s]", "step": null, "ts": 1643503145.7780335}]}, "version": 98}
{"obj": {"type": "LogStrings", "path": ["monitoring", "stderr"], "values": [{"value": "\r  0%|          | 222/300000 [00:04<1:30:09, 55.42it/s]", "step": null, "ts": 1643503145.8882093}]}, "version": 99}
{"obj": {"type": "LogStrings", "path": ["monitoring", "stderr"], "values": [{"value": "\r  0%|          | 228/300000 [00:04<1:30:05, 55.46it/s]", "step": null, "ts": 1643503145.9962103}]}, "version": 100}
{"obj": {"type": "LogStrings", "path": ["monitoring", "stderr"], "values": [{"value": "\r  0%|          | 234/300000 [00:04<1:30:29, 55.21it/s]", "step": null, "ts": 1643503146.1060977}]}, "version": 101}
{"obj": {"type": "LogStrings", "path": ["monitoring", "stderr"], "values": [{"value": "\r  0%|          | 240/300000 [00:04<1:30:11, 55.39it/s]", "step": null, "ts": 1643503146.2135298}]}, "version": 102}
{"obj": {"type": "LogStrings", "path": ["monitoring", "stderr"], "values": [{"value": "\r  0%|          | 246/300000 [00:04<1:30:25, 55.25it/s]", "step": null, "ts": 1643503146.3228438}]}, "version": 103}
{"obj": {"type": "LogStrings", "path": ["monitoring", "stderr"], "values": [{"value": "\r  0%|          | 252/300000 [00:04<1:31:57, 54.33it/s]", "step": null, "ts": 1643503146.4375155}]}, "version": 104}
{"obj": {"type": "LogStrings", "path": ["monitoring", "stderr"], "values": [{"value": "\r  0%|          | 258/300000 [00:04<1:34:01, 53.13it/s]", "step": null, "ts": 1643503146.5562453}]}, "version": 105}
{"obj": {"type": "LogStrings", "path": ["monitoring", "stderr"], "values": [{"value": "\r  0%|          | 264/300000 [00:04<1:35:06, 52.53it/s]", "step": null, "ts": 1643503146.6734912}]}, "version": 106}
{"obj": {"type": "LogStrings", "path": ["monitoring", "stderr"], "values": [{"value": "\r  0%|          | 270/300000 [00:05<1:34:43, 52.74it/s]", "step": null, "ts": 1643503146.7863522}]}, "version": 107}
{"obj": {"type": "LogStrings", "path": ["monitoring", "stderr"], "values": [{"value": "\r  0%|          | 276/300000 [00:05<1:34:08, 53.06it/s]", "step": null, "ts": 1643503146.8976696}]}, "version": 108}
{"obj": {"type": "LogStrings", "path": ["monitoring", "stderr"], "values": [{"value": "\r  0%|          | 282/300000 [00:05<1:34:08, 53.06it/s]", "step": null, "ts": 1643503147.0109005}]}, "version": 109}
{"obj": {"type": "LogStrings", "path": ["monitoring", "stderr"], "values": [{"value": "\r  0%|          | 288/300000 [00:05<1:35:30, 52.30it/s]", "step": null, "ts": 1643503147.1292992}]}, "version": 110}
{"obj": {"type": "LogStrings", "path": ["monitoring", "stderr"], "values": [{"value": "\r  0%|          | 294/300000 [00:05<1:34:56, 52.61it/s]", "step": null, "ts": 1643503147.2417936}]}, "version": 111}
{"obj": {"type": "LogStrings", "path": ["monitoring", "stderr"], "values": [{"value": "\r  0%|          | 300/300000 [00:05<1:35:02, 52.56it/s]", "step": null, "ts": 1643503147.3562007}]}, "version": 112}
{"obj": {"type": "LogStrings", "path": ["monitoring", "stderr"], "values": [{"value": "\r  0%|          | 306/300000 [00:05<1:34:00, 53.14it/s]", "step": null, "ts": 1643503147.4662278}]}, "version": 113}
{"obj": {"type": "LogStrings", "path": ["monitoring", "stderr"], "values": [{"value": "\r  0%|          | 312/300000 [00:05<1:34:23, 52.91it/s]", "step": null, "ts": 1643503147.5807178}]}, "version": 114}
{"obj": {"type": "LogStrings", "path": ["monitoring", "stderr"], "values": [{"value": "\r  0%|          | 318/300000 [00:05<1:36:04, 51.99it/s]", "step": null, "ts": 1643503147.7008588}]}, "version": 115}
{"obj": {"type": "LogStrings", "path": ["monitoring", "stderr"], "values": [{"value": "\r  0%|          | 324/300000 [00:06<1:34:34, 52.81it/s]", "step": null, "ts": 1643503147.8102787}]}, "version": 116}
{"obj": {"type": "LogStrings", "path": ["monitoring", "stderr"], "values": [{"value": "\r  0%|          | 330/300000 [00:06<1:34:49, 52.67it/s]", "step": null, "ts": 1643503147.924893}]}, "version": 117}
{"obj": {"type": "LogStrings", "path": ["monitoring", "stderr"], "values": [{"value": "\r  0%|          | 336/300000 [00:06<1:35:13, 52.45it/s]", "step": null, "ts": 1643503148.0404246}]}, "version": 118}
{"obj": {"type": "LogStrings", "path": ["monitoring", "stderr"], "values": [{"value": "\r  0%|          | 342/300000 [00:06<1:34:46, 52.69it/s]", "step": null, "ts": 1643503148.153041}]}, "version": 119}
{"obj": {"type": "LogStrings", "path": ["monitoring", "stderr"], "values": [{"value": "\r  0%|          | 348/300000 [00:06<1:33:18, 53.53it/s]", "step": null, "ts": 1643503148.2610035}]}, "version": 120}
{"obj": {"type": "LogStrings", "path": ["monitoring", "stderr"], "values": [{"value": "\r  0%|          | 354/300000 [00:06<1:31:42, 54.46it/s]", "step": null, "ts": 1643503148.3667145}]}, "version": 121}
{"obj": {"type": "LogStrings", "path": ["monitoring", "stderr"], "values": [{"value": "\r  0%|          | 360/300000 [00:06<1:30:23, 55.25it/s]", "step": null, "ts": 1643503148.4716153}]}, "version": 122}
{"obj": {"type": "LogStrings", "path": ["monitoring", "stderr"], "values": [{"value": "\r  0%|          | 366/300000 [00:06<1:29:33, 55.76it/s]", "step": null, "ts": 1643503148.576897}]}, "version": 123}
{"obj": {"type": "LogStrings", "path": ["monitoring", "stderr"], "values": [{"value": "\r  0%|          | 372/300000 [00:06<1:28:47, 56.24it/s]", "step": null, "ts": 1643503148.6814537}]}, "version": 124}
{"obj": {"type": "LogStrings", "path": ["monitoring", "stderr"], "values": [{"value": "\r  0%|          | 378/300000 [00:07<1:28:32, 56.40it/s]", "step": null, "ts": 1643503148.7872994}]}, "version": 125}
{"obj": {"type": "LogStrings", "path": ["monitoring", "stderr"], "values": [{"value": "\r  0%|          | 384/300000 [00:07<1:28:35, 56.37it/s]", "step": null, "ts": 1643503148.893711}]}, "version": 126}
{"obj": {"type": "LogStrings", "path": ["monitoring", "stderr"], "values": [{"value": "\r  0%|          | 390/300000 [00:07<1:28:44, 56.27it/s]", "step": null, "ts": 1643503149.0007763}]}, "version": 127}
{"obj": {"type": "LogStrings", "path": ["monitoring", "stderr"], "values": [{"value": "\r  0%|          | 396/300000 [00:07<1:28:58, 56.13it/s]", "step": null, "ts": 1643503149.1083243}]}, "version": 128}
{"obj": {"type": "LogStrings", "path": ["monitoring", "stderr"], "values": [{"value": "\r  0%|          | 402/300000 [00:07<1:28:42, 56.29it/s]", "step": null, "ts": 1643503149.2141845}]}, "version": 129}
{"obj": {"type": "LogStrings", "path": ["monitoring", "stderr"], "values": [{"value": "\r  0%|          | 408/300000 [00:07<1:28:22, 56.50it/s]", "step": null, "ts": 1643503149.3194532}]}, "version": 130}
{"obj": {"type": "LogStrings", "path": ["monitoring", "stderr"], "values": [{"value": "\r  0%|          | 414/300000 [00:07<1:28:25, 56.47it/s]", "step": null, "ts": 1643503149.4258518}]}, "version": 131}
{"obj": {"type": "LogStrings", "path": ["monitoring", "stderr"], "values": [{"value": "\r  0%|          | 420/300000 [00:07<1:28:16, 56.56it/s]", "step": null, "ts": 1643503149.5315473}]}, "version": 132}
{"obj": {"type": "LogStrings", "path": ["monitoring", "stderr"], "values": [{"value": "\r  0%|          | 426/300000 [00:07<1:30:34, 55.13it/s]", "step": null, "ts": 1643503149.6468153}]}, "version": 133}
{"obj": {"type": "LogStrings", "path": ["monitoring", "stderr"], "values": [{"value": "\r  0%|          | 432/300000 [00:07<1:31:32, 54.54it/s]", "step": null, "ts": 1643503149.7595615}]}, "version": 134}
{"obj": {"type": "LogStrings", "path": ["monitoring", "stderr"], "values": [{"value": "\r  0%|          | 438/300000 [00:08<1:32:04, 54.23it/s]", "step": null, "ts": 1643503149.8716872}]}, "version": 135}
{"obj": {"type": "LogStrings", "path": ["monitoring", "stderr"], "values": [{"value": "\r  0%|          | 444/300000 [00:08<1:33:49, 53.22it/s]", "step": null, "ts": 1643503149.989346}]}, "version": 136}
{"obj": {"type": "LogStrings", "path": ["monitoring", "stderr"], "values": [{"value": "\r  0%|          | 450/300000 [00:08<1:35:04, 52.51it/s]", "step": null, "ts": 1643503150.1071107}]}, "version": 137}
{"obj": {"type": "LogStrings", "path": ["monitoring", "stderr"], "values": [{"value": "\r  0%|          | 456/300000 [00:08<1:36:15, 51.87it/s]", "step": null, "ts": 1643503150.2261357}]}, "version": 138}
{"obj": {"type": "LogStrings", "path": ["monitoring", "stderr"], "values": [{"value": "\r  0%|          | 462/300000 [00:08<1:38:10, 50.85it/s]", "step": null, "ts": 1643503150.3495178}]}, "version": 139}
{"obj": {"type": "LogStrings", "path": ["monitoring", "stderr"], "values": [{"value": "\r  0%|          | 468/300000 [00:08<1:40:01, 49.91it/s]", "step": null, "ts": 1643503150.474909}]}, "version": 140}
{"obj": {"type": "LogStrings", "path": ["monitoring", "stderr"], "values": [{"value": "\r  0%|          | 474/300000 [00:08<1:39:29, 50.18it/s]", "step": null, "ts": 1643503150.5930178}]}, "version": 141}
{"obj": {"type": "LogStrings", "path": ["monitoring", "stderr"], "values": [{"value": "\r  0%|          | 480/300000 [00:08<1:38:00, 50.93it/s]", "step": null, "ts": 1643503150.7066581}]}, "version": 142}
{"obj": {"type": "LogStrings", "path": ["monitoring", "stderr"], "values": [{"value": "\r  0%|          | 486/300000 [00:09<1:38:23, 50.74it/s]", "step": null, "ts": 1643503150.8259764}]}, "version": 143}
{"obj": {"type": "LogStrings", "path": ["monitoring", "stderr"], "values": [{"value": "\r  0%|          | 492/300000 [00:09<1:37:54, 50.99it/s]", "step": null, "ts": 1643503150.9423094}]}, "version": 144}
{"obj": {"type": "LogStrings", "path": ["monitoring", "stderr"], "values": [{"value": "\r  0%|          | 498/300000 [00:09<1:37:05, 51.41it/s]", "step": null, "ts": 1643503151.0569124}]}, "version": 145}
{"obj": {"type": "LogStrings", "path": ["monitoring", "stderr"], "values": [{"value": "\r  0%|          | 504/300000 [00:09<1:37:03, 51.42it/s]", "step": null, "ts": 1643503151.1733668}]}, "version": 146}
{"obj": {"type": "LogStrings", "path": ["monitoring", "stderr"], "values": [{"value": "\r  0%|          | 510/300000 [00:09<1:35:22, 52.33it/s]", "step": null, "ts": 1643503151.283509}]}, "version": 147}
{"obj": {"type": "LogStrings", "path": ["monitoring", "stderr"], "values": [{"value": "\r  0%|          | 516/300000 [00:09<1:33:28, 53.40it/s]", "step": null, "ts": 1643503151.3903296}]}, "version": 148}
{"obj": {"type": "LogStrings", "path": ["monitoring", "stderr"], "values": [{"value": "\r  0%|          | 522/300000 [00:09<1:31:36, 54.49it/s]", "step": null, "ts": 1643503151.495208}]}, "version": 149}
{"obj": {"type": "LogStrings", "path": ["monitoring", "stderr"], "values": [{"value": "\r  0%|          | 528/300000 [00:09<1:30:30, 55.15it/s]", "step": null, "ts": 1643503151.6009068}]}, "version": 150}
{"obj": {"type": "LogStrings", "path": ["monitoring", "stderr"], "values": [{"value": "\r  0%|          | 534/300000 [00:09<1:29:24, 55.82it/s]", "step": null, "ts": 1643503151.705319}]}, "version": 151}
{"obj": {"type": "LogStrings", "path": ["monitoring", "stderr"], "values": [{"value": "\r  0%|          | 540/300000 [00:10<1:28:34, 56.35it/s]", "step": null, "ts": 1643503151.8094685}]}, "version": 152}
{"obj": {"type": "LogStrings", "path": ["monitoring", "stderr"], "values": [{"value": "\r  0%|          | 546/300000 [00:10<1:27:51, 56.81it/s]", "step": null, "ts": 1643503151.9130967}]}, "version": 153}
{"obj": {"type": "LogStrings", "path": ["monitoring", "stderr"], "values": [{"value": "\r  0%|          | 552/300000 [00:10<1:28:11, 56.59it/s]", "step": null, "ts": 1643503152.020053}]}, "version": 154}
{"obj": {"type": "LogStrings", "path": ["monitoring", "stderr"], "values": [{"value": "\r  0%|          | 558/300000 [00:10<1:28:40, 56.28it/s]", "step": null, "ts": 1643503152.1281025}]}, "version": 155}
{"obj": {"type": "LogStrings", "path": ["monitoring", "stderr"], "values": [{"value": "\r  0%|          | 564/300000 [00:10<1:28:26, 56.43it/s]", "step": null, "ts": 1643503152.2336795}]}, "version": 156}
{"obj": {"type": "LogStrings", "path": ["monitoring", "stderr"], "values": [{"value": "\r  0%|          | 570/300000 [00:10<1:27:58, 56.73it/s]", "step": null, "ts": 1643503152.3384304}]}, "version": 157}
{"obj": {"type": "LogStrings", "path": ["monitoring", "stderr"], "values": [{"value": "\r  0%|          | 576/300000 [00:10<1:27:14, 57.20it/s]", "step": null, "ts": 1643503152.4410226}]}, "version": 158}
{"obj": {"type": "LogStrings", "path": ["monitoring", "stderr"], "values": [{"value": "\r  0%|          | 582/300000 [00:10<1:26:22, 57.78it/s]", "step": null, "ts": 1643503152.5424042}]}, "version": 159}
{"obj": {"type": "LogStrings", "path": ["monitoring", "stderr"], "values": [{"value": "\r  0%|          | 588/300000 [00:10<1:26:31, 57.67it/s]", "step": null, "ts": 1643503152.646977}]}, "version": 160}
{"obj": {"type": "LogStrings", "path": ["monitoring", "stderr"], "values": [{"value": "\r  0%|          | 594/300000 [00:10<1:26:27, 57.72it/s]", "step": null, "ts": 1643503152.7506766}]}, "version": 161}
{"obj": {"type": "LogStrings", "path": ["monitoring", "stderr"], "values": [{"value": "\r  0%|          | 600/300000 [00:11<1:25:53, 58.10it/s]", "step": null, "ts": 1643503152.8523755}]}, "version": 162}
{"obj": {"type": "LogStrings", "path": ["monitoring", "stderr"], "values": [{"value": "\r  0%|          | 606/300000 [00:11<1:26:47, 57.49it/s]", "step": null, "ts": 1643503152.9602113}]}, "version": 163}
{"obj": {"type": "LogStrings", "path": ["monitoring", "stderr"], "values": [{"value": "\r  0%|          | 612/300000 [00:11<1:26:47, 57.49it/s]", "step": null, "ts": 1643503153.0636616}]}, "version": 164}
{"obj": {"type": "LogStrings", "path": ["monitoring", "stderr"], "values": [{"value": "\r  0%|          | 618/300000 [00:11<1:26:35, 57.62it/s]", "step": null, "ts": 1643503153.1672013}]}, "version": 165}
{"obj": {"type": "LogStrings", "path": ["monitoring", "stderr"], "values": [{"value": "\r  0%|          | 624/300000 [00:11<1:26:27, 57.71it/s]", "step": null, "ts": 1643503153.2708097}]}, "version": 166}
{"obj": {"type": "LogStrings", "path": ["monitoring", "stderr"], "values": [{"value": "\r  0%|          | 630/300000 [00:11<1:25:57, 58.05it/s]", "step": null, "ts": 1643503153.3727567}]}, "version": 167}
{"obj": {"type": "LogStrings", "path": ["monitoring", "stderr"], "values": [{"value": "\r  0%|          | 636/300000 [00:11<1:25:18, 58.49it/s]", "step": null, "ts": 1643503153.4735498}]}, "version": 168}
{"obj": {"type": "LogStrings", "path": ["monitoring", "stderr"], "values": [{"value": "\r  0%|          | 642/300000 [00:11<1:24:40, 58.92it/s]", "step": null, "ts": 1643503153.5736074}]}, "version": 169}
{"obj": {"type": "LogStrings", "path": ["monitoring", "stderr"], "values": [{"value": "\r  0%|          | 648/300000 [00:11<1:24:19, 59.17it/s]", "step": null, "ts": 1643503153.6740334}]}, "version": 170}
{"obj": {"type": "LogStrings", "path": ["monitoring", "stderr"], "values": [{"value": "\r  0%|          | 654/300000 [00:12<1:24:15, 59.22it/s]", "step": null, "ts": 1643503153.7751503}]}, "version": 171}
{"obj": {"type": "LogStrings", "path": ["monitoring", "stderr"], "values": [{"value": "\r  0%|          | 660/300000 [00:12<1:24:21, 59.14it/s]", "step": null, "ts": 1643503153.8769405}]}, "version": 172}
{"obj": {"type": "LogStrings", "path": ["monitoring", "stderr"], "values": [{"value": "\r  0%|          | 666/300000 [00:12<1:24:47, 58.84it/s]", "step": null, "ts": 1643503153.9801085}]}, "version": 173}
{"obj": {"type": "LogStrings", "path": ["monitoring", "stderr"], "values": [{"value": "\r  0%|          | 672/300000 [00:12<1:25:07, 58.60it/s]", "step": null, "ts": 1643503154.083696}]}, "version": 174}
{"obj": {"type": "LogStrings", "path": ["monitoring", "stderr"], "values": [{"value": "\r  0%|          | 678/300000 [00:12<1:25:32, 58.32it/s]", "step": null, "ts": 1643503154.1875453}]}, "version": 175}
{"obj": {"type": "LogStrings", "path": ["monitoring", "stderr"], "values": [{"value": "\r  0%|          | 684/300000 [00:12<1:26:27, 57.70it/s]", "step": null, "ts": 1643503154.2941163}]}, "version": 176}
{"obj": {"type": "LogStrings", "path": ["monitoring", "stderr"], "values": [{"value": "\r  0%|          | 690/300000 [00:12<1:26:06, 57.93it/s]", "step": null, "ts": 1643503154.3966653}]}, "version": 177}
{"obj": {"type": "LogStrings", "path": ["monitoring", "stderr"], "values": [{"value": "\r  0%|          | 696/300000 [00:12<1:25:19, 58.46it/s]", "step": null, "ts": 1643503154.4970937}]}, "version": 178}
{"obj": {"type": "LogStrings", "path": ["monitoring", "stderr"], "values": [{"value": "\r  0%|          | 702/300000 [00:12<1:26:18, 57.80it/s]", "step": null, "ts": 1643503154.6037376}]}, "version": 179}
{"obj": {"type": "LogStrings", "path": ["monitoring", "stderr"], "values": [{"value": "\r  0%|          | 708/300000 [00:12<1:25:49, 58.13it/s]", "step": null, "ts": 1643503154.7055252}]}, "version": 180}
{"obj": {"type": "LogStrings", "path": ["monitoring", "stderr"], "values": [{"value": "\r  0%|          | 714/300000 [00:13<1:25:37, 58.25it/s]", "step": null, "ts": 1643503154.8080282}]}, "version": 181}
{"obj": {"type": "LogStrings", "path": ["monitoring", "stderr"], "values": [{"value": "\r  0%|          | 720/300000 [00:13<1:25:31, 58.32it/s]", "step": null, "ts": 1643503154.9105923}]}, "version": 182}
{"obj": {"type": "LogFloats", "path": ["monitoring", "cpu"], "values": [{"value": 17.5, "step": null, "ts": 1643503154.9766777}]}, "version": 183}
{"obj": {"type": "LogFloats", "path": ["monitoring", "memory"], "values": [{"value": 25.886070251464844, "step": null, "ts": 1643503154.9766777}]}, "version": 184}
{"obj": {"type": "LogFloats", "path": ["monitoring", "gpu"], "values": [{"value": 4.0, "step": null, "ts": 1643503154.9766777}]}, "version": 185}
{"obj": {"type": "LogFloats", "path": ["monitoring", "gpu_memory"], "values": [{"value": 0.9149169921875, "step": null, "ts": 1643503154.9766777}]}, "version": 186}
{"obj": {"type": "LogStrings", "path": ["monitoring", "stderr"], "values": [{"value": "\r  0%|          | 726/300000 [00:13<1:26:25, 57.71it/s]", "step": null, "ts": 1643503155.017114}]}, "version": 187}
{"obj": {"type": "LogStrings", "path": ["monitoring", "stderr"], "values": [{"value": "\r  0%|          | 732/300000 [00:13<1:26:47, 57.47it/s]", "step": null, "ts": 1643503155.122511}]}, "version": 188}
{"obj": {"type": "LogStrings", "path": ["monitoring", "stderr"], "values": [{"value": "\r  0%|          | 739/300000 [00:13<1:25:29, 58.34it/s]", "step": null, "ts": 1643503155.238883}]}, "version": 189}
{"obj": {"type": "LogStrings", "path": ["monitoring", "stderr"], "values": [{"value": "\r  0%|          | 745/300000 [00:13<1:24:52, 58.76it/s]", "step": null, "ts": 1643503155.33925}]}, "version": 190}
{"obj": {"type": "LogStrings", "path": ["monitoring", "stderr"], "values": [{"value": "\r  0%|          | 751/300000 [00:13<1:25:10, 58.55it/s]", "step": null, "ts": 1643503155.4425385}]}, "version": 191}
{"obj": {"type": "LogStrings", "path": ["monitoring", "stderr"], "values": [{"value": "\r  0%|          | 757/300000 [00:13<1:25:49, 58.11it/s]", "step": null, "ts": 1643503155.547648}]}, "version": 192}
{"obj": {"type": "LogStrings", "path": ["monitoring", "stderr"], "values": [{"value": "\r  0%|          | 763/300000 [00:13<1:26:21, 57.75it/s]", "step": null, "ts": 1643503155.6531405}]}, "version": 193}
{"obj": {"type": "LogStrings", "path": ["monitoring", "stderr"], "values": [{"value": "\r  0%|          | 769/300000 [00:13<1:25:40, 58.21it/s]", "step": null, "ts": 1643503155.754264}]}, "version": 194}
{"obj": {"type": "LogStrings", "path": ["monitoring", "stderr"], "values": [{"value": "\r  0%|          | 775/300000 [00:14<1:25:21, 58.42it/s]", "step": null, "ts": 1643503155.8560293}]}, "version": 195}
{"obj": {"type": "LogStrings", "path": ["monitoring", "stderr"], "values": [{"value": "\r  0%|          | 781/300000 [00:14<1:28:30, 56.35it/s]", "step": null, "ts": 1643503155.9713933}]}, "version": 196}
{"obj": {"type": "LogStrings", "path": ["monitoring", "stderr"], "values": [{"value": "\r  0%|          | 787/300000 [00:14<1:27:05, 57.27it/s]", "step": null, "ts": 1643503156.0721626}]}, "version": 197}
{"obj": {"type": "LogStrings", "path": ["monitoring", "stderr"], "values": [{"value": "\r  0%|          | 793/300000 [00:14<1:26:34, 57.60it/s]", "step": null, "ts": 1643503156.174879}]}, "version": 198}
{"obj": {"type": "LogStrings", "path": ["monitoring", "stderr"], "values": [{"value": "\r  0%|          | 799/300000 [00:14<1:27:01, 57.30it/s]", "step": null, "ts": 1643503156.2809184}]}, "version": 199}
{"obj": {"type": "LogStrings", "path": ["monitoring", "stderr"], "values": [{"value": "\r  0%|          | 805/300000 [00:14<1:27:54, 56.73it/s]", "step": null, "ts": 1643503156.3891463}]}, "version": 200}
{"obj": {"type": "LogStrings", "path": ["monitoring", "stderr"], "values": [{"value": "\r  0%|          | 811/300000 [00:14<1:27:07, 57.23it/s]", "step": null, "ts": 1643503156.4918113}]}, "version": 201}
{"obj": {"type": "LogStrings", "path": ["monitoring", "stderr"], "values": [{"value": "\r  0%|          | 817/300000 [00:14<1:26:02, 57.95it/s]", "step": null, "ts": 1643503156.5923505}]}, "version": 202}
{"obj": {"type": "LogStrings", "path": ["monitoring", "stderr"], "values": [{"value": "\r  0%|          | 823/300000 [00:14<1:28:36, 56.27it/s]", "step": null, "ts": 1643503156.7061207}]}, "version": 203}
{"obj": {"type": "LogStrings", "path": ["monitoring", "stderr"], "values": [{"value": "\r  0%|          | 829/300000 [00:15<1:28:16, 56.48it/s]", "step": null, "ts": 1643503156.8114202}]}, "version": 204}
{"obj": {"type": "LogStrings", "path": ["monitoring", "stderr"], "values": [{"value": "\r  0%|          | 835/300000 [00:15<1:27:35, 56.93it/s]", "step": null, "ts": 1643503156.9148881}]}, "version": 205}
{"obj": {"type": "LogStrings", "path": ["monitoring", "stderr"], "values": [{"value": "\r  0%|          | 841/300000 [00:15<1:27:23, 57.05it/s]", "step": null, "ts": 1643503157.0195441}]}, "version": 206}
{"obj": {"type": "LogStrings", "path": ["monitoring", "stderr"], "values": [{"value": "\r  0%|          | 847/300000 [00:15<1:26:08, 57.88it/s]", "step": null, "ts": 1643503157.1196697}]}, "version": 207}
{"obj": {"type": "LogStrings", "path": ["monitoring", "stderr"], "values": [{"value": "\r  0%|          | 853/300000 [00:15<1:25:57, 58.00it/s]", "step": null, "ts": 1643503157.2226305}]}, "version": 208}
{"obj": {"type": "LogStrings", "path": ["monitoring", "stderr"], "values": [{"value": "\r  0%|          | 860/300000 [00:15<1:24:34, 58.95it/s]", "step": null, "ts": 1643503157.3374913}]}, "version": 209}
{"obj": {"type": "LogStrings", "path": ["monitoring", "stderr"], "values": [{"value": "\r  0%|          | 867/300000 [00:15<1:23:23, 59.78it/s]", "step": null, "ts": 1643503157.4511197}]}, "version": 210}
{"obj": {"type": "LogStrings", "path": ["monitoring", "stderr"], "values": [{"value": "\r  0%|          | 874/300000 [00:15<1:22:43, 60.26it/s]", "step": null, "ts": 1643503157.565251}]}, "version": 211}
{"obj": {"type": "LogStrings", "path": ["monitoring", "stderr"], "values": [{"value": "\r  0%|          | 881/300000 [00:15<1:22:56, 60.11it/s]", "step": null, "ts": 1643503157.6823816}]}, "version": 212}
{"obj": {"type": "LogStrings", "path": ["monitoring", "stderr"], "values": [{"value": "\r  0%|          | 888/300000 [00:16<1:24:07, 59.26it/s]", "step": null, "ts": 1643503157.8042784}]}, "version": 213}
{"obj": {"type": "LogStrings", "path": ["monitoring", "stderr"], "values": [{"value": "\r  0%|          | 894/300000 [00:16<1:25:13, 58.50it/s]", "step": null, "ts": 1643503157.9103162}]}, "version": 214}
{"obj": {"type": "LogStrings", "path": ["monitoring", "stderr"], "values": [{"value": "\r  0%|          | 900/300000 [00:16<1:25:41, 58.17it/s]", "step": null, "ts": 1643503158.014935}]}, "version": 215}
{"obj": {"type": "LogStrings", "path": ["monitoring", "stderr"], "values": [{"value": "\r  0%|          | 906/300000 [00:16<1:25:51, 58.06it/s]", "step": null, "ts": 1643503158.118775}]}, "version": 216}
{"obj": {"type": "LogStrings", "path": ["monitoring", "stderr"], "values": [{"value": "\r  0%|          | 913/300000 [00:16<1:24:50, 58.76it/s]", "step": null, "ts": 1643503158.2349284}]}, "version": 217}
{"obj": {"type": "LogStrings", "path": ["monitoring", "stderr"], "values": [{"value": "\r  0%|          | 919/300000 [00:16<1:24:22, 59.08it/s]", "step": null, "ts": 1643503158.3351364}]}, "version": 218}
{"obj": {"type": "LogStrings", "path": ["monitoring", "stderr"], "values": [{"value": "\r  0%|          | 925/300000 [00:16<1:25:31, 58.28it/s]", "step": null, "ts": 1643503158.4414325}]}, "version": 219}
{"obj": {"type": "LogStrings", "path": ["monitoring", "stderr"], "values": [{"value": "\r  0%|          | 932/300000 [00:16<1:24:17, 59.13it/s]", "step": null, "ts": 1643503158.55624}]}, "version": 220}
{"obj": {"type": "LogStrings", "path": ["monitoring", "stderr"], "values": [{"value": "\r  0%|          | 939/300000 [00:16<1:23:34, 59.63it/s]", "step": null, "ts": 1643503158.6714506}]}, "version": 221}
{"obj": {"type": "LogStrings", "path": ["monitoring", "stderr"], "values": [{"value": "\r  0%|          | 946/300000 [00:17<1:23:05, 59.99it/s]", "step": null, "ts": 1643503158.786781}]}, "version": 222}
{"obj": {"type": "LogStrings", "path": ["monitoring", "stderr"], "values": [{"value": "\r  0%|          | 953/300000 [00:17<1:22:39, 60.29it/s]", "step": null, "ts": 1643503158.9013824}]}, "version": 223}
{"obj": {"type": "LogStrings", "path": ["monitoring", "stderr"], "values": [{"value": "\r  0%|          | 960/300000 [00:17<1:22:34, 60.36it/s]", "step": null, "ts": 1643503159.0170968}]}, "version": 224}
{"obj": {"type": "LogStrings", "path": ["monitoring", "stderr"], "values": [{"value": "\r  0%|          | 967/300000 [00:17<1:22:35, 60.35it/s]", "step": null, "ts": 1643503159.1331995}]}, "version": 225}
{"obj": {"type": "LogStrings", "path": ["monitoring", "stderr"], "values": [{"value": "\r  0%|          | 974/300000 [00:17<1:22:45, 60.22it/s]", "step": null, "ts": 1643503159.2499275}]}, "version": 226}
{"obj": {"type": "LogStrings", "path": ["monitoring", "stderr"], "values": [{"value": "\r  0%|          | 981/300000 [00:17<1:23:26, 59.73it/s]", "step": null, "ts": 1643503159.3693364}]}, "version": 227}
{"obj": {"type": "LogStrings", "path": ["monitoring", "stderr"], "values": [{"value": "\r  0%|          | 987/300000 [00:17<1:23:42, 59.53it/s]", "step": null, "ts": 1643503159.4710357}]}, "version": 228}
{"obj": {"type": "LogStrings", "path": ["monitoring", "stderr"], "values": [{"value": "\r  0%|          | 994/300000 [00:17<1:23:08, 59.93it/s]", "step": null, "ts": 1643503159.5861406}]}, "version": 229}
{"obj": {"type": "LogStrings", "path": ["monitoring", "stderr"], "values": [{"value": "\r  0%|          | 1000/300000 [00:18<4:15:15, 19.52it/s]", "step": null, "ts": 1643503160.438906}]}, "version": 230}
{"obj": {"type": "LogStrings", "path": ["monitoring", "stderr"], "values": [{"value": "", "step": null, "ts": 1643503160.6985474}]}, "version": 231}
{"obj": {"type": "LogStrings", "path": ["monitoring", "stderr"], "values": [{"value": "\r  0%|          | 1001/300000 [00:18<1:34:15, 52.87it/s]", "step": null, "ts": 1643503160.6989107}]}, "version": 232}
{"obj": {"type": "LogStrings", "path": ["monitoring", "stderr"], "values": [{"value": "\n", "step": null, "ts": 1643503160.6993034}]}, "version": 233}
{"obj": {"type": "LogFloats", "path": ["monitoring", "cpu"], "values": [{"value": 11.3, "step": null, "ts": 1643503164.9818666}]}, "version": 234}
{"obj": {"type": "LogFloats", "path": ["monitoring", "memory"], "values": [{"value": 26.608230590820312, "step": null, "ts": 1643503164.9818666}]}, "version": 235}
{"obj": {"type": "LogFloats", "path": ["monitoring", "gpu_memory"], "values": [{"value": 1.0086669921875, "step": null, "ts": 1643503164.9818666}]}, "version": 236}
{"obj": {"type": "LogFloats", "path": ["monitoring", "cpu"], "values": [{"value": 13.9, "step": null, "ts": 1643503174.9828744}]}, "version": 237}
{"obj": {"type": "LogFloats", "path": ["monitoring", "memory"], "values": [{"value": 26.65766143798828, "step": null, "ts": 1643503174.9828744}]}, "version": 238}
{"obj": {"type": "LogFloats", "path": ["monitoring", "gpu"], "values": [{"value": 2.0, "step": null, "ts": 1643503174.9828744}]}, "version": 239}
{"obj": {"type": "LogFloats", "path": ["monitoring", "gpu_memory"], "values": [{"value": 1.0086669921875, "step": null, "ts": 1643503174.9828744}]}, "version": 240}
{"obj": {"type": "LogFloats", "path": ["monitoring", "cpu"], "values": [{"value": 12.8, "step": null, "ts": 1643503184.983796}]}, "version": 241}
{"obj": {"type": "LogFloats", "path": ["monitoring", "memory"], "values": [{"value": 26.709754943847656, "step": null, "ts": 1643503184.983796}]}, "version": 242}
{"obj": {"type": "LogFloats", "path": ["monitoring", "gpu_memory"], "values": [{"value": 1.0086669921875, "step": null, "ts": 1643503184.983796}]}, "version": 243}
{"obj": {"type": "LogFloats", "path": ["monitoring", "cpu"], "values": [{"value": 11.8, "step": null, "ts": 1643503194.9846282}]}, "version": 244}
{"obj": {"type": "LogFloats", "path": ["monitoring", "memory"], "values": [{"value": 26.715667724609375, "step": null, "ts": 1643503194.9846282}]}, "version": 245}
{"obj": {"type": "LogFloats", "path": ["monitoring", "gpu_memory"], "values": [{"value": 1.0086669921875, "step": null, "ts": 1643503194.9846282}]}, "version": 246}
