{"obj": {"type": "AssignString", "path": ["sys", "name"], "value": "Untitled"}, "version": 1}
{"obj": {"type": "AssignString", "path": ["sys", "description"], "value": ""}, "version": 2}
{"obj": {"type": "AssignString", "path": ["sys", "hostname"], "value": "xhnfly-Strix-GL504GS-S5CS"}, "version": 3}
{"obj": {"type": "AssignBool", "path": ["sys", "failed"], "value": false}, "version": 4}
{"obj": {"type": "ClearStringLog", "path": ["monitoring", "stdout"]}, "version": 5}
{"obj": {"type": "ClearStringLog", "path": ["monitoring", "stderr"]}, "version": 6}
{"obj": {"type": "ConfigFloatSeries", "path": ["monitoring", "cpu"], "min": 0.0, "max": 100.0, "unit": "%"}, "version": 7}
{"obj": {"type": "ClearFloatLog", "path": ["monitoring", "cpu"]}, "version": 8}
{"obj": {"type": "ConfigFloatSeries", "path": ["monitoring", "memory"], "min": 0.0, "max": 31.287979125976562, "unit": "GB"}, "version": 9}
{"obj": {"type": "ClearFloatLog", "path": ["monitoring", "memory"]}, "version": 10}
{"obj": {"type": "ConfigFloatSeries", "path": ["monitoring", "gpu"], "min": 0.0, "max": 100.0, "unit": "%"}, "version": 11}
{"obj": {"type": "ClearFloatLog", "path": ["monitoring", "gpu"]}, "version": 12}
{"obj": {"type": "ConfigFloatSeries", "path": ["monitoring", "gpu_memory"], "min": 0.0, "max": 7.9210205078125, "unit": "GB"}, "version": 13}
{"obj": {"type": "ClearFloatLog", "path": ["monitoring", "gpu_memory"]}, "version": 14}
{"obj": {"type": "LogStrings", "path": ["monitoring", "stdout"], "values": [{"value": "", "step": null, "ts": 1643693494.5472033}]}, "version": 15}
{"obj": {"type": "LogStrings", "path": ["monitoring", "stdout"], "values": [{"value": "Remember to stop your run once you\u2019ve finished logging your metadata (https://docs.neptune.ai/api-reference/run#.stop). It will be stopped automatically only when the notebook kernel/interactive console is terminated.\n", "step": null, "ts": 1643693494.547667}]}, "version": 16}
{"obj": {"type": "LogFloats", "path": ["monitoring", "cpu"], "values": [{"value": 9.4, "step": null, "ts": 1643693494.5418675}]}, "version": 17}
{"obj": {"type": "LogFloats", "path": ["monitoring", "memory"], "values": [{"value": 19.14232635498047, "step": null, "ts": 1643693494.5418675}]}, "version": 18}
{"obj": {"type": "LogFloats", "path": ["monitoring", "gpu"], "values": [{"value": 1.0, "step": null, "ts": 1643693494.5418675}]}, "version": 19}
{"obj": {"type": "LogFloats", "path": ["monitoring", "gpu_memory"], "values": [{"value": 0.3836669921875, "step": null, "ts": 1643693494.5418675}]}, "version": 20}
{"obj": {"type": "LogStrings", "path": ["monitoring", "stdout"], "values": [{"value": "device = ", "step": null, "ts": 1643693498.8633823}]}, "version": 21}
{"obj": {"type": "LogStrings", "path": ["monitoring", "stdout"], "values": [{"value": " ", "step": null, "ts": 1643693498.8637466}]}, "version": 22}
{"obj": {"type": "LogStrings", "path": ["monitoring", "stdout"], "values": [{"value": "cuda", "step": null, "ts": 1643693498.8639505}]}, "version": 23}
{"obj": {"type": "LogStrings", "path": ["monitoring", "stdout"], "values": [{"value": "\n", "step": null, "ts": 1643693498.8640628}]}, "version": 24}
{"obj": {"type": "AssignFloat", "path": ["parameters", "dropout"], "value": 0.2}, "version": 25}
{"obj": {"type": "AssignFloat", "path": ["parameters", "learning_rate"], "value": 0.001}, "version": 26}
{"obj": {"type": "AssignString", "path": ["parameters", "optimizer"], "value": "Adam"}, "version": 27}
{"obj": {"type": "AssignInt", "path": ["parameters", "hid"], "value": 256}, "version": 28}
{"obj": {"type": "AssignInt", "path": ["parameters", "l"], "value": 3}, "version": 29}
{"obj": {"type": "AssignInt", "path": ["parameters", "seed"], "value": 0}, "version": 30}
{"obj": {"type": "AssignInt", "path": ["parameters", "steps_per_epoch"], "value": 3000}, "version": 31}
{"obj": {"type": "AssignInt", "path": ["parameters", "steps_video"], "value": 3}, "version": 32}
{"obj": {"type": "AssignInt", "path": ["parameters", "epochs"], "value": 100}, "version": 33}
{"obj": {"type": "AssignInt", "path": ["parameters", "replay_size"], "value": 100000000}, "version": 34}
{"obj": {"type": "AssignFloat", "path": ["parameters", "gamma"], "value": 0.99}, "version": 35}
{"obj": {"type": "AssignFloat", "path": ["parameters", "polyak"], "value": 0.995}, "version": 36}
{"obj": {"type": "AssignFloat", "path": ["parameters", "pi_lr"], "value": 0.0001}, "version": 37}
{"obj": {"type": "AssignFloat", "path": ["parameters", "q_lr"], "value": 0.0001}, "version": 38}
{"obj": {"type": "AssignInt", "path": ["parameters", "batch_size"], "value": 1000}, "version": 39}
{"obj": {"type": "AssignInt", "path": ["parameters", "start_steps"], "value": 10000}, "version": 40}
{"obj": {"type": "AssignInt", "path": ["parameters", "update_after"], "value": 5000}, "version": 41}
{"obj": {"type": "AssignInt", "path": ["parameters", "update_every"], "value": 100}, "version": 42}
{"obj": {"type": "AssignFloat", "path": ["parameters", "act_noise"], "value": 0.01}, "version": 43}
{"obj": {"type": "AssignInt", "path": ["parameters", "num_test_episodes"], "value": 10}, "version": 44}
{"obj": {"type": "AssignInt", "path": ["parameters", "max_ep_len"], "value": 1000}, "version": 45}
{"obj": {"type": "AssignInt", "path": ["parameters", "max_video_len"], "value": 1000}, "version": 46}
{"obj": {"type": "AssignInt", "path": ["parameters", "save_model_len"], "value": 10000}, "version": 47}
{"obj": {"type": "LogStrings", "path": ["monitoring", "stdout"], "values": [{"value": "obs_dim = ", "step": null, "ts": 1643693499.0292852}]}, "version": 48}
{"obj": {"type": "LogStrings", "path": ["monitoring", "stdout"], "values": [{"value": " ", "step": null, "ts": 1643693499.0296783}]}, "version": 49}
{"obj": {"type": "LogStrings", "path": ["monitoring", "stdout"], "values": [{"value": "35", "step": null, "ts": 1643693499.0298553}]}, "version": 50}
{"obj": {"type": "LogStrings", "path": ["monitoring", "stdout"], "values": [{"value": "\n", "step": null, "ts": 1643693499.0299819}]}, "version": 51}
{"obj": {"type": "LogStrings", "path": ["monitoring", "stdout"], "values": [{"value": "act_dim = ", "step": null, "ts": 1643693499.0302792}]}, "version": 52}
{"obj": {"type": "LogStrings", "path": ["monitoring", "stdout"], "values": [{"value": " ", "step": null, "ts": 1643693499.030445}]}, "version": 53}
{"obj": {"type": "LogStrings", "path": ["monitoring", "stdout"], "values": [{"value": "6", "step": null, "ts": 1643693499.030608}]}, "version": 54}
{"obj": {"type": "LogStrings", "path": ["monitoring", "stdout"], "values": [{"value": "\n", "step": null, "ts": 1643693499.0307436}]}, "version": 55}
{"obj": {"type": "LogStrings", "path": ["monitoring", "stdout"], "values": [{"value": "act_limit = ", "step": null, "ts": 1643693499.030947}]}, "version": 56}
{"obj": {"type": "LogStrings", "path": ["monitoring", "stdout"], "values": [{"value": " ", "step": null, "ts": 1643693499.0310779}]}, "version": 57}
{"obj": {"type": "LogStrings", "path": ["monitoring", "stdout"], "values": [{"value": "1", "step": null, "ts": 1643693499.0311987}]}, "version": 58}
{"obj": {"type": "LogStrings", "path": ["monitoring", "stdout"], "values": [{"value": "\n", "step": null, "ts": 1643693499.0313094}]}, "version": 59}
{"obj": {"type": "LogStrings", "path": ["monitoring", "stderr"], "values": [{"value": "\r  0%|          | 0/300000 [00:00<?, ?it/s]", "step": null, "ts": 1643693501.733814}]}, "version": 60}
{"obj": {"type": "LogStrings", "path": ["train", "o"], "values": [{"value": "tensor([[ 0.8701, -0.1371, -0.7785, -0.6169,  0.0061, -0.4172, -0.4929, -0.9906,\n          0.6276, -0.7870, -1.0000, -0.9088,  0.0000,  0.0000,  0.0000,  0.0000,\n          0.0000,  0.0000,  0.3722, -0.7640,  1.1169, -0.9981,  0.0426,  0.0387,\n          0.0232,  0.0116,  0.0272,  0.9500,  0.0000,  0.0000,  0.2316, -0.9728,\n         -0.3606,  0.7913, -0.1669]], device='cuda:0', dtype=torch.float64)", "step": null, "ts": 1643693501.7593665}]}, "version": 61}
{"obj": {"type": "LogStrings", "path": ["train", "a"], "values": [{"value": "tensor([[-0.8579, -0.8257, -0.9596,  0.6652,  0.5563,  0.7400]],\n       device='cuda:0')", "step": null, "ts": 1643693501.7620373}]}, "version": 62}
{"obj": {"type": "LogFloats", "path": ["train", "r"], "values": [{"value": 3.095069089908975e-08, "step": null, "ts": 1643693501.7623081}]}, "version": 63}
{"obj": {"type": "LogStrings", "path": ["train", "o2"], "values": [{"value": "tensor([[ 0.8609, -0.1558, -0.7643, -0.6053,  0.0187, -0.4020, -0.5088, -0.9878,\n          0.6448, -0.7960, -0.9998, -0.9156, -0.4323, -0.4148, -0.4820,  0.3348,\n          0.2798,  0.3721,  0.3771, -0.7718,  1.1296, -0.9977,  0.0594,  0.0246,\n          0.0228,  0.0116,  0.0272,  0.9385,  0.0000,  0.0000,  0.2316, -0.9728,\n         -0.3655,  0.7990, -0.1911]], device='cuda:0')", "step": null, "ts": 1643693501.7653847}]}, "version": 64}
{"obj": {"type": "LogFloats", "path": ["train", "d"], "values": [{"value": 0.0, "step": null, "ts": 1643693501.7656357}]}, "version": 65}
{"obj": {"type": "LogStrings", "path": ["train", "o"], "values": [{"value": "tensor([[ 0.8609, -0.1558, -0.7643, -0.6053,  0.0187, -0.4020, -0.5088, -0.9878,\n          0.6448, -0.7960, -0.9998, -0.9156, -0.4323, -0.4148, -0.4820,  0.3348,\n          0.2798,  0.3721,  0.3771, -0.7718,  1.1296, -0.9977,  0.0594,  0.0246,\n          0.0228,  0.0116,  0.0272,  0.9385,  0.0000,  0.0000,  0.2316, -0.9728,\n         -0.3655,  0.7990, -0.1911]], device='cuda:0')", "step": null, "ts": 1643693501.7880297}]}, "version": 66}
{"obj": {"type": "LogStrings", "path": ["train", "a"], "values": [{"value": "tensor([[ 0.9572,  0.5983, -0.0770,  0.5611, -0.7635,  0.2798]],\n       device='cuda:0')", "step": null, "ts": 1643693501.7891111}]}, "version": 67}
{"obj": {"type": "LogFloats", "path": ["train", "r"], "values": [{"value": 3.20480282312019e-08, "step": null, "ts": 1643693501.7893505}]}, "version": 68}
{"obj": {"type": "LogStrings", "path": ["train", "o2"], "values": [{"value": "tensor([[ 0.8659, -0.1460, -0.7622, -0.5942,  0.0070, -0.3948, -0.5002, -0.9893,\n          0.6473, -0.8043, -1.0000, -0.9188,  0.4792,  0.3008, -0.0386,  0.2823,\n         -0.3832,  0.1409,  0.3771, -0.7701,  1.1271, -0.9974,  0.0594,  0.0353,\n          0.0221,  0.0116,  0.0272,  0.9373,  0.0000,  0.0000,  0.2316, -0.9728,\n         -0.3656,  0.7974, -0.1898]], device='cuda:0')", "step": null, "ts": 1643693501.7910483}]}, "version": 69}
{"obj": {"type": "LogFloats", "path": ["train", "d"], "values": [{"value": 0.0, "step": null, "ts": 1643693501.7913122}]}, "version": 70}
{"obj": {"type": "LogStrings", "path": ["train", "o"], "values": [{"value": "tensor([[ 0.8659, -0.1460, -0.7622, -0.5942,  0.0070, -0.3948, -0.5002, -0.9893,\n          0.6473, -0.8043, -1.0000, -0.9188,  0.4792,  0.3008, -0.0386,  0.2823,\n         -0.3832,  0.1409,  0.3771, -0.7701,  1.1271, -0.9974,  0.0594,  0.0353,\n          0.0221,  0.0116,  0.0272,  0.9373,  0.0000,  0.0000,  0.2316, -0.9728,\n         -0.3656,  0.7974, -0.1898]], device='cuda:0')", "step": null, "ts": 1643693501.813529}]}, "version": 71}
{"obj": {"type": "LogStrings", "path": ["train", "a"], "values": [{"value": "tensor([[-0.7133,  0.8893,  0.0437, -0.1707, -0.4709,  0.5485]],\n       device='cuda:0')", "step": null, "ts": 1643693501.8146122}]}, "version": 72}
{"obj": {"type": "LogFloats", "path": ["train", "r"], "values": [{"value": 3.1765356567348135e-08, "step": null, "ts": 1643693501.8148198}]}, "version": 73}
{"obj": {"type": "LogStrings", "path": ["train", "o2"], "values": [{"value": "tensor([[ 0.8633, -0.1244, -0.7630, -0.5950, -0.0053, -0.3825, -0.5047, -0.9922,\n          0.6464, -0.8037, -1.0000, -0.9240, -0.3584,  0.4466,  0.0221, -0.0848,\n         -0.2362,  0.2757,  0.3767, -0.7728,  1.1198, -0.9963,  0.0674,  0.0482,\n          0.0212,  0.0116,  0.0272,  0.9386,  0.0000,  0.0000,  0.2316, -0.9728,\n         -0.3651,  0.8000, -0.1812]], device='cuda:0')", "step": null, "ts": 1643693501.8164067}]}, "version": 74}
{"obj": {"type": "LogFloats", "path": ["train", "d"], "values": [{"value": 0.0, "step": null, "ts": 1643693501.8166049}]}, "version": 75}
{"obj": {"type": "LogStrings", "path": ["monitoring", "stdout"], "values": [{"value": "current_time = ", "step": null, "ts": 1643693501.816901}]}, "version": 76}
{"obj": {"type": "LogStrings", "path": ["monitoring", "stdout"], "values": [{"value": " ", "step": null, "ts": 1643693501.8173046}]}, "version": 77}
{"obj": {"type": "LogStrings", "path": ["monitoring", "stdout"], "values": [{"value": "2022-02-01T16:31:41.816755", "step": null, "ts": 1643693501.817538}]}, "version": 78}
{"obj": {"type": "LogStrings", "path": ["monitoring", "stdout"], "values": [{"value": "\n", "step": null, "ts": 1643693501.8177516}]}, "version": 79}
{"obj": {"type": "LogFloats", "path": ["monitoring", "cpu"], "values": [{"value": 32.3, "step": null, "ts": 1643693504.593175}]}, "version": 80}
{"obj": {"type": "LogFloats", "path": ["monitoring", "memory"], "values": [{"value": 23.698448181152344, "step": null, "ts": 1643693504.593175}]}, "version": 81}
{"obj": {"type": "LogFloats", "path": ["monitoring", "gpu"], "values": [{"value": 5.0, "step": null, "ts": 1643693504.593175}]}, "version": 82}
{"obj": {"type": "LogFloats", "path": ["monitoring", "gpu_memory"], "values": [{"value": 1.17578125, "step": null, "ts": 1643693504.593175}]}, "version": 83}
{"obj": {"type": "LogFloats", "path": ["monitoring", "cpu"], "values": [{"value": 15.7, "step": null, "ts": 1643693514.615204}]}, "version": 84}
{"obj": {"type": "LogFloats", "path": ["monitoring", "memory"], "values": [{"value": 23.544448852539062, "step": null, "ts": 1643693514.615204}]}, "version": 85}
{"obj": {"type": "LogFloats", "path": ["monitoring", "gpu"], "values": [{"value": 4.0, "step": null, "ts": 1643693514.615204}]}, "version": 86}
{"obj": {"type": "LogFloats", "path": ["monitoring", "gpu_memory"], "values": [{"value": 1.17578125, "step": null, "ts": 1643693514.615204}]}, "version": 87}
{"obj": {"type": "LogStrings", "path": ["monitoring", "stderr"], "values": [{"value": "", "step": null, "ts": 1643693518.2866178}]}, "version": 88}
{"obj": {"type": "LogStrings", "path": ["monitoring", "stderr"], "values": [{"value": "\r  0%|          | 2/300000 [00:16<689:41:23,  8.28s/it]", "step": null, "ts": 1643693518.2871807}]}, "version": 89}
{"obj": {"type": "LogStrings", "path": ["monitoring", "stderr"], "values": [{"value": "\n", "step": null, "ts": 1643693518.2876813}]}, "version": 90}
{"obj": {"type": "LogStrings", "path": ["monitoring", "stdout"], "values": [{"value": "Shutting down background jobs, please wait a moment...\n", "step": null, "ts": 1643693520.1585624}]}, "version": 91}
