{"obj": {"type": "AssignString", "path": ["sys", "name"], "value": "Untitled"}, "version": 1}
{"obj": {"type": "AssignString", "path": ["sys", "description"], "value": ""}, "version": 2}
{"obj": {"type": "AssignString", "path": ["sys", "hostname"], "value": "xhnfly-Strix-GL504GS-S5CS"}, "version": 3}
{"obj": {"type": "AssignBool", "path": ["sys", "failed"], "value": false}, "version": 4}
{"obj": {"type": "ClearStringLog", "path": ["monitoring", "stdout"]}, "version": 5}
{"obj": {"type": "ClearStringLog", "path": ["monitoring", "stderr"]}, "version": 6}
{"obj": {"type": "ConfigFloatSeries", "path": ["monitoring", "cpu"], "min": 0.0, "max": 100.0, "unit": "%"}, "version": 7}
{"obj": {"type": "ClearFloatLog", "path": ["monitoring", "cpu"]}, "version": 8}
{"obj": {"type": "ConfigFloatSeries", "path": ["monitoring", "memory"], "min": 0.0, "max": 31.287979125976562, "unit": "GB"}, "version": 9}
{"obj": {"type": "ClearFloatLog", "path": ["monitoring", "memory"]}, "version": 10}
{"obj": {"type": "ConfigFloatSeries", "path": ["monitoring", "gpu"], "min": 0.0, "max": 100.0, "unit": "%"}, "version": 11}
{"obj": {"type": "ClearFloatLog", "path": ["monitoring", "gpu"]}, "version": 12}
{"obj": {"type": "ConfigFloatSeries", "path": ["monitoring", "gpu_memory"], "min": 0.0, "max": 7.9210205078125, "unit": "GB"}, "version": 13}
{"obj": {"type": "ClearFloatLog", "path": ["monitoring", "gpu_memory"]}, "version": 14}
{"obj": {"type": "LogStrings", "path": ["monitoring", "stdout"], "values": [{"value": "", "step": null, "ts": 1643119281.4282453}]}, "version": 15}
{"obj": {"type": "LogStrings", "path": ["monitoring", "stdout"], "values": [{"value": "Remember to stop your run once you\u2019ve finished logging your metadata (https://docs.neptune.ai/api-reference/run#.stop). It will be stopped automatically only when the notebook kernel/interactive console is terminated.\n", "step": null, "ts": 1643119281.4288683}]}, "version": 16}
{"obj": {"type": "LogFloats", "path": ["monitoring", "cpu"], "values": [{"value": 9.8, "step": null, "ts": 1643119281.4243693}]}, "version": 17}
{"obj": {"type": "LogFloats", "path": ["monitoring", "memory"], "values": [{"value": 21.764202117919922, "step": null, "ts": 1643119281.4243693}]}, "version": 18}
{"obj": {"type": "LogFloats", "path": ["monitoring", "gpu"], "values": [{"value": 5.0, "step": null, "ts": 1643119281.4243693}]}, "version": 19}
{"obj": {"type": "LogFloats", "path": ["monitoring", "gpu_memory"], "values": [{"value": 0.1502685546875, "step": null, "ts": 1643119281.4243693}]}, "version": 20}
{"obj": {"type": "LogStrings", "path": ["monitoring", "stdout"], "values": [{"value": "device = ", "step": null, "ts": 1643119284.9722927}]}, "version": 21}
{"obj": {"type": "LogStrings", "path": ["monitoring", "stdout"], "values": [{"value": " ", "step": null, "ts": 1643119284.9727736}]}, "version": 22}
{"obj": {"type": "LogStrings", "path": ["monitoring", "stdout"], "values": [{"value": "cuda", "step": null, "ts": 1643119284.972939}]}, "version": 23}
{"obj": {"type": "LogStrings", "path": ["monitoring", "stdout"], "values": [{"value": "\n", "step": null, "ts": 1643119284.9730182}]}, "version": 24}
{"obj": {"type": "AssignInt", "path": ["parameters", "batch_size"], "value": 500}, "version": 25}
{"obj": {"type": "AssignFloat", "path": ["parameters", "dropout"], "value": 0.2}, "version": 26}
{"obj": {"type": "AssignFloat", "path": ["parameters", "learning_rate"], "value": 0.001}, "version": 27}
{"obj": {"type": "AssignString", "path": ["parameters", "optimizer"], "value": "Adam"}, "version": 28}
{"obj": {"type": "AssignInt", "path": ["parameters", "hid"], "value": 64}, "version": 29}
{"obj": {"type": "AssignInt", "path": ["parameters", "l"], "value": 3}, "version": 30}
{"obj": {"type": "AssignInt", "path": ["parameters", "seed"], "value": 0}, "version": 31}
{"obj": {"type": "AssignInt", "path": ["parameters", "steps_per_epoch"], "value": 3000}, "version": 32}
{"obj": {"type": "AssignInt", "path": ["parameters", "epochs"], "value": 100}, "version": 33}
{"obj": {"type": "AssignInt", "path": ["parameters", "replay_size"], "value": 1000000}, "version": 34}
{"obj": {"type": "AssignFloat", "path": ["parameters", "gamma"], "value": 0.99}, "version": 35}
{"obj": {"type": "AssignFloat", "path": ["parameters", "polyak"], "value": 0.995}, "version": 36}
{"obj": {"type": "AssignFloat", "path": ["parameters", "pi_lr"], "value": 0.0001}, "version": 37}
{"obj": {"type": "AssignFloat", "path": ["parameters", "q_lr"], "value": 0.0001}, "version": 38}
{"obj": {"type": "AssignInt", "path": ["parameters", "start_steps"], "value": 10000}, "version": 39}
{"obj": {"type": "AssignInt", "path": ["parameters", "update_after"], "value": 1000}, "version": 40}
{"obj": {"type": "AssignInt", "path": ["parameters", "update_every"], "value": 50}, "version": 41}
{"obj": {"type": "AssignFloat", "path": ["parameters", "act_noise"], "value": 0.01}, "version": 42}
{"obj": {"type": "AssignInt", "path": ["parameters", "num_test_episodes"], "value": 10}, "version": 43}
{"obj": {"type": "AssignInt", "path": ["parameters", "max_ep_len"], "value": 1000}, "version": 44}
{"obj": {"type": "LogStrings", "path": ["monitoring", "stdout"], "values": [{"value": "obs_dim = ", "step": null, "ts": 1643119288.8551235}]}, "version": 45}
{"obj": {"type": "LogStrings", "path": ["monitoring", "stdout"], "values": [{"value": " ", "step": null, "ts": 1643119288.85545}]}, "version": 46}
{"obj": {"type": "LogStrings", "path": ["monitoring", "stdout"], "values": [{"value": "11", "step": null, "ts": 1643119288.8556252}]}, "version": 47}
{"obj": {"type": "LogStrings", "path": ["monitoring", "stdout"], "values": [{"value": "\n", "step": null, "ts": 1643119288.855969}]}, "version": 48}
{"obj": {"type": "LogStrings", "path": ["monitoring", "stdout"], "values": [{"value": "act_dim = ", "step": null, "ts": 1643119288.8562696}]}, "version": 49}
{"obj": {"type": "LogStrings", "path": ["monitoring", "stdout"], "values": [{"value": " ", "step": null, "ts": 1643119288.8564641}]}, "version": 50}
{"obj": {"type": "LogStrings", "path": ["monitoring", "stdout"], "values": [{"value": "2", "step": null, "ts": 1643119288.8566403}]}, "version": 51}
{"obj": {"type": "LogStrings", "path": ["monitoring", "stdout"], "values": [{"value": "\n", "step": null, "ts": 1643119288.8568194}]}, "version": 52}
{"obj": {"type": "LogStrings", "path": ["monitoring", "stdout"], "values": [{"value": "act_limit = ", "step": null, "ts": 1643119288.8570764}]}, "version": 53}
{"obj": {"type": "LogStrings", "path": ["monitoring", "stdout"], "values": [{"value": " ", "step": null, "ts": 1643119288.857241}]}, "version": 54}
{"obj": {"type": "LogStrings", "path": ["monitoring", "stdout"], "values": [{"value": "1.0", "step": null, "ts": 1643119288.8574092}]}, "version": 55}
{"obj": {"type": "LogStrings", "path": ["monitoring", "stdout"], "values": [{"value": "\n", "step": null, "ts": 1643119288.8575642}]}, "version": 56}
{"obj": {"type": "LogStrings", "path": ["monitoring", "stderr"], "values": [{"value": "/tmp/ipykernel_17636/3045084601.py:152: UserWarning: Creating a tensor from a list of numpy.ndarrays is extremely slow. Please consider converting the list to a single numpy.ndarray with numpy.array() before converting to a tensor. (Triggered internally at  /opt/conda/conda-bld/pytorch_1639180588308/work/torch/csrc/utils/tensor_new.cpp:201.)\n  o = torch.tensor([o], device=device)\n", "step": null, "ts": 1643119290.497317}]}, "version": 57}
{"obj": {"type": "LogStrings", "path": ["monitoring", "stdout"], "values": [{"value": "\rsteps: :[                                        ]1%\t1000/300000\tmain of rewards = -1.488547\ttime cost = 0:00:00.245242\tTrue time of r = 20", "step": null, "ts": 1643119290.7429435}]}, "version": 58}
{"obj": {"type": "LogFloats", "path": ["train", "reward"], "values": [{"value": -1.48854705306176, "step": null, "ts": 1643119290.7435248}]}, "version": 59}
{"obj": {"type": "LogStrings", "path": ["monitoring", "stdout"], "values": [{"value": "\rsteps: :[                                        ]1%\t1050/300000\tmain of rewards = -2.776994\ttime cost = 0:00:00.752893\tTrue time of r = 21", "step": null, "ts": 1643119291.2505963}]}, "version": 60}
{"obj": {"type": "LogFloats", "path": ["train", "reward"], "values": [{"value": -2.776993520960735, "step": null, "ts": 1643119291.2511506}]}, "version": 61}
{"obj": {"type": "LogFloats", "path": ["monitoring", "cpu"], "values": [{"value": 15.5, "step": null, "ts": 1643119291.4314046}]}, "version": 62}
{"obj": {"type": "LogFloats", "path": ["monitoring", "memory"], "values": [{"value": 23.723556518554688, "step": null, "ts": 1643119291.4314046}]}, "version": 63}
{"obj": {"type": "LogFloats", "path": ["monitoring", "gpu"], "values": [{"value": 33.0, "step": null, "ts": 1643119291.4314046}]}, "version": 64}
{"obj": {"type": "LogFloats", "path": ["monitoring", "gpu_memory"], "values": [{"value": 0.9481201171875, "step": null, "ts": 1643119291.4314046}]}, "version": 65}
{"obj": {"type": "LogStrings", "path": ["monitoring", "stdout"], "values": [{"value": "\rsteps: :[                                        ]1%\t1100/300000\tmain of rewards = -1.910079\ttime cost = 0:00:01.000648\tTrue time of r = 22", "step": null, "ts": 1643119291.4983501}]}, "version": 66}
{"obj": {"type": "LogFloats", "path": ["train", "reward"], "values": [{"value": -1.9100791040390872, "step": null, "ts": 1643119291.4988883}]}, "version": 67}
{"obj": {"type": "LogStrings", "path": ["monitoring", "stdout"], "values": [{"value": "\rsteps: :[                                        ]1%\t1150/300000\tmain of rewards = -1.661347\ttime cost = 0:00:01.256592\tTrue time of r = 23", "step": null, "ts": 1643119291.7542965}]}, "version": 68}
{"obj": {"type": "LogFloats", "path": ["train", "reward"], "values": [{"value": -1.6613473669176453, "step": null, "ts": 1643119291.7549005}]}, "version": 69}
{"obj": {"type": "LogStrings", "path": ["monitoring", "stdout"], "values": [{"value": "\rsteps: :[                                        ]1%\t1200/300000\tmain of rewards = -1.805408\ttime cost = 0:00:01.536539\tTrue time of r = 24", "step": null, "ts": 1643119292.0342405}]}, "version": 70}
{"obj": {"type": "LogFloats", "path": ["train", "reward"], "values": [{"value": -1.8054077150293883, "step": null, "ts": 1643119292.0348}]}, "version": 71}
{"obj": {"type": "LogStrings", "path": ["monitoring", "stdout"], "values": [{"value": "\rsteps: :[                                        ]1%\t1250/300000\tmain of rewards = -2.095756\ttime cost = 0:00:01.823146\tTrue time of r = 25", "step": null, "ts": 1643119292.320862}]}, "version": 72}
{"obj": {"type": "LogFloats", "path": ["train", "reward"], "values": [{"value": -2.095756378409388, "step": null, "ts": 1643119292.321489}]}, "version": 73}
{"obj": {"type": "LogStrings", "path": ["monitoring", "stdout"], "values": [{"value": "\rsteps: :[                                        ]1%\t1300/300000\tmain of rewards = -1.733551\ttime cost = 0:00:02.113545\tTrue time of r = 26", "step": null, "ts": 1643119292.6112502}]}, "version": 74}
{"obj": {"type": "LogFloats", "path": ["train", "reward"], "values": [{"value": -1.7335511517444553, "step": null, "ts": 1643119292.6118424}]}, "version": 75}
{"obj": {"type": "LogStrings", "path": ["monitoring", "stdout"], "values": [{"value": "\rsteps: :[                                        ]1%\t1350/300000\tmain of rewards = -1.895182\ttime cost = 0:00:02.374568\tTrue time of r = 27", "step": null, "ts": 1643119292.8722713}]}, "version": 76}
{"obj": {"type": "LogFloats", "path": ["train", "reward"], "values": [{"value": -1.8951820689726326, "step": null, "ts": 1643119292.8728366}]}, "version": 77}
{"obj": {"type": "LogStrings", "path": ["monitoring", "stdout"], "values": [{"value": "\rsteps: :[                                        ]1%\t1400/300000\tmain of rewards = -1.880632\ttime cost = 0:00:02.670812\tTrue time of r = 28", "step": null, "ts": 1643119293.1685176}]}, "version": 78}
{"obj": {"type": "LogFloats", "path": ["train", "reward"], "values": [{"value": -1.880631623988721, "step": null, "ts": 1643119293.1690636}]}, "version": 79}
{"obj": {"type": "LogStrings", "path": ["monitoring", "stdout"], "values": [{"value": "\rsteps: :[                                        ]1%\t1450/300000\tmain of rewards = -1.956532\ttime cost = 0:00:02.926969\tTrue time of r = 29", "step": null, "ts": 1643119293.4246714}]}, "version": 80}
{"obj": {"type": "LogFloats", "path": ["train", "reward"], "values": [{"value": -1.956532060036651, "step": null, "ts": 1643119293.4253376}]}, "version": 81}
{"obj": {"type": "LogStrings", "path": ["monitoring", "stdout"], "values": [{"value": "\rsteps: :[                                        ]1%\t1500/300000\tmain of rewards = -1.798555\ttime cost = 0:00:03.182294\tTrue time of r = 30", "step": null, "ts": 1643119293.6799946}]}, "version": 82}
{"obj": {"type": "LogFloats", "path": ["train", "reward"], "values": [{"value": -1.7985550512622908, "step": null, "ts": 1643119293.6806717}]}, "version": 83}
{"obj": {"type": "LogStrings", "path": ["monitoring", "stdout"], "values": [{"value": "\rsteps: :[                                        ]1%\t1550/300000\tmain of rewards = -2.707290\ttime cost = 0:00:03.437877\tTrue time of r = 31", "step": null, "ts": 1643119293.9356148}]}, "version": 84}
{"obj": {"type": "LogFloats", "path": ["train", "reward"], "values": [{"value": -2.7072898287232916, "step": null, "ts": 1643119293.936258}]}, "version": 85}
{"obj": {"type": "LogStrings", "path": ["monitoring", "stdout"], "values": [{"value": "\rsteps: :[                                        ]1%\t1600/300000\tmain of rewards = -1.238555\ttime cost = 0:00:03.698443\tTrue time of r = 32", "step": null, "ts": 1643119294.1963005}]}, "version": 86}
{"obj": {"type": "LogFloats", "path": ["train", "reward"], "values": [{"value": -1.2385553178089157, "step": null, "ts": 1643119294.1966922}]}, "version": 87}
{"obj": {"type": "LogStrings", "path": ["monitoring", "stdout"], "values": [{"value": "\rsteps: :[                                        ]1%\t1650/300000\tmain of rewards = -1.912890\ttime cost = 0:00:03.954147\tTrue time of r = 33", "step": null, "ts": 1643119294.451847}]}, "version": 88}
{"obj": {"type": "LogFloats", "path": ["train", "reward"], "values": [{"value": -1.912890238936528, "step": null, "ts": 1643119294.4524665}]}, "version": 89}
{"obj": {"type": "LogStrings", "path": ["monitoring", "stdout"], "values": [{"value": "\rsteps: :[                                        ]1%\t1700/300000\tmain of rewards = -1.495543\ttime cost = 0:00:04.210737\tTrue time of r = 34", "step": null, "ts": 1643119294.708444}]}, "version": 90}
{"obj": {"type": "LogFloats", "path": ["train", "reward"], "values": [{"value": -1.4955434822758185, "step": null, "ts": 1643119294.7090194}]}, "version": 91}
{"obj": {"type": "LogStrings", "path": ["monitoring", "stdout"], "values": [{"value": "\rsteps: :[                                        ]1%\t1750/300000\tmain of rewards = -1.598678\ttime cost = 0:00:04.465414\tTrue time of r = 35", "step": null, "ts": 1643119294.9631176}]}, "version": 92}
{"obj": {"type": "LogFloats", "path": ["train", "reward"], "values": [{"value": -1.5986782077001105, "step": null, "ts": 1643119294.9637456}]}, "version": 93}
{"obj": {"type": "LogStrings", "path": ["monitoring", "stdout"], "values": [{"value": "\rsteps: :[                                        ]1%\t1800/300000\tmain of rewards = -2.265700\ttime cost = 0:00:04.722380\tTrue time of r = 36", "step": null, "ts": 1643119295.2200806}]}, "version": 94}
{"obj": {"type": "LogFloats", "path": ["train", "reward"], "values": [{"value": -2.2656995807591924, "step": null, "ts": 1643119295.2206407}]}, "version": 95}
{"obj": {"type": "LogStrings", "path": ["monitoring", "stdout"], "values": [{"value": "\rsteps: :[                                        ]1%\t1850/300000\tmain of rewards = -2.243678\ttime cost = 0:00:04.982580\tTrue time of r = 37", "step": null, "ts": 1643119295.4802818}]}, "version": 96}
{"obj": {"type": "LogFloats", "path": ["train", "reward"], "values": [{"value": -2.2436775159679385, "step": null, "ts": 1643119295.4809456}]}, "version": 97}
{"obj": {"type": "LogStrings", "path": ["monitoring", "stdout"], "values": [{"value": "\rsteps: :[                                        ]1%\t1900/300000\tmain of rewards = -1.447826\ttime cost = 0:00:05.238650\tTrue time of r = 38", "step": null, "ts": 1643119295.7364001}]}, "version": 98}
{"obj": {"type": "LogFloats", "path": ["train", "reward"], "values": [{"value": -1.4478259228986083, "step": null, "ts": 1643119295.7369692}]}, "version": 99}
{"obj": {"type": "LogStrings", "path": ["monitoring", "stdout"], "values": [{"value": "\rsteps: :[                                        ]1%\t1950/300000\tmain of rewards = -1.972549\ttime cost = 0:00:05.492062\tTrue time of r = 39", "step": null, "ts": 1643119295.9897728}]}, "version": 100}
{"obj": {"type": "LogFloats", "path": ["train", "reward"], "values": [{"value": -1.9725488836901683, "step": null, "ts": 1643119295.9903748}]}, "version": 101}
{"obj": {"type": "LogStrings", "path": ["monitoring", "stdout"], "values": [{"value": "\rsteps: :[                                        ]1%\t2000/300000\tmain of rewards = -2.328039\ttime cost = 0:00:05.750843\tTrue time of r = 40", "step": null, "ts": 1643119296.2485533}]}, "version": 102}
{"obj": {"type": "LogFloats", "path": ["train", "reward"], "values": [{"value": -2.328038613469678, "step": null, "ts": 1643119296.2491212}]}, "version": 103}
{"obj": {"type": "LogStrings", "path": ["monitoring", "stdout"], "values": [{"value": "\rsteps: :[                                        ]1%\t2050/300000\tmain of rewards = -1.912015\ttime cost = 0:00:06.018742\tTrue time of r = 41", "step": null, "ts": 1643119296.5165882}]}, "version": 104}
{"obj": {"type": "LogFloats", "path": ["train", "reward"], "values": [{"value": -1.9120150133091987, "step": null, "ts": 1643119296.5170686}]}, "version": 105}
{"obj": {"type": "LogStrings", "path": ["monitoring", "stdout"], "values": [{"value": "\rsteps: :[                                        ]1%\t2100/300000\tmain of rewards = -2.446035\ttime cost = 0:00:06.280639\tTrue time of r = 42", "step": null, "ts": 1643119296.7783375}]}, "version": 106}
{"obj": {"type": "LogFloats", "path": ["train", "reward"], "values": [{"value": -2.446035108385181, "step": null, "ts": 1643119296.779058}]}, "version": 107}
{"obj": {"type": "LogStrings", "path": ["monitoring", "stdout"], "values": [{"value": "\rsteps: :[                                        ]1%\t2150/300000\tmain of rewards = -1.718984\ttime cost = 0:00:06.550940\tTrue time of r = 43", "step": null, "ts": 1643119297.0486462}]}, "version": 108}
{"obj": {"type": "LogFloats", "path": ["train", "reward"], "values": [{"value": -1.7189842161351392, "step": null, "ts": 1643119297.0492914}]}, "version": 109}
{"obj": {"type": "LogStrings", "path": ["monitoring", "stdout"], "values": [{"value": "\rsteps: :[                                        ]1%\t2200/300000\tmain of rewards = -1.414142\ttime cost = 0:00:06.824484\tTrue time of r = 44", "step": null, "ts": 1643119297.3221858}]}, "version": 110}
{"obj": {"type": "LogFloats", "path": ["train", "reward"], "values": [{"value": -1.414141591759034, "step": null, "ts": 1643119297.3228307}]}, "version": 111}
{"obj": {"type": "LogStrings", "path": ["monitoring", "stdout"], "values": [{"value": "\rsteps: :[                                        ]1%\t2250/300000\tmain of rewards = -2.378211\ttime cost = 0:00:07.084390\tTrue time of r = 45", "step": null, "ts": 1643119297.5820878}]}, "version": 112}
{"obj": {"type": "LogFloats", "path": ["train", "reward"], "values": [{"value": -2.3782105819247867, "step": null, "ts": 1643119297.5827222}]}, "version": 113}
{"obj": {"type": "LogStrings", "path": ["monitoring", "stdout"], "values": [{"value": "\rsteps: :[                                        ]1%\t2300/300000\tmain of rewards = -2.178753\ttime cost = 0:00:07.337568\tTrue time of r = 46", "step": null, "ts": 1643119297.8352702}]}, "version": 114}
{"obj": {"type": "LogFloats", "path": ["train", "reward"], "values": [{"value": -2.178753453921519, "step": null, "ts": 1643119297.8359869}]}, "version": 115}
{"obj": {"type": "LogStrings", "path": ["monitoring", "stdout"], "values": [{"value": "\rsteps: :[                                        ]1%\t2350/300000\tmain of rewards = -1.653145\ttime cost = 0:00:07.601891\tTrue time of r = 47", "step": null, "ts": 1643119298.0995984}]}, "version": 116}
{"obj": {"type": "LogFloats", "path": ["train", "reward"], "values": [{"value": -1.6531452621909772, "step": null, "ts": 1643119298.100178}]}, "version": 117}
{"obj": {"type": "LogStrings", "path": ["monitoring", "stdout"], "values": [{"value": "\rsteps: :[                                        ]1%\t2400/300000\tmain of rewards = -2.138123\ttime cost = 0:00:07.869831\tTrue time of r = 48", "step": null, "ts": 1643119298.3675458}]}, "version": 118}
{"obj": {"type": "LogFloats", "path": ["train", "reward"], "values": [{"value": -2.138122741716627, "step": null, "ts": 1643119298.3681524}]}, "version": 119}
{"obj": {"type": "LogStrings", "path": ["monitoring", "stdout"], "values": [{"value": "\rsteps: :[                                        ]1%\t2450/300000\tmain of rewards = -2.450434\ttime cost = 0:00:08.145232\tTrue time of r = 49", "step": null, "ts": 1643119298.6429477}]}, "version": 120}
{"obj": {"type": "LogFloats", "path": ["train", "reward"], "values": [{"value": -2.4504340154162816, "step": null, "ts": 1643119298.6435113}]}, "version": 121}
{"obj": {"type": "LogStrings", "path": ["monitoring", "stdout"], "values": [{"value": "\rsteps: :[                                        ]1%\t2500/300000\tmain of rewards = -1.466042\ttime cost = 0:00:08.411619\tTrue time of r = 50", "step": null, "ts": 1643119298.909362}]}, "version": 122}
{"obj": {"type": "LogFloats", "path": ["train", "reward"], "values": [{"value": -1.4660415264367441, "step": null, "ts": 1643119298.9100504}]}, "version": 123}
{"obj": {"type": "LogStrings", "path": ["monitoring", "stdout"], "values": [{"value": "\rsteps: :[                                        ]1%\t2550/300000\tmain of rewards = -1.756663\ttime cost = 0:00:08.681555\tTrue time of r = 51", "step": null, "ts": 1643119299.179256}]}, "version": 124}
{"obj": {"type": "LogFloats", "path": ["train", "reward"], "values": [{"value": -1.7566631216964388, "step": null, "ts": 1643119299.1798055}]}, "version": 125}
{"obj": {"type": "LogStrings", "path": ["monitoring", "stdout"], "values": [{"value": "\rsteps: :[                                        ]1%\t2600/300000\tmain of rewards = -1.353678\ttime cost = 0:00:08.944838\tTrue time of r = 52", "step": null, "ts": 1643119299.4425406}]}, "version": 126}
{"obj": {"type": "LogFloats", "path": ["train", "reward"], "values": [{"value": -1.3536778587366662, "step": null, "ts": 1643119299.4431536}]}, "version": 127}
{"obj": {"type": "LogStrings", "path": ["monitoring", "stdout"], "values": [{"value": "\rsteps: :[                                        ]1%\t2650/300000\tmain of rewards = -1.458868\ttime cost = 0:00:09.213522\tTrue time of r = 53", "step": null, "ts": 1643119299.711227}]}, "version": 128}
{"obj": {"type": "LogFloats", "path": ["train", "reward"], "values": [{"value": -1.4588675473014523, "step": null, "ts": 1643119299.7117994}]}, "version": 129}
{"obj": {"type": "LogStrings", "path": ["monitoring", "stdout"], "values": [{"value": "\rsteps: :[                                        ]1%\t2700/300000\tmain of rewards = -1.989337\ttime cost = 0:00:09.519915\tTrue time of r = 54", "step": null, "ts": 1643119300.0176473}]}, "version": 130}
{"obj": {"type": "LogFloats", "path": ["train", "reward"], "values": [{"value": -1.9893368205017472, "step": null, "ts": 1643119300.018237}]}, "version": 131}
{"obj": {"type": "LogStrings", "path": ["monitoring", "stdout"], "values": [{"value": "\rsteps: :[                                        ]1%\t2750/300000\tmain of rewards = -2.429015\ttime cost = 0:00:09.795826\tTrue time of r = 55", "step": null, "ts": 1643119300.2936776}]}, "version": 132}
{"obj": {"type": "LogFloats", "path": ["train", "reward"], "values": [{"value": -2.429015388833692, "step": null, "ts": 1643119300.294063}]}, "version": 133}
{"obj": {"type": "LogStrings", "path": ["monitoring", "stdout"], "values": [{"value": "\rsteps: :[                                        ]1%\t2800/300000\tmain of rewards = -2.119456\ttime cost = 0:00:10.061363\tTrue time of r = 56", "step": null, "ts": 1643119300.5590703}]}, "version": 134}
{"obj": {"type": "LogFloats", "path": ["train", "reward"], "values": [{"value": -2.119455512223089, "step": null, "ts": 1643119300.5596237}]}, "version": 135}
{"obj": {"type": "LogStrings", "path": ["monitoring", "stdout"], "values": [{"value": "\rsteps: :[                                        ]1%\t2850/300000\tmain of rewards = -2.666363\ttime cost = 0:00:10.327659\tTrue time of r = 57", "step": null, "ts": 1643119300.825378}]}, "version": 136}
{"obj": {"type": "LogFloats", "path": ["train", "reward"], "values": [{"value": -2.666362967797508, "step": null, "ts": 1643119300.8260272}]}, "version": 137}
{"obj": {"type": "LogStrings", "path": ["monitoring", "stdout"], "values": [{"value": "\rsteps: :[                                        ]1%\t2900/300000\tmain of rewards = -2.032188\ttime cost = 0:00:10.592098\tTrue time of r = 58", "step": null, "ts": 1643119301.089829}]}, "version": 138}
{"obj": {"type": "LogFloats", "path": ["train", "reward"], "values": [{"value": -2.032188101751731, "step": null, "ts": 1643119301.0904717}]}, "version": 139}
{"obj": {"type": "LogStrings", "path": ["monitoring", "stdout"], "values": [{"value": "\rsteps: :[                                        ]1%\t2950/300000\tmain of rewards = -2.707447\ttime cost = 0:00:10.889431\tTrue time of r = 59", "step": null, "ts": 1643119301.3871393}]}, "version": 140}
{"obj": {"type": "LogFloats", "path": ["train", "reward"], "values": [{"value": -2.7074470759246365, "step": null, "ts": 1643119301.387869}]}, "version": 141}
{"obj": {"type": "LogFloats", "path": ["monitoring", "cpu"], "values": [{"value": 19.7, "step": null, "ts": 1643119301.4326227}]}, "version": 142}
{"obj": {"type": "LogFloats", "path": ["monitoring", "memory"], "values": [{"value": 23.669525146484375, "step": null, "ts": 1643119301.4326227}]}, "version": 143}
{"obj": {"type": "LogFloats", "path": ["monitoring", "gpu"], "values": [{"value": 32.0, "step": null, "ts": 1643119301.4326227}]}, "version": 144}
{"obj": {"type": "LogFloats", "path": ["monitoring", "gpu_memory"], "values": [{"value": 0.9520263671875, "step": null, "ts": 1643119301.4326227}]}, "version": 145}
{"obj": {"type": "LogFloats", "path": ["test", "reward"], "values": [{"value": -1.1277326955660942, "step": null, "ts": 1643119301.6645758}]}, "version": 146}
{"obj": {"type": "LogFloats", "path": ["test", "reward"], "values": [{"value": -1.1305253175016936, "step": null, "ts": 1643119301.683818}]}, "version": 147}
{"obj": {"type": "LogFloats", "path": ["test", "reward"], "values": [{"value": -1.1177508711920143, "step": null, "ts": 1643119301.7038183}]}, "version": 148}
{"obj": {"type": "LogFloats", "path": ["test", "reward"], "values": [{"value": -1.0742767572077967, "step": null, "ts": 1643119301.7239792}]}, "version": 149}
{"obj": {"type": "LogFloats", "path": ["test", "reward"], "values": [{"value": -1.1264881946164198, "step": null, "ts": 1643119301.7435646}]}, "version": 150}
{"obj": {"type": "LogFloats", "path": ["test", "reward"], "values": [{"value": -1.087220692307868, "step": null, "ts": 1643119301.7626686}]}, "version": 151}
{"obj": {"type": "LogFloats", "path": ["test", "reward"], "values": [{"value": -1.0913737808298891, "step": null, "ts": 1643119301.7817228}]}, "version": 152}
{"obj": {"type": "LogFloats", "path": ["test", "reward"], "values": [{"value": -1.2043365954915017, "step": null, "ts": 1643119301.8012042}]}, "version": 153}
{"obj": {"type": "LogFloats", "path": ["test", "reward"], "values": [{"value": -1.149701113165886, "step": null, "ts": 1643119301.8209853}]}, "version": 154}
{"obj": {"type": "LogFloats", "path": ["test", "reward"], "values": [{"value": -1.1283210203056866, "step": null, "ts": 1643119301.8406277}]}, "version": 155}
{"obj": {"type": "LogStrings", "path": ["monitoring", "stdout"], "values": [{"value": "\rsteps: :[                                        ]1%\t3000/300000\tmain of rewards = -1.396368\ttime cost = 0:00:11.343448\tTrue time of r = 60", "step": null, "ts": 1643119301.8412738}]}, "version": 156}
{"obj": {"type": "LogFloats", "path": ["train", "reward"], "values": [{"value": -1.396368040839035, "step": null, "ts": 1643119301.8417146}]}, "version": 157}
{"obj": {"type": "LogStrings", "path": ["monitoring", "stdout"], "values": [{"value": "\rsteps: :[                                        ]2%\t3050/300000\tmain of rewards = -2.545209\ttime cost = 0:00:11.600942\tTrue time of r = 61", "step": null, "ts": 1643119302.098647}]}, "version": 158}
{"obj": {"type": "LogFloats", "path": ["train", "reward"], "values": [{"value": -2.5452085145512715, "step": null, "ts": 1643119302.0993352}]}, "version": 159}
{"obj": {"type": "LogStrings", "path": ["monitoring", "stdout"], "values": [{"value": "\rsteps: :[                                        ]2%\t3100/300000\tmain of rewards = -1.503561\ttime cost = 0:00:11.855194\tTrue time of r = 62", "step": null, "ts": 1643119302.3528953}]}, "version": 160}
{"obj": {"type": "LogFloats", "path": ["train", "reward"], "values": [{"value": -1.503560710823011, "step": null, "ts": 1643119302.3535442}]}, "version": 161}
{"obj": {"type": "LogStrings", "path": ["monitoring", "stdout"], "values": [{"value": "\rsteps: :[                                        ]2%\t3150/300000\tmain of rewards = -2.178645\ttime cost = 0:00:12.110738\tTrue time of r = 63", "step": null, "ts": 1643119302.608441}]}, "version": 162}
{"obj": {"type": "LogFloats", "path": ["train", "reward"], "values": [{"value": -2.1786454349397193, "step": null, "ts": 1643119302.6090865}]}, "version": 163}
{"obj": {"type": "LogStrings", "path": ["monitoring", "stdout"], "values": [{"value": "\rsteps: :[                                        ]2%\t3200/300000\tmain of rewards = -3.140838\ttime cost = 0:00:12.370191\tTrue time of r = 64", "step": null, "ts": 1643119302.867895}]}, "version": 164}
{"obj": {"type": "LogFloats", "path": ["train", "reward"], "values": [{"value": -3.140837774134499, "step": null, "ts": 1643119302.8685303}]}, "version": 165}
{"obj": {"type": "LogStrings", "path": ["monitoring", "stdout"], "values": [{"value": "\rsteps: :[                                        ]2%\t3250/300000\tmain of rewards = -2.427899\ttime cost = 0:00:12.639627\tTrue time of r = 65", "step": null, "ts": 1643119303.137426}]}, "version": 166}
{"obj": {"type": "LogFloats", "path": ["train", "reward"], "values": [{"value": -2.4278989123218486, "step": null, "ts": 1643119303.1382344}]}, "version": 167}
{"obj": {"type": "LogStrings", "path": ["monitoring", "stdout"], "values": [{"value": "\rsteps: :[                                        ]2%\t3300/300000\tmain of rewards = -1.641253\ttime cost = 0:00:12.901240\tTrue time of r = 66", "step": null, "ts": 1643119303.3989487}]}, "version": 168}
{"obj": {"type": "LogFloats", "path": ["train", "reward"], "values": [{"value": -1.6412533965173193, "step": null, "ts": 1643119303.3996634}]}, "version": 169}
{"obj": {"type": "LogStrings", "path": ["monitoring", "stdout"], "values": [{"value": "\rsteps: :[                                        ]2%\t3350/300000\tmain of rewards = -1.524223\ttime cost = 0:00:13.159940\tTrue time of r = 67", "step": null, "ts": 1643119303.6576464}]}, "version": 170}
{"obj": {"type": "LogFloats", "path": ["train", "reward"], "values": [{"value": -1.5242226585162928, "step": null, "ts": 1643119303.6583061}]}, "version": 171}
{"obj": {"type": "LogStrings", "path": ["monitoring", "stdout"], "values": [{"value": "\rsteps: :[                                        ]2%\t3400/300000\tmain of rewards = -2.448104\ttime cost = 0:00:13.421217\tTrue time of r = 68", "step": null, "ts": 1643119303.9189188}]}, "version": 172}
{"obj": {"type": "LogFloats", "path": ["train", "reward"], "values": [{"value": -2.448104081750064, "step": null, "ts": 1643119303.9194672}]}, "version": 173}
{"obj": {"type": "LogStrings", "path": ["monitoring", "stdout"], "values": [{"value": "\rsteps: :[                                        ]2%\t3450/300000\tmain of rewards = -2.375860\ttime cost = 0:00:13.715609\tTrue time of r = 69", "step": null, "ts": 1643119304.2133844}]}, "version": 174}
{"obj": {"type": "LogFloats", "path": ["train", "reward"], "values": [{"value": -2.3758597611527583, "step": null, "ts": 1643119304.2141335}]}, "version": 175}
{"obj": {"type": "LogStrings", "path": ["monitoring", "stdout"], "values": [{"value": "\rsteps: :[                                        ]2%\t3500/300000\tmain of rewards = -1.167785\ttime cost = 0:00:13.979827\tTrue time of r = 70", "step": null, "ts": 1643119304.4775271}]}, "version": 176}
{"obj": {"type": "LogFloats", "path": ["train", "reward"], "values": [{"value": -1.167785270710881, "step": null, "ts": 1643119304.478167}]}, "version": 177}
{"obj": {"type": "LogStrings", "path": ["monitoring", "stdout"], "values": [{"value": "\rsteps: :[                                        ]2%\t3550/300000\tmain of rewards = -1.988265\ttime cost = 0:00:14.237872\tTrue time of r = 71", "step": null, "ts": 1643119304.7355938}]}, "version": 178}
{"obj": {"type": "LogFloats", "path": ["train", "reward"], "values": [{"value": -1.988264860477704, "step": null, "ts": 1643119304.7362583}]}, "version": 179}
{"obj": {"type": "LogStrings", "path": ["monitoring", "stdout"], "values": [{"value": "\rsteps: :[                                        ]2%\t3600/300000\tmain of rewards = -1.541999\ttime cost = 0:00:14.510083\tTrue time of r = 72", "step": null, "ts": 1643119305.0077868}]}, "version": 180}
{"obj": {"type": "LogFloats", "path": ["train", "reward"], "values": [{"value": -1.5419994475163321, "step": null, "ts": 1643119305.0084145}]}, "version": 181}
{"obj": {"type": "LogStrings", "path": ["monitoring", "stdout"], "values": [{"value": "\rsteps: :[                                        ]2%\t3650/300000\tmain of rewards = -1.280886\ttime cost = 0:00:14.779514\tTrue time of r = 73", "step": null, "ts": 1643119305.2772145}]}, "version": 182}
{"obj": {"type": "LogFloats", "path": ["train", "reward"], "values": [{"value": -1.2808858745798997, "step": null, "ts": 1643119305.277796}]}, "version": 183}
{"obj": {"type": "LogStrings", "path": ["monitoring", "stdout"], "values": [{"value": "\rsteps: :[                                        ]2%\t3700/300000\tmain of rewards = -2.039919\ttime cost = 0:00:15.044114\tTrue time of r = 74", "step": null, "ts": 1643119305.5418346}]}, "version": 184}
{"obj": {"type": "LogFloats", "path": ["train", "reward"], "values": [{"value": -2.039918688830072, "step": null, "ts": 1643119305.5425062}]}, "version": 185}
{"obj": {"type": "LogStrings", "path": ["monitoring", "stdout"], "values": [{"value": "\rsteps: :[                                        ]2%\t3750/300000\tmain of rewards = -2.589907\ttime cost = 0:00:15.305743\tTrue time of r = 75", "step": null, "ts": 1643119305.8034432}]}, "version": 186}
{"obj": {"type": "LogFloats", "path": ["train", "reward"], "values": [{"value": -2.5899066676086013, "step": null, "ts": 1643119305.8040826}]}, "version": 187}
{"obj": {"type": "LogStrings", "path": ["monitoring", "stdout"], "values": [{"value": "\rsteps: :[                                        ]2%\t3800/300000\tmain of rewards = -2.027014\ttime cost = 0:00:15.578439\tTrue time of r = 76", "step": null, "ts": 1643119306.0761418}]}, "version": 188}
{"obj": {"type": "LogFloats", "path": ["train", "reward"], "values": [{"value": -2.0270135719861946, "step": null, "ts": 1643119306.0766945}]}, "version": 189}
{"obj": {"type": "LogStrings", "path": ["monitoring", "stdout"], "values": [{"value": "\rsteps: :[                                        ]2%\t3850/300000\tmain of rewards = -2.405615\ttime cost = 0:00:15.859860\tTrue time of r = 77", "step": null, "ts": 1643119306.357563}]}, "version": 190}
{"obj": {"type": "LogFloats", "path": ["train", "reward"], "values": [{"value": -2.405615470667549, "step": null, "ts": 1643119306.3581874}]}, "version": 191}
{"obj": {"type": "LogStrings", "path": ["monitoring", "stdout"], "values": [{"value": "\rsteps: :[                                        ]2%\t3900/300000\tmain of rewards = -1.470999\ttime cost = 0:00:16.118138\tTrue time of r = 78", "step": null, "ts": 1643119306.6158385}]}, "version": 192}
{"obj": {"type": "LogFloats", "path": ["train", "reward"], "values": [{"value": -1.4709994005853273, "step": null, "ts": 1643119306.6164396}]}, "version": 193}
{"obj": {"type": "LogStrings", "path": ["monitoring", "stdout"], "values": [{"value": "\rsteps: :[                                        ]2%\t3950/300000\tmain of rewards = -1.722626\ttime cost = 0:00:16.381195\tTrue time of r = 79", "step": null, "ts": 1643119306.878894}]}, "version": 194}
{"obj": {"type": "LogFloats", "path": ["train", "reward"], "values": [{"value": -1.7226261644237173, "step": null, "ts": 1643119306.8794246}]}, "version": 195}
{"obj": {"type": "LogStrings", "path": ["monitoring", "stdout"], "values": [{"value": "\rsteps: :[                                        ]2%\t4000/300000\tmain of rewards = -1.469548\ttime cost = 0:00:16.674534\tTrue time of r = 80", "step": null, "ts": 1643119307.1723106}]}, "version": 196}
{"obj": {"type": "LogFloats", "path": ["train", "reward"], "values": [{"value": -1.4695475646242233, "step": null, "ts": 1643119307.1730964}]}, "version": 197}
{"obj": {"type": "LogStrings", "path": ["monitoring", "stdout"], "values": [{"value": "\rsteps: :[                                        ]2%\t4050/300000\tmain of rewards = -1.291399\ttime cost = 0:00:16.958805\tTrue time of r = 81", "step": null, "ts": 1643119307.456508}]}, "version": 198}
{"obj": {"type": "LogFloats", "path": ["train", "reward"], "values": [{"value": -1.2913990354755707, "step": null, "ts": 1643119307.4572222}]}, "version": 199}
{"obj": {"type": "LogStrings", "path": ["monitoring", "stdout"], "values": [{"value": "\rsteps: :[                                        ]2%\t4100/300000\tmain of rewards = -1.133516\ttime cost = 0:00:17.225794\tTrue time of r = 82", "step": null, "ts": 1643119307.7235088}]}, "version": 200}
{"obj": {"type": "LogFloats", "path": ["train", "reward"], "values": [{"value": -1.1335157017902184, "step": null, "ts": 1643119307.7240875}]}, "version": 201}
{"obj": {"type": "LogStrings", "path": ["monitoring", "stdout"], "values": [{"value": "\rsteps: :[                                        ]2%\t4150/300000\tmain of rewards = -2.160256\ttime cost = 0:00:17.493930\tTrue time of r = 83", "step": null, "ts": 1643119307.9916344}]}, "version": 202}
{"obj": {"type": "LogFloats", "path": ["train", "reward"], "values": [{"value": -2.1602559719611527, "step": null, "ts": 1643119307.9921923}]}, "version": 203}
{"obj": {"type": "LogStrings", "path": ["monitoring", "stdout"], "values": [{"value": "\rsteps: :[                                        ]2%\t4200/300000\tmain of rewards = -1.794686\ttime cost = 0:00:17.758782\tTrue time of r = 84", "step": null, "ts": 1643119308.2564962}]}, "version": 204}
{"obj": {"type": "LogFloats", "path": ["train", "reward"], "values": [{"value": -1.7946863875404466, "step": null, "ts": 1643119308.2570872}]}, "version": 205}
{"obj": {"type": "LogStrings", "path": ["monitoring", "stdout"], "values": [{"value": "\rsteps: :[                                        ]2%\t4250/300000\tmain of rewards = -2.830142\ttime cost = 0:00:18.023991\tTrue time of r = 85", "step": null, "ts": 1643119308.521702}]}, "version": 206}
{"obj": {"type": "LogFloats", "path": ["train", "reward"], "values": [{"value": -2.830141920446547, "step": null, "ts": 1643119308.5222154}]}, "version": 207}
{"obj": {"type": "LogStrings", "path": ["monitoring", "stdout"], "values": [{"value": "\rsteps: :[                                        ]2%\t4300/300000\tmain of rewards = -1.712600\ttime cost = 0:00:18.290146\tTrue time of r = 86", "step": null, "ts": 1643119308.7878973}]}, "version": 208}
{"obj": {"type": "LogFloats", "path": ["train", "reward"], "values": [{"value": -1.7125995230022988, "step": null, "ts": 1643119308.7886782}]}, "version": 209}
{"obj": {"type": "LogStrings", "path": ["monitoring", "stdout"], "values": [{"value": "\rsteps: :[                                        ]2%\t4350/300000\tmain of rewards = -1.629095\ttime cost = 0:00:18.556427\tTrue time of r = 87", "step": null, "ts": 1643119309.0541317}]}, "version": 210}
{"obj": {"type": "LogFloats", "path": ["train", "reward"], "values": [{"value": -1.629095148424063, "step": null, "ts": 1643119309.0547204}]}, "version": 211}
{"obj": {"type": "LogStrings", "path": ["monitoring", "stdout"], "values": [{"value": "\rsteps: :[                                        ]2%\t4400/300000\tmain of rewards = -2.289946\ttime cost = 0:00:18.831105\tTrue time of r = 88", "step": null, "ts": 1643119309.3288188}]}, "version": 212}
{"obj": {"type": "LogFloats", "path": ["train", "reward"], "values": [{"value": -2.2899460784553285, "step": null, "ts": 1643119309.3293943}]}, "version": 213}
{"obj": {"type": "LogStrings", "path": ["monitoring", "stdout"], "values": [{"value": "\rsteps: :[                                        ]2%\t4450/300000\tmain of rewards = -2.484897\ttime cost = 0:00:19.092198\tTrue time of r = 89", "step": null, "ts": 1643119309.5899024}]}, "version": 214}
{"obj": {"type": "LogFloats", "path": ["train", "reward"], "values": [{"value": -2.484897190790128, "step": null, "ts": 1643119309.5904565}]}, "version": 215}
{"obj": {"type": "LogStrings", "path": ["monitoring", "stdout"], "values": [{"value": "\rsteps: :[                                        ]2%\t4500/300000\tmain of rewards = -2.231434\ttime cost = 0:00:19.355635\tTrue time of r = 90", "step": null, "ts": 1643119309.8533404}]}, "version": 216}
{"obj": {"type": "LogFloats", "path": ["train", "reward"], "values": [{"value": -2.2314338961640097, "step": null, "ts": 1643119309.8539846}]}, "version": 217}
{"obj": {"type": "LogStrings", "path": ["monitoring", "stdout"], "values": [{"value": "\rsteps: :[                                        ]2%\t4550/300000\tmain of rewards = -2.426344\ttime cost = 0:00:19.625037\tTrue time of r = 91", "step": null, "ts": 1643119310.1227856}]}, "version": 218}
{"obj": {"type": "LogFloats", "path": ["train", "reward"], "values": [{"value": -2.4263437258521647, "step": null, "ts": 1643119310.1236207}]}, "version": 219}
{"obj": {"type": "LogStrings", "path": ["monitoring", "stdout"], "values": [{"value": "\rsteps: :[                                        ]2%\t4600/300000\tmain of rewards = -2.368807\ttime cost = 0:00:19.885870\tTrue time of r = 92", "step": null, "ts": 1643119310.3835764}]}, "version": 220}
{"obj": {"type": "LogFloats", "path": ["train", "reward"], "values": [{"value": -2.3688073571653154, "step": null, "ts": 1643119310.3842123}]}, "version": 221}
{"obj": {"type": "LogStrings", "path": ["monitoring", "stdout"], "values": [{"value": "\rsteps: :[                                        ]2%\t4650/300000\tmain of rewards = -1.850703\ttime cost = 0:00:20.151496\tTrue time of r = 93", "step": null, "ts": 1643119310.6492095}]}, "version": 222}
{"obj": {"type": "LogFloats", "path": ["train", "reward"], "values": [{"value": -1.8507031005891847, "step": null, "ts": 1643119310.6497755}]}, "version": 223}
{"obj": {"type": "LogStrings", "path": ["monitoring", "stdout"], "values": [{"value": "\rsteps: :[                                        ]2%\t4700/300000\tmain of rewards = -1.836935\ttime cost = 0:00:20.421475\tTrue time of r = 94", "step": null, "ts": 1643119310.9191968}]}, "version": 224}
{"obj": {"type": "LogFloats", "path": ["train", "reward"], "values": [{"value": -1.8369346683420353, "step": null, "ts": 1643119310.9197826}]}, "version": 225}
{"obj": {"type": "LogStrings", "path": ["monitoring", "stdout"], "values": [{"value": "\rsteps: :[                                        ]2%\t4750/300000\tmain of rewards = -2.263124\ttime cost = 0:00:20.690651\tTrue time of r = 95", "step": null, "ts": 1643119311.1883683}]}, "version": 226}
{"obj": {"type": "LogFloats", "path": ["train", "reward"], "values": [{"value": -2.2631236649165536, "step": null, "ts": 1643119311.189037}]}, "version": 227}
{"obj": {"type": "LogFloats", "path": ["monitoring", "cpu"], "values": [{"value": 18.1, "step": null, "ts": 1643119311.4337769}]}, "version": 228}
{"obj": {"type": "LogFloats", "path": ["monitoring", "memory"], "values": [{"value": 23.67223358154297, "step": null, "ts": 1643119311.4337769}]}, "version": 229}
{"obj": {"type": "LogFloats", "path": ["monitoring", "gpu"], "values": [{"value": 30.0, "step": null, "ts": 1643119311.4337769}]}, "version": 230}
{"obj": {"type": "LogFloats", "path": ["monitoring", "gpu_memory"], "values": [{"value": 0.9559326171875, "step": null, "ts": 1643119311.4337769}]}, "version": 231}
{"obj": {"type": "LogStrings", "path": ["monitoring", "stdout"], "values": [{"value": "\rsteps: :[                                        ]2%\t4800/300000\tmain of rewards = -2.211308\ttime cost = 0:00:20.960246\tTrue time of r = 96", "step": null, "ts": 1643119311.4579546}]}, "version": 232}
{"obj": {"type": "LogFloats", "path": ["train", "reward"], "values": [{"value": -2.211308106483992, "step": null, "ts": 1643119311.4585}]}, "version": 233}
{"obj": {"type": "LogStrings", "path": ["monitoring", "stdout"], "values": [{"value": "\rsteps: :[                                        ]2%\t4850/300000\tmain of rewards = -1.549761\ttime cost = 0:00:21.231976\tTrue time of r = 97", "step": null, "ts": 1643119311.7296827}]}, "version": 234}
{"obj": {"type": "LogFloats", "path": ["train", "reward"], "values": [{"value": -1.549761028631523, "step": null, "ts": 1643119311.7302284}]}, "version": 235}
{"obj": {"type": "LogStrings", "path": ["monitoring", "stdout"], "values": [{"value": "\rsteps: :[                                        ]2%\t4900/300000\tmain of rewards = -2.136885\ttime cost = 0:00:21.504179\tTrue time of r = 98", "step": null, "ts": 1643119312.0018837}]}, "version": 236}
{"obj": {"type": "LogFloats", "path": ["train", "reward"], "values": [{"value": -2.1368853974452326, "step": null, "ts": 1643119312.0025027}]}, "version": 237}
{"obj": {"type": "LogStrings", "path": ["monitoring", "stdout"], "values": [{"value": "\rsteps: :[                                        ]2%\t4950/300000\tmain of rewards = -1.940262\ttime cost = 0:00:21.774990\tTrue time of r = 99", "step": null, "ts": 1643119312.272695}]}, "version": 238}
{"obj": {"type": "LogFloats", "path": ["train", "reward"], "values": [{"value": -1.940262117267765, "step": null, "ts": 1643119312.2733107}]}, "version": 239}
{"obj": {"type": "LogStrings", "path": ["monitoring", "stdout"], "values": [{"value": "\rsteps: :[                                        ]2%\t5000/300000\tmain of rewards = -1.431153\ttime cost = 0:00:22.043613\tTrue time of r = 100", "step": null, "ts": 1643119312.5415103}]}, "version": 240}
{"obj": {"type": "LogFloats", "path": ["train", "reward"], "values": [{"value": -1.4311528622109118, "step": null, "ts": 1643119312.542884}]}, "version": 241}
{"obj": {"type": "LogStrings", "path": ["monitoring", "stdout"], "values": [{"value": "\rsteps: :[                                        ]2%\t5050/300000\tmain of rewards = -1.299149\ttime cost = 0:00:22.311702\tTrue time of r = 101", "step": null, "ts": 1643119312.8094091}]}, "version": 242}
{"obj": {"type": "LogFloats", "path": ["train", "reward"], "values": [{"value": -1.299148657298422, "step": null, "ts": 1643119312.810045}]}, "version": 243}
{"obj": {"type": "LogStrings", "path": ["monitoring", "stdout"], "values": [{"value": "\rsteps: :[                                        ]2%\t5100/300000\tmain of rewards = -2.454554\ttime cost = 0:00:22.575965\tTrue time of r = 102", "step": null, "ts": 1643119313.0736668}]}, "version": 244}
{"obj": {"type": "LogFloats", "path": ["train", "reward"], "values": [{"value": -2.454553628147594, "step": null, "ts": 1643119313.0741827}]}, "version": 245}
{"obj": {"type": "LogStrings", "path": ["monitoring", "stdout"], "values": [{"value": "\rsteps: :[                                        ]2%\t5150/300000\tmain of rewards = -1.374910\ttime cost = 0:00:22.841850\tTrue time of r = 103", "step": null, "ts": 1643119313.3395693}]}, "version": 246}
{"obj": {"type": "LogFloats", "path": ["train", "reward"], "values": [{"value": -1.3749099287543958, "step": null, "ts": 1643119313.340218}]}, "version": 247}
{"obj": {"type": "LogStrings", "path": ["monitoring", "stdout"], "values": [{"value": "\rsteps: :[                                        ]2%\t5200/300000\tmain of rewards = -2.042787\ttime cost = 0:00:23.102732\tTrue time of r = 104", "step": null, "ts": 1643119313.6004348}]}, "version": 248}
{"obj": {"type": "LogFloats", "path": ["train", "reward"], "values": [{"value": -2.0427866227392695, "step": null, "ts": 1643119313.6010544}]}, "version": 249}
{"obj": {"type": "LogStrings", "path": ["monitoring", "stdout"], "values": [{"value": "\rsteps: :[                                        ]2%\t5250/300000\tmain of rewards = -1.409858\ttime cost = 0:00:23.363709\tTrue time of r = 105", "step": null, "ts": 1643119313.8614187}]}, "version": 250}
{"obj": {"type": "LogFloats", "path": ["train", "reward"], "values": [{"value": -1.4098582694119846, "step": null, "ts": 1643119313.8620565}]}, "version": 251}
{"obj": {"type": "LogStrings", "path": ["monitoring", "stdout"], "values": [{"value": "\rsteps: :[                                        ]2%\t5300/300000\tmain of rewards = -1.511661\ttime cost = 0:00:23.631689\tTrue time of r = 106", "step": null, "ts": 1643119314.1293898}]}, "version": 252}
{"obj": {"type": "LogFloats", "path": ["train", "reward"], "values": [{"value": -1.5116605721339864, "step": null, "ts": 1643119314.1300461}]}, "version": 253}
{"obj": {"type": "LogStrings", "path": ["monitoring", "stdout"], "values": [{"value": "\rsteps: :[                                        ]2%\t5350/300000\tmain of rewards = -1.647196\ttime cost = 0:00:23.894061\tTrue time of r = 107", "step": null, "ts": 1643119314.3917642}]}, "version": 254}
{"obj": {"type": "LogFloats", "path": ["train", "reward"], "values": [{"value": -1.6471957206906038, "step": null, "ts": 1643119314.3923755}]}, "version": 255}
{"obj": {"type": "LogStrings", "path": ["monitoring", "stdout"], "values": [{"value": "\rsteps: :[                                        ]2%\t5400/300000\tmain of rewards = -2.290178\ttime cost = 0:00:24.153987\tTrue time of r = 108", "step": null, "ts": 1643119314.65169}]}, "version": 256}
{"obj": {"type": "LogFloats", "path": ["train", "reward"], "values": [{"value": -2.2901776337939124, "step": null, "ts": 1643119314.6523287}]}, "version": 257}
{"obj": {"type": "LogStrings", "path": ["monitoring", "stdout"], "values": [{"value": "\rsteps: :[                                        ]2%\t5450/300000\tmain of rewards = -1.828772\ttime cost = 0:00:24.426807\tTrue time of r = 109", "step": null, "ts": 1643119314.9245105}]}, "version": 258}
{"obj": {"type": "LogFloats", "path": ["train", "reward"], "values": [{"value": -1.8287718484090851, "step": null, "ts": 1643119314.9250867}]}, "version": 259}
{"obj": {"type": "LogStrings", "path": ["monitoring", "stdout"], "values": [{"value": "\rsteps: :[                                        ]2%\t5500/300000\tmain of rewards = -1.380097\ttime cost = 0:00:24.690394\tTrue time of r = 110", "step": null, "ts": 1643119315.1881251}]}, "version": 260}
{"obj": {"type": "LogFloats", "path": ["train", "reward"], "values": [{"value": -1.3800968462059127, "step": null, "ts": 1643119315.1887794}]}, "version": 261}
{"obj": {"type": "LogStrings", "path": ["monitoring", "stdout"], "values": [{"value": "\rsteps: :[                                        ]2%\t5550/300000\tmain of rewards = -1.781115\ttime cost = 0:00:24.968697\tTrue time of r = 111", "step": null, "ts": 1643119315.4663975}]}, "version": 262}
{"obj": {"type": "LogFloats", "path": ["train", "reward"], "values": [{"value": -1.7811145474229166, "step": null, "ts": 1643119315.4669998}]}, "version": 263}
{"obj": {"type": "LogStrings", "path": ["monitoring", "stdout"], "values": [{"value": "\rsteps: :[                                        ]2%\t5600/300000\tmain of rewards = -2.351698\ttime cost = 0:00:25.238513\tTrue time of r = 112", "step": null, "ts": 1643119315.7362216}]}, "version": 264}
{"obj": {"type": "LogFloats", "path": ["train", "reward"], "values": [{"value": -2.3516979608289823, "step": null, "ts": 1643119315.7367938}]}, "version": 265}
{"obj": {"type": "LogStrings", "path": ["monitoring", "stdout"], "values": [{"value": "\rsteps: :[                                        ]2%\t5650/300000\tmain of rewards = -1.677513\ttime cost = 0:00:25.513969\tTrue time of r = 113", "step": null, "ts": 1643119316.0116704}]}, "version": 266}
{"obj": {"type": "LogFloats", "path": ["train", "reward"], "values": [{"value": -1.6775128810039206, "step": null, "ts": 1643119316.0122957}]}, "version": 267}
{"obj": {"type": "LogStrings", "path": ["monitoring", "stdout"], "values": [{"value": "\rsteps: :[                                        ]2%\t5700/300000\tmain of rewards = -1.754881\ttime cost = 0:00:25.775407\tTrue time of r = 114", "step": null, "ts": 1643119316.2731094}]}, "version": 268}
{"obj": {"type": "LogFloats", "path": ["train", "reward"], "values": [{"value": -1.7548811520769396, "step": null, "ts": 1643119316.273727}]}, "version": 269}
{"obj": {"type": "LogStrings", "path": ["monitoring", "stdout"], "values": [{"value": "\rsteps: :[                                        ]2%\t5750/300000\tmain of rewards = -1.571861\ttime cost = 0:00:26.040916\tTrue time of r = 115", "step": null, "ts": 1643119316.5386448}]}, "version": 270}
{"obj": {"type": "LogFloats", "path": ["train", "reward"], "values": [{"value": -1.5718611982445634, "step": null, "ts": 1643119316.5391405}]}, "version": 271}
{"obj": {"type": "LogStrings", "path": ["monitoring", "stdout"], "values": [{"value": "\rsteps: :[                                        ]2%\t5800/300000\tmain of rewards = -2.404789\ttime cost = 0:00:26.312594\tTrue time of r = 116", "step": null, "ts": 1643119316.8102984}]}, "version": 272}
{"obj": {"type": "LogFloats", "path": ["train", "reward"], "values": [{"value": -2.404788954026551, "step": null, "ts": 1643119316.8108664}]}, "version": 273}
{"obj": {"type": "LogStrings", "path": ["monitoring", "stdout"], "values": [{"value": "\rsteps: :[                                        ]2%\t5850/300000\tmain of rewards = -2.291781\ttime cost = 0:00:26.579618\tTrue time of r = 117", "step": null, "ts": 1643119317.0773187}]}, "version": 274}
{"obj": {"type": "LogFloats", "path": ["train", "reward"], "values": [{"value": -2.2917812059148055, "step": null, "ts": 1643119317.0779614}]}, "version": 275}
{"obj": {"type": "LogStrings", "path": ["monitoring", "stdout"], "values": [{"value": "\rsteps: :[                                        ]2%\t5900/300000\tmain of rewards = -1.231956\ttime cost = 0:00:26.844693\tTrue time of r = 118", "step": null, "ts": 1643119317.3424292}]}, "version": 276}
{"obj": {"type": "LogFloats", "path": ["train", "reward"], "values": [{"value": -1.2319564975383284, "step": null, "ts": 1643119317.3430552}]}, "version": 277}
{"obj": {"type": "LogStrings", "path": ["monitoring", "stdout"], "values": [{"value": "\rsteps: :[                                        ]2%\t5950/300000\tmain of rewards = -2.287192\ttime cost = 0:00:27.106436\tTrue time of r = 119", "step": null, "ts": 1643119317.6041372}]}, "version": 278}
{"obj": {"type": "LogFloats", "path": ["train", "reward"], "values": [{"value": -2.2871920179521146, "step": null, "ts": 1643119317.6046739}]}, "version": 279}
{"obj": {"type": "LogFloats", "path": ["test", "reward"], "values": [{"value": -1.3215056148171567, "step": null, "ts": 1643119317.8838286}]}, "version": 280}
{"obj": {"type": "LogFloats", "path": ["test", "reward"], "values": [{"value": -1.3717949553260016, "step": null, "ts": 1643119317.9038064}]}, "version": 281}
{"obj": {"type": "LogFloats", "path": ["test", "reward"], "values": [{"value": -1.3402630749354127, "step": null, "ts": 1643119317.9234438}]}, "version": 282}
{"obj": {"type": "LogFloats", "path": ["test", "reward"], "values": [{"value": -1.2890148302708446, "step": null, "ts": 1643119317.9439094}]}, "version": 283}
{"obj": {"type": "LogFloats", "path": ["test", "reward"], "values": [{"value": -1.3722829616739765, "step": null, "ts": 1643119317.9638698}]}, "version": 284}
{"obj": {"type": "LogFloats", "path": ["test", "reward"], "values": [{"value": -1.3078732806013356, "step": null, "ts": 1643119317.984028}]}, "version": 285}
{"obj": {"type": "LogFloats", "path": ["test", "reward"], "values": [{"value": -1.4446177886598799, "step": null, "ts": 1643119318.0038338}]}, "version": 286}
{"obj": {"type": "LogFloats", "path": ["test", "reward"], "values": [{"value": -1.3361658962478316, "step": null, "ts": 1643119318.0232103}]}, "version": 287}
{"obj": {"type": "LogFloats", "path": ["test", "reward"], "values": [{"value": -1.3596119101104176, "step": null, "ts": 1643119318.0430684}]}, "version": 288}
{"obj": {"type": "LogFloats", "path": ["test", "reward"], "values": [{"value": -1.3775725751903318, "step": null, "ts": 1643119318.062504}]}, "version": 289}
{"obj": {"type": "LogStrings", "path": ["monitoring", "stdout"], "values": [{"value": "\rsteps: :[                                        ]2%\t6000/300000\tmain of rewards = -1.449391\ttime cost = 0:00:27.565303\tTrue time of r = 120", "step": null, "ts": 1643119318.0631344}]}, "version": 290}
{"obj": {"type": "LogFloats", "path": ["train", "reward"], "values": [{"value": -1.449390775187147, "step": null, "ts": 1643119318.0634987}]}, "version": 291}
{"obj": {"type": "LogStrings", "path": ["monitoring", "stdout"], "values": [{"value": "\rsteps: :[                                        ]3%\t6050/300000\tmain of rewards = -2.152930\ttime cost = 0:00:27.822765\tTrue time of r = 121", "step": null, "ts": 1643119318.3206174}]}, "version": 292}
{"obj": {"type": "LogFloats", "path": ["train", "reward"], "values": [{"value": -2.15293033442856, "step": null, "ts": 1643119318.3210328}]}, "version": 293}
{"obj": {"type": "LogStrings", "path": ["monitoring", "stdout"], "values": [{"value": "\rsteps: :[                                        ]3%\t6100/300000\tmain of rewards = -2.026021\ttime cost = 0:00:28.086156\tTrue time of r = 122", "step": null, "ts": 1643119318.5838587}]}, "version": 294}
{"obj": {"type": "LogFloats", "path": ["train", "reward"], "values": [{"value": -2.0260212043838877, "step": null, "ts": 1643119318.584402}]}, "version": 295}
{"obj": {"type": "LogStrings", "path": ["monitoring", "stdout"], "values": [{"value": "\rsteps: :[                                        ]3%\t6150/300000\tmain of rewards = -1.806492\ttime cost = 0:00:28.352222\tTrue time of r = 123", "step": null, "ts": 1643119318.849923}]}, "version": 296}
{"obj": {"type": "LogFloats", "path": ["train", "reward"], "values": [{"value": -1.8064923892538833, "step": null, "ts": 1643119318.8505363}]}, "version": 297}
{"obj": {"type": "LogStrings", "path": ["monitoring", "stdout"], "values": [{"value": "\rsteps: :[                                        ]3%\t6200/300000\tmain of rewards = -1.932120\ttime cost = 0:00:28.615142\tTrue time of r = 124", "step": null, "ts": 1643119319.1128552}]}, "version": 298}
{"obj": {"type": "LogFloats", "path": ["train", "reward"], "values": [{"value": -1.932119945772741, "step": null, "ts": 1643119319.113408}]}, "version": 299}
{"obj": {"type": "LogStrings", "path": ["monitoring", "stdout"], "values": [{"value": "\rsteps: :[                                        ]3%\t6250/300000\tmain of rewards = -3.000664\ttime cost = 0:00:28.905697\tTrue time of r = 125", "step": null, "ts": 1643119319.403403}]}, "version": 300}
{"obj": {"type": "LogFloats", "path": ["train", "reward"], "values": [{"value": -3.000663976326393, "step": null, "ts": 1643119319.403983}]}, "version": 301}
{"obj": {"type": "LogStrings", "path": ["monitoring", "stdout"], "values": [{"value": "\rsteps: :[                                        ]3%\t6300/300000\tmain of rewards = -2.140534\ttime cost = 0:00:29.179549\tTrue time of r = 126", "step": null, "ts": 1643119319.6774256}]}, "version": 302}
{"obj": {"type": "LogFloats", "path": ["train", "reward"], "values": [{"value": -2.140533947123369, "step": null, "ts": 1643119319.6778738}]}, "version": 303}
{"obj": {"type": "LogStrings", "path": ["monitoring", "stdout"], "values": [{"value": "\rsteps: :[                                        ]3%\t6350/300000\tmain of rewards = -1.768653\ttime cost = 0:00:29.447789\tTrue time of r = 127", "step": null, "ts": 1643119319.9454904}]}, "version": 304}
{"obj": {"type": "LogFloats", "path": ["train", "reward"], "values": [{"value": -1.7686527662934073, "step": null, "ts": 1643119319.9461505}]}, "version": 305}
{"obj": {"type": "LogStrings", "path": ["monitoring", "stdout"], "values": [{"value": "\rsteps: :[                                        ]3%\t6400/300000\tmain of rewards = -2.466395\ttime cost = 0:00:29.717140\tTrue time of r = 128", "step": null, "ts": 1643119320.2148426}]}, "version": 306}
{"obj": {"type": "LogFloats", "path": ["train", "reward"], "values": [{"value": -2.466395320676952, "step": null, "ts": 1643119320.2154665}]}, "version": 307}
{"obj": {"type": "LogStrings", "path": ["monitoring", "stdout"], "values": [{"value": "\rsteps: :[                                        ]3%\t6450/300000\tmain of rewards = -1.789516\ttime cost = 0:00:30.021056\tTrue time of r = 129", "step": null, "ts": 1643119320.5189936}]}, "version": 308}
{"obj": {"type": "LogFloats", "path": ["train", "reward"], "values": [{"value": -1.7895159847653357, "step": null, "ts": 1643119320.519514}]}, "version": 309}
{"obj": {"type": "LogStrings", "path": ["monitoring", "stdout"], "values": [{"value": "\rsteps: :[                                        ]3%\t6500/300000\tmain of rewards = -1.562243\ttime cost = 0:00:30.301055\tTrue time of r = 130", "step": null, "ts": 1643119320.7987623}]}, "version": 310}
{"obj": {"type": "LogFloats", "path": ["train", "reward"], "values": [{"value": -1.5622430546333532, "step": null, "ts": 1643119320.799346}]}, "version": 311}
{"obj": {"type": "LogStrings", "path": ["monitoring", "stdout"], "values": [{"value": "\rsteps: :[                                        ]3%\t6550/300000\tmain of rewards = -1.290036\ttime cost = 0:00:30.585895\tTrue time of r = 131", "step": null, "ts": 1643119321.0836084}]}, "version": 312}
{"obj": {"type": "LogFloats", "path": ["train", "reward"], "values": [{"value": -1.2900358582980087, "step": null, "ts": 1643119321.084291}]}, "version": 313}
{"obj": {"type": "LogStrings", "path": ["monitoring", "stdout"], "values": [{"value": "\rsteps: :[                                        ]3%\t6600/300000\tmain of rewards = -2.057314\ttime cost = 0:00:30.922702\tTrue time of r = 132", "step": null, "ts": 1643119321.4204037}]}, "version": 314}
{"obj": {"type": "LogFloats", "path": ["train", "reward"], "values": [{"value": -2.0573142127368285, "step": null, "ts": 1643119321.4210498}]}, "version": 315}
{"obj": {"type": "LogFloats", "path": ["monitoring", "cpu"], "values": [{"value": 19.7, "step": null, "ts": 1643119321.4349535}]}, "version": 316}
{"obj": {"type": "LogFloats", "path": ["monitoring", "memory"], "values": [{"value": 23.674739837646484, "step": null, "ts": 1643119321.4349535}]}, "version": 317}
{"obj": {"type": "LogFloats", "path": ["monitoring", "gpu"], "values": [{"value": 37.0, "step": null, "ts": 1643119321.4349535}]}, "version": 318}
{"obj": {"type": "LogFloats", "path": ["monitoring", "gpu_memory"], "values": [{"value": 0.9598388671875, "step": null, "ts": 1643119321.4349535}]}, "version": 319}
{"obj": {"type": "LogStrings", "path": ["monitoring", "stdout"], "values": [{"value": "\rsteps: :[                                        ]3%\t6650/300000\tmain of rewards = -1.310375\ttime cost = 0:00:31.211167\tTrue time of r = 133", "step": null, "ts": 1643119321.7088778}]}, "version": 320}
{"obj": {"type": "LogFloats", "path": ["train", "reward"], "values": [{"value": -1.3103751702546294, "step": null, "ts": 1643119321.7094872}]}, "version": 321}
{"obj": {"type": "LogStrings", "path": ["monitoring", "stdout"], "values": [{"value": "\rsteps: :[                                        ]3%\t6700/300000\tmain of rewards = -1.826475\ttime cost = 0:00:31.480686\tTrue time of r = 134", "step": null, "ts": 1643119321.9783907}]}, "version": 322}
{"obj": {"type": "LogFloats", "path": ["train", "reward"], "values": [{"value": -1.8264753189308087, "step": null, "ts": 1643119321.9790165}]}, "version": 323}
{"obj": {"type": "LogStrings", "path": ["monitoring", "stdout"], "values": [{"value": "\rsteps: :[                                        ]3%\t6750/300000\tmain of rewards = -2.484051\ttime cost = 0:00:31.749466\tTrue time of r = 135", "step": null, "ts": 1643119322.2471673}]}, "version": 324}
{"obj": {"type": "LogFloats", "path": ["train", "reward"], "values": [{"value": -2.4840509055588127, "step": null, "ts": 1643119322.2477067}]}, "version": 325}
{"obj": {"type": "LogStrings", "path": ["monitoring", "stdout"], "values": [{"value": "\rsteps: :[                                        ]3%\t6800/300000\tmain of rewards = -1.665903\ttime cost = 0:00:32.016919\tTrue time of r = 136", "step": null, "ts": 1643119322.5146236}]}, "version": 326}
{"obj": {"type": "LogFloats", "path": ["train", "reward"], "values": [{"value": -1.665902846150672, "step": null, "ts": 1643119322.5152686}]}, "version": 327}
{"obj": {"type": "LogStrings", "path": ["monitoring", "stdout"], "values": [{"value": "\rsteps: :[                                        ]3%\t6850/300000\tmain of rewards = -1.990510\ttime cost = 0:00:32.289516\tTrue time of r = 137", "step": null, "ts": 1643119322.787224}]}, "version": 328}
{"obj": {"type": "LogFloats", "path": ["train", "reward"], "values": [{"value": -1.9905104090272345, "step": null, "ts": 1643119322.7878835}]}, "version": 329}
{"obj": {"type": "LogStrings", "path": ["monitoring", "stdout"], "values": [{"value": "\rsteps: :[                                        ]3%\t6900/300000\tmain of rewards = -2.087770\ttime cost = 0:00:32.563747\tTrue time of r = 138", "step": null, "ts": 1643119323.0616772}]}, "version": 330}
{"obj": {"type": "LogFloats", "path": ["train", "reward"], "values": [{"value": -2.087769918716967, "step": null, "ts": 1643119323.0622733}]}, "version": 331}
{"obj": {"type": "LogStrings", "path": ["monitoring", "stdout"], "values": [{"value": "\rsteps: :[                                        ]3%\t6950/300000\tmain of rewards = -1.526232\ttime cost = 0:00:32.886566\tTrue time of r = 139", "step": null, "ts": 1643119323.3843102}]}, "version": 332}
{"obj": {"type": "LogFloats", "path": ["train", "reward"], "values": [{"value": -1.526232075217075, "step": null, "ts": 1643119323.385094}]}, "version": 333}
{"obj": {"type": "LogFloats", "path": ["monitoring", "cpu"], "values": [{"value": 25.3, "step": null, "ts": 1643119331.435941}]}, "version": 334}
{"obj": {"type": "LogFloats", "path": ["monitoring", "memory"], "values": [{"value": 23.747886657714844, "step": null, "ts": 1643119331.435941}]}, "version": 335}
{"obj": {"type": "LogFloats", "path": ["monitoring", "gpu_memory"], "values": [{"value": 0.9598388671875, "step": null, "ts": 1643119331.435941}]}, "version": 336}
{"obj": {"type": "LogFloats", "path": ["monitoring", "cpu"], "values": [{"value": 13.6, "step": null, "ts": 1643119341.4369273}]}, "version": 337}
{"obj": {"type": "LogFloats", "path": ["monitoring", "memory"], "values": [{"value": 23.800697326660156, "step": null, "ts": 1643119341.4369273}]}, "version": 338}
{"obj": {"type": "LogFloats", "path": ["monitoring", "gpu_memory"], "values": [{"value": 0.9598388671875, "step": null, "ts": 1643119341.4369273}]}, "version": 339}
{"obj": {"type": "LogStrings", "path": ["monitoring", "stdout"], "values": [{"value": "Shutting down background jobs, please wait a moment...\n", "step": null, "ts": 1643119350.4152803}]}, "version": 340}
