{"obj": {"type": "AssignString", "path": ["sys", "name"], "value": "Untitled"}, "version": 1}
{"obj": {"type": "AssignString", "path": ["sys", "description"], "value": ""}, "version": 2}
{"obj": {"type": "AssignString", "path": ["sys", "hostname"], "value": "xhnfly-Strix-GL504GS-S5CS"}, "version": 3}
{"obj": {"type": "AssignBool", "path": ["sys", "failed"], "value": false}, "version": 4}
{"obj": {"type": "ClearStringLog", "path": ["monitoring", "stdout"]}, "version": 5}
{"obj": {"type": "ClearStringLog", "path": ["monitoring", "stderr"]}, "version": 6}
{"obj": {"type": "ConfigFloatSeries", "path": ["monitoring", "cpu"], "min": 0.0, "max": 100.0, "unit": "%"}, "version": 7}
{"obj": {"type": "ClearFloatLog", "path": ["monitoring", "cpu"]}, "version": 8}
{"obj": {"type": "ConfigFloatSeries", "path": ["monitoring", "memory"], "min": 0.0, "max": 31.287979125976562, "unit": "GB"}, "version": 9}
{"obj": {"type": "ClearFloatLog", "path": ["monitoring", "memory"]}, "version": 10}
{"obj": {"type": "ConfigFloatSeries", "path": ["monitoring", "gpu"], "min": 0.0, "max": 100.0, "unit": "%"}, "version": 11}
{"obj": {"type": "ClearFloatLog", "path": ["monitoring", "gpu"]}, "version": 12}
{"obj": {"type": "ConfigFloatSeries", "path": ["monitoring", "gpu_memory"], "min": 0.0, "max": 7.9210205078125, "unit": "GB"}, "version": 13}
{"obj": {"type": "ClearFloatLog", "path": ["monitoring", "gpu_memory"]}, "version": 14}
{"obj": {"type": "LogStrings", "path": ["monitoring", "stdout"], "values": [{"value": "", "step": null, "ts": 1643550213.9102306}]}, "version": 15}
{"obj": {"type": "LogStrings", "path": ["monitoring", "stdout"], "values": [{"value": "Remember to stop your run once you\u2019ve finished logging your metadata (https://docs.neptune.ai/api-reference/run#.stop). It will be stopped automatically only when the notebook kernel/interactive console is terminated.\n", "step": null, "ts": 1643550213.9111004}]}, "version": 16}
{"obj": {"type": "LogFloats", "path": ["monitoring", "cpu"], "values": [{"value": 32.7, "step": null, "ts": 1643550213.9058506}]}, "version": 17}
{"obj": {"type": "LogFloats", "path": ["monitoring", "memory"], "values": [{"value": 10.479995727539062, "step": null, "ts": 1643550213.9058506}]}, "version": 18}
{"obj": {"type": "LogFloats", "path": ["monitoring", "gpu"], "values": [{"value": 1.0, "step": null, "ts": 1643550213.9058506}]}, "version": 19}
{"obj": {"type": "LogFloats", "path": ["monitoring", "gpu_memory"], "values": [{"value": 0.239990234375, "step": null, "ts": 1643550213.9058506}]}, "version": 20}
{"obj": {"type": "LogFloats", "path": ["monitoring", "cpu"], "values": [{"value": 19.2, "step": null, "ts": 1643550223.9136844}]}, "version": 21}
{"obj": {"type": "LogFloats", "path": ["monitoring", "memory"], "values": [{"value": 11.281562805175781, "step": null, "ts": 1643550223.9136844}]}, "version": 22}
{"obj": {"type": "LogFloats", "path": ["monitoring", "gpu"], "values": [{"value": 1.0, "step": null, "ts": 1643550223.9136844}]}, "version": 23}
{"obj": {"type": "LogFloats", "path": ["monitoring", "gpu_memory"], "values": [{"value": 0.239990234375, "step": null, "ts": 1643550223.9136844}]}, "version": 24}
{"obj": {"type": "LogFloats", "path": ["monitoring", "cpu"], "values": [{"value": 8.3, "step": null, "ts": 1643550233.914763}]}, "version": 25}
{"obj": {"type": "LogFloats", "path": ["monitoring", "memory"], "values": [{"value": 10.810676574707031, "step": null, "ts": 1643550233.914763}]}, "version": 26}
{"obj": {"type": "LogFloats", "path": ["monitoring", "gpu"], "values": [{"value": 2.0, "step": null, "ts": 1643550233.914763}]}, "version": 27}
{"obj": {"type": "LogFloats", "path": ["monitoring", "gpu_memory"], "values": [{"value": 0.239990234375, "step": null, "ts": 1643550233.914763}]}, "version": 28}
{"obj": {"type": "LogFloats", "path": ["monitoring", "cpu"], "values": [{"value": 8.2, "step": null, "ts": 1643550243.9156828}]}, "version": 29}
{"obj": {"type": "LogFloats", "path": ["monitoring", "memory"], "values": [{"value": 10.753288269042969, "step": null, "ts": 1643550243.9156828}]}, "version": 30}
{"obj": {"type": "LogFloats", "path": ["monitoring", "gpu"], "values": [{"value": 1.0, "step": null, "ts": 1643550243.9156828}]}, "version": 31}
{"obj": {"type": "LogFloats", "path": ["monitoring", "gpu_memory"], "values": [{"value": 0.239990234375, "step": null, "ts": 1643550243.9156828}]}, "version": 32}
{"obj": {"type": "LogFloats", "path": ["monitoring", "cpu"], "values": [{"value": 11.2, "step": null, "ts": 1643550253.9166431}]}, "version": 33}
{"obj": {"type": "LogFloats", "path": ["monitoring", "memory"], "values": [{"value": 10.778392791748047, "step": null, "ts": 1643550253.9166431}]}, "version": 34}
{"obj": {"type": "LogFloats", "path": ["monitoring", "gpu"], "values": [{"value": 1.0, "step": null, "ts": 1643550253.9166431}]}, "version": 35}
{"obj": {"type": "LogFloats", "path": ["monitoring", "gpu_memory"], "values": [{"value": 0.239990234375, "step": null, "ts": 1643550253.9166431}]}, "version": 36}
{"obj": {"type": "LogFloats", "path": ["monitoring", "cpu"], "values": [{"value": 6.7, "step": null, "ts": 1643550263.9175272}]}, "version": 37}
{"obj": {"type": "LogFloats", "path": ["monitoring", "memory"], "values": [{"value": 10.7738037109375, "step": null, "ts": 1643550263.9175272}]}, "version": 38}
{"obj": {"type": "LogFloats", "path": ["monitoring", "gpu"], "values": [{"value": 2.0, "step": null, "ts": 1643550263.9175272}]}, "version": 39}
{"obj": {"type": "LogFloats", "path": ["monitoring", "gpu_memory"], "values": [{"value": 0.239990234375, "step": null, "ts": 1643550263.9175272}]}, "version": 40}
{"obj": {"type": "LogFloats", "path": ["monitoring", "cpu"], "values": [{"value": 7.1, "step": null, "ts": 1643550273.918571}]}, "version": 41}
{"obj": {"type": "LogFloats", "path": ["monitoring", "memory"], "values": [{"value": 10.700180053710938, "step": null, "ts": 1643550273.918571}]}, "version": 42}
{"obj": {"type": "LogFloats", "path": ["monitoring", "gpu"], "values": [{"value": 1.0, "step": null, "ts": 1643550273.918571}]}, "version": 43}
{"obj": {"type": "LogFloats", "path": ["monitoring", "gpu_memory"], "values": [{"value": 0.239990234375, "step": null, "ts": 1643550273.918571}]}, "version": 44}
{"obj": {"type": "LogFloats", "path": ["monitoring", "cpu"], "values": [{"value": 5.5, "step": null, "ts": 1643550283.921741}]}, "version": 45}
{"obj": {"type": "LogFloats", "path": ["monitoring", "memory"], "values": [{"value": 10.707893371582031, "step": null, "ts": 1643550283.921741}]}, "version": 46}
{"obj": {"type": "LogFloats", "path": ["monitoring", "gpu"], "values": [{"value": 2.0, "step": null, "ts": 1643550283.921741}]}, "version": 47}
{"obj": {"type": "LogFloats", "path": ["monitoring", "gpu_memory"], "values": [{"value": 0.239990234375, "step": null, "ts": 1643550283.921741}]}, "version": 48}
{"obj": {"type": "LogFloats", "path": ["monitoring", "cpu"], "values": [{"value": 6.5, "step": null, "ts": 1643550293.9226754}]}, "version": 49}
{"obj": {"type": "LogFloats", "path": ["monitoring", "memory"], "values": [{"value": 10.706859588623047, "step": null, "ts": 1643550293.9226754}]}, "version": 50}
{"obj": {"type": "LogFloats", "path": ["monitoring", "gpu"], "values": [{"value": 1.0, "step": null, "ts": 1643550293.9226754}]}, "version": 51}
{"obj": {"type": "LogFloats", "path": ["monitoring", "gpu_memory"], "values": [{"value": 0.239990234375, "step": null, "ts": 1643550293.9226754}]}, "version": 52}
{"obj": {"type": "LogFloats", "path": ["monitoring", "cpu"], "values": [{"value": 12.0, "step": null, "ts": 1643550303.9236388}]}, "version": 53}
{"obj": {"type": "LogFloats", "path": ["monitoring", "memory"], "values": [{"value": 10.69161605834961, "step": null, "ts": 1643550303.9236388}]}, "version": 54}
{"obj": {"type": "LogFloats", "path": ["monitoring", "gpu"], "values": [{"value": 1.0, "step": null, "ts": 1643550303.9236388}]}, "version": 55}
{"obj": {"type": "LogFloats", "path": ["monitoring", "gpu_memory"], "values": [{"value": 0.239990234375, "step": null, "ts": 1643550303.9236388}]}, "version": 56}
{"obj": {"type": "LogFloats", "path": ["monitoring", "cpu"], "values": [{"value": 5.8, "step": null, "ts": 1643550313.9246087}]}, "version": 57}
{"obj": {"type": "LogFloats", "path": ["monitoring", "memory"], "values": [{"value": 10.680740356445312, "step": null, "ts": 1643550313.9246087}]}, "version": 58}
{"obj": {"type": "LogFloats", "path": ["monitoring", "gpu"], "values": [{"value": 1.0, "step": null, "ts": 1643550313.9246087}]}, "version": 59}
{"obj": {"type": "LogFloats", "path": ["monitoring", "gpu_memory"], "values": [{"value": 0.239990234375, "step": null, "ts": 1643550313.9246087}]}, "version": 60}
{"obj": {"type": "LogFloats", "path": ["monitoring", "cpu"], "values": [{"value": 5.7, "step": null, "ts": 1643550323.925575}]}, "version": 61}
{"obj": {"type": "LogFloats", "path": ["monitoring", "memory"], "values": [{"value": 10.686809539794922, "step": null, "ts": 1643550323.925575}]}, "version": 62}
{"obj": {"type": "LogFloats", "path": ["monitoring", "gpu"], "values": [{"value": 31.0, "step": null, "ts": 1643550323.925575}]}, "version": 63}
{"obj": {"type": "LogFloats", "path": ["monitoring", "gpu_memory"], "values": [{"value": 0.239990234375, "step": null, "ts": 1643550323.925575}]}, "version": 64}
{"obj": {"type": "LogFloats", "path": ["monitoring", "cpu"], "values": [{"value": 9.6, "step": null, "ts": 1643550333.9265409}]}, "version": 65}
{"obj": {"type": "LogFloats", "path": ["monitoring", "memory"], "values": [{"value": 10.703788757324219, "step": null, "ts": 1643550333.9265409}]}, "version": 66}
{"obj": {"type": "LogFloats", "path": ["monitoring", "gpu"], "values": [{"value": 12.0, "step": null, "ts": 1643550333.9265409}]}, "version": 67}
{"obj": {"type": "LogFloats", "path": ["monitoring", "gpu_memory"], "values": [{"value": 0.239990234375, "step": null, "ts": 1643550333.9265409}]}, "version": 68}
{"obj": {"type": "LogStrings", "path": ["monitoring", "stdout"], "values": [{"value": "Shutting down background jobs, please wait a moment...\n", "step": null, "ts": 1643550339.6809359}]}, "version": 69}
