{"obj": {"type": "AssignString", "path": ["sys", "name"], "value": "Untitled"}, "version": 1}
{"obj": {"type": "AssignString", "path": ["sys", "description"], "value": ""}, "version": 2}
{"obj": {"type": "AssignString", "path": ["sys", "hostname"], "value": "xhnfly-Strix-GL504GS-S5CS"}, "version": 3}
{"obj": {"type": "AssignBool", "path": ["sys", "failed"], "value": false}, "version": 4}
{"obj": {"type": "ClearStringLog", "path": ["monitoring", "stdout"]}, "version": 5}
{"obj": {"type": "ClearStringLog", "path": ["monitoring", "stderr"]}, "version": 6}
{"obj": {"type": "ConfigFloatSeries", "path": ["monitoring", "cpu"], "min": 0.0, "max": 100.0, "unit": "%"}, "version": 7}
{"obj": {"type": "ClearFloatLog", "path": ["monitoring", "cpu"]}, "version": 8}
{"obj": {"type": "ConfigFloatSeries", "path": ["monitoring", "memory"], "min": 0.0, "max": 31.287979125976562, "unit": "GB"}, "version": 9}
{"obj": {"type": "ClearFloatLog", "path": ["monitoring", "memory"]}, "version": 10}
{"obj": {"type": "ConfigFloatSeries", "path": ["monitoring", "gpu"], "min": 0.0, "max": 100.0, "unit": "%"}, "version": 11}
{"obj": {"type": "ClearFloatLog", "path": ["monitoring", "gpu"]}, "version": 12}
{"obj": {"type": "ConfigFloatSeries", "path": ["monitoring", "gpu_memory"], "min": 0.0, "max": 7.9210205078125, "unit": "GB"}, "version": 13}
{"obj": {"type": "ClearFloatLog", "path": ["monitoring", "gpu_memory"]}, "version": 14}
{"obj": {"type": "LogStrings", "path": ["monitoring", "stdout"], "values": [{"value": "", "step": null, "ts": 1643579770.6911519}]}, "version": 15}
{"obj": {"type": "LogStrings", "path": ["monitoring", "stdout"], "values": [{"value": "Remember to stop your run once you\u2019ve finished logging your metadata (https://docs.neptune.ai/api-reference/run#.stop). It will be stopped automatically only when the notebook kernel/interactive console is terminated.\n", "step": null, "ts": 1643579770.6916976}]}, "version": 16}
{"obj": {"type": "LogFloats", "path": ["monitoring", "cpu"], "values": [{"value": 24.3, "step": null, "ts": 1643579770.6864834}]}, "version": 17}
{"obj": {"type": "LogFloats", "path": ["monitoring", "memory"], "values": [{"value": 11.639762878417969, "step": null, "ts": 1643579770.6864834}]}, "version": 18}
{"obj": {"type": "LogFloats", "path": ["monitoring", "gpu_memory"], "values": [{"value": 0.243896484375, "step": null, "ts": 1643579770.6864834}]}, "version": 19}
{"obj": {"type": "LogStrings", "path": ["monitoring", "stdout"], "values": [{"value": "device = ", "step": null, "ts": 1643579774.5607302}]}, "version": 20}
{"obj": {"type": "LogStrings", "path": ["monitoring", "stdout"], "values": [{"value": " ", "step": null, "ts": 1643579774.5610394}]}, "version": 21}
{"obj": {"type": "LogStrings", "path": ["monitoring", "stdout"], "values": [{"value": "cuda", "step": null, "ts": 1643579774.5611382}]}, "version": 22}
{"obj": {"type": "LogStrings", "path": ["monitoring", "stdout"], "values": [{"value": "\n", "step": null, "ts": 1643579774.5612211}]}, "version": 23}
{"obj": {"type": "AssignFloat", "path": ["parameters", "dropout"], "value": 0.2}, "version": 24}
{"obj": {"type": "AssignFloat", "path": ["parameters", "learning_rate"], "value": 0.001}, "version": 25}
{"obj": {"type": "AssignString", "path": ["parameters", "optimizer"], "value": "Adam"}, "version": 26}
{"obj": {"type": "AssignInt", "path": ["parameters", "hid"], "value": 256}, "version": 27}
{"obj": {"type": "AssignInt", "path": ["parameters", "l"], "value": 3}, "version": 28}
{"obj": {"type": "AssignInt", "path": ["parameters", "seed"], "value": 0}, "version": 29}
{"obj": {"type": "AssignInt", "path": ["parameters", "steps_per_epoch"], "value": 3000}, "version": 30}
{"obj": {"type": "AssignInt", "path": ["parameters", "steps_video"], "value": 3}, "version": 31}
{"obj": {"type": "AssignInt", "path": ["parameters", "epochs"], "value": 100}, "version": 32}
{"obj": {"type": "AssignInt", "path": ["parameters", "replay_size"], "value": 100000000}, "version": 33}
{"obj": {"type": "AssignFloat", "path": ["parameters", "gamma"], "value": 0.99}, "version": 34}
{"obj": {"type": "AssignFloat", "path": ["parameters", "polyak"], "value": 0.995}, "version": 35}
{"obj": {"type": "AssignFloat", "path": ["parameters", "pi_lr"], "value": 0.0001}, "version": 36}
{"obj": {"type": "AssignFloat", "path": ["parameters", "q_lr"], "value": 0.0001}, "version": 37}
{"obj": {"type": "AssignInt", "path": ["parameters", "batch_size"], "value": 1000}, "version": 38}
{"obj": {"type": "AssignInt", "path": ["parameters", "start_steps"], "value": 10000}, "version": 39}
{"obj": {"type": "AssignInt", "path": ["parameters", "update_after"], "value": 5000}, "version": 40}
{"obj": {"type": "AssignInt", "path": ["parameters", "update_every"], "value": 100}, "version": 41}
{"obj": {"type": "AssignFloat", "path": ["parameters", "act_noise"], "value": 0.01}, "version": 42}
{"obj": {"type": "AssignInt", "path": ["parameters", "num_test_episodes"], "value": 10}, "version": 43}
{"obj": {"type": "AssignInt", "path": ["parameters", "max_ep_len"], "value": 1000}, "version": 44}
{"obj": {"type": "AssignInt", "path": ["parameters", "max_video_len"], "value": 1000}, "version": 45}
{"obj": {"type": "AssignInt", "path": ["parameters", "save_model_len"], "value": 10000}, "version": 46}
{"obj": {"type": "LogStrings", "path": ["monitoring", "stdout"], "values": [{"value": "obs_dim = ", "step": null, "ts": 1643579774.6931567}]}, "version": 47}
{"obj": {"type": "LogStrings", "path": ["monitoring", "stdout"], "values": [{"value": " ", "step": null, "ts": 1643579774.6934202}]}, "version": 48}
{"obj": {"type": "LogStrings", "path": ["monitoring", "stdout"], "values": [{"value": "35", "step": null, "ts": 1643579774.6935494}]}, "version": 49}
{"obj": {"type": "LogStrings", "path": ["monitoring", "stdout"], "values": [{"value": "\n", "step": null, "ts": 1643579774.6936643}]}, "version": 50}
{"obj": {"type": "LogStrings", "path": ["monitoring", "stdout"], "values": [{"value": "act_dim = ", "step": null, "ts": 1643579774.6938572}]}, "version": 51}
{"obj": {"type": "LogStrings", "path": ["monitoring", "stdout"], "values": [{"value": " ", "step": null, "ts": 1643579774.6940684}]}, "version": 52}
{"obj": {"type": "LogStrings", "path": ["monitoring", "stdout"], "values": [{"value": "6", "step": null, "ts": 1643579774.6942215}]}, "version": 53}
{"obj": {"type": "LogStrings", "path": ["monitoring", "stdout"], "values": [{"value": "\n", "step": null, "ts": 1643579774.6943846}]}, "version": 54}
{"obj": {"type": "LogStrings", "path": ["monitoring", "stdout"], "values": [{"value": "act_limit = ", "step": null, "ts": 1643579774.694631}]}, "version": 55}
{"obj": {"type": "LogStrings", "path": ["monitoring", "stdout"], "values": [{"value": " ", "step": null, "ts": 1643579774.6948168}]}, "version": 56}
{"obj": {"type": "LogStrings", "path": ["monitoring", "stdout"], "values": [{"value": "1", "step": null, "ts": 1643579774.6949792}]}, "version": 57}
{"obj": {"type": "LogStrings", "path": ["monitoring", "stdout"], "values": [{"value": "\n", "step": null, "ts": 1643579774.6951103}]}, "version": 58}
{"obj": {"type": "LogStrings", "path": ["monitoring", "stderr"], "values": [{"value": "\r  0%|          | 0/300000 [00:00<?, ?it/s]", "step": null, "ts": 1643579777.2626007}]}, "version": 59}
{"obj": {"type": "LogStrings", "path": ["train", "o"], "values": [{"value": "tensor([[ 0.8982, -0.1328, -0.7603, -0.6269, -0.0361, -0.3717, -0.4396, -0.9911,\n          0.6495, -0.7791, -0.9993, -0.9284,  0.0000,  0.0000,  0.0000,  0.0000,\n          0.0000,  0.0000,  0.3831, -0.7531,  1.1275, -0.9988,  0.0367,  0.0316,\n         -0.0057,  0.0000,  0.0000,  0.0000,  0.0000,  0.0000,  0.0000,  1.0000,\n         -0.3831,  0.7531, -1.1275]], device='cuda:0', dtype=torch.float64)", "step": null, "ts": 1643579777.2885556}]}, "version": 60}
{"obj": {"type": "LogStrings", "path": ["train", "a"], "values": [{"value": "tensor([[ 0.5835,  0.0578,  0.1361,  0.8512, -0.8579, -0.8257]],\n       device='cuda:0')", "step": null, "ts": 1643579777.2942524}]}, "version": 61}
{"obj": {"type": "LogFloats", "path": ["train", "r"], "values": [{"value": 1.6122658763606523e-12, "step": null, "ts": 1643579777.2973785}]}, "version": 62}
{"obj": {"type": "LogStrings", "path": ["train", "o2"], "values": [{"value": "tensor([[ 0.9038, -0.1313, -0.7625, -0.6133, -0.0544, -0.3886, -0.4279, -0.9913,\n          0.6470, -0.7898, -0.9985, -0.9214,  0.2934,  0.0290,  0.0684,  0.4291,\n         -0.4318, -0.4151,  0.3799, -0.7491,  1.1244, -0.9987,  0.0212,  0.0447,\n         -0.0093,  0.0000,  0.0000,  0.0140,  0.0000,  0.0000,  0.0000,  1.0000,\n         -0.3799,  0.7491, -1.1104]], device='cuda:0')", "step": null, "ts": 1643579777.3016825}]}, "version": 63}
{"obj": {"type": "LogFloats", "path": ["train", "d"], "values": [{"value": 0.0, "step": null, "ts": 1643579777.30611}]}, "version": 64}
{"obj": {"type": "LogStrings", "path": ["train", "o"], "values": [{"value": "tensor([[ 0.9038, -0.1313, -0.7625, -0.6133, -0.0544, -0.3886, -0.4279, -0.9913,\n          0.6470, -0.7898, -0.9985, -0.9214,  0.2934,  0.0290,  0.0684,  0.4291,\n         -0.4318, -0.4151,  0.3799, -0.7491,  1.1244, -0.9987,  0.0212,  0.0447,\n         -0.0093,  0.0000,  0.0000,  0.0140,  0.0000,  0.0000,  0.0000,  1.0000,\n         -0.3799,  0.7491, -1.1104]], device='cuda:0')", "step": null, "ts": 1643579777.3340414}]}, "version": 65}
{"obj": {"type": "LogStrings", "path": ["train", "a"], "values": [{"value": "tensor([[-0.9596,  0.6652,  0.5563,  0.7400,  0.9572,  0.5983]],\n       device='cuda:0')", "step": null, "ts": 1643579777.3349626}]}, "version": 66}
{"obj": {"type": "LogFloats", "path": ["train", "r"], "values": [{"value": 2.158606626778692e-12, "step": null, "ts": 1643579777.3467267}]}, "version": 67}
{"obj": {"type": "LogStrings", "path": ["train", "o2"], "values": [{"value": "tensor([[ 0.8981, -0.1160, -0.7713, -0.5984, -0.0447, -0.3815, -0.4397, -0.9933,\n          0.6364, -0.8012, -0.9990, -0.9244, -0.4816,  0.3341,  0.2795,  0.3736,\n          0.4798,  0.3003,  0.3738, -0.7494,  1.1129, -0.9975,  0.0297,  0.0646,\n          0.0041,  0.0000,  0.0000,  0.0189,  0.0000,  0.0000,  0.0000,  1.0000,\n         -0.3738,  0.7494, -1.0940]], device='cuda:0')", "step": null, "ts": 1643579777.3486114}]}, "version": 68}
{"obj": {"type": "LogFloats", "path": ["train", "d"], "values": [{"value": 0.0, "step": null, "ts": 1643579777.3488464}]}, "version": 69}
{"obj": {"type": "LogStrings", "path": ["train", "o"], "values": [{"value": "tensor([[ 0.8981, -0.1160, -0.7713, -0.5984, -0.0447, -0.3815, -0.4397, -0.9933,\n          0.6364, -0.8012, -0.9990, -0.9244, -0.4816,  0.3341,  0.2795,  0.3736,\n          0.4798,  0.3003,  0.3738, -0.7494,  1.1129, -0.9975,  0.0297,  0.0646,\n          0.0041,  0.0000,  0.0000,  0.0189,  0.0000,  0.0000,  0.0000,  1.0000,\n         -0.3738,  0.7494, -1.0940]], device='cuda:0')", "step": null, "ts": 1643579777.3904474}]}, "version": 70}
{"obj": {"type": "LogStrings", "path": ["train", "a"], "values": [{"value": "tensor([[-0.0770,  0.5611, -0.7635,  0.2798, -0.7133,  0.8893]],\n       device='cuda:0')", "step": null, "ts": 1643579777.3917885}]}, "version": 71}
{"obj": {"type": "LogFloats", "path": ["train", "r"], "values": [{"value": 2.0304868897369488e-12, "step": null, "ts": 1643579777.3921244}]}, "version": 72}
{"obj": {"type": "LogStrings", "path": ["train", "o2"], "values": [{"value": "tensor([[ 0.8958, -0.1016, -0.7611, -0.5911, -0.0504, -0.3612, -0.4445, -0.9948,\n          0.6486, -0.8066, -0.9987, -0.9325, -0.0389,  0.2818, -0.3836,  0.1423,\n         -0.3580,  0.4465,  0.3779, -0.7541,  1.1128, -0.9966,  0.0433,  0.0698,\n          0.0036,  0.0000,  0.0000,  0.0196,  0.0000,  0.0000,  0.0000,  1.0000,\n         -0.3779,  0.7541, -1.0932]], device='cuda:0')", "step": null, "ts": 1643579777.3933597}]}, "version": 73}
{"obj": {"type": "LogFloats", "path": ["train", "d"], "values": [{"value": 0.0, "step": null, "ts": 1643579777.3935423}]}, "version": 74}
{"obj": {"type": "LogStrings", "path": ["monitoring", "stdout"], "values": [{"value": "current_time = ", "step": null, "ts": 1643579777.3937643}]}, "version": 75}
{"obj": {"type": "LogStrings", "path": ["monitoring", "stdout"], "values": [{"value": " ", "step": null, "ts": 1643579777.394076}]}, "version": 76}
{"obj": {"type": "LogStrings", "path": ["monitoring", "stdout"], "values": [{"value": "2022-01-31T08:56:17.393659", "step": null, "ts": 1643579777.394279}]}, "version": 77}
{"obj": {"type": "LogStrings", "path": ["monitoring", "stdout"], "values": [{"value": "\n", "step": null, "ts": 1643579777.3944454}]}, "version": 78}
{"obj": {"type": "LogFloats", "path": ["monitoring", "cpu"], "values": [{"value": 25.7, "step": null, "ts": 1643579780.6939888}]}, "version": 79}
{"obj": {"type": "LogFloats", "path": ["monitoring", "memory"], "values": [{"value": 15.559127807617188, "step": null, "ts": 1643579780.6939888}]}, "version": 80}
{"obj": {"type": "LogFloats", "path": ["monitoring", "gpu"], "values": [{"value": 11.0, "step": null, "ts": 1643579780.6939888}]}, "version": 81}
{"obj": {"type": "LogFloats", "path": ["monitoring", "gpu_memory"], "values": [{"value": 1.0360107421875, "step": null, "ts": 1643579780.6939888}]}, "version": 82}
{"obj": {"type": "LogFloats", "path": ["monitoring", "cpu"], "values": [{"value": 19.7, "step": null, "ts": 1643579790.700758}]}, "version": 83}
{"obj": {"type": "LogFloats", "path": ["monitoring", "memory"], "values": [{"value": 14.97872543334961, "step": null, "ts": 1643579790.700758}]}, "version": 84}
{"obj": {"type": "LogFloats", "path": ["monitoring", "gpu"], "values": [{"value": 3.0, "step": null, "ts": 1643579790.700758}]}, "version": 85}
{"obj": {"type": "LogFloats", "path": ["monitoring", "gpu_memory"], "values": [{"value": 1.0360107421875, "step": null, "ts": 1643579790.700758}]}, "version": 86}
{"obj": {"type": "LogFloats", "path": ["monitoring", "cpu"], "values": [{"value": 17.5, "step": null, "ts": 1643579800.7536876}]}, "version": 87}
{"obj": {"type": "LogFloats", "path": ["monitoring", "memory"], "values": [{"value": 14.99246597290039, "step": null, "ts": 1643579800.7536876}]}, "version": 88}
{"obj": {"type": "LogFloats", "path": ["monitoring", "gpu"], "values": [{"value": 12.0, "step": null, "ts": 1643579800.7536876}]}, "version": 89}
{"obj": {"type": "LogFloats", "path": ["monitoring", "gpu_memory"], "values": [{"value": 1.0360107421875, "step": null, "ts": 1643579800.7536876}]}, "version": 90}
{"obj": {"type": "LogFloats", "path": ["monitoring", "cpu"], "values": [{"value": 24.4, "step": null, "ts": 1643579810.765996}]}, "version": 91}
{"obj": {"type": "LogFloats", "path": ["monitoring", "memory"], "values": [{"value": 14.981071472167969, "step": null, "ts": 1643579810.765996}]}, "version": 92}
{"obj": {"type": "LogFloats", "path": ["monitoring", "gpu"], "values": [{"value": 2.0, "step": null, "ts": 1643579810.765996}]}, "version": 93}
{"obj": {"type": "LogFloats", "path": ["monitoring", "gpu_memory"], "values": [{"value": 1.0360107421875, "step": null, "ts": 1643579810.765996}]}, "version": 94}
{"obj": {"type": "LogFloats", "path": ["monitoring", "cpu"], "values": [{"value": 18.5, "step": null, "ts": 1643579820.831309}]}, "version": 95}
{"obj": {"type": "LogFloats", "path": ["monitoring", "memory"], "values": [{"value": 14.985340118408203, "step": null, "ts": 1643579820.831309}]}, "version": 96}
{"obj": {"type": "LogFloats", "path": ["monitoring", "gpu"], "values": [{"value": 3.0, "step": null, "ts": 1643579820.831309}]}, "version": 97}
{"obj": {"type": "LogFloats", "path": ["monitoring", "gpu_memory"], "values": [{"value": 1.0360107421875, "step": null, "ts": 1643579820.831309}]}, "version": 98}
{"obj": {"type": "LogFloats", "path": ["monitoring", "cpu"], "values": [{"value": 17.3, "step": null, "ts": 1643579830.8344417}]}, "version": 99}
{"obj": {"type": "LogFloats", "path": ["monitoring", "memory"], "values": [{"value": 14.980464935302734, "step": null, "ts": 1643579830.8344417}]}, "version": 100}
{"obj": {"type": "LogFloats", "path": ["monitoring", "gpu"], "values": [{"value": 3.0, "step": null, "ts": 1643579830.8344417}]}, "version": 101}
{"obj": {"type": "LogFloats", "path": ["monitoring", "gpu_memory"], "values": [{"value": 1.0360107421875, "step": null, "ts": 1643579830.8344417}]}, "version": 102}
{"obj": {"type": "LogFloats", "path": ["monitoring", "cpu"], "values": [{"value": 19.1, "step": null, "ts": 1643579840.882818}]}, "version": 103}
{"obj": {"type": "LogFloats", "path": ["monitoring", "memory"], "values": [{"value": 14.978618621826172, "step": null, "ts": 1643579840.882818}]}, "version": 104}
{"obj": {"type": "LogFloats", "path": ["monitoring", "gpu"], "values": [{"value": 2.0, "step": null, "ts": 1643579840.882818}]}, "version": 105}
{"obj": {"type": "LogFloats", "path": ["monitoring", "gpu_memory"], "values": [{"value": 1.0360107421875, "step": null, "ts": 1643579840.882818}]}, "version": 106}
{"obj": {"type": "LogFloats", "path": ["monitoring", "cpu"], "values": [{"value": 20.6, "step": null, "ts": 1643579850.9144044}]}, "version": 107}
{"obj": {"type": "LogFloats", "path": ["monitoring", "memory"], "values": [{"value": 15.006858825683594, "step": null, "ts": 1643579850.9144044}]}, "version": 108}
{"obj": {"type": "LogFloats", "path": ["monitoring", "gpu"], "values": [{"value": 4.0, "step": null, "ts": 1643579850.9144044}]}, "version": 109}
{"obj": {"type": "LogFloats", "path": ["monitoring", "gpu_memory"], "values": [{"value": 1.0360107421875, "step": null, "ts": 1643579850.9144044}]}, "version": 110}
{"obj": {"type": "UploadFile", "path": ["video"], "ext": "mp4", "file_path": "/home/xhnfly/Cosmic_rays_X/X_Robot/robosuite/robosuite/demos/video/DDPG_UR5_2022-01-31T08:56:18.482790_ep_0.mp4"}, "version": 111}
{"obj": {"type": "LogStrings", "path": ["monitoring", "stdout"], "values": [{"value": "current_time = ", "step": null, "ts": 1643579860.4304268}]}, "version": 112}
{"obj": {"type": "LogStrings", "path": ["monitoring", "stdout"], "values": [{"value": " ", "step": null, "ts": 1643579860.430861}]}, "version": 113}
{"obj": {"type": "LogStrings", "path": ["monitoring", "stdout"], "values": [{"value": "2022-01-31T08:57:40.430276", "step": null, "ts": 1643579860.4310267}]}, "version": 114}
{"obj": {"type": "LogStrings", "path": ["monitoring", "stdout"], "values": [{"value": "\n", "step": null, "ts": 1643579860.431161}]}, "version": 115}
{"obj": {"type": "LogStrings", "path": ["monitoring", "stderr"], "values": [{"value": "\r  0%|          | 3/300000 [01:23<2310:12:07, 27.72s/it]", "step": null, "ts": 1643579860.4314318}]}, "version": 116}
{"obj": {"type": "LogStrings", "path": ["train", "o"], "values": [{"value": "tensor([[ 0.8958, -0.1016, -0.7611, -0.5911, -0.0504, -0.3612, -0.4445, -0.9948,\n          0.6486, -0.8066, -0.9987, -0.9325, -0.0389,  0.2818, -0.3836,  0.1423,\n         -0.3580,  0.4465,  0.3779, -0.7541,  1.1128, -0.9966,  0.0433,  0.0698,\n          0.0036,  0.0000,  0.0000,  0.0196,  0.0000,  0.0000,  0.0000,  1.0000,\n         -0.3779,  0.7541, -1.0932]], device='cuda:0')", "step": null, "ts": 1643579860.4434836}]}, "version": 117}
{"obj": {"type": "LogStrings", "path": ["train", "a"], "values": [{"value": "tensor([[ 0.8875,  0.3636, -0.2810, -0.1259,  0.3953, -0.8795]],\n       device='cuda:0')", "step": null, "ts": 1643579860.4441206}]}, "version": 118}
{"obj": {"type": "LogFloats", "path": ["train", "r"], "values": [{"value": 2.098543561146471e-12, "step": null, "ts": 1643579860.4442382}]}, "version": 119}
{"obj": {"type": "LogStrings", "path": ["train", "o2"], "values": [{"value": "tensor([[ 0.9036, -0.0922, -0.7563, -0.5927, -0.0460, -0.3712, -0.4284, -0.9957,\n          0.6542, -0.8054, -0.9989, -0.9286,  0.4458,  0.1825, -0.1411, -0.0618,\n          0.1981, -0.4431,  0.3817, -0.7494,  1.1126, -0.9971,  0.0305,  0.0692,\n          0.0049,  0.0000,  0.0000,  0.0196,  0.0000,  0.0000,  0.0000,  1.0000,\n         -0.3817,  0.7494, -1.0930]], device='cuda:0')", "step": null, "ts": 1643579860.4451504}]}, "version": 120}
{"obj": {"type": "LogFloats", "path": ["train", "d"], "values": [{"value": 0.0, "step": null, "ts": 1643579860.445264}]}, "version": 121}
{"obj": {"type": "LogStrings", "path": ["train", "o"], "values": [{"value": "tensor([[ 0.9036, -0.0922, -0.7563, -0.5927, -0.0460, -0.3712, -0.4284, -0.9957,\n          0.6542, -0.8054, -0.9989, -0.9286,  0.4458,  0.1825, -0.1411, -0.0618,\n          0.1981, -0.4431,  0.3817, -0.7494,  1.1126, -0.9971,  0.0305,  0.0692,\n          0.0049,  0.0000,  0.0000,  0.0196,  0.0000,  0.0000,  0.0000,  1.0000,\n         -0.3817,  0.7494, -1.0930]], device='cuda:0')", "step": null, "ts": 1643579860.4564724}]}, "version": 122}
{"obj": {"type": "LogStrings", "path": ["train", "a"], "values": [{"value": "tensor([[ 0.3335,  0.3413, -0.5792, -0.7421, -0.3691, -0.2726]],\n       device='cuda:0')", "step": null, "ts": 1643579860.4571772}]}, "version": 123}
{"obj": {"type": "LogFloats", "path": ["train", "r"], "values": [{"value": 1.901589996577968e-12, "step": null, "ts": 1643579860.4573102}]}, "version": 124}
{"obj": {"type": "LogStrings", "path": ["train", "o2"], "values": [{"value": "tensor([[ 0.9078, -0.0837, -0.7468, -0.6055, -0.0527, -0.3788, -0.4194, -0.9965,\n          0.6650, -0.7959, -0.9986, -0.9255,  0.1670,  0.1712, -0.2909, -0.3728,\n         -0.1867, -0.1378,  0.3886, -0.7496,  1.1163, -0.9979,  0.0210,  0.0609,\n         -0.0020,  0.0000,  0.0000,  0.0196,  0.0000,  0.0000,  0.0000,  1.0000,\n         -0.3886,  0.7496, -1.0967]], device='cuda:0')", "step": null, "ts": 1643579860.4582431}]}, "version": 125}
{"obj": {"type": "LogFloats", "path": ["train", "d"], "values": [{"value": 0.0, "step": null, "ts": 1643579860.4583673}]}, "version": 126}
{"obj": {"type": "LogStrings", "path": ["train", "o"], "values": [{"value": "tensor([[ 0.9078, -0.0837, -0.7468, -0.6055, -0.0527, -0.3788, -0.4194, -0.9965,\n          0.6650, -0.7959, -0.9986, -0.9255,  0.1670,  0.1712, -0.2909, -0.3728,\n         -0.1867, -0.1378,  0.3886, -0.7496,  1.1163, -0.9979,  0.0210,  0.0609,\n         -0.0020,  0.0000,  0.0000,  0.0196,  0.0000,  0.0000,  0.0000,  1.0000,\n         -0.3886,  0.7496, -1.0967]], device='cuda:0')", "step": null, "ts": 1643579860.4708118}]}, "version": 127}
{"obj": {"type": "LogStrings", "path": ["train", "a"], "values": [{"value": "tensor([[ 0.1404, -0.1228,  0.9767, -0.7959, -0.5822, -0.6774]],\n       device='cuda:0')", "step": null, "ts": 1643579860.4714503}]}, "version": 128}
{"obj": {"type": "LogFloats", "path": ["train", "r"], "values": [{"value": 2.156719247636829e-12, "step": null, "ts": 1643579860.4715648}]}, "version": 129}
{"obj": {"type": "LogStrings", "path": ["train", "o2"], "values": [{"value": "tensor([[ 0.9093, -0.0863, -0.7606, -0.6214, -0.0669, -0.3939, -0.4161, -0.9963,\n          0.6492, -0.7835, -0.9978, -0.9191,  0.0699, -0.0618,  0.4909, -0.3996,\n         -0.2937, -0.3411,  0.3833, -0.7474,  1.1118, -0.9980,  0.0107,  0.0623,\n         -0.0086,  0.0000,  0.0000,  0.0196,  0.0000,  0.0000,  0.0000,  1.0000,\n         -0.3833,  0.7474, -1.0921]], device='cuda:0')", "step": null, "ts": 1643579860.4724784}]}, "version": 130}
{"obj": {"type": "LogFloats", "path": ["train", "d"], "values": [{"value": 0.0, "step": null, "ts": 1643579860.4726026}]}, "version": 131}
{"obj": {"type": "LogStrings", "path": ["monitoring", "stdout"], "values": [{"value": "current_time = ", "step": null, "ts": 1643579860.4727685}]}, "version": 132}
{"obj": {"type": "LogStrings", "path": ["monitoring", "stdout"], "values": [{"value": " ", "step": null, "ts": 1643579860.4728568}]}, "version": 133}
{"obj": {"type": "LogStrings", "path": ["monitoring", "stdout"], "values": [{"value": "2022-01-31T08:57:40.472695", "step": null, "ts": 1643579860.4729345}]}, "version": 134}
{"obj": {"type": "LogStrings", "path": ["monitoring", "stdout"], "values": [{"value": "\n", "step": null, "ts": 1643579860.4730089}]}, "version": 135}
{"obj": {"type": "LogFloats", "path": ["monitoring", "cpu"], "values": [{"value": 20.0, "step": null, "ts": 1643579860.9718442}]}, "version": 136}
{"obj": {"type": "LogFloats", "path": ["monitoring", "memory"], "values": [{"value": 14.51947021484375, "step": null, "ts": 1643579860.9718442}]}, "version": 137}
{"obj": {"type": "LogFloats", "path": ["monitoring", "gpu"], "values": [{"value": 12.0, "step": null, "ts": 1643579860.9718442}]}, "version": 138}
{"obj": {"type": "LogFloats", "path": ["monitoring", "gpu_memory"], "values": [{"value": 1.0360107421875, "step": null, "ts": 1643579860.9718442}]}, "version": 139}
{"obj": {"type": "LogFloats", "path": ["monitoring", "cpu"], "values": [{"value": 26.8, "step": null, "ts": 1643579871.530732}]}, "version": 140}
{"obj": {"type": "LogFloats", "path": ["monitoring", "memory"], "values": [{"value": 14.639713287353516, "step": null, "ts": 1643579871.530732}]}, "version": 141}
{"obj": {"type": "LogFloats", "path": ["monitoring", "gpu"], "values": [{"value": 7.0, "step": null, "ts": 1643579871.530732}]}, "version": 142}
{"obj": {"type": "LogFloats", "path": ["monitoring", "gpu_memory"], "values": [{"value": 1.0360107421875, "step": null, "ts": 1643579871.530732}]}, "version": 143}
{"obj": {"type": "LogStrings", "path": ["monitoring", "stderr"], "values": [{"value": "", "step": null, "ts": 1643579881.1751428}]}, "version": 144}
{"obj": {"type": "LogStrings", "path": ["monitoring", "stderr"], "values": [{"value": "\r  0%|          | 5/300000 [01:43<1731:50:40, 20.78s/it]", "step": null, "ts": 1643579881.175692}]}, "version": 145}
{"obj": {"type": "LogStrings", "path": ["monitoring", "stderr"], "values": [{"value": "\n", "step": null, "ts": 1643579881.1762018}]}, "version": 146}
{"obj": {"type": "LogFloats", "path": ["monitoring", "cpu"], "values": [{"value": 29.8, "step": null, "ts": 1643579881.5342479}]}, "version": 147}
{"obj": {"type": "LogFloats", "path": ["monitoring", "memory"], "values": [{"value": 14.709156036376953, "step": null, "ts": 1643579881.5342479}]}, "version": 148}
{"obj": {"type": "LogFloats", "path": ["monitoring", "gpu"], "values": [{"value": 11.0, "step": null, "ts": 1643579881.5342479}]}, "version": 149}
{"obj": {"type": "LogFloats", "path": ["monitoring", "gpu_memory"], "values": [{"value": 1.0360107421875, "step": null, "ts": 1643579881.5342479}]}, "version": 150}
{"obj": {"type": "LogStrings", "path": ["monitoring", "stdout"], "values": [{"value": "Shutting down background jobs, please wait a moment...\n", "step": null, "ts": 1643579882.591235}]}, "version": 151}
