{"obj": {"type": "AssignString", "path": ["sys", "name"], "value": "Untitled"}, "version": 1}
{"obj": {"type": "AssignString", "path": ["sys", "description"], "value": ""}, "version": 2}
{"obj": {"type": "AssignString", "path": ["sys", "hostname"], "value": "xhnfly-Strix-GL504GS-S5CS"}, "version": 3}
{"obj": {"type": "AssignBool", "path": ["sys", "failed"], "value": false}, "version": 4}
{"obj": {"type": "ClearStringLog", "path": ["monitoring", "stdout"]}, "version": 5}
{"obj": {"type": "ClearStringLog", "path": ["monitoring", "stderr"]}, "version": 6}
{"obj": {"type": "ConfigFloatSeries", "path": ["monitoring", "cpu"], "min": 0.0, "max": 100.0, "unit": "%"}, "version": 7}
{"obj": {"type": "ClearFloatLog", "path": ["monitoring", "cpu"]}, "version": 8}
{"obj": {"type": "ConfigFloatSeries", "path": ["monitoring", "memory"], "min": 0.0, "max": 31.287979125976562, "unit": "GB"}, "version": 9}
{"obj": {"type": "ClearFloatLog", "path": ["monitoring", "memory"]}, "version": 10}
{"obj": {"type": "ConfigFloatSeries", "path": ["monitoring", "gpu"], "min": 0.0, "max": 100.0, "unit": "%"}, "version": 11}
{"obj": {"type": "ClearFloatLog", "path": ["monitoring", "gpu"]}, "version": 12}
{"obj": {"type": "ConfigFloatSeries", "path": ["monitoring", "gpu_memory"], "min": 0.0, "max": 7.9210205078125, "unit": "GB"}, "version": 13}
{"obj": {"type": "ClearFloatLog", "path": ["monitoring", "gpu_memory"]}, "version": 14}
{"obj": {"type": "LogStrings", "path": ["monitoring", "stdout"], "values": [{"value": "", "step": null, "ts": 1643510724.87172}]}, "version": 15}
{"obj": {"type": "LogStrings", "path": ["monitoring", "stdout"], "values": [{"value": "Remember to stop your run once you\u2019ve finished logging your metadata (https://docs.neptune.ai/api-reference/run#.stop). It will be stopped automatically only when the notebook kernel/interactive console is terminated.\n", "step": null, "ts": 1643510724.872563}]}, "version": 16}
{"obj": {"type": "LogFloats", "path": ["monitoring", "cpu"], "values": [{"value": 25.0, "step": null, "ts": 1643510724.8676512}]}, "version": 17}
{"obj": {"type": "LogFloats", "path": ["monitoring", "memory"], "values": [{"value": 7.813030242919922, "step": null, "ts": 1643510724.8676512}]}, "version": 18}
{"obj": {"type": "LogFloats", "path": ["monitoring", "gpu_memory"], "values": [{"value": 0.3328857421875, "step": null, "ts": 1643510724.8676512}]}, "version": 19}
{"obj": {"type": "LogStrings", "path": ["monitoring", "stdout"], "values": [{"value": "device = ", "step": null, "ts": 1643510728.6347566}]}, "version": 20}
{"obj": {"type": "LogStrings", "path": ["monitoring", "stdout"], "values": [{"value": " ", "step": null, "ts": 1643510728.6350577}]}, "version": 21}
{"obj": {"type": "LogStrings", "path": ["monitoring", "stdout"], "values": [{"value": "cuda", "step": null, "ts": 1643510728.6352155}]}, "version": 22}
{"obj": {"type": "LogStrings", "path": ["monitoring", "stdout"], "values": [{"value": "\n", "step": null, "ts": 1643510728.635355}]}, "version": 23}
{"obj": {"type": "AssignFloat", "path": ["parameters", "dropout"], "value": 0.2}, "version": 24}
{"obj": {"type": "AssignFloat", "path": ["parameters", "learning_rate"], "value": 0.001}, "version": 25}
{"obj": {"type": "AssignString", "path": ["parameters", "optimizer"], "value": "Adam"}, "version": 26}
{"obj": {"type": "AssignInt", "path": ["parameters", "hid"], "value": 512}, "version": 27}
{"obj": {"type": "AssignInt", "path": ["parameters", "l"], "value": 3}, "version": 28}
{"obj": {"type": "AssignInt", "path": ["parameters", "seed"], "value": 0}, "version": 29}
{"obj": {"type": "AssignInt", "path": ["parameters", "steps_per_epoch"], "value": 3000}, "version": 30}
{"obj": {"type": "AssignInt", "path": ["parameters", "steps_video"], "value": 30000}, "version": 31}
{"obj": {"type": "AssignInt", "path": ["parameters", "epochs"], "value": 100}, "version": 32}
{"obj": {"type": "AssignInt", "path": ["parameters", "replay_size"], "value": 10000000}, "version": 33}
{"obj": {"type": "AssignFloat", "path": ["parameters", "gamma"], "value": 0.99}, "version": 34}
{"obj": {"type": "AssignFloat", "path": ["parameters", "polyak"], "value": 0.995}, "version": 35}
{"obj": {"type": "AssignFloat", "path": ["parameters", "pi_lr"], "value": 0.0001}, "version": 36}
{"obj": {"type": "AssignFloat", "path": ["parameters", "q_lr"], "value": 0.0001}, "version": 37}
{"obj": {"type": "AssignInt", "path": ["parameters", "batch_size"], "value": 1000}, "version": 38}
{"obj": {"type": "AssignInt", "path": ["parameters", "start_steps"], "value": 1000}, "version": 39}
{"obj": {"type": "AssignInt", "path": ["parameters", "update_after"], "value": 2000}, "version": 40}
{"obj": {"type": "AssignInt", "path": ["parameters", "update_every"], "value": 100}, "version": 41}
{"obj": {"type": "AssignFloat", "path": ["parameters", "act_noise"], "value": 0.01}, "version": 42}
{"obj": {"type": "AssignInt", "path": ["parameters", "num_test_episodes"], "value": 1}, "version": 43}
{"obj": {"type": "AssignInt", "path": ["parameters", "max_ep_len"], "value": 1000}, "version": 44}
{"obj": {"type": "LogStrings", "path": ["monitoring", "stdout"], "values": [{"value": "obs_dim = ", "step": null, "ts": 1643510729.1164293}]}, "version": 45}
{"obj": {"type": "LogStrings", "path": ["monitoring", "stdout"], "values": [{"value": " ", "step": null, "ts": 1643510729.1165934}]}, "version": 46}
{"obj": {"type": "LogStrings", "path": ["monitoring", "stdout"], "values": [{"value": "47", "step": null, "ts": 1643510729.1168754}]}, "version": 47}
{"obj": {"type": "LogStrings", "path": ["monitoring", "stdout"], "values": [{"value": "\n", "step": null, "ts": 1643510729.1170628}]}, "version": 48}
{"obj": {"type": "LogStrings", "path": ["monitoring", "stdout"], "values": [{"value": "act_dim = ", "step": null, "ts": 1643510729.1172664}]}, "version": 49}
{"obj": {"type": "LogStrings", "path": ["monitoring", "stdout"], "values": [{"value": " ", "step": null, "ts": 1643510729.1173806}]}, "version": 50}
{"obj": {"type": "LogStrings", "path": ["monitoring", "stdout"], "values": [{"value": "7", "step": null, "ts": 1643510729.1175327}]}, "version": 51}
{"obj": {"type": "LogStrings", "path": ["monitoring", "stdout"], "values": [{"value": "\n", "step": null, "ts": 1643510729.1176367}]}, "version": 52}
{"obj": {"type": "LogStrings", "path": ["monitoring", "stdout"], "values": [{"value": "act_limit = ", "step": null, "ts": 1643510729.1177998}]}, "version": 53}
{"obj": {"type": "LogStrings", "path": ["monitoring", "stdout"], "values": [{"value": " ", "step": null, "ts": 1643510729.1179261}]}, "version": 54}
{"obj": {"type": "LogStrings", "path": ["monitoring", "stdout"], "values": [{"value": "1", "step": null, "ts": 1643510729.118034}]}, "version": 55}
{"obj": {"type": "LogStrings", "path": ["monitoring", "stdout"], "values": [{"value": "\n", "step": null, "ts": 1643510729.118137}]}, "version": 56}
{"obj": {"type": "LogStrings", "path": ["monitoring", "stderr"], "values": [{"value": "\r  0%|          | 0/300000 [00:00<?, ?it/s]", "step": null, "ts": 1643510731.6804614}]}, "version": 57}
{"obj": {"type": "LogStrings", "path": ["monitoring", "stderr"], "values": [{"value": "/tmp/ipykernel_11369/233692856.py:19: UserWarning: Creating a tensor from a list of numpy.ndarrays is extremely slow. Please consider converting the list to a single numpy.ndarray with numpy.array() before converting to a tensor. (Triggered internally at  /opt/conda/conda-bld/pytorch_1639180588308/work/torch/csrc/utils/tensor_new.cpp:201.)\n  a = torch.tensor([a_cpu], device=device)\n", "step": null, "ts": 1643510731.6813757}]}, "version": 58}
{"obj": {"type": "LogStrings", "path": ["monitoring", "stderr"], "values": [{"value": "\r  0%|          | 3/300000 [00:00<3:30:00, 23.81it/s]", "step": null, "ts": 1643510731.8071516}]}, "version": 59}
{"obj": {"type": "LogStrings", "path": ["monitoring", "stderr"], "values": [{"value": "\r  0%|          | 9/300000 [00:00<2:06:08, 39.64it/s]", "step": null, "ts": 1643510731.9232585}]}, "version": 60}
{"obj": {"type": "LogStrings", "path": ["monitoring", "stderr"], "values": [{"value": "\r  0%|          | 15/300000 [00:00<1:45:10, 47.54it/s]", "step": null, "ts": 1643510732.0256937}]}, "version": 61}
{"obj": {"type": "LogStrings", "path": ["monitoring", "stderr"], "values": [{"value": "\r  0%|          | 21/300000 [00:00<1:37:02, 51.52it/s]", "step": null, "ts": 1643510732.1288567}]}, "version": 62}
{"obj": {"type": "LogStrings", "path": ["monitoring", "stderr"], "values": [{"value": "\r  0%|          | 27/300000 [00:00<1:38:01, 51.00it/s]", "step": null, "ts": 1643510732.248478}]}, "version": 63}
{"obj": {"type": "LogStrings", "path": ["monitoring", "stderr"], "values": [{"value": "\r  0%|          | 33/300000 [00:00<1:36:10, 51.98it/s]", "step": null, "ts": 1643510732.3597825}]}, "version": 64}
{"obj": {"type": "LogStrings", "path": ["monitoring", "stderr"], "values": [{"value": "\r  0%|          | 39/300000 [00:00<1:34:13, 53.06it/s]", "step": null, "ts": 1643510732.4681857}]}, "version": 65}
{"obj": {"type": "LogStrings", "path": ["monitoring", "stderr"], "values": [{"value": "\r  0%|          | 45/300000 [00:00<1:32:13, 54.21it/s]", "step": null, "ts": 1643510732.573806}]}, "version": 66}
{"obj": {"type": "LogStrings", "path": ["monitoring", "stderr"], "values": [{"value": "\r  0%|          | 51/300000 [00:00<1:30:32, 55.21it/s]", "step": null, "ts": 1643510732.6781428}]}, "version": 67}
{"obj": {"type": "LogStrings", "path": ["monitoring", "stderr"], "values": [{"value": "\r  0%|          | 57/300000 [00:01<1:29:36, 55.78it/s]", "step": null, "ts": 1643510732.7833061}]}, "version": 68}
{"obj": {"type": "LogStrings", "path": ["monitoring", "stderr"], "values": [{"value": "\r  0%|          | 63/300000 [00:01<1:28:36, 56.42it/s]", "step": null, "ts": 1643510732.886979}]}, "version": 69}
{"obj": {"type": "LogStrings", "path": ["monitoring", "stderr"], "values": [{"value": "\r  0%|          | 69/300000 [00:01<1:27:46, 56.95it/s]", "step": null, "ts": 1643510732.9899764}]}, "version": 70}
{"obj": {"type": "LogStrings", "path": ["monitoring", "stderr"], "values": [{"value": "\r  0%|          | 75/300000 [00:01<1:27:36, 57.06it/s]", "step": null, "ts": 1643510733.0946424}]}, "version": 71}
{"obj": {"type": "LogStrings", "path": ["monitoring", "stderr"], "values": [{"value": "\r  0%|          | 81/300000 [00:01<1:28:13, 56.66it/s]", "step": null, "ts": 1643510733.2022429}]}, "version": 72}
{"obj": {"type": "LogStrings", "path": ["monitoring", "stderr"], "values": [{"value": "\r  0%|          | 87/300000 [00:01<1:28:14, 56.64it/s]", "step": null, "ts": 1643510733.3082445}]}, "version": 73}
{"obj": {"type": "LogStrings", "path": ["monitoring", "stderr"], "values": [{"value": "\r  0%|          | 93/300000 [00:01<1:28:35, 56.42it/s]", "step": null, "ts": 1643510733.4155452}]}, "version": 74}
{"obj": {"type": "LogStrings", "path": ["monitoring", "stderr"], "values": [{"value": "\r  0%|          | 99/300000 [00:01<1:30:18, 55.34it/s]", "step": null, "ts": 1643510733.528772}]}, "version": 75}
{"obj": {"type": "LogStrings", "path": ["monitoring", "stderr"], "values": [{"value": "\r  0%|          | 105/300000 [00:01<1:30:48, 55.05it/s]", "step": null, "ts": 1643510733.639169}]}, "version": 76}
{"obj": {"type": "LogStrings", "path": ["monitoring", "stderr"], "values": [{"value": "\r  0%|          | 111/300000 [00:02<1:31:20, 54.72it/s]", "step": null, "ts": 1643510733.7503397}]}, "version": 77}
{"obj": {"type": "LogStrings", "path": ["monitoring", "stderr"], "values": [{"value": "\r  0%|          | 117/300000 [00:02<1:30:29, 55.23it/s]", "step": null, "ts": 1643510733.8565614}]}, "version": 78}
{"obj": {"type": "LogStrings", "path": ["monitoring", "stderr"], "values": [{"value": "\r  0%|          | 123/300000 [00:02<1:29:52, 55.61it/s]", "step": null, "ts": 1643510733.9627194}]}, "version": 79}
{"obj": {"type": "LogStrings", "path": ["monitoring", "stderr"], "values": [{"value": "\r  0%|          | 129/300000 [00:02<1:29:01, 56.14it/s]", "step": null, "ts": 1643510734.067262}]}, "version": 80}
{"obj": {"type": "LogStrings", "path": ["monitoring", "stderr"], "values": [{"value": "\r  0%|          | 135/300000 [00:02<1:28:48, 56.27it/s]", "step": null, "ts": 1643510734.1732771}]}, "version": 81}
{"obj": {"type": "LogStrings", "path": ["monitoring", "stderr"], "values": [{"value": "\r  0%|          | 141/300000 [00:02<1:28:30, 56.47it/s]", "step": null, "ts": 1643510734.278689}]}, "version": 82}
{"obj": {"type": "LogStrings", "path": ["monitoring", "stderr"], "values": [{"value": "\r  0%|          | 147/300000 [00:02<1:28:27, 56.50it/s]", "step": null, "ts": 1643510734.3848178}]}, "version": 83}
{"obj": {"type": "LogStrings", "path": ["monitoring", "stderr"], "values": [{"value": "\r  0%|          | 153/300000 [00:02<1:28:04, 56.74it/s]", "step": null, "ts": 1643510734.4894452}]}, "version": 84}
{"obj": {"type": "LogStrings", "path": ["monitoring", "stderr"], "values": [{"value": "\r  0%|          | 159/300000 [00:02<1:27:25, 57.16it/s]", "step": null, "ts": 1643510734.5926147}]}, "version": 85}
{"obj": {"type": "LogStrings", "path": ["monitoring", "stderr"], "values": [{"value": "\r  0%|          | 165/300000 [00:03<1:27:32, 57.09it/s]", "step": null, "ts": 1643510734.6980124}]}, "version": 86}
{"obj": {"type": "LogStrings", "path": ["monitoring", "stderr"], "values": [{"value": "\r  0%|          | 171/300000 [00:03<1:28:14, 56.63it/s]", "step": null, "ts": 1643510734.8059418}]}, "version": 87}
{"obj": {"type": "LogFloats", "path": ["monitoring", "cpu"], "values": [{"value": 21.0, "step": null, "ts": 1643510734.8752813}]}, "version": 88}
{"obj": {"type": "LogFloats", "path": ["monitoring", "memory"], "values": [{"value": 11.66897201538086, "step": null, "ts": 1643510734.8752813}]}, "version": 89}
{"obj": {"type": "LogFloats", "path": ["monitoring", "gpu"], "values": [{"value": 6.0, "step": null, "ts": 1643510734.8752813}]}, "version": 90}
{"obj": {"type": "LogFloats", "path": ["monitoring", "gpu_memory"], "values": [{"value": 1.0390625, "step": null, "ts": 1643510734.8752813}]}, "version": 91}
{"obj": {"type": "LogStrings", "path": ["monitoring", "stderr"], "values": [{"value": "\r  0%|          | 177/300000 [00:03<1:28:14, 56.63it/s]", "step": null, "ts": 1643510734.9118996}]}, "version": 92}
{"obj": {"type": "LogStrings", "path": ["monitoring", "stderr"], "values": [{"value": "\r  0%|          | 183/300000 [00:03<1:28:17, 56.60it/s]", "step": null, "ts": 1643510735.0180557}]}, "version": 93}
{"obj": {"type": "LogStrings", "path": ["monitoring", "stderr"], "values": [{"value": "\r  0%|          | 189/300000 [00:03<1:28:18, 56.58it/s]", "step": null, "ts": 1643510735.1243467}]}, "version": 94}
{"obj": {"type": "LogStrings", "path": ["monitoring", "stderr"], "values": [{"value": "\r  0%|          | 195/300000 [00:03<1:30:44, 55.07it/s]", "step": null, "ts": 1643510735.2401862}]}, "version": 95}
{"obj": {"type": "LogStrings", "path": ["monitoring", "stderr"], "values": [{"value": "\r  0%|          | 201/300000 [00:03<1:31:42, 54.48it/s]", "step": null, "ts": 1643510735.3527715}]}, "version": 96}
{"obj": {"type": "LogStrings", "path": ["monitoring", "stderr"], "values": [{"value": "\r  0%|          | 207/300000 [00:03<1:30:40, 55.10it/s]", "step": null, "ts": 1643510735.4587932}]}, "version": 97}
{"obj": {"type": "LogStrings", "path": ["monitoring", "stderr"], "values": [{"value": "\r  0%|          | 213/300000 [00:03<1:30:26, 55.24it/s]", "step": null, "ts": 1643510735.5667481}]}, "version": 98}
{"obj": {"type": "LogStrings", "path": ["monitoring", "stderr"], "values": [{"value": "\r  0%|          | 219/300000 [00:03<1:30:53, 54.97it/s]", "step": null, "ts": 1643510735.6771827}]}, "version": 99}
{"obj": {"type": "LogStrings", "path": ["monitoring", "stderr"], "values": [{"value": "\r  0%|          | 225/300000 [00:04<1:32:04, 54.26it/s]", "step": null, "ts": 1643510735.7911098}]}, "version": 100}
{"obj": {"type": "LogStrings", "path": ["monitoring", "stderr"], "values": [{"value": "\r  0%|          | 231/300000 [00:04<1:32:48, 53.83it/s]", "step": null, "ts": 1643510735.9046144}]}, "version": 101}
{"obj": {"type": "LogStrings", "path": ["monitoring", "stderr"], "values": [{"value": "\r  0%|          | 237/300000 [00:04<1:32:25, 54.05it/s]", "step": null, "ts": 1643510736.0145538}]}, "version": 102}
{"obj": {"type": "LogStrings", "path": ["monitoring", "stderr"], "values": [{"value": "\r  0%|          | 243/300000 [00:04<1:32:16, 54.14it/s]", "step": null, "ts": 1643510736.1249726}]}, "version": 103}
{"obj": {"type": "LogStrings", "path": ["monitoring", "stderr"], "values": [{"value": "\r  0%|          | 249/300000 [00:04<1:32:16, 54.14it/s]", "step": null, "ts": 1643510736.2357872}]}, "version": 104}
{"obj": {"type": "LogStrings", "path": ["monitoring", "stderr"], "values": [{"value": "\r  0%|          | 255/300000 [00:04<1:32:37, 53.93it/s]", "step": null, "ts": 1643510736.3480215}]}, "version": 105}
{"obj": {"type": "LogStrings", "path": ["monitoring", "stderr"], "values": [{"value": "\r  0%|          | 261/300000 [00:04<1:33:27, 53.45it/s]", "step": null, "ts": 1643510736.4626184}]}, "version": 106}
{"obj": {"type": "LogStrings", "path": ["monitoring", "stderr"], "values": [{"value": "\r  0%|          | 267/300000 [00:04<1:33:33, 53.39it/s]", "step": null, "ts": 1643510736.5752842}]}, "version": 107}
{"obj": {"type": "LogStrings", "path": ["monitoring", "stderr"], "values": [{"value": "\r  0%|          | 273/300000 [00:05<1:34:03, 53.11it/s]", "step": null, "ts": 1643510736.6896775}]}, "version": 108}
{"obj": {"type": "LogStrings", "path": ["monitoring", "stderr"], "values": [{"value": "\r  0%|          | 279/300000 [00:05<1:33:35, 53.38it/s]", "step": null, "ts": 1643510736.800747}]}, "version": 109}
{"obj": {"type": "LogStrings", "path": ["monitoring", "stderr"], "values": [{"value": "\r  0%|          | 285/300000 [00:05<1:35:48, 52.14it/s]", "step": null, "ts": 1643510736.922116}]}, "version": 110}
{"obj": {"type": "LogStrings", "path": ["monitoring", "stderr"], "values": [{"value": "\r  0%|          | 291/300000 [00:05<1:35:11, 52.47it/s]", "step": null, "ts": 1643510737.0346868}]}, "version": 111}
{"obj": {"type": "LogStrings", "path": ["monitoring", "stderr"], "values": [{"value": "\r  0%|          | 297/300000 [00:05<1:34:45, 52.71it/s]", "step": null, "ts": 1643510737.1474447}]}, "version": 112}
{"obj": {"type": "LogStrings", "path": ["monitoring", "stderr"], "values": [{"value": "\r  0%|          | 303/300000 [00:05<1:35:10, 52.48it/s]", "step": null, "ts": 1643510737.2628014}]}, "version": 113}
{"obj": {"type": "LogStrings", "path": ["monitoring", "stderr"], "values": [{"value": "\r  0%|          | 309/300000 [00:05<1:34:02, 53.11it/s]", "step": null, "ts": 1643510737.372615}]}, "version": 114}
{"obj": {"type": "LogStrings", "path": ["monitoring", "stderr"], "values": [{"value": "\r  0%|          | 315/300000 [00:05<1:36:09, 51.94it/s]", "step": null, "ts": 1643510737.494064}]}, "version": 115}
{"obj": {"type": "LogStrings", "path": ["monitoring", "stderr"], "values": [{"value": "\r  0%|          | 321/300000 [00:05<1:35:15, 52.43it/s]", "step": null, "ts": 1643510737.605993}]}, "version": 116}
{"obj": {"type": "LogStrings", "path": ["monitoring", "stderr"], "values": [{"value": "\r  0%|          | 327/300000 [00:06<1:34:11, 53.02it/s]", "step": null, "ts": 1643510737.7161622}]}, "version": 117}
{"obj": {"type": "LogStrings", "path": ["monitoring", "stderr"], "values": [{"value": "\r  0%|          | 333/300000 [00:06<1:33:44, 53.28it/s]", "step": null, "ts": 1643510737.827621}]}, "version": 118}
{"obj": {"type": "LogStrings", "path": ["monitoring", "stderr"], "values": [{"value": "\r  0%|          | 339/300000 [00:06<1:32:54, 53.76it/s]", "step": null, "ts": 1643510737.9367976}]}, "version": 119}
{"obj": {"type": "LogStrings", "path": ["monitoring", "stderr"], "values": [{"value": "\r  0%|          | 345/300000 [00:06<1:32:28, 54.01it/s]", "step": null, "ts": 1643510738.0466607}]}, "version": 120}
{"obj": {"type": "LogStrings", "path": ["monitoring", "stderr"], "values": [{"value": "\r  0%|          | 351/300000 [00:06<1:32:05, 54.23it/s]", "step": null, "ts": 1643510738.1562548}]}, "version": 121}
{"obj": {"type": "LogStrings", "path": ["monitoring", "stderr"], "values": [{"value": "\r  0%|          | 357/300000 [00:06<1:31:10, 54.77it/s]", "step": null, "ts": 1643510738.263248}]}, "version": 122}
{"obj": {"type": "LogStrings", "path": ["monitoring", "stderr"], "values": [{"value": "\r  0%|          | 363/300000 [00:06<1:30:23, 55.25it/s]", "step": null, "ts": 1643510738.369601}]}, "version": 123}
{"obj": {"type": "LogStrings", "path": ["monitoring", "stderr"], "values": [{"value": "\r  0%|          | 369/300000 [00:06<1:30:17, 55.30it/s]", "step": null, "ts": 1643510738.4778652}]}, "version": 124}
{"obj": {"type": "LogStrings", "path": ["monitoring", "stderr"], "values": [{"value": "\r  0%|          | 375/300000 [00:06<1:35:01, 52.55it/s]", "step": null, "ts": 1643510738.6052997}]}, "version": 125}
{"obj": {"type": "LogStrings", "path": ["monitoring", "stderr"], "values": [{"value": "\r  0%|          | 381/300000 [00:07<1:33:12, 53.58it/s]", "step": null, "ts": 1643510738.712183}]}, "version": 126}
{"obj": {"type": "LogStrings", "path": ["monitoring", "stderr"], "values": [{"value": "\r  0%|          | 387/300000 [00:07<1:32:36, 53.92it/s]", "step": null, "ts": 1643510738.8218331}]}, "version": 127}
{"obj": {"type": "LogStrings", "path": ["monitoring", "stderr"], "values": [{"value": "\r  0%|          | 393/300000 [00:07<1:32:56, 53.73it/s]", "step": null, "ts": 1643510738.9343922}]}, "version": 128}
{"obj": {"type": "LogStrings", "path": ["monitoring", "stderr"], "values": [{"value": "\r  0%|          | 399/300000 [00:07<1:33:00, 53.68it/s]", "step": null, "ts": 1643510739.0463893}]}, "version": 129}
{"obj": {"type": "LogStrings", "path": ["monitoring", "stderr"], "values": [{"value": "\r  0%|          | 405/300000 [00:07<1:32:03, 54.24it/s]", "step": null, "ts": 1643510739.154312}]}, "version": 130}
{"obj": {"type": "LogStrings", "path": ["monitoring", "stderr"], "values": [{"value": "\r  0%|          | 411/300000 [00:07<1:31:10, 54.76it/s]", "step": null, "ts": 1643510739.2614357}]}, "version": 131}
{"obj": {"type": "LogStrings", "path": ["monitoring", "stderr"], "values": [{"value": "\r  0%|          | 417/300000 [00:07<1:30:46, 55.00it/s]", "step": null, "ts": 1643510739.3693993}]}, "version": 132}
{"obj": {"type": "LogStrings", "path": ["monitoring", "stderr"], "values": [{"value": "\r  0%|          | 423/300000 [00:07<1:32:15, 54.12it/s]", "step": null, "ts": 1643510739.4844458}]}, "version": 133}
{"obj": {"type": "LogStrings", "path": ["monitoring", "stderr"], "values": [{"value": "\r  0%|          | 429/300000 [00:07<1:34:06, 53.06it/s]", "step": null, "ts": 1643510739.6026952}]}, "version": 134}
{"obj": {"type": "LogStrings", "path": ["monitoring", "stderr"], "values": [{"value": "\r  0%|          | 435/300000 [00:08<1:35:21, 52.36it/s]", "step": null, "ts": 1643510739.7208092}]}, "version": 135}
{"obj": {"type": "LogStrings", "path": ["monitoring", "stderr"], "values": [{"value": "\r  0%|          | 441/300000 [00:08<1:37:54, 50.99it/s]", "step": null, "ts": 1643510739.8456166}]}, "version": 136}
{"obj": {"type": "LogStrings", "path": ["monitoring", "stderr"], "values": [{"value": "\r  0%|          | 447/300000 [00:08<1:38:19, 50.78it/s]", "step": null, "ts": 1643510739.9649467}]}, "version": 137}
{"obj": {"type": "LogStrings", "path": ["monitoring", "stderr"], "values": [{"value": "\r  0%|          | 453/300000 [00:08<1:39:05, 50.38it/s]", "step": null, "ts": 1643510740.0863266}]}, "version": 138}
{"obj": {"type": "LogStrings", "path": ["monitoring", "stderr"], "values": [{"value": "\r  0%|          | 459/300000 [00:08<1:40:22, 49.73it/s]", "step": null, "ts": 1643510740.210461}]}, "version": 139}
{"obj": {"type": "LogStrings", "path": ["monitoring", "stderr"], "values": [{"value": "\r  0%|          | 464/300000 [00:08<1:42:49, 48.55it/s]", "step": null, "ts": 1643510740.320312}]}, "version": 140}
{"obj": {"type": "LogStrings", "path": ["monitoring", "stderr"], "values": [{"value": "\r  0%|          | 469/300000 [00:08<1:43:51, 48.07it/s]", "step": null, "ts": 1643510740.4270668}]}, "version": 141}
{"obj": {"type": "LogStrings", "path": ["monitoring", "stderr"], "values": [{"value": "\r  0%|          | 474/300000 [00:08<1:51:51, 44.63it/s]", "step": null, "ts": 1643510740.5596797}]}, "version": 142}
{"obj": {"type": "LogStrings", "path": ["monitoring", "stderr"], "values": [{"value": "\r  0%|          | 480/300000 [00:08<1:46:48, 46.74it/s]", "step": null, "ts": 1643510740.67542}]}, "version": 143}
{"obj": {"type": "LogStrings", "path": ["monitoring", "stderr"], "values": [{"value": "\r  0%|          | 485/300000 [00:09<1:45:31, 47.30it/s]", "step": null, "ts": 1643510740.7778099}]}, "version": 144}
{"obj": {"type": "LogStrings", "path": ["monitoring", "stderr"], "values": [{"value": "\r  0%|          | 490/300000 [00:09<1:44:20, 47.84it/s]", "step": null, "ts": 1643510740.879342}]}, "version": 145}
{"obj": {"type": "LogStrings", "path": ["monitoring", "stderr"], "values": [{"value": "\r  0%|          | 496/300000 [00:09<1:42:01, 48.92it/s]", "step": null, "ts": 1643510740.9962988}]}, "version": 146}
{"obj": {"type": "LogStrings", "path": ["monitoring", "stderr"], "values": [{"value": "\r  0%|          | 501/300000 [00:09<1:42:23, 48.75it/s]", "step": null, "ts": 1643510741.0998409}]}, "version": 147}
{"obj": {"type": "LogStrings", "path": ["monitoring", "stderr"], "values": [{"value": "\r  0%|          | 506/300000 [00:09<1:47:56, 46.24it/s]", "step": null, "ts": 1643510741.2218328}]}, "version": 148}
{"obj": {"type": "LogStrings", "path": ["monitoring", "stderr"], "values": [{"value": "\r  0%|          | 512/300000 [00:09<1:43:00, 48.46it/s]", "step": null, "ts": 1643510741.3335514}]}, "version": 149}
{"obj": {"type": "LogStrings", "path": ["monitoring", "stderr"], "values": [{"value": "\r  0%|          | 518/300000 [00:09<1:38:31, 50.66it/s]", "step": null, "ts": 1643510741.4405718}]}, "version": 150}
{"obj": {"type": "LogStrings", "path": ["monitoring", "stderr"], "values": [{"value": "\r  0%|          | 524/300000 [00:09<1:35:15, 52.39it/s]", "step": null, "ts": 1643510741.5464568}]}, "version": 151}
{"obj": {"type": "LogStrings", "path": ["monitoring", "stderr"], "values": [{"value": "\r  0%|          | 530/300000 [00:09<1:32:56, 53.70it/s]", "step": null, "ts": 1643510741.6519718}]}, "version": 152}
{"obj": {"type": "LogStrings", "path": ["monitoring", "stderr"], "values": [{"value": "\r  0%|          | 536/300000 [00:10<1:30:46, 54.98it/s]", "step": null, "ts": 1643510741.7552125}]}, "version": 153}
{"obj": {"type": "LogStrings", "path": ["monitoring", "stderr"], "values": [{"value": "\r  0%|          | 542/300000 [00:10<1:29:26, 55.80it/s]", "step": null, "ts": 1643510741.8590794}]}, "version": 154}
{"obj": {"type": "LogStrings", "path": ["monitoring", "stderr"], "values": [{"value": "\r  0%|          | 548/300000 [00:10<1:28:44, 56.24it/s]", "step": null, "ts": 1643510741.9638348}]}, "version": 155}
{"obj": {"type": "LogStrings", "path": ["monitoring", "stderr"], "values": [{"value": "\r  0%|          | 554/300000 [00:10<1:28:33, 56.36it/s]", "step": null, "ts": 1643510742.0697806}]}, "version": 156}
{"obj": {"type": "LogStrings", "path": ["monitoring", "stderr"], "values": [{"value": "\r  0%|          | 560/300000 [00:10<1:28:35, 56.33it/s]", "step": null, "ts": 1643510742.1764004}]}, "version": 157}
{"obj": {"type": "LogStrings", "path": ["monitoring", "stderr"], "values": [{"value": "\r  0%|          | 566/300000 [00:10<1:28:03, 56.68it/s]", "step": null, "ts": 1643510742.280795}]}, "version": 158}
{"obj": {"type": "LogStrings", "path": ["monitoring", "stderr"], "values": [{"value": "\r  0%|          | 572/300000 [00:10<1:27:36, 56.97it/s]", "step": null, "ts": 1643510742.3849418}]}, "version": 159}
{"obj": {"type": "LogStrings", "path": ["monitoring", "stderr"], "values": [{"value": "\r  0%|          | 578/300000 [00:10<1:26:48, 57.49it/s]", "step": null, "ts": 1643510742.4870753}]}, "version": 160}
{"obj": {"type": "LogStrings", "path": ["monitoring", "stderr"], "values": [{"value": "\r  0%|          | 584/300000 [00:10<1:26:31, 57.67it/s]", "step": null, "ts": 1643510742.5902708}]}, "version": 161}
{"obj": {"type": "LogStrings", "path": ["monitoring", "stderr"], "values": [{"value": "\r  0%|          | 590/300000 [00:11<1:26:42, 57.55it/s]", "step": null, "ts": 1643510742.6950355}]}, "version": 162}
{"obj": {"type": "LogStrings", "path": ["monitoring", "stderr"], "values": [{"value": "\r  0%|          | 596/300000 [00:11<1:27:00, 57.35it/s]", "step": null, "ts": 1643510742.8004944}]}, "version": 163}
{"obj": {"type": "LogStrings", "path": ["monitoring", "stderr"], "values": [{"value": "\r  0%|          | 602/300000 [00:11<1:26:00, 58.01it/s]", "step": null, "ts": 1643510742.901137}]}, "version": 164}
{"obj": {"type": "LogStrings", "path": ["monitoring", "stderr"], "values": [{"value": "\r  0%|          | 608/300000 [00:11<1:25:48, 58.15it/s]", "step": null, "ts": 1643510743.0037158}]}, "version": 165}
{"obj": {"type": "LogStrings", "path": ["monitoring", "stderr"], "values": [{"value": "\r  0%|          | 614/300000 [00:11<1:25:27, 58.39it/s]", "step": null, "ts": 1643510743.1055229}]}, "version": 166}
{"obj": {"type": "LogStrings", "path": ["monitoring", "stderr"], "values": [{"value": "\r  0%|          | 620/300000 [00:11<1:25:35, 58.29it/s]", "step": null, "ts": 1643510743.2088423}]}, "version": 167}
{"obj": {"type": "LogStrings", "path": ["monitoring", "stderr"], "values": [{"value": "\r  0%|          | 626/300000 [00:11<1:25:27, 58.39it/s]", "step": null, "ts": 1643510743.3112261}]}, "version": 168}
{"obj": {"type": "LogStrings", "path": ["monitoring", "stderr"], "values": [{"value": "\r  0%|          | 633/300000 [00:11<1:24:07, 59.31it/s]", "step": null, "ts": 1643510743.4255235}]}, "version": 169}
{"obj": {"type": "LogStrings", "path": ["monitoring", "stderr"], "values": [{"value": "\r  0%|          | 639/300000 [00:11<1:24:08, 59.30it/s]", "step": null, "ts": 1643510743.5267496}]}, "version": 170}
{"obj": {"type": "LogStrings", "path": ["monitoring", "stderr"], "values": [{"value": "\r  0%|          | 645/300000 [00:11<1:24:34, 59.00it/s]", "step": null, "ts": 1643510743.629712}]}, "version": 171}
{"obj": {"type": "LogStrings", "path": ["monitoring", "stderr"], "values": [{"value": "\r  0%|          | 651/300000 [00:12<1:24:57, 58.73it/s]", "step": null, "ts": 1643510743.732988}]}, "version": 172}
{"obj": {"type": "LogStrings", "path": ["monitoring", "stderr"], "values": [{"value": "\r  0%|          | 657/300000 [00:12<1:25:29, 58.36it/s]", "step": null, "ts": 1643510743.8373146}]}, "version": 173}
{"obj": {"type": "LogStrings", "path": ["monitoring", "stderr"], "values": [{"value": "\r  0%|          | 663/300000 [00:12<1:26:54, 57.40it/s]", "step": null, "ts": 1643510743.9459083}]}, "version": 174}
{"obj": {"type": "LogStrings", "path": ["monitoring", "stderr"], "values": [{"value": "\r  0%|          | 669/300000 [00:12<1:26:53, 57.41it/s]", "step": null, "ts": 1643510744.0503762}]}, "version": 175}
{"obj": {"type": "LogStrings", "path": ["monitoring", "stderr"], "values": [{"value": "\r  0%|          | 675/300000 [00:12<1:26:15, 57.84it/s]", "step": null, "ts": 1643510744.152283}]}, "version": 176}
{"obj": {"type": "LogStrings", "path": ["monitoring", "stderr"], "values": [{"value": "\r  0%|          | 681/300000 [00:12<1:26:17, 57.82it/s]", "step": null, "ts": 1643510744.2561648}]}, "version": 177}
{"obj": {"type": "LogStrings", "path": ["monitoring", "stderr"], "values": [{"value": "\r  0%|          | 687/300000 [00:12<1:26:15, 57.83it/s]", "step": null, "ts": 1643510744.3598585}]}, "version": 178}
{"obj": {"type": "LogStrings", "path": ["monitoring", "stderr"], "values": [{"value": "\r  0%|          | 694/300000 [00:12<1:24:58, 58.71it/s]", "step": null, "ts": 1643510744.475459}]}, "version": 179}
{"obj": {"type": "LogStrings", "path": ["monitoring", "stderr"], "values": [{"value": "\r  0%|          | 700/300000 [00:12<1:25:05, 58.62it/s]", "step": null, "ts": 1643510744.5781748}]}, "version": 180}
{"obj": {"type": "LogStrings", "path": ["monitoring", "stderr"], "values": [{"value": "\r  0%|          | 706/300000 [00:12<1:24:42, 58.89it/s]", "step": null, "ts": 1643510744.678941}]}, "version": 181}
{"obj": {"type": "LogStrings", "path": ["monitoring", "stderr"], "values": [{"value": "\r  0%|          | 712/300000 [00:13<1:25:09, 58.58it/s]", "step": null, "ts": 1643510744.78273}]}, "version": 182}
{"obj": {"type": "LogFloats", "path": ["monitoring", "cpu"], "values": [{"value": 23.5, "step": null, "ts": 1643510744.881805}]}, "version": 183}
{"obj": {"type": "LogFloats", "path": ["monitoring", "memory"], "values": [{"value": 11.286224365234375, "step": null, "ts": 1643510744.881805}]}, "version": 184}
{"obj": {"type": "LogFloats", "path": ["monitoring", "gpu"], "values": [{"value": 7.0, "step": null, "ts": 1643510744.881805}]}, "version": 185}
{"obj": {"type": "LogFloats", "path": ["monitoring", "gpu_memory"], "values": [{"value": 1.0390625, "step": null, "ts": 1643510744.881805}]}, "version": 186}
{"obj": {"type": "LogStrings", "path": ["monitoring", "stderr"], "values": [{"value": "\r  0%|          | 718/300000 [00:13<1:25:28, 58.36it/s]", "step": null, "ts": 1643510744.886549}]}, "version": 187}
{"obj": {"type": "LogStrings", "path": ["monitoring", "stderr"], "values": [{"value": "\r  0%|          | 724/300000 [00:13<1:26:41, 57.54it/s]", "step": null, "ts": 1643510744.9941363}]}, "version": 188}
{"obj": {"type": "LogStrings", "path": ["monitoring", "stderr"], "values": [{"value": "\r  0%|          | 730/300000 [00:13<1:27:18, 57.13it/s]", "step": null, "ts": 1643510745.1009123}]}, "version": 189}
{"obj": {"type": "LogStrings", "path": ["monitoring", "stderr"], "values": [{"value": "\r  0%|          | 736/300000 [00:13<1:26:41, 57.54it/s]", "step": null, "ts": 1643510745.2034523}]}, "version": 190}
{"obj": {"type": "LogStrings", "path": ["monitoring", "stderr"], "values": [{"value": "\r  0%|          | 742/300000 [00:13<1:25:43, 58.18it/s]", "step": null, "ts": 1643510745.3038566}]}, "version": 191}
{"obj": {"type": "LogStrings", "path": ["monitoring", "stderr"], "values": [{"value": "\r  0%|          | 749/300000 [00:13<1:24:41, 58.89it/s]", "step": null, "ts": 1643510745.4198165}]}, "version": 192}
{"obj": {"type": "LogStrings", "path": ["monitoring", "stderr"], "values": [{"value": "\r  0%|          | 755/300000 [00:13<1:25:24, 58.40it/s]", "step": null, "ts": 1643510745.5246823}]}, "version": 193}
{"obj": {"type": "LogStrings", "path": ["monitoring", "stderr"], "values": [{"value": "\r  0%|          | 761/300000 [00:13<1:25:29, 58.33it/s]", "step": null, "ts": 1643510745.627811}]}, "version": 194}
{"obj": {"type": "LogStrings", "path": ["monitoring", "stderr"], "values": [{"value": "\r  0%|          | 767/300000 [00:14<1:25:24, 58.39it/s]", "step": null, "ts": 1643510745.730387}]}, "version": 195}
{"obj": {"type": "LogStrings", "path": ["monitoring", "stderr"], "values": [{"value": "\r  0%|          | 773/300000 [00:14<1:25:28, 58.34it/s]", "step": null, "ts": 1643510745.8334563}]}, "version": 196}
{"obj": {"type": "LogStrings", "path": ["monitoring", "stderr"], "values": [{"value": "\r  0%|          | 779/300000 [00:14<1:27:17, 57.13it/s]", "step": null, "ts": 1643510745.9436393}]}, "version": 197}
{"obj": {"type": "LogStrings", "path": ["monitoring", "stderr"], "values": [{"value": "\r  0%|          | 785/300000 [00:14<1:30:19, 55.21it/s]", "step": null, "ts": 1643510746.0608423}]}, "version": 198}
{"obj": {"type": "LogStrings", "path": ["monitoring", "stderr"], "values": [{"value": "\r  0%|          | 791/300000 [00:14<1:28:40, 56.24it/s]", "step": null, "ts": 1643510746.1628451}]}, "version": 199}
{"obj": {"type": "LogStrings", "path": ["monitoring", "stderr"], "values": [{"value": "\r  0%|          | 797/300000 [00:14<1:28:37, 56.27it/s]", "step": null, "ts": 1643510746.2693455}]}, "version": 200}
{"obj": {"type": "LogStrings", "path": ["monitoring", "stderr"], "values": [{"value": "\r  0%|          | 803/300000 [00:14<1:30:13, 55.27it/s]", "step": null, "ts": 1643510746.3824549}]}, "version": 201}
{"obj": {"type": "LogStrings", "path": ["monitoring", "stderr"], "values": [{"value": "\r  0%|          | 809/300000 [00:14<1:31:45, 54.34it/s]", "step": null, "ts": 1643510746.497188}]}, "version": 202}
{"obj": {"type": "LogStrings", "path": ["monitoring", "stderr"], "values": [{"value": "\r  0%|          | 815/300000 [00:14<1:30:56, 54.83it/s]", "step": null, "ts": 1643510746.604292}]}, "version": 203}
{"obj": {"type": "LogStrings", "path": ["monitoring", "stderr"], "values": [{"value": "\r  0%|          | 821/300000 [00:15<1:29:12, 55.90it/s]", "step": null, "ts": 1643510746.706763}]}, "version": 204}
{"obj": {"type": "LogStrings", "path": ["monitoring", "stderr"], "values": [{"value": "\r  0%|          | 827/300000 [00:15<1:28:24, 56.40it/s]", "step": null, "ts": 1643510746.81092}]}, "version": 205}
{"obj": {"type": "LogStrings", "path": ["monitoring", "stderr"], "values": [{"value": "\r  0%|          | 833/300000 [00:15<1:27:42, 56.85it/s]", "step": null, "ts": 1643510746.9144669}]}, "version": 206}
{"obj": {"type": "LogStrings", "path": ["monitoring", "stderr"], "values": [{"value": "\r  0%|          | 839/300000 [00:15<1:27:32, 56.95it/s]", "step": null, "ts": 1643510747.0193963}]}, "version": 207}
{"obj": {"type": "LogStrings", "path": ["monitoring", "stderr"], "values": [{"value": "\r  0%|          | 845/300000 [00:15<1:26:26, 57.68it/s]", "step": null, "ts": 1643510747.1203275}]}, "version": 208}
{"obj": {"type": "LogStrings", "path": ["monitoring", "stderr"], "values": [{"value": "\r  0%|          | 851/300000 [00:15<1:26:13, 57.82it/s]", "step": null, "ts": 1643510747.2235029}]}, "version": 209}
{"obj": {"type": "LogStrings", "path": ["monitoring", "stderr"], "values": [{"value": "\r  0%|          | 857/300000 [00:15<1:25:32, 58.28it/s]", "step": null, "ts": 1643510747.3245406}]}, "version": 210}
{"obj": {"type": "LogStrings", "path": ["monitoring", "stderr"], "values": [{"value": "\r  0%|          | 864/300000 [00:15<1:24:28, 59.01it/s]", "step": null, "ts": 1643510747.4404285}]}, "version": 211}
{"obj": {"type": "LogStrings", "path": ["monitoring", "stderr"], "values": [{"value": "\r  0%|          | 870/300000 [00:15<1:24:27, 59.03it/s]", "step": null, "ts": 1643510747.5417538}]}, "version": 212}
{"obj": {"type": "LogStrings", "path": ["monitoring", "stderr"], "values": [{"value": "\r  0%|          | 876/300000 [00:15<1:24:27, 59.03it/s]", "step": null, "ts": 1643510747.643424}]}, "version": 213}
{"obj": {"type": "LogStrings", "path": ["monitoring", "stderr"], "values": [{"value": "\r  0%|          | 882/300000 [00:16<1:25:01, 58.64it/s]", "step": null, "ts": 1643510747.7473588}]}, "version": 214}
{"obj": {"type": "LogStrings", "path": ["monitoring", "stderr"], "values": [{"value": "\r  0%|          | 888/300000 [00:16<1:25:54, 58.03it/s]", "step": null, "ts": 1643510747.8532999}]}, "version": 215}
{"obj": {"type": "LogStrings", "path": ["monitoring", "stderr"], "values": [{"value": "\r  0%|          | 894/300000 [00:16<1:27:17, 57.11it/s]", "step": null, "ts": 1643510747.9623091}]}, "version": 216}
{"obj": {"type": "LogStrings", "path": ["monitoring", "stderr"], "values": [{"value": "\r  0%|          | 900/300000 [00:16<1:27:22, 57.05it/s]", "step": null, "ts": 1643510748.0677106}]}, "version": 217}
{"obj": {"type": "LogStrings", "path": ["monitoring", "stderr"], "values": [{"value": "\r  0%|          | 906/300000 [00:16<1:28:24, 56.38it/s]", "step": null, "ts": 1643510748.1770806}]}, "version": 218}
{"obj": {"type": "LogStrings", "path": ["monitoring", "stderr"], "values": [{"value": "\r  0%|          | 912/300000 [00:16<1:27:10, 57.18it/s]", "step": null, "ts": 1643510748.278493}]}, "version": 219}
{"obj": {"type": "LogStrings", "path": ["monitoring", "stderr"], "values": [{"value": "\r  0%|          | 919/300000 [00:16<1:25:38, 58.20it/s]", "step": null, "ts": 1643510748.3944795}]}, "version": 220}
{"obj": {"type": "LogStrings", "path": ["monitoring", "stderr"], "values": [{"value": "\r  0%|          | 925/300000 [00:16<1:25:21, 58.40it/s]", "step": null, "ts": 1643510748.4963622}]}, "version": 221}
{"obj": {"type": "LogStrings", "path": ["monitoring", "stderr"], "values": [{"value": "\r  0%|          | 931/300000 [00:16<1:24:43, 58.83it/s]", "step": null, "ts": 1643510748.596541}]}, "version": 222}
{"obj": {"type": "LogStrings", "path": ["monitoring", "stderr"], "values": [{"value": "\r  0%|          | 937/300000 [00:17<1:24:44, 58.82it/s]", "step": null, "ts": 1643510748.6985936}]}, "version": 223}
{"obj": {"type": "LogStrings", "path": ["monitoring", "stderr"], "values": [{"value": "\r  0%|          | 943/300000 [00:17<1:25:09, 58.53it/s]", "step": null, "ts": 1643510748.8023129}]}, "version": 224}
{"obj": {"type": "LogStrings", "path": ["monitoring", "stderr"], "values": [{"value": "\r  0%|          | 950/300000 [00:17<1:23:47, 59.48it/s]", "step": null, "ts": 1643510748.9161196}]}, "version": 225}
{"obj": {"type": "LogStrings", "path": ["monitoring", "stderr"], "values": [{"value": "\r  0%|          | 957/300000 [00:17<1:22:54, 60.12it/s]", "step": null, "ts": 1643510749.029905}]}, "version": 226}
{"obj": {"type": "LogStrings", "path": ["monitoring", "stderr"], "values": [{"value": "\r  0%|          | 964/300000 [00:17<1:22:36, 60.33it/s]", "step": null, "ts": 1643510749.1450229}]}, "version": 227}
{"obj": {"type": "LogStrings", "path": ["monitoring", "stderr"], "values": [{"value": "\r  0%|          | 971/300000 [00:17<1:22:58, 60.06it/s]", "step": null, "ts": 1643510749.26274}]}, "version": 228}
{"obj": {"type": "LogStrings", "path": ["monitoring", "stderr"], "values": [{"value": "\r  0%|          | 978/300000 [00:17<1:22:58, 60.06it/s]", "step": null, "ts": 1643510749.379273}]}, "version": 229}
{"obj": {"type": "LogStrings", "path": ["monitoring", "stderr"], "values": [{"value": "\r  0%|          | 985/300000 [00:17<1:23:24, 59.75it/s]", "step": null, "ts": 1643510749.4978368}]}, "version": 230}
{"obj": {"type": "LogStrings", "path": ["monitoring", "stderr"], "values": [{"value": "\r  0%|          | 991/300000 [00:17<1:23:36, 59.60it/s]", "step": null, "ts": 1643510749.599158}]}, "version": 231}
{"obj": {"type": "LogStrings", "path": ["monitoring", "stderr"], "values": [{"value": "\r  0%|          | 997/300000 [00:18<1:24:18, 59.11it/s]", "step": null, "ts": 1643510749.702816}]}, "version": 232}
{"obj": {"type": "LogStrings", "path": ["monitoring", "stderr"], "values": [{"value": "\r  0%|          | 1003/300000 [00:19<5:24:21, 15.36it/s]", "step": null, "ts": 1643510750.8168488}]}, "version": 233}
{"obj": {"type": "LogStrings", "path": ["monitoring", "stderr"], "values": [{"value": "\r  0%|          | 1009/300000 [00:19<4:17:21, 19.36it/s]", "step": null, "ts": 1643510750.9289384}]}, "version": 234}
{"obj": {"type": "LogStrings", "path": ["monitoring", "stderr"], "values": [{"value": "\r  0%|          | 1015/300000 [00:19<3:30:00, 23.73it/s]", "step": null, "ts": 1643510751.044204}]}, "version": 235}
{"obj": {"type": "LogStrings", "path": ["monitoring", "stderr"], "values": [{"value": "\r  0%|          | 1021/300000 [00:19<2:57:01, 28.15it/s]", "step": null, "ts": 1643510751.1622088}]}, "version": 236}
{"obj": {"type": "LogStrings", "path": ["monitoring", "stderr"], "values": [{"value": "\r  0%|          | 1027/300000 [00:19<2:32:18, 32.72it/s]", "step": null, "ts": 1643510751.27496}]}, "version": 237}
{"obj": {"type": "LogStrings", "path": ["monitoring", "stderr"], "values": [{"value": "\r  0%|          | 1033/300000 [00:19<2:16:27, 36.52it/s]", "step": null, "ts": 1643510751.3942118}]}, "version": 238}
{"obj": {"type": "LogStrings", "path": ["monitoring", "stderr"], "values": [{"value": "\r  0%|          | 1039/300000 [00:19<2:04:33, 40.01it/s]", "step": null, "ts": 1643510751.5104594}]}, "version": 239}
{"obj": {"type": "LogStrings", "path": ["monitoring", "stderr"], "values": [{"value": "\r  0%|          | 1045/300000 [00:19<1:55:18, 43.21it/s]", "step": null, "ts": 1643510751.6231754}]}, "version": 240}
{"obj": {"type": "LogStrings", "path": ["monitoring", "stderr"], "values": [{"value": "\r  0%|          | 1051/300000 [00:20<1:48:18, 46.01it/s]", "step": null, "ts": 1643510751.7338564}]}, "version": 241}
{"obj": {"type": "LogStrings", "path": ["monitoring", "stderr"], "values": [{"value": "\r  0%|          | 1057/300000 [00:20<1:44:09, 47.83it/s]", "step": null, "ts": 1643510751.8476162}]}, "version": 242}
{"obj": {"type": "LogStrings", "path": ["monitoring", "stderr"], "values": [{"value": "\r  0%|          | 1063/300000 [00:20<1:39:47, 49.93it/s]", "step": null, "ts": 1643510751.9555113}]}, "version": 243}
{"obj": {"type": "LogStrings", "path": ["monitoring", "stderr"], "values": [{"value": "\r  0%|          | 1069/300000 [00:20<1:37:11, 51.26it/s]", "step": null, "ts": 1643510752.0652301}]}, "version": 244}
{"obj": {"type": "LogStrings", "path": ["monitoring", "stderr"], "values": [{"value": "\r  0%|          | 1075/300000 [00:20<1:36:38, 51.55it/s]", "step": null, "ts": 1643510752.18009}]}, "version": 245}
{"obj": {"type": "LogStrings", "path": ["monitoring", "stderr"], "values": [{"value": "\r  0%|          | 1081/300000 [00:20<1:36:22, 51.69it/s]", "step": null, "ts": 1643510752.2954276}]}, "version": 246}
{"obj": {"type": "LogStrings", "path": ["monitoring", "stderr"], "values": [{"value": "\r  0%|          | 1087/300000 [00:20<1:35:21, 52.25it/s]", "step": null, "ts": 1643510752.4073937}]}, "version": 247}
{"obj": {"type": "LogStrings", "path": ["monitoring", "stderr"], "values": [{"value": "\r  0%|          | 1093/300000 [00:20<1:34:14, 52.86it/s]", "step": null, "ts": 1643510752.5177777}]}, "version": 248}
{"obj": {"type": "LogStrings", "path": ["monitoring", "stderr"], "values": [{"value": "\r  0%|          | 1099/300000 [00:20<1:33:47, 53.11it/s]", "step": null, "ts": 1643510752.6294901}]}, "version": 249}
{"obj": {"type": "LogStrings", "path": ["monitoring", "stderr"], "values": [{"value": "\r  0%|          | 1105/300000 [00:21<1:33:24, 53.33it/s]", "step": null, "ts": 1643510752.7409008}]}, "version": 250}
{"obj": {"type": "LogStrings", "path": ["monitoring", "stderr"], "values": [{"value": "\r  0%|          | 1111/300000 [00:21<1:35:59, 51.90it/s]", "step": null, "ts": 1643510752.8639407}]}, "version": 251}
{"obj": {"type": "LogStrings", "path": ["monitoring", "stderr"], "values": [{"value": "\r  0%|          | 1117/300000 [00:21<1:35:48, 52.00it/s]", "step": null, "ts": 1643510752.978672}]}, "version": 252}
{"obj": {"type": "LogStrings", "path": ["monitoring", "stderr"], "values": [{"value": "\r  0%|          | 1123/300000 [00:21<1:37:37, 51.03it/s]", "step": null, "ts": 1643510753.1013534}]}, "version": 253}
{"obj": {"type": "LogStrings", "path": ["monitoring", "stderr"], "values": [{"value": "\r  0%|          | 1129/300000 [00:21<1:37:43, 50.97it/s]", "step": null, "ts": 1643510753.2194083}]}, "version": 254}
{"obj": {"type": "LogStrings", "path": ["monitoring", "stderr"], "values": [{"value": "\r  0%|          | 1135/300000 [00:21<1:38:14, 50.70it/s]", "step": null, "ts": 1643510753.3391993}]}, "version": 255}
{"obj": {"type": "LogStrings", "path": ["monitoring", "stderr"], "values": [{"value": "\r  0%|          | 1141/300000 [00:21<1:37:02, 51.33it/s]", "step": null, "ts": 1643510753.452667}]}, "version": 256}
{"obj": {"type": "LogStrings", "path": ["monitoring", "stderr"], "values": [{"value": "\r  0%|          | 1147/300000 [00:21<1:33:43, 53.14it/s]", "step": null, "ts": 1643510753.5562716}]}, "version": 257}
{"obj": {"type": "LogStrings", "path": ["monitoring", "stderr"], "values": [{"value": "\r  0%|          | 1153/300000 [00:21<1:31:56, 54.18it/s]", "step": null, "ts": 1643510753.6620033}]}, "version": 258}
{"obj": {"type": "LogStrings", "path": ["monitoring", "stderr"], "values": [{"value": "\r  0%|          | 1159/300000 [00:22<1:34:30, 52.71it/s]", "step": null, "ts": 1643510753.7830653}]}, "version": 259}
{"obj": {"type": "LogStrings", "path": ["monitoring", "stderr"], "values": [{"value": "\r  0%|          | 1165/300000 [00:22<1:35:37, 52.08it/s]", "step": null, "ts": 1643510753.9014401}]}, "version": 260}
{"obj": {"type": "LogStrings", "path": ["monitoring", "stderr"], "values": [{"value": "\r  0%|          | 1171/300000 [00:22<1:34:00, 52.98it/s]", "step": null, "ts": 1643510754.0101366}]}, "version": 261}
{"obj": {"type": "LogStrings", "path": ["monitoring", "stderr"], "values": [{"value": "\r  0%|          | 1177/300000 [00:22<1:36:02, 51.86it/s]", "step": null, "ts": 1643510754.1317093}]}, "version": 262}
{"obj": {"type": "LogStrings", "path": ["monitoring", "stderr"], "values": [{"value": "\r  0%|          | 1183/300000 [00:22<1:35:21, 52.23it/s]", "step": null, "ts": 1643510754.2445295}]}, "version": 263}
{"obj": {"type": "LogStrings", "path": ["monitoring", "stderr"], "values": [{"value": "\r  0%|          | 1189/300000 [00:22<1:34:19, 52.80it/s]", "step": null, "ts": 1643510754.3554132}]}, "version": 264}
{"obj": {"type": "LogStrings", "path": ["monitoring", "stderr"], "values": [{"value": "\r  0%|          | 1195/300000 [00:22<1:36:37, 51.54it/s]", "step": null, "ts": 1643510754.4781744}]}, "version": 265}
{"obj": {"type": "LogStrings", "path": ["monitoring", "stderr"], "values": [{"value": "\r  0%|          | 1201/300000 [00:22<1:36:34, 51.57it/s]", "step": null, "ts": 1643510754.5943475}]}, "version": 266}
{"obj": {"type": "LogStrings", "path": ["monitoring", "stderr"], "values": [{"value": "\r  0%|          | 1207/300000 [00:23<1:34:58, 52.44it/s]", "step": null, "ts": 1643510754.7042806}]}, "version": 267}
{"obj": {"type": "LogStrings", "path": ["monitoring", "stderr"], "values": [{"value": "\r  0%|          | 1213/300000 [00:23<1:33:37, 53.19it/s]", "step": null, "ts": 1643510754.8133252}]}, "version": 268}
{"obj": {"type": "LogFloats", "path": ["monitoring", "cpu"], "values": [{"value": 23.7, "step": null, "ts": 1643510754.8869197}]}, "version": 269}
{"obj": {"type": "LogFloats", "path": ["monitoring", "memory"], "values": [{"value": 12.042549133300781, "step": null, "ts": 1643510754.8869197}]}, "version": 270}
{"obj": {"type": "LogFloats", "path": ["monitoring", "gpu"], "values": [{"value": 5.0, "step": null, "ts": 1643510754.8869197}]}, "version": 271}
{"obj": {"type": "LogFloats", "path": ["monitoring", "gpu_memory"], "values": [{"value": 1.1328125, "step": null, "ts": 1643510754.8869197}]}, "version": 272}
{"obj": {"type": "LogStrings", "path": ["monitoring", "stderr"], "values": [{"value": "\r  0%|          | 1219/300000 [00:23<1:37:47, 50.92it/s]", "step": null, "ts": 1643510754.9428918}]}, "version": 273}
{"obj": {"type": "LogStrings", "path": ["monitoring", "stderr"], "values": [{"value": "\r  0%|          | 1225/300000 [00:23<1:36:08, 51.79it/s]", "step": null, "ts": 1643510755.0541704}]}, "version": 274}
{"obj": {"type": "LogStrings", "path": ["monitoring", "stderr"], "values": [{"value": "\r  0%|          | 1231/300000 [00:23<1:35:00, 52.41it/s]", "step": null, "ts": 1643510755.1654067}]}, "version": 275}
{"obj": {"type": "LogStrings", "path": ["monitoring", "stderr"], "values": [{"value": "\r  0%|          | 1237/300000 [00:23<1:34:12, 52.86it/s]", "step": null, "ts": 1643510755.276665}]}, "version": 276}
{"obj": {"type": "LogStrings", "path": ["monitoring", "stderr"], "values": [{"value": "\r  0%|          | 1243/300000 [00:23<1:32:59, 53.54it/s]", "step": null, "ts": 1643510755.385339}]}, "version": 277}
{"obj": {"type": "LogStrings", "path": ["monitoring", "stderr"], "values": [{"value": "\r  0%|          | 1249/300000 [00:23<1:32:01, 54.10it/s]", "step": null, "ts": 1643510755.4935179}]}, "version": 278}
{"obj": {"type": "LogStrings", "path": ["monitoring", "stderr"], "values": [{"value": "\r  0%|          | 1255/300000 [00:23<1:31:08, 54.63it/s]", "step": null, "ts": 1643510755.6008782}]}, "version": 279}
{"obj": {"type": "LogStrings", "path": ["monitoring", "stderr"], "values": [{"value": "\r  0%|          | 1261/300000 [00:24<1:31:12, 54.59it/s]", "step": null, "ts": 1643510755.7109382}]}, "version": 280}
{"obj": {"type": "LogStrings", "path": ["monitoring", "stderr"], "values": [{"value": "\r  0%|          | 1267/300000 [00:24<1:31:49, 54.22it/s]", "step": null, "ts": 1643510755.8233912}]}, "version": 281}
{"obj": {"type": "LogStrings", "path": ["monitoring", "stderr"], "values": [{"value": "\r  0%|          | 1273/300000 [00:24<1:31:49, 54.22it/s]", "step": null, "ts": 1643510755.93404}]}, "version": 282}
{"obj": {"type": "LogStrings", "path": ["monitoring", "stderr"], "values": [{"value": "\r  0%|          | 1279/300000 [00:24<1:31:45, 54.26it/s]", "step": null, "ts": 1643510756.0444422}]}, "version": 283}
{"obj": {"type": "LogStrings", "path": ["monitoring", "stderr"], "values": [{"value": "\r  0%|          | 1285/300000 [00:24<1:31:24, 54.47it/s]", "step": null, "ts": 1643510756.1536803}]}, "version": 284}
{"obj": {"type": "LogStrings", "path": ["monitoring", "stderr"], "values": [{"value": "\r  0%|          | 1291/300000 [00:24<1:31:34, 54.37it/s]", "step": null, "ts": 1643510756.264461}]}, "version": 285}
{"obj": {"type": "LogStrings", "path": ["monitoring", "stderr"], "values": [{"value": "\r  0%|          | 1297/300000 [00:24<1:33:01, 53.51it/s]", "step": null, "ts": 1643510756.3806899}]}, "version": 286}
{"obj": {"type": "LogStrings", "path": ["monitoring", "stderr"], "values": [{"value": "\r  0%|          | 1303/300000 [00:24<1:33:49, 53.06it/s]", "step": null, "ts": 1643510756.496004}]}, "version": 287}
{"obj": {"type": "LogStrings", "path": ["monitoring", "stderr"], "values": [{"value": "\r  0%|          | 1309/300000 [00:24<1:34:11, 52.85it/s]", "step": null, "ts": 1643510756.6105478}]}, "version": 288}
{"obj": {"type": "LogStrings", "path": ["monitoring", "stderr"], "values": [{"value": "\r  0%|          | 1315/300000 [00:25<1:35:18, 52.23it/s]", "step": null, "ts": 1643510756.7285893}]}, "version": 289}
{"obj": {"type": "LogStrings", "path": ["monitoring", "stderr"], "values": [{"value": "\r  0%|          | 1321/300000 [00:25<1:34:51, 52.48it/s]", "step": null, "ts": 1643510756.8416533}]}, "version": 290}
{"obj": {"type": "LogStrings", "path": ["monitoring", "stderr"], "values": [{"value": "\r  0%|          | 1327/300000 [00:25<1:34:13, 52.83it/s]", "step": null, "ts": 1643510756.9534402}]}, "version": 291}
{"obj": {"type": "LogStrings", "path": ["monitoring", "stderr"], "values": [{"value": "\r  0%|          | 1333/300000 [00:25<1:34:53, 52.46it/s]", "step": null, "ts": 1643510757.0697374}]}, "version": 292}
{"obj": {"type": "LogStrings", "path": ["monitoring", "stderr"], "values": [{"value": "\r  0%|          | 1339/300000 [00:25<1:35:08, 52.32it/s]", "step": null, "ts": 1643510757.1850867}]}, "version": 293}
{"obj": {"type": "LogStrings", "path": ["monitoring", "stderr"], "values": [{"value": "\r  0%|          | 1345/300000 [00:25<1:35:07, 52.32it/s]", "step": null, "ts": 1643510757.2997398}]}, "version": 294}
{"obj": {"type": "LogStrings", "path": ["monitoring", "stderr"], "values": [{"value": "\r  0%|          | 1351/300000 [00:25<1:35:09, 52.31it/s]", "step": null, "ts": 1643510757.414513}]}, "version": 295}
{"obj": {"type": "LogStrings", "path": ["monitoring", "stderr"], "values": [{"value": "\r  0%|          | 1357/300000 [00:25<1:35:01, 52.38it/s]", "step": null, "ts": 1643510757.528701}]}, "version": 296}
{"obj": {"type": "LogStrings", "path": ["monitoring", "stderr"], "values": [{"value": "\r  0%|          | 1363/300000 [00:25<1:34:15, 52.81it/s]", "step": null, "ts": 1643510757.6401446}]}, "version": 297}
{"obj": {"type": "LogStrings", "path": ["monitoring", "stderr"], "values": [{"value": "\r  0%|          | 1369/300000 [00:26<1:33:27, 53.25it/s]", "step": null, "ts": 1643510757.750592}]}, "version": 298}
{"obj": {"type": "LogStrings", "path": ["monitoring", "stderr"], "values": [{"value": "\r  0%|          | 1375/300000 [00:26<1:33:32, 53.21it/s]", "step": null, "ts": 1643510757.8636138}]}, "version": 299}
{"obj": {"type": "LogStrings", "path": ["monitoring", "stderr"], "values": [{"value": "\r  0%|          | 1381/300000 [00:26<1:34:24, 52.72it/s]", "step": null, "ts": 1643510757.9798455}]}, "version": 300}
{"obj": {"type": "LogStrings", "path": ["monitoring", "stderr"], "values": [{"value": "\r  0%|          | 1387/300000 [00:26<1:33:47, 53.06it/s]", "step": null, "ts": 1643510758.0912633}]}, "version": 301}
{"obj": {"type": "LogStrings", "path": ["monitoring", "stderr"], "values": [{"value": "\r  0%|          | 1393/300000 [00:26<1:32:29, 53.81it/s]", "step": null, "ts": 1643510758.1990352}]}, "version": 302}
{"obj": {"type": "LogStrings", "path": ["monitoring", "stderr"], "values": [{"value": "\r  0%|          | 1399/300000 [00:26<1:31:32, 54.37it/s]", "step": null, "ts": 1643510758.3067389}]}, "version": 303}
{"obj": {"type": "LogStrings", "path": ["monitoring", "stderr"], "values": [{"value": "\r  0%|          | 1405/300000 [00:26<1:31:10, 54.58it/s]", "step": null, "ts": 1643510758.4158838}]}, "version": 304}
{"obj": {"type": "LogStrings", "path": ["monitoring", "stderr"], "values": [{"value": "\r  0%|          | 1411/300000 [00:26<1:31:24, 54.44it/s]", "step": null, "ts": 1643510758.5265326}]}, "version": 305}
{"obj": {"type": "LogStrings", "path": ["monitoring", "stderr"], "values": [{"value": "\r  0%|          | 1417/300000 [00:26<1:30:59, 54.69it/s]", "step": null, "ts": 1643510758.6350784}]}, "version": 306}
{"obj": {"type": "LogStrings", "path": ["monitoring", "stderr"], "values": [{"value": "\r  0%|          | 1423/300000 [00:27<1:30:31, 54.97it/s]", "step": null, "ts": 1643510758.7429302}]}, "version": 307}
{"obj": {"type": "LogStrings", "path": ["monitoring", "stderr"], "values": [{"value": "\r  0%|          | 1429/300000 [00:27<1:30:21, 55.08it/s]", "step": null, "ts": 1643510758.8513756}]}, "version": 308}
{"obj": {"type": "LogStrings", "path": ["monitoring", "stderr"], "values": [{"value": "\r  0%|          | 1435/300000 [00:27<1:30:29, 54.99it/s]", "step": null, "ts": 1643510758.9608822}]}, "version": 309}
{"obj": {"type": "LogStrings", "path": ["monitoring", "stderr"], "values": [{"value": "\r  0%|          | 1441/300000 [00:27<1:30:09, 55.19it/s]", "step": null, "ts": 1643510759.0686831}]}, "version": 310}
{"obj": {"type": "LogStrings", "path": ["monitoring", "stderr"], "values": [{"value": "\r  0%|          | 1447/300000 [00:27<1:30:06, 55.22it/s]", "step": null, "ts": 1643510759.1771753}]}, "version": 311}
{"obj": {"type": "LogStrings", "path": ["monitoring", "stderr"], "values": [{"value": "\r  0%|          | 1453/300000 [00:27<1:30:40, 54.88it/s]", "step": null, "ts": 1643510759.2880988}]}, "version": 312}
{"obj": {"type": "LogStrings", "path": ["monitoring", "stderr"], "values": [{"value": "\r  0%|          | 1459/300000 [00:27<1:30:07, 55.20it/s]", "step": null, "ts": 1643510759.3952775}]}, "version": 313}
{"obj": {"type": "LogStrings", "path": ["monitoring", "stderr"], "values": [{"value": "\r  0%|          | 1465/300000 [00:27<1:30:41, 54.87it/s]", "step": null, "ts": 1643510759.5061946}]}, "version": 314}
{"obj": {"type": "LogStrings", "path": ["monitoring", "stderr"], "values": [{"value": "\r  0%|          | 1471/300000 [00:27<1:30:42, 54.85it/s]", "step": null, "ts": 1643510759.6157541}]}, "version": 315}
{"obj": {"type": "LogStrings", "path": ["monitoring", "stderr"], "values": [{"value": "\r  0%|          | 1477/300000 [00:28<1:32:20, 53.88it/s]", "step": null, "ts": 1643510759.7315953}]}, "version": 316}
{"obj": {"type": "LogStrings", "path": ["monitoring", "stderr"], "values": [{"value": "\r  0%|          | 1483/300000 [00:28<1:31:56, 54.11it/s]", "step": null, "ts": 1643510759.8413968}]}, "version": 317}
{"obj": {"type": "LogStrings", "path": ["monitoring", "stderr"], "values": [{"value": "\r  0%|          | 1489/300000 [00:28<1:32:06, 54.01it/s]", "step": null, "ts": 1643510759.9529335}]}, "version": 318}
{"obj": {"type": "LogStrings", "path": ["monitoring", "stderr"], "values": [{"value": "\r  0%|          | 1495/300000 [00:28<1:31:46, 54.21it/s]", "step": null, "ts": 1643510760.0626981}]}, "version": 319}
{"obj": {"type": "LogStrings", "path": ["monitoring", "stderr"], "values": [{"value": "\r  1%|          | 1501/300000 [00:28<1:31:29, 54.37it/s]", "step": null, "ts": 1643510760.172337}]}, "version": 320}
{"obj": {"type": "LogStrings", "path": ["monitoring", "stderr"], "values": [{"value": "\r  1%|          | 1507/300000 [00:28<1:31:10, 54.56it/s]", "step": null, "ts": 1643510760.281342}]}, "version": 321}
{"obj": {"type": "LogStrings", "path": ["monitoring", "stderr"], "values": [{"value": "\r  1%|          | 1513/300000 [00:28<1:30:41, 54.85it/s]", "step": null, "ts": 1643510760.3893735}]}, "version": 322}
{"obj": {"type": "LogStrings", "path": ["monitoring", "stderr"], "values": [{"value": "\r  1%|          | 1519/300000 [00:28<1:30:25, 55.02it/s]", "step": null, "ts": 1643510760.497671}]}, "version": 323}
{"obj": {"type": "LogStrings", "path": ["monitoring", "stderr"], "values": [{"value": "\r  1%|          | 1525/300000 [00:28<1:30:06, 55.21it/s]", "step": null, "ts": 1643510760.6054633}]}, "version": 324}
{"obj": {"type": "LogStrings", "path": ["monitoring", "stderr"], "values": [{"value": "\r  1%|          | 1531/300000 [00:29<1:30:05, 55.21it/s]", "step": null, "ts": 1643510760.7141275}]}, "version": 325}
{"obj": {"type": "LogStrings", "path": ["monitoring", "stderr"], "values": [{"value": "\r  1%|          | 1537/300000 [00:29<1:30:56, 54.70it/s]", "step": null, "ts": 1643510760.8261638}]}, "version": 326}
{"obj": {"type": "LogStrings", "path": ["monitoring", "stderr"], "values": [{"value": "\r  1%|          | 1543/300000 [00:29<1:30:54, 54.72it/s]", "step": null, "ts": 1643510760.9357536}]}, "version": 327}
{"obj": {"type": "LogStrings", "path": ["monitoring", "stderr"], "values": [{"value": "\r  1%|          | 1549/300000 [00:29<1:30:45, 54.81it/s]", "step": null, "ts": 1643510761.0447874}]}, "version": 328}
{"obj": {"type": "LogStrings", "path": ["monitoring", "stderr"], "values": [{"value": "\r  1%|          | 1555/300000 [00:29<1:30:42, 54.83it/s]", "step": null, "ts": 1643510761.1541045}]}, "version": 329}
{"obj": {"type": "LogStrings", "path": ["monitoring", "stderr"], "values": [{"value": "\r  1%|          | 1561/300000 [00:29<1:30:26, 55.00it/s]", "step": null, "ts": 1643510761.2624264}]}, "version": 330}
{"obj": {"type": "LogStrings", "path": ["monitoring", "stderr"], "values": [{"value": "\r  1%|          | 1567/300000 [00:29<1:30:40, 54.85it/s]", "step": null, "ts": 1643510761.3724854}]}, "version": 331}
{"obj": {"type": "LogStrings", "path": ["monitoring", "stderr"], "values": [{"value": "\r  1%|          | 1573/300000 [00:29<1:30:28, 54.97it/s]", "step": null, "ts": 1643510761.4811301}]}, "version": 332}
{"obj": {"type": "LogStrings", "path": ["monitoring", "stderr"], "values": [{"value": "\r  1%|          | 1579/300000 [00:29<1:30:47, 54.78it/s]", "step": null, "ts": 1643510761.5914822}]}, "version": 333}
{"obj": {"type": "LogStrings", "path": ["monitoring", "stderr"], "values": [{"value": "\r  1%|          | 1585/300000 [00:30<1:30:34, 54.91it/s]", "step": null, "ts": 1643510761.7001443}]}, "version": 334}
{"obj": {"type": "LogStrings", "path": ["monitoring", "stderr"], "values": [{"value": "\r  1%|          | 1591/300000 [00:30<1:30:46, 54.79it/s]", "step": null, "ts": 1643510761.8102138}]}, "version": 335}
{"obj": {"type": "LogStrings", "path": ["monitoring", "stderr"], "values": [{"value": "\r  1%|          | 1597/300000 [00:30<1:30:38, 54.87it/s]", "step": null, "ts": 1643510761.919202}]}, "version": 336}
{"obj": {"type": "LogStrings", "path": ["monitoring", "stderr"], "values": [{"value": "\r  1%|          | 1603/300000 [00:30<1:30:44, 54.81it/s]", "step": null, "ts": 1643510762.02896}]}, "version": 337}
{"obj": {"type": "LogStrings", "path": ["monitoring", "stderr"], "values": [{"value": "\r  1%|          | 1609/300000 [00:30<1:31:12, 54.53it/s]", "step": null, "ts": 1643510762.1402955}]}, "version": 338}
{"obj": {"type": "LogStrings", "path": ["monitoring", "stderr"], "values": [{"value": "\r  1%|          | 1615/300000 [00:30<1:31:17, 54.48it/s]", "step": null, "ts": 1643510762.2506793}]}, "version": 339}
{"obj": {"type": "LogStrings", "path": ["monitoring", "stderr"], "values": [{"value": "\r  1%|          | 1621/300000 [00:30<1:31:56, 54.08it/s]", "step": null, "ts": 1643510762.3635886}]}, "version": 340}
{"obj": {"type": "LogStrings", "path": ["monitoring", "stderr"], "values": [{"value": "\r  1%|          | 1627/300000 [00:30<1:32:39, 53.67it/s]", "step": null, "ts": 1643510762.4773114}]}, "version": 341}
{"obj": {"type": "LogStrings", "path": ["monitoring", "stderr"], "values": [{"value": "\r  1%|          | 1633/300000 [00:30<1:33:17, 53.30it/s]", "step": null, "ts": 1643510762.5916631}]}, "version": 342}
{"obj": {"type": "LogStrings", "path": ["monitoring", "stderr"], "values": [{"value": "\r  1%|          | 1639/300000 [00:31<1:33:31, 53.17it/s]", "step": null, "ts": 1643510762.705173}]}, "version": 343}
{"obj": {"type": "LogStrings", "path": ["monitoring", "stderr"], "values": [{"value": "\r  1%|          | 1645/300000 [00:31<1:34:18, 52.73it/s]", "step": null, "ts": 1643510762.821296}]}, "version": 344}
{"obj": {"type": "LogStrings", "path": ["monitoring", "stderr"], "values": [{"value": "\r  1%|          | 1651/300000 [00:31<1:33:51, 52.98it/s]", "step": null, "ts": 1643510762.9331455}]}, "version": 345}
{"obj": {"type": "LogStrings", "path": ["monitoring", "stderr"], "values": [{"value": "\r  1%|          | 1657/300000 [00:31<1:33:22, 53.25it/s]", "step": null, "ts": 1643510763.0444834}]}, "version": 346}
{"obj": {"type": "LogStrings", "path": ["monitoring", "stderr"], "values": [{"value": "\r  1%|          | 1663/300000 [00:31<1:32:47, 53.59it/s]", "step": null, "ts": 1643510763.154798}]}, "version": 347}
{"obj": {"type": "LogStrings", "path": ["monitoring", "stderr"], "values": [{"value": "\r  1%|          | 1669/300000 [00:31<1:32:31, 53.74it/s]", "step": null, "ts": 1643510763.2659457}]}, "version": 348}
{"obj": {"type": "LogStrings", "path": ["monitoring", "stderr"], "values": [{"value": "\r  1%|          | 1675/300000 [00:31<1:32:23, 53.82it/s]", "step": null, "ts": 1643510763.3768048}]}, "version": 349}
{"obj": {"type": "LogStrings", "path": ["monitoring", "stderr"], "values": [{"value": "\r  1%|          | 1681/300000 [00:31<1:32:12, 53.92it/s]", "step": null, "ts": 1643510763.487691}]}, "version": 350}
{"obj": {"type": "LogStrings", "path": ["monitoring", "stderr"], "values": [{"value": "\r  1%|          | 1687/300000 [00:31<1:31:36, 54.27it/s]", "step": null, "ts": 1643510763.5964983}]}, "version": 351}
{"obj": {"type": "LogStrings", "path": ["monitoring", "stderr"], "values": [{"value": "\r  1%|          | 1693/300000 [00:32<1:34:23, 52.67it/s]", "step": null, "ts": 1643510763.7182877}]}, "version": 352}
{"obj": {"type": "LogStrings", "path": ["monitoring", "stderr"], "values": [{"value": "\r  1%|          | 1699/300000 [00:32<1:34:53, 52.39it/s]", "step": null, "ts": 1643510763.8341806}]}, "version": 353}
{"obj": {"type": "LogStrings", "path": ["monitoring", "stderr"], "values": [{"value": "\r  1%|          | 1705/300000 [00:32<1:33:55, 52.93it/s]", "step": null, "ts": 1643510763.9448354}]}, "version": 354}
{"obj": {"type": "LogStrings", "path": ["monitoring", "stderr"], "values": [{"value": "\r  1%|          | 1711/300000 [00:32<1:34:51, 52.41it/s]", "step": null, "ts": 1643510764.0619001}]}, "version": 355}
{"obj": {"type": "LogStrings", "path": ["monitoring", "stderr"], "values": [{"value": "\r  1%|          | 1717/300000 [00:32<1:35:32, 52.04it/s]", "step": null, "ts": 1643510764.1791496}]}, "version": 356}
{"obj": {"type": "LogStrings", "path": ["monitoring", "stderr"], "values": [{"value": "\r  1%|          | 1723/300000 [00:32<1:37:06, 51.19it/s]", "step": null, "ts": 1643510764.300816}]}, "version": 357}
{"obj": {"type": "LogStrings", "path": ["monitoring", "stderr"], "values": [{"value": "\r  1%|          | 1729/300000 [00:32<1:37:46, 50.85it/s]", "step": null, "ts": 1643510764.420674}]}, "version": 358}
{"obj": {"type": "LogStrings", "path": ["monitoring", "stderr"], "values": [{"value": "\r  1%|          | 1735/300000 [00:32<1:38:10, 50.63it/s]", "step": null, "ts": 1643510764.540315}]}, "version": 359}
{"obj": {"type": "LogStrings", "path": ["monitoring", "stderr"], "values": [{"value": "\r  1%|          | 1741/300000 [00:32<1:37:52, 50.78it/s]", "step": null, "ts": 1643510764.6576397}]}, "version": 360}
{"obj": {"type": "LogStrings", "path": ["monitoring", "stderr"], "values": [{"value": "\r  1%|          | 1747/300000 [00:33<1:39:07, 50.15it/s]", "step": null, "ts": 1643510764.7808673}]}, "version": 361}
{"obj": {"type": "LogFloats", "path": ["monitoring", "cpu"], "values": [{"value": 17.3, "step": null, "ts": 1643510764.88836}]}, "version": 362}
{"obj": {"type": "LogFloats", "path": ["monitoring", "memory"], "values": [{"value": 12.05059814453125, "step": null, "ts": 1643510764.88836}]}, "version": 363}
{"obj": {"type": "LogFloats", "path": ["monitoring", "gpu"], "values": [{"value": 5.0, "step": null, "ts": 1643510764.88836}]}, "version": 364}
{"obj": {"type": "LogFloats", "path": ["monitoring", "gpu_memory"], "values": [{"value": 1.1328125, "step": null, "ts": 1643510764.88836}]}, "version": 365}
{"obj": {"type": "LogStrings", "path": ["monitoring", "stderr"], "values": [{"value": "\r  1%|          | 1753/300000 [00:33<1:38:22, 50.53it/s]", "step": null, "ts": 1643510764.8974528}]}, "version": 366}
{"obj": {"type": "LogStrings", "path": ["monitoring", "stderr"], "values": [{"value": "\r  1%|          | 1759/300000 [00:33<1:37:12, 51.14it/s]", "step": null, "ts": 1643510765.011473}]}, "version": 367}
{"obj": {"type": "LogStrings", "path": ["monitoring", "stderr"], "values": [{"value": "\r  1%|          | 1765/300000 [00:33<1:36:31, 51.50it/s]", "step": null, "ts": 1643510765.1260846}]}, "version": 368}
{"obj": {"type": "LogStrings", "path": ["monitoring", "stderr"], "values": [{"value": "\r  1%|          | 1771/300000 [00:33<1:36:25, 51.55it/s]", "step": null, "ts": 1643510765.2421951}]}, "version": 369}
{"obj": {"type": "LogStrings", "path": ["monitoring", "stderr"], "values": [{"value": "\r  1%|          | 1777/300000 [00:33<1:35:26, 52.08it/s]", "step": null, "ts": 1643510765.354649}]}, "version": 370}
{"obj": {"type": "LogStrings", "path": ["monitoring", "stderr"], "values": [{"value": "\r  1%|          | 1783/300000 [00:33<1:34:41, 52.49it/s]", "step": null, "ts": 1643510765.4671154}]}, "version": 371}
{"obj": {"type": "LogStrings", "path": ["monitoring", "stderr"], "values": [{"value": "\r  1%|          | 1789/300000 [00:33<1:34:50, 52.40it/s]", "step": null, "ts": 1643510765.5818102}]}, "version": 372}
{"obj": {"type": "LogStrings", "path": ["monitoring", "stderr"], "values": [{"value": "\r  1%|          | 1795/300000 [00:34<1:34:59, 52.32it/s]", "step": null, "ts": 1643510765.696872}]}, "version": 373}
{"obj": {"type": "LogStrings", "path": ["monitoring", "stderr"], "values": [{"value": "\r  1%|          | 1801/300000 [00:34<1:34:37, 52.52it/s]", "step": null, "ts": 1643510765.8101203}]}, "version": 374}
{"obj": {"type": "LogStrings", "path": ["monitoring", "stderr"], "values": [{"value": "\r  1%|          | 1807/300000 [00:34<1:34:41, 52.49it/s]", "step": null, "ts": 1643510765.9246001}]}, "version": 375}
{"obj": {"type": "LogStrings", "path": ["monitoring", "stderr"], "values": [{"value": "\r  1%|          | 1813/300000 [00:34<1:34:25, 52.63it/s]", "step": null, "ts": 1643510766.0378869}]}, "version": 376}
{"obj": {"type": "LogStrings", "path": ["monitoring", "stderr"], "values": [{"value": "\r  1%|          | 1819/300000 [00:34<1:33:53, 52.93it/s]", "step": null, "ts": 1643510766.149705}]}, "version": 377}
{"obj": {"type": "LogStrings", "path": ["monitoring", "stderr"], "values": [{"value": "\r  1%|          | 1825/300000 [00:34<1:33:13, 53.31it/s]", "step": null, "ts": 1643510766.2603967}]}, "version": 378}
{"obj": {"type": "LogStrings", "path": ["monitoring", "stderr"], "values": [{"value": "\r  1%|          | 1831/300000 [00:34<1:32:43, 53.59it/s]", "step": null, "ts": 1643510766.3709702}]}, "version": 379}
{"obj": {"type": "LogStrings", "path": ["monitoring", "stderr"], "values": [{"value": "\r  1%|          | 1837/300000 [00:34<1:32:41, 53.61it/s]", "step": null, "ts": 1643510766.4828103}]}, "version": 380}
{"obj": {"type": "LogStrings", "path": ["monitoring", "stderr"], "values": [{"value": "\r  1%|          | 1843/300000 [00:34<1:32:30, 53.72it/s]", "step": null, "ts": 1643510766.593984}]}, "version": 381}
{"obj": {"type": "LogStrings", "path": ["monitoring", "stderr"], "values": [{"value": "\r  1%|          | 1849/300000 [00:35<1:32:21, 53.80it/s]", "step": null, "ts": 1643510766.705138}]}, "version": 382}
{"obj": {"type": "LogStrings", "path": ["monitoring", "stderr"], "values": [{"value": "\r  1%|          | 1855/300000 [00:35<1:32:35, 53.67it/s]", "step": null, "ts": 1643510766.8175354}]}, "version": 383}
{"obj": {"type": "LogStrings", "path": ["monitoring", "stderr"], "values": [{"value": "\r  1%|          | 1861/300000 [00:35<1:32:23, 53.78it/s]", "step": null, "ts": 1643510766.9286017}]}, "version": 384}
{"obj": {"type": "LogStrings", "path": ["monitoring", "stderr"], "values": [{"value": "\r  1%|          | 1867/300000 [00:35<1:32:34, 53.68it/s]", "step": null, "ts": 1643510767.040852}]}, "version": 385}
{"obj": {"type": "LogStrings", "path": ["monitoring", "stderr"], "values": [{"value": "\r  1%|          | 1873/300000 [00:35<1:32:27, 53.74it/s]", "step": null, "ts": 1643510767.1521828}]}, "version": 386}
{"obj": {"type": "LogStrings", "path": ["monitoring", "stderr"], "values": [{"value": "\r  1%|          | 1879/300000 [00:35<1:32:10, 53.90it/s]", "step": null, "ts": 1643510767.2627332}]}, "version": 387}
{"obj": {"type": "LogStrings", "path": ["monitoring", "stderr"], "values": [{"value": "\r  1%|          | 1885/300000 [00:35<1:32:52, 53.50it/s]", "step": null, "ts": 1643510767.3768232}]}, "version": 388}
{"obj": {"type": "LogStrings", "path": ["monitoring", "stderr"], "values": [{"value": "\r  1%|          | 1891/300000 [00:35<1:32:41, 53.60it/s]", "step": null, "ts": 1643510767.4882767}]}, "version": 389}
{"obj": {"type": "LogStrings", "path": ["monitoring", "stderr"], "values": [{"value": "\r  1%|          | 1897/300000 [00:35<1:32:40, 53.61it/s]", "step": null, "ts": 1643510767.6001537}]}, "version": 390}
{"obj": {"type": "LogStrings", "path": ["monitoring", "stderr"], "values": [{"value": "\r  1%|          | 1903/300000 [00:36<1:33:20, 53.23it/s]", "step": null, "ts": 1643510767.7147214}]}, "version": 391}
{"obj": {"type": "LogStrings", "path": ["monitoring", "stderr"], "values": [{"value": "\r  1%|          | 1909/300000 [00:36<1:33:21, 53.22it/s]", "step": null, "ts": 1643510767.827515}]}, "version": 392}
{"obj": {"type": "LogStrings", "path": ["monitoring", "stderr"], "values": [{"value": "\r  1%|          | 1915/300000 [00:36<1:33:04, 53.38it/s]", "step": null, "ts": 1643510767.9391248}]}, "version": 393}
{"obj": {"type": "LogStrings", "path": ["monitoring", "stderr"], "values": [{"value": "\r  1%|          | 1921/300000 [00:36<1:32:37, 53.63it/s]", "step": null, "ts": 1643510768.0497518}]}, "version": 394}
{"obj": {"type": "LogStrings", "path": ["monitoring", "stderr"], "values": [{"value": "\r  1%|          | 1927/300000 [00:36<1:32:30, 53.70it/s]", "step": null, "ts": 1643510768.1611788}]}, "version": 395}
{"obj": {"type": "LogStrings", "path": ["monitoring", "stderr"], "values": [{"value": "\r  1%|          | 1933/300000 [00:36<1:32:45, 53.56it/s]", "step": null, "ts": 1643510768.273896}]}, "version": 396}
{"obj": {"type": "LogStrings", "path": ["monitoring", "stderr"], "values": [{"value": "\r  1%|          | 1939/300000 [00:36<1:33:18, 53.24it/s]", "step": null, "ts": 1643510768.3881488}]}, "version": 397}
{"obj": {"type": "LogStrings", "path": ["monitoring", "stderr"], "values": [{"value": "\r  1%|          | 1945/300000 [00:36<1:33:07, 53.34it/s]", "step": null, "ts": 1643510768.500127}]}, "version": 398}
{"obj": {"type": "LogStrings", "path": ["monitoring", "stderr"], "values": [{"value": "\r  1%|          | 1951/300000 [00:36<1:33:27, 53.16it/s]", "step": null, "ts": 1643510768.6140592}]}, "version": 399}
{"obj": {"type": "LogStrings", "path": ["monitoring", "stderr"], "values": [{"value": "\r  1%|          | 1957/300000 [00:37<1:34:37, 52.50it/s]", "step": null, "ts": 1643510768.7315266}]}, "version": 400}
{"obj": {"type": "LogStrings", "path": ["monitoring", "stderr"], "values": [{"value": "\r  1%|          | 1963/300000 [00:37<1:33:55, 52.89it/s]", "step": null, "ts": 1643510768.842983}]}, "version": 401}
{"obj": {"type": "LogStrings", "path": ["monitoring", "stderr"], "values": [{"value": "\r  1%|          | 1969/300000 [00:37<1:33:35, 53.07it/s]", "step": null, "ts": 1643510768.955111}]}, "version": 402}
{"obj": {"type": "LogStrings", "path": ["monitoring", "stderr"], "values": [{"value": "\r  1%|          | 1975/300000 [00:37<1:33:10, 53.31it/s]", "step": null, "ts": 1643510769.0665731}]}, "version": 403}
{"obj": {"type": "LogStrings", "path": ["monitoring", "stderr"], "values": [{"value": "\r  1%|          | 1981/300000 [00:37<1:32:53, 53.47it/s]", "step": null, "ts": 1643510769.1779377}]}, "version": 404}
{"obj": {"type": "LogStrings", "path": ["monitoring", "stderr"], "values": [{"value": "\r  1%|          | 1987/300000 [00:37<1:32:44, 53.55it/s]", "step": null, "ts": 1643510769.2895734}]}, "version": 405}
{"obj": {"type": "LogStrings", "path": ["monitoring", "stderr"], "values": [{"value": "\r  1%|          | 1993/300000 [00:37<1:33:56, 52.88it/s]", "step": null, "ts": 1643510769.4064023}]}, "version": 406}
{"obj": {"type": "LogStrings", "path": ["monitoring", "stderr"], "values": [{"value": "\r  1%|          | 1999/300000 [00:37<1:33:55, 52.88it/s]", "step": null, "ts": 1643510769.5198574}]}, "version": 407}
{"obj": {"type": "LogStrings", "path": ["monitoring", "stderr"], "values": [{"value": "", "step": null, "ts": 1643510773.335213}]}, "version": 408}
{"obj": {"type": "LogStrings", "path": ["monitoring", "stderr"], "values": [{"value": "Warning: string series 'monitoring/stdout' value was longer than 1000 characters and was truncated. This warning is printed only once per series.\n", "step": null, "ts": 1643510773.3355815}]}, "version": 409}
{"obj": {"type": "LogStrings", "path": ["monitoring", "stdout"], "values": [{"value": "Transition(obs=(tensor([ 0.9726, -0.0493, -0.8834, -0.8033,  0.7645,  0.9117, -0.2326, -0.9988,\n         0.4687, -0.5956, -0.6446, -0.4109,  0.0049, -0.0091,  0.0147, -0.0122,\n         0.0155,  0.0517,  0.3690, -0.4187,  0.9570, -0.6844,  0.5936,  0.2266,\n         0.3577,  0.0372,  0.0764,  0.0402,  0.0955,  0.6934, -0.2207, -1.5463,\n        -0.0847,  1.4947,  0.6537, -1.7551,  0.3059,  0.0085, -0.0072,  0.9398,\n         0.0000,  0.0000,  0.3346, -0.9424, -0.3605,  0.4115, -0.0172],\n       device='cuda:0', dtype=torch.float64), tensor([ 0.8937, -0.4101, -0.3490, -0.7699,  0.5644, -0.9308, -0.4487, -0.9120,\n         0.9371, -0.6382, -0.8255, -0.3656,  0.2565, -0.1153,  0.0626,  0.3181,\n         0.1676,  0.1038,  0.6066, -0.6645,  1.4241, -0.7465, -0.4295, -0.4873,\n        -0.1442,  0.4979,  0.2422, -0.3860, -0.5000,  0.2267, -0.3865,  0.5308,\n         1.3499, -0.5517, -0.6045,  1.3742, -0.6311,  0.0116,  0.0272,  0.9398,\n         0.0000,  0.0000,  0.2316, -0.9728, -0.5951,  0.6917, -0.4", "step": null, "ts": 1643510773.335151}]}, "version": 410}
{"obj": {"type": "LogStrings", "path": ["monitoring", "stdout"], "values": [{"value": "\n", "step": null, "ts": 1643510773.33608}]}, "version": 411}
{"obj": {"type": "LogStrings", "path": ["monitoring", "stderr"], "values": [{"value": "", "step": null, "ts": 1643510773.3421254}]}, "version": 412}
{"obj": {"type": "LogStrings", "path": ["monitoring", "stderr"], "values": [{"value": "\r  1%|          | 2000/300000 [00:41<1:43:27, 48.01it/s]", "step": null, "ts": 1643510773.3424401}]}, "version": 413}
{"obj": {"type": "LogStrings", "path": ["monitoring", "stderr"], "values": [{"value": "\n", "step": null, "ts": 1643510773.3427944}]}, "version": 414}
{"obj": {"type": "LogFloats", "path": ["monitoring", "cpu"], "values": [{"value": 14.9, "step": null, "ts": 1643510774.8971925}]}, "version": 415}
{"obj": {"type": "LogFloats", "path": ["monitoring", "memory"], "values": [{"value": 11.77499008178711, "step": null, "ts": 1643510774.8971925}]}, "version": 416}
{"obj": {"type": "LogFloats", "path": ["monitoring", "gpu_memory"], "values": [{"value": 1.134765625, "step": null, "ts": 1643510774.8971925}]}, "version": 417}
{"obj": {"type": "LogFloats", "path": ["monitoring", "cpu"], "values": [{"value": 2.5, "step": null, "ts": 1643510784.8980186}]}, "version": 418}
{"obj": {"type": "LogFloats", "path": ["monitoring", "memory"], "values": [{"value": 11.686145782470703, "step": null, "ts": 1643510784.8980186}]}, "version": 419}
{"obj": {"type": "LogFloats", "path": ["monitoring", "gpu"], "values": [{"value": 3.0, "step": null, "ts": 1643510784.8980186}]}, "version": 420}
{"obj": {"type": "LogFloats", "path": ["monitoring", "gpu_memory"], "values": [{"value": 1.134765625, "step": null, "ts": 1643510784.8980186}]}, "version": 421}
{"obj": {"type": "LogFloats", "path": ["monitoring", "cpu"], "values": [{"value": 8.5, "step": null, "ts": 1643510794.8990521}]}, "version": 422}
{"obj": {"type": "LogFloats", "path": ["monitoring", "memory"], "values": [{"value": 11.676998138427734, "step": null, "ts": 1643510794.8990521}]}, "version": 423}
{"obj": {"type": "LogFloats", "path": ["monitoring", "gpu_memory"], "values": [{"value": 1.134765625, "step": null, "ts": 1643510794.8990521}]}, "version": 424}
{"obj": {"type": "LogFloats", "path": ["monitoring", "cpu"], "values": [{"value": 1.9, "step": null, "ts": 1643510804.9000456}]}, "version": 425}
{"obj": {"type": "LogFloats", "path": ["monitoring", "memory"], "values": [{"value": 11.658008575439453, "step": null, "ts": 1643510804.9000456}]}, "version": 426}
{"obj": {"type": "LogFloats", "path": ["monitoring", "gpu_memory"], "values": [{"value": 1.134765625, "step": null, "ts": 1643510804.9000456}]}, "version": 427}
{"obj": {"type": "LogFloats", "path": ["monitoring", "cpu"], "values": [{"value": 12.7, "step": null, "ts": 1643510814.9008896}]}, "version": 428}
{"obj": {"type": "LogFloats", "path": ["monitoring", "memory"], "values": [{"value": 11.67037582397461, "step": null, "ts": 1643510814.9008896}]}, "version": 429}
{"obj": {"type": "LogFloats", "path": ["monitoring", "gpu_memory"], "values": [{"value": 1.134765625, "step": null, "ts": 1643510814.9008896}]}, "version": 430}
{"obj": {"type": "LogFloats", "path": ["monitoring", "cpu"], "values": [{"value": 2.2, "step": null, "ts": 1643510824.9017851}]}, "version": 431}
{"obj": {"type": "LogFloats", "path": ["monitoring", "memory"], "values": [{"value": 11.65188217163086, "step": null, "ts": 1643510824.9017851}]}, "version": 432}
{"obj": {"type": "LogFloats", "path": ["monitoring", "gpu"], "values": [{"value": 1.0, "step": null, "ts": 1643510824.9017851}]}, "version": 433}
{"obj": {"type": "LogFloats", "path": ["monitoring", "gpu_memory"], "values": [{"value": 1.134765625, "step": null, "ts": 1643510824.9017851}]}, "version": 434}
{"obj": {"type": "LogFloats", "path": ["monitoring", "cpu"], "values": [{"value": 4.4, "step": null, "ts": 1643510834.9031765}]}, "version": 435}
{"obj": {"type": "LogFloats", "path": ["monitoring", "memory"], "values": [{"value": 11.667366027832031, "step": null, "ts": 1643510834.9031765}]}, "version": 436}
{"obj": {"type": "LogFloats", "path": ["monitoring", "gpu_memory"], "values": [{"value": 1.134765625, "step": null, "ts": 1643510834.9031765}]}, "version": 437}
{"obj": {"type": "LogFloats", "path": ["monitoring", "cpu"], "values": [{"value": 1.9, "step": null, "ts": 1643510844.9040146}]}, "version": 438}
{"obj": {"type": "LogFloats", "path": ["monitoring", "memory"], "values": [{"value": 11.65671157836914, "step": null, "ts": 1643510844.9040146}]}, "version": 439}
{"obj": {"type": "LogFloats", "path": ["monitoring", "gpu_memory"], "values": [{"value": 1.134765625, "step": null, "ts": 1643510844.9040146}]}, "version": 440}
{"obj": {"type": "LogFloats", "path": ["monitoring", "cpu"], "values": [{"value": 6.8, "step": null, "ts": 1643510854.904848}]}, "version": 441}
{"obj": {"type": "LogFloats", "path": ["monitoring", "memory"], "values": [{"value": 11.692825317382812, "step": null, "ts": 1643510854.904848}]}, "version": 442}
{"obj": {"type": "LogFloats", "path": ["monitoring", "gpu_memory"], "values": [{"value": 1.134765625, "step": null, "ts": 1643510854.904848}]}, "version": 443}
{"obj": {"type": "LogFloats", "path": ["monitoring", "cpu"], "values": [{"value": 1.8, "step": null, "ts": 1643510864.905837}]}, "version": 444}
{"obj": {"type": "LogFloats", "path": ["monitoring", "memory"], "values": [{"value": 11.676353454589844, "step": null, "ts": 1643510864.905837}]}, "version": 445}
{"obj": {"type": "LogFloats", "path": ["monitoring", "gpu_memory"], "values": [{"value": 1.134765625, "step": null, "ts": 1643510864.905837}]}, "version": 446}
{"obj": {"type": "LogFloats", "path": ["monitoring", "cpu"], "values": [{"value": 1.4, "step": null, "ts": 1643510874.9088986}]}, "version": 447}
{"obj": {"type": "LogFloats", "path": ["monitoring", "memory"], "values": [{"value": 11.665718078613281, "step": null, "ts": 1643510874.9088986}]}, "version": 448}
{"obj": {"type": "LogFloats", "path": ["monitoring", "gpu_memory"], "values": [{"value": 1.134765625, "step": null, "ts": 1643510874.9088986}]}, "version": 449}
{"obj": {"type": "LogFloats", "path": ["monitoring", "cpu"], "values": [{"value": 1.9, "step": null, "ts": 1643510884.909959}]}, "version": 450}
{"obj": {"type": "LogFloats", "path": ["monitoring", "memory"], "values": [{"value": 11.67422103881836, "step": null, "ts": 1643510884.909959}]}, "version": 451}
{"obj": {"type": "LogFloats", "path": ["monitoring", "gpu_memory"], "values": [{"value": 1.134765625, "step": null, "ts": 1643510884.909959}]}, "version": 452}
{"obj": {"type": "LogFloats", "path": ["monitoring", "cpu"], "values": [{"value": 1.4, "step": null, "ts": 1643510894.9109764}]}, "version": 453}
{"obj": {"type": "LogFloats", "path": ["monitoring", "memory"], "values": [{"value": 11.661018371582031, "step": null, "ts": 1643510894.9109764}]}, "version": 454}
{"obj": {"type": "LogFloats", "path": ["monitoring", "gpu_memory"], "values": [{"value": 1.134765625, "step": null, "ts": 1643510894.9109764}]}, "version": 455}
{"obj": {"type": "LogFloats", "path": ["monitoring", "cpu"], "values": [{"value": 2.9, "step": null, "ts": 1643510904.9118679}]}, "version": 456}
{"obj": {"type": "LogFloats", "path": ["monitoring", "memory"], "values": [{"value": 11.682075500488281, "step": null, "ts": 1643510904.9118679}]}, "version": 457}
{"obj": {"type": "LogFloats", "path": ["monitoring", "gpu"], "values": [{"value": 2.0, "step": null, "ts": 1643510904.9118679}]}, "version": 458}
{"obj": {"type": "LogFloats", "path": ["monitoring", "gpu_memory"], "values": [{"value": 1.134765625, "step": null, "ts": 1643510904.9118679}]}, "version": 459}
{"obj": {"type": "LogStrings", "path": ["monitoring", "stdout"], "values": [{"value": "Shutting down background jobs, please wait a moment...\n", "step": null, "ts": 1643510907.5787952}]}, "version": 460}
