{"obj": {"type": "AssignString", "path": ["sys", "name"], "value": "Untitled"}, "version": 1}
{"obj": {"type": "AssignString", "path": ["sys", "description"], "value": ""}, "version": 2}
{"obj": {"type": "AssignString", "path": ["sys", "hostname"], "value": "xhnfly-Strix-GL504GS-S5CS"}, "version": 3}
{"obj": {"type": "AssignBool", "path": ["sys", "failed"], "value": false}, "version": 4}
{"obj": {"type": "ClearStringLog", "path": ["monitoring", "stdout"]}, "version": 5}
{"obj": {"type": "ClearStringLog", "path": ["monitoring", "stderr"]}, "version": 6}
{"obj": {"type": "ConfigFloatSeries", "path": ["monitoring", "cpu"], "min": 0.0, "max": 100.0, "unit": "%"}, "version": 7}
{"obj": {"type": "ClearFloatLog", "path": ["monitoring", "cpu"]}, "version": 8}
{"obj": {"type": "ConfigFloatSeries", "path": ["monitoring", "memory"], "min": 0.0, "max": 31.287979125976562, "unit": "GB"}, "version": 9}
{"obj": {"type": "ClearFloatLog", "path": ["monitoring", "memory"]}, "version": 10}
{"obj": {"type": "ConfigFloatSeries", "path": ["monitoring", "gpu"], "min": 0.0, "max": 100.0, "unit": "%"}, "version": 11}
{"obj": {"type": "ClearFloatLog", "path": ["monitoring", "gpu"]}, "version": 12}
{"obj": {"type": "ConfigFloatSeries", "path": ["monitoring", "gpu_memory"], "min": 0.0, "max": 7.9210205078125, "unit": "GB"}, "version": 13}
{"obj": {"type": "ClearFloatLog", "path": ["monitoring", "gpu_memory"]}, "version": 14}
{"obj": {"type": "LogStrings", "path": ["monitoring", "stdout"], "values": [{"value": "", "step": null, "ts": 1643096055.4859476}]}, "version": 15}
{"obj": {"type": "LogStrings", "path": ["monitoring", "stdout"], "values": [{"value": "Remember to stop your run once you\u2019ve finished logging your metadata (https://docs.neptune.ai/api-reference/run#.stop). It will be stopped automatically only when the notebook kernel/interactive console is terminated.\n", "step": null, "ts": 1643096055.4863214}]}, "version": 16}
{"obj": {"type": "LogFloats", "path": ["monitoring", "cpu"], "values": [{"value": 20.8, "step": null, "ts": 1643096055.4817402}]}, "version": 17}
{"obj": {"type": "LogFloats", "path": ["monitoring", "memory"], "values": [{"value": 22.152267456054688, "step": null, "ts": 1643096055.4817402}]}, "version": 18}
{"obj": {"type": "LogFloats", "path": ["monitoring", "gpu_memory"], "values": [{"value": 0.4071044921875, "step": null, "ts": 1643096055.4817402}]}, "version": 19}
{"obj": {"type": "LogStrings", "path": ["monitoring", "stdout"], "values": [{"value": "device = ", "step": null, "ts": 1643096056.1519706}]}, "version": 20}
{"obj": {"type": "LogStrings", "path": ["monitoring", "stdout"], "values": [{"value": " ", "step": null, "ts": 1643096056.1524506}]}, "version": 21}
{"obj": {"type": "LogStrings", "path": ["monitoring", "stdout"], "values": [{"value": "cuda", "step": null, "ts": 1643096056.1525528}]}, "version": 22}
{"obj": {"type": "LogStrings", "path": ["monitoring", "stdout"], "values": [{"value": "\n", "step": null, "ts": 1643096056.152756}]}, "version": 23}
{"obj": {"type": "AssignInt", "path": ["parameters", "batch_size"], "value": 500}, "version": 24}
{"obj": {"type": "AssignFloat", "path": ["parameters", "dropout"], "value": 0.2}, "version": 25}
{"obj": {"type": "AssignFloat", "path": ["parameters", "learning_rate"], "value": 0.001}, "version": 26}
{"obj": {"type": "AssignString", "path": ["parameters", "optimizer"], "value": "Adam"}, "version": 27}
{"obj": {"type": "AssignInt", "path": ["parameters", "hid"], "value": 64}, "version": 28}
{"obj": {"type": "AssignInt", "path": ["parameters", "l"], "value": 3}, "version": 29}
{"obj": {"type": "AssignInt", "path": ["parameters", "seed"], "value": 0}, "version": 30}
{"obj": {"type": "AssignInt", "path": ["parameters", "steps_per_epoch"], "value": 3000}, "version": 31}
{"obj": {"type": "AssignInt", "path": ["parameters", "epochs"], "value": 100}, "version": 32}
{"obj": {"type": "AssignInt", "path": ["parameters", "replay_size"], "value": 1000000}, "version": 33}
{"obj": {"type": "AssignFloat", "path": ["parameters", "gamma"], "value": 0.99}, "version": 34}
{"obj": {"type": "AssignFloat", "path": ["parameters", "polyak"], "value": 0.995}, "version": 35}
{"obj": {"type": "AssignFloat", "path": ["parameters", "pi_lr"], "value": 0.0001}, "version": 36}
{"obj": {"type": "AssignFloat", "path": ["parameters", "q_lr"], "value": 0.0001}, "version": 37}
{"obj": {"type": "AssignInt", "path": ["parameters", "start_steps"], "value": 10000}, "version": 38}
{"obj": {"type": "AssignInt", "path": ["parameters", "update_after"], "value": 1000}, "version": 39}
{"obj": {"type": "AssignInt", "path": ["parameters", "update_every"], "value": 50}, "version": 40}
{"obj": {"type": "AssignFloat", "path": ["parameters", "act_noise"], "value": 0.01}, "version": 41}
{"obj": {"type": "AssignInt", "path": ["parameters", "num_test_episodes"], "value": 10}, "version": 42}
{"obj": {"type": "AssignInt", "path": ["parameters", "max_ep_len"], "value": 1000}, "version": 43}
{"obj": {"type": "LogStrings", "path": ["monitoring", "stdout"], "values": [{"value": "obs_dim = ", "step": null, "ts": 1643096056.351758}]}, "version": 44}
{"obj": {"type": "LogStrings", "path": ["monitoring", "stdout"], "values": [{"value": " ", "step": null, "ts": 1643096056.352069}]}, "version": 45}
{"obj": {"type": "LogStrings", "path": ["monitoring", "stdout"], "values": [{"value": "11", "step": null, "ts": 1643096056.3521516}]}, "version": 46}
{"obj": {"type": "LogStrings", "path": ["monitoring", "stdout"], "values": [{"value": "\n", "step": null, "ts": 1643096056.3525853}]}, "version": 47}
{"obj": {"type": "LogStrings", "path": ["monitoring", "stdout"], "values": [{"value": "act_dim = ", "step": null, "ts": 1643096056.3527944}]}, "version": 48}
{"obj": {"type": "LogStrings", "path": ["monitoring", "stdout"], "values": [{"value": " ", "step": null, "ts": 1643096056.3529215}]}, "version": 49}
{"obj": {"type": "LogStrings", "path": ["monitoring", "stdout"], "values": [{"value": "1", "step": null, "ts": 1643096056.353032}]}, "version": 50}
{"obj": {"type": "LogStrings", "path": ["monitoring", "stdout"], "values": [{"value": "\n", "step": null, "ts": 1643096056.3531446}]}, "version": 51}
{"obj": {"type": "LogStrings", "path": ["monitoring", "stdout"], "values": [{"value": "act_limit = ", "step": null, "ts": 1643096056.353322}]}, "version": 52}
{"obj": {"type": "LogStrings", "path": ["monitoring", "stdout"], "values": [{"value": " ", "step": null, "ts": 1643096056.353437}]}, "version": 53}
{"obj": {"type": "LogStrings", "path": ["monitoring", "stdout"], "values": [{"value": "1.0", "step": null, "ts": 1643096056.3536346}]}, "version": 54}
{"obj": {"type": "LogStrings", "path": ["monitoring", "stdout"], "values": [{"value": "\n", "step": null, "ts": 1643096056.353749}]}, "version": 55}
{"obj": {"type": "LogStrings", "path": ["monitoring", "stdout"], "values": [{"value": "\rsteps: :[                                        ]1%\t1000/300000\tmain of rewards = 9.352394\ttime remain = 0:04:33.579300\ttime cost = 0:00:00.911931", "step": null, "ts": 1643096058.9623468}]}, "version": 56}
{"obj": {"type": "LogFloats", "path": ["train", "reward"], "values": [{"value": 9.352393971859788, "step": null, "ts": 1643096058.9629784}]}, "version": 57}
{"obj": {"type": "LogStrings", "path": ["monitoring", "stdout"], "values": [{"value": "\rsteps: :[                                        ]1%\t1050/300000\tmain of rewards = 9.119130\ttime remain = 0:05:43.658286\ttime cost = 0:00:01.202804", "step": null, "ts": 1643096059.2531815}]}, "version": 58}
{"obj": {"type": "LogFloats", "path": ["train", "reward"], "values": [{"value": 9.11913039492092, "step": null, "ts": 1643096059.2537644}]}, "version": 59}
{"obj": {"type": "LogStrings", "path": ["monitoring", "stdout"], "values": [{"value": "\rsteps: :[                                        ]1%\t1100/300000\tmain of rewards = 8.967062\ttime remain = 0:06:42.498818\ttime cost = 0:00:01.475829", "step": null, "ts": 1643096059.5262034}]}, "version": 60}
{"obj": {"type": "LogFloats", "path": ["train", "reward"], "values": [{"value": 8.967061749996008, "step": null, "ts": 1643096059.5268323}]}, "version": 61}
{"obj": {"type": "LogStrings", "path": ["monitoring", "stdout"], "values": [{"value": "\rsteps: :[                                        ]1%\t1150/300000\tmain of rewards = 8.941233\ttime remain = 0:07:36.588261\ttime cost = 0:00:01.750255", "step": null, "ts": 1643096059.8006682}]}, "version": 62}
{"obj": {"type": "LogFloats", "path": ["train", "reward"], "values": [{"value": 8.94123301741473, "step": null, "ts": 1643096059.8013072}]}, "version": 63}
{"obj": {"type": "LogStrings", "path": ["monitoring", "stdout"], "values": [{"value": "\rsteps: :[                                        ]1%\t1200/300000\tmain of rewards = 8.999064\ttime remain = 0:08:26.503000\ttime cost = 0:00:02.026012", "step": null, "ts": 1643096060.0763996}]}, "version": 64}
{"obj": {"type": "LogFloats", "path": ["train", "reward"], "values": [{"value": 8.99906412716928, "step": null, "ts": 1643096060.076952}]}, "version": 65}
{"obj": {"type": "LogStrings", "path": ["monitoring", "stdout"], "values": [{"value": "\rsteps: :[                                        ]1%\t1250/300000\tmain of rewards = 8.996970\ttime remain = 0:09:13.132560\ttime cost = 0:00:02.304719", "step": null, "ts": 1643096060.3550937}]}, "version": 66}
{"obj": {"type": "LogFloats", "path": ["train", "reward"], "values": [{"value": 8.996969743112345, "step": null, "ts": 1643096060.3557456}]}, "version": 67}
{"obj": {"type": "LogStrings", "path": ["monitoring", "stdout"], "values": [{"value": "\rsteps: :[                                        ]1%\t1300/300000\tmain of rewards = 9.006232\ttime remain = 0:09:57.272077\ttime cost = 0:00:02.588179", "step": null, "ts": 1643096060.6385658}]}, "version": 68}
{"obj": {"type": "LogFloats", "path": ["train", "reward"], "values": [{"value": 9.006231907335302, "step": null, "ts": 1643096060.6391504}]}, "version": 69}
{"obj": {"type": "LogStrings", "path": ["monitoring", "stdout"], "values": [{"value": "\rsteps: :[                                        ]1%\t1350/300000\tmain of rewards = 9.157250\ttime remain = 0:10:38.970667\ttime cost = 0:00:02.875368", "step": null, "ts": 1643096060.9257433}]}, "version": 70}
{"obj": {"type": "LogFloats", "path": ["train", "reward"], "values": [{"value": 9.157249809885744, "step": null, "ts": 1643096060.926347}]}, "version": 71}
{"obj": {"type": "LogStrings", "path": ["monitoring", "stdout"], "values": [{"value": "\rsteps: :[                                        ]1%\t1400/300000\tmain of rewards = 9.148891\ttime remain = 0:11:14.839929\ttime cost = 0:00:03.149253", "step": null, "ts": 1643096061.1996284}]}, "version": 72}
{"obj": {"type": "LogFloats", "path": ["train", "reward"], "values": [{"value": 9.148890910459025, "step": null, "ts": 1643096061.2001348}]}, "version": 73}
{"obj": {"type": "LogStrings", "path": ["monitoring", "stdout"], "values": [{"value": "\rsteps: :[                                        ]1%\t1450/300000\tmain of rewards = 9.011254\ttime remain = 0:11:49.601379\ttime cost = 0:00:03.429740", "step": null, "ts": 1643096061.4801161}]}, "version": 74}
{"obj": {"type": "LogFloats", "path": ["train", "reward"], "values": [{"value": 9.011253692374797, "step": null, "ts": 1643096061.4807372}]}, "version": 75}
{"obj": {"type": "LogStrings", "path": ["monitoring", "stdout"], "values": [{"value": "\rsteps: :[                                        ]1%\t1500/300000\tmain of rewards = 9.154547\ttime remain = 0:12:24.222800\ttime cost = 0:00:03.721114", "step": null, "ts": 1643096061.7714932}]}, "version": 76}
{"obj": {"type": "LogFloats", "path": ["train", "reward"], "values": [{"value": 9.15454738606386, "step": null, "ts": 1643096061.7721074}]}, "version": 77}
{"obj": {"type": "LogStrings", "path": ["monitoring", "stdout"], "values": [{"value": "\rsteps: :[                                        ]1%\t1550/300000\tmain of rewards = 9.009539\ttime remain = 0:12:52.482387\ttime cost = 0:00:03.991159", "step": null, "ts": 1643096062.0415347}]}, "version": 78}
{"obj": {"type": "LogFloats", "path": ["train", "reward"], "values": [{"value": 9.009538557435093, "step": null, "ts": 1643096062.0420897}]}, "version": 79}
{"obj": {"type": "LogStrings", "path": ["monitoring", "stdout"], "values": [{"value": "\rsteps: :[                                        ]1%\t1600/300000\tmain of rewards = 9.003282\ttime remain = 0:13:20.421938\ttime cost = 0:00:04.268917", "step": null, "ts": 1643096062.3192906}]}, "version": 80}
{"obj": {"type": "LogFloats", "path": ["train", "reward"], "values": [{"value": 9.003282269763037, "step": null, "ts": 1643096062.3199062}]}, "version": 81}
{"obj": {"type": "LogStrings", "path": ["monitoring", "stdout"], "values": [{"value": "\rsteps: :[                                        ]1%\t1650/300000\tmain of rewards = 9.003801\ttime remain = 0:13:45.672727\ttime cost = 0:00:04.541200", "step": null, "ts": 1643096062.5915747}]}, "version": 82}
{"obj": {"type": "LogFloats", "path": ["train", "reward"], "values": [{"value": 9.003801079198492, "step": null, "ts": 1643096062.592162}]}, "version": 83}
{"obj": {"type": "LogStrings", "path": ["monitoring", "stdout"], "values": [{"value": "\rsteps: :[                                        ]1%\t1700/300000\tmain of rewards = 9.121616\ttime remain = 0:14:10.301647\ttime cost = 0:00:04.818376", "step": null, "ts": 1643096062.8687503}]}, "version": 84}
{"obj": {"type": "LogFloats", "path": ["train", "reward"], "values": [{"value": 9.121616459723258, "step": null, "ts": 1643096062.8693538}]}, "version": 85}
{"obj": {"type": "LogStrings", "path": ["monitoring", "stdout"], "values": [{"value": "\rsteps: :[                                        ]1%\t1750/300000\tmain of rewards = 9.133409\ttime remain = 0:14:32.656971\ttime cost = 0:00:05.090499", "step": null, "ts": 1643096063.1408763}]}, "version": 86}
{"obj": {"type": "LogFloats", "path": ["train", "reward"], "values": [{"value": 9.13340891927599, "step": null, "ts": 1643096063.1414256}]}, "version": 87}
{"obj": {"type": "LogStrings", "path": ["monitoring", "stdout"], "values": [{"value": "\rsteps: :[                                        ]1%\t1800/300000\tmain of rewards = 9.001845\ttime remain = 0:14:54.560000\ttime cost = 0:00:05.367360", "step": null, "ts": 1643096063.4177363}]}, "version": 88}
{"obj": {"type": "LogFloats", "path": ["train", "reward"], "values": [{"value": 9.001845076942182, "step": null, "ts": 1643096063.4183073}]}, "version": 89}
{"obj": {"type": "LogStrings", "path": ["monitoring", "stdout"], "values": [{"value": "\rsteps: :[                                        ]1%\t1850/300000\tmain of rewards = 8.985711\ttime remain = 0:15:15.208541\ttime cost = 0:00:05.643786", "step": null, "ts": 1643096063.6941614}]}, "version": 90}
{"obj": {"type": "LogFloats", "path": ["train", "reward"], "values": [{"value": 8.985710926053237, "step": null, "ts": 1643096063.6947193}]}, "version": 91}
{"obj": {"type": "LogStrings", "path": ["monitoring", "stdout"], "values": [{"value": "\rsteps: :[                                        ]1%\t1900/300000\tmain of rewards = 8.983946\ttime remain = 0:15:35.526316\ttime cost = 0:00:05.925000", "step": null, "ts": 1643096063.9753852}]}, "version": 92}
{"obj": {"type": "LogFloats", "path": ["train", "reward"], "values": [{"value": 8.983946013604891, "step": null, "ts": 1643096063.975951}]}, "version": 93}
{"obj": {"type": "LogStrings", "path": ["monitoring", "stdout"], "values": [{"value": "\rsteps: :[                                        ]1%\t1950/300000\tmain of rewards = 8.950144\ttime remain = 0:15:53.718000\ttime cost = 0:00:06.199167", "step": null, "ts": 1643096064.249544}]}, "version": 94}
{"obj": {"type": "LogFloats", "path": ["train", "reward"], "values": [{"value": 8.950143763503865, "step": null, "ts": 1643096064.2502553}]}, "version": 95}
{"obj": {"type": "LogStrings", "path": ["monitoring", "stdout"], "values": [{"value": "\rsteps: :[                                        ]1%\t2000/300000\tmain of rewards = 9.224643\ttime remain = 0:16:11.877150\ttime cost = 0:00:06.479181", "step": null, "ts": 1643096064.5295556}]}, "version": 96}
{"obj": {"type": "LogFloats", "path": ["train", "reward"], "values": [{"value": 9.224643449392747, "step": null, "ts": 1643096064.530195}]}, "version": 97}
{"obj": {"type": "LogStrings", "path": ["monitoring", "stdout"], "values": [{"value": "\rsteps: :[                                        ]1%\t2050/300000\tmain of rewards = 9.032434\ttime remain = 0:16:28.547268\ttime cost = 0:00:06.755073", "step": null, "ts": 1643096064.8055007}]}, "version": 98}
{"obj": {"type": "LogFloats", "path": ["train", "reward"], "values": [{"value": 9.03243353389314, "step": null, "ts": 1643096064.8062172}]}, "version": 99}
{"obj": {"type": "LogStrings", "path": ["monitoring", "stdout"], "values": [{"value": "\rsteps: :[                                        ]1%\t2100/300000\tmain of rewards = 9.297360\ttime remain = 0:16:45.028286\ttime cost = 0:00:07.035198", "step": null, "ts": 1643096065.0855732}]}, "version": 100}
{"obj": {"type": "LogFloats", "path": ["train", "reward"], "values": [{"value": 9.297360338912561, "step": null, "ts": 1643096065.086168}]}, "version": 101}
{"obj": {"type": "LogStrings", "path": ["monitoring", "stdout"], "values": [{"value": "\rsteps: :[                                        ]1%\t2150/300000\tmain of rewards = 9.058851\ttime remain = 0:17:01.379860\ttime cost = 0:00:07.319889", "step": null, "ts": 1643096065.3702655}]}, "version": 102}
{"obj": {"type": "LogFloats", "path": ["train", "reward"], "values": [{"value": 9.058851372827677, "step": null, "ts": 1643096065.37086}]}, "version": 103}
{"obj": {"type": "LogFloats", "path": ["monitoring", "cpu"], "values": [{"value": 17.7, "step": null, "ts": 1643096065.487846}]}, "version": 104}
{"obj": {"type": "LogFloats", "path": ["monitoring", "memory"], "values": [{"value": 24.0260009765625, "step": null, "ts": 1643096065.487846}]}, "version": 105}
{"obj": {"type": "LogFloats", "path": ["monitoring", "gpu"], "values": [{"value": 28.0, "step": null, "ts": 1643096065.487846}]}, "version": 106}
{"obj": {"type": "LogFloats", "path": ["monitoring", "gpu_memory"], "values": [{"value": 1.208984375, "step": null, "ts": 1643096065.487846}]}, "version": 107}
{"obj": {"type": "LogStrings", "path": ["monitoring", "stdout"], "values": [{"value": "\rsteps: :[                                        ]1%\t2200/300000\tmain of rewards = 9.325863\ttime remain = 0:17:15.751773\ttime cost = 0:00:07.595513", "step": null, "ts": 1643096065.6459439}]}, "version": 108}
{"obj": {"type": "LogFloats", "path": ["train", "reward"], "values": [{"value": 9.325862744008893, "step": null, "ts": 1643096065.6466584}]}, "version": 109}
{"obj": {"type": "LogStrings", "path": ["monitoring", "stdout"], "values": [{"value": "\rsteps: :[                                        ]1%\t2250/300000\tmain of rewards = 9.087191\ttime remain = 0:17:30.141200\ttime cost = 0:00:07.876059", "step": null, "ts": 1643096065.9264371}]}, "version": 110}
{"obj": {"type": "LogFloats", "path": ["train", "reward"], "values": [{"value": 9.087191259174693, "step": null, "ts": 1643096065.9269924}]}, "version": 111}
{"obj": {"type": "LogStrings", "path": ["monitoring", "stdout"], "values": [{"value": "\rsteps: :[                                        ]1%\t2300/300000\tmain of rewards = 9.145533\ttime remain = 0:17:47.941565\ttime cost = 0:00:08.187552", "step": null, "ts": 1643096066.237947}]}, "version": 112}
{"obj": {"type": "LogFloats", "path": ["train", "reward"], "values": [{"value": 9.145533334305782, "step": null, "ts": 1643096066.2384727}]}, "version": 113}
{"obj": {"type": "LogStrings", "path": ["monitoring", "stdout"], "values": [{"value": "\rsteps: :[                                        ]1%\t2350/300000\tmain of rewards = 8.960457\ttime remain = 0:18:03.997404\ttime cost = 0:00:08.491313", "step": null, "ts": 1643096066.541693}]}, "version": 114}
{"obj": {"type": "LogFloats", "path": ["train", "reward"], "values": [{"value": 8.960456999720872, "step": null, "ts": 1643096066.5422776}]}, "version": 115}
{"obj": {"type": "LogStrings", "path": ["monitoring", "stdout"], "values": [{"value": "\rsteps: :[                                        ]1%\t2400/300000\tmain of rewards = 9.149774\ttime remain = 0:18:22.457500\ttime cost = 0:00:08.819660", "step": null, "ts": 1643096066.8700402}]}, "version": 116}
{"obj": {"type": "LogFloats", "path": ["train", "reward"], "values": [{"value": 9.149774484799696, "step": null, "ts": 1643096066.872768}]}, "version": 117}
{"obj": {"type": "LogStrings", "path": ["monitoring", "stdout"], "values": [{"value": "\rsteps: :[                                        ]1%\t2450/300000\tmain of rewards = 8.966454\ttime remain = 0:18:36.264367\ttime cost = 0:00:09.116159", "step": null, "ts": 1643096067.1665423}]}, "version": 118}
{"obj": {"type": "LogFloats", "path": ["train", "reward"], "values": [{"value": 8.966454361103303, "step": null, "ts": 1643096067.1671937}]}, "version": 119}
{"obj": {"type": "LogStrings", "path": ["monitoring", "stdout"], "values": [{"value": "\rsteps: :[                                        ]1%\t2500/300000\tmain of rewards = 9.190995\ttime remain = 0:18:47.578680\ttime cost = 0:00:09.396489", "step": null, "ts": 1643096067.446865}]}, "version": 120}
{"obj": {"type": "LogFloats", "path": ["train", "reward"], "values": [{"value": 9.190994768523232, "step": null, "ts": 1643096067.4474788}]}, "version": 121}
{"obj": {"type": "LogStrings", "path": ["monitoring", "stdout"], "values": [{"value": "\rsteps: :[                                        ]1%\t2550/300000\tmain of rewards = 8.993802\ttime remain = 0:18:59.385765\ttime cost = 0:00:09.684779", "step": null, "ts": 1643096067.7351632}]}, "version": 122}
{"obj": {"type": "LogFloats", "path": ["train", "reward"], "values": [{"value": 8.993801898489263, "step": null, "ts": 1643096067.7357419}]}, "version": 123}
{"obj": {"type": "LogStrings", "path": ["monitoring", "stdout"], "values": [{"value": "\rsteps: :[                                        ]1%\t2600/300000\tmain of rewards = 9.193644\ttime remain = 0:19:13.736769\ttime cost = 0:00:09.999052", "step": null, "ts": 1643096068.0495973}]}, "version": 124}
{"obj": {"type": "LogFloats", "path": ["train", "reward"], "values": [{"value": 9.193644163506434, "step": null, "ts": 1643096068.0500221}]}, "version": 125}
{"obj": {"type": "LogStrings", "path": ["monitoring", "stdout"], "values": [{"value": "\rsteps: :[                                        ]1%\t2650/300000\tmain of rewards = 8.968519\ttime remain = 0:19:24.894000\ttime cost = 0:00:10.289897", "step": null, "ts": 1643096068.3402753}]}, "version": 126}
{"obj": {"type": "LogFloats", "path": ["train", "reward"], "values": [{"value": 8.96851918917935, "step": null, "ts": 1643096068.340818}]}, "version": 127}
{"obj": {"type": "LogStrings", "path": ["monitoring", "stdout"], "values": [{"value": "\rsteps: :[                                        ]1%\t2700/300000\tmain of rewards = 9.195962\ttime remain = 0:19:35.133444\ttime cost = 0:00:10.576201", "step": null, "ts": 1643096068.6265764}]}, "version": 128}
{"obj": {"type": "LogFloats", "path": ["train", "reward"], "values": [{"value": 9.19596217705541, "step": null, "ts": 1643096068.6271682}]}, "version": 129}
{"obj": {"type": "LogStrings", "path": ["monitoring", "stdout"], "values": [{"value": "\rsteps: :[                                        ]1%\t2750/300000\tmain of rewards = 8.991134\ttime remain = 0:19:43.678909\ttime cost = 0:00:10.850390", "step": null, "ts": 1643096068.9008255}]}, "version": 130}
{"obj": {"type": "LogFloats", "path": ["train", "reward"], "values": [{"value": 8.991133932264654, "step": null, "ts": 1643096068.9014523}]}, "version": 131}
{"obj": {"type": "LogStrings", "path": ["monitoring", "stdout"], "values": [{"value": "\rsteps: :[                                        ]1%\t2800/300000\tmain of rewards = 9.189594\ttime remain = 0:19:52.720607\ttime cost = 0:00:11.132059", "step": null, "ts": 1643096069.1824322}]}, "version": 132}
{"obj": {"type": "LogFloats", "path": ["train", "reward"], "values": [{"value": 9.189594240554207, "step": null, "ts": 1643096069.183059}]}, "version": 133}
{"obj": {"type": "LogStrings", "path": ["monitoring", "stdout"], "values": [{"value": "\rsteps: :[                                        ]1%\t2850/300000\tmain of rewards = 9.106267\ttime remain = 0:20:00.526526\ttime cost = 0:00:11.405002", "step": null, "ts": 1643096069.4554248}]}, "version": 134}
{"obj": {"type": "LogFloats", "path": ["train", "reward"], "values": [{"value": 9.106267395119735, "step": null, "ts": 1643096069.4560905}]}, "version": 135}
{"obj": {"type": "LogStrings", "path": ["monitoring", "stdout"], "values": [{"value": "\rsteps: :[                                        ]1%\t2900/300000\tmain of rewards = 9.348660\ttime remain = 0:20:08.229207\ttime cost = 0:00:11.679549", "step": null, "ts": 1643096069.7299716}]}, "version": 136}
{"obj": {"type": "LogFloats", "path": ["train", "reward"], "values": [{"value": 9.348660223326572, "step": null, "ts": 1643096069.7304857}]}, "version": 137}
{"obj": {"type": "LogStrings", "path": ["monitoring", "stdout"], "values": [{"value": "\rsteps: :[                                        ]1%\t2950/300000\tmain of rewards = 9.227964\ttime remain = 0:20:15.065898\ttime cost = 0:00:11.948148", "step": null, "ts": 1643096069.9985223}]}, "version": 138}
{"obj": {"type": "LogFloats", "path": ["train", "reward"], "values": [{"value": 9.22796401466087, "step": null, "ts": 1643096069.9991448}]}, "version": 139}
{"obj": {"type": "LogFloats", "path": ["test", "reward"], "values": [{"value": 8.990451435824298, "step": null, "ts": 1643096070.278863}]}, "version": 140}
{"obj": {"type": "LogFloats", "path": ["test", "reward"], "values": [{"value": 9.031360972857424, "step": null, "ts": 1643096070.2808678}]}, "version": 141}
{"obj": {"type": "LogFloats", "path": ["test", "reward"], "values": [{"value": 9.057804544293038, "step": null, "ts": 1643096070.2828403}]}, "version": 142}
{"obj": {"type": "LogFloats", "path": ["test", "reward"], "values": [{"value": 9.039027270868171, "step": null, "ts": 1643096070.2848792}]}, "version": 143}
{"obj": {"type": "LogFloats", "path": ["test", "reward"], "values": [{"value": 9.050182676249804, "step": null, "ts": 1643096070.287338}]}, "version": 144}
{"obj": {"type": "LogFloats", "path": ["test", "reward"], "values": [{"value": 9.047629932630294, "step": null, "ts": 1643096070.2893112}]}, "version": 145}
{"obj": {"type": "LogFloats", "path": ["test", "reward"], "values": [{"value": 9.01872096514358, "step": null, "ts": 1643096070.2913032}]}, "version": 146}
{"obj": {"type": "LogFloats", "path": ["test", "reward"], "values": [{"value": 9.05047640720424, "step": null, "ts": 1643096070.2932413}]}, "version": 147}
{"obj": {"type": "LogFloats", "path": ["test", "reward"], "values": [{"value": 9.01044224800016, "step": null, "ts": 1643096070.2952306}]}, "version": 148}
{"obj": {"type": "LogFloats", "path": ["test", "reward"], "values": [{"value": 9.016175373597168, "step": null, "ts": 1643096070.2971764}]}, "version": 149}
{"obj": {"type": "LogStrings", "path": ["monitoring", "stdout"], "values": [{"value": "\rsteps: :[                                        ]1%\t3000/300000\tmain of rewards = 9.039027\ttime remain = 0:20:24.792900\ttime cost = 0:00:12.247929", "step": null, "ts": 1643096070.2982934}]}, "version": 150}
{"obj": {"type": "LogFloats", "path": ["train", "reward"], "values": [{"value": 9.039026921822433, "step": null, "ts": 1643096070.2988248}]}, "version": 151}
{"obj": {"type": "LogStrings", "path": ["monitoring", "stdout"], "values": [{"value": "\rsteps: :[                                        ]2%\t3050/300000\tmain of rewards = 9.355679\ttime remain = 0:20:32.127836\ttime cost = 0:00:12.526633", "step": null, "ts": 1643096070.5770361}]}, "version": 152}
{"obj": {"type": "LogFloats", "path": ["train", "reward"], "values": [{"value": 9.355679001354547, "step": null, "ts": 1643096070.57761}]}, "version": 153}
{"obj": {"type": "LogStrings", "path": ["monitoring", "stdout"], "values": [{"value": "\rsteps: :[                                        ]2%\t3100/300000\tmain of rewards = 8.918633\ttime remain = 0:20:39.543484\ttime cost = 0:00:12.808616", "step": null, "ts": 1643096070.8591397}]}, "version": 154}
{"obj": {"type": "LogFloats", "path": ["train", "reward"], "values": [{"value": 8.918633323359003, "step": null, "ts": 1643096070.8595583}]}, "version": 155}
{"obj": {"type": "LogStrings", "path": ["monitoring", "stdout"], "values": [{"value": "\rsteps: :[                                        ]2%\t3150/300000\tmain of rewards = 9.246757\ttime remain = 0:20:47.087810\ttime cost = 0:00:13.094422", "step": null, "ts": 1643096071.1447978}]}, "version": 156}
{"obj": {"type": "LogFloats", "path": ["train", "reward"], "values": [{"value": 9.24675738568318, "step": null, "ts": 1643096071.1454272}]}, "version": 157}
{"obj": {"type": "LogStrings", "path": ["monitoring", "stdout"], "values": [{"value": "\rsteps: :[                                        ]2%\t3200/300000\tmain of rewards = 9.007176\ttime remain = 0:20:54.193313\ttime cost = 0:00:13.378062", "step": null, "ts": 1643096071.4284394}]}, "version": 158}
{"obj": {"type": "LogFloats", "path": ["train", "reward"], "values": [{"value": 9.007176165131035, "step": null, "ts": 1643096071.4289987}]}, "version": 159}
{"obj": {"type": "LogStrings", "path": ["monitoring", "stdout"], "values": [{"value": "\rsteps: :[                                        ]2%\t3250/300000\tmain of rewards = 9.234356\ttime remain = 0:21:01.494923\ttime cost = 0:00:13.666195", "step": null, "ts": 1643096071.7165902}]}, "version": 160}
{"obj": {"type": "LogFloats", "path": ["train", "reward"], "values": [{"value": 9.234356484322703, "step": null, "ts": 1643096071.7171865}]}, "version": 161}
{"obj": {"type": "LogStrings", "path": ["monitoring", "stdout"], "values": [{"value": "\rsteps: :[                                        ]2%\t3300/300000\tmain of rewards = 9.018573\ttime remain = 0:21:08.297545\ttime cost = 0:00:13.951273", "step": null, "ts": 1643096072.0016825}]}, "version": 162}
{"obj": {"type": "LogFloats", "path": ["train", "reward"], "values": [{"value": 9.018572896131554, "step": null, "ts": 1643096072.002428}]}, "version": 163}
{"obj": {"type": "LogStrings", "path": ["monitoring", "stdout"], "values": [{"value": "\rsteps: :[                                        ]2%\t3350/300000\tmain of rewards = 8.780833\ttime remain = 0:21:15.548955\ttime cost = 0:00:14.243630", "step": null, "ts": 1643096072.294009}]}, "version": 164}
{"obj": {"type": "LogFloats", "path": ["train", "reward"], "values": [{"value": 8.780832782663737, "step": null, "ts": 1643096072.294589}]}, "version": 165}
{"obj": {"type": "LogStrings", "path": ["monitoring", "stdout"], "values": [{"value": "\rsteps: :[                                        ]2%\t3400/300000\tmain of rewards = 9.010535\ttime remain = 0:21:22.840500\ttime cost = 0:00:14.538859", "step": null, "ts": 1643096072.589383}]}, "version": 166}
{"obj": {"type": "LogFloats", "path": ["train", "reward"], "values": [{"value": 9.010534512277294, "step": null, "ts": 1643096072.5897524}]}, "version": 167}
{"obj": {"type": "LogStrings", "path": ["monitoring", "stdout"], "values": [{"value": "\rsteps: :[                                        ]2%\t3450/300000\tmain of rewards = 8.931688\ttime remain = 0:21:33.240609\ttime cost = 0:00:14.872267", "step": null, "ts": 1643096072.9228141}]}, "version": 168}
{"obj": {"type": "LogFloats", "path": ["train", "reward"], "values": [{"value": 8.931688042121117, "step": null, "ts": 1643096072.9232585}]}, "version": 169}
{"obj": {"type": "LogStrings", "path": ["monitoring", "stdout"], "values": [{"value": "\rsteps: :[                                        ]2%\t3500/300000\tmain of rewards = 9.143799\ttime remain = 0:21:48.200743\ttime cost = 0:00:15.262342", "step": null, "ts": 1643096073.3127315}]}, "version": 170}
{"obj": {"type": "LogFloats", "path": ["train", "reward"], "values": [{"value": 9.143799401866993, "step": null, "ts": 1643096073.3133175}]}, "version": 171}
{"obj": {"type": "LogStrings", "path": ["monitoring", "stdout"], "values": [{"value": "\rsteps: :[                                        ]2%\t3550/300000\tmain of rewards = 9.145443\ttime remain = 0:22:01.821127\ttime cost = 0:00:15.641550", "step": null, "ts": 1643096073.6920757}]}, "version": 172}
{"obj": {"type": "LogFloats", "path": ["train", "reward"], "values": [{"value": 9.145442900803667, "step": null, "ts": 1643096073.6925526}]}, "version": 173}
{"obj": {"type": "LogStrings", "path": ["monitoring", "stdout"], "values": [{"value": "\rsteps: :[                                        ]2%\t3600/300000\tmain of rewards = 9.134054\ttime remain = 0:22:09.502750\ttime cost = 0:00:15.954033", "step": null, "ts": 1643096074.0044117}]}, "version": 174}
{"obj": {"type": "LogFloats", "path": ["train", "reward"], "values": [{"value": 9.134053605733794, "step": null, "ts": 1643096074.00505}]}, "version": 175}
{"obj": {"type": "LogStrings", "path": ["monitoring", "stdout"], "values": [{"value": "\rsteps: :[                                        ]2%\t3650/300000\tmain of rewards = 9.012178\ttime remain = 0:22:18.830630\ttime cost = 0:00:16.289106", "step": null, "ts": 1643096074.339486}]}, "version": 176}
{"obj": {"type": "LogFloats", "path": ["train", "reward"], "values": [{"value": 9.01217782877532, "step": null, "ts": 1643096074.3401048}]}, "version": 177}
{"obj": {"type": "LogStrings", "path": ["monitoring", "stdout"], "values": [{"value": "\rsteps: :[                                        ]2%\t3700/300000\tmain of rewards = 8.989402\ttime remain = 0:22:30.198486\ttime cost = 0:00:16.652448", "step": null, "ts": 1643096074.7028584}]}, "version": 178}
{"obj": {"type": "LogFloats", "path": ["train", "reward"], "values": [{"value": 8.989401854568099, "step": null, "ts": 1643096074.7035687}]}, "version": 179}
{"obj": {"type": "LogStrings", "path": ["monitoring", "stdout"], "values": [{"value": "\rsteps: :[                                        ]2%\t3750/300000\tmain of rewards = 8.962971\ttime remain = 0:22:36.982160\ttime cost = 0:00:16.962277", "step": null, "ts": 1643096075.012894}]}, "version": 180}
{"obj": {"type": "LogFloats", "path": ["train", "reward"], "values": [{"value": 8.96297075884997, "step": null, "ts": 1643096075.013414}]}, "version": 181}
{"obj": {"type": "LogStrings", "path": ["monitoring", "stdout"], "values": [{"value": "\rsteps: :[                                        ]2%\t3800/300000\tmain of rewards = 8.754787\ttime remain = 0:22:42.516789\ttime cost = 0:00:17.258546", "step": null, "ts": 1643096075.3089526}]}, "version": 182}
{"obj": {"type": "LogFloats", "path": ["train", "reward"], "values": [{"value": 8.754787277377064, "step": null, "ts": 1643096075.3097332}]}, "version": 183}
{"obj": {"type": "LogFloats", "path": ["monitoring", "cpu"], "values": [{"value": 22.5, "step": null, "ts": 1643096075.4889538}]}, "version": 184}
{"obj": {"type": "LogFloats", "path": ["monitoring", "memory"], "values": [{"value": 24.099437713623047, "step": null, "ts": 1643096075.4889538}]}, "version": 185}
{"obj": {"type": "LogFloats", "path": ["monitoring", "gpu"], "values": [{"value": 23.0, "step": null, "ts": 1643096075.4889538}]}, "version": 186}
{"obj": {"type": "LogFloats", "path": ["monitoring", "gpu_memory"], "values": [{"value": 1.212890625, "step": null, "ts": 1643096075.4889538}]}, "version": 187}
{"obj": {"type": "LogStrings", "path": ["monitoring", "stdout"], "values": [{"value": "\rsteps: :[                                        ]2%\t3850/300000\tmain of rewards = 9.136095\ttime remain = 0:22:48.939117\ttime cost = 0:00:17.568052", "step": null, "ts": 1643096075.6184292}]}, "version": 188}
{"obj": {"type": "LogFloats", "path": ["train", "reward"], "values": [{"value": 9.13609467482313, "step": null, "ts": 1643096075.6189575}]}, "version": 189}
{"obj": {"type": "LogStrings", "path": ["monitoring", "stdout"], "values": [{"value": "\rsteps: :[                                        ]2%\t3900/300000\tmain of rewards = 9.005616\ttime remain = 0:22:55.508077\ttime cost = 0:00:17.881605", "step": null, "ts": 1643096075.9319887}]}, "version": 190}
{"obj": {"type": "LogFloats", "path": ["train", "reward"], "values": [{"value": 9.005616262140972, "step": null, "ts": 1643096075.932657}]}, "version": 191}
{"obj": {"type": "LogStrings", "path": ["monitoring", "stdout"], "values": [{"value": "\rsteps: :[                                        ]2%\t3950/300000\tmain of rewards = 9.162083\ttime remain = 0:23:02.027924\ttime cost = 0:00:18.196701", "step": null, "ts": 1643096076.2470841}]}, "version": 192}
{"obj": {"type": "LogFloats", "path": ["train", "reward"], "values": [{"value": 9.162082947036568, "step": null, "ts": 1643096076.2477155}]}, "version": 193}
{"obj": {"type": "LogStrings", "path": ["monitoring", "stdout"], "values": [{"value": "\rsteps: :[                                        ]2%\t4000/300000\tmain of rewards = 9.147211\ttime remain = 0:23:05.567775\ttime cost = 0:00:18.474237", "step": null, "ts": 1643096076.5246143}]}, "version": 194}
{"obj": {"type": "LogFloats", "path": ["train", "reward"], "values": [{"value": 9.147211192885667, "step": null, "ts": 1643096076.5252342}]}, "version": 195}
{"obj": {"type": "LogStrings", "path": ["monitoring", "stdout"], "values": [{"value": "\rsteps: :[                                        ]2%\t4050/300000\tmain of rewards = 9.156629\ttime remain = 0:23:10.614667\ttime cost = 0:00:18.773298", "step": null, "ts": 1643096076.8236833}]}, "version": 196}
{"obj": {"type": "LogFloats", "path": ["train", "reward"], "values": [{"value": 9.156629315095559, "step": null, "ts": 1643096076.8243277}]}, "version": 197}
{"obj": {"type": "LogStrings", "path": ["monitoring", "stdout"], "values": [{"value": "\rsteps: :[                                        ]2%\t4100/300000\tmain of rewards = 9.299723\ttime remain = 0:23:16.095659\ttime cost = 0:00:19.079974", "step": null, "ts": 1643096077.1303735}]}, "version": 198}
{"obj": {"type": "LogFloats", "path": ["train", "reward"], "values": [{"value": 9.299723034169697, "step": null, "ts": 1643096077.1312003}]}, "version": 199}
{"obj": {"type": "LogStrings", "path": ["monitoring", "stdout"], "values": [{"value": "\rsteps: :[                                        ]2%\t4150/300000\tmain of rewards = 8.752658\ttime remain = 0:23:21.585398\ttime cost = 0:00:19.388598", "step": null, "ts": 1643096077.4389827}]}, "version": 200}
{"obj": {"type": "LogFloats", "path": ["train", "reward"], "values": [{"value": 8.75265832726769, "step": null, "ts": 1643096077.4396675}]}, "version": 201}
{"obj": {"type": "LogStrings", "path": ["monitoring", "stdout"], "values": [{"value": "\rsteps: :[                                        ]2%\t4200/300000\tmain of rewards = 9.146387\ttime remain = 0:23:24.923786\ttime cost = 0:00:19.668933", "step": null, "ts": 1643096077.7193131}]}, "version": 202}
{"obj": {"type": "LogFloats", "path": ["train", "reward"], "values": [{"value": 9.146387230398204, "step": null, "ts": 1643096077.719933}]}, "version": 203}
{"obj": {"type": "LogStrings", "path": ["monitoring", "stdout"], "values": [{"value": "\rsteps: :[                                        ]2%\t4250/300000\tmain of rewards = 9.082008\ttime remain = 0:23:27.439200\ttime cost = 0:00:19.938722", "step": null, "ts": 1643096077.9890985}]}, "version": 204}
{"obj": {"type": "LogFloats", "path": ["train", "reward"], "values": [{"value": 9.082008364790696, "step": null, "ts": 1643096077.9895923}]}, "version": 205}
{"obj": {"type": "LogStrings", "path": ["monitoring", "stdout"], "values": [{"value": "\rsteps: :[                                        ]2%\t4300/300000\tmain of rewards = 9.121156\ttime remain = 0:23:29.913070\ttime cost = 0:00:20.208754", "step": null, "ts": 1643096078.2591298}]}, "version": 206}
{"obj": {"type": "LogFloats", "path": ["train", "reward"], "values": [{"value": 9.121155538906057, "step": null, "ts": 1643096078.2596524}]}, "version": 207}
{"obj": {"type": "LogStrings", "path": ["monitoring", "stdout"], "values": [{"value": "\rsteps: :[                                        ]2%\t4350/300000\tmain of rewards = 9.127638\ttime remain = 0:23:33.015034\ttime cost = 0:00:20.488718", "step": null, "ts": 1643096078.539246}]}, "version": 208}
{"obj": {"type": "LogFloats", "path": ["train", "reward"], "values": [{"value": 9.12763825530602, "step": null, "ts": 1643096078.5397422}]}, "version": 209}
{"obj": {"type": "LogStrings", "path": ["monitoring", "stdout"], "values": [{"value": "\rsteps: :[                                        ]2%\t4400/300000\tmain of rewards = 8.915244\ttime remain = 0:23:35.830636\ttime cost = 0:00:20.765516", "step": null, "ts": 1643096078.8160439}]}, "version": 210}
{"obj": {"type": "LogFloats", "path": ["train", "reward"], "values": [{"value": 8.915243966750102, "step": null, "ts": 1643096078.8164485}]}, "version": 211}
{"obj": {"type": "LogStrings", "path": ["monitoring", "stdout"], "values": [{"value": "\rsteps: :[                                        ]2%\t4450/300000\tmain of rewards = 9.134376\ttime remain = 0:23:37.262764\ttime cost = 0:00:21.022731", "step": null, "ts": 1643096079.073107}]}, "version": 212}
{"obj": {"type": "LogFloats", "path": ["train", "reward"], "values": [{"value": 9.13437649691075, "step": null, "ts": 1643096079.0736117}]}, "version": 213}
{"obj": {"type": "LogStrings", "path": ["monitoring", "stdout"], "values": [{"value": "\rsteps: :[                                        ]2%\t4500/300000\tmain of rewards = 8.987871\ttime remain = 0:23:38.709067\ttime cost = 0:00:21.280636", "step": null, "ts": 1643096079.3310094}]}, "version": 214}
{"obj": {"type": "LogFloats", "path": ["train", "reward"], "values": [{"value": 8.987871035584476, "step": null, "ts": 1643096079.3316264}]}, "version": 215}
{"obj": {"type": "LogStrings", "path": ["monitoring", "stdout"], "values": [{"value": "\rsteps: :[                                        ]2%\t4550/300000\tmain of rewards = 9.048165\ttime remain = 0:23:40.787802\ttime cost = 0:00:21.548615", "step": null, "ts": 1643096079.5989926}]}, "version": 216}
{"obj": {"type": "LogFloats", "path": ["train", "reward"], "values": [{"value": 9.04816499115558, "step": null, "ts": 1643096079.5995727}]}, "version": 217}
{"obj": {"type": "LogStrings", "path": ["monitoring", "stdout"], "values": [{"value": "\rsteps: :[                                        ]2%\t4600/300000\tmain of rewards = 9.061107\ttime remain = 0:23:42.364565\ttime cost = 0:00:21.809590", "step": null, "ts": 1643096079.8599665}]}, "version": 218}
{"obj": {"type": "LogFloats", "path": ["train", "reward"], "values": [{"value": 9.061107328572024, "step": null, "ts": 1643096079.8605413}]}, "version": 219}
{"obj": {"type": "LogStrings", "path": ["monitoring", "stdout"], "values": [{"value": "\rsteps: :[                                        ]2%\t4650/300000\tmain of rewards = 9.346382\ttime remain = 0:23:43.993032\ttime cost = 0:00:22.071892", "step": null, "ts": 1643096080.1222665}]}, "version": 220}
{"obj": {"type": "LogFloats", "path": ["train", "reward"], "values": [{"value": 9.34638232285705, "step": null, "ts": 1643096080.1228118}]}, "version": 221}
{"obj": {"type": "LogStrings", "path": ["monitoring", "stdout"], "values": [{"value": "\rsteps: :[                                        ]2%\t4700/300000\tmain of rewards = 9.175395\ttime remain = 0:23:45.262532\ttime cost = 0:00:22.329113", "step": null, "ts": 1643096080.3794875}]}, "version": 222}
{"obj": {"type": "LogFloats", "path": ["train", "reward"], "values": [{"value": 9.175394811829214, "step": null, "ts": 1643096080.3801038}]}, "version": 223}
{"obj": {"type": "LogStrings", "path": ["monitoring", "stdout"], "values": [{"value": "\rsteps: :[                                        ]2%\t4750/300000\tmain of rewards = 9.246224\ttime remain = 0:23:47.314358\ttime cost = 0:00:22.599144", "step": null, "ts": 1643096080.649519}]}, "version": 224}
{"obj": {"type": "LogFloats", "path": ["train", "reward"], "values": [{"value": 9.246224267962797, "step": null, "ts": 1643096080.6501515}]}, "version": 225}
{"obj": {"type": "LogStrings", "path": ["monitoring", "stdout"], "values": [{"value": "\rsteps: :[                                        ]2%\t4800/300000\tmain of rewards = 9.186965\ttime remain = 0:23:50.010812\ttime cost = 0:00:22.880173", "step": null, "ts": 1643096080.9305513}]}, "version": 226}
{"obj": {"type": "LogFloats", "path": ["train", "reward"], "values": [{"value": 9.186964754605125, "step": null, "ts": 1643096080.9311419}]}, "version": 227}
{"obj": {"type": "LogStrings", "path": ["monitoring", "stdout"], "values": [{"value": "\rsteps: :[                                        ]2%\t4850/300000\tmain of rewards = 9.065848\ttime remain = 0:23:52.099175\ttime cost = 0:00:23.152270", "step": null, "ts": 1643096081.2026448}]}, "version": 228}
{"obj": {"type": "LogFloats", "path": ["train", "reward"], "values": [{"value": 9.065847801379558, "step": null, "ts": 1643096081.2031522}]}, "version": 229}
{"obj": {"type": "LogStrings", "path": ["monitoring", "stdout"], "values": [{"value": "\rsteps: :[                                        ]2%\t4900/300000\tmain of rewards = 9.334766\ttime remain = 0:23:54.366490\ttime cost = 0:00:23.427986", "step": null, "ts": 1643096081.4783607}]}, "version": 230}
{"obj": {"type": "LogFloats", "path": ["train", "reward"], "values": [{"value": 9.334766113620303, "step": null, "ts": 1643096081.4789045}]}, "version": 231}
{"obj": {"type": "LogStrings", "path": ["monitoring", "stdout"], "values": [{"value": "\rsteps: :[                                        ]2%\t4950/300000\tmain of rewards = 9.342640\ttime remain = 0:23:56.979030\ttime cost = 0:00:23.710154", "step": null, "ts": 1643096081.7605295}]}, "version": 232}
{"obj": {"type": "LogFloats", "path": ["train", "reward"], "values": [{"value": 9.342639741674295, "step": null, "ts": 1643096081.7611609}]}, "version": 233}
{"obj": {"type": "LogStrings", "path": ["monitoring", "stdout"], "values": [{"value": "\rsteps: :[                                        ]2%\t5000/300000\tmain of rewards = 9.052535\ttime remain = 0:23:58.948800\ttime cost = 0:00:23.982480", "step": null, "ts": 1643096082.0328548}]}, "version": 234}
{"obj": {"type": "LogFloats", "path": ["train", "reward"], "values": [{"value": 9.052534755183302, "step": null, "ts": 1643096082.0336199}]}, "version": 235}
{"obj": {"type": "LogStrings", "path": ["monitoring", "stdout"], "values": [{"value": "\rsteps: :[                                        ]2%\t5050/300000\tmain of rewards = 9.035176\ttime remain = 0:24:01.160198\ttime cost = 0:00:24.259530", "step": null, "ts": 1643096082.3099623}]}, "version": 236}
{"obj": {"type": "LogFloats", "path": ["train", "reward"], "values": [{"value": 9.035175613732594, "step": null, "ts": 1643096082.3104756}]}, "version": 237}
{"obj": {"type": "LogStrings", "path": ["monitoring", "stdout"], "values": [{"value": "\rsteps: :[                                        ]2%\t5100/300000\tmain of rewards = 9.359429\ttime remain = 0:24:05.350000\ttime cost = 0:00:24.570950", "step": null, "ts": 1643096082.6213403}]}, "version": 238}
{"obj": {"type": "LogFloats", "path": ["train", "reward"], "values": [{"value": 9.359428967569652, "step": null, "ts": 1643096082.6220362}]}, "version": 239}
{"obj": {"type": "LogStrings", "path": ["monitoring", "stdout"], "values": [{"value": "\rsteps: :[                                        ]2%\t5150/300000\tmain of rewards = 9.355849\ttime remain = 0:24:07.347320\ttime cost = 0:00:24.846129", "step": null, "ts": 1643096082.8965094}]}, "version": 240}
{"obj": {"type": "LogFloats", "path": ["train", "reward"], "values": [{"value": 9.355848697010648, "step": null, "ts": 1643096082.896998}]}, "version": 241}
{"obj": {"type": "LogStrings", "path": ["monitoring", "stdout"], "values": [{"value": "\rsteps: :[                                        ]2%\t5200/300000\tmain of rewards = 8.999862\ttime remain = 0:24:10.563981\ttime cost = 0:00:25.143109", "step": null, "ts": 1643096083.1934927}]}, "version": 242}
{"obj": {"type": "LogFloats", "path": ["train", "reward"], "values": [{"value": 8.999861786241663, "step": null, "ts": 1643096083.1940103}]}, "version": 243}
{"obj": {"type": "LogStrings", "path": ["monitoring", "stdout"], "values": [{"value": "\rsteps: :[                                        ]2%\t5250/300000\tmain of rewards = 9.148907\ttime remain = 0:24:13.681543\ttime cost = 0:00:25.439427", "step": null, "ts": 1643096083.489832}]}, "version": 244}
{"obj": {"type": "LogFloats", "path": ["train", "reward"], "values": [{"value": 9.14890733750671, "step": null, "ts": 1643096083.4905193}]}, "version": 245}
{"obj": {"type": "LogStrings", "path": ["monitoring", "stdout"], "values": [{"value": "\rsteps: :[                                        ]2%\t5300/300000\tmain of rewards = 8.928160\ttime remain = 0:24:17.022509\ttime cost = 0:00:25.740731", "step": null, "ts": 1643096083.7911112}]}, "version": 246}
{"obj": {"type": "LogFloats", "path": ["train", "reward"], "values": [{"value": 8.92815954358531, "step": null, "ts": 1643096083.7917469}]}, "version": 247}
{"obj": {"type": "LogStrings", "path": ["monitoring", "stdout"], "values": [{"value": "\rsteps: :[                                        ]2%\t5350/300000\tmain of rewards = 9.358560\ttime remain = 0:24:19.000935\ttime cost = 0:00:26.018850", "step": null, "ts": 1643096084.0692253}]}, "version": 248}
{"obj": {"type": "LogFloats", "path": ["train", "reward"], "values": [{"value": 9.358560049546691, "step": null, "ts": 1643096084.0697412}]}, "version": 249}
{"obj": {"type": "LogStrings", "path": ["monitoring", "stdout"], "values": [{"value": "\rsteps: :[                                        ]2%\t5400/300000\tmain of rewards = 9.205981\ttime remain = 0:24:21.516556\ttime cost = 0:00:26.307298", "step": null, "ts": 1643096084.3576736}]}, "version": 250}
{"obj": {"type": "LogFloats", "path": ["train", "reward"], "values": [{"value": 9.20598098546224, "step": null, "ts": 1643096084.3583078}]}, "version": 251}
{"obj": {"type": "LogStrings", "path": ["monitoring", "stdout"], "values": [{"value": "\rsteps: :[                                        ]2%\t5450/300000\tmain of rewards = 9.358886\ttime remain = 0:24:23.315890\ttime cost = 0:00:26.583572", "step": null, "ts": 1643096084.633994}]}, "version": 252}
{"obj": {"type": "LogFloats", "path": ["train", "reward"], "values": [{"value": 9.358886209160179, "step": null, "ts": 1643096084.634534}]}, "version": 253}
{"obj": {"type": "LogStrings", "path": ["monitoring", "stdout"], "values": [{"value": "\rsteps: :[                                        ]2%\t5500/300000\tmain of rewards = 9.346723\ttime remain = 0:24:25.205182\ttime cost = 0:00:26.862095", "step": null, "ts": 1643096084.9124713}]}, "version": 254}
{"obj": {"type": "LogFloats", "path": ["train", "reward"], "values": [{"value": 9.346722529227627, "step": null, "ts": 1643096084.9130785}]}, "version": 255}
{"obj": {"type": "LogStrings", "path": ["monitoring", "stdout"], "values": [{"value": "\rsteps: :[                                        ]2%\t5550/300000\tmain of rewards = 9.359694\ttime remain = 0:24:26.381135\ttime cost = 0:00:27.128051", "step": null, "ts": 1643096085.1784241}]}, "version": 256}
{"obj": {"type": "LogFloats", "path": ["train", "reward"], "values": [{"value": 9.359694143994224, "step": null, "ts": 1643096085.1789327}]}, "version": 257}
{"obj": {"type": "LogStrings", "path": ["monitoring", "stdout"], "values": [{"value": "\rsteps: :[                                        ]2%\t5600/300000\tmain of rewards = 9.350588\ttime remain = 0:24:27.534000\ttime cost = 0:00:27.393968", "step": null, "ts": 1643096085.4443436}]}, "version": 258}
{"obj": {"type": "LogFloats", "path": ["train", "reward"], "values": [{"value": 9.350588497785484, "step": null, "ts": 1643096085.4449499}]}, "version": 259}
{"obj": {"type": "LogFloats", "path": ["monitoring", "cpu"], "values": [{"value": 15.8, "step": null, "ts": 1643096085.4906158}]}, "version": 260}
{"obj": {"type": "LogFloats", "path": ["monitoring", "memory"], "values": [{"value": 24.086231231689453, "step": null, "ts": 1643096085.4906158}]}, "version": 261}
{"obj": {"type": "LogFloats", "path": ["monitoring", "gpu"], "values": [{"value": 28.0, "step": null, "ts": 1643096085.4906158}]}, "version": 262}
{"obj": {"type": "LogFloats", "path": ["monitoring", "gpu_memory"], "values": [{"value": 1.216796875, "step": null, "ts": 1643096085.4906158}]}, "version": 263}
{"obj": {"type": "LogStrings", "path": ["monitoring", "stdout"], "values": [{"value": "\rsteps: :[                                        ]2%\t5650/300000\tmain of rewards = 9.142279\ttime remain = 0:24:28.769044\ttime cost = 0:00:27.661817", "step": null, "ts": 1643096085.7121916}]}, "version": 264}
{"obj": {"type": "LogFloats", "path": ["train", "reward"], "values": [{"value": 9.142279104483082, "step": null, "ts": 1643096085.7127745}]}, "version": 265}
{"obj": {"type": "LogStrings", "path": ["monitoring", "stdout"], "values": [{"value": "\rsteps: :[                                        ]2%\t5700/300000\tmain of rewards = 9.358857\ttime remain = 0:24:30.152684\ttime cost = 0:00:27.932901", "step": null, "ts": 1643096085.9832773}]}, "version": 266}
{"obj": {"type": "LogFloats", "path": ["train", "reward"], "values": [{"value": 9.358857201672604, "step": null, "ts": 1643096085.9838803}]}, "version": 267}
{"obj": {"type": "LogStrings", "path": ["monitoring", "stdout"], "values": [{"value": "\rsteps: :[                                        ]2%\t5750/300000\tmain of rewards = 9.187052\ttime remain = 0:24:31.289270\ttime cost = 0:00:28.199711", "step": null, "ts": 1643096086.2500846}]}, "version": 268}
{"obj": {"type": "LogFloats", "path": ["train", "reward"], "values": [{"value": 9.187051895568246, "step": null, "ts": 1643096086.2506633}]}, "version": 269}
{"obj": {"type": "LogStrings", "path": ["monitoring", "stdout"], "values": [{"value": "\rsteps: :[                                        ]2%\t5800/300000\tmain of rewards = 9.281470\ttime remain = 0:24:32.700776\ttime cost = 0:00:28.472215", "step": null, "ts": 1643096086.5225945}]}, "version": 270}
{"obj": {"type": "LogFloats", "path": ["train", "reward"], "values": [{"value": 9.281470296911882, "step": null, "ts": 1643096086.5232043}]}, "version": 271}
{"obj": {"type": "LogStrings", "path": ["monitoring", "stdout"], "values": [{"value": "\rsteps: :[                                        ]2%\t5850/300000\tmain of rewards = 9.131881\ttime remain = 0:24:33.869744\ttime cost = 0:00:28.740460", "step": null, "ts": 1643096086.7908382}]}, "version": 272}
{"obj": {"type": "LogFloats", "path": ["train", "reward"], "values": [{"value": 9.13188097897751, "step": null, "ts": 1643096086.7915103}]}, "version": 273}
{"obj": {"type": "LogStrings", "path": ["monitoring", "stdout"], "values": [{"value": "\rsteps: :[                                        ]2%\t5900/300000\tmain of rewards = 9.175494\ttime remain = 0:24:35.074627\ttime cost = 0:00:29.009801", "step": null, "ts": 1643096087.0601752}]}, "version": 274}
{"obj": {"type": "LogFloats", "path": ["train", "reward"], "values": [{"value": 9.17549391622383, "step": null, "ts": 1643096087.06078}]}, "version": 275}
{"obj": {"type": "LogStrings", "path": ["monitoring", "stdout"], "values": [{"value": "\rsteps: :[                                        ]2%\t5950/300000\tmain of rewards = 9.036558\ttime remain = 0:24:36.019513\ttime cost = 0:00:29.274387", "step": null, "ts": 1643096087.324761}]}, "version": 276}
{"obj": {"type": "LogFloats", "path": ["train", "reward"], "values": [{"value": 9.036557838191893, "step": null, "ts": 1643096087.325275}]}, "version": 277}
{"obj": {"type": "LogFloats", "path": ["test", "reward"], "values": [{"value": 8.973487519964415, "step": null, "ts": 1643096087.6053352}]}, "version": 278}
{"obj": {"type": "LogFloats", "path": ["test", "reward"], "values": [{"value": 8.84517532958046, "step": null, "ts": 1643096087.607869}]}, "version": 279}
{"obj": {"type": "LogFloats", "path": ["test", "reward"], "values": [{"value": 9.044795526810251, "step": null, "ts": 1643096087.609915}]}, "version": 280}
{"obj": {"type": "LogFloats", "path": ["test", "reward"], "values": [{"value": 8.930463925132765, "step": null, "ts": 1643096087.6114898}]}, "version": 281}
{"obj": {"type": "LogFloats", "path": ["test", "reward"], "values": [{"value": 8.965350353164041, "step": null, "ts": 1643096087.613063}]}, "version": 282}
{"obj": {"type": "LogFloats", "path": ["test", "reward"], "values": [{"value": 9.046132349782258, "step": null, "ts": 1643096087.6151025}]}, "version": 283}
{"obj": {"type": "LogFloats", "path": ["test", "reward"], "values": [{"value": 8.907270555483343, "step": null, "ts": 1643096087.6167626}]}, "version": 284}
{"obj": {"type": "LogFloats", "path": ["test", "reward"], "values": [{"value": 9.03989017228774, "step": null, "ts": 1643096087.6187997}]}, "version": 285}
{"obj": {"type": "LogFloats", "path": ["test", "reward"], "values": [{"value": 8.950578249441612, "step": null, "ts": 1643096087.6203346}]}, "version": 286}
{"obj": {"type": "LogFloats", "path": ["test", "reward"], "values": [{"value": 8.937236900788724, "step": null, "ts": 1643096087.6218631}]}, "version": 287}
{"obj": {"type": "LogStrings", "path": ["monitoring", "stdout"], "values": [{"value": "\rsteps: :[                                        ]2%\t6000/300000\tmain of rewards = 9.143285\ttime remain = 0:24:38.619000\ttime cost = 0:00:29.572380", "step": null, "ts": 1643096087.6227348}]}, "version": 288}
{"obj": {"type": "LogFloats", "path": ["train", "reward"], "values": [{"value": 9.143284500668619, "step": null, "ts": 1643096087.6232665}]}, "version": 289}
{"obj": {"type": "LogStrings", "path": ["monitoring", "stdout"], "values": [{"value": "\rsteps: :[                                        ]3%\t6050/300000\tmain of rewards = 8.714616\ttime remain = 0:24:42.135967\ttime cost = 0:00:29.889742", "step": null, "ts": 1643096087.940119}]}, "version": 290}
{"obj": {"type": "LogFloats", "path": ["train", "reward"], "values": [{"value": 8.714615932796288, "step": null, "ts": 1643096087.9407341}]}, "version": 291}
{"obj": {"type": "LogStrings", "path": ["monitoring", "stdout"], "values": [{"value": "\rsteps: :[                                        ]3%\t6100/300000\tmain of rewards = 8.712248\ttime remain = 0:24:43.268852\ttime cost = 0:00:30.159800", "step": null, "ts": 1643096088.2101767}]}, "version": 292}
{"obj": {"type": "LogFloats", "path": ["train", "reward"], "values": [{"value": 8.712248027953667, "step": null, "ts": 1643096088.2107892}]}, "version": 293}
{"obj": {"type": "LogStrings", "path": ["monitoring", "stdout"], "values": [{"value": "\rsteps: :[                                        ]3%\t6150/300000\tmain of rewards = 9.208913\ttime remain = 0:24:44.324634\ttime cost = 0:00:30.428655", "step": null, "ts": 1643096088.4790359}]}, "version": 294}
{"obj": {"type": "LogFloats", "path": ["train", "reward"], "values": [{"value": 9.208912744432757, "step": null, "ts": 1643096088.4798024}]}, "version": 295}
{"obj": {"type": "LogStrings", "path": ["monitoring", "stdout"], "values": [{"value": "\rsteps: :[                                        ]3%\t6200/300000\tmain of rewards = 9.354620\ttime remain = 0:24:45.906290\ttime cost = 0:00:30.708730", "step": null, "ts": 1643096088.7591097}]}, "version": 296}
{"obj": {"type": "LogFloats", "path": ["train", "reward"], "values": [{"value": 9.354619874560658, "step": null, "ts": 1643096088.7597291}]}, "version": 297}
{"obj": {"type": "LogStrings", "path": ["monitoring", "stdout"], "values": [{"value": "\rsteps: :[                                        ]3%\t6250/300000\tmain of rewards = 9.092474\ttime remain = 0:24:47.475264\ttime cost = 0:00:30.989068", "step": null, "ts": 1643096089.0394454}]}, "version": 298}
{"obj": {"type": "LogFloats", "path": ["train", "reward"], "values": [{"value": 9.092474204087903, "step": null, "ts": 1643096089.040012}]}, "version": 299}
{"obj": {"type": "LogStrings", "path": ["monitoring", "stdout"], "values": [{"value": "\rsteps: :[                                        ]3%\t6300/300000\tmain of rewards = 9.354188\ttime remain = 0:24:48.780714\ttime cost = 0:00:31.264395", "step": null, "ts": 1643096089.3147702}]}, "version": 300}
{"obj": {"type": "LogFloats", "path": ["train", "reward"], "values": [{"value": 9.354188428813371, "step": null, "ts": 1643096089.31539}]}, "version": 301}
{"obj": {"type": "LogStrings", "path": ["monitoring", "stdout"], "values": [{"value": "\rsteps: :[                                        ]3%\t6350/300000\tmain of rewards = 9.224994\ttime remain = 0:24:50.611937\ttime cost = 0:00:31.551286", "step": null, "ts": 1643096089.601672}]}, "version": 302}
{"obj": {"type": "LogFloats", "path": ["train", "reward"], "values": [{"value": 9.224994354692317, "step": null, "ts": 1643096089.6023042}]}, "version": 303}
{"obj": {"type": "LogStrings", "path": ["monitoring", "stdout"], "values": [{"value": "\rsteps: :[                                        ]3%\t6400/300000\tmain of rewards = 9.322745\ttime remain = 0:24:53.256656\ttime cost = 0:00:31.856142", "step": null, "ts": 1643096089.906519}]}, "version": 304}
{"obj": {"type": "LogFloats", "path": ["train", "reward"], "values": [{"value": 9.32274494911611, "step": null, "ts": 1643096089.9071314}]}, "version": 305}
{"obj": {"type": "LogStrings", "path": ["monitoring", "stdout"], "values": [{"value": "\rsteps: :[                                        ]3%\t6450/300000\tmain of rewards = 9.144891\ttime remain = 0:24:57.973860\ttime cost = 0:00:32.206438", "step": null, "ts": 1643096090.2568183}]}, "version": 306}
{"obj": {"type": "LogFloats", "path": ["train", "reward"], "values": [{"value": 9.144891242185805, "step": null, "ts": 1643096090.2574577}]}, "version": 307}
{"obj": {"type": "LogStrings", "path": ["monitoring", "stdout"], "values": [{"value": "\rsteps: :[                                        ]3%\t6500/300000\tmain of rewards = 8.796152\ttime remain = 0:25:00.772523\ttime cost = 0:00:32.516738", "step": null, "ts": 1643096090.5671396}]}, "version": 308}
{"obj": {"type": "LogFloats", "path": ["train", "reward"], "values": [{"value": 8.796152284952298, "step": null, "ts": 1643096090.5678573}]}, "version": 309}
{"obj": {"type": "LogStrings", "path": ["monitoring", "stdout"], "values": [{"value": "\rsteps: :[                                        ]3%\t6550/300000\tmain of rewards = 9.344534\ttime remain = 0:25:02.372840\ttime cost = 0:00:32.801807", "step": null, "ts": 1643096090.852182}]}, "version": 310}
{"obj": {"type": "LogFloats", "path": ["train", "reward"], "values": [{"value": 9.344533619259982, "step": null, "ts": 1643096090.8526852}]}, "version": 311}
{"obj": {"type": "LogStrings", "path": ["monitoring", "stdout"], "values": [{"value": "\rsteps: :[                                        ]3%\t6600/300000\tmain of rewards = 9.025146\ttime remain = 0:25:03.592909\ttime cost = 0:00:33.079044", "step": null, "ts": 1643096091.1294193}]}, "version": 312}
{"obj": {"type": "LogFloats", "path": ["train", "reward"], "values": [{"value": 9.02514604026614, "step": null, "ts": 1643096091.1300151}]}, "version": 313}
{"obj": {"type": "LogStrings", "path": ["monitoring", "stdout"], "values": [{"value": "\rsteps: :[                                        ]3%\t6650/300000\tmain of rewards = 9.032766\ttime remain = 0:25:06.061489\ttime cost = 0:00:33.384363", "step": null, "ts": 1643096091.4347394}]}, "version": 314}
{"obj": {"type": "LogFloats", "path": ["train", "reward"], "values": [{"value": 9.032765616301322, "step": null, "ts": 1643096091.4352472}]}, "version": 315}
{"obj": {"type": "LogStrings", "path": ["monitoring", "stdout"], "values": [{"value": "\rsteps: :[                                        ]3%\t6700/300000\tmain of rewards = 9.000712\ttime remain = 0:25:08.135239\ttime cost = 0:00:33.681687", "step": null, "ts": 1643096091.7320638}]}, "version": 316}
{"obj": {"type": "LogFloats", "path": ["train", "reward"], "values": [{"value": 9.000712465352459, "step": null, "ts": 1643096091.732791}]}, "version": 317}
{"obj": {"type": "LogStrings", "path": ["monitoring", "stdout"], "values": [{"value": "\rsteps: :[                                        ]3%\t6750/300000\tmain of rewards = 8.886640\ttime remain = 0:25:11.980622\ttime cost = 0:00:34.019564", "step": null, "ts": 1643096092.069959}]}, "version": 318}
{"obj": {"type": "LogFloats", "path": ["train", "reward"], "values": [{"value": 8.886639524375578, "step": null, "ts": 1643096092.070513}]}, "version": 319}
{"obj": {"type": "LogStrings", "path": ["monitoring", "stdout"], "values": [{"value": "\rsteps: :[                                        ]3%\t6800/300000\tmain of rewards = 9.354682\ttime remain = 0:25:13.648059\ttime cost = 0:00:34.309356", "step": null, "ts": 1643096092.3597343}]}, "version": 320}
{"obj": {"type": "LogFloats", "path": ["train", "reward"], "values": [{"value": 9.354681786951357, "step": null, "ts": 1643096092.3603673}]}, "version": 321}
{"obj": {"type": "LogStrings", "path": ["monitoring", "stdout"], "values": [{"value": "\rsteps: :[                                        ]3%\t6850/300000\tmain of rewards = 9.343420\ttime remain = 0:25:15.102438\ttime cost = 0:00:34.594839", "step": null, "ts": 1643096092.645216}]}, "version": 322}
{"obj": {"type": "LogFloats", "path": ["train", "reward"], "values": [{"value": 9.343419807216504, "step": null, "ts": 1643096092.6458044}]}, "version": 323}
{"obj": {"type": "LogStrings", "path": ["monitoring", "stdout"], "values": [{"value": "\rsteps: :[                                        ]3%\t6900/300000\tmain of rewards = 9.013190\ttime remain = 0:25:16.020652\ttime cost = 0:00:34.868475", "step": null, "ts": 1643096092.9188771}]}, "version": 324}
{"obj": {"type": "LogFloats", "path": ["train", "reward"], "values": [{"value": 9.01319030299113, "step": null, "ts": 1643096092.9193592}]}, "version": 325}
{"obj": {"type": "LogStrings", "path": ["monitoring", "stdout"], "values": [{"value": "\rsteps: :[                                        ]3%\t6950/300000\tmain of rewards = 9.192027\ttime remain = 0:25:17.074878\ttime cost = 0:00:35.145568", "step": null, "ts": 1643096093.1959445}]}, "version": 326}
{"obj": {"type": "LogFloats", "path": ["train", "reward"], "values": [{"value": 9.192027046304087, "step": null, "ts": 1643096093.1964903}]}, "version": 327}
{"obj": {"type": "LogStrings", "path": ["monitoring", "stdout"], "values": [{"value": "\rsteps: :[                                        ]3%\t7000/300000\tmain of rewards = 9.108430\ttime remain = 0:25:19.884000\ttime cost = 0:00:35.463960", "step": null, "ts": 1643096093.5143547}]}, "version": 328}
{"obj": {"type": "LogFloats", "path": ["train", "reward"], "values": [{"value": 9.108429845349415, "step": null, "ts": 1643096093.514877}]}, "version": 329}
{"obj": {"type": "LogStrings", "path": ["monitoring", "stdout"], "values": [{"value": "\rsteps: :[                                        ]3%\t7050/300000\tmain of rewards = 8.952527\ttime remain = 0:25:21.656766\ttime cost = 0:00:35.758934", "step": null, "ts": 1643096093.8093126}]}, "version": 330}
{"obj": {"type": "LogFloats", "path": ["train", "reward"], "values": [{"value": 8.95252721691912, "step": null, "ts": 1643096093.8098626}]}, "version": 331}
{"obj": {"type": "LogStrings", "path": ["monitoring", "stdout"], "values": [{"value": "\rsteps: :[                                        ]3%\t7100/300000\tmain of rewards = 9.336870\ttime remain = 0:25:23.761437\ttime cost = 0:00:36.062354", "step": null, "ts": 1643096094.1127405}]}, "version": 332}
{"obj": {"type": "LogFloats", "path": ["train", "reward"], "values": [{"value": 9.33687037281495, "step": null, "ts": 1643096094.1133494}]}, "version": 333}
{"obj": {"type": "LogStrings", "path": ["monitoring", "stdout"], "values": [{"value": "\rsteps: :[                                        ]3%\t7150/300000\tmain of rewards = 9.351414\ttime remain = 0:25:25.037371\ttime cost = 0:00:36.346724", "step": null, "ts": 1643096094.3970985}]}, "version": 334}
{"obj": {"type": "LogFloats", "path": ["train", "reward"], "values": [{"value": 9.351413501130516, "step": null, "ts": 1643096094.3976393}]}, "version": 335}
{"obj": {"type": "LogStrings", "path": ["monitoring", "stdout"], "values": [{"value": "\rsteps: :[                                        ]3%\t7200/300000\tmain of rewards = 8.953687\ttime remain = 0:25:25.871917\ttime cost = 0:00:36.620926", "step": null, "ts": 1643096094.6712985}]}, "version": 336}
{"obj": {"type": "LogFloats", "path": ["train", "reward"], "values": [{"value": 8.953686764071016, "step": null, "ts": 1643096094.671844}]}, "version": 337}
{"obj": {"type": "LogStrings", "path": ["monitoring", "stdout"], "values": [{"value": "\rsteps: :[                                        ]3%\t7250/300000\tmain of rewards = 9.099660\ttime remain = 0:25:27.400262\ttime cost = 0:00:36.912173", "step": null, "ts": 1643096094.962549}]}, "version": 338}
{"obj": {"type": "LogFloats", "path": ["train", "reward"], "values": [{"value": 9.099660007840201, "step": null, "ts": 1643096094.9630923}]}, "version": 339}
{"obj": {"type": "LogStrings", "path": ["monitoring", "stdout"], "values": [{"value": "\rsteps: :[                                        ]3%\t7300/300000\tmain of rewards = 9.056860\ttime remain = 0:25:28.042027\ttime cost = 0:00:37.182356", "step": null, "ts": 1643096095.2328124}]}, "version": 340}
{"obj": {"type": "LogFloats", "path": ["train", "reward"], "values": [{"value": 9.056860224847977, "step": null, "ts": 1643096095.2335076}]}, "version": 341}
{"obj": {"type": "LogFloats", "path": ["monitoring", "cpu"], "values": [{"value": 16.0, "step": null, "ts": 1643096095.4917367}]}, "version": 342}
{"obj": {"type": "LogFloats", "path": ["monitoring", "memory"], "values": [{"value": 24.09255599975586, "step": null, "ts": 1643096095.4917367}]}, "version": 343}
{"obj": {"type": "LogFloats", "path": ["monitoring", "gpu"], "values": [{"value": 26.0, "step": null, "ts": 1643096095.4917367}]}, "version": 344}
{"obj": {"type": "LogFloats", "path": ["monitoring", "gpu_memory"], "values": [{"value": 1.220703125, "step": null, "ts": 1643096095.4917367}]}, "version": 345}
{"obj": {"type": "LogStrings", "path": ["monitoring", "stdout"], "values": [{"value": "\rsteps: :[                                        ]3%\t7350/300000\tmain of rewards = 9.110824\ttime remain = 0:25:28.716857\ttime cost = 0:00:37.453563", "step": null, "ts": 1643096095.5039332}]}, "version": 346}
{"obj": {"type": "LogFloats", "path": ["train", "reward"], "values": [{"value": 9.110823633176636, "step": null, "ts": 1643096095.5044527}]}, "version": 347}
{"obj": {"type": "LogStrings", "path": ["monitoring", "stdout"], "values": [{"value": "\rsteps: :[                                        ]3%\t7400/300000\tmain of rewards = 9.233094\ttime remain = 0:25:29.265162\ttime cost = 0:00:37.721874", "step": null, "ts": 1643096095.77226}]}, "version": 348}
{"obj": {"type": "LogFloats", "path": ["train", "reward"], "values": [{"value": 9.233094020101476, "step": null, "ts": 1643096095.7727852}]}, "version": 349}
{"obj": {"type": "LogStrings", "path": ["monitoring", "stdout"], "values": [{"value": "\rsteps: :[                                        ]3%\t7450/300000\tmain of rewards = 9.241844\ttime remain = 0:25:29.696094\ttime cost = 0:00:37.987453", "step": null, "ts": 1643096096.037827}]}, "version": 350}
{"obj": {"type": "LogFloats", "path": ["train", "reward"], "values": [{"value": 9.24184374630264, "step": null, "ts": 1643096096.0384035}]}, "version": 351}
{"obj": {"type": "LogStrings", "path": ["monitoring", "stdout"], "values": [{"value": "\rsteps: :[=                                       ]3%\t7500/300000\tmain of rewards = 9.091441\ttime remain = 0:25:30.197960\ttime cost = 0:00:38.254949", "step": null, "ts": 1643096096.3053484}]}, "version": 352}
{"obj": {"type": "LogFloats", "path": ["train", "reward"], "values": [{"value": 9.09144096136751, "step": null, "ts": 1643096096.3059192}]}, "version": 353}
{"obj": {"type": "LogStrings", "path": ["monitoring", "stdout"], "values": [{"value": "\rsteps: :[=                                       ]3%\t7550/300000\tmain of rewards = 8.999455\ttime remain = 0:25:32.404252\ttime cost = 0:00:38.565507", "step": null, "ts": 1643096096.6159618}]}, "version": 354}
{"obj": {"type": "LogFloats", "path": ["train", "reward"], "values": [{"value": 8.99945513604774, "step": null, "ts": 1643096096.6168466}]}, "version": 355}
{"obj": {"type": "LogStrings", "path": ["monitoring", "stdout"], "values": [{"value": "\rsteps: :[=                                       ]3%\t7600/300000\tmain of rewards = 9.180589\ttime remain = 0:25:35.152263\ttime cost = 0:00:38.890524", "step": null, "ts": 1643096096.9409}]}, "version": 356}
{"obj": {"type": "LogFloats", "path": ["train", "reward"], "values": [{"value": 9.180588660696642, "step": null, "ts": 1643096096.9415047}]}, "version": 357}
{"obj": {"type": "LogStrings", "path": ["monitoring", "stdout"], "values": [{"value": "\rsteps: :[=                                       ]3%\t7650/300000\tmain of rewards = 9.031691\ttime remain = 0:25:35.975529\ttime cost = 0:00:39.167376", "step": null, "ts": 1643096097.217753}]}, "version": 358}
{"obj": {"type": "LogFloats", "path": ["train", "reward"], "values": [{"value": 9.03169070149889, "step": null, "ts": 1643096097.218479}]}, "version": 359}
{"obj": {"type": "LogStrings", "path": ["monitoring", "stdout"], "values": [{"value": "\rsteps: :[=                                       ]3%\t7700/300000\tmain of rewards = 9.152202\ttime remain = 0:25:37.200195\ttime cost = 0:00:39.454805", "step": null, "ts": 1643096097.5052252}]}, "version": 360}
{"obj": {"type": "LogFloats", "path": ["train", "reward"], "values": [{"value": 9.152202179664567, "step": null, "ts": 1643096097.508903}]}, "version": 361}
{"obj": {"type": "LogStrings", "path": ["monitoring", "stdout"], "values": [{"value": "\rsteps: :[=                                       ]3%\t7750/300000\tmain of rewards = 8.955662\ttime remain = 0:25:38.427832\ttime cost = 0:00:39.742719", "step": null, "ts": 1643096097.7930954}]}, "version": 362}
{"obj": {"type": "LogFloats", "path": ["train", "reward"], "values": [{"value": 8.955662320191506, "step": null, "ts": 1643096097.79366}]}, "version": 363}
{"obj": {"type": "LogStrings", "path": ["monitoring", "stdout"], "values": [{"value": "\rsteps: :[=                                       ]3%\t7800/300000\tmain of rewards = 9.089429\ttime remain = 0:25:39.772462\ttime cost = 0:00:40.034084", "step": null, "ts": 1643096098.0844588}]}, "version": 364}
{"obj": {"type": "LogFloats", "path": ["train", "reward"], "values": [{"value": 9.08942925164954, "step": null, "ts": 1643096098.0850923}]}, "version": 365}
{"obj": {"type": "LogStrings", "path": ["monitoring", "stdout"], "values": [{"value": "\rsteps: :[=                                       ]3%\t7850/300000\tmain of rewards = 9.072991\ttime remain = 0:25:40.404803\ttime cost = 0:00:40.307259", "step": null, "ts": 1643096098.3576336}]}, "version": 366}
{"obj": {"type": "LogFloats", "path": ["train", "reward"], "values": [{"value": 9.072990652512972, "step": null, "ts": 1643096098.3582623}]}, "version": 367}
{"obj": {"type": "LogStrings", "path": ["monitoring", "stdout"], "values": [{"value": "\rsteps: :[=                                       ]3%\t7900/300000\tmain of rewards = 8.980864\ttime remain = 0:25:40.710342\ttime cost = 0:00:40.572039", "step": null, "ts": 1643096098.6224134}]}, "version": 368}
{"obj": {"type": "LogFloats", "path": ["train", "reward"], "values": [{"value": 8.980864374311029, "step": null, "ts": 1643096098.6229086}]}, "version": 369}
{"obj": {"type": "LogStrings", "path": ["monitoring", "stdout"], "values": [{"value": "\rsteps: :[=                                       ]3%\t7950/300000\tmain of rewards = 9.118795\ttime remain = 0:25:43.252453\ttime cost = 0:00:40.896190", "step": null, "ts": 1643096098.9465735}]}, "version": 370}
{"obj": {"type": "LogFloats", "path": ["train", "reward"], "values": [{"value": 9.118795280447738, "step": null, "ts": 1643096098.9471877}]}, "version": 371}
{"obj": {"type": "LogStrings", "path": ["monitoring", "stdout"], "values": [{"value": "\rsteps: :[=                                       ]3%\t8000/300000\tmain of rewards = 9.179419\ttime remain = 0:25:45.552637\ttime cost = 0:00:41.214737", "step": null, "ts": 1643096099.2651305}]}, "version": 372}
{"obj": {"type": "LogFloats", "path": ["train", "reward"], "values": [{"value": 9.179418842705436, "step": null, "ts": 1643096099.2657044}]}, "version": 373}
{"obj": {"type": "LogStrings", "path": ["monitoring", "stdout"], "values": [{"value": "\rsteps: :[=                                       ]3%\t8050/300000\tmain of rewards = 8.942980\ttime remain = 0:25:48.324261\ttime cost = 0:00:41.546701", "step": null, "ts": 1643096099.5970838}]}, "version": 374}
{"obj": {"type": "LogFloats", "path": ["train", "reward"], "values": [{"value": 8.942980071558976, "step": null, "ts": 1643096099.5976894}]}, "version": 375}
{"obj": {"type": "LogStrings", "path": ["monitoring", "stdout"], "values": [{"value": "\rsteps: :[=                                       ]3%\t8100/300000\tmain of rewards = 9.020567\ttime remain = 0:25:50.607444\ttime cost = 0:00:41.866401", "step": null, "ts": 1643096099.9167783}]}, "version": 376}
{"obj": {"type": "LogFloats", "path": ["train", "reward"], "values": [{"value": 9.020566957763368, "step": null, "ts": 1643096099.9174008}]}, "version": 377}
{"obj": {"type": "LogStrings", "path": ["monitoring", "stdout"], "values": [{"value": "\rsteps: :[=                                       ]3%\t8150/300000\tmain of rewards = 9.089719\ttime remain = 0:25:51.020687\ttime cost = 0:00:42.136062", "step": null, "ts": 1643096100.186438}]}, "version": 378}
{"obj": {"type": "LogFloats", "path": ["train", "reward"], "values": [{"value": 9.089718764014664, "step": null, "ts": 1643096100.1870577}]}, "version": 379}
{"obj": {"type": "LogStrings", "path": ["monitoring", "stdout"], "values": [{"value": "\rsteps: :[=                                       ]3%\t8200/300000\tmain of rewards = 9.066954\ttime remain = 0:25:51.877317\ttime cost = 0:00:42.417980", "step": null, "ts": 1643096100.468356}]}, "version": 380}
{"obj": {"type": "LogFloats", "path": ["train", "reward"], "values": [{"value": 9.066954371781083, "step": null, "ts": 1643096100.468977}]}, "version": 381}
{"obj": {"type": "LogStrings", "path": ["monitoring", "stdout"], "values": [{"value": "\rsteps: :[=                                       ]3%\t8250/300000\tmain of rewards = 9.167063\ttime remain = 0:25:53.354655\ttime cost = 0:00:42.717253", "step": null, "ts": 1643096100.76763}]}, "version": 382}
{"obj": {"type": "LogFloats", "path": ["train", "reward"], "values": [{"value": 9.167063219140395, "step": null, "ts": 1643096100.7681317}]}, "version": 383}
{"obj": {"type": "LogStrings", "path": ["monitoring", "stdout"], "values": [{"value": "\rsteps: :[=                                       ]3%\t8300/300000\tmain of rewards = 9.004365\ttime remain = 0:25:53.883470\ttime cost = 0:00:42.990776", "step": null, "ts": 1643096101.041152}]}, "version": 384}
{"obj": {"type": "LogFloats", "path": ["train", "reward"], "values": [{"value": 9.004365356481518, "step": null, "ts": 1643096101.0417113}]}, "version": 385}
{"obj": {"type": "LogStrings", "path": ["monitoring", "stdout"], "values": [{"value": "\rsteps: :[=                                       ]3%\t8350/300000\tmain of rewards = 9.196965\ttime remain = 0:25:54.459701\ttime cost = 0:00:43.265795", "step": null, "ts": 1643096101.3161724}]}, "version": 386}
{"obj": {"type": "LogFloats", "path": ["train", "reward"], "values": [{"value": 9.19696549223354, "step": null, "ts": 1643096101.3167014}]}, "version": 387}
{"obj": {"type": "LogStrings", "path": ["monitoring", "stdout"], "values": [{"value": "\rsteps: :[=                                       ]3%\t8400/300000\tmain of rewards = 9.114350\ttime remain = 0:25:54.964500\ttime cost = 0:00:43.539006", "step": null, "ts": 1643096101.5893834}]}, "version": 388}
{"obj": {"type": "LogFloats", "path": ["train", "reward"], "values": [{"value": 9.11434961904782, "step": null, "ts": 1643096101.5899122}]}, "version": 389}
{"obj": {"type": "LogStrings", "path": ["monitoring", "stdout"], "values": [{"value": "\rsteps: :[=                                       ]3%\t8450/300000\tmain of rewards = 9.216703\ttime remain = 0:25:55.435598\ttime cost = 0:00:43.811436", "step": null, "ts": 1643096101.8618126}]}, "version": 390}
{"obj": {"type": "LogFloats", "path": ["train", "reward"], "values": [{"value": 9.216703071019282, "step": null, "ts": 1643096101.8623857}]}, "version": 391}
{"obj": {"type": "LogStrings", "path": ["monitoring", "stdout"], "values": [{"value": "\rsteps: :[=                                       ]3%\t8500/300000\tmain of rewards = 8.990512\ttime remain = 0:25:55.819835\ttime cost = 0:00:44.081562", "step": null, "ts": 1643096102.131938}]}, "version": 392}
{"obj": {"type": "LogFloats", "path": ["train", "reward"], "values": [{"value": 8.990512441058847, "step": null, "ts": 1643096102.1325805}]}, "version": 393}
{"obj": {"type": "LogStrings", "path": ["monitoring", "stdout"], "values": [{"value": "\rsteps: :[=                                       ]3%\t8550/300000\tmain of rewards = 9.149199\ttime remain = 0:25:56.222912\ttime cost = 0:00:44.352353", "step": null, "ts": 1643096102.4027271}]}, "version": 394}
{"obj": {"type": "LogFloats", "path": ["train", "reward"], "values": [{"value": 9.149198701721, "step": null, "ts": 1643096102.4032347}]}, "version": 395}
{"obj": {"type": "LogStrings", "path": ["monitoring", "stdout"], "values": [{"value": "\rsteps: :[=                                       ]3%\t8600/300000\tmain of rewards = 9.086138\ttime remain = 0:25:57.725512\ttime cost = 0:00:44.654798", "step": null, "ts": 1643096102.7051744}]}, "version": 396}
{"obj": {"type": "LogFloats", "path": ["train", "reward"], "values": [{"value": 9.0861384257514, "step": null, "ts": 1643096102.7057812}]}, "version": 397}
{"obj": {"type": "LogStrings", "path": ["monitoring", "stdout"], "values": [{"value": "\rsteps: :[=                                       ]3%\t8650/300000\tmain of rewards = 9.212676\ttime remain = 0:25:58.832879\ttime cost = 0:00:44.946348", "step": null, "ts": 1643096102.9967248}]}, "version": 398}
{"obj": {"type": "LogFloats", "path": ["train", "reward"], "values": [{"value": 9.212675633246338, "step": null, "ts": 1643096102.9973395}]}, "version": 399}
{"obj": {"type": "LogStrings", "path": ["monitoring", "stdout"], "values": [{"value": "\rsteps: :[=                                       ]3%\t8700/300000\tmain of rewards = 9.173090\ttime remain = 0:26:00.040483\ttime cost = 0:00:45.241174", "step": null, "ts": 1643096103.2915518}]}, "version": 400}
{"obj": {"type": "LogFloats", "path": ["train", "reward"], "values": [{"value": 9.173090057208823, "step": null, "ts": 1643096103.2921026}]}, "version": 401}
{"obj": {"type": "LogStrings", "path": ["monitoring", "stdout"], "values": [{"value": "\rsteps: :[=                                       ]3%\t8750/300000\tmain of rewards = 9.131676\ttime remain = 0:26:01.900629\ttime cost = 0:00:45.555435", "step": null, "ts": 1643096103.6058135}]}, "version": 402}
{"obj": {"type": "LogFloats", "path": ["train", "reward"], "values": [{"value": 9.13167589794383, "step": null, "ts": 1643096103.606431}]}, "version": 403}
{"obj": {"type": "LogStrings", "path": ["monitoring", "stdout"], "values": [{"value": "\rsteps: :[=                                       ]3%\t8800/300000\tmain of rewards = 9.025579\ttime remain = 0:26:04.112045\ttime cost = 0:00:45.880620", "step": null, "ts": 1643096103.9309993}]}, "version": 404}
{"obj": {"type": "LogFloats", "path": ["train", "reward"], "values": [{"value": 9.025579164634234, "step": null, "ts": 1643096103.9316192}]}, "version": 405}
{"obj": {"type": "LogStrings", "path": ["monitoring", "stdout"], "values": [{"value": "\rsteps: :[=                                       ]3%\t8850/300000\tmain of rewards = 9.356730\ttime remain = 0:26:05.268644\ttime cost = 0:00:46.175425", "step": null, "ts": 1643096104.2258117}]}, "version": 406}
{"obj": {"type": "LogFloats", "path": ["train", "reward"], "values": [{"value": 9.356729603374234, "step": null, "ts": 1643096104.2264304}]}, "version": 407}
{"obj": {"type": "LogStrings", "path": ["monitoring", "stdout"], "values": [{"value": "\rsteps: :[=                                       ]3%\t8900/300000\tmain of rewards = 9.356316\ttime remain = 0:26:06.601618\ttime cost = 0:00:46.475848", "step": null, "ts": 1643096104.5262482}]}, "version": 408}
{"obj": {"type": "LogFloats", "path": ["train", "reward"], "values": [{"value": 9.356315841877235, "step": null, "ts": 1643096104.5268497}]}, "version": 409}
{"obj": {"type": "LogFloats", "path": ["monitoring", "cpu"], "values": [{"value": 18.5, "step": null, "ts": 1643096105.4928591}]}, "version": 410}
{"obj": {"type": "LogFloats", "path": ["monitoring", "memory"], "values": [{"value": 24.101089477539062, "step": null, "ts": 1643096105.4928591}]}, "version": 411}
{"obj": {"type": "LogFloats", "path": ["monitoring", "gpu"], "values": [{"value": 1.0, "step": null, "ts": 1643096105.4928591}]}, "version": 412}
{"obj": {"type": "LogFloats", "path": ["monitoring", "gpu_memory"], "values": [{"value": 1.22265625, "step": null, "ts": 1643096105.4928591}]}, "version": 413}
{"obj": {"type": "LogStrings", "path": ["monitoring", "stdout"], "values": [{"value": "Shutting down background jobs, please wait a moment...\n", "step": null, "ts": 1643096108.057719}]}, "version": 414}
