{"obj": {"type": "AssignString", "path": ["sys", "name"], "value": "Untitled"}, "version": 1}
{"obj": {"type": "AssignString", "path": ["sys", "description"], "value": ""}, "version": 2}
{"obj": {"type": "AssignString", "path": ["sys", "hostname"], "value": "xhnfly-Strix-GL504GS-S5CS"}, "version": 3}
{"obj": {"type": "AssignBool", "path": ["sys", "failed"], "value": false}, "version": 4}
{"obj": {"type": "ClearStringLog", "path": ["monitoring", "stdout"]}, "version": 5}
{"obj": {"type": "ClearStringLog", "path": ["monitoring", "stderr"]}, "version": 6}
{"obj": {"type": "ConfigFloatSeries", "path": ["monitoring", "cpu"], "min": 0.0, "max": 100.0, "unit": "%"}, "version": 7}
{"obj": {"type": "ClearFloatLog", "path": ["monitoring", "cpu"]}, "version": 8}
{"obj": {"type": "ConfigFloatSeries", "path": ["monitoring", "memory"], "min": 0.0, "max": 31.287979125976562, "unit": "GB"}, "version": 9}
{"obj": {"type": "ClearFloatLog", "path": ["monitoring", "memory"]}, "version": 10}
{"obj": {"type": "ConfigFloatSeries", "path": ["monitoring", "gpu"], "min": 0.0, "max": 100.0, "unit": "%"}, "version": 11}
{"obj": {"type": "ClearFloatLog", "path": ["monitoring", "gpu"]}, "version": 12}
{"obj": {"type": "ConfigFloatSeries", "path": ["monitoring", "gpu_memory"], "min": 0.0, "max": 7.9210205078125, "unit": "GB"}, "version": 13}
{"obj": {"type": "ClearFloatLog", "path": ["monitoring", "gpu_memory"]}, "version": 14}
{"obj": {"type": "LogStrings", "path": ["monitoring", "stdout"], "values": [{"value": "", "step": null, "ts": 1643095878.9571805}]}, "version": 15}
{"obj": {"type": "LogStrings", "path": ["monitoring", "stdout"], "values": [{"value": "Remember to stop your run once you\u2019ve finished logging your metadata (https://docs.neptune.ai/api-reference/run#.stop). It will be stopped automatically only when the notebook kernel/interactive console is terminated.\n", "step": null, "ts": 1643095878.9578562}]}, "version": 16}
{"obj": {"type": "LogFloats", "path": ["monitoring", "cpu"], "values": [{"value": 18.3, "step": null, "ts": 1643095878.9536016}]}, "version": 17}
{"obj": {"type": "LogFloats", "path": ["monitoring", "memory"], "values": [{"value": 22.216259002685547, "step": null, "ts": 1643095878.9536016}]}, "version": 18}
{"obj": {"type": "LogFloats", "path": ["monitoring", "gpu"], "values": [{"value": 16.0, "step": null, "ts": 1643095878.9536016}]}, "version": 19}
{"obj": {"type": "LogFloats", "path": ["monitoring", "gpu_memory"], "values": [{"value": 0.4071044921875, "step": null, "ts": 1643095878.9536016}]}, "version": 20}
{"obj": {"type": "LogStrings", "path": ["monitoring", "stdout"], "values": [{"value": "device = ", "step": null, "ts": 1643095879.6399653}]}, "version": 21}
{"obj": {"type": "LogStrings", "path": ["monitoring", "stdout"], "values": [{"value": " ", "step": null, "ts": 1643095879.6404257}]}, "version": 22}
{"obj": {"type": "LogStrings", "path": ["monitoring", "stdout"], "values": [{"value": "cuda", "step": null, "ts": 1643095879.6406739}]}, "version": 23}
{"obj": {"type": "LogStrings", "path": ["monitoring", "stdout"], "values": [{"value": "\n", "step": null, "ts": 1643095879.6409676}]}, "version": 24}
{"obj": {"type": "AssignInt", "path": ["parameters", "batch_size"], "value": 500}, "version": 25}
{"obj": {"type": "AssignFloat", "path": ["parameters", "dropout"], "value": 0.2}, "version": 26}
{"obj": {"type": "AssignFloat", "path": ["parameters", "learning_rate"], "value": 0.001}, "version": 27}
{"obj": {"type": "AssignString", "path": ["parameters", "optimizer"], "value": "Adam"}, "version": 28}
{"obj": {"type": "AssignInt", "path": ["parameters", "hid"], "value": 64}, "version": 29}
{"obj": {"type": "AssignInt", "path": ["parameters", "l"], "value": 3}, "version": 30}
{"obj": {"type": "AssignInt", "path": ["parameters", "seed"], "value": 0}, "version": 31}
{"obj": {"type": "AssignInt", "path": ["parameters", "steps_per_epoch"], "value": 3000}, "version": 32}
{"obj": {"type": "AssignInt", "path": ["parameters", "epochs"], "value": 100}, "version": 33}
{"obj": {"type": "AssignInt", "path": ["parameters", "replay_size"], "value": 1000000}, "version": 34}
{"obj": {"type": "AssignFloat", "path": ["parameters", "gamma"], "value": 0.99}, "version": 35}
{"obj": {"type": "AssignFloat", "path": ["parameters", "polyak"], "value": 0.995}, "version": 36}
{"obj": {"type": "AssignFloat", "path": ["parameters", "pi_lr"], "value": 0.0001}, "version": 37}
{"obj": {"type": "AssignFloat", "path": ["parameters", "q_lr"], "value": 0.0001}, "version": 38}
{"obj": {"type": "AssignInt", "path": ["parameters", "start_steps"], "value": 10000}, "version": 39}
{"obj": {"type": "AssignInt", "path": ["parameters", "update_after"], "value": 1000}, "version": 40}
{"obj": {"type": "AssignInt", "path": ["parameters", "update_every"], "value": 50}, "version": 41}
{"obj": {"type": "AssignFloat", "path": ["parameters", "act_noise"], "value": 0.01}, "version": 42}
{"obj": {"type": "AssignInt", "path": ["parameters", "num_test_episodes"], "value": 10}, "version": 43}
{"obj": {"type": "AssignInt", "path": ["parameters", "max_ep_len"], "value": 1000}, "version": 44}
{"obj": {"type": "LogStrings", "path": ["monitoring", "stdout"], "values": [{"value": "obs_dim = ", "step": null, "ts": 1643095879.8300562}]}, "version": 45}
{"obj": {"type": "LogStrings", "path": ["monitoring", "stdout"], "values": [{"value": " ", "step": null, "ts": 1643095879.8304014}]}, "version": 46}
{"obj": {"type": "LogStrings", "path": ["monitoring", "stdout"], "values": [{"value": "11", "step": null, "ts": 1643095879.8305292}]}, "version": 47}
{"obj": {"type": "LogStrings", "path": ["monitoring", "stdout"], "values": [{"value": "\n", "step": null, "ts": 1643095879.8306398}]}, "version": 48}
{"obj": {"type": "LogStrings", "path": ["monitoring", "stdout"], "values": [{"value": "act_dim = ", "step": null, "ts": 1643095879.8310041}]}, "version": 49}
{"obj": {"type": "LogStrings", "path": ["monitoring", "stdout"], "values": [{"value": " ", "step": null, "ts": 1643095879.8311815}]}, "version": 50}
{"obj": {"type": "LogStrings", "path": ["monitoring", "stdout"], "values": [{"value": "1", "step": null, "ts": 1643095879.8313427}]}, "version": 51}
{"obj": {"type": "LogStrings", "path": ["monitoring", "stdout"], "values": [{"value": "\n", "step": null, "ts": 1643095879.8315086}]}, "version": 52}
{"obj": {"type": "LogStrings", "path": ["monitoring", "stdout"], "values": [{"value": "act_limit = ", "step": null, "ts": 1643095879.8317773}]}, "version": 53}
{"obj": {"type": "LogStrings", "path": ["monitoring", "stdout"], "values": [{"value": " ", "step": null, "ts": 1643095879.831939}]}, "version": 54}
{"obj": {"type": "LogStrings", "path": ["monitoring", "stdout"], "values": [{"value": "1.0", "step": null, "ts": 1643095879.8321078}]}, "version": 55}
{"obj": {"type": "LogStrings", "path": ["monitoring", "stdout"], "values": [{"value": "\n", "step": null, "ts": 1643095879.8322628}]}, "version": 56}
{"obj": {"type": "LogStrings", "path": ["monitoring", "stdout"], "values": [{"value": "\rsteps: :[                                        ]1%\t1000/300000\tmain of rewards = 9.246819\ttime remain = -1 day, 23:54:33.790090\ttime cost = 0:00:01.086279", "step": null, "ts": 1643095882.6019034}]}, "version": 57}
{"obj": {"type": "LogFloats", "path": ["train", "reward"], "values": [{"value": 9.246818521940726, "step": null, "ts": 1643095882.602594}]}, "version": 58}
{"obj": {"type": "LogStrings", "path": ["monitoring", "stdout"], "values": [{"value": "\rsteps: :[                                        ]1%\t1050/300000\tmain of rewards = 9.282071\ttime remain = -1 day, 23:53:21.580839\ttime cost = 0:00:01.393139", "step": null, "ts": 1643095882.9087112}]}, "version": 59}
{"obj": {"type": "LogFloats", "path": ["train", "reward"], "values": [{"value": 9.282071295840264, "step": null, "ts": 1643095882.9093397}]}, "version": 60}
{"obj": {"type": "LogStrings", "path": ["monitoring", "stdout"], "values": [{"value": "\rsteps: :[                                        ]1%\t1100/300000\tmain of rewards = 8.946394\ttime remain = -1 day, 23:52:23.659873\ttime cost = 0:00:01.671726", "step": null, "ts": 1643095883.1872814}]}, "version": 61}
{"obj": {"type": "LogFloats", "path": ["train", "reward"], "values": [{"value": 8.946393983543095, "step": null, "ts": 1643095883.1878796}]}, "version": 62}
{"obj": {"type": "LogStrings", "path": ["monitoring", "stdout"], "values": [{"value": "\rsteps: :[                                        ]1%\t1150/300000\tmain of rewards = 8.940456\ttime remain = -1 day, 23:51:32.036815\ttime cost = 0:00:01.945499", "step": null, "ts": 1643095883.4611058}]}, "version": 63}
{"obj": {"type": "LogFloats", "path": ["train", "reward"], "values": [{"value": 8.940456062159583, "step": null, "ts": 1643095883.461844}]}, "version": 64}
{"obj": {"type": "LogStrings", "path": ["monitoring", "stdout"], "values": [{"value": "\rsteps: :[                                        ]1%\t1200/300000\tmain of rewards = 9.009963\ttime remain = -1 day, 23:50:41.062719\ttime cost = 0:00:02.233886", "step": null, "ts": 1643095883.7494395}]}, "version": 65}
{"obj": {"type": "LogFloats", "path": ["train", "reward"], "values": [{"value": 9.009963387048105, "step": null, "ts": 1643095883.750028}]}, "version": 66}
{"obj": {"type": "LogStrings", "path": ["monitoring", "stdout"], "values": [{"value": "\rsteps: :[                                        ]1%\t1250/300000\tmain of rewards = 8.999409\ttime remain = -1 day, 23:49:52.234828\ttime cost = 0:00:02.530329", "step": null, "ts": 1643095884.0459135}]}, "version": 67}
{"obj": {"type": "LogFloats", "path": ["train", "reward"], "values": [{"value": 8.999409445797731, "step": null, "ts": 1643095884.0465703}]}, "version": 68}
{"obj": {"type": "LogStrings", "path": ["monitoring", "stdout"], "values": [{"value": "\rsteps: :[                                        ]1%\t1300/300000\tmain of rewards = 9.137995\ttime remain = -1 day, 23:49:07.882679\ttime cost = 0:00:02.823668", "step": null, "ts": 1643095884.339227}]}, "version": 69}
{"obj": {"type": "LogFloats", "path": ["train", "reward"], "values": [{"value": 9.13799479728244, "step": null, "ts": 1643095884.339855}]}, "version": 70}
{"obj": {"type": "LogStrings", "path": ["monitoring", "stdout"], "values": [{"value": "\rsteps: :[                                        ]1%\t1350/300000\tmain of rewards = 8.928118\ttime remain = -1 day, 23:48:26.563677\ttime cost = 0:00:03.118152", "step": null, "ts": 1643095884.6337218}]}, "version": 71}
{"obj": {"type": "LogFloats", "path": ["train", "reward"], "values": [{"value": 8.928118226985546, "step": null, "ts": 1643095884.6344032}]}, "version": 72}
{"obj": {"type": "LogStrings", "path": ["monitoring", "stdout"], "values": [{"value": "\rsteps: :[                                        ]1%\t1400/300000\tmain of rewards = 8.971782\ttime remain = -1 day, 23:47:51.419228\ttime cost = 0:00:03.397615", "step": null, "ts": 1643095884.9131873}]}, "version": 73}
{"obj": {"type": "LogFloats", "path": ["train", "reward"], "values": [{"value": 8.971781566219168, "step": null, "ts": 1643095884.9137626}]}, "version": 74}
{"obj": {"type": "LogStrings", "path": ["monitoring", "stdout"], "values": [{"value": "\rsteps: :[                                        ]1%\t1450/300000\tmain of rewards = 9.146175\ttime remain = -1 day, 23:47:18.175776\ttime cost = 0:00:03.679611", "step": null, "ts": 1643095885.195165}]}, "version": 75}
{"obj": {"type": "LogFloats", "path": ["train", "reward"], "values": [{"value": 9.14617506251544, "step": null, "ts": 1643095885.1957119}]}, "version": 76}
{"obj": {"type": "LogStrings", "path": ["monitoring", "stdout"], "values": [{"value": "\rsteps: :[                                        ]1%\t1500/300000\tmain of rewards = 9.130774\ttime remain = -1 day, 23:46:48.481721\ttime cost = 0:00:03.954953", "step": null, "ts": 1643095885.470513}]}, "version": 77}
{"obj": {"type": "LogFloats", "path": ["train", "reward"], "values": [{"value": 9.130774392844742, "step": null, "ts": 1643095885.4711492}]}, "version": 78}
{"obj": {"type": "LogStrings", "path": ["monitoring", "stdout"], "values": [{"value": "\rsteps: :[                                        ]1%\t1550/300000\tmain of rewards = 8.921984\ttime remain = -1 day, 23:46:21.175274\ttime cost = 0:00:04.227865", "step": null, "ts": 1643095885.7434177}]}, "version": 79}
{"obj": {"type": "LogFloats", "path": ["train", "reward"], "values": [{"value": 8.921983665138908, "step": null, "ts": 1643095885.743971}]}, "version": 80}
{"obj": {"type": "LogStrings", "path": ["monitoring", "stdout"], "values": [{"value": "\rsteps: :[                                        ]1%\t1600/300000\tmain of rewards = 8.953207\ttime remain = -1 day, 23:45:57.183114\ttime cost = 0:00:04.492214", "step": null, "ts": 1643095886.0078175}]}, "version": 81}
{"obj": {"type": "LogFloats", "path": ["train", "reward"], "values": [{"value": 8.953206580477966, "step": null, "ts": 1643095886.0084894}]}, "version": 82}
{"obj": {"type": "LogStrings", "path": ["monitoring", "stdout"], "values": [{"value": "\rsteps: :[                                        ]1%\t1650/300000\tmain of rewards = 8.952480\ttime remain = -1 day, 23:45:31.120315\ttime cost = 0:00:04.775942", "step": null, "ts": 1643095886.2917}]}, "version": 83}
{"obj": {"type": "LogFloats", "path": ["train", "reward"], "values": [{"value": 8.952479766313289, "step": null, "ts": 1643095886.292165}]}, "version": 84}
{"obj": {"type": "LogStrings", "path": ["monitoring", "stdout"], "values": [{"value": "\rsteps: :[                                        ]1%\t1700/300000\tmain of rewards = 8.986716\ttime remain = -1 day, 23:45:05.550971\ttime cost = 0:00:05.065563", "step": null, "ts": 1643095886.5811193}]}, "version": 85}
{"obj": {"type": "LogFloats", "path": ["train", "reward"], "values": [{"value": 8.98671580844672, "step": null, "ts": 1643095886.581662}]}, "version": 86}
{"obj": {"type": "LogStrings", "path": ["monitoring", "stdout"], "values": [{"value": "\rsteps: :[                                        ]1%\t1750/300000\tmain of rewards = 8.720788\ttime remain = -1 day, 23:44:43.674957\ttime cost = 0:00:05.342175", "step": null, "ts": 1643095886.8577764}]}, "version": 87}
{"obj": {"type": "LogFloats", "path": ["train", "reward"], "values": [{"value": 8.720788171078768, "step": null, "ts": 1643095886.8586066}]}, "version": 88}
{"obj": {"type": "LogStrings", "path": ["monitoring", "stdout"], "values": [{"value": "\rsteps: :[                                        ]1%\t1800/300000\tmain of rewards = 9.007347\ttime remain = -1 day, 23:44:20.217899\ttime cost = 0:00:05.635560", "step": null, "ts": 1643095887.1511176}]}, "version": 89}
{"obj": {"type": "LogFloats", "path": ["train", "reward"], "values": [{"value": 9.007347455549773, "step": null, "ts": 1643095887.1517072}]}, "version": 90}
{"obj": {"type": "LogStrings", "path": ["monitoring", "stdout"], "values": [{"value": "\rsteps: :[                                        ]1%\t1850/300000\tmain of rewards = 8.935186\ttime remain = -1 day, 23:43:57.448296\ttime cost = 0:00:05.932527", "step": null, "ts": 1643095887.4480834}]}, "version": 91}
{"obj": {"type": "LogFloats", "path": ["train", "reward"], "values": [{"value": 8.935186081642541, "step": null, "ts": 1643095887.448705}]}, "version": 92}
{"obj": {"type": "LogStrings", "path": ["monitoring", "stdout"], "values": [{"value": "\rsteps: :[                                        ]1%\t1900/300000\tmain of rewards = 8.985027\ttime remain = -1 day, 23:43:35.926856\ttime cost = 0:00:06.229183", "step": null, "ts": 1643095887.744738}]}, "version": 93}
{"obj": {"type": "LogFloats", "path": ["train", "reward"], "values": [{"value": 8.985026845917254, "step": null, "ts": 1643095887.7453513}]}, "version": 94}
{"obj": {"type": "LogStrings", "path": ["monitoring", "stdout"], "values": [{"value": "\rsteps: :[                                        ]1%\t1950/300000\tmain of rewards = 9.006249\ttime remain = -1 day, 23:43:15.854284\ttime cost = 0:00:06.523600", "step": null, "ts": 1643095888.0391572}]}, "version": 95}
{"obj": {"type": "LogFloats", "path": ["train", "reward"], "values": [{"value": 9.006249258657943, "step": null, "ts": 1643095888.0397322}]}, "version": 96}
{"obj": {"type": "LogStrings", "path": ["monitoring", "stdout"], "values": [{"value": "\rsteps: :[                                        ]1%\t2000/300000\tmain of rewards = 9.292885\ttime remain = -1 day, 23:42:55.940920\ttime cost = 0:00:06.823647", "step": null, "ts": 1643095888.3392031}]}, "version": 97}
{"obj": {"type": "LogFloats", "path": ["train", "reward"], "values": [{"value": 9.292884569514104, "step": null, "ts": 1643095888.3397408}]}, "version": 98}
{"obj": {"type": "LogStrings", "path": ["monitoring", "stdout"], "values": [{"value": "\rsteps: :[                                        ]1%\t2050/300000\tmain of rewards = 9.081087\ttime remain = -1 day, 23:42:37.831186\ttime cost = 0:00:07.118013", "step": null, "ts": 1643095888.6335673}]}, "version": 99}
{"obj": {"type": "LogFloats", "path": ["train", "reward"], "values": [{"value": 9.08108684980508, "step": null, "ts": 1643095888.6341}]}, "version": 100}
{"obj": {"type": "LogStrings", "path": ["monitoring", "stdout"], "values": [{"value": "\rsteps: :[                                        ]1%\t2100/300000\tmain of rewards = 9.320715\ttime remain = -1 day, 23:42:19.068509\ttime cost = 0:00:07.422984", "step": null, "ts": 1643095888.9385395}]}, "version": 101}
{"obj": {"type": "LogFloats", "path": ["train", "reward"], "values": [{"value": 9.320714804024982, "step": null, "ts": 1643095888.9390588}]}, "version": 102}
{"obj": {"type": "LogFloats", "path": ["monitoring", "cpu"], "values": [{"value": 21.4, "step": null, "ts": 1643095888.959578}]}, "version": 103}
{"obj": {"type": "LogFloats", "path": ["monitoring", "memory"], "values": [{"value": 24.186386108398438, "step": null, "ts": 1643095888.959578}]}, "version": 104}
{"obj": {"type": "LogFloats", "path": ["monitoring", "gpu"], "values": [{"value": 30.0, "step": null, "ts": 1643095888.959578}]}, "version": 105}
{"obj": {"type": "LogFloats", "path": ["monitoring", "gpu_memory"], "values": [{"value": 1.208984375, "step": null, "ts": 1643095888.959578}]}, "version": 106}
{"obj": {"type": "LogStrings", "path": ["monitoring", "stdout"], "values": [{"value": "\rsteps: :[                                        ]1%\t2150/300000\tmain of rewards = 9.144571\ttime remain = -1 day, 23:42:03.421033\ttime cost = 0:00:07.711894", "step": null, "ts": 1643095889.2274537}]}, "version": 107}
{"obj": {"type": "LogFloats", "path": ["train", "reward"], "values": [{"value": 9.144571393023638, "step": null, "ts": 1643095889.2281158}]}, "version": 108}
{"obj": {"type": "LogStrings", "path": ["monitoring", "stdout"], "values": [{"value": "\rsteps: :[                                        ]1%\t2200/300000\tmain of rewards = 9.339621\ttime remain = -1 day, 23:41:47.785812\ttime cost = 0:00:08.005930", "step": null, "ts": 1643095889.521494}]}, "version": 109}
{"obj": {"type": "LogFloats", "path": ["train", "reward"], "values": [{"value": 9.339620673017471, "step": null, "ts": 1643095889.522097}]}, "version": 110}
{"obj": {"type": "LogStrings", "path": ["monitoring", "stdout"], "values": [{"value": "\rsteps: :[                                        ]1%\t2250/300000\tmain of rewards = 9.193768\ttime remain = -1 day, 23:41:28.155047\ttime cost = 0:00:08.335131", "step": null, "ts": 1643095889.850746}]}, "version": 111}
{"obj": {"type": "LogFloats", "path": ["train", "reward"], "values": [{"value": 9.193768344614213, "step": null, "ts": 1643095889.8514314}]}, "version": 112}
{"obj": {"type": "LogStrings", "path": ["monitoring", "stdout"], "values": [{"value": "\rsteps: :[                                        ]1%\t2300/300000\tmain of rewards = 9.008154\ttime remain = -1 day, 23:41:12.235015\ttime cost = 0:00:08.642439", "step": null, "ts": 1643095890.1580145}]}, "version": 113}
{"obj": {"type": "LogFloats", "path": ["train", "reward"], "values": [{"value": 9.00815376346584, "step": null, "ts": 1643095890.1587381}]}, "version": 114}
{"obj": {"type": "LogStrings", "path": ["monitoring", "stdout"], "values": [{"value": "\rsteps: :[                                        ]1%\t2350/300000\tmain of rewards = 9.177617\ttime remain = -1 day, 23:40:57.193742\ttime cost = 0:00:08.948173", "step": null, "ts": 1643095890.4637418}]}, "version": 115}
{"obj": {"type": "LogFloats", "path": ["train", "reward"], "values": [{"value": 9.177616739524723, "step": null, "ts": 1643095890.4643986}]}, "version": 116}
{"obj": {"type": "LogStrings", "path": ["monitoring", "stdout"], "values": [{"value": "\rsteps: :[                                        ]1%\t2400/300000\tmain of rewards = 8.992675\ttime remain = -1 day, 23:40:39.208962\ttime cost = 0:00:09.282459", "step": null, "ts": 1643095890.7980208}]}, "version": 117}
{"obj": {"type": "LogFloats", "path": ["train", "reward"], "values": [{"value": 8.992675170183436, "step": null, "ts": 1643095890.798634}]}, "version": 118}
{"obj": {"type": "LogStrings", "path": ["monitoring", "stdout"], "values": [{"value": "\rsteps: :[                                        ]1%\t2450/300000\tmain of rewards = 9.188200\ttime remain = -1 day, 23:40:26.195182\ttime cost = 0:00:09.582160", "step": null, "ts": 1643095891.097761}]}, "version": 119}
{"obj": {"type": "LogFloats", "path": ["train", "reward"], "values": [{"value": 9.188200016921963, "step": null, "ts": 1643095891.0983632}]}, "version": 120}
{"obj": {"type": "LogStrings", "path": ["monitoring", "stdout"], "values": [{"value": "\rsteps: :[                                        ]1%\t2500/300000\tmain of rewards = 8.972849\ttime remain = -1 day, 23:40:03.320288\ttime cost = 0:00:09.968342", "step": null, "ts": 1643095891.4839542}]}, "version": 121}
{"obj": {"type": "LogFloats", "path": ["train", "reward"], "values": [{"value": 8.972849214211594, "step": null, "ts": 1643095891.4848287}]}, "version": 122}
{"obj": {"type": "LogStrings", "path": ["monitoring", "stdout"], "values": [{"value": "\rsteps: :[                                        ]1%\t2550/300000\tmain of rewards = 9.149755\ttime remain = -1 day, 23:39:43.152687\ttime cost = 0:00:10.339146", "step": null, "ts": 1643095891.854709}]}, "version": 123}
{"obj": {"type": "LogFloats", "path": ["train", "reward"], "values": [{"value": 9.149754566764656, "step": null, "ts": 1643095891.855275}]}, "version": 124}
{"obj": {"type": "LogStrings", "path": ["monitoring", "stdout"], "values": [{"value": "\rsteps: :[                                        ]1%\t2600/300000\tmain of rewards = 8.908438\ttime remain = -1 day, 23:39:20.283878\ttime cost = 0:00:10.740074", "step": null, "ts": 1643095892.2556396}]}, "version": 125}
{"obj": {"type": "LogFloats", "path": ["train", "reward"], "values": [{"value": 8.908438144060156, "step": null, "ts": 1643095892.2562158}]}, "version": 126}
{"obj": {"type": "LogStrings", "path": ["monitoring", "stdout"], "values": [{"value": "\rsteps: :[                                        ]1%\t2650/300000\tmain of rewards = 9.102382\ttime remain = -1 day, 23:39:08.985164\ttime cost = 0:00:11.046461", "step": null, "ts": 1643095892.562016}]}, "version": 127}
{"obj": {"type": "LogFloats", "path": ["train", "reward"], "values": [{"value": 9.10238175258812, "step": null, "ts": 1643095892.5626667}]}, "version": 128}
{"obj": {"type": "LogStrings", "path": ["monitoring", "stdout"], "values": [{"value": "\rsteps: :[                                        ]1%\t2700/300000\tmain of rewards = 8.883810\ttime remain = -1 day, 23:38:59.717117\ttime cost = 0:00:11.338345", "step": null, "ts": 1643095892.8539255}]}, "version": 129}
{"obj": {"type": "LogFloats", "path": ["train", "reward"], "values": [{"value": 8.883810433351007, "step": null, "ts": 1643095892.8546357}]}, "version": 130}
{"obj": {"type": "LogStrings", "path": ["monitoring", "stdout"], "values": [{"value": "\rsteps: :[                                        ]1%\t2750/300000\tmain of rewards = 8.985629\ttime remain = -1 day, 23:38:48.113714\ttime cost = 0:00:11.654718", "step": null, "ts": 1643095893.1702716}]}, "version": 131}
{"obj": {"type": "LogFloats", "path": ["train", "reward"], "values": [{"value": 8.9856294699503, "step": null, "ts": 1643095893.1708512}]}, "version": 132}
{"obj": {"type": "LogStrings", "path": ["monitoring", "stdout"], "values": [{"value": "\rsteps: :[                                        ]1%\t2800/300000\tmain of rewards = 8.838688\ttime remain = -1 day, 23:38:32.722830\ttime cost = 0:00:12.010296", "step": null, "ts": 1643095893.5258596}]}, "version": 133}
{"obj": {"type": "LogFloats", "path": ["train", "reward"], "values": [{"value": 8.838687882090968, "step": null, "ts": 1643095893.526482}]}, "version": 134}
{"obj": {"type": "LogStrings", "path": ["monitoring", "stdout"], "values": [{"value": "\rsteps: :[                                        ]1%\t2850/300000\tmain of rewards = 8.974482\ttime remain = -1 day, 23:38:17.920288\ttime cost = 0:00:12.365417", "step": null, "ts": 1643095893.8809738}]}, "version": 135}
{"obj": {"type": "LogFloats", "path": ["train", "reward"], "values": [{"value": 8.974481832808763, "step": null, "ts": 1643095893.8816016}]}, "version": 136}
{"obj": {"type": "LogStrings", "path": ["monitoring", "stdout"], "values": [{"value": "\rsteps: :[                                        ]1%\t2900/300000\tmain of rewards = 9.206898\ttime remain = -1 day, 23:38:10.371680\ttime cost = 0:00:12.655375", "step": null, "ts": 1643095894.170934}]}, "version": 137}
{"obj": {"type": "LogFloats", "path": ["train", "reward"], "values": [{"value": 9.2068979122691, "step": null, "ts": 1643095894.1714447}]}, "version": 138}
{"obj": {"type": "LogStrings", "path": ["monitoring", "stdout"], "values": [{"value": "\rsteps: :[                                        ]1%\t2950/300000\tmain of rewards = 9.020107\ttime remain = -1 day, 23:38:01.321567\ttime cost = 0:00:12.962609", "step": null, "ts": 1643095894.4782028}]}, "version": 139}
{"obj": {"type": "LogFloats", "path": ["train", "reward"], "values": [{"value": 9.020106626316576, "step": null, "ts": 1643095894.4788675}]}, "version": 140}
{"obj": {"type": "LogFloats", "path": ["test", "reward"], "values": [{"value": 8.747361388880051, "step": null, "ts": 1643095894.8067515}]}, "version": 141}
{"obj": {"type": "LogFloats", "path": ["test", "reward"], "values": [{"value": 8.943802565758824, "step": null, "ts": 1643095894.808596}]}, "version": 142}
{"obj": {"type": "LogFloats", "path": ["test", "reward"], "values": [{"value": 8.939724024988609, "step": null, "ts": 1643095894.8102996}]}, "version": 143}
{"obj": {"type": "LogFloats", "path": ["test", "reward"], "values": [{"value": 8.94236719982471, "step": null, "ts": 1643095894.811943}]}, "version": 144}
{"obj": {"type": "LogFloats", "path": ["test", "reward"], "values": [{"value": 8.765418348650542, "step": null, "ts": 1643095894.8140035}]}, "version": 145}
{"obj": {"type": "LogFloats", "path": ["test", "reward"], "values": [{"value": 8.940037223644785, "step": null, "ts": 1643095894.8156188}]}, "version": 146}
{"obj": {"type": "LogFloats", "path": ["test", "reward"], "values": [{"value": 8.961098242796785, "step": null, "ts": 1643095894.8173044}]}, "version": 147}
{"obj": {"type": "LogFloats", "path": ["test", "reward"], "values": [{"value": 8.767481048287339, "step": null, "ts": 1643095894.8193812}]}, "version": 148}
{"obj": {"type": "LogFloats", "path": ["test", "reward"], "values": [{"value": 8.772102321897556, "step": null, "ts": 1643095894.8214266}]}, "version": 149}
{"obj": {"type": "LogFloats", "path": ["test", "reward"], "values": [{"value": 8.94357947984606, "step": null, "ts": 1643095894.823083}]}, "version": 150}
{"obj": {"type": "LogStrings", "path": ["monitoring", "stdout"], "values": [{"value": "\rsteps: :[                                        ]1%\t3000/300000\tmain of rewards = 8.961251\ttime remain = -1 day, 23:37:48.679727\ttime cost = 0:00:13.308765", "step": null, "ts": 1643095894.824353}]}, "version": 151}
{"obj": {"type": "LogFloats", "path": ["train", "reward"], "values": [{"value": 8.96125108227947, "step": null, "ts": 1643095894.8249488}]}, "version": 152}
{"obj": {"type": "LogStrings", "path": ["monitoring", "stdout"], "values": [{"value": "\rsteps: :[                                        ]2%\t3050/300000\tmain of rewards = 9.016244\ttime remain = -1 day, 23:37:43.195572\ttime cost = 0:00:13.586389", "step": null, "ts": 1643095895.1019864}]}, "version": 153}
{"obj": {"type": "LogFloats", "path": ["train", "reward"], "values": [{"value": 9.016244189180378, "step": null, "ts": 1643095895.1025631}]}, "version": 154}
{"obj": {"type": "LogStrings", "path": ["monitoring", "stdout"], "values": [{"value": "\rsteps: :[                                        ]2%\t3100/300000\tmain of rewards = 8.751426\ttime remain = -1 day, 23:37:38.685963\ttime cost = 0:00:13.855774", "step": null, "ts": 1643095895.37133}]}, "version": 155}
{"obj": {"type": "LogFloats", "path": ["train", "reward"], "values": [{"value": 8.75142610360878, "step": null, "ts": 1643095895.3719573}]}, "version": 156}
{"obj": {"type": "LogStrings", "path": ["monitoring", "stdout"], "values": [{"value": "\rsteps: :[                                        ]2%\t3150/300000\tmain of rewards = 8.944718\ttime remain = -1 day, 23:37:29.226231\ttime cost = 0:00:14.178622", "step": null, "ts": 1643095895.694179}]}, "version": 157}
{"obj": {"type": "LogFloats", "path": ["train", "reward"], "values": [{"value": 8.94471772996147, "step": null, "ts": 1643095895.69476}]}, "version": 158}
{"obj": {"type": "LogStrings", "path": ["monitoring", "stdout"], "values": [{"value": "\rsteps: :[                                        ]2%\t3200/300000\tmain of rewards = 8.947103\ttime remain = -1 day, 23:37:24.283964\ttime cost = 0:00:14.456452", "step": null, "ts": 1643095895.9720078}]}, "version": 159}
{"obj": {"type": "LogFloats", "path": ["train", "reward"], "values": [{"value": 8.947103171960062, "step": null, "ts": 1643095895.9726229}]}, "version": 160}
{"obj": {"type": "LogStrings", "path": ["monitoring", "stdout"], "values": [{"value": "\rsteps: :[                                        ]2%\t3250/300000\tmain of rewards = 8.712169\ttime remain = -1 day, 23:37:20.880332\ttime cost = 0:00:14.719266", "step": null, "ts": 1643095896.2348254}]}, "version": 161}
{"obj": {"type": "LogFloats", "path": ["train", "reward"], "values": [{"value": 8.71216920321196, "step": null, "ts": 1643095896.235447}]}, "version": 162}
{"obj": {"type": "LogStrings", "path": ["monitoring", "stdout"], "values": [{"value": "\rsteps: :[                                        ]2%\t3300/300000\tmain of rewards = 9.155288\ttime remain = -1 day, 23:37:17.461473\ttime cost = 0:00:14.983382", "step": null, "ts": 1643095896.498937}]}, "version": 163}
{"obj": {"type": "LogFloats", "path": ["train", "reward"], "values": [{"value": 9.155287888888473, "step": null, "ts": 1643095896.4995513}]}, "version": 164}
{"obj": {"type": "LogStrings", "path": ["monitoring", "stdout"], "values": [{"value": "\rsteps: :[                                        ]2%\t3350/300000\tmain of rewards = 9.005209\ttime remain = -1 day, 23:37:14.281129\ttime cost = 0:00:15.245975", "step": null, "ts": 1643095896.761533}]}, "version": 165}
{"obj": {"type": "LogFloats", "path": ["train", "reward"], "values": [{"value": 9.005209235507063, "step": null, "ts": 1643095896.7621422}]}, "version": 166}
{"obj": {"type": "LogStrings", "path": ["monitoring", "stdout"], "values": [{"value": "\rsteps: :[                                        ]2%\t3400/300000\tmain of rewards = 9.150937\ttime remain = -1 day, 23:37:10.429391\ttime cost = 0:00:15.517235", "step": null, "ts": 1643095897.0327897}]}, "version": 167}
{"obj": {"type": "LogFloats", "path": ["train", "reward"], "values": [{"value": 9.150936935775297, "step": null, "ts": 1643095897.0333889}]}, "version": 168}
{"obj": {"type": "LogStrings", "path": ["monitoring", "stdout"], "values": [{"value": "\rsteps: :[                                        ]2%\t3450/300000\tmain of rewards = 8.947962\ttime remain = -1 day, 23:37:06.598260\ttime cost = 0:00:15.789542", "step": null, "ts": 1643095897.3051047}]}, "version": 169}
{"obj": {"type": "LogFloats", "path": ["train", "reward"], "values": [{"value": 8.947961882124511, "step": null, "ts": 1643095897.305637}]}, "version": 170}
{"obj": {"type": "LogStrings", "path": ["monitoring", "stdout"], "values": [{"value": "\rsteps: :[                                        ]2%\t3500/300000\tmain of rewards = 8.954677\ttime remain = -1 day, 23:37:02.505373\ttime cost = 0:00:16.066179", "step": null, "ts": 1643095897.5817344}]}, "version": 171}
{"obj": {"type": "LogFloats", "path": ["train", "reward"], "values": [{"value": 8.954676679370241, "step": null, "ts": 1643095897.5823553}]}, "version": 172}
{"obj": {"type": "LogStrings", "path": ["monitoring", "stdout"], "values": [{"value": "\rsteps: :[                                        ]2%\t3550/300000\tmain of rewards = 8.984957\ttime remain = -1 day, 23:36:58.267963\ttime cost = 0:00:16.345890", "step": null, "ts": 1643095897.8614488}]}, "version": 173}
{"obj": {"type": "LogFloats", "path": ["train", "reward"], "values": [{"value": 8.984957448578688, "step": null, "ts": 1643095897.8621755}]}, "version": 174}
{"obj": {"type": "LogStrings", "path": ["monitoring", "stdout"], "values": [{"value": "\rsteps: :[                                        ]2%\t3600/300000\tmain of rewards = 9.001810\ttime remain = -1 day, 23:36:54.876327\ttime cost = 0:00:16.616867", "step": null, "ts": 1643095898.1324217}]}, "version": 175}
{"obj": {"type": "LogFloats", "path": ["train", "reward"], "values": [{"value": 9.00180960254871, "step": null, "ts": 1643095898.1329813}]}, "version": 176}
{"obj": {"type": "LogStrings", "path": ["monitoring", "stdout"], "values": [{"value": "\rsteps: :[                                        ]2%\t3650/300000\tmain of rewards = 8.935766\ttime remain = -1 day, 23:36:51.384927\ttime cost = 0:00:16.890188", "step": null, "ts": 1643095898.4057455}]}, "version": 177}
{"obj": {"type": "LogFloats", "path": ["train", "reward"], "values": [{"value": 8.93576579360442, "step": null, "ts": 1643095898.4064312}]}, "version": 178}
{"obj": {"type": "LogStrings", "path": ["monitoring", "stdout"], "values": [{"value": "\rsteps: :[                                        ]2%\t3700/300000\tmain of rewards = 9.144964\ttime remain = -1 day, 23:36:47.094323\ttime cost = 0:00:17.174527", "step": null, "ts": 1643095898.6901073}]}, "version": 179}
{"obj": {"type": "LogFloats", "path": ["train", "reward"], "values": [{"value": 9.14496372470211, "step": null, "ts": 1643095898.6907318}]}, "version": 180}
{"obj": {"type": "LogFloats", "path": ["monitoring", "cpu"], "values": [{"value": 23.4, "step": null, "ts": 1643095898.960626}]}, "version": 181}
{"obj": {"type": "LogFloats", "path": ["monitoring", "memory"], "values": [{"value": 24.06716537475586, "step": null, "ts": 1643095898.960626}]}, "version": 182}
{"obj": {"type": "LogFloats", "path": ["monitoring", "gpu"], "values": [{"value": 20.0, "step": null, "ts": 1643095898.960626}]}, "version": 183}
{"obj": {"type": "LogFloats", "path": ["monitoring", "gpu_memory"], "values": [{"value": 1.212890625, "step": null, "ts": 1643095898.960626}]}, "version": 184}
{"obj": {"type": "LogStrings", "path": ["monitoring", "stdout"], "values": [{"value": "\rsteps: :[                                        ]2%\t3750/300000\tmain of rewards = 8.969420\ttime remain = -1 day, 23:36:42.772446\ttime cost = 0:00:17.460687", "step": null, "ts": 1643095898.9762592}]}, "version": 185}
{"obj": {"type": "LogFloats", "path": ["train", "reward"], "values": [{"value": 8.969420040487336, "step": null, "ts": 1643095898.9768476}]}, "version": 186}
{"obj": {"type": "LogStrings", "path": ["monitoring", "stdout"], "values": [{"value": "\rsteps: :[                                        ]2%\t3800/300000\tmain of rewards = 9.002530\ttime remain = -1 day, 23:36:37.945696\ttime cost = 0:00:17.754681", "step": null, "ts": 1643095899.2702386}]}, "version": 187}
{"obj": {"type": "LogFloats", "path": ["train", "reward"], "values": [{"value": 9.002530166937184, "step": null, "ts": 1643095899.2707791}]}, "version": 188}
{"obj": {"type": "LogStrings", "path": ["monitoring", "stdout"], "values": [{"value": "\rsteps: :[                                        ]2%\t3850/300000\tmain of rewards = 8.985513\ttime remain = -1 day, 23:36:33.207716\ttime cost = 0:00:18.049145", "step": null, "ts": 1643095899.5647042}]}, "version": 189}
{"obj": {"type": "LogFloats", "path": ["train", "reward"], "values": [{"value": 8.985513075992934, "step": null, "ts": 1643095899.565275}]}, "version": 190}
{"obj": {"type": "LogStrings", "path": ["monitoring", "stdout"], "values": [{"value": "\rsteps: :[                                        ]2%\t3900/300000\tmain of rewards = 9.128380\ttime remain = -1 day, 23:36:28.338035\ttime cost = 0:00:18.346900", "step": null, "ts": 1643095899.8624604}]}, "version": 191}
{"obj": {"type": "LogFloats", "path": ["train", "reward"], "values": [{"value": 9.12838048389918, "step": null, "ts": 1643095899.863157}]}, "version": 192}
{"obj": {"type": "LogStrings", "path": ["monitoring", "stdout"], "values": [{"value": "\rsteps: :[                                        ]2%\t3950/300000\tmain of rewards = 8.894231\ttime remain = -1 day, 23:36:24.230185\ttime cost = 0:00:18.636250", "step": null, "ts": 1643095900.1518104}]}, "version": 193}
{"obj": {"type": "LogFloats", "path": ["train", "reward"], "values": [{"value": 8.894230822718285, "step": null, "ts": 1643095900.1523676}]}, "version": 194}
{"obj": {"type": "LogStrings", "path": ["monitoring", "stdout"], "values": [{"value": "\rsteps: :[                                        ]2%\t4000/300000\tmain of rewards = 8.955220\ttime remain = -1 day, 23:36:21.555739\ttime cost = 0:00:18.907862", "step": null, "ts": 1643095900.4234161}]}, "version": 195}
{"obj": {"type": "LogFloats", "path": ["train", "reward"], "values": [{"value": 8.95521984194817, "step": null, "ts": 1643095900.4240673}]}, "version": 196}
{"obj": {"type": "LogStrings", "path": ["monitoring", "stdout"], "values": [{"value": "\rsteps: :[                                        ]2%\t4050/300000\tmain of rewards = 9.013997\ttime remain = -1 day, 23:36:17.691998\ttime cost = 0:00:19.196417", "step": null, "ts": 1643095900.711972}]}, "version": 197}
{"obj": {"type": "LogFloats", "path": ["train", "reward"], "values": [{"value": 9.0139966351259, "step": null, "ts": 1643095900.712521}]}, "version": 198}
{"obj": {"type": "LogStrings", "path": ["monitoring", "stdout"], "values": [{"value": "\rsteps: :[                                        ]2%\t4100/300000\tmain of rewards = 8.723926\ttime remain = -1 day, 23:36:15.367553\ttime cost = 0:00:19.465228", "step": null, "ts": 1643095900.980785}]}, "version": 199}
{"obj": {"type": "LogFloats", "path": ["train", "reward"], "values": [{"value": 8.723925776496092, "step": null, "ts": 1643095900.9813843}]}, "version": 200}
{"obj": {"type": "LogStrings", "path": ["monitoring", "stdout"], "values": [{"value": "\rsteps: :[                                        ]2%\t4150/300000\tmain of rewards = 9.140912\ttime remain = -1 day, 23:36:12.055025\ttime cost = 0:00:19.748479", "step": null, "ts": 1643095901.2640388}]}, "version": 201}
{"obj": {"type": "LogFloats", "path": ["train", "reward"], "values": [{"value": 9.14091203758438, "step": null, "ts": 1643095901.2645566}]}, "version": 202}
{"obj": {"type": "LogStrings", "path": ["monitoring", "stdout"], "values": [{"value": "\rsteps: :[                                        ]2%\t4200/300000\tmain of rewards = 8.984586\ttime remain = -1 day, 23:36:08.651560\ttime cost = 0:00:20.034107", "step": null, "ts": 1643095901.5496652}]}, "version": 203}
{"obj": {"type": "LogFloats", "path": ["train", "reward"], "values": [{"value": 8.984586073943369, "step": null, "ts": 1643095901.5503266}]}, "version": 204}
{"obj": {"type": "LogStrings", "path": ["monitoring", "stdout"], "values": [{"value": "\rsteps: :[                                        ]2%\t4250/300000\tmain of rewards = 9.148755\ttime remain = -1 day, 23:36:05.969216\ttime cost = 0:00:20.310656", "step": null, "ts": 1643095901.8263428}]}, "version": 205}
{"obj": {"type": "LogFloats", "path": ["train", "reward"], "values": [{"value": 9.148754749798497, "step": null, "ts": 1643095901.8270488}]}, "version": 206}
{"obj": {"type": "LogStrings", "path": ["monitoring", "stdout"], "values": [{"value": "\rsteps: :[                                        ]2%\t4300/300000\tmain of rewards = 8.907097\ttime remain = -1 day, 23:36:02.241661\ttime cost = 0:00:20.603077", "step": null, "ts": 1643095902.118631}]}, "version": 207}
{"obj": {"type": "LogFloats", "path": ["train", "reward"], "values": [{"value": 8.907096917958969, "step": null, "ts": 1643095902.119241}]}, "version": 208}
{"obj": {"type": "LogStrings", "path": ["monitoring", "stdout"], "values": [{"value": "\rsteps: :[                                        ]2%\t4350/300000\tmain of rewards = 8.709129\ttime remain = -1 day, 23:35:59.984686\ttime cost = 0:00:20.875422", "step": null, "ts": 1643095902.3909774}]}, "version": 209}
{"obj": {"type": "LogFloats", "path": ["train", "reward"], "values": [{"value": 8.709129014579805, "step": null, "ts": 1643095902.3915339}]}, "version": 210}
{"obj": {"type": "LogStrings", "path": ["monitoring", "stdout"], "values": [{"value": "\rsteps: :[                                        ]2%\t4400/300000\tmain of rewards = 9.147759\ttime remain = -1 day, 23:35:57.771312\ttime cost = 0:00:21.147880", "step": null, "ts": 1643095902.6634388}]}, "version": 211}
{"obj": {"type": "LogFloats", "path": ["train", "reward"], "values": [{"value": 9.147759346416144, "step": null, "ts": 1643095902.6640477}]}, "version": 212}
{"obj": {"type": "LogStrings", "path": ["monitoring", "stdout"], "values": [{"value": "\rsteps: :[                                        ]2%\t4450/300000\tmain of rewards = 9.182450\ttime remain = -1 day, 23:35:55.778490\ttime cost = 0:00:21.417805", "step": null, "ts": 1643095902.9333599}]}, "version": 213}
{"obj": {"type": "LogFloats", "path": ["train", "reward"], "values": [{"value": 9.18245017599818, "step": null, "ts": 1643095902.9338987}]}, "version": 214}
{"obj": {"type": "LogStrings", "path": ["monitoring", "stdout"], "values": [{"value": "\rsteps: :[                                        ]2%\t4500/300000\tmain of rewards = 9.143522\ttime remain = -1 day, 23:35:53.583307\ttime cost = 0:00:21.691429", "step": null, "ts": 1643095903.2069845}]}, "version": 215}
{"obj": {"type": "LogFloats", "path": ["train", "reward"], "values": [{"value": 9.143521892862305, "step": null, "ts": 1643095903.2075403}]}, "version": 216}
{"obj": {"type": "LogStrings", "path": ["monitoring", "stdout"], "values": [{"value": "\rsteps: :[                                        ]2%\t4550/300000\tmain of rewards = 9.128648\ttime remain = -1 day, 23:35:51.753462\ttime cost = 0:00:21.960245", "step": null, "ts": 1643095903.4757998}]}, "version": 217}
{"obj": {"type": "LogFloats", "path": ["train", "reward"], "values": [{"value": 9.128647649740408, "step": null, "ts": 1643095903.476382}]}, "version": 218}
{"obj": {"type": "LogStrings", "path": ["monitoring", "stdout"], "values": [{"value": "\rsteps: :[                                        ]2%\t4600/300000\tmain of rewards = 8.972057\ttime remain = -1 day, 23:35:49.247162\ttime cost = 0:00:22.240041", "step": null, "ts": 1643095903.7555966}]}, "version": 219}
{"obj": {"type": "LogFloats", "path": ["train", "reward"], "values": [{"value": 8.97205668477976, "step": null, "ts": 1643095903.7562065}]}, "version": 220}
{"obj": {"type": "LogStrings", "path": ["monitoring", "stdout"], "values": [{"value": "\rsteps: :[                                        ]2%\t4650/300000\tmain of rewards = 8.935192\ttime remain = -1 day, 23:35:47.346505\ttime cost = 0:00:22.511287", "step": null, "ts": 1643095904.0268419}]}, "version": 221}
{"obj": {"type": "LogFloats", "path": ["train", "reward"], "values": [{"value": 8.93519228423111, "step": null, "ts": 1643095904.027379}]}, "version": 222}
{"obj": {"type": "LogStrings", "path": ["monitoring", "stdout"], "values": [{"value": "\rsteps: :[                                        ]2%\t4700/300000\tmain of rewards = 8.945681\ttime remain = -1 day, 23:35:44.550096\ttime cost = 0:00:22.797197", "step": null, "ts": 1643095904.3127515}]}, "version": 223}
{"obj": {"type": "LogFloats", "path": ["train", "reward"], "values": [{"value": 8.945681385507836, "step": null, "ts": 1643095904.313378}]}, "version": 224}
{"obj": {"type": "LogStrings", "path": ["monitoring", "stdout"], "values": [{"value": "\rsteps: :[                                        ]2%\t4750/300000\tmain of rewards = 9.009049\ttime remain = -1 day, 23:35:42.580164\ttime cost = 0:00:23.070956", "step": null, "ts": 1643095904.5865116}]}, "version": 225}
{"obj": {"type": "LogFloats", "path": ["train", "reward"], "values": [{"value": 9.009048549456324, "step": null, "ts": 1643095904.5870278}]}, "version": 226}
{"obj": {"type": "LogStrings", "path": ["monitoring", "stdout"], "values": [{"value": "\rsteps: :[                                        ]2%\t4800/300000\tmain of rewards = 9.000064\ttime remain = -1 day, 23:35:39.267243\ttime cost = 0:00:23.366855", "step": null, "ts": 1643095904.8824143}]}, "version": 227}
{"obj": {"type": "LogFloats", "path": ["train", "reward"], "values": [{"value": 9.000063781331075, "step": null, "ts": 1643095904.8830717}]}, "version": 228}
{"obj": {"type": "LogStrings", "path": ["monitoring", "stdout"], "values": [{"value": "\rsteps: :[                                        ]2%\t4850/300000\tmain of rewards = 9.123085\ttime remain = -1 day, 23:35:37.157001\ttime cost = 0:00:23.644419", "step": null, "ts": 1643095905.1599782}]}, "version": 229}
{"obj": {"type": "LogFloats", "path": ["train", "reward"], "values": [{"value": 9.123085122073872, "step": null, "ts": 1643095905.1606069}]}, "version": 230}
{"obj": {"type": "LogStrings", "path": ["monitoring", "stdout"], "values": [{"value": "\rsteps: :[                                        ]2%\t4900/300000\tmain of rewards = 8.949696\ttime remain = -1 day, 23:35:35.055848\ttime cost = 0:00:23.922538", "step": null, "ts": 1643095905.4380965}]}, "version": 231}
{"obj": {"type": "LogFloats", "path": ["train", "reward"], "values": [{"value": 8.949696317394855, "step": null, "ts": 1643095905.438618}]}, "version": 232}
{"obj": {"type": "LogStrings", "path": ["monitoring", "stdout"], "values": [{"value": "\rsteps: :[                                        ]2%\t4950/300000\tmain of rewards = 9.130734\ttime remain = -1 day, 23:35:33.125177\ttime cost = 0:00:24.198545", "step": null, "ts": 1643095905.714098}]}, "version": 233}
{"obj": {"type": "LogFloats", "path": ["train", "reward"], "values": [{"value": 9.130734395600674, "step": null, "ts": 1643095905.7146487}]}, "version": 234}
{"obj": {"type": "LogStrings", "path": ["monitoring", "stdout"], "values": [{"value": "\rsteps: :[                                        ]2%\t5000/300000\tmain of rewards = 9.135299\ttime remain = -1 day, 23:35:30.838188\ttime cost = 0:00:24.481133", "step": null, "ts": 1643095905.9968379}]}, "version": 235}
{"obj": {"type": "LogFloats", "path": ["train", "reward"], "values": [{"value": 9.135298821968385, "step": null, "ts": 1643095905.9972656}]}, "version": 236}
{"obj": {"type": "LogStrings", "path": ["monitoring", "stdout"], "values": [{"value": "\rsteps: :[                                        ]2%\t5050/300000\tmain of rewards = 9.024835\ttime remain = -1 day, 23:35:28.676292\ttime cost = 0:00:24.762378", "step": null, "ts": 1643095906.2779891}]}, "version": 237}
{"obj": {"type": "LogFloats", "path": ["train", "reward"], "values": [{"value": 9.024835189589512, "step": null, "ts": 1643095906.2785}]}, "version": 238}
{"obj": {"type": "LogStrings", "path": ["monitoring", "stdout"], "values": [{"value": "\rsteps: :[                                        ]2%\t5100/300000\tmain of rewards = 9.002648\ttime remain = -1 day, 23:35:26.707590\ttime cost = 0:00:25.041060", "step": null, "ts": 1643095906.5568745}]}, "version": 239}
{"obj": {"type": "LogFloats", "path": ["train", "reward"], "values": [{"value": 9.002648169424665, "step": null, "ts": 1643095906.5572622}]}, "version": 240}
{"obj": {"type": "LogStrings", "path": ["monitoring", "stdout"], "values": [{"value": "\rsteps: :[                                        ]2%\t5150/300000\tmain of rewards = 8.983475\ttime remain = -1 day, 23:35:24.253622\ttime cost = 0:00:25.328727", "step": null, "ts": 1643095906.8442864}]}, "version": 241}
{"obj": {"type": "LogFloats", "path": ["train", "reward"], "values": [{"value": 8.983474546884242, "step": null, "ts": 1643095906.8449152}]}, "version": 242}
{"obj": {"type": "LogStrings", "path": ["monitoring", "stdout"], "values": [{"value": "\rsteps: :[                                        ]2%\t5200/300000\tmain of rewards = 8.927952\ttime remain = -1 day, 23:35:22.127121\ttime cost = 0:00:25.611537", "step": null, "ts": 1643095907.127112}]}, "version": 243}
{"obj": {"type": "LogFloats", "path": ["train", "reward"], "values": [{"value": 8.92795195003339, "step": null, "ts": 1643095907.1277504}]}, "version": 244}
{"obj": {"type": "LogStrings", "path": ["monitoring", "stdout"], "values": [{"value": "\rsteps: :[                                        ]2%\t5250/300000\tmain of rewards = 8.722055\ttime remain = -1 day, 23:35:20.277748\ttime cost = 0:00:25.890207", "step": null, "ts": 1643095907.4057612}]}, "version": 245}
{"obj": {"type": "LogFloats", "path": ["train", "reward"], "values": [{"value": 8.722054683017276, "step": null, "ts": 1643095907.4063337}]}, "version": 246}
{"obj": {"type": "LogStrings", "path": ["monitoring", "stdout"], "values": [{"value": "\rsteps: :[                                        ]2%\t5300/300000\tmain of rewards = 9.005385\ttime remain = -1 day, 23:35:18.509304\ttime cost = 0:00:26.168064", "step": null, "ts": 1643095907.683618}]}, "version": 247}
{"obj": {"type": "LogFloats", "path": ["train", "reward"], "values": [{"value": 9.00538493495859, "step": null, "ts": 1643095907.684184}]}, "version": 248}
{"obj": {"type": "LogStrings", "path": ["monitoring", "stdout"], "values": [{"value": "\rsteps: :[                                        ]2%\t5350/300000\tmain of rewards = 9.175132\ttime remain = -1 day, 23:35:16.127874\ttime cost = 0:00:26.457440", "step": null, "ts": 1643095907.9730008}]}, "version": 249}
{"obj": {"type": "LogFloats", "path": ["train", "reward"], "values": [{"value": 9.175131736667845, "step": null, "ts": 1643095907.9735327}]}, "version": 250}
{"obj": {"type": "LogStrings", "path": ["monitoring", "stdout"], "values": [{"value": "\rsteps: :[                                        ]2%\t5400/300000\tmain of rewards = 9.102353\ttime remain = -1 day, 23:35:14.964049\ttime cost = 0:00:26.725697", "step": null, "ts": 1643095908.2412543}]}, "version": 251}
{"obj": {"type": "LogFloats", "path": ["train", "reward"], "values": [{"value": 9.102353216702962, "step": null, "ts": 1643095908.2418048}]}, "version": 252}
{"obj": {"type": "LogStrings", "path": ["monitoring", "stdout"], "values": [{"value": "\rsteps: :[                                        ]2%\t5450/300000\tmain of rewards = 9.146162\ttime remain = -1 day, 23:35:12.799853\ttime cost = 0:00:27.012512", "step": null, "ts": 1643095908.528212}]}, "version": 253}
{"obj": {"type": "LogFloats", "path": ["train", "reward"], "values": [{"value": 9.146162008533338, "step": null, "ts": 1643095908.528623}]}, "version": 254}
{"obj": {"type": "LogStrings", "path": ["monitoring", "stdout"], "values": [{"value": "\rsteps: :[                                        ]2%\t5500/300000\tmain of rewards = 9.149213\ttime remain = -1 day, 23:35:11.538843\ttime cost = 0:00:27.283493", "step": null, "ts": 1643095908.799057}]}, "version": 255}
{"obj": {"type": "LogFloats", "path": ["train", "reward"], "values": [{"value": 9.149213130558078, "step": null, "ts": 1643095908.799603}]}, "version": 256}
{"obj": {"type": "LogFloats", "path": ["monitoring", "cpu"], "values": [{"value": 14.2, "step": null, "ts": 1643095908.9641356}]}, "version": 257}
{"obj": {"type": "LogFloats", "path": ["monitoring", "memory"], "values": [{"value": 23.985523223876953, "step": null, "ts": 1643095908.9641356}]}, "version": 258}
{"obj": {"type": "LogFloats", "path": ["monitoring", "gpu"], "values": [{"value": 19.0, "step": null, "ts": 1643095908.9641356}]}, "version": 259}
{"obj": {"type": "LogFloats", "path": ["monitoring", "gpu_memory"], "values": [{"value": 1.216796875, "step": null, "ts": 1643095908.9641356}]}, "version": 260}
{"obj": {"type": "LogStrings", "path": ["monitoring", "stdout"], "values": [{"value": "\rsteps: :[                                        ]2%\t5550/300000\tmain of rewards = 8.955771\ttime remain = -1 day, 23:35:10.131717\ttime cost = 0:00:27.557597", "step": null, "ts": 1643095909.073164}]}, "version": 261}
{"obj": {"type": "LogFloats", "path": ["train", "reward"], "values": [{"value": 8.955770843678662, "step": null, "ts": 1643095909.0737133}]}, "version": 262}
{"obj": {"type": "LogStrings", "path": ["monitoring", "stdout"], "values": [{"value": "\rsteps: :[                                        ]2%\t5600/300000\tmain of rewards = 9.149797\ttime remain = -1 day, 23:35:08.805340\ttime cost = 0:00:27.830663", "step": null, "ts": 1643095909.3463647}]}, "version": 263}
{"obj": {"type": "LogFloats", "path": ["train", "reward"], "values": [{"value": 9.149797414512674, "step": null, "ts": 1643095909.3467638}]}, "version": 264}
{"obj": {"type": "LogStrings", "path": ["monitoring", "stdout"], "values": [{"value": "\rsteps: :[                                        ]2%\t5650/300000\tmain of rewards = 9.019082\ttime remain = -1 day, 23:35:07.025279\ttime cost = 0:00:28.112714", "step": null, "ts": 1643095909.6282752}]}, "version": 265}
{"obj": {"type": "LogFloats", "path": ["train", "reward"], "values": [{"value": 9.019081872374077, "step": null, "ts": 1643095909.628893}]}, "version": 266}
{"obj": {"type": "LogStrings", "path": ["monitoring", "stdout"], "values": [{"value": "\rsteps: :[                                        ]2%\t5700/300000\tmain of rewards = 9.345913\ttime remain = -1 day, 23:35:05.284032\ttime cost = 0:00:28.394621", "step": null, "ts": 1643095909.9101827}]}, "version": 267}
{"obj": {"type": "LogFloats", "path": ["train", "reward"], "values": [{"value": 9.34591297037586, "step": null, "ts": 1643095909.9130294}]}, "version": 268}
{"obj": {"type": "LogStrings", "path": ["monitoring", "stdout"], "values": [{"value": "\rsteps: :[                                        ]2%\t5750/300000\tmain of rewards = 9.140131\ttime remain = -1 day, 23:35:02.609984\ttime cost = 0:00:28.694984", "step": null, "ts": 1643095910.2105827}]}, "version": 269}
{"obj": {"type": "LogFloats", "path": ["train", "reward"], "values": [{"value": 9.14013072003897, "step": null, "ts": 1643095910.211246}]}, "version": 270}
{"obj": {"type": "LogStrings", "path": ["monitoring", "stdout"], "values": [{"value": "\rsteps: :[                                        ]2%\t5800/300000\tmain of rewards = 8.993452\ttime remain = -1 day, 23:34:58.817175\ttime cost = 0:00:29.017864", "step": null, "ts": 1643095910.5334563}]}, "version": 271}
{"obj": {"type": "LogFloats", "path": ["train", "reward"], "values": [{"value": 8.993452184377931, "step": null, "ts": 1643095910.534093}]}, "version": 272}
{"obj": {"type": "LogStrings", "path": ["monitoring", "stdout"], "values": [{"value": "\rsteps: :[                                        ]2%\t5850/300000\tmain of rewards = 8.951212\ttime remain = -1 day, 23:34:55.124141\ttime cost = 0:00:29.340063", "step": null, "ts": 1643095910.8556244}]}, "version": 273}
{"obj": {"type": "LogFloats", "path": ["train", "reward"], "values": [{"value": 8.951211735951938, "step": null, "ts": 1643095910.856256}]}, "version": 274}
{"obj": {"type": "LogStrings", "path": ["monitoring", "stdout"], "values": [{"value": "\rsteps: :[                                        ]2%\t5900/300000\tmain of rewards = 9.138270\ttime remain = -1 day, 23:34:52.144567\ttime cost = 0:00:29.649464", "step": null, "ts": 1643095911.1650214}]}, "version": 275}
{"obj": {"type": "LogFloats", "path": ["train", "reward"], "values": [{"value": 9.13826977233058, "step": null, "ts": 1643095911.1655564}]}, "version": 276}
{"obj": {"type": "LogStrings", "path": ["monitoring", "stdout"], "values": [{"value": "\rsteps: :[                                        ]2%\t5950/300000\tmain of rewards = 8.959073\ttime remain = -1 day, 23:34:50.602521\ttime cost = 0:00:29.931352", "step": null, "ts": 1643095911.4469151}]}, "version": 277}
{"obj": {"type": "LogFloats", "path": ["train", "reward"], "values": [{"value": 8.959072843548237, "step": null, "ts": 1643095911.4474826}]}, "version": 278}
{"obj": {"type": "LogFloats", "path": ["test", "reward"], "values": [{"value": 8.952303402309235, "step": null, "ts": 1643095911.7356372}]}, "version": 279}
{"obj": {"type": "LogFloats", "path": ["test", "reward"], "values": [{"value": 8.969352332186958, "step": null, "ts": 1643095911.7372103}]}, "version": 280}
{"obj": {"type": "LogFloats", "path": ["test", "reward"], "values": [{"value": 9.107668057787487, "step": null, "ts": 1643095911.740285}]}, "version": 281}
{"obj": {"type": "LogFloats", "path": ["test", "reward"], "values": [{"value": 8.945599901118257, "step": null, "ts": 1643095911.7420554}]}, "version": 282}
{"obj": {"type": "LogFloats", "path": ["test", "reward"], "values": [{"value": 8.930660046884771, "step": null, "ts": 1643095911.7436125}]}, "version": 283}
{"obj": {"type": "LogFloats", "path": ["test", "reward"], "values": [{"value": 8.709079417525269, "step": null, "ts": 1643095911.7455432}]}, "version": 284}
{"obj": {"type": "LogFloats", "path": ["test", "reward"], "values": [{"value": 8.93390301367009, "step": null, "ts": 1643095911.7475367}]}, "version": 285}
{"obj": {"type": "LogFloats", "path": ["test", "reward"], "values": [{"value": 8.936740509409708, "step": null, "ts": 1643095911.7490978}]}, "version": 286}
{"obj": {"type": "LogFloats", "path": ["test", "reward"], "values": [{"value": 8.895809121789403, "step": null, "ts": 1643095911.750715}]}, "version": 287}
{"obj": {"type": "LogFloats", "path": ["test", "reward"], "values": [{"value": 8.89545912482169, "step": null, "ts": 1643095911.7522478}]}, "version": 288}
{"obj": {"type": "LogStrings", "path": ["monitoring", "stdout"], "values": [{"value": "\rsteps: :[                                        ]2%\t6000/300000\tmain of rewards = 9.161096\ttime remain = -1 day, 23:34:47.871579\ttime cost = 0:00:30.237528", "step": null, "ts": 1643095911.7530615}]}, "version": 289}
{"obj": {"type": "LogFloats", "path": ["train", "reward"], "values": [{"value": 9.161095716997579, "step": null, "ts": 1643095911.7535977}]}, "version": 290}
{"obj": {"type": "LogStrings", "path": ["monitoring", "stdout"], "values": [{"value": "\rsteps: :[                                        ]3%\t6050/300000\tmain of rewards = 8.954587\ttime remain = -1 day, 23:34:46.473863\ttime cost = 0:00:30.517732", "step": null, "ts": 1643095912.033286}]}, "version": 291}
{"obj": {"type": "LogFloats", "path": ["train", "reward"], "values": [{"value": 8.954586791230557, "step": null, "ts": 1643095912.033859}]}, "version": 292}
{"obj": {"type": "LogStrings", "path": ["monitoring", "stdout"], "values": [{"value": "\rsteps: :[                                        ]3%\t6100/300000\tmain of rewards = 9.135472\ttime remain = -1 day, 23:34:45.042548\ttime cost = 0:00:30.799085", "step": null, "ts": 1643095912.3146412}]}, "version": 293}
{"obj": {"type": "LogFloats", "path": ["train", "reward"], "values": [{"value": 9.135471602463562, "step": null, "ts": 1643095912.315263}]}, "version": 294}
{"obj": {"type": "LogStrings", "path": ["monitoring", "stdout"], "values": [{"value": "\rsteps: :[                                        ]3%\t6150/300000\tmain of rewards = 9.245802\ttime remain = -1 day, 23:34:42.988502\ttime cost = 0:00:31.093679", "step": null, "ts": 1643095912.6092403}]}, "version": 295}
{"obj": {"type": "LogFloats", "path": ["train", "reward"], "values": [{"value": 9.24580160048792, "step": null, "ts": 1643095912.6097782}]}, "version": 296}
{"obj": {"type": "LogFloats", "path": ["monitoring", "cpu"], "values": [{"value": 10.2, "step": null, "ts": 1643095918.9654453}]}, "version": 297}
{"obj": {"type": "LogFloats", "path": ["monitoring", "memory"], "values": [{"value": 24.006759643554688, "step": null, "ts": 1643095918.9654453}]}, "version": 298}
{"obj": {"type": "LogFloats", "path": ["monitoring", "gpu_memory"], "values": [{"value": 1.21875, "step": null, "ts": 1643095918.9654453}]}, "version": 299}
{"obj": {"type": "LogFloats", "path": ["monitoring", "cpu"], "values": [{"value": 6.4, "step": null, "ts": 1643095928.9662976}]}, "version": 300}
{"obj": {"type": "LogFloats", "path": ["monitoring", "memory"], "values": [{"value": 24.030288696289062, "step": null, "ts": 1643095928.9662976}]}, "version": 301}
{"obj": {"type": "LogFloats", "path": ["monitoring", "gpu"], "values": [{"value": 2.0, "step": null, "ts": 1643095928.9662976}]}, "version": 302}
{"obj": {"type": "LogFloats", "path": ["monitoring", "gpu_memory"], "values": [{"value": 1.21875, "step": null, "ts": 1643095928.9662976}]}, "version": 303}
{"obj": {"type": "LogFloats", "path": ["monitoring", "cpu"], "values": [{"value": 6.0, "step": null, "ts": 1643095938.967196}]}, "version": 304}
{"obj": {"type": "LogFloats", "path": ["monitoring", "memory"], "values": [{"value": 24.066120147705078, "step": null, "ts": 1643095938.967196}]}, "version": 305}
{"obj": {"type": "LogFloats", "path": ["monitoring", "gpu_memory"], "values": [{"value": 1.21875, "step": null, "ts": 1643095938.967196}]}, "version": 306}
{"obj": {"type": "LogFloats", "path": ["monitoring", "cpu"], "values": [{"value": 6.7, "step": null, "ts": 1643095948.9680197}]}, "version": 307}
{"obj": {"type": "LogFloats", "path": ["monitoring", "memory"], "values": [{"value": 24.057453155517578, "step": null, "ts": 1643095948.9680197}]}, "version": 308}
{"obj": {"type": "LogFloats", "path": ["monitoring", "gpu"], "values": [{"value": 2.0, "step": null, "ts": 1643095948.9680197}]}, "version": 309}
{"obj": {"type": "LogFloats", "path": ["monitoring", "gpu_memory"], "values": [{"value": 1.21875, "step": null, "ts": 1643095948.9680197}]}, "version": 310}
{"obj": {"type": "LogStrings", "path": ["monitoring", "stdout"], "values": [{"value": "Shutting down background jobs, please wait a moment...\n", "step": null, "ts": 1643095950.0382924}]}, "version": 311}
