{"obj": {"type": "AssignString", "path": ["sys", "name"], "value": "Untitled"}, "version": 1}
{"obj": {"type": "AssignString", "path": ["sys", "description"], "value": ""}, "version": 2}
{"obj": {"type": "AssignString", "path": ["sys", "hostname"], "value": "xhnfly-Strix-GL504GS-S5CS"}, "version": 3}
{"obj": {"type": "AssignBool", "path": ["sys", "failed"], "value": false}, "version": 4}
{"obj": {"type": "ClearStringLog", "path": ["monitoring", "stdout"]}, "version": 5}
{"obj": {"type": "ClearStringLog", "path": ["monitoring", "stderr"]}, "version": 6}
{"obj": {"type": "ConfigFloatSeries", "path": ["monitoring", "cpu"], "min": 0.0, "max": 100.0, "unit": "%"}, "version": 7}
{"obj": {"type": "ClearFloatLog", "path": ["monitoring", "cpu"]}, "version": 8}
{"obj": {"type": "ConfigFloatSeries", "path": ["monitoring", "memory"], "min": 0.0, "max": 31.287979125976562, "unit": "GB"}, "version": 9}
{"obj": {"type": "ClearFloatLog", "path": ["monitoring", "memory"]}, "version": 10}
{"obj": {"type": "ConfigFloatSeries", "path": ["monitoring", "gpu"], "min": 0.0, "max": 100.0, "unit": "%"}, "version": 11}
{"obj": {"type": "ClearFloatLog", "path": ["monitoring", "gpu"]}, "version": 12}
{"obj": {"type": "ConfigFloatSeries", "path": ["monitoring", "gpu_memory"], "min": 0.0, "max": 7.9210205078125, "unit": "GB"}, "version": 13}
{"obj": {"type": "ClearFloatLog", "path": ["monitoring", "gpu_memory"]}, "version": 14}
{"obj": {"type": "LogStrings", "path": ["monitoring", "stdout"], "values": [{"value": "", "step": null, "ts": 1643510394.8160472}]}, "version": 15}
{"obj": {"type": "LogStrings", "path": ["monitoring", "stdout"], "values": [{"value": "Remember to stop your run once you\u2019ve finished logging your metadata (https://docs.neptune.ai/api-reference/run#.stop). It will be stopped automatically only when the notebook kernel/interactive console is terminated.\n", "step": null, "ts": 1643510394.816872}]}, "version": 16}
{"obj": {"type": "LogFloats", "path": ["monitoring", "cpu"], "values": [{"value": 16.9, "step": null, "ts": 1643510394.8114753}]}, "version": 17}
{"obj": {"type": "LogFloats", "path": ["monitoring", "memory"], "values": [{"value": 7.803539276123047, "step": null, "ts": 1643510394.8114753}]}, "version": 18}
{"obj": {"type": "LogFloats", "path": ["monitoring", "gpu"], "values": [{"value": 3.0, "step": null, "ts": 1643510394.8114753}]}, "version": 19}
{"obj": {"type": "LogFloats", "path": ["monitoring", "gpu_memory"], "values": [{"value": 0.3328857421875, "step": null, "ts": 1643510394.8114753}]}, "version": 20}
{"obj": {"type": "LogStrings", "path": ["monitoring", "stdout"], "values": [{"value": "device = ", "step": null, "ts": 1643510398.5822682}]}, "version": 21}
{"obj": {"type": "LogStrings", "path": ["monitoring", "stdout"], "values": [{"value": " ", "step": null, "ts": 1643510398.5825858}]}, "version": 22}
{"obj": {"type": "LogStrings", "path": ["monitoring", "stdout"], "values": [{"value": "cuda", "step": null, "ts": 1643510398.5826898}]}, "version": 23}
{"obj": {"type": "LogStrings", "path": ["monitoring", "stdout"], "values": [{"value": "\n", "step": null, "ts": 1643510398.5828419}]}, "version": 24}
{"obj": {"type": "AssignFloat", "path": ["parameters", "dropout"], "value": 0.2}, "version": 25}
{"obj": {"type": "AssignFloat", "path": ["parameters", "learning_rate"], "value": 0.001}, "version": 26}
{"obj": {"type": "AssignString", "path": ["parameters", "optimizer"], "value": "Adam"}, "version": 27}
{"obj": {"type": "AssignInt", "path": ["parameters", "hid"], "value": 512}, "version": 28}
{"obj": {"type": "AssignInt", "path": ["parameters", "l"], "value": 3}, "version": 29}
{"obj": {"type": "AssignInt", "path": ["parameters", "seed"], "value": 0}, "version": 30}
{"obj": {"type": "AssignInt", "path": ["parameters", "steps_per_epoch"], "value": 3000}, "version": 31}
{"obj": {"type": "AssignInt", "path": ["parameters", "steps_video"], "value": 30000}, "version": 32}
{"obj": {"type": "AssignInt", "path": ["parameters", "epochs"], "value": 100}, "version": 33}
{"obj": {"type": "AssignInt", "path": ["parameters", "replay_size"], "value": 10000000}, "version": 34}
{"obj": {"type": "AssignFloat", "path": ["parameters", "gamma"], "value": 0.99}, "version": 35}
{"obj": {"type": "AssignFloat", "path": ["parameters", "polyak"], "value": 0.995}, "version": 36}
{"obj": {"type": "AssignFloat", "path": ["parameters", "pi_lr"], "value": 0.0001}, "version": 37}
{"obj": {"type": "AssignFloat", "path": ["parameters", "q_lr"], "value": 0.0001}, "version": 38}
{"obj": {"type": "AssignInt", "path": ["parameters", "batch_size"], "value": 1000}, "version": 39}
{"obj": {"type": "AssignInt", "path": ["parameters", "start_steps"], "value": 1000}, "version": 40}
{"obj": {"type": "AssignInt", "path": ["parameters", "update_after"], "value": 2000}, "version": 41}
{"obj": {"type": "AssignInt", "path": ["parameters", "update_every"], "value": 100}, "version": 42}
{"obj": {"type": "AssignFloat", "path": ["parameters", "act_noise"], "value": 0.01}, "version": 43}
{"obj": {"type": "AssignInt", "path": ["parameters", "num_test_episodes"], "value": 1}, "version": 44}
{"obj": {"type": "AssignInt", "path": ["parameters", "max_ep_len"], "value": 1000}, "version": 45}
{"obj": {"type": "LogStrings", "path": ["monitoring", "stdout"], "values": [{"value": "obs_dim = ", "step": null, "ts": 1643510398.7162266}]}, "version": 46}
{"obj": {"type": "LogStrings", "path": ["monitoring", "stdout"], "values": [{"value": " ", "step": null, "ts": 1643510398.7165296}]}, "version": 47}
{"obj": {"type": "LogStrings", "path": ["monitoring", "stdout"], "values": [{"value": "47", "step": null, "ts": 1643510398.7166986}]}, "version": 48}
{"obj": {"type": "LogStrings", "path": ["monitoring", "stdout"], "values": [{"value": "\n", "step": null, "ts": 1643510398.7168536}]}, "version": 49}
{"obj": {"type": "LogStrings", "path": ["monitoring", "stdout"], "values": [{"value": "act_dim = ", "step": null, "ts": 1643510398.7171183}]}, "version": 50}
{"obj": {"type": "LogStrings", "path": ["monitoring", "stdout"], "values": [{"value": " ", "step": null, "ts": 1643510398.7172885}]}, "version": 51}
{"obj": {"type": "LogStrings", "path": ["monitoring", "stdout"], "values": [{"value": "7", "step": null, "ts": 1643510398.7174463}]}, "version": 52}
{"obj": {"type": "LogStrings", "path": ["monitoring", "stdout"], "values": [{"value": "\n", "step": null, "ts": 1643510398.717629}]}, "version": 53}
{"obj": {"type": "LogStrings", "path": ["monitoring", "stdout"], "values": [{"value": "act_limit = ", "step": null, "ts": 1643510398.7179515}]}, "version": 54}
{"obj": {"type": "LogStrings", "path": ["monitoring", "stdout"], "values": [{"value": " ", "step": null, "ts": 1643510398.7181182}]}, "version": 55}
{"obj": {"type": "LogStrings", "path": ["monitoring", "stdout"], "values": [{"value": "1", "step": null, "ts": 1643510398.7182667}]}, "version": 56}
{"obj": {"type": "LogStrings", "path": ["monitoring", "stdout"], "values": [{"value": "\n", "step": null, "ts": 1643510398.7184093}]}, "version": 57}
{"obj": {"type": "LogStrings", "path": ["monitoring", "stderr"], "values": [{"value": "\r  0%|          | 0/300000 [00:00<?, ?it/s]", "step": null, "ts": 1643510401.314647}]}, "version": 58}
{"obj": {"type": "LogStrings", "path": ["monitoring", "stderr"], "values": [{"value": "/tmp/ipykernel_11062/1219841747.py:20: UserWarning: Creating a tensor from a list of numpy.ndarrays is extremely slow. Please consider converting the list to a single numpy.ndarray with numpy.array() before converting to a tensor. (Triggered internally at  /opt/conda/conda-bld/pytorch_1639180588308/work/torch/csrc/utils/tensor_new.cpp:201.)\n  a = torch.tensor([a], device=device)\n", "step": null, "ts": 1643510401.3160646}]}, "version": 59}
{"obj": {"type": "LogStrings", "path": ["monitoring", "stderr"], "values": [{"value": "\r  0%|          | 3/300000 [00:00<3:02:44, 27.36it/s]", "step": null, "ts": 1643510401.4252539}]}, "version": 60}
{"obj": {"type": "LogStrings", "path": ["monitoring", "stderr"], "values": [{"value": "\r  0%|          | 8/300000 [00:00<2:14:25, 37.20it/s]", "step": null, "ts": 1643510401.5394363}]}, "version": 61}
{"obj": {"type": "LogStrings", "path": ["monitoring", "stderr"], "values": [{"value": "\r  0%|          | 14/300000 [00:00<1:52:32, 44.43it/s]", "step": null, "ts": 1643510401.6526756}]}, "version": 62}
{"obj": {"type": "LogStrings", "path": ["monitoring", "stderr"], "values": [{"value": "\r  0%|          | 20/300000 [00:00<1:42:22, 48.84it/s]", "step": null, "ts": 1643510401.7599087}]}, "version": 63}
{"obj": {"type": "LogStrings", "path": ["monitoring", "stderr"], "values": [{"value": "\r  0%|          | 26/300000 [00:00<1:40:29, 49.75it/s]", "step": null, "ts": 1643510401.8769379}]}, "version": 64}
{"obj": {"type": "LogStrings", "path": ["monitoring", "stderr"], "values": [{"value": "\r  0%|          | 31/300000 [00:00<1:45:28, 47.40it/s]", "step": null, "ts": 1643510401.9932919}]}, "version": 65}
{"obj": {"type": "LogStrings", "path": ["monitoring", "stderr"], "values": [{"value": "\r  0%|          | 37/300000 [00:00<1:40:51, 49.57it/s]", "step": null, "ts": 1643510402.1040623}]}, "version": 66}
{"obj": {"type": "LogStrings", "path": ["monitoring", "stderr"], "values": [{"value": "\r  0%|          | 43/300000 [00:00<1:37:37, 51.21it/s]", "step": null, "ts": 1643510402.213522}]}, "version": 67}
{"obj": {"type": "LogStrings", "path": ["monitoring", "stderr"], "values": [{"value": "\r  0%|          | 49/300000 [00:01<1:34:48, 52.73it/s]", "step": null, "ts": 1643510402.3201702}]}, "version": 68}
{"obj": {"type": "LogStrings", "path": ["monitoring", "stderr"], "values": [{"value": "\r  0%|          | 55/300000 [00:01<1:33:30, 53.46it/s]", "step": null, "ts": 1643510402.4291105}]}, "version": 69}
{"obj": {"type": "LogStrings", "path": ["monitoring", "stderr"], "values": [{"value": "\r  0%|          | 61/300000 [00:01<1:33:35, 53.42it/s]", "step": null, "ts": 1643510402.541578}]}, "version": 70}
{"obj": {"type": "LogStrings", "path": ["monitoring", "stderr"], "values": [{"value": "\r  0%|          | 67/300000 [00:01<1:34:13, 53.05it/s]", "step": null, "ts": 1643510402.656407}]}, "version": 71}
{"obj": {"type": "LogStrings", "path": ["monitoring", "stderr"], "values": [{"value": "\r  0%|          | 73/300000 [00:01<1:33:38, 53.38it/s]", "step": null, "ts": 1643510402.7672029}]}, "version": 72}
{"obj": {"type": "LogStrings", "path": ["monitoring", "stderr"], "values": [{"value": "\r  0%|          | 79/300000 [00:01<1:33:08, 53.67it/s]", "step": null, "ts": 1643510402.8776212}]}, "version": 73}
{"obj": {"type": "LogStrings", "path": ["monitoring", "stderr"], "values": [{"value": "\r  0%|          | 85/300000 [00:01<1:31:42, 54.51it/s]", "step": null, "ts": 1643510402.9838488}]}, "version": 74}
{"obj": {"type": "LogStrings", "path": ["monitoring", "stderr"], "values": [{"value": "\r  0%|          | 91/300000 [00:01<1:31:23, 54.69it/s]", "step": null, "ts": 1643510403.0925937}]}, "version": 75}
{"obj": {"type": "LogStrings", "path": ["monitoring", "stderr"], "values": [{"value": "\r  0%|          | 97/300000 [00:01<1:32:09, 54.24it/s]", "step": null, "ts": 1643510403.2053552}]}, "version": 76}
{"obj": {"type": "LogStrings", "path": ["monitoring", "stderr"], "values": [{"value": "\r  0%|          | 103/300000 [00:01<1:31:58, 54.34it/s]", "step": null, "ts": 1643510403.315278}]}, "version": 77}
{"obj": {"type": "LogStrings", "path": ["monitoring", "stderr"], "values": [{"value": "\r  0%|          | 109/300000 [00:02<1:31:34, 54.58it/s]", "step": null, "ts": 1643510403.4240592}]}, "version": 78}
{"obj": {"type": "LogStrings", "path": ["monitoring", "stderr"], "values": [{"value": "\r  0%|          | 115/300000 [00:02<1:31:07, 54.85it/s]", "step": null, "ts": 1643510403.5322082}]}, "version": 79}
{"obj": {"type": "LogStrings", "path": ["monitoring", "stderr"], "values": [{"value": "\r  0%|          | 121/300000 [00:02<1:31:40, 54.51it/s]", "step": null, "ts": 1643510403.6438403}]}, "version": 80}
{"obj": {"type": "LogStrings", "path": ["monitoring", "stderr"], "values": [{"value": "\r  0%|          | 127/300000 [00:02<1:31:41, 54.51it/s]", "step": null, "ts": 1643510403.7539656}]}, "version": 81}
{"obj": {"type": "LogStrings", "path": ["monitoring", "stderr"], "values": [{"value": "\r  0%|          | 133/300000 [00:02<1:30:59, 54.92it/s]", "step": null, "ts": 1643510403.861238}]}, "version": 82}
{"obj": {"type": "LogStrings", "path": ["monitoring", "stderr"], "values": [{"value": "\r  0%|          | 139/300000 [00:02<1:30:03, 55.49it/s]", "step": null, "ts": 1643510403.9667368}]}, "version": 83}
{"obj": {"type": "LogStrings", "path": ["monitoring", "stderr"], "values": [{"value": "\r  0%|          | 145/300000 [00:02<1:29:20, 55.94it/s]", "step": null, "ts": 1643510404.0719767}]}, "version": 84}
{"obj": {"type": "LogStrings", "path": ["monitoring", "stderr"], "values": [{"value": "\r  0%|          | 151/300000 [00:02<1:28:42, 56.34it/s]", "step": null, "ts": 1643510404.1767063}]}, "version": 85}
{"obj": {"type": "LogStrings", "path": ["monitoring", "stderr"], "values": [{"value": "\r  0%|          | 157/300000 [00:02<1:27:58, 56.80it/s]", "step": null, "ts": 1643510404.280305}]}, "version": 86}
{"obj": {"type": "LogStrings", "path": ["monitoring", "stderr"], "values": [{"value": "\r  0%|          | 163/300000 [00:03<1:27:23, 57.18it/s]", "step": null, "ts": 1643510404.3835921}]}, "version": 87}
{"obj": {"type": "LogStrings", "path": ["monitoring", "stderr"], "values": [{"value": "\r  0%|          | 169/300000 [00:03<1:28:00, 56.78it/s]", "step": null, "ts": 1643510404.4910197}]}, "version": 88}
{"obj": {"type": "LogStrings", "path": ["monitoring", "stderr"], "values": [{"value": "\r  0%|          | 175/300000 [00:03<1:28:27, 56.49it/s]", "step": null, "ts": 1643510404.5985222}]}, "version": 89}
{"obj": {"type": "LogStrings", "path": ["monitoring", "stderr"], "values": [{"value": "\r  0%|          | 181/300000 [00:03<1:29:05, 56.09it/s]", "step": null, "ts": 1643510404.7072737}]}, "version": 90}
{"obj": {"type": "LogStrings", "path": ["monitoring", "stderr"], "values": [{"value": "\r  0%|          | 187/300000 [00:03<1:28:16, 56.61it/s]", "step": null, "ts": 1643510404.8109567}]}, "version": 91}
{"obj": {"type": "LogFloats", "path": ["monitoring", "cpu"], "values": [{"value": 21.1, "step": null, "ts": 1643510404.821671}]}, "version": 92}
{"obj": {"type": "LogFloats", "path": ["monitoring", "memory"], "values": [{"value": 11.574703216552734, "step": null, "ts": 1643510404.821671}]}, "version": 93}
{"obj": {"type": "LogFloats", "path": ["monitoring", "gpu"], "values": [{"value": 5.0, "step": null, "ts": 1643510404.821671}]}, "version": 94}
{"obj": {"type": "LogFloats", "path": ["monitoring", "gpu_memory"], "values": [{"value": 1.0390625, "step": null, "ts": 1643510404.821671}]}, "version": 95}
{"obj": {"type": "LogStrings", "path": ["monitoring", "stderr"], "values": [{"value": "\r  0%|          | 193/300000 [00:03<1:28:45, 56.30it/s]", "step": null, "ts": 1643510404.918883}]}, "version": 96}
{"obj": {"type": "LogStrings", "path": ["monitoring", "stderr"], "values": [{"value": "\r  0%|          | 199/300000 [00:03<1:29:27, 55.85it/s]", "step": null, "ts": 1643510405.0283115}]}, "version": 97}
{"obj": {"type": "LogStrings", "path": ["monitoring", "stderr"], "values": [{"value": "\r  0%|          | 205/300000 [00:03<1:28:58, 56.15it/s]", "step": null, "ts": 1643510405.1338196}]}, "version": 98}
{"obj": {"type": "LogStrings", "path": ["monitoring", "stderr"], "values": [{"value": "\r  0%|          | 211/300000 [00:03<1:29:03, 56.10it/s]", "step": null, "ts": 1643510405.2409832}]}, "version": 99}
{"obj": {"type": "LogStrings", "path": ["monitoring", "stderr"], "values": [{"value": "\r  0%|          | 217/300000 [00:04<1:29:09, 56.04it/s]", "step": null, "ts": 1643510405.348424}]}, "version": 100}
{"obj": {"type": "LogStrings", "path": ["monitoring", "stderr"], "values": [{"value": "\r  0%|          | 223/300000 [00:04<1:30:52, 54.98it/s]", "step": null, "ts": 1643510405.4623163}]}, "version": 101}
{"obj": {"type": "LogStrings", "path": ["monitoring", "stderr"], "values": [{"value": "\r  0%|          | 229/300000 [00:04<1:31:43, 54.47it/s]", "step": null, "ts": 1643510405.5748286}]}, "version": 102}
{"obj": {"type": "LogStrings", "path": ["monitoring", "stderr"], "values": [{"value": "\r  0%|          | 235/300000 [00:04<1:31:14, 54.75it/s]", "step": null, "ts": 1643510405.6830678}]}, "version": 103}
{"obj": {"type": "LogStrings", "path": ["monitoring", "stderr"], "values": [{"value": "\r  0%|          | 241/300000 [00:04<1:30:57, 54.93it/s]", "step": null, "ts": 1643510405.7914867}]}, "version": 104}
{"obj": {"type": "LogStrings", "path": ["monitoring", "stderr"], "values": [{"value": "\r  0%|          | 247/300000 [00:04<1:30:15, 55.35it/s]", "step": null, "ts": 1643510405.8979516}]}, "version": 105}
{"obj": {"type": "LogStrings", "path": ["monitoring", "stderr"], "values": [{"value": "\r  0%|          | 253/300000 [00:04<1:30:16, 55.34it/s]", "step": null, "ts": 1643510406.00642}]}, "version": 106}
{"obj": {"type": "LogStrings", "path": ["monitoring", "stderr"], "values": [{"value": "\r  0%|          | 259/300000 [00:04<1:31:13, 54.77it/s]", "step": null, "ts": 1643510406.118773}]}, "version": 107}
{"obj": {"type": "LogStrings", "path": ["monitoring", "stderr"], "values": [{"value": "\r  0%|          | 265/300000 [00:04<1:31:27, 54.62it/s]", "step": null, "ts": 1643510406.2291825}]}, "version": 108}
{"obj": {"type": "LogStrings", "path": ["monitoring", "stderr"], "values": [{"value": "\r  0%|          | 271/300000 [00:05<1:31:22, 54.67it/s]", "step": null, "ts": 1643510406.338711}]}, "version": 109}
{"obj": {"type": "LogStrings", "path": ["monitoring", "stderr"], "values": [{"value": "\r  0%|          | 277/300000 [00:05<1:31:50, 54.39it/s]", "step": null, "ts": 1643510406.450357}]}, "version": 110}
{"obj": {"type": "LogStrings", "path": ["monitoring", "stderr"], "values": [{"value": "\r  0%|          | 283/300000 [00:05<1:32:32, 53.98it/s]", "step": null, "ts": 1643510406.5634599}]}, "version": 111}
{"obj": {"type": "LogStrings", "path": ["monitoring", "stderr"], "values": [{"value": "\r  0%|          | 289/300000 [00:05<1:33:51, 53.22it/s]", "step": null, "ts": 1643510406.6798792}]}, "version": 112}
{"obj": {"type": "LogStrings", "path": ["monitoring", "stderr"], "values": [{"value": "\r  0%|          | 295/300000 [00:05<1:33:09, 53.62it/s]", "step": null, "ts": 1643510406.7898238}]}, "version": 113}
{"obj": {"type": "LogStrings", "path": ["monitoring", "stderr"], "values": [{"value": "\r  0%|          | 301/300000 [00:05<1:34:15, 52.99it/s]", "step": null, "ts": 1643510406.9061544}]}, "version": 114}
{"obj": {"type": "LogStrings", "path": ["monitoring", "stderr"], "values": [{"value": "\r  0%|          | 307/300000 [00:05<1:34:24, 52.91it/s]", "step": null, "ts": 1643510407.0199842}]}, "version": 115}
{"obj": {"type": "LogStrings", "path": ["monitoring", "stderr"], "values": [{"value": "\r  0%|          | 313/300000 [00:05<1:36:01, 52.02it/s]", "step": null, "ts": 1643510407.1398547}]}, "version": 116}
{"obj": {"type": "LogStrings", "path": ["monitoring", "stderr"], "values": [{"value": "\r  0%|          | 319/300000 [00:05<1:37:20, 51.31it/s]", "step": null, "ts": 1643510407.2604866}]}, "version": 117}
{"obj": {"type": "LogStrings", "path": ["monitoring", "stderr"], "values": [{"value": "\r  0%|          | 325/300000 [00:06<1:36:14, 51.89it/s]", "step": null, "ts": 1643510407.373208}]}, "version": 118}
{"obj": {"type": "LogStrings", "path": ["monitoring", "stderr"], "values": [{"value": "\r  0%|          | 331/300000 [00:06<1:34:22, 52.92it/s]", "step": null, "ts": 1643510407.4811864}]}, "version": 119}
{"obj": {"type": "LogStrings", "path": ["monitoring", "stderr"], "values": [{"value": "\r  0%|          | 337/300000 [00:06<1:32:50, 53.79it/s]", "step": null, "ts": 1643510407.5884326}]}, "version": 120}
{"obj": {"type": "LogStrings", "path": ["monitoring", "stderr"], "values": [{"value": "\r  0%|          | 343/300000 [00:06<1:31:31, 54.57it/s]", "step": null, "ts": 1643510407.694694}]}, "version": 121}
{"obj": {"type": "LogStrings", "path": ["monitoring", "stderr"], "values": [{"value": "\r  0%|          | 349/300000 [00:06<1:30:41, 55.07it/s]", "step": null, "ts": 1643510407.8013504}]}, "version": 122}
{"obj": {"type": "LogStrings", "path": ["monitoring", "stderr"], "values": [{"value": "\r  0%|          | 355/300000 [00:06<1:29:46, 55.63it/s]", "step": null, "ts": 1643510407.9065914}]}, "version": 123}
{"obj": {"type": "LogStrings", "path": ["monitoring", "stderr"], "values": [{"value": "\r  0%|          | 361/300000 [00:06<1:28:37, 56.35it/s]", "step": null, "ts": 1643510408.00988}]}, "version": 124}
{"obj": {"type": "LogStrings", "path": ["monitoring", "stderr"], "values": [{"value": "\r  0%|          | 367/300000 [00:06<1:28:18, 56.55it/s]", "step": null, "ts": 1643510408.1151514}]}, "version": 125}
{"obj": {"type": "LogStrings", "path": ["monitoring", "stderr"], "values": [{"value": "\r  0%|          | 373/300000 [00:06<1:27:51, 56.84it/s]", "step": null, "ts": 1643510408.2193909}]}, "version": 126}
{"obj": {"type": "LogStrings", "path": ["monitoring", "stderr"], "values": [{"value": "\r  0%|          | 379/300000 [00:07<1:27:09, 57.29it/s]", "step": null, "ts": 1643510408.3221562}]}, "version": 127}
{"obj": {"type": "LogStrings", "path": ["monitoring", "stderr"], "values": [{"value": "\r  0%|          | 385/300000 [00:07<1:27:27, 57.09it/s]", "step": null, "ts": 1643510408.4281697}]}, "version": 128}
{"obj": {"type": "LogStrings", "path": ["monitoring", "stderr"], "values": [{"value": "\r  0%|          | 391/300000 [00:07<1:28:19, 56.54it/s]", "step": null, "ts": 1643510408.5366633}]}, "version": 129}
{"obj": {"type": "LogStrings", "path": ["monitoring", "stderr"], "values": [{"value": "\r  0%|          | 397/300000 [00:07<1:28:48, 56.22it/s]", "step": null, "ts": 1643510408.6447606}]}, "version": 130}
{"obj": {"type": "LogStrings", "path": ["monitoring", "stderr"], "values": [{"value": "\r  0%|          | 403/300000 [00:07<1:28:38, 56.33it/s]", "step": null, "ts": 1643510408.750779}]}, "version": 131}
{"obj": {"type": "LogStrings", "path": ["monitoring", "stderr"], "values": [{"value": "\r  0%|          | 409/300000 [00:07<1:28:17, 56.56it/s]", "step": null, "ts": 1643510408.8558836}]}, "version": 132}
{"obj": {"type": "LogStrings", "path": ["monitoring", "stderr"], "values": [{"value": "\r  0%|          | 415/300000 [00:07<1:27:53, 56.81it/s]", "step": null, "ts": 1643510408.9603937}]}, "version": 133}
{"obj": {"type": "LogStrings", "path": ["monitoring", "stderr"], "values": [{"value": "\r  0%|          | 421/300000 [00:07<1:28:04, 56.69it/s]", "step": null, "ts": 1643510409.0667305}]}, "version": 134}
{"obj": {"type": "LogStrings", "path": ["monitoring", "stderr"], "values": [{"value": "\r  0%|          | 427/300000 [00:07<1:29:45, 55.63it/s]", "step": null, "ts": 1643510409.1793435}]}, "version": 135}
{"obj": {"type": "LogStrings", "path": ["monitoring", "stderr"], "values": [{"value": "\r  0%|          | 433/300000 [00:07<1:31:49, 54.37it/s]", "step": null, "ts": 1643510409.295491}]}, "version": 136}
{"obj": {"type": "LogStrings", "path": ["monitoring", "stderr"], "values": [{"value": "\r  0%|          | 439/300000 [00:08<1:33:41, 53.29it/s]", "step": null, "ts": 1643510409.413319}]}, "version": 137}
{"obj": {"type": "LogStrings", "path": ["monitoring", "stderr"], "values": [{"value": "\r  0%|          | 445/300000 [00:08<1:34:55, 52.60it/s]", "step": null, "ts": 1643510409.5309408}]}, "version": 138}
{"obj": {"type": "LogStrings", "path": ["monitoring", "stderr"], "values": [{"value": "\r  0%|          | 451/300000 [00:08<1:36:26, 51.77it/s]", "step": null, "ts": 1643510409.6510448}]}, "version": 139}
{"obj": {"type": "LogStrings", "path": ["monitoring", "stderr"], "values": [{"value": "\r  0%|          | 457/300000 [00:08<1:38:08, 50.87it/s]", "step": null, "ts": 1643510409.7737365}]}, "version": 140}
{"obj": {"type": "LogStrings", "path": ["monitoring", "stderr"], "values": [{"value": "\r  0%|          | 463/300000 [00:08<1:40:11, 49.83it/s]", "step": null, "ts": 1643510409.8999634}]}, "version": 141}
{"obj": {"type": "LogStrings", "path": ["monitoring", "stderr"], "values": [{"value": "\r  0%|          | 468/300000 [00:08<1:41:33, 49.16it/s]", "step": null, "ts": 1643510410.0054646}]}, "version": 142}
{"obj": {"type": "LogStrings", "path": ["monitoring", "stderr"], "values": [{"value": "\r  0%|          | 474/300000 [00:08<1:40:43, 49.56it/s]", "step": null, "ts": 1643510410.1243093}]}, "version": 143}
{"obj": {"type": "LogStrings", "path": ["monitoring", "stderr"], "values": [{"value": "\r  0%|          | 480/300000 [00:08<1:39:02, 50.40it/s]", "step": null, "ts": 1643510410.2388165}]}, "version": 144}
{"obj": {"type": "LogStrings", "path": ["monitoring", "stderr"], "values": [{"value": "\r  0%|          | 486/300000 [00:09<1:39:34, 50.13it/s]", "step": null, "ts": 1643510410.3599772}]}, "version": 145}
{"obj": {"type": "LogStrings", "path": ["monitoring", "stderr"], "values": [{"value": "\r  0%|          | 492/300000 [00:09<1:38:38, 50.61it/s]", "step": null, "ts": 1643510410.4759307}]}, "version": 146}
{"obj": {"type": "LogStrings", "path": ["monitoring", "stderr"], "values": [{"value": "\r  0%|          | 498/300000 [00:09<1:37:15, 51.32it/s]", "step": null, "ts": 1643510410.5890195}]}, "version": 147}
{"obj": {"type": "LogStrings", "path": ["monitoring", "stderr"], "values": [{"value": "\r  0%|          | 504/300000 [00:09<1:37:53, 50.99it/s]", "step": null, "ts": 1643510410.7084427}]}, "version": 148}
{"obj": {"type": "LogStrings", "path": ["monitoring", "stderr"], "values": [{"value": "\r  0%|          | 510/300000 [00:09<1:35:50, 52.08it/s]", "step": null, "ts": 1643510410.8181205}]}, "version": 149}
{"obj": {"type": "LogStrings", "path": ["monitoring", "stderr"], "values": [{"value": "\r  0%|          | 516/300000 [00:09<1:34:00, 53.09it/s]", "step": null, "ts": 1643510410.9258544}]}, "version": 150}
{"obj": {"type": "LogStrings", "path": ["monitoring", "stderr"], "values": [{"value": "\r  0%|          | 522/300000 [00:09<1:32:51, 53.75it/s]", "step": null, "ts": 1643510411.034318}]}, "version": 151}
{"obj": {"type": "LogStrings", "path": ["monitoring", "stderr"], "values": [{"value": "\r  0%|          | 528/300000 [00:09<1:31:53, 54.31it/s]", "step": null, "ts": 1643510411.1420522}]}, "version": 152}
{"obj": {"type": "LogStrings", "path": ["monitoring", "stderr"], "values": [{"value": "\r  0%|          | 534/300000 [00:09<1:30:55, 54.89it/s]", "step": null, "ts": 1643510411.2486584}]}, "version": 153}
{"obj": {"type": "LogStrings", "path": ["monitoring", "stderr"], "values": [{"value": "\r  0%|          | 540/300000 [00:10<1:30:14, 55.30it/s]", "step": null, "ts": 1643510411.355233}]}, "version": 154}
{"obj": {"type": "LogStrings", "path": ["monitoring", "stderr"], "values": [{"value": "\r  0%|          | 546/300000 [00:10<1:29:28, 55.78it/s]", "step": null, "ts": 1643510411.4606586}]}, "version": 155}
{"obj": {"type": "LogStrings", "path": ["monitoring", "stderr"], "values": [{"value": "\r  0%|          | 552/300000 [00:10<1:30:03, 55.42it/s]", "step": null, "ts": 1643510411.5706255}]}, "version": 156}
{"obj": {"type": "LogStrings", "path": ["monitoring", "stderr"], "values": [{"value": "\r  0%|          | 558/300000 [00:10<1:32:44, 53.82it/s]", "step": null, "ts": 1643510411.689567}]}, "version": 157}
{"obj": {"type": "LogStrings", "path": ["monitoring", "stderr"], "values": [{"value": "\r  0%|          | 564/300000 [00:10<1:31:20, 54.63it/s]", "step": null, "ts": 1643510411.7955003}]}, "version": 158}
{"obj": {"type": "LogStrings", "path": ["monitoring", "stderr"], "values": [{"value": "\r  0%|          | 570/300000 [00:10<1:30:20, 55.24it/s]", "step": null, "ts": 1643510411.9013822}]}, "version": 159}
{"obj": {"type": "LogStrings", "path": ["monitoring", "stderr"], "values": [{"value": "\r  0%|          | 576/300000 [00:10<1:29:48, 55.57it/s]", "step": null, "ts": 1643510412.0077636}]}, "version": 160}
{"obj": {"type": "LogStrings", "path": ["monitoring", "stderr"], "values": [{"value": "\r  0%|          | 582/300000 [00:10<1:30:49, 54.94it/s]", "step": null, "ts": 1643510412.1198637}]}, "version": 161}
{"obj": {"type": "LogStrings", "path": ["monitoring", "stderr"], "values": [{"value": "\r  0%|          | 588/300000 [00:10<1:29:31, 55.74it/s]", "step": null, "ts": 1643510412.2238574}]}, "version": 162}
{"obj": {"type": "LogStrings", "path": ["monitoring", "stderr"], "values": [{"value": "\r  0%|          | 594/300000 [00:11<1:27:50, 56.81it/s]", "step": null, "ts": 1643510412.3247137}]}, "version": 163}
{"obj": {"type": "LogStrings", "path": ["monitoring", "stderr"], "values": [{"value": "\r  0%|          | 601/300000 [00:11<1:26:40, 57.58it/s]", "step": null, "ts": 1643510412.4430156}]}, "version": 164}
{"obj": {"type": "LogStrings", "path": ["monitoring", "stderr"], "values": [{"value": "\r  0%|          | 607/300000 [00:11<1:26:39, 57.59it/s]", "step": null, "ts": 1643510412.5472496}]}, "version": 165}
{"obj": {"type": "LogStrings", "path": ["monitoring", "stderr"], "values": [{"value": "\r  0%|          | 613/300000 [00:11<1:26:44, 57.52it/s]", "step": null, "ts": 1643510412.6518016}]}, "version": 166}
{"obj": {"type": "LogStrings", "path": ["monitoring", "stderr"], "values": [{"value": "\r  0%|          | 619/300000 [00:11<1:26:47, 57.49it/s]", "step": null, "ts": 1643510412.7562578}]}, "version": 167}
{"obj": {"type": "LogStrings", "path": ["monitoring", "stderr"], "values": [{"value": "\r  0%|          | 625/300000 [00:11<1:26:43, 57.54it/s]", "step": null, "ts": 1643510412.8603425}]}, "version": 168}
{"obj": {"type": "LogStrings", "path": ["monitoring", "stderr"], "values": [{"value": "\r  0%|          | 631/300000 [00:11<1:26:22, 57.77it/s]", "step": null, "ts": 1643510412.9632297}]}, "version": 169}
{"obj": {"type": "LogStrings", "path": ["monitoring", "stderr"], "values": [{"value": "\r  0%|          | 638/300000 [00:11<1:24:56, 58.74it/s]", "step": null, "ts": 1643510413.078361}]}, "version": 170}
{"obj": {"type": "LogStrings", "path": ["monitoring", "stderr"], "values": [{"value": "\r  0%|          | 644/300000 [00:11<1:24:43, 58.88it/s]", "step": null, "ts": 1643510413.1796396}]}, "version": 171}
{"obj": {"type": "LogStrings", "path": ["monitoring", "stderr"], "values": [{"value": "\r  0%|          | 650/300000 [00:11<1:24:38, 58.94it/s]", "step": null, "ts": 1643510413.2811952}]}, "version": 172}
{"obj": {"type": "LogStrings", "path": ["monitoring", "stderr"], "values": [{"value": "\r  0%|          | 656/300000 [00:12<1:24:46, 58.85it/s]", "step": null, "ts": 1643510413.3835227}]}, "version": 173}
{"obj": {"type": "LogStrings", "path": ["monitoring", "stderr"], "values": [{"value": "\r  0%|          | 662/300000 [00:12<1:25:18, 58.48it/s]", "step": null, "ts": 1643510413.4876473}]}, "version": 174}
{"obj": {"type": "LogStrings", "path": ["monitoring", "stderr"], "values": [{"value": "\r  0%|          | 668/300000 [00:12<1:26:15, 57.84it/s]", "step": null, "ts": 1643510413.5941067}]}, "version": 175}
{"obj": {"type": "LogStrings", "path": ["monitoring", "stderr"], "values": [{"value": "\r  0%|          | 674/300000 [00:12<1:26:01, 57.99it/s]", "step": null, "ts": 1643510413.6970003}]}, "version": 176}
{"obj": {"type": "LogStrings", "path": ["monitoring", "stderr"], "values": [{"value": "\r  0%|          | 680/300000 [00:12<1:26:13, 57.86it/s]", "step": null, "ts": 1643510413.8012047}]}, "version": 177}
{"obj": {"type": "LogStrings", "path": ["monitoring", "stderr"], "values": [{"value": "\r  0%|          | 686/300000 [00:12<1:26:32, 57.64it/s]", "step": null, "ts": 1643510413.9061792}]}, "version": 178}
{"obj": {"type": "LogStrings", "path": ["monitoring", "stderr"], "values": [{"value": "\r  0%|          | 692/300000 [00:12<1:25:44, 58.18it/s]", "step": null, "ts": 1643510414.007025}]}, "version": 179}
{"obj": {"type": "LogStrings", "path": ["monitoring", "stderr"], "values": [{"value": "\r  0%|          | 698/300000 [00:12<1:25:10, 58.57it/s]", "step": null, "ts": 1643510414.1079168}]}, "version": 180}
{"obj": {"type": "LogStrings", "path": ["monitoring", "stderr"], "values": [{"value": "\r  0%|          | 704/300000 [00:12<1:25:55, 58.06it/s]", "step": null, "ts": 1643510414.2133648}]}, "version": 181}
{"obj": {"type": "LogStrings", "path": ["monitoring", "stderr"], "values": [{"value": "\r  0%|          | 710/300000 [00:12<1:25:38, 58.25it/s]", "step": null, "ts": 1643510414.3155696}]}, "version": 182}
{"obj": {"type": "LogStrings", "path": ["monitoring", "stderr"], "values": [{"value": "\r  0%|          | 716/300000 [00:13<1:25:09, 58.57it/s]", "step": null, "ts": 1643510414.4166818}]}, "version": 183}
{"obj": {"type": "LogStrings", "path": ["monitoring", "stderr"], "values": [{"value": "\r  0%|          | 722/300000 [00:13<1:25:02, 58.65it/s]", "step": null, "ts": 1643510414.5186515}]}, "version": 184}
{"obj": {"type": "LogStrings", "path": ["monitoring", "stderr"], "values": [{"value": "\r  0%|          | 728/300000 [00:13<1:25:14, 58.51it/s]", "step": null, "ts": 1643510414.621765}]}, "version": 185}
{"obj": {"type": "LogStrings", "path": ["monitoring", "stderr"], "values": [{"value": "\r  0%|          | 734/300000 [00:13<1:25:08, 58.58it/s]", "step": null, "ts": 1643510414.7239306}]}, "version": 186}
{"obj": {"type": "LogFloats", "path": ["monitoring", "cpu"], "values": [{"value": 20.1, "step": null, "ts": 1643510414.828462}]}, "version": 187}
{"obj": {"type": "LogFloats", "path": ["monitoring", "memory"], "values": [{"value": 11.41189193725586, "step": null, "ts": 1643510414.828462}]}, "version": 188}
{"obj": {"type": "LogFloats", "path": ["monitoring", "gpu"], "values": [{"value": 5.0, "step": null, "ts": 1643510414.828462}]}, "version": 189}
{"obj": {"type": "LogFloats", "path": ["monitoring", "gpu_memory"], "values": [{"value": 1.0390625, "step": null, "ts": 1643510414.828462}]}, "version": 190}
{"obj": {"type": "LogStrings", "path": ["monitoring", "stderr"], "values": [{"value": "\r  0%|          | 741/300000 [00:13<1:24:10, 59.25it/s]", "step": null, "ts": 1643510414.8393893}]}, "version": 191}
{"obj": {"type": "LogStrings", "path": ["monitoring", "stderr"], "values": [{"value": "\r  0%|          | 747/300000 [00:13<1:27:47, 56.81it/s]", "step": null, "ts": 1643510414.9556262}]}, "version": 192}
{"obj": {"type": "LogStrings", "path": ["monitoring", "stderr"], "values": [{"value": "\r  0%|          | 753/300000 [00:13<1:27:22, 57.09it/s]", "step": null, "ts": 1643510415.0595083}]}, "version": 193}
{"obj": {"type": "LogStrings", "path": ["monitoring", "stderr"], "values": [{"value": "\r  0%|          | 759/300000 [00:13<1:26:48, 57.46it/s]", "step": null, "ts": 1643510415.162321}]}, "version": 194}
{"obj": {"type": "LogStrings", "path": ["monitoring", "stderr"], "values": [{"value": "\r  0%|          | 765/300000 [00:13<1:25:46, 58.14it/s]", "step": null, "ts": 1643510415.2626057}]}, "version": 195}
{"obj": {"type": "LogStrings", "path": ["monitoring", "stderr"], "values": [{"value": "\r  0%|          | 772/300000 [00:14<1:23:57, 59.40it/s]", "step": null, "ts": 1643510415.3752594}]}, "version": 196}
{"obj": {"type": "LogStrings", "path": ["monitoring", "stderr"], "values": [{"value": "\r  0%|          | 779/300000 [00:14<1:22:52, 60.17it/s]", "step": null, "ts": 1643510415.4884167}]}, "version": 197}
{"obj": {"type": "LogStrings", "path": ["monitoring", "stderr"], "values": [{"value": "\r  0%|          | 786/300000 [00:14<1:22:56, 60.13it/s]", "step": null, "ts": 1643510415.6050353}]}, "version": 198}
{"obj": {"type": "LogStrings", "path": ["monitoring", "stderr"], "values": [{"value": "\r  0%|          | 793/300000 [00:14<1:23:14, 59.90it/s]", "step": null, "ts": 1643510415.7228389}]}, "version": 199}
{"obj": {"type": "LogStrings", "path": ["monitoring", "stderr"], "values": [{"value": "\r  0%|          | 799/300000 [00:14<1:25:01, 58.64it/s]", "step": null, "ts": 1643510415.8308375}]}, "version": 200}
{"obj": {"type": "LogStrings", "path": ["monitoring", "stderr"], "values": [{"value": "\r  0%|          | 805/300000 [00:14<1:27:57, 56.70it/s]", "step": null, "ts": 1643510415.9456003}]}, "version": 201}
{"obj": {"type": "LogStrings", "path": ["monitoring", "stderr"], "values": [{"value": "\r  0%|          | 811/300000 [00:14<1:28:14, 56.50it/s]", "step": null, "ts": 1643510416.0526838}]}, "version": 202}
{"obj": {"type": "LogStrings", "path": ["monitoring", "stderr"], "values": [{"value": "\r  0%|          | 817/300000 [00:14<1:28:18, 56.46it/s]", "step": null, "ts": 1643510416.159164}]}, "version": 203}
{"obj": {"type": "LogStrings", "path": ["monitoring", "stderr"], "values": [{"value": "\r  0%|          | 823/300000 [00:14<1:27:14, 57.16it/s]", "step": null, "ts": 1643510416.2610135}]}, "version": 204}
{"obj": {"type": "LogStrings", "path": ["monitoring", "stderr"], "values": [{"value": "\r  0%|          | 829/300000 [00:15<1:33:13, 53.49it/s]", "step": null, "ts": 1643510416.390401}]}, "version": 205}
{"obj": {"type": "LogStrings", "path": ["monitoring", "stderr"], "values": [{"value": "\r  0%|          | 835/300000 [00:15<1:31:31, 54.48it/s]", "step": null, "ts": 1643510416.4956677}]}, "version": 206}
{"obj": {"type": "LogStrings", "path": ["monitoring", "stderr"], "values": [{"value": "\r  0%|          | 841/300000 [00:15<1:29:36, 55.64it/s]", "step": null, "ts": 1643510416.598156}]}, "version": 207}
{"obj": {"type": "LogStrings", "path": ["monitoring", "stderr"], "values": [{"value": "\r  0%|          | 847/300000 [00:15<1:27:54, 56.72it/s]", "step": null, "ts": 1643510416.6991258}]}, "version": 208}
{"obj": {"type": "LogStrings", "path": ["monitoring", "stderr"], "values": [{"value": "\r  0%|          | 853/300000 [00:15<1:27:43, 56.84it/s]", "step": null, "ts": 1643510416.8041077}]}, "version": 209}
{"obj": {"type": "LogStrings", "path": ["monitoring", "stderr"], "values": [{"value": "\r  0%|          | 859/300000 [00:15<1:26:23, 57.71it/s]", "step": null, "ts": 1643510416.9042995}]}, "version": 210}
{"obj": {"type": "LogStrings", "path": ["monitoring", "stderr"], "values": [{"value": "\r  0%|          | 866/300000 [00:15<1:24:19, 59.12it/s]", "step": null, "ts": 1643510417.0168905}]}, "version": 211}
{"obj": {"type": "LogStrings", "path": ["monitoring", "stderr"], "values": [{"value": "\r  0%|          | 873/300000 [00:15<1:23:19, 59.83it/s]", "step": null, "ts": 1643510417.1309838}]}, "version": 212}
{"obj": {"type": "LogStrings", "path": ["monitoring", "stderr"], "values": [{"value": "\r  0%|          | 879/300000 [00:15<1:23:49, 59.48it/s]", "step": null, "ts": 1643510417.2333567}]}, "version": 213}
{"obj": {"type": "LogStrings", "path": ["monitoring", "stderr"], "values": [{"value": "\r  0%|          | 885/300000 [00:16<1:25:31, 58.29it/s]", "step": null, "ts": 1643510417.3413572}]}, "version": 214}
{"obj": {"type": "LogStrings", "path": ["monitoring", "stderr"], "values": [{"value": "\r  0%|          | 891/300000 [00:16<1:27:58, 56.67it/s]", "step": null, "ts": 1643510417.4544814}]}, "version": 215}
{"obj": {"type": "LogStrings", "path": ["monitoring", "stderr"], "values": [{"value": "\r  0%|          | 897/300000 [00:16<1:28:19, 56.44it/s]", "step": null, "ts": 1643510417.561768}]}, "version": 216}
{"obj": {"type": "LogStrings", "path": ["monitoring", "stderr"], "values": [{"value": "\r  0%|          | 903/300000 [00:16<1:27:54, 56.71it/s]", "step": null, "ts": 1643510417.666388}]}, "version": 217}
{"obj": {"type": "LogStrings", "path": ["monitoring", "stderr"], "values": [{"value": "\r  0%|          | 909/300000 [00:16<1:27:06, 57.23it/s]", "step": null, "ts": 1643510417.7689412}]}, "version": 218}
{"obj": {"type": "LogStrings", "path": ["monitoring", "stderr"], "values": [{"value": "\r  0%|          | 915/300000 [00:16<1:27:20, 57.07it/s]", "step": null, "ts": 1643510417.8747394}]}, "version": 219}
{"obj": {"type": "LogStrings", "path": ["monitoring", "stderr"], "values": [{"value": "\r  0%|          | 922/300000 [00:16<1:25:44, 58.13it/s]", "step": null, "ts": 1643510417.9906526}]}, "version": 220}
{"obj": {"type": "LogStrings", "path": ["monitoring", "stderr"], "values": [{"value": "\r  0%|          | 928/300000 [00:16<1:25:41, 58.16it/s]", "step": null, "ts": 1643510418.093678}]}, "version": 221}
{"obj": {"type": "LogStrings", "path": ["monitoring", "stderr"], "values": [{"value": "\r  0%|          | 934/300000 [00:16<1:25:04, 58.58it/s]", "step": null, "ts": 1643510418.1943097}]}, "version": 222}
{"obj": {"type": "LogStrings", "path": ["monitoring", "stderr"], "values": [{"value": "\r  0%|          | 940/300000 [00:16<1:24:38, 58.89it/s]", "step": null, "ts": 1643510418.2949286}]}, "version": 223}
{"obj": {"type": "LogStrings", "path": ["monitoring", "stderr"], "values": [{"value": "\r  0%|          | 947/300000 [00:17<1:23:58, 59.36it/s]", "step": null, "ts": 1643510418.4109564}]}, "version": 224}
{"obj": {"type": "LogStrings", "path": ["monitoring", "stderr"], "values": [{"value": "\r  0%|          | 954/300000 [00:17<1:22:58, 60.07it/s]", "step": null, "ts": 1643510418.5245194}]}, "version": 225}
{"obj": {"type": "LogStrings", "path": ["monitoring", "stderr"], "values": [{"value": "\r  0%|          | 961/300000 [00:17<1:22:39, 60.30it/s]", "step": null, "ts": 1643510418.6396098}]}, "version": 226}
{"obj": {"type": "LogStrings", "path": ["monitoring", "stderr"], "values": [{"value": "\r  0%|          | 968/300000 [00:17<1:22:45, 60.22it/s]", "step": null, "ts": 1643510418.756205}]}, "version": 227}
{"obj": {"type": "LogStrings", "path": ["monitoring", "stderr"], "values": [{"value": "\r  0%|          | 975/300000 [00:17<1:23:07, 59.96it/s]", "step": null, "ts": 1643510418.8740807}]}, "version": 228}
{"obj": {"type": "LogStrings", "path": ["monitoring", "stderr"], "values": [{"value": "\r  0%|          | 981/300000 [00:17<1:23:08, 59.94it/s]", "step": null, "ts": 1643510418.9742663}]}, "version": 229}
{"obj": {"type": "LogStrings", "path": ["monitoring", "stderr"], "values": [{"value": "\r  0%|          | 988/300000 [00:17<1:22:45, 60.22it/s]", "step": null, "ts": 1643510419.0893176}]}, "version": 230}
{"obj": {"type": "LogStrings", "path": ["monitoring", "stderr"], "values": [{"value": "\r  0%|          | 995/300000 [00:17<1:22:40, 60.28it/s]", "step": null, "ts": 1643510419.2052047}]}, "version": 231}
{"obj": {"type": "LogStrings", "path": ["monitoring", "stderr"], "values": [{"value": "\r  0%|          | 1002/300000 [00:18<4:57:14, 16.76it/s]", "step": null, "ts": 1643510420.3061361}]}, "version": 232}
{"obj": {"type": "LogStrings", "path": ["monitoring", "stderr"], "values": [{"value": "\r  0%|          | 1007/300000 [00:19<4:12:25, 19.74it/s]", "step": null, "ts": 1643510420.4154263}]}, "version": 233}
{"obj": {"type": "LogStrings", "path": ["monitoring", "stderr"], "values": [{"value": "\r  0%|          | 1013/300000 [00:19<3:25:03, 24.30it/s]", "step": null, "ts": 1643510420.522511}]}, "version": 234}
{"obj": {"type": "LogStrings", "path": ["monitoring", "stderr"], "values": [{"value": "\r  0%|          | 1019/300000 [00:19<2:51:24, 29.07it/s]", "step": null, "ts": 1643510420.631079}]}, "version": 235}
{"obj": {"type": "LogStrings", "path": ["monitoring", "stderr"], "values": [{"value": "\r  0%|          | 1025/300000 [00:19<2:27:33, 33.77it/s]", "step": null, "ts": 1643510420.7400692}]}, "version": 236}
{"obj": {"type": "LogStrings", "path": ["monitoring", "stderr"], "values": [{"value": "\r  0%|          | 1031/300000 [00:19<2:10:18, 38.24it/s]", "step": null, "ts": 1643510420.8476784}]}, "version": 237}
{"obj": {"type": "LogStrings", "path": ["monitoring", "stderr"], "values": [{"value": "\r  0%|          | 1037/300000 [00:19<1:58:25, 42.07it/s]", "step": null, "ts": 1643510420.9565117}]}, "version": 238}
{"obj": {"type": "LogStrings", "path": ["monitoring", "stderr"], "values": [{"value": "\r  0%|          | 1043/300000 [00:19<1:49:48, 45.38it/s]", "step": null, "ts": 1643510421.064315}]}, "version": 239}
{"obj": {"type": "LogStrings", "path": ["monitoring", "stderr"], "values": [{"value": "\r  0%|          | 1049/300000 [00:19<1:43:30, 48.14it/s]", "step": null, "ts": 1643510421.171152}]}, "version": 240}
{"obj": {"type": "LogStrings", "path": ["monitoring", "stderr"], "values": [{"value": "\r  0%|          | 1055/300000 [00:19<1:39:01, 50.31it/s]", "step": null, "ts": 1643510421.2777846}]}, "version": 241}
{"obj": {"type": "LogStrings", "path": ["monitoring", "stderr"], "values": [{"value": "\r  0%|          | 1061/300000 [00:20<1:36:31, 51.62it/s]", "step": null, "ts": 1643510421.3869748}]}, "version": 242}
{"obj": {"type": "LogStrings", "path": ["monitoring", "stderr"], "values": [{"value": "\r  0%|          | 1067/300000 [00:20<1:36:32, 51.61it/s]", "step": null, "ts": 1643510421.5033667}]}, "version": 243}
{"obj": {"type": "LogStrings", "path": ["monitoring", "stderr"], "values": [{"value": "\r  0%|          | 1073/300000 [00:20<1:35:44, 52.03it/s]", "step": null, "ts": 1643510421.6164572}]}, "version": 244}
{"obj": {"type": "LogStrings", "path": ["monitoring", "stderr"], "values": [{"value": "\r  0%|          | 1079/300000 [00:20<1:34:49, 52.54it/s]", "step": null, "ts": 1643510421.727961}]}, "version": 245}
{"obj": {"type": "LogStrings", "path": ["monitoring", "stderr"], "values": [{"value": "\r  0%|          | 1085/300000 [00:20<1:33:49, 53.10it/s]", "step": null, "ts": 1643510421.8381433}]}, "version": 246}
{"obj": {"type": "LogStrings", "path": ["monitoring", "stderr"], "values": [{"value": "\r  0%|          | 1091/300000 [00:20<1:33:35, 53.23it/s]", "step": null, "ts": 1643510421.950277}]}, "version": 247}
{"obj": {"type": "LogStrings", "path": ["monitoring", "stderr"], "values": [{"value": "\r  0%|          | 1097/300000 [00:20<1:33:28, 53.29it/s]", "step": null, "ts": 1643510422.0625098}]}, "version": 248}
{"obj": {"type": "LogStrings", "path": ["monitoring", "stderr"], "values": [{"value": "\r  0%|          | 1103/300000 [00:20<1:32:38, 53.77it/s]", "step": null, "ts": 1643510422.1717417}]}, "version": 249}
{"obj": {"type": "LogStrings", "path": ["monitoring", "stderr"], "values": [{"value": "\r  0%|          | 1109/300000 [00:20<1:31:34, 54.40it/s]", "step": null, "ts": 1643510422.2790475}]}, "version": 250}
{"obj": {"type": "LogStrings", "path": ["monitoring", "stderr"], "values": [{"value": "\r  0%|          | 1115/300000 [00:21<1:30:22, 55.12it/s]", "step": null, "ts": 1643510422.3845172}]}, "version": 251}
{"obj": {"type": "LogStrings", "path": ["monitoring", "stderr"], "values": [{"value": "\r  0%|          | 1121/300000 [00:21<1:30:45, 54.89it/s]", "step": null, "ts": 1643510422.4949775}]}, "version": 252}
{"obj": {"type": "LogStrings", "path": ["monitoring", "stderr"], "values": [{"value": "\r  0%|          | 1127/300000 [00:21<1:30:26, 55.08it/s]", "step": null, "ts": 1643510422.6029541}]}, "version": 253}
{"obj": {"type": "LogStrings", "path": ["monitoring", "stderr"], "values": [{"value": "\r  0%|          | 1133/300000 [00:21<1:30:03, 55.31it/s]", "step": null, "ts": 1643510422.7103434}]}, "version": 254}
{"obj": {"type": "LogStrings", "path": ["monitoring", "stderr"], "values": [{"value": "\r  0%|          | 1139/300000 [00:21<1:29:24, 55.71it/s]", "step": null, "ts": 1643510422.8162346}]}, "version": 255}
{"obj": {"type": "LogStrings", "path": ["monitoring", "stderr"], "values": [{"value": "\r  0%|          | 1145/300000 [00:21<1:28:50, 56.06it/s]", "step": null, "ts": 1643510422.9216979}]}, "version": 256}
{"obj": {"type": "LogStrings", "path": ["monitoring", "stderr"], "values": [{"value": "\r  0%|          | 1151/300000 [00:21<1:28:27, 56.31it/s]", "step": null, "ts": 1643510423.0271535}]}, "version": 257}
{"obj": {"type": "LogStrings", "path": ["monitoring", "stderr"], "values": [{"value": "\r  0%|          | 1157/300000 [00:21<1:29:03, 55.93it/s]", "step": null, "ts": 1643510423.136139}]}, "version": 258}
{"obj": {"type": "LogStrings", "path": ["monitoring", "stderr"], "values": [{"value": "\r  0%|          | 1163/300000 [00:21<1:29:22, 55.73it/s]", "step": null, "ts": 1643510423.2447088}]}, "version": 259}
{"obj": {"type": "LogStrings", "path": ["monitoring", "stderr"], "values": [{"value": "\r  0%|          | 1169/300000 [00:22<1:29:56, 55.37it/s]", "step": null, "ts": 1643510423.3546834}]}, "version": 260}
{"obj": {"type": "LogStrings", "path": ["monitoring", "stderr"], "values": [{"value": "\r  0%|          | 1175/300000 [00:22<1:30:15, 55.18it/s]", "step": null, "ts": 1643510423.4643202}]}, "version": 261}
{"obj": {"type": "LogStrings", "path": ["monitoring", "stderr"], "values": [{"value": "\r  0%|          | 1181/300000 [00:22<1:31:42, 54.31it/s]", "step": null, "ts": 1643510423.5788488}]}, "version": 262}
{"obj": {"type": "LogStrings", "path": ["monitoring", "stderr"], "values": [{"value": "\r  0%|          | 1187/300000 [00:22<1:31:56, 54.17it/s]", "step": null, "ts": 1643510423.6903036}]}, "version": 263}
{"obj": {"type": "LogStrings", "path": ["monitoring", "stderr"], "values": [{"value": "\r  0%|          | 1193/300000 [00:22<1:32:38, 53.76it/s]", "step": null, "ts": 1643510423.8039787}]}, "version": 264}
{"obj": {"type": "LogStrings", "path": ["monitoring", "stderr"], "values": [{"value": "\r  0%|          | 1199/300000 [00:22<1:32:36, 53.77it/s]", "step": null, "ts": 1643510423.9153776}]}, "version": 265}
{"obj": {"type": "LogStrings", "path": ["monitoring", "stderr"], "values": [{"value": "\r  0%|          | 1205/300000 [00:22<1:32:53, 53.61it/s]", "step": null, "ts": 1643510424.028099}]}, "version": 266}
{"obj": {"type": "LogStrings", "path": ["monitoring", "stderr"], "values": [{"value": "\r  0%|          | 1211/300000 [00:22<1:32:34, 53.79it/s]", "step": null, "ts": 1643510424.1387506}]}, "version": 267}
{"obj": {"type": "LogStrings", "path": ["monitoring", "stderr"], "values": [{"value": "\r  0%|          | 1217/300000 [00:22<1:31:57, 54.15it/s]", "step": null, "ts": 1643510424.2478678}]}, "version": 268}
{"obj": {"type": "LogStrings", "path": ["monitoring", "stderr"], "values": [{"value": "\r  0%|          | 1223/300000 [00:23<1:31:59, 54.13it/s]", "step": null, "ts": 1643510424.3587878}]}, "version": 269}
{"obj": {"type": "LogStrings", "path": ["monitoring", "stderr"], "values": [{"value": "\r  0%|          | 1229/300000 [00:23<1:31:48, 54.23it/s]", "step": null, "ts": 1643510424.4689155}]}, "version": 270}
{"obj": {"type": "LogStrings", "path": ["monitoring", "stderr"], "values": [{"value": "\r  0%|          | 1235/300000 [00:23<1:31:11, 54.60it/s]", "step": null, "ts": 1643510424.5770874}]}, "version": 271}
{"obj": {"type": "LogStrings", "path": ["monitoring", "stderr"], "values": [{"value": "\r  0%|          | 1241/300000 [00:23<1:30:56, 54.75it/s]", "step": null, "ts": 1643510424.6859374}]}, "version": 272}
{"obj": {"type": "LogStrings", "path": ["monitoring", "stderr"], "values": [{"value": "\r  0%|          | 1247/300000 [00:23<1:30:51, 54.81it/s]", "step": null, "ts": 1643510424.795215}]}, "version": 273}
{"obj": {"type": "LogFloats", "path": ["monitoring", "cpu"], "values": [{"value": 20.2, "step": null, "ts": 1643510424.8373501}]}, "version": 274}
{"obj": {"type": "LogFloats", "path": ["monitoring", "memory"], "values": [{"value": 12.058155059814453, "step": null, "ts": 1643510424.8373501}]}, "version": 275}
{"obj": {"type": "LogFloats", "path": ["monitoring", "gpu"], "values": [{"value": 5.0, "step": null, "ts": 1643510424.8373501}]}, "version": 276}
{"obj": {"type": "LogFloats", "path": ["monitoring", "gpu_memory"], "values": [{"value": 1.1328125, "step": null, "ts": 1643510424.8373501}]}, "version": 277}
{"obj": {"type": "LogStrings", "path": ["monitoring", "stderr"], "values": [{"value": "\r  0%|          | 1253/300000 [00:23<1:32:07, 54.05it/s]", "step": null, "ts": 1643510424.9097555}]}, "version": 278}
{"obj": {"type": "LogStrings", "path": ["monitoring", "stderr"], "values": [{"value": "\r  0%|          | 1259/300000 [00:23<1:32:18, 53.94it/s]", "step": null, "ts": 1643510425.02152}]}, "version": 279}
{"obj": {"type": "LogStrings", "path": ["monitoring", "stderr"], "values": [{"value": "\r  0%|          | 1265/300000 [00:23<1:32:25, 53.87it/s]", "step": null, "ts": 1643510425.1332352}]}, "version": 280}
{"obj": {"type": "LogStrings", "path": ["monitoring", "stderr"], "values": [{"value": "\r  0%|          | 1271/300000 [00:23<1:32:39, 53.73it/s]", "step": null, "ts": 1643510425.245601}]}, "version": 281}
{"obj": {"type": "LogStrings", "path": ["monitoring", "stderr"], "values": [{"value": "\r  0%|          | 1277/300000 [00:24<1:33:21, 53.33it/s]", "step": null, "ts": 1643510425.3600762}]}, "version": 282}
{"obj": {"type": "LogStrings", "path": ["monitoring", "stderr"], "values": [{"value": "\r  0%|          | 1283/300000 [00:24<1:33:14, 53.39it/s]", "step": null, "ts": 1643510425.472135}]}, "version": 283}
{"obj": {"type": "LogStrings", "path": ["monitoring", "stderr"], "values": [{"value": "\r  0%|          | 1289/300000 [00:24<1:32:36, 53.76it/s]", "step": null, "ts": 1643510425.5819702}]}, "version": 284}
{"obj": {"type": "LogStrings", "path": ["monitoring", "stderr"], "values": [{"value": "\r  0%|          | 1295/300000 [00:24<1:33:03, 53.49it/s]", "step": null, "ts": 1643510425.6954181}]}, "version": 285}
{"obj": {"type": "LogStrings", "path": ["monitoring", "stderr"], "values": [{"value": "\r  0%|          | 1301/300000 [00:24<1:33:18, 53.35it/s]", "step": null, "ts": 1643510425.80857}]}, "version": 286}
{"obj": {"type": "LogStrings", "path": ["monitoring", "stderr"], "values": [{"value": "\r  0%|          | 1307/300000 [00:24<1:33:05, 53.48it/s]", "step": null, "ts": 1643510425.9201233}]}, "version": 287}
{"obj": {"type": "LogStrings", "path": ["monitoring", "stderr"], "values": [{"value": "\r  0%|          | 1313/300000 [00:24<1:32:28, 53.83it/s]", "step": null, "ts": 1643510426.0298975}]}, "version": 288}
{"obj": {"type": "LogStrings", "path": ["monitoring", "stderr"], "values": [{"value": "\r  0%|          | 1319/300000 [00:24<1:31:57, 54.13it/s]", "step": null, "ts": 1643510426.13929}]}, "version": 289}
{"obj": {"type": "LogStrings", "path": ["monitoring", "stderr"], "values": [{"value": "\r  0%|          | 1325/300000 [00:24<1:31:41, 54.29it/s]", "step": null, "ts": 1643510426.2490823}]}, "version": 290}
{"obj": {"type": "LogStrings", "path": ["monitoring", "stderr"], "values": [{"value": "\r  0%|          | 1331/300000 [00:25<1:32:31, 53.80it/s]", "step": null, "ts": 1643510426.362969}]}, "version": 291}
{"obj": {"type": "LogStrings", "path": ["monitoring", "stderr"], "values": [{"value": "\r  0%|          | 1337/300000 [00:25<1:34:07, 52.88it/s]", "step": null, "ts": 1643510426.4809349}]}, "version": 292}
{"obj": {"type": "LogStrings", "path": ["monitoring", "stderr"], "values": [{"value": "\r  0%|          | 1343/300000 [00:25<1:35:55, 51.89it/s]", "step": null, "ts": 1643510426.6016028}]}, "version": 293}
{"obj": {"type": "LogStrings", "path": ["monitoring", "stderr"], "values": [{"value": "\r  0%|          | 1349/300000 [00:25<1:35:00, 52.39it/s]", "step": null, "ts": 1643510426.7135394}]}, "version": 294}
{"obj": {"type": "LogStrings", "path": ["monitoring", "stderr"], "values": [{"value": "\r  0%|          | 1355/300000 [00:25<1:34:16, 52.80it/s]", "step": null, "ts": 1643510426.8251278}]}, "version": 295}
{"obj": {"type": "LogStrings", "path": ["monitoring", "stderr"], "values": [{"value": "\r  0%|          | 1361/300000 [00:25<1:33:54, 53.00it/s]", "step": null, "ts": 1643510426.9372997}]}, "version": 296}
{"obj": {"type": "LogStrings", "path": ["monitoring", "stderr"], "values": [{"value": "\r  0%|          | 1367/300000 [00:25<1:33:02, 53.49it/s]", "step": null, "ts": 1643510427.0471072}]}, "version": 297}
{"obj": {"type": "LogStrings", "path": ["monitoring", "stderr"], "values": [{"value": "\r  0%|          | 1373/300000 [00:25<1:32:41, 53.70it/s]", "step": null, "ts": 1643510427.1578007}]}, "version": 298}
{"obj": {"type": "LogStrings", "path": ["monitoring", "stderr"], "values": [{"value": "\r  0%|          | 1379/300000 [00:25<1:32:31, 53.79it/s]", "step": null, "ts": 1643510427.2688823}]}, "version": 299}
{"obj": {"type": "LogStrings", "path": ["monitoring", "stderr"], "values": [{"value": "\r  0%|          | 1385/300000 [00:26<1:31:45, 54.24it/s]", "step": null, "ts": 1643510427.3773246}]}, "version": 300}
{"obj": {"type": "LogStrings", "path": ["monitoring", "stderr"], "values": [{"value": "\r  0%|          | 1391/300000 [00:26<1:31:21, 54.47it/s]", "step": null, "ts": 1643510427.4863775}]}, "version": 301}
{"obj": {"type": "LogStrings", "path": ["monitoring", "stderr"], "values": [{"value": "\r  0%|          | 1397/300000 [00:26<1:31:30, 54.38it/s]", "step": null, "ts": 1643510427.5971935}]}, "version": 302}
{"obj": {"type": "LogStrings", "path": ["monitoring", "stderr"], "values": [{"value": "\r  0%|          | 1403/300000 [00:26<1:32:31, 53.79it/s]", "step": null, "ts": 1643510427.7115312}]}, "version": 303}
{"obj": {"type": "LogStrings", "path": ["monitoring", "stderr"], "values": [{"value": "\r  0%|          | 1409/300000 [00:26<1:32:24, 53.86it/s]", "step": null, "ts": 1643510427.8226051}]}, "version": 304}
{"obj": {"type": "LogStrings", "path": ["monitoring", "stderr"], "values": [{"value": "\r  0%|          | 1415/300000 [00:26<1:32:46, 53.64it/s]", "step": null, "ts": 1643510427.9354982}]}, "version": 305}
{"obj": {"type": "LogStrings", "path": ["monitoring", "stderr"], "values": [{"value": "\r  0%|          | 1421/300000 [00:26<1:32:33, 53.77it/s]", "step": null, "ts": 1643510428.046555}]}, "version": 306}
{"obj": {"type": "LogStrings", "path": ["monitoring", "stderr"], "values": [{"value": "\r  0%|          | 1427/300000 [00:26<1:33:12, 53.39it/s]", "step": null, "ts": 1643510428.160741}]}, "version": 307}
{"obj": {"type": "LogStrings", "path": ["monitoring", "stderr"], "values": [{"value": "\r  0%|          | 1433/300000 [00:26<1:33:06, 53.45it/s]", "step": null, "ts": 1643510428.2727072}]}, "version": 308}
{"obj": {"type": "LogStrings", "path": ["monitoring", "stderr"], "values": [{"value": "\r  0%|          | 1439/300000 [00:27<1:32:47, 53.63it/s]", "step": null, "ts": 1643510428.3837106}]}, "version": 309}
{"obj": {"type": "LogStrings", "path": ["monitoring", "stderr"], "values": [{"value": "\r  0%|          | 1445/300000 [00:27<1:32:35, 53.74it/s]", "step": null, "ts": 1643510428.4948466}]}, "version": 310}
{"obj": {"type": "LogStrings", "path": ["monitoring", "stderr"], "values": [{"value": "\r  0%|          | 1451/300000 [00:27<1:32:27, 53.81it/s]", "step": null, "ts": 1643510428.605957}]}, "version": 311}
{"obj": {"type": "LogStrings", "path": ["monitoring", "stderr"], "values": [{"value": "\r  0%|          | 1457/300000 [00:27<1:32:36, 53.73it/s]", "step": null, "ts": 1643510428.7180238}]}, "version": 312}
{"obj": {"type": "LogStrings", "path": ["monitoring", "stderr"], "values": [{"value": "\r  0%|          | 1463/300000 [00:27<1:31:57, 54.11it/s]", "step": null, "ts": 1643510428.827091}]}, "version": 313}
{"obj": {"type": "LogStrings", "path": ["monitoring", "stderr"], "values": [{"value": "\r  0%|          | 1469/300000 [00:27<1:32:33, 53.75it/s]", "step": null, "ts": 1643510428.9404325}]}, "version": 314}
{"obj": {"type": "LogStrings", "path": ["monitoring", "stderr"], "values": [{"value": "\r  0%|          | 1475/300000 [00:27<1:32:23, 53.85it/s]", "step": null, "ts": 1643510429.051405}]}, "version": 315}
{"obj": {"type": "LogStrings", "path": ["monitoring", "stderr"], "values": [{"value": "\r  0%|          | 1481/300000 [00:27<1:32:40, 53.68it/s]", "step": null, "ts": 1643510429.163976}]}, "version": 316}
{"obj": {"type": "LogStrings", "path": ["monitoring", "stderr"], "values": [{"value": "\r  0%|          | 1487/300000 [00:27<1:32:46, 53.62it/s]", "step": null, "ts": 1643510429.276145}]}, "version": 317}
{"obj": {"type": "LogStrings", "path": ["monitoring", "stderr"], "values": [{"value": "\r  0%|          | 1493/300000 [00:28<1:31:59, 54.08it/s]", "step": null, "ts": 1643510429.3848548}]}, "version": 318}
{"obj": {"type": "LogStrings", "path": ["monitoring", "stderr"], "values": [{"value": "\r  0%|          | 1499/300000 [00:28<1:32:36, 53.72it/s]", "step": null, "ts": 1643510429.4983785}]}, "version": 319}
{"obj": {"type": "LogStrings", "path": ["monitoring", "stderr"], "values": [{"value": "\r  1%|          | 1505/300000 [00:28<1:35:38, 52.02it/s]", "step": null, "ts": 1643510429.6222177}]}, "version": 320}
{"obj": {"type": "LogStrings", "path": ["monitoring", "stderr"], "values": [{"value": "\r  1%|          | 1511/300000 [00:28<1:35:34, 52.05it/s]", "step": null, "ts": 1643510429.737302}]}, "version": 321}
{"obj": {"type": "LogStrings", "path": ["monitoring", "stderr"], "values": [{"value": "\r  1%|          | 1517/300000 [00:28<1:36:05, 51.77it/s]", "step": null, "ts": 1643510429.854641}]}, "version": 322}
{"obj": {"type": "LogStrings", "path": ["monitoring", "stderr"], "values": [{"value": "\r  1%|          | 1523/300000 [00:28<1:36:43, 51.43it/s]", "step": null, "ts": 1643510429.9731226}]}, "version": 323}
{"obj": {"type": "LogStrings", "path": ["monitoring", "stderr"], "values": [{"value": "\r  1%|          | 1529/300000 [00:28<1:36:08, 51.74it/s]", "step": null, "ts": 1643510430.0874462}]}, "version": 324}
{"obj": {"type": "LogStrings", "path": ["monitoring", "stderr"], "values": [{"value": "\r  1%|          | 1535/300000 [00:28<1:36:17, 51.66it/s]", "step": null, "ts": 1643510430.204021}]}, "version": 325}
{"obj": {"type": "LogStrings", "path": ["monitoring", "stderr"], "values": [{"value": "\r  1%|          | 1541/300000 [00:28<1:34:55, 52.41it/s]", "step": null, "ts": 1643510430.3146358}]}, "version": 326}
{"obj": {"type": "LogStrings", "path": ["monitoring", "stderr"], "values": [{"value": "\r  1%|          | 1547/300000 [00:29<1:33:37, 53.13it/s]", "step": null, "ts": 1643510430.4239058}]}, "version": 327}
{"obj": {"type": "LogStrings", "path": ["monitoring", "stderr"], "values": [{"value": "\r  1%|          | 1553/300000 [00:29<1:32:44, 53.63it/s]", "step": null, "ts": 1643510430.5333154}]}, "version": 328}
{"obj": {"type": "LogStrings", "path": ["monitoring", "stderr"], "values": [{"value": "\r  1%|          | 1559/300000 [00:29<1:32:22, 53.85it/s]", "step": null, "ts": 1643510430.6437078}]}, "version": 329}
{"obj": {"type": "LogStrings", "path": ["monitoring", "stderr"], "values": [{"value": "\r  1%|          | 1565/300000 [00:29<1:32:20, 53.87it/s]", "step": null, "ts": 1643510430.75501}]}, "version": 330}
{"obj": {"type": "LogStrings", "path": ["monitoring", "stderr"], "values": [{"value": "\r  1%|          | 1571/300000 [00:29<1:32:13, 53.93it/s]", "step": null, "ts": 1643510430.8660653}]}, "version": 331}
{"obj": {"type": "LogStrings", "path": ["monitoring", "stderr"], "values": [{"value": "\r  1%|          | 1577/300000 [00:29<1:32:05, 54.01it/s]", "step": null, "ts": 1643510430.976664}]}, "version": 332}
{"obj": {"type": "LogStrings", "path": ["monitoring", "stderr"], "values": [{"value": "\r  1%|          | 1583/300000 [00:29<1:31:54, 54.12it/s]", "step": null, "ts": 1643510431.0870194}]}, "version": 333}
{"obj": {"type": "LogStrings", "path": ["monitoring", "stderr"], "values": [{"value": "\r  1%|          | 1589/300000 [00:29<1:32:08, 53.98it/s]", "step": null, "ts": 1643510431.198845}]}, "version": 334}
{"obj": {"type": "LogStrings", "path": ["monitoring", "stderr"], "values": [{"value": "\r  1%|          | 1595/300000 [00:29<1:32:08, 53.98it/s]", "step": null, "ts": 1643510431.310004}]}, "version": 335}
{"obj": {"type": "LogStrings", "path": ["monitoring", "stderr"], "values": [{"value": "\r  1%|          | 1601/300000 [00:30<1:32:07, 53.98it/s]", "step": null, "ts": 1643510431.42115}]}, "version": 336}
{"obj": {"type": "LogStrings", "path": ["monitoring", "stderr"], "values": [{"value": "\r  1%|          | 1607/300000 [00:30<1:31:47, 54.18it/s]", "step": null, "ts": 1643510431.530906}]}, "version": 337}
{"obj": {"type": "LogStrings", "path": ["monitoring", "stderr"], "values": [{"value": "\r  1%|          | 1613/300000 [00:30<1:31:55, 54.10it/s]", "step": null, "ts": 1643510431.6422172}]}, "version": 338}
{"obj": {"type": "LogStrings", "path": ["monitoring", "stderr"], "values": [{"value": "\r  1%|          | 1619/300000 [00:30<1:32:46, 53.61it/s]", "step": null, "ts": 1643510431.756528}]}, "version": 339}
{"obj": {"type": "LogStrings", "path": ["monitoring", "stderr"], "values": [{"value": "\r  1%|          | 1625/300000 [00:30<1:34:08, 52.82it/s]", "step": null, "ts": 1643510431.8739898}]}, "version": 340}
{"obj": {"type": "LogStrings", "path": ["monitoring", "stderr"], "values": [{"value": "\r  1%|          | 1631/300000 [00:30<1:34:29, 52.63it/s]", "step": null, "ts": 1643510431.9889834}]}, "version": 341}
{"obj": {"type": "LogStrings", "path": ["monitoring", "stderr"], "values": [{"value": "\r  1%|          | 1637/300000 [00:30<1:35:25, 52.11it/s]", "step": null, "ts": 1643510432.1067867}]}, "version": 342}
{"obj": {"type": "LogStrings", "path": ["monitoring", "stderr"], "values": [{"value": "\r  1%|          | 1643/300000 [00:30<1:36:12, 51.69it/s]", "step": null, "ts": 1643510432.2250512}]}, "version": 343}
{"obj": {"type": "LogStrings", "path": ["monitoring", "stderr"], "values": [{"value": "\r  1%|          | 1649/300000 [00:31<1:35:36, 52.01it/s]", "step": null, "ts": 1643510432.338762}]}, "version": 344}
{"obj": {"type": "LogStrings", "path": ["monitoring", "stderr"], "values": [{"value": "\r  1%|          | 1655/300000 [00:31<1:36:01, 51.78it/s]", "step": null, "ts": 1643510432.4558136}]}, "version": 345}
{"obj": {"type": "LogStrings", "path": ["monitoring", "stderr"], "values": [{"value": "\r  1%|          | 1661/300000 [00:31<1:35:05, 52.29it/s]", "step": null, "ts": 1643510432.567888}]}, "version": 346}
{"obj": {"type": "LogStrings", "path": ["monitoring", "stderr"], "values": [{"value": "\r  1%|          | 1667/300000 [00:31<1:35:00, 52.34it/s]", "step": null, "ts": 1643510432.682392}]}, "version": 347}
{"obj": {"type": "LogStrings", "path": ["monitoring", "stderr"], "values": [{"value": "\r  1%|          | 1673/300000 [00:31<1:35:18, 52.17it/s]", "step": null, "ts": 1643510432.7981732}]}, "version": 348}
{"obj": {"type": "LogStrings", "path": ["monitoring", "stderr"], "values": [{"value": "\r  1%|          | 1679/300000 [00:31<1:35:39, 51.98it/s]", "step": null, "ts": 1643510432.914592}]}, "version": 349}
{"obj": {"type": "LogStrings", "path": ["monitoring", "stderr"], "values": [{"value": "\r  1%|          | 1685/300000 [00:31<1:34:12, 52.77it/s]", "step": null, "ts": 1643510433.0242205}]}, "version": 350}
{"obj": {"type": "LogStrings", "path": ["monitoring", "stderr"], "values": [{"value": "\r  1%|          | 1691/300000 [00:31<1:34:10, 52.80it/s]", "step": null, "ts": 1643510433.137761}]}, "version": 351}
{"obj": {"type": "LogStrings", "path": ["monitoring", "stderr"], "values": [{"value": "\r  1%|          | 1697/300000 [00:31<1:34:42, 52.50it/s]", "step": null, "ts": 1643510433.253578}]}, "version": 352}
{"obj": {"type": "LogStrings", "path": ["monitoring", "stderr"], "values": [{"value": "\r  1%|          | 1703/300000 [00:32<1:34:04, 52.84it/s]", "step": null, "ts": 1643510433.3653626}]}, "version": 353}
{"obj": {"type": "LogStrings", "path": ["monitoring", "stderr"], "values": [{"value": "\r  1%|          | 1709/300000 [00:32<1:33:50, 52.97it/s]", "step": null, "ts": 1643510433.4779825}]}, "version": 354}
{"obj": {"type": "LogStrings", "path": ["monitoring", "stderr"], "values": [{"value": "\r  1%|          | 1715/300000 [00:32<1:33:59, 52.89it/s]", "step": null, "ts": 1643510433.591828}]}, "version": 355}
{"obj": {"type": "LogStrings", "path": ["monitoring", "stderr"], "values": [{"value": "\r  1%|          | 1721/300000 [00:32<1:34:29, 52.61it/s]", "step": null, "ts": 1643510433.7072663}]}, "version": 356}
{"obj": {"type": "LogStrings", "path": ["monitoring", "stderr"], "values": [{"value": "\r  1%|          | 1727/300000 [00:32<1:34:41, 52.50it/s]", "step": null, "ts": 1643510433.8221562}]}, "version": 357}
{"obj": {"type": "LogStrings", "path": ["monitoring", "stderr"], "values": [{"value": "\r  1%|          | 1733/300000 [00:32<1:34:15, 52.74it/s]", "step": null, "ts": 1643510433.9346578}]}, "version": 358}
{"obj": {"type": "LogStrings", "path": ["monitoring", "stderr"], "values": [{"value": "\r  1%|          | 1739/300000 [00:32<1:34:14, 52.75it/s]", "step": null, "ts": 1643510434.0485358}]}, "version": 359}
{"obj": {"type": "LogStrings", "path": ["monitoring", "stderr"], "values": [{"value": "\r  1%|          | 1745/300000 [00:32<1:33:57, 52.91it/s]", "step": null, "ts": 1643510434.1609874}]}, "version": 360}
{"obj": {"type": "LogStrings", "path": ["monitoring", "stderr"], "values": [{"value": "\r  1%|          | 1751/300000 [00:32<1:33:38, 53.09it/s]", "step": null, "ts": 1643510434.2732835}]}, "version": 361}
{"obj": {"type": "LogStrings", "path": ["monitoring", "stderr"], "values": [{"value": "\r  1%|          | 1757/300000 [00:33<1:33:36, 53.10it/s]", "step": null, "ts": 1643510434.386126}]}, "version": 362}
{"obj": {"type": "LogStrings", "path": ["monitoring", "stderr"], "values": [{"value": "\r  1%|          | 1763/300000 [00:33<1:34:35, 52.55it/s]", "step": null, "ts": 1643510434.5030103}]}, "version": 363}
{"obj": {"type": "LogStrings", "path": ["monitoring", "stderr"], "values": [{"value": "\r  1%|          | 1769/300000 [00:33<1:34:39, 52.51it/s]", "step": null, "ts": 1643510434.6174786}]}, "version": 364}
{"obj": {"type": "LogStrings", "path": ["monitoring", "stderr"], "values": [{"value": "\r  1%|          | 1775/300000 [00:33<1:34:27, 52.62it/s]", "step": null, "ts": 1643510434.730886}]}, "version": 365}
{"obj": {"type": "LogStrings", "path": ["monitoring", "stderr"], "values": [{"value": "\r  1%|          | 1781/300000 [00:33<1:34:11, 52.77it/s]", "step": null, "ts": 1643510434.8439507}]}, "version": 366}
{"obj": {"type": "LogFloats", "path": ["monitoring", "cpu"], "values": [{"value": 18.5, "step": null, "ts": 1643510434.850492}]}, "version": 367}
{"obj": {"type": "LogFloats", "path": ["monitoring", "memory"], "values": [{"value": 12.077350616455078, "step": null, "ts": 1643510434.850492}]}, "version": 368}
{"obj": {"type": "LogFloats", "path": ["monitoring", "gpu"], "values": [{"value": 4.0, "step": null, "ts": 1643510434.850492}]}, "version": 369}
{"obj": {"type": "LogFloats", "path": ["monitoring", "gpu_memory"], "values": [{"value": 1.1328125, "step": null, "ts": 1643510434.850492}]}, "version": 370}
{"obj": {"type": "LogStrings", "path": ["monitoring", "stderr"], "values": [{"value": "\r  1%|          | 1787/300000 [00:33<1:35:18, 52.15it/s]", "step": null, "ts": 1643510434.962096}]}, "version": 371}
{"obj": {"type": "LogStrings", "path": ["monitoring", "stderr"], "values": [{"value": "\r  1%|          | 1793/300000 [00:33<1:34:40, 52.49it/s]", "step": null, "ts": 1643510435.074617}]}, "version": 372}
{"obj": {"type": "LogStrings", "path": ["monitoring", "stderr"], "values": [{"value": "\r  1%|          | 1799/300000 [00:33<1:34:33, 52.56it/s]", "step": null, "ts": 1643510435.1884813}]}, "version": 373}
{"obj": {"type": "LogStrings", "path": ["monitoring", "stderr"], "values": [{"value": "\r  1%|          | 1805/300000 [00:33<1:34:25, 52.64it/s]", "step": null, "ts": 1643510435.3020554}]}, "version": 374}
{"obj": {"type": "LogStrings", "path": ["monitoring", "stderr"], "values": [{"value": "\r  1%|          | 1811/300000 [00:34<1:34:19, 52.69it/s]", "step": null, "ts": 1643510435.4156716}]}, "version": 375}
{"obj": {"type": "LogStrings", "path": ["monitoring", "stderr"], "values": [{"value": "\r  1%|          | 1817/300000 [00:34<1:34:05, 52.82it/s]", "step": null, "ts": 1643510435.5285785}]}, "version": 376}
{"obj": {"type": "LogStrings", "path": ["monitoring", "stderr"], "values": [{"value": "\r  1%|          | 1823/300000 [00:34<1:34:08, 52.79it/s]", "step": null, "ts": 1643510435.6423976}]}, "version": 377}
{"obj": {"type": "LogStrings", "path": ["monitoring", "stderr"], "values": [{"value": "\r  1%|          | 1829/300000 [00:34<1:34:03, 52.83it/s]", "step": null, "ts": 1643510435.7557647}]}, "version": 378}
{"obj": {"type": "LogStrings", "path": ["monitoring", "stderr"], "values": [{"value": "\r  1%|          | 1835/300000 [00:34<1:33:30, 53.14it/s]", "step": null, "ts": 1643510435.8671105}]}, "version": 379}
{"obj": {"type": "LogStrings", "path": ["monitoring", "stderr"], "values": [{"value": "\r  1%|          | 1841/300000 [00:34<1:33:24, 53.20it/s]", "step": null, "ts": 1643510435.9796255}]}, "version": 380}
{"obj": {"type": "LogStrings", "path": ["monitoring", "stderr"], "values": [{"value": "\r  1%|          | 1847/300000 [00:34<1:33:35, 53.09it/s]", "step": null, "ts": 1643510436.0931861}]}, "version": 381}
{"obj": {"type": "LogStrings", "path": ["monitoring", "stderr"], "values": [{"value": "\r  1%|          | 1853/300000 [00:34<1:33:35, 53.10it/s]", "step": null, "ts": 1643510436.2061577}]}, "version": 382}
{"obj": {"type": "LogStrings", "path": ["monitoring", "stderr"], "values": [{"value": "\r  1%|          | 1859/300000 [00:35<1:33:44, 53.00it/s]", "step": null, "ts": 1643510436.319807}]}, "version": 383}
{"obj": {"type": "LogStrings", "path": ["monitoring", "stderr"], "values": [{"value": "\r  1%|          | 1865/300000 [00:35<1:33:17, 53.26it/s]", "step": null, "ts": 1643510436.4311745}]}, "version": 384}
{"obj": {"type": "LogStrings", "path": ["monitoring", "stderr"], "values": [{"value": "\r  1%|          | 1871/300000 [00:35<1:33:30, 53.13it/s]", "step": null, "ts": 1643510436.5449588}]}, "version": 385}
{"obj": {"type": "LogStrings", "path": ["monitoring", "stderr"], "values": [{"value": "\r  1%|          | 1877/300000 [00:35<1:34:08, 52.77it/s]", "step": null, "ts": 1643510436.66023}]}, "version": 386}
{"obj": {"type": "LogStrings", "path": ["monitoring", "stderr"], "values": [{"value": "\r  1%|          | 1883/300000 [00:35<1:34:30, 52.57it/s]", "step": null, "ts": 1643510436.7754}]}, "version": 387}
{"obj": {"type": "LogStrings", "path": ["monitoring", "stderr"], "values": [{"value": "\r  1%|          | 1889/300000 [00:35<1:34:34, 52.54it/s]", "step": null, "ts": 1643510436.8897684}]}, "version": 388}
{"obj": {"type": "LogStrings", "path": ["monitoring", "stderr"], "values": [{"value": "\r  1%|          | 1895/300000 [00:35<1:35:12, 52.19it/s]", "step": null, "ts": 1643510437.0065205}]}, "version": 389}
{"obj": {"type": "LogStrings", "path": ["monitoring", "stderr"], "values": [{"value": "\r  1%|          | 1901/300000 [00:35<1:35:46, 51.88it/s]", "step": null, "ts": 1643510437.1237845}]}, "version": 390}
{"obj": {"type": "LogStrings", "path": ["monitoring", "stderr"], "values": [{"value": "\r  1%|          | 1907/300000 [00:35<1:35:14, 52.17it/s]", "step": null, "ts": 1643510437.2373111}]}, "version": 391}
{"obj": {"type": "LogStrings", "path": ["monitoring", "stderr"], "values": [{"value": "\r  1%|          | 1913/300000 [00:36<1:35:08, 52.21it/s]", "step": null, "ts": 1643510437.3521216}]}, "version": 392}
{"obj": {"type": "LogStrings", "path": ["monitoring", "stderr"], "values": [{"value": "\r  1%|          | 1919/300000 [00:36<1:34:43, 52.45it/s]", "step": null, "ts": 1643510437.46519}]}, "version": 393}
{"obj": {"type": "LogStrings", "path": ["monitoring", "stderr"], "values": [{"value": "\r  1%|          | 1925/300000 [00:36<1:34:14, 52.72it/s]", "step": null, "ts": 1643510437.5776439}]}, "version": 394}
{"obj": {"type": "LogStrings", "path": ["monitoring", "stderr"], "values": [{"value": "\r  1%|          | 1931/300000 [00:36<1:34:45, 52.42it/s]", "step": null, "ts": 1643510437.693596}]}, "version": 395}
{"obj": {"type": "LogStrings", "path": ["monitoring", "stderr"], "values": [{"value": "\r  1%|          | 1937/300000 [00:36<1:35:33, 51.99it/s]", "step": null, "ts": 1643510437.8112533}]}, "version": 396}
{"obj": {"type": "LogStrings", "path": ["monitoring", "stderr"], "values": [{"value": "\r  1%|          | 1943/300000 [00:36<1:35:26, 52.05it/s]", "step": null, "ts": 1643510437.9261994}]}, "version": 397}
{"obj": {"type": "LogStrings", "path": ["monitoring", "stderr"], "values": [{"value": "\r  1%|          | 1949/300000 [00:36<1:35:02, 52.27it/s]", "step": null, "ts": 1643510438.0398583}]}, "version": 398}
{"obj": {"type": "LogStrings", "path": ["monitoring", "stderr"], "values": [{"value": "\r  1%|          | 1955/300000 [00:36<1:34:59, 52.30it/s]", "step": null, "ts": 1643510438.1544428}]}, "version": 399}
{"obj": {"type": "LogStrings", "path": ["monitoring", "stderr"], "values": [{"value": "\r  1%|          | 1961/300000 [00:36<1:35:11, 52.18it/s]", "step": null, "ts": 1643510438.2700222}]}, "version": 400}
{"obj": {"type": "LogStrings", "path": ["monitoring", "stderr"], "values": [{"value": "\r  1%|          | 1967/300000 [00:37<1:34:44, 52.43it/s]", "step": null, "ts": 1643510438.383238}]}, "version": 401}
{"obj": {"type": "LogStrings", "path": ["monitoring", "stderr"], "values": [{"value": "\r  1%|          | 1973/300000 [00:37<1:35:02, 52.26it/s]", "step": null, "ts": 1643510438.4990184}]}, "version": 402}
{"obj": {"type": "LogStrings", "path": ["monitoring", "stderr"], "values": [{"value": "\r  1%|          | 1979/300000 [00:37<1:35:22, 52.08it/s]", "step": null, "ts": 1643510438.615149}]}, "version": 403}
{"obj": {"type": "LogStrings", "path": ["monitoring", "stderr"], "values": [{"value": "\r  1%|          | 1985/300000 [00:37<1:35:28, 52.02it/s]", "step": null, "ts": 1643510438.7306416}]}, "version": 404}
{"obj": {"type": "LogStrings", "path": ["monitoring", "stderr"], "values": [{"value": "\r  1%|          | 1991/300000 [00:37<1:36:00, 51.73it/s]", "step": null, "ts": 1643510438.8481247}]}, "version": 405}
{"obj": {"type": "LogStrings", "path": ["monitoring", "stderr"], "values": [{"value": "\r  1%|          | 1997/300000 [00:37<1:36:06, 51.68it/s]", "step": null, "ts": 1643510438.9645305}]}, "version": 406}
{"obj": {"type": "LogStrings", "path": ["monitoring", "stderr"], "values": [{"value": "", "step": null, "ts": 1643510442.8849595}]}, "version": 407}
{"obj": {"type": "LogStrings", "path": ["monitoring", "stderr"], "values": [{"value": "Warning: string series 'monitoring/stdout' value was longer than 1000 characters and was truncated. This warning is printed only once per series.\n", "step": null, "ts": 1643510442.8853068}]}, "version": 408}
{"obj": {"type": "LogStrings", "path": ["monitoring", "stdout"], "values": [{"value": "Transition(obs=(tensor([ 9.7509e-01, -4.0712e-02, -8.8924e-01, -8.2263e-01,  8.2022e-01,\n         9.5897e-01, -2.2182e-01, -9.9917e-01,  4.5744e-01, -5.6858e-01,\n        -5.7204e-01, -2.8349e-01, -6.0453e-03, -1.2202e-03, -5.8179e-03,\n        -4.3676e-03,  2.8915e-02,  3.3598e-02,  3.7054e-01, -3.9798e-01,\n         9.7685e-01, -6.3189e-01,  6.2099e-01,  2.6755e-01,  3.7882e-01,\n         1.3291e-02,  6.7771e-02,  6.4170e-02,  4.7937e-03,  1.8546e-01,\n        -4.0829e-02, -6.2220e-04,  5.8307e-04,  8.5517e-04,  5.1710e-04,\n         1.0840e-02, -5.3196e-03,  8.5230e-03, -7.2308e-03,  9.3978e-01,\n         0.0000e+00,  0.0000e+00,  3.3456e-01, -9.4238e-01, -3.6201e-01,\n         3.9075e-01, -3.7061e-02], device='cuda:0', dtype=torch.float64), tensor([ 9.1499e-01, -1.3495e-01, -7.7016e-01, -6.5493e-01,  1.2139e-01,\n        -1.8981e-01, -4.0349e-01, -9.9085e-01,  6.3785e-01, -7.5569e-01,\n        -9.9261e-01, -9.8182e-01,  1.6960e-02, -5.2794e-03,  4.3916e-04,\n        -3.0653e-03,  1.2964e-02, ", "step": null, "ts": 1643510442.884893}]}, "version": 409}
{"obj": {"type": "LogStrings", "path": ["monitoring", "stdout"], "values": [{"value": "\n", "step": null, "ts": 1643510442.8858814}]}, "version": 410}
{"obj": {"type": "LogStrings", "path": ["monitoring", "stderr"], "values": [{"value": "", "step": null, "ts": 1643510442.899693}]}, "version": 411}
{"obj": {"type": "LogStrings", "path": ["monitoring", "stderr"], "values": [{"value": "\r  1%|          | 2000/300000 [00:41<1:43:16, 48.09it/s]", "step": null, "ts": 1643510442.90042}]}, "version": 412}
{"obj": {"type": "LogStrings", "path": ["monitoring", "stderr"], "values": [{"value": "\n", "step": null, "ts": 1643510442.9010844}]}, "version": 413}
{"obj": {"type": "LogFloats", "path": ["monitoring", "cpu"], "values": [{"value": 16.1, "step": null, "ts": 1643510444.8573902}]}, "version": 414}
{"obj": {"type": "LogFloats", "path": ["monitoring", "memory"], "values": [{"value": 11.783340454101562, "step": null, "ts": 1643510444.8573902}]}, "version": 415}
{"obj": {"type": "LogFloats", "path": ["monitoring", "gpu_memory"], "values": [{"value": 1.134765625, "step": null, "ts": 1643510444.8573902}]}, "version": 416}
{"obj": {"type": "LogFloats", "path": ["monitoring", "cpu"], "values": [{"value": 13.3, "step": null, "ts": 1643510454.8583035}]}, "version": 417}
{"obj": {"type": "LogFloats", "path": ["monitoring", "memory"], "values": [{"value": 11.75201416015625, "step": null, "ts": 1643510454.8583035}]}, "version": 418}
{"obj": {"type": "LogFloats", "path": ["monitoring", "gpu_memory"], "values": [{"value": 1.134765625, "step": null, "ts": 1643510454.8583035}]}, "version": 419}
{"obj": {"type": "LogFloats", "path": ["monitoring", "cpu"], "values": [{"value": 4.5, "step": null, "ts": 1643510464.859474}]}, "version": 420}
{"obj": {"type": "LogFloats", "path": ["monitoring", "memory"], "values": [{"value": 11.759735107421875, "step": null, "ts": 1643510464.859474}]}, "version": 421}
{"obj": {"type": "LogFloats", "path": ["monitoring", "gpu_memory"], "values": [{"value": 1.134765625, "step": null, "ts": 1643510464.859474}]}, "version": 422}
{"obj": {"type": "LogFloats", "path": ["monitoring", "cpu"], "values": [{"value": 14.3, "step": null, "ts": 1643510474.8603046}]}, "version": 423}
{"obj": {"type": "LogFloats", "path": ["monitoring", "memory"], "values": [{"value": 11.731403350830078, "step": null, "ts": 1643510474.8603046}]}, "version": 424}
{"obj": {"type": "LogFloats", "path": ["monitoring", "gpu_memory"], "values": [{"value": 1.134765625, "step": null, "ts": 1643510474.8603046}]}, "version": 425}
{"obj": {"type": "LogFloats", "path": ["monitoring", "cpu"], "values": [{"value": 5.3, "step": null, "ts": 1643510484.86118}]}, "version": 426}
{"obj": {"type": "LogFloats", "path": ["monitoring", "memory"], "values": [{"value": 11.691913604736328, "step": null, "ts": 1643510484.86118}]}, "version": 427}
{"obj": {"type": "LogFloats", "path": ["monitoring", "gpu_memory"], "values": [{"value": 1.134765625, "step": null, "ts": 1643510484.86118}]}, "version": 428}
{"obj": {"type": "LogFloats", "path": ["monitoring", "cpu"], "values": [{"value": 3.4, "step": null, "ts": 1643510494.862273}]}, "version": 429}
{"obj": {"type": "LogFloats", "path": ["monitoring", "memory"], "values": [{"value": 11.657649993896484, "step": null, "ts": 1643510494.862273}]}, "version": 430}
{"obj": {"type": "LogFloats", "path": ["monitoring", "gpu_memory"], "values": [{"value": 1.134765625, "step": null, "ts": 1643510494.862273}]}, "version": 431}
{"obj": {"type": "LogFloats", "path": ["monitoring", "cpu"], "values": [{"value": 7.6, "step": null, "ts": 1643510504.863297}]}, "version": 432}
{"obj": {"type": "LogFloats", "path": ["monitoring", "memory"], "values": [{"value": 11.626312255859375, "step": null, "ts": 1643510504.863297}]}, "version": 433}
{"obj": {"type": "LogFloats", "path": ["monitoring", "gpu_memory"], "values": [{"value": 1.134765625, "step": null, "ts": 1643510504.863297}]}, "version": 434}
{"obj": {"type": "LogFloats", "path": ["monitoring", "cpu"], "values": [{"value": 0.8, "step": null, "ts": 1643510514.8642714}]}, "version": 435}
{"obj": {"type": "LogFloats", "path": ["monitoring", "memory"], "values": [{"value": 11.606258392333984, "step": null, "ts": 1643510514.8642714}]}, "version": 436}
{"obj": {"type": "LogFloats", "path": ["monitoring", "gpu_memory"], "values": [{"value": 1.134765625, "step": null, "ts": 1643510514.8642714}]}, "version": 437}
{"obj": {"type": "LogFloats", "path": ["monitoring", "cpu"], "values": [{"value": 5.4, "step": null, "ts": 1643510524.8653073}]}, "version": 438}
{"obj": {"type": "LogFloats", "path": ["monitoring", "memory"], "values": [{"value": 11.646453857421875, "step": null, "ts": 1643510524.8653073}]}, "version": 439}
{"obj": {"type": "LogFloats", "path": ["monitoring", "gpu"], "values": [{"value": 11.0, "step": null, "ts": 1643510524.8653073}]}, "version": 440}
{"obj": {"type": "LogFloats", "path": ["monitoring", "gpu_memory"], "values": [{"value": 1.134765625, "step": null, "ts": 1643510524.8653073}]}, "version": 441}
{"obj": {"type": "LogFloats", "path": ["monitoring", "cpu"], "values": [{"value": 3.9, "step": null, "ts": 1643510534.866291}]}, "version": 442}
{"obj": {"type": "LogFloats", "path": ["monitoring", "memory"], "values": [{"value": 11.614913940429688, "step": null, "ts": 1643510534.866291}]}, "version": 443}
{"obj": {"type": "LogFloats", "path": ["monitoring", "gpu_memory"], "values": [{"value": 1.134765625, "step": null, "ts": 1643510534.866291}]}, "version": 444}
{"obj": {"type": "LogFloats", "path": ["monitoring", "cpu"], "values": [{"value": 2.4, "step": null, "ts": 1643510544.867112}]}, "version": 445}
{"obj": {"type": "LogFloats", "path": ["monitoring", "memory"], "values": [{"value": 11.633869171142578, "step": null, "ts": 1643510544.867112}]}, "version": 446}
{"obj": {"type": "LogFloats", "path": ["monitoring", "gpu_memory"], "values": [{"value": 1.134765625, "step": null, "ts": 1643510544.867112}]}, "version": 447}
{"obj": {"type": "LogFloats", "path": ["monitoring", "cpu"], "values": [{"value": 1.7, "step": null, "ts": 1643510554.8680563}]}, "version": 448}
{"obj": {"type": "LogFloats", "path": ["monitoring", "memory"], "values": [{"value": 11.603755950927734, "step": null, "ts": 1643510554.8680563}]}, "version": 449}
{"obj": {"type": "LogFloats", "path": ["monitoring", "gpu"], "values": [{"value": 1.0, "step": null, "ts": 1643510554.8680563}]}, "version": 450}
{"obj": {"type": "LogFloats", "path": ["monitoring", "gpu_memory"], "values": [{"value": 1.134765625, "step": null, "ts": 1643510554.8680563}]}, "version": 451}
{"obj": {"type": "LogFloats", "path": ["monitoring", "cpu"], "values": [{"value": 2.2, "step": null, "ts": 1643510564.8690138}]}, "version": 452}
{"obj": {"type": "LogFloats", "path": ["monitoring", "memory"], "values": [{"value": 11.602680206298828, "step": null, "ts": 1643510564.8690138}]}, "version": 453}
{"obj": {"type": "LogFloats", "path": ["monitoring", "gpu_memory"], "values": [{"value": 1.134765625, "step": null, "ts": 1643510564.8690138}]}, "version": 454}
{"obj": {"type": "LogFloats", "path": ["monitoring", "cpu"], "values": [{"value": 1.2, "step": null, "ts": 1643510574.8699598}]}, "version": 455}
{"obj": {"type": "LogFloats", "path": ["monitoring", "memory"], "values": [{"value": 11.591354370117188, "step": null, "ts": 1643510574.8699598}]}, "version": 456}
{"obj": {"type": "LogFloats", "path": ["monitoring", "gpu_memory"], "values": [{"value": 1.134765625, "step": null, "ts": 1643510574.8699598}]}, "version": 457}
{"obj": {"type": "LogFloats", "path": ["monitoring", "cpu"], "values": [{"value": 1.6, "step": null, "ts": 1643510584.8711076}]}, "version": 458}
{"obj": {"type": "LogFloats", "path": ["monitoring", "memory"], "values": [{"value": 11.604789733886719, "step": null, "ts": 1643510584.8711076}]}, "version": 459}
{"obj": {"type": "LogFloats", "path": ["monitoring", "gpu_memory"], "values": [{"value": 1.134765625, "step": null, "ts": 1643510584.8711076}]}, "version": 460}
{"obj": {"type": "LogFloats", "path": ["monitoring", "cpu"], "values": [{"value": 5.2, "step": null, "ts": 1643510594.8719423}]}, "version": 461}
{"obj": {"type": "LogFloats", "path": ["monitoring", "memory"], "values": [{"value": 11.671024322509766, "step": null, "ts": 1643510594.8719423}]}, "version": 462}
{"obj": {"type": "LogFloats", "path": ["monitoring", "gpu_memory"], "values": [{"value": 1.134765625, "step": null, "ts": 1643510594.8719423}]}, "version": 463}
{"obj": {"type": "LogFloats", "path": ["monitoring", "cpu"], "values": [{"value": 5.9, "step": null, "ts": 1643510604.87283}]}, "version": 464}
{"obj": {"type": "LogFloats", "path": ["monitoring", "memory"], "values": [{"value": 11.702739715576172, "step": null, "ts": 1643510604.87283}]}, "version": 465}
{"obj": {"type": "LogFloats", "path": ["monitoring", "gpu"], "values": [{"value": 3.0, "step": null, "ts": 1643510604.87283}]}, "version": 466}
{"obj": {"type": "LogFloats", "path": ["monitoring", "gpu_memory"], "values": [{"value": 1.134765625, "step": null, "ts": 1643510604.87283}]}, "version": 467}
{"obj": {"type": "LogFloats", "path": ["monitoring", "cpu"], "values": [{"value": 2.0, "step": null, "ts": 1643510614.8739808}]}, "version": 468}
{"obj": {"type": "LogFloats", "path": ["monitoring", "memory"], "values": [{"value": 11.661052703857422, "step": null, "ts": 1643510614.8739808}]}, "version": 469}
{"obj": {"type": "LogFloats", "path": ["monitoring", "gpu_memory"], "values": [{"value": 1.134765625, "step": null, "ts": 1643510614.8739808}]}, "version": 470}
{"obj": {"type": "LogFloats", "path": ["monitoring", "cpu"], "values": [{"value": 2.8, "step": null, "ts": 1643510624.8748703}]}, "version": 471}
{"obj": {"type": "LogFloats", "path": ["monitoring", "memory"], "values": [{"value": 11.66170883178711, "step": null, "ts": 1643510624.8748703}]}, "version": 472}
{"obj": {"type": "LogFloats", "path": ["monitoring", "gpu_memory"], "values": [{"value": 1.134765625, "step": null, "ts": 1643510624.8748703}]}, "version": 473}
{"obj": {"type": "LogFloats", "path": ["monitoring", "cpu"], "values": [{"value": 4.7, "step": null, "ts": 1643510634.8757043}]}, "version": 474}
{"obj": {"type": "LogFloats", "path": ["monitoring", "memory"], "values": [{"value": 11.667621612548828, "step": null, "ts": 1643510634.8757043}]}, "version": 475}
{"obj": {"type": "LogFloats", "path": ["monitoring", "gpu"], "values": [{"value": 2.0, "step": null, "ts": 1643510634.8757043}]}, "version": 476}
{"obj": {"type": "LogFloats", "path": ["monitoring", "gpu_memory"], "values": [{"value": 1.134765625, "step": null, "ts": 1643510634.8757043}]}, "version": 477}
{"obj": {"type": "LogFloats", "path": ["monitoring", "cpu"], "values": [{"value": 2.1, "step": null, "ts": 1643510644.8766465}]}, "version": 478}
{"obj": {"type": "LogFloats", "path": ["monitoring", "memory"], "values": [{"value": 11.647930145263672, "step": null, "ts": 1643510644.8766465}]}, "version": 479}
{"obj": {"type": "LogFloats", "path": ["monitoring", "gpu_memory"], "values": [{"value": 1.134765625, "step": null, "ts": 1643510644.8766465}]}, "version": 480}
{"obj": {"type": "LogFloats", "path": ["monitoring", "cpu"], "values": [{"value": 3.1, "step": null, "ts": 1643510654.8777342}]}, "version": 481}
{"obj": {"type": "LogFloats", "path": ["monitoring", "memory"], "values": [{"value": 11.693416595458984, "step": null, "ts": 1643510654.8777342}]}, "version": 482}
{"obj": {"type": "LogFloats", "path": ["monitoring", "gpu_memory"], "values": [{"value": 1.134765625, "step": null, "ts": 1643510654.8777342}]}, "version": 483}
{"obj": {"type": "LogFloats", "path": ["monitoring", "cpu"], "values": [{"value": 3.9, "step": null, "ts": 1643510664.8787305}]}, "version": 484}
{"obj": {"type": "LogFloats", "path": ["monitoring", "memory"], "values": [{"value": 11.689224243164062, "step": null, "ts": 1643510664.8787305}]}, "version": 485}
{"obj": {"type": "LogFloats", "path": ["monitoring", "gpu_memory"], "values": [{"value": 1.134765625, "step": null, "ts": 1643510664.8787305}]}, "version": 486}
{"obj": {"type": "LogFloats", "path": ["monitoring", "cpu"], "values": [{"value": 3.0, "step": null, "ts": 1643510674.8796673}]}, "version": 487}
{"obj": {"type": "LogFloats", "path": ["monitoring", "memory"], "values": [{"value": 11.67990493774414, "step": null, "ts": 1643510674.8796673}]}, "version": 488}
{"obj": {"type": "LogFloats", "path": ["monitoring", "gpu_memory"], "values": [{"value": 1.134765625, "step": null, "ts": 1643510674.8796673}]}, "version": 489}
{"obj": {"type": "LogFloats", "path": ["monitoring", "cpu"], "values": [{"value": 5.5, "step": null, "ts": 1643510684.88064}]}, "version": 490}
{"obj": {"type": "LogFloats", "path": ["monitoring", "memory"], "values": [{"value": 11.707382202148438, "step": null, "ts": 1643510684.88064}]}, "version": 491}
{"obj": {"type": "LogFloats", "path": ["monitoring", "gpu_memory"], "values": [{"value": 1.134765625, "step": null, "ts": 1643510684.88064}]}, "version": 492}
{"obj": {"type": "LogFloats", "path": ["monitoring", "cpu"], "values": [{"value": 3.0, "step": null, "ts": 1643510694.8816447}]}, "version": 493}
{"obj": {"type": "LogFloats", "path": ["monitoring", "memory"], "values": [{"value": 11.675056457519531, "step": null, "ts": 1643510694.8816447}]}, "version": 494}
{"obj": {"type": "LogFloats", "path": ["monitoring", "gpu"], "values": [{"value": 1.0, "step": null, "ts": 1643510694.8816447}]}, "version": 495}
{"obj": {"type": "LogFloats", "path": ["monitoring", "gpu_memory"], "values": [{"value": 1.134765625, "step": null, "ts": 1643510694.8816447}]}, "version": 496}
{"obj": {"type": "LogFloats", "path": ["monitoring", "cpu"], "values": [{"value": 4.0, "step": null, "ts": 1643510704.8826573}]}, "version": 497}
{"obj": {"type": "LogFloats", "path": ["monitoring", "memory"], "values": [{"value": 11.658561706542969, "step": null, "ts": 1643510704.8826573}]}, "version": 498}
{"obj": {"type": "LogFloats", "path": ["monitoring", "gpu_memory"], "values": [{"value": 1.134765625, "step": null, "ts": 1643510704.8826573}]}, "version": 499}
{"obj": {"type": "LogStrings", "path": ["monitoring", "stdout"], "values": [{"value": "Shutting down background jobs, please wait a moment...\n", "step": null, "ts": 1643510714.6982613}]}, "version": 500}
