{"obj": {"type": "AssignString", "path": ["sys", "name"], "value": "Untitled"}, "version": 1}
{"obj": {"type": "AssignString", "path": ["sys", "description"], "value": ""}, "version": 2}
{"obj": {"type": "AssignString", "path": ["sys", "hostname"], "value": "xhnfly-Strix-GL504GS-S5CS"}, "version": 3}
{"obj": {"type": "AssignBool", "path": ["sys", "failed"], "value": false}, "version": 4}
{"obj": {"type": "ClearStringLog", "path": ["monitoring", "stdout"]}, "version": 5}
{"obj": {"type": "ClearStringLog", "path": ["monitoring", "stderr"]}, "version": 6}
{"obj": {"type": "ConfigFloatSeries", "path": ["monitoring", "cpu"], "min": 0.0, "max": 100.0, "unit": "%"}, "version": 7}
{"obj": {"type": "ClearFloatLog", "path": ["monitoring", "cpu"]}, "version": 8}
{"obj": {"type": "ConfigFloatSeries", "path": ["monitoring", "memory"], "min": 0.0, "max": 31.287979125976562, "unit": "GB"}, "version": 9}
{"obj": {"type": "ClearFloatLog", "path": ["monitoring", "memory"]}, "version": 10}
{"obj": {"type": "ConfigFloatSeries", "path": ["monitoring", "gpu"], "min": 0.0, "max": 100.0, "unit": "%"}, "version": 11}
{"obj": {"type": "ClearFloatLog", "path": ["monitoring", "gpu"]}, "version": 12}
{"obj": {"type": "ConfigFloatSeries", "path": ["monitoring", "gpu_memory"], "min": 0.0, "max": 7.9210205078125, "unit": "GB"}, "version": 13}
{"obj": {"type": "ClearFloatLog", "path": ["monitoring", "gpu_memory"]}, "version": 14}
{"obj": {"type": "LogStrings", "path": ["monitoring", "stdout"], "values": [{"value": "", "step": null, "ts": 1643465854.5252962}]}, "version": 15}
{"obj": {"type": "LogStrings", "path": ["monitoring", "stdout"], "values": [{"value": "Remember to stop your run once you\u2019ve finished logging your metadata (https://docs.neptune.ai/api-reference/run#.stop). It will be stopped automatically only when the notebook kernel/interactive console is terminated.\n", "step": null, "ts": 1643465854.5259764}]}, "version": 16}
{"obj": {"type": "LogFloats", "path": ["monitoring", "cpu"], "values": [{"value": 30.5, "step": null, "ts": 1643465854.520066}]}, "version": 17}
{"obj": {"type": "LogFloats", "path": ["monitoring", "memory"], "values": [{"value": 21.555301666259766, "step": null, "ts": 1643465854.520066}]}, "version": 18}
{"obj": {"type": "LogFloats", "path": ["monitoring", "gpu_memory"], "values": [{"value": 0.208740234375, "step": null, "ts": 1643465854.520066}]}, "version": 19}
{"obj": {"type": "LogStrings", "path": ["monitoring", "stdout"], "values": [{"value": "device = ", "step": null, "ts": 1643465858.3877053}]}, "version": 20}
{"obj": {"type": "LogStrings", "path": ["monitoring", "stdout"], "values": [{"value": " ", "step": null, "ts": 1643465858.3880503}]}, "version": 21}
{"obj": {"type": "LogStrings", "path": ["monitoring", "stdout"], "values": [{"value": "cuda", "step": null, "ts": 1643465858.3881898}]}, "version": 22}
{"obj": {"type": "LogStrings", "path": ["monitoring", "stdout"], "values": [{"value": "\n", "step": null, "ts": 1643465858.3883042}]}, "version": 23}
{"obj": {"type": "AssignFloat", "path": ["parameters", "dropout"], "value": 0.2}, "version": 24}
{"obj": {"type": "AssignFloat", "path": ["parameters", "learning_rate"], "value": 0.001}, "version": 25}
{"obj": {"type": "AssignString", "path": ["parameters", "optimizer"], "value": "Adam"}, "version": 26}
{"obj": {"type": "AssignInt", "path": ["parameters", "hid"], "value": 512}, "version": 27}
{"obj": {"type": "AssignInt", "path": ["parameters", "l"], "value": 3}, "version": 28}
{"obj": {"type": "AssignInt", "path": ["parameters", "seed"], "value": 0}, "version": 29}
{"obj": {"type": "AssignInt", "path": ["parameters", "steps_per_epoch"], "value": 3000}, "version": 30}
{"obj": {"type": "AssignInt", "path": ["parameters", "steps_video"], "value": 30000}, "version": 31}
{"obj": {"type": "AssignInt", "path": ["parameters", "epochs"], "value": 100}, "version": 32}
{"obj": {"type": "AssignInt", "path": ["parameters", "replay_size"], "value": 10000000}, "version": 33}
{"obj": {"type": "AssignFloat", "path": ["parameters", "gamma"], "value": 0.99}, "version": 34}
{"obj": {"type": "AssignFloat", "path": ["parameters", "polyak"], "value": 0.995}, "version": 35}
{"obj": {"type": "AssignFloat", "path": ["parameters", "pi_lr"], "value": 0.0001}, "version": 36}
{"obj": {"type": "AssignFloat", "path": ["parameters", "q_lr"], "value": 0.0001}, "version": 37}
{"obj": {"type": "AssignInt", "path": ["parameters", "batch_size"], "value": 1000}, "version": 38}
{"obj": {"type": "AssignInt", "path": ["parameters", "start_steps"], "value": 1000}, "version": 39}
{"obj": {"type": "AssignInt", "path": ["parameters", "update_after"], "value": 2000}, "version": 40}
{"obj": {"type": "AssignInt", "path": ["parameters", "update_every"], "value": 100}, "version": 41}
{"obj": {"type": "AssignFloat", "path": ["parameters", "act_noise"], "value": 0.01}, "version": 42}
{"obj": {"type": "AssignInt", "path": ["parameters", "num_test_episodes"], "value": 1}, "version": 43}
{"obj": {"type": "AssignInt", "path": ["parameters", "max_ep_len"], "value": 1000}, "version": 44}
{"obj": {"type": "LogStrings", "path": ["monitoring", "stdout"], "values": [{"value": "obs_dim = ", "step": null, "ts": 1643465858.5222275}]}, "version": 45}
{"obj": {"type": "LogStrings", "path": ["monitoring", "stdout"], "values": [{"value": " ", "step": null, "ts": 1643465858.522454}]}, "version": 46}
{"obj": {"type": "LogStrings", "path": ["monitoring", "stdout"], "values": [{"value": "47", "step": null, "ts": 1643465858.5226176}]}, "version": 47}
{"obj": {"type": "LogStrings", "path": ["monitoring", "stdout"], "values": [{"value": "\n", "step": null, "ts": 1643465858.5227363}]}, "version": 48}
{"obj": {"type": "LogStrings", "path": ["monitoring", "stdout"], "values": [{"value": "act_dim = ", "step": null, "ts": 1643465858.5229578}]}, "version": 49}
{"obj": {"type": "LogStrings", "path": ["monitoring", "stdout"], "values": [{"value": " ", "step": null, "ts": 1643465858.5230896}]}, "version": 50}
{"obj": {"type": "LogStrings", "path": ["monitoring", "stdout"], "values": [{"value": "7", "step": null, "ts": 1643465858.5232024}]}, "version": 51}
{"obj": {"type": "LogStrings", "path": ["monitoring", "stdout"], "values": [{"value": "\n", "step": null, "ts": 1643465858.5233114}]}, "version": 52}
{"obj": {"type": "LogStrings", "path": ["monitoring", "stdout"], "values": [{"value": "act_limit = ", "step": null, "ts": 1643465858.523524}]}, "version": 53}
{"obj": {"type": "LogStrings", "path": ["monitoring", "stdout"], "values": [{"value": " ", "step": null, "ts": 1643465858.523606}]}, "version": 54}
{"obj": {"type": "LogStrings", "path": ["monitoring", "stdout"], "values": [{"value": "1", "step": null, "ts": 1643465858.5237772}]}, "version": 55}
{"obj": {"type": "LogStrings", "path": ["monitoring", "stdout"], "values": [{"value": "\n", "step": null, "ts": 1643465858.5239007}]}, "version": 56}
{"obj": {"type": "LogStrings", "path": ["monitoring", "stderr"], "values": [{"value": "\r  0%|          | 0/300000 [00:00<?, ?it/s]", "step": null, "ts": 1643465861.167973}]}, "version": 57}
{"obj": {"type": "LogStrings", "path": ["monitoring", "stderr"], "values": [{"value": "\r  0%|          | 2/300000 [00:00<5:32:08, 15.05it/s]", "step": null, "ts": 1643465861.3019195}]}, "version": 58}
{"obj": {"type": "LogStrings", "path": ["monitoring", "stderr"], "values": [{"value": "\r  0%|          | 8/300000 [00:00<2:20:07, 35.68it/s]", "step": null, "ts": 1643465861.4161549}]}, "version": 59}
{"obj": {"type": "LogStrings", "path": ["monitoring", "stderr"], "values": [{"value": "\r  0%|          | 14/300000 [00:00<1:51:41, 44.77it/s]", "step": null, "ts": 1643465861.5207334}]}, "version": 60}
{"obj": {"type": "LogStrings", "path": ["monitoring", "stderr"], "values": [{"value": "\r  0%|          | 20/300000 [00:00<1:41:40, 49.18it/s]", "step": null, "ts": 1643465861.6270607}]}, "version": 61}
{"obj": {"type": "LogStrings", "path": ["monitoring", "stderr"], "values": [{"value": "\r  0%|          | 26/300000 [00:00<1:41:13, 49.39it/s]", "step": null, "ts": 1643465861.7477162}]}, "version": 62}
{"obj": {"type": "LogStrings", "path": ["monitoring", "stderr"], "values": [{"value": "\r  0%|          | 32/300000 [00:00<1:38:03, 50.99it/s]", "step": null, "ts": 1643465861.8584218}]}, "version": 63}
{"obj": {"type": "LogStrings", "path": ["monitoring", "stderr"], "values": [{"value": "\r  0%|          | 38/300000 [00:00<1:35:21, 52.43it/s]", "step": null, "ts": 1643465861.9664636}]}, "version": 64}
{"obj": {"type": "LogStrings", "path": ["monitoring", "stderr"], "values": [{"value": "\r  0%|          | 44/300000 [00:00<1:33:09, 53.66it/s]", "step": null, "ts": 1643465862.0727942}]}, "version": 65}
{"obj": {"type": "LogStrings", "path": ["monitoring", "stderr"], "values": [{"value": "\r  0%|          | 50/300000 [00:01<1:31:05, 54.88it/s]", "step": null, "ts": 1643465862.176764}]}, "version": 66}
{"obj": {"type": "LogStrings", "path": ["monitoring", "stderr"], "values": [{"value": "\r  0%|          | 56/300000 [00:01<1:30:08, 55.46it/s]", "step": null, "ts": 1643465862.2824364}]}, "version": 67}
{"obj": {"type": "LogStrings", "path": ["monitoring", "stderr"], "values": [{"value": "\r  0%|          | 62/300000 [00:01<1:29:17, 55.98it/s]", "step": null, "ts": 1643465862.387338}]}, "version": 68}
{"obj": {"type": "LogStrings", "path": ["monitoring", "stderr"], "values": [{"value": "\r  0%|          | 68/300000 [00:01<1:28:44, 56.33it/s]", "step": null, "ts": 1643465862.4923387}]}, "version": 69}
{"obj": {"type": "LogStrings", "path": ["monitoring", "stderr"], "values": [{"value": "\r  0%|          | 74/300000 [00:01<1:29:17, 55.98it/s]", "step": null, "ts": 1643465862.6010637}]}, "version": 70}
{"obj": {"type": "LogStrings", "path": ["monitoring", "stderr"], "values": [{"value": "\r  0%|          | 80/300000 [00:01<1:30:23, 55.30it/s]", "step": null, "ts": 1643465862.7126129}]}, "version": 71}
{"obj": {"type": "LogStrings", "path": ["monitoring", "stderr"], "values": [{"value": "\r  0%|          | 86/300000 [00:01<1:32:32, 54.01it/s]", "step": null, "ts": 1643465862.8296766}]}, "version": 72}
{"obj": {"type": "LogStrings", "path": ["monitoring", "stderr"], "values": [{"value": "\r  0%|          | 92/300000 [00:01<1:34:17, 53.01it/s]", "step": null, "ts": 1643465862.9477646}]}, "version": 73}
{"obj": {"type": "LogStrings", "path": ["monitoring", "stderr"], "values": [{"value": "\r  0%|          | 98/300000 [00:01<1:37:53, 51.06it/s]", "step": null, "ts": 1643465863.07527}]}, "version": 74}
{"obj": {"type": "LogStrings", "path": ["monitoring", "stderr"], "values": [{"value": "\r  0%|          | 104/300000 [00:02<1:37:26, 51.30it/s]", "step": null, "ts": 1643465863.1909826}]}, "version": 75}
{"obj": {"type": "LogStrings", "path": ["monitoring", "stderr"], "values": [{"value": "\r  0%|          | 110/300000 [00:02<1:39:21, 50.30it/s]", "step": null, "ts": 1643465863.3156636}]}, "version": 76}
{"obj": {"type": "LogStrings", "path": ["monitoring", "stderr"], "values": [{"value": "\r  0%|          | 116/300000 [00:02<1:39:01, 50.47it/s]", "step": null, "ts": 1643465863.4336789}]}, "version": 77}
{"obj": {"type": "LogStrings", "path": ["monitoring", "stderr"], "values": [{"value": "\r  0%|          | 122/300000 [00:02<1:38:26, 50.77it/s]", "step": null, "ts": 1643465863.5501306}]}, "version": 78}
{"obj": {"type": "LogStrings", "path": ["monitoring", "stderr"], "values": [{"value": "\r  0%|          | 128/300000 [00:02<1:36:37, 51.73it/s]", "step": null, "ts": 1643465863.6611512}]}, "version": 79}
{"obj": {"type": "LogStrings", "path": ["monitoring", "stderr"], "values": [{"value": "\r  0%|          | 134/300000 [00:02<1:35:10, 52.51it/s]", "step": null, "ts": 1643465863.771269}]}, "version": 80}
{"obj": {"type": "LogStrings", "path": ["monitoring", "stderr"], "values": [{"value": "\r  0%|          | 140/300000 [00:02<1:34:03, 53.13it/s]", "step": null, "ts": 1643465863.8810961}]}, "version": 81}
{"obj": {"type": "LogStrings", "path": ["monitoring", "stderr"], "values": [{"value": "\r  0%|          | 146/300000 [00:02<1:32:52, 53.81it/s]", "step": null, "ts": 1643465863.9892519}]}, "version": 82}
{"obj": {"type": "LogStrings", "path": ["monitoring", "stderr"], "values": [{"value": "\r  0%|          | 152/300000 [00:02<1:31:50, 54.41it/s]", "step": null, "ts": 1643465864.0966637}]}, "version": 83}
{"obj": {"type": "LogStrings", "path": ["monitoring", "stderr"], "values": [{"value": "\r  0%|          | 158/300000 [00:03<1:30:22, 55.29it/s]", "step": null, "ts": 1643465864.2010894}]}, "version": 84}
{"obj": {"type": "LogStrings", "path": ["monitoring", "stderr"], "values": [{"value": "\r  0%|          | 164/300000 [00:03<1:30:20, 55.31it/s]", "step": null, "ts": 1643465864.3095453}]}, "version": 85}
{"obj": {"type": "LogStrings", "path": ["monitoring", "stderr"], "values": [{"value": "\r  0%|          | 170/300000 [00:03<1:35:14, 52.47it/s]", "step": null, "ts": 1643465864.4375346}]}, "version": 86}
{"obj": {"type": "LogFloats", "path": ["monitoring", "cpu"], "values": [{"value": 24.0, "step": null, "ts": 1643465864.530924}]}, "version": 87}
{"obj": {"type": "LogFloats", "path": ["monitoring", "memory"], "values": [{"value": 25.440196990966797, "step": null, "ts": 1643465864.530924}]}, "version": 88}
{"obj": {"type": "LogFloats", "path": ["monitoring", "gpu"], "values": [{"value": 19.0, "step": null, "ts": 1643465864.530924}]}, "version": 89}
{"obj": {"type": "LogFloats", "path": ["monitoring", "gpu_memory"], "values": [{"value": 0.9149169921875, "step": null, "ts": 1643465864.530924}]}, "version": 90}
{"obj": {"type": "LogStrings", "path": ["monitoring", "stderr"], "values": [{"value": "\r  0%|          | 176/300000 [00:03<1:38:38, 50.66it/s]", "step": null, "ts": 1643465864.5655353}]}, "version": 91}
{"obj": {"type": "LogStrings", "path": ["monitoring", "stderr"], "values": [{"value": "\r  0%|          | 182/300000 [00:03<1:38:03, 50.96it/s]", "step": null, "ts": 1643465864.6818419}]}, "version": 92}
{"obj": {"type": "LogStrings", "path": ["monitoring", "stderr"], "values": [{"value": "\r  0%|          | 188/300000 [00:03<1:38:23, 50.79it/s]", "step": null, "ts": 1643465864.8006804}]}, "version": 93}
{"obj": {"type": "LogStrings", "path": ["monitoring", "stderr"], "values": [{"value": "\r  0%|          | 194/300000 [00:03<1:42:05, 48.95it/s]", "step": null, "ts": 1643465864.9336329}]}, "version": 94}
{"obj": {"type": "LogStrings", "path": ["monitoring", "stderr"], "values": [{"value": "\r  0%|          | 199/300000 [00:03<1:44:10, 47.97it/s]", "step": null, "ts": 1643465865.0437317}]}, "version": 95}
{"obj": {"type": "LogStrings", "path": ["monitoring", "stderr"], "values": [{"value": "\r  0%|          | 204/300000 [00:03<1:45:19, 47.44it/s]", "step": null, "ts": 1643465865.1522844}]}, "version": 96}
{"obj": {"type": "LogStrings", "path": ["monitoring", "stderr"], "values": [{"value": "\r  0%|          | 209/300000 [00:04<1:44:39, 47.74it/s]", "step": null, "ts": 1643465865.2552154}]}, "version": 97}
{"obj": {"type": "LogStrings", "path": ["monitoring", "stderr"], "values": [{"value": "\r  0%|          | 214/300000 [00:04<1:44:04, 48.01it/s]", "step": null, "ts": 1643465865.3579078}]}, "version": 98}
{"obj": {"type": "LogStrings", "path": ["monitoring", "stderr"], "values": [{"value": "\r  0%|          | 219/300000 [00:04<1:45:16, 47.46it/s]", "step": null, "ts": 1643465865.4663725}]}, "version": 99}
{"obj": {"type": "LogStrings", "path": ["monitoring", "stderr"], "values": [{"value": "\r  0%|          | 224/300000 [00:04<1:45:48, 47.22it/s]", "step": null, "ts": 1643465865.5734494}]}, "version": 100}
{"obj": {"type": "LogStrings", "path": ["monitoring", "stderr"], "values": [{"value": "\r  0%|          | 229/300000 [00:04<1:47:18, 46.56it/s]", "step": null, "ts": 1643465865.684404}]}, "version": 101}
{"obj": {"type": "LogStrings", "path": ["monitoring", "stderr"], "values": [{"value": "\r  0%|          | 234/300000 [00:04<1:46:18, 47.00it/s]", "step": null, "ts": 1643465865.788469}]}, "version": 102}
{"obj": {"type": "LogStrings", "path": ["monitoring", "stderr"], "values": [{"value": "\r  0%|          | 239/300000 [00:04<1:45:20, 47.43it/s]", "step": null, "ts": 1643465865.8915455}]}, "version": 103}
{"obj": {"type": "LogStrings", "path": ["monitoring", "stderr"], "values": [{"value": "\r  0%|          | 244/300000 [00:04<1:44:30, 47.81it/s]", "step": null, "ts": 1643465865.9941747}]}, "version": 104}
{"obj": {"type": "LogStrings", "path": ["monitoring", "stderr"], "values": [{"value": "\r  0%|          | 250/300000 [00:04<1:42:13, 48.87it/s]", "step": null, "ts": 1643465866.111719}]}, "version": 105}
{"obj": {"type": "LogStrings", "path": ["monitoring", "stderr"], "values": [{"value": "\r  0%|          | 255/300000 [00:05<1:45:13, 47.48it/s]", "step": null, "ts": 1643465866.224374}]}, "version": 106}
{"obj": {"type": "LogStrings", "path": ["monitoring", "stderr"], "values": [{"value": "\r  0%|          | 260/300000 [00:05<1:44:02, 48.02it/s]", "step": null, "ts": 1643465866.3256087}]}, "version": 107}
{"obj": {"type": "LogStrings", "path": ["monitoring", "stderr"], "values": [{"value": "\r  0%|          | 266/300000 [00:05<1:41:00, 49.46it/s]", "step": null, "ts": 1643465866.4396434}]}, "version": 108}
{"obj": {"type": "LogStrings", "path": ["monitoring", "stderr"], "values": [{"value": "\r  0%|          | 272/300000 [00:05<1:39:34, 50.17it/s]", "step": null, "ts": 1643465866.5556412}]}, "version": 109}
{"obj": {"type": "LogStrings", "path": ["monitoring", "stderr"], "values": [{"value": "\r  0%|          | 278/300000 [00:05<1:38:08, 50.90it/s]", "step": null, "ts": 1643465866.6697435}]}, "version": 110}
{"obj": {"type": "LogStrings", "path": ["monitoring", "stderr"], "values": [{"value": "\r  0%|          | 284/300000 [00:05<1:42:19, 48.82it/s]", "step": null, "ts": 1643465866.8038437}]}, "version": 111}
{"obj": {"type": "LogStrings", "path": ["monitoring", "stderr"], "values": [{"value": "\r  0%|          | 289/300000 [00:05<1:45:38, 47.28it/s]", "step": null, "ts": 1643465866.918718}]}, "version": 112}
{"obj": {"type": "LogStrings", "path": ["monitoring", "stderr"], "values": [{"value": "\r  0%|          | 294/300000 [00:05<1:46:35, 46.86it/s]", "step": null, "ts": 1643465867.0277789}]}, "version": 113}
{"obj": {"type": "LogStrings", "path": ["monitoring", "stderr"], "values": [{"value": "\r  0%|          | 299/300000 [00:05<1:45:52, 47.18it/s]", "step": null, "ts": 1643465867.131988}]}, "version": 114}
{"obj": {"type": "LogStrings", "path": ["monitoring", "stderr"], "values": [{"value": "\r  0%|          | 304/300000 [00:06<1:47:56, 46.27it/s]", "step": null, "ts": 1643465867.245205}]}, "version": 115}
{"obj": {"type": "LogStrings", "path": ["monitoring", "stderr"], "values": [{"value": "\r  0%|          | 309/300000 [00:06<1:49:30, 45.61it/s]", "step": null, "ts": 1643465867.3588068}]}, "version": 116}
{"obj": {"type": "LogStrings", "path": ["monitoring", "stderr"], "values": [{"value": "\r  0%|          | 314/300000 [00:06<1:52:56, 44.22it/s]", "step": null, "ts": 1643465867.4798617}]}, "version": 117}
{"obj": {"type": "LogStrings", "path": ["monitoring", "stderr"], "values": [{"value": "\r  0%|          | 319/300000 [00:06<1:54:31, 43.61it/s]", "step": null, "ts": 1643465867.5982697}]}, "version": 118}
{"obj": {"type": "LogStrings", "path": ["monitoring", "stderr"], "values": [{"value": "\r  0%|          | 324/300000 [00:06<1:51:21, 44.85it/s]", "step": null, "ts": 1643465867.70229}]}, "version": 119}
{"obj": {"type": "LogStrings", "path": ["monitoring", "stderr"], "values": [{"value": "\r  0%|          | 329/300000 [00:06<1:49:37, 45.56it/s]", "step": null, "ts": 1643465867.8079188}]}, "version": 120}
{"obj": {"type": "LogStrings", "path": ["monitoring", "stderr"], "values": [{"value": "\r  0%|          | 334/300000 [00:06<1:48:11, 46.16it/s]", "step": null, "ts": 1643465867.9128678}]}, "version": 121}
{"obj": {"type": "LogStrings", "path": ["monitoring", "stderr"], "values": [{"value": "\r  0%|          | 340/300000 [00:06<1:42:40, 48.64it/s]", "step": null, "ts": 1643465868.0232847}]}, "version": 122}
{"obj": {"type": "LogStrings", "path": ["monitoring", "stderr"], "values": [{"value": "\r  0%|          | 346/300000 [00:06<1:38:57, 50.47it/s]", "step": null, "ts": 1643465868.1329203}]}, "version": 123}
{"obj": {"type": "LogStrings", "path": ["monitoring", "stderr"], "values": [{"value": "\r  0%|          | 352/300000 [00:07<1:45:48, 47.20it/s]", "step": null, "ts": 1643465868.2777402}]}, "version": 124}
{"obj": {"type": "LogStrings", "path": ["monitoring", "stderr"], "values": [{"value": "\r  0%|          | 357/300000 [00:07<1:45:55, 47.14it/s]", "step": null, "ts": 1643465868.3841066}]}, "version": 125}
{"obj": {"type": "LogStrings", "path": ["monitoring", "stderr"], "values": [{"value": "\r  0%|          | 362/300000 [00:07<1:50:40, 45.12it/s]", "step": null, "ts": 1643465868.5073056}]}, "version": 126}
{"obj": {"type": "LogStrings", "path": ["monitoring", "stderr"], "values": [{"value": "\r  0%|          | 367/300000 [00:07<1:49:34, 45.57it/s]", "step": null, "ts": 1643465868.6140535}]}, "version": 127}
{"obj": {"type": "LogStrings", "path": ["monitoring", "stderr"], "values": [{"value": "\r  0%|          | 372/300000 [00:07<1:48:38, 45.96it/s]", "step": null, "ts": 1643465868.7206328}]}, "version": 128}
{"obj": {"type": "LogStrings", "path": ["monitoring", "stderr"], "values": [{"value": "\r  0%|          | 377/300000 [00:07<1:47:33, 46.42it/s]", "step": null, "ts": 1643465868.8256645}]}, "version": 129}
{"obj": {"type": "LogStrings", "path": ["monitoring", "stderr"], "values": [{"value": "\r  0%|          | 382/300000 [00:07<1:46:45, 46.78it/s]", "step": null, "ts": 1643465868.9306004}]}, "version": 130}
{"obj": {"type": "LogStrings", "path": ["monitoring", "stderr"], "values": [{"value": "\r  0%|          | 387/300000 [00:07<1:51:28, 44.80it/s]", "step": null, "ts": 1643465869.053467}]}, "version": 131}
{"obj": {"type": "LogStrings", "path": ["monitoring", "stderr"], "values": [{"value": "\r  0%|          | 392/300000 [00:07<1:51:52, 44.63it/s]", "step": null, "ts": 1643465869.1664217}]}, "version": 132}
{"obj": {"type": "LogStrings", "path": ["monitoring", "stderr"], "values": [{"value": "\r  0%|          | 397/300000 [00:08<1:49:03, 45.79it/s]", "step": null, "ts": 1643465869.269048}]}, "version": 133}
{"obj": {"type": "LogStrings", "path": ["monitoring", "stderr"], "values": [{"value": "\r  0%|          | 402/300000 [00:08<1:47:28, 46.46it/s]", "step": null, "ts": 1643465869.3730578}]}, "version": 134}
{"obj": {"type": "LogStrings", "path": ["monitoring", "stderr"], "values": [{"value": "\r  0%|          | 407/300000 [00:08<1:45:24, 47.37it/s]", "step": null, "ts": 1643465869.4736152}]}, "version": 135}
{"obj": {"type": "LogStrings", "path": ["monitoring", "stderr"], "values": [{"value": "\r  0%|          | 412/300000 [00:08<1:45:09, 47.48it/s]", "step": null, "ts": 1643465869.5783346}]}, "version": 136}
{"obj": {"type": "LogStrings", "path": ["monitoring", "stderr"], "values": [{"value": "\r  0%|          | 418/300000 [00:08<1:39:14, 50.31it/s]", "step": null, "ts": 1643465869.6837487}]}, "version": 137}
{"obj": {"type": "LogStrings", "path": ["monitoring", "stderr"], "values": [{"value": "\r  0%|          | 424/300000 [00:08<1:37:34, 51.17it/s]", "step": null, "ts": 1643465869.7968605}]}, "version": 138}
{"obj": {"type": "LogStrings", "path": ["monitoring", "stderr"], "values": [{"value": "\r  0%|          | 430/300000 [00:08<1:36:21, 51.81it/s]", "step": null, "ts": 1643465869.9095345}]}, "version": 139}
{"obj": {"type": "LogStrings", "path": ["monitoring", "stderr"], "values": [{"value": "\r  0%|          | 436/300000 [00:08<1:36:29, 51.74it/s]", "step": null, "ts": 1643465870.0258825}]}, "version": 140}
{"obj": {"type": "LogStrings", "path": ["monitoring", "stderr"], "values": [{"value": "\r  0%|          | 442/300000 [00:08<1:37:36, 51.15it/s]", "step": null, "ts": 1643465870.1461716}]}, "version": 141}
{"obj": {"type": "LogStrings", "path": ["monitoring", "stderr"], "values": [{"value": "\r  0%|          | 448/300000 [00:09<1:37:46, 51.06it/s]", "step": null, "ts": 1643465870.2641478}]}, "version": 142}
{"obj": {"type": "LogStrings", "path": ["monitoring", "stderr"], "values": [{"value": "\r  0%|          | 454/300000 [00:09<1:38:24, 50.73it/s]", "step": null, "ts": 1643465870.3841581}]}, "version": 143}
{"obj": {"type": "LogStrings", "path": ["monitoring", "stderr"], "values": [{"value": "\r  0%|          | 460/300000 [00:09<1:39:13, 50.31it/s]", "step": null, "ts": 1643465870.5056906}]}, "version": 144}
{"obj": {"type": "LogStrings", "path": ["monitoring", "stderr"], "values": [{"value": "\r  0%|          | 466/300000 [00:09<1:41:54, 48.99it/s]", "step": null, "ts": 1643465870.6357255}]}, "version": 145}
{"obj": {"type": "LogStrings", "path": ["monitoring", "stderr"], "values": [{"value": "\r  0%|          | 471/300000 [00:09<1:48:47, 45.89it/s]", "step": null, "ts": 1643465870.7637928}]}, "version": 146}
{"obj": {"type": "LogStrings", "path": ["monitoring", "stderr"], "values": [{"value": "\r  0%|          | 477/300000 [00:09<1:45:08, 47.48it/s]", "step": null, "ts": 1643465870.8804643}]}, "version": 147}
{"obj": {"type": "LogStrings", "path": ["monitoring", "stderr"], "values": [{"value": "\r  0%|          | 483/300000 [00:09<1:42:45, 48.58it/s]", "step": null, "ts": 1643465870.9975724}]}, "version": 148}
{"obj": {"type": "LogStrings", "path": ["monitoring", "stderr"], "values": [{"value": "\r  0%|          | 488/300000 [00:09<1:42:16, 48.81it/s]", "step": null, "ts": 1643465871.0986862}]}, "version": 149}
{"obj": {"type": "LogStrings", "path": ["monitoring", "stderr"], "values": [{"value": "\r  0%|          | 494/300000 [00:10<1:41:07, 49.36it/s]", "step": null, "ts": 1643465871.2172506}]}, "version": 150}
{"obj": {"type": "LogStrings", "path": ["monitoring", "stderr"], "values": [{"value": "\r  0%|          | 500/300000 [00:10<1:39:53, 49.97it/s]", "step": null, "ts": 1643465871.334}]}, "version": 151}
{"obj": {"type": "LogStrings", "path": ["monitoring", "stderr"], "values": [{"value": "\r  0%|          | 506/300000 [00:10<1:38:20, 50.76it/s]", "step": null, "ts": 1643465871.448045}]}, "version": 152}
{"obj": {"type": "LogStrings", "path": ["monitoring", "stderr"], "values": [{"value": "\r  0%|          | 512/300000 [00:10<1:35:17, 52.38it/s]", "step": null, "ts": 1643465871.5542786}]}, "version": 153}
{"obj": {"type": "LogStrings", "path": ["monitoring", "stderr"], "values": [{"value": "\r  0%|          | 518/300000 [00:10<1:33:03, 53.63it/s]", "step": null, "ts": 1643465871.6599834}]}, "version": 154}
{"obj": {"type": "LogStrings", "path": ["monitoring", "stderr"], "values": [{"value": "\r  0%|          | 524/300000 [00:10<1:31:50, 54.35it/s]", "step": null, "ts": 1643465871.7669988}]}, "version": 155}
{"obj": {"type": "LogStrings", "path": ["monitoring", "stderr"], "values": [{"value": "\r  0%|          | 530/300000 [00:10<1:30:41, 55.04it/s]", "step": null, "ts": 1643465871.872816}]}, "version": 156}
{"obj": {"type": "LogStrings", "path": ["monitoring", "stderr"], "values": [{"value": "\r  0%|          | 536/300000 [00:10<1:29:46, 55.59it/s]", "step": null, "ts": 1643465871.9782434}]}, "version": 157}
{"obj": {"type": "LogStrings", "path": ["monitoring", "stderr"], "values": [{"value": "\r  0%|          | 542/300000 [00:10<1:28:58, 56.09it/s]", "step": null, "ts": 1643465872.0829403}]}, "version": 158}
{"obj": {"type": "LogStrings", "path": ["monitoring", "stderr"], "values": [{"value": "\r  0%|          | 548/300000 [00:11<1:28:12, 56.58it/s]", "step": null, "ts": 1643465872.1868207}]}, "version": 159}
{"obj": {"type": "LogStrings", "path": ["monitoring", "stderr"], "values": [{"value": "\r  0%|          | 554/300000 [00:11<1:28:23, 56.46it/s]", "step": null, "ts": 1643465872.2936478}]}, "version": 160}
{"obj": {"type": "LogStrings", "path": ["monitoring", "stderr"], "values": [{"value": "\r  0%|          | 560/300000 [00:11<1:27:53, 56.78it/s]", "step": null, "ts": 1643465872.3979142}]}, "version": 161}
{"obj": {"type": "LogStrings", "path": ["monitoring", "stderr"], "values": [{"value": "\r  0%|          | 566/300000 [00:11<1:27:22, 57.12it/s]", "step": null, "ts": 1643465872.5015182}]}, "version": 162}
{"obj": {"type": "LogStrings", "path": ["monitoring", "stderr"], "values": [{"value": "\r  0%|          | 572/300000 [00:11<1:31:55, 54.29it/s]", "step": null, "ts": 1643465872.6248016}]}, "version": 163}
{"obj": {"type": "LogStrings", "path": ["monitoring", "stderr"], "values": [{"value": "\r  0%|          | 578/300000 [00:11<1:33:33, 53.34it/s]", "step": null, "ts": 1643465872.741999}]}, "version": 164}
{"obj": {"type": "LogStrings", "path": ["monitoring", "stderr"], "values": [{"value": "\r  0%|          | 584/300000 [00:11<1:32:46, 53.78it/s]", "step": null, "ts": 1643465872.851278}]}, "version": 165}
{"obj": {"type": "LogStrings", "path": ["monitoring", "stderr"], "values": [{"value": "\r  0%|          | 590/300000 [00:11<1:31:01, 54.82it/s]", "step": null, "ts": 1643465872.9557793}]}, "version": 166}
{"obj": {"type": "LogStrings", "path": ["monitoring", "stderr"], "values": [{"value": "\r  0%|          | 596/300000 [00:11<1:29:40, 55.64it/s]", "step": null, "ts": 1643465873.0598574}]}, "version": 167}
{"obj": {"type": "LogStrings", "path": ["monitoring", "stderr"], "values": [{"value": "\r  0%|          | 602/300000 [00:11<1:29:11, 55.95it/s]", "step": null, "ts": 1643465873.165711}]}, "version": 168}
{"obj": {"type": "LogStrings", "path": ["monitoring", "stderr"], "values": [{"value": "\r  0%|          | 608/300000 [00:12<1:30:34, 55.09it/s]", "step": null, "ts": 1643465873.2785347}]}, "version": 169}
{"obj": {"type": "LogStrings", "path": ["monitoring", "stderr"], "values": [{"value": "\r  0%|          | 614/300000 [00:12<1:33:42, 53.25it/s]", "step": null, "ts": 1643465873.4000313}]}, "version": 170}
{"obj": {"type": "LogStrings", "path": ["monitoring", "stderr"], "values": [{"value": "\r  0%|          | 620/300000 [00:12<1:36:28, 51.72it/s]", "step": null, "ts": 1643465873.5237632}]}, "version": 171}
{"obj": {"type": "LogStrings", "path": ["monitoring", "stderr"], "values": [{"value": "\r  0%|          | 626/300000 [00:12<1:34:37, 52.73it/s]", "step": null, "ts": 1643465873.6324115}]}, "version": 172}
{"obj": {"type": "LogStrings", "path": ["monitoring", "stderr"], "values": [{"value": "\r  0%|          | 632/300000 [00:12<1:32:33, 53.91it/s]", "step": null, "ts": 1643465873.73789}]}, "version": 173}
{"obj": {"type": "LogStrings", "path": ["monitoring", "stderr"], "values": [{"value": "\r  0%|          | 639/300000 [00:12<1:28:45, 56.21it/s]", "step": null, "ts": 1643465873.8517528}]}, "version": 174}
{"obj": {"type": "LogStrings", "path": ["monitoring", "stderr"], "values": [{"value": "\r  0%|          | 645/300000 [00:12<1:27:17, 57.16it/s]", "step": null, "ts": 1643465873.9523993}]}, "version": 175}
{"obj": {"type": "LogStrings", "path": ["monitoring", "stderr"], "values": [{"value": "\r  0%|          | 651/300000 [00:12<1:26:37, 57.59it/s]", "step": null, "ts": 1643465874.0546587}]}, "version": 176}
{"obj": {"type": "LogStrings", "path": ["monitoring", "stderr"], "values": [{"value": "\r  0%|          | 657/300000 [00:12<1:25:38, 58.25it/s]", "step": null, "ts": 1643465874.15486}]}, "version": 177}
{"obj": {"type": "LogStrings", "path": ["monitoring", "stderr"], "values": [{"value": "\r  0%|          | 663/300000 [00:13<1:26:13, 57.86it/s]", "step": null, "ts": 1643465874.260215}]}, "version": 178}
{"obj": {"type": "LogStrings", "path": ["monitoring", "stderr"], "values": [{"value": "\r  0%|          | 669/300000 [00:13<1:25:56, 58.05it/s]", "step": null, "ts": 1643465874.3627691}]}, "version": 179}
{"obj": {"type": "LogStrings", "path": ["monitoring", "stderr"], "values": [{"value": "\r  0%|          | 675/300000 [00:13<1:26:02, 57.98it/s]", "step": null, "ts": 1643465874.466561}]}, "version": 180}
{"obj": {"type": "LogFloats", "path": ["monitoring", "cpu"], "values": [{"value": 29.6, "step": null, "ts": 1643465874.5433185}]}, "version": 181}
{"obj": {"type": "LogFloats", "path": ["monitoring", "memory"], "values": [{"value": 25.085853576660156, "step": null, "ts": 1643465874.5433185}]}, "version": 182}
{"obj": {"type": "LogFloats", "path": ["monitoring", "gpu"], "values": [{"value": 1.0, "step": null, "ts": 1643465874.5433185}]}, "version": 183}
{"obj": {"type": "LogFloats", "path": ["monitoring", "gpu_memory"], "values": [{"value": 0.9149169921875, "step": null, "ts": 1643465874.5433185}]}, "version": 184}
{"obj": {"type": "LogStrings", "path": ["monitoring", "stderr"], "values": [{"value": "\r  0%|          | 681/300000 [00:13<1:26:42, 57.54it/s]", "step": null, "ts": 1643465874.572718}]}, "version": 185}
{"obj": {"type": "LogStrings", "path": ["monitoring", "stderr"], "values": [{"value": "\r  0%|          | 687/300000 [00:13<1:26:41, 57.54it/s]", "step": null, "ts": 1643465874.6769557}]}, "version": 186}
{"obj": {"type": "LogStrings", "path": ["monitoring", "stderr"], "values": [{"value": "\r  0%|          | 693/300000 [00:13<1:29:56, 55.47it/s]", "step": null, "ts": 1643465874.7943242}]}, "version": 187}
{"obj": {"type": "LogStrings", "path": ["monitoring", "stderr"], "values": [{"value": "\r  0%|          | 699/300000 [00:13<1:29:55, 55.47it/s]", "step": null, "ts": 1643465874.9024162}]}, "version": 188}
{"obj": {"type": "LogStrings", "path": ["monitoring", "stderr"], "values": [{"value": "\r  0%|          | 705/300000 [00:13<1:28:21, 56.46it/s]", "step": null, "ts": 1643465875.0042706}]}, "version": 189}
{"obj": {"type": "LogStrings", "path": ["monitoring", "stderr"], "values": [{"value": "\r  0%|          | 711/300000 [00:13<1:28:40, 56.25it/s]", "step": null, "ts": 1643465875.111915}]}, "version": 190}
{"obj": {"type": "LogStrings", "path": ["monitoring", "stderr"], "values": [{"value": "\r  0%|          | 717/300000 [00:14<1:33:34, 53.31it/s]", "step": null, "ts": 1643465875.238184}]}, "version": 191}
{"obj": {"type": "LogStrings", "path": ["monitoring", "stderr"], "values": [{"value": "\r  0%|          | 723/300000 [00:14<1:31:31, 54.50it/s]", "step": null, "ts": 1643465875.3425078}]}, "version": 192}
{"obj": {"type": "LogStrings", "path": ["monitoring", "stderr"], "values": [{"value": "\r  0%|          | 729/300000 [00:14<1:30:51, 54.90it/s]", "step": null, "ts": 1643465875.4499469}]}, "version": 193}
{"obj": {"type": "LogStrings", "path": ["monitoring", "stderr"], "values": [{"value": "\r  0%|          | 735/300000 [00:14<1:30:54, 54.86it/s]", "step": null, "ts": 1643465875.5595393}]}, "version": 194}
{"obj": {"type": "LogStrings", "path": ["monitoring", "stderr"], "values": [{"value": "\r  0%|          | 741/300000 [00:14<1:30:28, 55.13it/s]", "step": null, "ts": 1643465875.6670902}]}, "version": 195}
{"obj": {"type": "LogStrings", "path": ["monitoring", "stderr"], "values": [{"value": "\r  0%|          | 747/300000 [00:14<1:30:03, 55.38it/s]", "step": null, "ts": 1643465875.7743468}]}, "version": 196}
{"obj": {"type": "LogStrings", "path": ["monitoring", "stderr"], "values": [{"value": "\r  0%|          | 753/300000 [00:14<1:30:52, 54.88it/s]", "step": null, "ts": 1643465875.8859124}]}, "version": 197}
{"obj": {"type": "LogStrings", "path": ["monitoring", "stderr"], "values": [{"value": "\r  0%|          | 759/300000 [00:14<1:31:01, 54.79it/s]", "step": null, "ts": 1643465875.9958417}]}, "version": 198}
{"obj": {"type": "LogStrings", "path": ["monitoring", "stderr"], "values": [{"value": "\r  0%|          | 765/300000 [00:14<1:28:53, 56.11it/s]", "step": null, "ts": 1643465876.0967941}]}, "version": 199}
{"obj": {"type": "LogStrings", "path": ["monitoring", "stderr"], "values": [{"value": "\r  0%|          | 772/300000 [00:15<1:26:20, 57.77it/s]", "step": null, "ts": 1643465876.2109468}]}, "version": 200}
{"obj": {"type": "LogStrings", "path": ["monitoring", "stderr"], "values": [{"value": "\r  0%|          | 778/300000 [00:15<1:25:26, 58.37it/s]", "step": null, "ts": 1643465876.3109665}]}, "version": 201}
{"obj": {"type": "LogStrings", "path": ["monitoring", "stderr"], "values": [{"value": "\r  0%|          | 784/300000 [00:15<1:24:45, 58.83it/s]", "step": null, "ts": 1643465876.411}]}, "version": 202}
{"obj": {"type": "LogStrings", "path": ["monitoring", "stderr"], "values": [{"value": "\r  0%|          | 791/300000 [00:15<1:23:47, 59.52it/s]", "step": null, "ts": 1643465876.5258083}]}, "version": 203}
{"obj": {"type": "LogStrings", "path": ["monitoring", "stderr"], "values": [{"value": "\r  0%|          | 797/300000 [00:15<1:24:33, 58.98it/s]", "step": null, "ts": 1643465876.6298382}]}, "version": 204}
{"obj": {"type": "LogStrings", "path": ["monitoring", "stderr"], "values": [{"value": "\r  0%|          | 803/300000 [00:15<1:25:18, 58.46it/s]", "step": null, "ts": 1643465876.7346916}]}, "version": 205}
{"obj": {"type": "LogStrings", "path": ["monitoring", "stderr"], "values": [{"value": "\r  0%|          | 809/300000 [00:15<1:25:56, 58.02it/s]", "step": null, "ts": 1643465876.8400414}]}, "version": 206}
{"obj": {"type": "LogStrings", "path": ["monitoring", "stderr"], "values": [{"value": "\r  0%|          | 815/300000 [00:15<1:25:37, 58.24it/s]", "step": null, "ts": 1643465876.9420955}]}, "version": 207}
{"obj": {"type": "LogStrings", "path": ["monitoring", "stderr"], "values": [{"value": "\r  0%|          | 822/300000 [00:15<1:24:37, 58.92it/s]", "step": null, "ts": 1643465877.058078}]}, "version": 208}
{"obj": {"type": "LogStrings", "path": ["monitoring", "stderr"], "values": [{"value": "\r  0%|          | 828/300000 [00:15<1:26:14, 57.81it/s]", "step": null, "ts": 1643465877.1666856}]}, "version": 209}
{"obj": {"type": "LogStrings", "path": ["monitoring", "stderr"], "values": [{"value": "\r  0%|          | 834/300000 [00:16<1:25:32, 58.28it/s]", "step": null, "ts": 1643465877.2675855}]}, "version": 210}
{"obj": {"type": "LogStrings", "path": ["monitoring", "stderr"], "values": [{"value": "\r  0%|          | 840/300000 [00:16<1:25:14, 58.49it/s]", "step": null, "ts": 1643465877.3692667}]}, "version": 211}
{"obj": {"type": "LogStrings", "path": ["monitoring", "stderr"], "values": [{"value": "\r  0%|          | 847/300000 [00:16<1:24:24, 59.07it/s]", "step": null, "ts": 1643465877.4853995}]}, "version": 212}
{"obj": {"type": "LogStrings", "path": ["monitoring", "stderr"], "values": [{"value": "\r  0%|          | 853/300000 [00:16<1:24:02, 59.32it/s]", "step": null, "ts": 1643465877.5854535}]}, "version": 213}
{"obj": {"type": "LogStrings", "path": ["monitoring", "stderr"], "values": [{"value": "\r  0%|          | 860/300000 [00:16<1:23:18, 59.84it/s]", "step": null, "ts": 1643465877.7003026}]}, "version": 214}
{"obj": {"type": "LogStrings", "path": ["monitoring", "stderr"], "values": [{"value": "\r  0%|          | 867/300000 [00:16<1:22:31, 60.41it/s]", "step": null, "ts": 1643465877.8137841}]}, "version": 215}
{"obj": {"type": "LogStrings", "path": ["monitoring", "stderr"], "values": [{"value": "\r  0%|          | 874/300000 [00:16<1:22:13, 60.63it/s]", "step": null, "ts": 1643465877.9283118}]}, "version": 216}
{"obj": {"type": "LogStrings", "path": ["monitoring", "stderr"], "values": [{"value": "\r  0%|          | 881/300000 [00:16<1:21:51, 60.91it/s]", "step": null, "ts": 1643465878.0420637}]}, "version": 217}
{"obj": {"type": "LogStrings", "path": ["monitoring", "stderr"], "values": [{"value": "\r  0%|          | 888/300000 [00:17<1:26:45, 57.46it/s]", "step": null, "ts": 1643465878.1797397}]}, "version": 218}
{"obj": {"type": "LogStrings", "path": ["monitoring", "stderr"], "values": [{"value": "\r  0%|          | 894/300000 [00:17<1:34:34, 52.71it/s]", "step": null, "ts": 1643465878.3186438}]}, "version": 219}
{"obj": {"type": "LogStrings", "path": ["monitoring", "stderr"], "values": [{"value": "\r  0%|          | 900/300000 [00:17<1:35:37, 52.13it/s]", "step": null, "ts": 1643465878.4369278}]}, "version": 220}
{"obj": {"type": "LogStrings", "path": ["monitoring", "stderr"], "values": [{"value": "\r  0%|          | 906/300000 [00:17<1:35:31, 52.18it/s]", "step": null, "ts": 1643465878.5516222}]}, "version": 221}
{"obj": {"type": "LogStrings", "path": ["monitoring", "stderr"], "values": [{"value": "\r  0%|          | 913/300000 [00:17<1:30:18, 55.20it/s]", "step": null, "ts": 1643465878.6630366}]}, "version": 222}
{"obj": {"type": "LogStrings", "path": ["monitoring", "stderr"], "values": [{"value": "\r  0%|          | 920/300000 [00:17<1:27:04, 57.24it/s]", "step": null, "ts": 1643465878.7755032}]}, "version": 223}
{"obj": {"type": "LogStrings", "path": ["monitoring", "stderr"], "values": [{"value": "\r  0%|          | 926/300000 [00:17<1:32:32, 53.86it/s]", "step": null, "ts": 1643465878.9040368}]}, "version": 224}
{"obj": {"type": "LogStrings", "path": ["monitoring", "stderr"], "values": [{"value": "\r  0%|          | 932/300000 [00:17<1:34:26, 52.78it/s]", "step": null, "ts": 1643465879.0234046}]}, "version": 225}
{"obj": {"type": "LogStrings", "path": ["monitoring", "stderr"], "values": [{"value": "\r  0%|          | 938/300000 [00:17<1:34:21, 52.82it/s]", "step": null, "ts": 1643465879.1367092}]}, "version": 226}
{"obj": {"type": "LogStrings", "path": ["monitoring", "stderr"], "values": [{"value": "\r  0%|          | 944/300000 [00:18<1:34:53, 52.52it/s]", "step": null, "ts": 1643465879.252532}]}, "version": 227}
{"obj": {"type": "LogStrings", "path": ["monitoring", "stderr"], "values": [{"value": "\r  0%|          | 950/300000 [00:18<1:35:33, 52.16it/s]", "step": null, "ts": 1643465879.3695655}]}, "version": 228}
{"obj": {"type": "LogStrings", "path": ["monitoring", "stderr"], "values": [{"value": "\r  0%|          | 956/300000 [00:18<1:34:59, 52.46it/s]", "step": null, "ts": 1643465879.4822667}]}, "version": 229}
{"obj": {"type": "LogStrings", "path": ["monitoring", "stderr"], "values": [{"value": "\r  0%|          | 962/300000 [00:18<1:31:49, 54.27it/s]", "step": null, "ts": 1643465879.5837953}]}, "version": 230}
{"obj": {"type": "LogStrings", "path": ["monitoring", "stderr"], "values": [{"value": "\r  0%|          | 968/300000 [00:18<1:36:35, 51.60it/s]", "step": null, "ts": 1643465879.7136073}]}, "version": 231}
{"obj": {"type": "LogStrings", "path": ["monitoring", "stderr"], "values": [{"value": "\r  0%|          | 974/300000 [00:18<1:40:25, 49.63it/s]", "step": null, "ts": 1643465879.8454087}]}, "version": 232}
{"obj": {"type": "LogStrings", "path": ["monitoring", "stderr"], "values": [{"value": "\r  0%|          | 980/300000 [00:18<1:49:13, 45.63it/s]", "step": null, "ts": 1643465880.0018048}]}, "version": 233}
{"obj": {"type": "LogStrings", "path": ["monitoring", "stderr"], "values": [{"value": "\r  0%|          | 986/300000 [00:18<1:46:27, 46.81it/s]", "step": null, "ts": 1643465880.1223059}]}, "version": 234}
{"obj": {"type": "LogStrings", "path": ["monitoring", "stderr"], "values": [{"value": "\r  0%|          | 991/300000 [00:19<1:46:04, 46.98it/s]", "step": null, "ts": 1643465880.2275548}]}, "version": 235}
{"obj": {"type": "LogStrings", "path": ["monitoring", "stderr"], "values": [{"value": "\r  0%|          | 996/300000 [00:19<1:54:54, 43.37it/s]", "step": null, "ts": 1643465880.3663979}]}, "version": 236}
{"obj": {"type": "LogStrings", "path": ["monitoring", "stderr"], "values": [{"value": "\r  0%|          | 1001/300000 [00:20<6:06:20, 13.60it/s]", "step": null, "ts": 1643465881.381239}]}, "version": 237}
{"obj": {"type": "LogStrings", "path": ["monitoring", "stdout"], "values": [{"value": "tensor([[ 0.8776, -0.1385, -0.7627, -0.6474, -0.0308, -0.4216, -0.4795, -0.9904,\n          0.6468, -0.7621, -0.9995, -0.9068, -0.1609,  0.2594, -0.3697, -0.1120,\n          0.0407, -0.3204,  0.3752, -0.7720,  0.9231, -0.9993,  0.0324,  0.0180,\n         -0.0082,  0.2127,  0.1066, -0.1339, -0.2418,  0.0926, -0.1617,  0.6747,\n          0.1275, -0.6258,  1.9062, -0.1248,  1.9598,  0.0085, -0.0072,  0.9385,\n          0.0000,  0.0000,  0.3346, -0.9424, -0.3667,  0.7647,  0.0153]],\n       device='cuda:0', dtype=torch.float64)", "step": null, "ts": 1643465881.384276}]}, "version": 238}
{"obj": {"type": "LogStrings", "path": ["monitoring", "stdout"], "values": [{"value": "\n", "step": null, "ts": 1643465881.3846598}]}, "version": 239}
{"obj": {"type": "LogStrings", "path": ["monitoring", "stdout"], "values": [{"value": "[[ 0.0065245  -0.0237272   0.00760393 -0.02055489  0.04324373  0.0599218\n  -0.03713021]]", "step": null, "ts": 1643465881.6771224}]}, "version": 240}
{"obj": {"type": "LogStrings", "path": ["monitoring", "stdout"], "values": [{"value": "\n", "step": null, "ts": 1643465881.6774082}]}, "version": 241}
{"obj": {"type": "LogStrings", "path": ["monitoring", "stderr"], "values": [{"value": "", "step": null, "ts": 1643465881.6777537}]}, "version": 242}
{"obj": {"type": "LogStrings", "path": ["monitoring", "stderr"], "values": [{"value": "\r  0%|          | 1001/300000 [00:20<1:42:06, 48.81it/s]", "step": null, "ts": 1643465881.6779225}]}, "version": 243}
{"obj": {"type": "LogStrings", "path": ["monitoring", "stderr"], "values": [{"value": "\n", "step": null, "ts": 1643465881.678289}]}, "version": 244}
{"obj": {"type": "LogFloats", "path": ["monitoring", "cpu"], "values": [{"value": 24.2, "step": null, "ts": 1643465884.5506098}]}, "version": 245}
{"obj": {"type": "LogFloats", "path": ["monitoring", "memory"], "values": [{"value": 25.76514434814453, "step": null, "ts": 1643465884.5506098}]}, "version": 246}
{"obj": {"type": "LogFloats", "path": ["monitoring", "gpu_memory"], "values": [{"value": 1.0086669921875, "step": null, "ts": 1643465884.5506098}]}, "version": 247}
{"obj": {"type": "LogFloats", "path": ["monitoring", "cpu"], "values": [{"value": 5.0, "step": null, "ts": 1643465894.551439}]}, "version": 248}
{"obj": {"type": "LogFloats", "path": ["monitoring", "memory"], "values": [{"value": 25.714031219482422, "step": null, "ts": 1643465894.551439}]}, "version": 249}
{"obj": {"type": "LogFloats", "path": ["monitoring", "gpu"], "values": [{"value": 1.0, "step": null, "ts": 1643465894.551439}]}, "version": 250}
{"obj": {"type": "LogFloats", "path": ["monitoring", "gpu_memory"], "values": [{"value": 1.0086669921875, "step": null, "ts": 1643465894.551439}]}, "version": 251}
{"obj": {"type": "LogFloats", "path": ["monitoring", "cpu"], "values": [{"value": 3.9, "step": null, "ts": 1643465904.5523949}]}, "version": 252}
{"obj": {"type": "LogFloats", "path": ["monitoring", "memory"], "values": [{"value": 25.713665008544922, "step": null, "ts": 1643465904.5523949}]}, "version": 253}
{"obj": {"type": "LogFloats", "path": ["monitoring", "gpu_memory"], "values": [{"value": 1.0086669921875, "step": null, "ts": 1643465904.5523949}]}, "version": 254}
{"obj": {"type": "LogFloats", "path": ["monitoring", "cpu"], "values": [{"value": 10.6, "step": null, "ts": 1643465914.5533574}]}, "version": 255}
{"obj": {"type": "LogFloats", "path": ["monitoring", "memory"], "values": [{"value": 25.743896484375, "step": null, "ts": 1643465914.5533574}]}, "version": 256}
{"obj": {"type": "LogFloats", "path": ["monitoring", "gpu"], "values": [{"value": 3.0, "step": null, "ts": 1643465914.5533574}]}, "version": 257}
{"obj": {"type": "LogFloats", "path": ["monitoring", "gpu_memory"], "values": [{"value": 1.0086669921875, "step": null, "ts": 1643465914.5533574}]}, "version": 258}
{"obj": {"type": "LogFloats", "path": ["monitoring", "cpu"], "values": [{"value": 11.1, "step": null, "ts": 1643465924.5543334}]}, "version": 259}
{"obj": {"type": "LogFloats", "path": ["monitoring", "memory"], "values": [{"value": 25.73508071899414, "step": null, "ts": 1643465924.5543334}]}, "version": 260}
{"obj": {"type": "LogFloats", "path": ["monitoring", "gpu"], "values": [{"value": 21.0, "step": null, "ts": 1643465924.5543334}]}, "version": 261}
{"obj": {"type": "LogFloats", "path": ["monitoring", "gpu_memory"], "values": [{"value": 1.0086669921875, "step": null, "ts": 1643465924.5543334}]}, "version": 262}
{"obj": {"type": "LogFloats", "path": ["monitoring", "cpu"], "values": [{"value": 4.5, "step": null, "ts": 1643465934.557502}]}, "version": 263}
{"obj": {"type": "LogFloats", "path": ["monitoring", "memory"], "values": [{"value": 25.717681884765625, "step": null, "ts": 1643465934.557502}]}, "version": 264}
{"obj": {"type": "LogFloats", "path": ["monitoring", "gpu_memory"], "values": [{"value": 1.0086669921875, "step": null, "ts": 1643465934.557502}]}, "version": 265}
{"obj": {"type": "LogFloats", "path": ["monitoring", "cpu"], "values": [{"value": 3.3, "step": null, "ts": 1643465944.5583186}]}, "version": 266}
{"obj": {"type": "LogFloats", "path": ["monitoring", "memory"], "values": [{"value": 25.7176513671875, "step": null, "ts": 1643465944.5583186}]}, "version": 267}
{"obj": {"type": "LogFloats", "path": ["monitoring", "gpu_memory"], "values": [{"value": 1.0086669921875, "step": null, "ts": 1643465944.5583186}]}, "version": 268}
{"obj": {"type": "LogFloats", "path": ["monitoring", "cpu"], "values": [{"value": 7.5, "step": null, "ts": 1643465954.5592089}]}, "version": 269}
{"obj": {"type": "LogFloats", "path": ["monitoring", "memory"], "values": [{"value": 25.736743927001953, "step": null, "ts": 1643465954.5592089}]}, "version": 270}
{"obj": {"type": "LogFloats", "path": ["monitoring", "gpu_memory"], "values": [{"value": 1.0086669921875, "step": null, "ts": 1643465954.5592089}]}, "version": 271}
{"obj": {"type": "LogFloats", "path": ["monitoring", "cpu"], "values": [{"value": 4.8, "step": null, "ts": 1643465964.560158}]}, "version": 272}
{"obj": {"type": "LogFloats", "path": ["monitoring", "memory"], "values": [{"value": 25.737838745117188, "step": null, "ts": 1643465964.560158}]}, "version": 273}
{"obj": {"type": "LogFloats", "path": ["monitoring", "gpu"], "values": [{"value": 1.0, "step": null, "ts": 1643465964.560158}]}, "version": 274}
{"obj": {"type": "LogFloats", "path": ["monitoring", "gpu_memory"], "values": [{"value": 1.0086669921875, "step": null, "ts": 1643465964.560158}]}, "version": 275}
{"obj": {"type": "LogFloats", "path": ["monitoring", "cpu"], "values": [{"value": 7.7, "step": null, "ts": 1643465974.5612917}]}, "version": 276}
{"obj": {"type": "LogFloats", "path": ["monitoring", "memory"], "values": [{"value": 25.77678680419922, "step": null, "ts": 1643465974.5612917}]}, "version": 277}
{"obj": {"type": "LogFloats", "path": ["monitoring", "gpu_memory"], "values": [{"value": 1.0086669921875, "step": null, "ts": 1643465974.5612917}]}, "version": 278}
{"obj": {"type": "LogFloats", "path": ["monitoring", "cpu"], "values": [{"value": 4.6, "step": null, "ts": 1643465984.5642207}]}, "version": 279}
{"obj": {"type": "LogFloats", "path": ["monitoring", "memory"], "values": [{"value": 25.763442993164062, "step": null, "ts": 1643465984.5642207}]}, "version": 280}
{"obj": {"type": "LogFloats", "path": ["monitoring", "gpu_memory"], "values": [{"value": 1.0086669921875, "step": null, "ts": 1643465984.5642207}]}, "version": 281}
{"obj": {"type": "LogFloats", "path": ["monitoring", "cpu"], "values": [{"value": 7.5, "step": null, "ts": 1643465994.5654266}]}, "version": 282}
{"obj": {"type": "LogFloats", "path": ["monitoring", "memory"], "values": [{"value": 25.77120590209961, "step": null, "ts": 1643465994.5654266}]}, "version": 283}
{"obj": {"type": "LogFloats", "path": ["monitoring", "gpu_memory"], "values": [{"value": 1.0086669921875, "step": null, "ts": 1643465994.5654266}]}, "version": 284}
{"obj": {"type": "LogFloats", "path": ["monitoring", "cpu"], "values": [{"value": 5.0, "step": null, "ts": 1643466004.5663888}]}, "version": 285}
{"obj": {"type": "LogFloats", "path": ["monitoring", "memory"], "values": [{"value": 25.77242660522461, "step": null, "ts": 1643466004.5663888}]}, "version": 286}
{"obj": {"type": "LogFloats", "path": ["monitoring", "gpu_memory"], "values": [{"value": 1.0086669921875, "step": null, "ts": 1643466004.5663888}]}, "version": 287}
{"obj": {"type": "LogFloats", "path": ["monitoring", "cpu"], "values": [{"value": 7.9, "step": null, "ts": 1643466014.5672965}]}, "version": 288}
{"obj": {"type": "LogFloats", "path": ["monitoring", "memory"], "values": [{"value": 25.790843963623047, "step": null, "ts": 1643466014.5672965}]}, "version": 289}
{"obj": {"type": "LogFloats", "path": ["monitoring", "gpu_memory"], "values": [{"value": 1.0086669921875, "step": null, "ts": 1643466014.5672965}]}, "version": 290}
{"obj": {"type": "LogFloats", "path": ["monitoring", "cpu"], "values": [{"value": 9.4, "step": null, "ts": 1643466024.5681288}]}, "version": 291}
{"obj": {"type": "LogFloats", "path": ["monitoring", "memory"], "values": [{"value": 25.77849578857422, "step": null, "ts": 1643466024.5681288}]}, "version": 292}
{"obj": {"type": "LogFloats", "path": ["monitoring", "gpu_memory"], "values": [{"value": 1.0086669921875, "step": null, "ts": 1643466024.5681288}]}, "version": 293}
{"obj": {"type": "LogFloats", "path": ["monitoring", "cpu"], "values": [{"value": 3.9, "step": null, "ts": 1643466034.5689962}]}, "version": 294}
{"obj": {"type": "LogFloats", "path": ["monitoring", "memory"], "values": [{"value": 25.778972625732422, "step": null, "ts": 1643466034.5689962}]}, "version": 295}
{"obj": {"type": "LogFloats", "path": ["monitoring", "gpu_memory"], "values": [{"value": 1.0086669921875, "step": null, "ts": 1643466034.5689962}]}, "version": 296}
{"obj": {"type": "LogFloats", "path": ["monitoring", "cpu"], "values": [{"value": 4.3, "step": null, "ts": 1643466044.569912}]}, "version": 297}
{"obj": {"type": "LogFloats", "path": ["monitoring", "memory"], "values": [{"value": 25.7884521484375, "step": null, "ts": 1643466044.569912}]}, "version": 298}
{"obj": {"type": "LogFloats", "path": ["monitoring", "gpu_memory"], "values": [{"value": 1.0086669921875, "step": null, "ts": 1643466044.569912}]}, "version": 299}
{"obj": {"type": "LogFloats", "path": ["monitoring", "cpu"], "values": [{"value": 3.7, "step": null, "ts": 1643466054.5707664}]}, "version": 300}
{"obj": {"type": "LogFloats", "path": ["monitoring", "memory"], "values": [{"value": 25.782543182373047, "step": null, "ts": 1643466054.5707664}]}, "version": 301}
{"obj": {"type": "LogFloats", "path": ["monitoring", "gpu_memory"], "values": [{"value": 1.0086669921875, "step": null, "ts": 1643466054.5707664}]}, "version": 302}
{"obj": {"type": "LogFloats", "path": ["monitoring", "cpu"], "values": [{"value": 3.4, "step": null, "ts": 1643466064.5717864}]}, "version": 303}
{"obj": {"type": "LogFloats", "path": ["monitoring", "memory"], "values": [{"value": 25.8258056640625, "step": null, "ts": 1643466064.5717864}]}, "version": 304}
{"obj": {"type": "LogFloats", "path": ["monitoring", "gpu_memory"], "values": [{"value": 1.0086669921875, "step": null, "ts": 1643466064.5717864}]}, "version": 305}
{"obj": {"type": "LogFloats", "path": ["monitoring", "cpu"], "values": [{"value": 4.4, "step": null, "ts": 1643466074.5727735}]}, "version": 306}
{"obj": {"type": "LogFloats", "path": ["monitoring", "memory"], "values": [{"value": 25.830780029296875, "step": null, "ts": 1643466074.5727735}]}, "version": 307}
{"obj": {"type": "LogFloats", "path": ["monitoring", "gpu"], "values": [{"value": 2.0, "step": null, "ts": 1643466074.5727735}]}, "version": 308}
{"obj": {"type": "LogFloats", "path": ["monitoring", "gpu_memory"], "values": [{"value": 1.0086669921875, "step": null, "ts": 1643466074.5727735}]}, "version": 309}
{"obj": {"type": "LogFloats", "path": ["monitoring", "cpu"], "values": [{"value": 9.4, "step": null, "ts": 1643466084.5736887}]}, "version": 310}
{"obj": {"type": "LogFloats", "path": ["monitoring", "memory"], "values": [{"value": 25.844440460205078, "step": null, "ts": 1643466084.5736887}]}, "version": 311}
{"obj": {"type": "LogFloats", "path": ["monitoring", "gpu_memory"], "values": [{"value": 1.0086669921875, "step": null, "ts": 1643466084.5736887}]}, "version": 312}
{"obj": {"type": "LogFloats", "path": ["monitoring", "cpu"], "values": [{"value": 6.3, "step": null, "ts": 1643466094.5769145}]}, "version": 313}
{"obj": {"type": "LogFloats", "path": ["monitoring", "memory"], "values": [{"value": 25.81330108642578, "step": null, "ts": 1643466094.5769145}]}, "version": 314}
{"obj": {"type": "LogFloats", "path": ["monitoring", "gpu"], "values": [{"value": 13.0, "step": null, "ts": 1643466094.5769145}]}, "version": 315}
{"obj": {"type": "LogFloats", "path": ["monitoring", "gpu_memory"], "values": [{"value": 1.0086669921875, "step": null, "ts": 1643466094.5769145}]}, "version": 316}
{"obj": {"type": "LogFloats", "path": ["monitoring", "cpu"], "values": [{"value": 4.8, "step": null, "ts": 1643466104.5778618}]}, "version": 317}
{"obj": {"type": "LogFloats", "path": ["monitoring", "memory"], "values": [{"value": 25.80557632446289, "step": null, "ts": 1643466104.5778618}]}, "version": 318}
{"obj": {"type": "LogFloats", "path": ["monitoring", "gpu"], "values": [{"value": 4.0, "step": null, "ts": 1643466104.5778618}]}, "version": 319}
{"obj": {"type": "LogFloats", "path": ["monitoring", "gpu_memory"], "values": [{"value": 1.0086669921875, "step": null, "ts": 1643466104.5778618}]}, "version": 320}
{"obj": {"type": "LogFloats", "path": ["monitoring", "cpu"], "values": [{"value": 3.6, "step": null, "ts": 1643466114.5788782}]}, "version": 321}
{"obj": {"type": "LogFloats", "path": ["monitoring", "memory"], "values": [{"value": 25.784320831298828, "step": null, "ts": 1643466114.5788782}]}, "version": 322}
{"obj": {"type": "LogFloats", "path": ["monitoring", "gpu_memory"], "values": [{"value": 1.0086669921875, "step": null, "ts": 1643466114.5788782}]}, "version": 323}
{"obj": {"type": "LogFloats", "path": ["monitoring", "cpu"], "values": [{"value": 11.2, "step": null, "ts": 1643466124.5801022}]}, "version": 324}
{"obj": {"type": "LogFloats", "path": ["monitoring", "memory"], "values": [{"value": 25.78730010986328, "step": null, "ts": 1643466124.5801022}]}, "version": 325}
{"obj": {"type": "LogFloats", "path": ["monitoring", "gpu"], "values": [{"value": 7.0, "step": null, "ts": 1643466124.5801022}]}, "version": 326}
{"obj": {"type": "LogFloats", "path": ["monitoring", "gpu_memory"], "values": [{"value": 1.0086669921875, "step": null, "ts": 1643466124.5801022}]}, "version": 327}
{"obj": {"type": "LogFloats", "path": ["monitoring", "cpu"], "values": [{"value": 6.5, "step": null, "ts": 1643466134.5811856}]}, "version": 328}
{"obj": {"type": "LogFloats", "path": ["monitoring", "memory"], "values": [{"value": 25.805496215820312, "step": null, "ts": 1643466134.5811856}]}, "version": 329}
{"obj": {"type": "LogFloats", "path": ["monitoring", "gpu_memory"], "values": [{"value": 1.0086669921875, "step": null, "ts": 1643466134.5811856}]}, "version": 330}
{"obj": {"type": "LogFloats", "path": ["monitoring", "cpu"], "values": [{"value": 9.7, "step": null, "ts": 1643466144.582089}]}, "version": 331}
{"obj": {"type": "LogFloats", "path": ["monitoring", "memory"], "values": [{"value": 25.801830291748047, "step": null, "ts": 1643466144.582089}]}, "version": 332}
{"obj": {"type": "LogFloats", "path": ["monitoring", "gpu"], "values": [{"value": 1.0, "step": null, "ts": 1643466144.582089}]}, "version": 333}
{"obj": {"type": "LogFloats", "path": ["monitoring", "gpu_memory"], "values": [{"value": 1.0086669921875, "step": null, "ts": 1643466144.582089}]}, "version": 334}
{"obj": {"type": "LogFloats", "path": ["monitoring", "cpu"], "values": [{"value": 7.9, "step": null, "ts": 1643466154.583148}]}, "version": 335}
{"obj": {"type": "LogFloats", "path": ["monitoring", "memory"], "values": [{"value": 25.827754974365234, "step": null, "ts": 1643466154.583148}]}, "version": 336}
{"obj": {"type": "LogFloats", "path": ["monitoring", "gpu"], "values": [{"value": 8.0, "step": null, "ts": 1643466154.583148}]}, "version": 337}
{"obj": {"type": "LogFloats", "path": ["monitoring", "gpu_memory"], "values": [{"value": 1.0086669921875, "step": null, "ts": 1643466154.583148}]}, "version": 338}
{"obj": {"type": "LogFloats", "path": ["monitoring", "cpu"], "values": [{"value": 9.3, "step": null, "ts": 1643466164.5840983}]}, "version": 339}
{"obj": {"type": "LogFloats", "path": ["monitoring", "memory"], "values": [{"value": 25.7900390625, "step": null, "ts": 1643466164.5840983}]}, "version": 340}
{"obj": {"type": "LogFloats", "path": ["monitoring", "gpu_memory"], "values": [{"value": 1.0086669921875, "step": null, "ts": 1643466164.5840983}]}, "version": 341}
{"obj": {"type": "LogFloats", "path": ["monitoring", "cpu"], "values": [{"value": 11.9, "step": null, "ts": 1643466174.5850265}]}, "version": 342}
{"obj": {"type": "LogFloats", "path": ["monitoring", "memory"], "values": [{"value": 25.855377197265625, "step": null, "ts": 1643466174.5850265}]}, "version": 343}
{"obj": {"type": "LogFloats", "path": ["monitoring", "gpu"], "values": [{"value": 17.0, "step": null, "ts": 1643466174.5850265}]}, "version": 344}
{"obj": {"type": "LogFloats", "path": ["monitoring", "gpu_memory"], "values": [{"value": 1.0086669921875, "step": null, "ts": 1643466174.5850265}]}, "version": 345}
{"obj": {"type": "LogStrings", "path": ["monitoring", "stdout"], "values": [{"value": "Shutting down background jobs, please wait a moment...\n", "step": null, "ts": 1643466174.5993278}]}, "version": 346}
