{"obj": {"type": "AssignString", "path": ["sys", "name"], "value": "Untitled"}, "version": 1}
{"obj": {"type": "AssignString", "path": ["sys", "description"], "value": ""}, "version": 2}
{"obj": {"type": "AssignString", "path": ["sys", "hostname"], "value": "xhnfly-Strix-GL504GS-S5CS"}, "version": 3}
{"obj": {"type": "AssignBool", "path": ["sys", "failed"], "value": false}, "version": 4}
{"obj": {"type": "ClearStringLog", "path": ["monitoring", "stdout"]}, "version": 5}
{"obj": {"type": "ClearStringLog", "path": ["monitoring", "stderr"]}, "version": 6}
{"obj": {"type": "ConfigFloatSeries", "path": ["monitoring", "cpu"], "min": 0.0, "max": 100.0, "unit": "%"}, "version": 7}
{"obj": {"type": "ClearFloatLog", "path": ["monitoring", "cpu"]}, "version": 8}
{"obj": {"type": "ConfigFloatSeries", "path": ["monitoring", "memory"], "min": 0.0, "max": 31.287979125976562, "unit": "GB"}, "version": 9}
{"obj": {"type": "ClearFloatLog", "path": ["monitoring", "memory"]}, "version": 10}
{"obj": {"type": "ConfigFloatSeries", "path": ["monitoring", "gpu"], "min": 0.0, "max": 100.0, "unit": "%"}, "version": 11}
{"obj": {"type": "ClearFloatLog", "path": ["monitoring", "gpu"]}, "version": 12}
{"obj": {"type": "ConfigFloatSeries", "path": ["monitoring", "gpu_memory"], "min": 0.0, "max": 7.9210205078125, "unit": "GB"}, "version": 13}
{"obj": {"type": "ClearFloatLog", "path": ["monitoring", "gpu_memory"]}, "version": 14}
{"obj": {"type": "LogStrings", "path": ["monitoring", "stdout"], "values": [{"value": "", "step": null, "ts": 1643092809.5239398}]}, "version": 15}
{"obj": {"type": "LogStrings", "path": ["monitoring", "stdout"], "values": [{"value": "Remember to stop your run once you\u2019ve finished logging your metadata (https://docs.neptune.ai/api-reference/run#.stop). It will be stopped automatically only when the notebook kernel/interactive console is terminated.\n", "step": null, "ts": 1643092809.524438}]}, "version": 16}
{"obj": {"type": "LogFloats", "path": ["monitoring", "cpu"], "values": [{"value": 22.7, "step": null, "ts": 1643092809.5203633}]}, "version": 17}
{"obj": {"type": "LogFloats", "path": ["monitoring", "memory"], "values": [{"value": 23.152576446533203, "step": null, "ts": 1643092809.5203633}]}, "version": 18}
{"obj": {"type": "LogFloats", "path": ["monitoring", "gpu_memory"], "values": [{"value": 0.4071044921875, "step": null, "ts": 1643092809.5203633}]}, "version": 19}
{"obj": {"type": "LogStrings", "path": ["monitoring", "stdout"], "values": [{"value": "device = ", "step": null, "ts": 1643092810.2234375}]}, "version": 20}
{"obj": {"type": "LogStrings", "path": ["monitoring", "stdout"], "values": [{"value": " ", "step": null, "ts": 1643092810.2239103}]}, "version": 21}
{"obj": {"type": "LogStrings", "path": ["monitoring", "stdout"], "values": [{"value": "cuda", "step": null, "ts": 1643092810.2241483}]}, "version": 22}
{"obj": {"type": "LogStrings", "path": ["monitoring", "stdout"], "values": [{"value": "\n", "step": null, "ts": 1643092810.2242978}]}, "version": 23}
{"obj": {"type": "AssignInt", "path": ["parameters", "batch_size"], "value": 500}, "version": 24}
{"obj": {"type": "AssignFloat", "path": ["parameters", "dropout"], "value": 0.2}, "version": 25}
{"obj": {"type": "AssignFloat", "path": ["parameters", "learning_rate"], "value": 0.001}, "version": 26}
{"obj": {"type": "AssignString", "path": ["parameters", "optimizer"], "value": "Adam"}, "version": 27}
{"obj": {"type": "AssignInt", "path": ["parameters", "hid"], "value": 64}, "version": 28}
{"obj": {"type": "AssignInt", "path": ["parameters", "l"], "value": 3}, "version": 29}
{"obj": {"type": "AssignInt", "path": ["parameters", "seed"], "value": 0}, "version": 30}
{"obj": {"type": "AssignInt", "path": ["parameters", "steps_per_epoch"], "value": 3000}, "version": 31}
{"obj": {"type": "AssignInt", "path": ["parameters", "epochs"], "value": 100}, "version": 32}
{"obj": {"type": "AssignInt", "path": ["parameters", "replay_size"], "value": 1000000}, "version": 33}
{"obj": {"type": "AssignFloat", "path": ["parameters", "gamma"], "value": 0.99}, "version": 34}
{"obj": {"type": "AssignFloat", "path": ["parameters", "polyak"], "value": 0.995}, "version": 35}
{"obj": {"type": "AssignFloat", "path": ["parameters", "pi_lr"], "value": 0.0001}, "version": 36}
{"obj": {"type": "AssignFloat", "path": ["parameters", "q_lr"], "value": 0.0001}, "version": 37}
{"obj": {"type": "AssignInt", "path": ["parameters", "start_steps"], "value": 10000}, "version": 38}
{"obj": {"type": "AssignInt", "path": ["parameters", "update_after"], "value": 1000}, "version": 39}
{"obj": {"type": "AssignInt", "path": ["parameters", "update_every"], "value": 50}, "version": 40}
{"obj": {"type": "AssignFloat", "path": ["parameters", "act_noise"], "value": 0.01}, "version": 41}
{"obj": {"type": "AssignInt", "path": ["parameters", "num_test_episodes"], "value": 10}, "version": 42}
{"obj": {"type": "AssignInt", "path": ["parameters", "max_ep_len"], "value": 1000}, "version": 43}
{"obj": {"type": "LogStrings", "path": ["monitoring", "stdout"], "values": [{"value": "obs_dim = ", "step": null, "ts": 1643092810.4369037}]}, "version": 44}
{"obj": {"type": "LogStrings", "path": ["monitoring", "stdout"], "values": [{"value": " ", "step": null, "ts": 1643092810.4370143}]}, "version": 45}
{"obj": {"type": "LogStrings", "path": ["monitoring", "stdout"], "values": [{"value": "11", "step": null, "ts": 1643092810.437275}]}, "version": 46}
{"obj": {"type": "LogStrings", "path": ["monitoring", "stdout"], "values": [{"value": "\n", "step": null, "ts": 1643092810.4373968}]}, "version": 47}
{"obj": {"type": "LogStrings", "path": ["monitoring", "stdout"], "values": [{"value": "act_dim = ", "step": null, "ts": 1643092810.437586}]}, "version": 48}
{"obj": {"type": "LogStrings", "path": ["monitoring", "stdout"], "values": [{"value": " ", "step": null, "ts": 1643092810.4377062}]}, "version": 49}
{"obj": {"type": "LogStrings", "path": ["monitoring", "stdout"], "values": [{"value": "1", "step": null, "ts": 1643092810.4378178}]}, "version": 50}
{"obj": {"type": "LogStrings", "path": ["monitoring", "stdout"], "values": [{"value": "\n", "step": null, "ts": 1643092810.4379828}]}, "version": 51}
{"obj": {"type": "LogStrings", "path": ["monitoring", "stdout"], "values": [{"value": "act_limit = ", "step": null, "ts": 1643092810.4382646}]}, "version": 52}
{"obj": {"type": "LogStrings", "path": ["monitoring", "stdout"], "values": [{"value": " ", "step": null, "ts": 1643092810.4384346}]}, "version": 53}
{"obj": {"type": "LogStrings", "path": ["monitoring", "stdout"], "values": [{"value": "1.0", "step": null, "ts": 1643092810.4385753}]}, "version": 54}
{"obj": {"type": "LogStrings", "path": ["monitoring", "stdout"], "values": [{"value": "\n", "step": null, "ts": 1643092810.438698}]}, "version": 55}
{"obj": {"type": "LogFloats", "path": ["monitoring", "cpu"], "values": [{"value": 9.4, "step": null, "ts": 1643092819.5260696}]}, "version": 56}
{"obj": {"type": "LogFloats", "path": ["monitoring", "memory"], "values": [{"value": 24.94806671142578, "step": null, "ts": 1643092819.5260696}]}, "version": 57}
{"obj": {"type": "LogFloats", "path": ["monitoring", "gpu"], "values": [{"value": 5.0, "step": null, "ts": 1643092819.5260696}]}, "version": 58}
{"obj": {"type": "LogFloats", "path": ["monitoring", "gpu_memory"], "values": [{"value": 1.19921875, "step": null, "ts": 1643092819.5260696}]}, "version": 59}
{"obj": {"type": "LogFloats", "path": ["monitoring", "cpu"], "values": [{"value": 7.8, "step": null, "ts": 1643092829.5286162}]}, "version": 60}
{"obj": {"type": "LogFloats", "path": ["monitoring", "memory"], "values": [{"value": 24.898101806640625, "step": null, "ts": 1643092829.5286162}]}, "version": 61}
{"obj": {"type": "LogFloats", "path": ["monitoring", "gpu_memory"], "values": [{"value": 1.19921875, "step": null, "ts": 1643092829.5286162}]}, "version": 62}
{"obj": {"type": "LogFloats", "path": ["monitoring", "cpu"], "values": [{"value": 5.2, "step": null, "ts": 1643092839.5298321}]}, "version": 63}
{"obj": {"type": "LogFloats", "path": ["monitoring", "memory"], "values": [{"value": 24.864246368408203, "step": null, "ts": 1643092839.5298321}]}, "version": 64}
{"obj": {"type": "LogFloats", "path": ["monitoring", "gpu"], "values": [{"value": 1.0, "step": null, "ts": 1643092839.5298321}]}, "version": 65}
{"obj": {"type": "LogFloats", "path": ["monitoring", "gpu_memory"], "values": [{"value": 1.19921875, "step": null, "ts": 1643092839.5298321}]}, "version": 66}
{"obj": {"type": "LogFloats", "path": ["monitoring", "cpu"], "values": [{"value": 11.1, "step": null, "ts": 1643092849.5308082}]}, "version": 67}
{"obj": {"type": "LogFloats", "path": ["monitoring", "memory"], "values": [{"value": 24.868305206298828, "step": null, "ts": 1643092849.5308082}]}, "version": 68}
{"obj": {"type": "LogFloats", "path": ["monitoring", "gpu_memory"], "values": [{"value": 1.19921875, "step": null, "ts": 1643092849.5308082}]}, "version": 69}
{"obj": {"type": "LogFloats", "path": ["monitoring", "cpu"], "values": [{"value": 6.1, "step": null, "ts": 1643092859.531714}]}, "version": 70}
{"obj": {"type": "LogFloats", "path": ["monitoring", "memory"], "values": [{"value": 24.900543212890625, "step": null, "ts": 1643092859.531714}]}, "version": 71}
{"obj": {"type": "LogFloats", "path": ["monitoring", "gpu"], "values": [{"value": 1.0, "step": null, "ts": 1643092859.531714}]}, "version": 72}
{"obj": {"type": "LogFloats", "path": ["monitoring", "gpu_memory"], "values": [{"value": 1.19921875, "step": null, "ts": 1643092859.531714}]}, "version": 73}
{"obj": {"type": "LogFloats", "path": ["monitoring", "cpu"], "values": [{"value": 5.9, "step": null, "ts": 1643092869.532816}]}, "version": 74}
{"obj": {"type": "LogFloats", "path": ["monitoring", "memory"], "values": [{"value": 24.886375427246094, "step": null, "ts": 1643092869.532816}]}, "version": 75}
{"obj": {"type": "LogFloats", "path": ["monitoring", "gpu"], "values": [{"value": 7.0, "step": null, "ts": 1643092869.532816}]}, "version": 76}
{"obj": {"type": "LogFloats", "path": ["monitoring", "gpu_memory"], "values": [{"value": 1.19921875, "step": null, "ts": 1643092869.532816}]}, "version": 77}
{"obj": {"type": "LogStrings", "path": ["monitoring", "stdout"], "values": [{"value": "Shutting down background jobs, please wait a moment...\n", "step": null, "ts": 1643092870.2434704}]}, "version": 78}
