{"obj": {"type": "AssignString", "path": ["sys", "name"], "value": "Untitled"}, "version": 1}
{"obj": {"type": "AssignString", "path": ["sys", "description"], "value": ""}, "version": 2}
{"obj": {"type": "AssignString", "path": ["sys", "hostname"], "value": "xhnfly-Strix-GL504GS-S5CS"}, "version": 3}
{"obj": {"type": "AssignBool", "path": ["sys", "failed"], "value": false}, "version": 4}
{"obj": {"type": "ClearStringLog", "path": ["monitoring", "stdout"]}, "version": 5}
{"obj": {"type": "ClearStringLog", "path": ["monitoring", "stderr"]}, "version": 6}
{"obj": {"type": "ConfigFloatSeries", "path": ["monitoring", "cpu"], "min": 0.0, "max": 100.0, "unit": "%"}, "version": 7}
{"obj": {"type": "ClearFloatLog", "path": ["monitoring", "cpu"]}, "version": 8}
{"obj": {"type": "ConfigFloatSeries", "path": ["monitoring", "memory"], "min": 0.0, "max": 31.287979125976562, "unit": "GB"}, "version": 9}
{"obj": {"type": "ClearFloatLog", "path": ["monitoring", "memory"]}, "version": 10}
{"obj": {"type": "ConfigFloatSeries", "path": ["monitoring", "gpu"], "min": 0.0, "max": 100.0, "unit": "%"}, "version": 11}
{"obj": {"type": "ClearFloatLog", "path": ["monitoring", "gpu"]}, "version": 12}
{"obj": {"type": "ConfigFloatSeries", "path": ["monitoring", "gpu_memory"], "min": 0.0, "max": 7.9210205078125, "unit": "GB"}, "version": 13}
{"obj": {"type": "ClearFloatLog", "path": ["monitoring", "gpu_memory"]}, "version": 14}
{"obj": {"type": "LogStrings", "path": ["monitoring", "stdout"], "values": [{"value": "", "step": null, "ts": 1643756338.2938507}]}, "version": 15}
{"obj": {"type": "LogStrings", "path": ["monitoring", "stdout"], "values": [{"value": "Remember to stop your run once you\u2019ve finished logging your metadata (https://docs.neptune.ai/api-reference/run#.stop). It will be stopped automatically only when the notebook kernel/interactive console is terminated.\n", "step": null, "ts": 1643756338.2947304}]}, "version": 16}
{"obj": {"type": "LogFloats", "path": ["monitoring", "cpu"], "values": [{"value": 14.6, "step": null, "ts": 1643756338.290595}]}, "version": 17}
{"obj": {"type": "LogFloats", "path": ["monitoring", "memory"], "values": [{"value": 6.429027557373047, "step": null, "ts": 1643756338.290595}]}, "version": 18}
{"obj": {"type": "LogFloats", "path": ["monitoring", "gpu_memory"], "values": [{"value": 0.3328857421875, "step": null, "ts": 1643756338.290595}]}, "version": 19}
{"obj": {"type": "LogStrings", "path": ["monitoring", "stdout"], "values": [{"value": "device = ", "step": null, "ts": 1643756342.790388}]}, "version": 20}
{"obj": {"type": "LogStrings", "path": ["monitoring", "stdout"], "values": [{"value": " ", "step": null, "ts": 1643756342.7907834}]}, "version": 21}
{"obj": {"type": "LogStrings", "path": ["monitoring", "stdout"], "values": [{"value": "cuda", "step": null, "ts": 1643756342.7910018}]}, "version": 22}
{"obj": {"type": "LogStrings", "path": ["monitoring", "stdout"], "values": [{"value": "\n", "step": null, "ts": 1643756342.7912054}]}, "version": 23}
{"obj": {"type": "AssignFloat", "path": ["parameters", "dropout"], "value": 0.2}, "version": 24}
{"obj": {"type": "AssignFloat", "path": ["parameters", "learning_rate"], "value": 0.001}, "version": 25}
{"obj": {"type": "AssignString", "path": ["parameters", "optimizer"], "value": "Adam"}, "version": 26}
{"obj": {"type": "AssignInt", "path": ["parameters", "hid"], "value": 256}, "version": 27}
{"obj": {"type": "AssignInt", "path": ["parameters", "l"], "value": 3}, "version": 28}
{"obj": {"type": "AssignInt", "path": ["parameters", "seed"], "value": 0}, "version": 29}
{"obj": {"type": "AssignInt", "path": ["parameters", "steps_per_epoch"], "value": 3000}, "version": 30}
{"obj": {"type": "AssignInt", "path": ["parameters", "steps_video"], "value": 3}, "version": 31}
{"obj": {"type": "AssignInt", "path": ["parameters", "epochs"], "value": 100}, "version": 32}
{"obj": {"type": "AssignInt", "path": ["parameters", "replay_size"], "value": 100000000}, "version": 33}
{"obj": {"type": "AssignFloat", "path": ["parameters", "gamma"], "value": 0.99}, "version": 34}
{"obj": {"type": "AssignFloat", "path": ["parameters", "polyak"], "value": 0.995}, "version": 35}
{"obj": {"type": "AssignFloat", "path": ["parameters", "pi_lr"], "value": 0.0001}, "version": 36}
{"obj": {"type": "AssignFloat", "path": ["parameters", "q_lr"], "value": 0.0001}, "version": 37}
{"obj": {"type": "AssignInt", "path": ["parameters", "batch_size"], "value": 1000}, "version": 38}
{"obj": {"type": "AssignInt", "path": ["parameters", "start_steps"], "value": 10000}, "version": 39}
{"obj": {"type": "AssignInt", "path": ["parameters", "update_after"], "value": 5000}, "version": 40}
{"obj": {"type": "AssignInt", "path": ["parameters", "update_every"], "value": 100}, "version": 41}
{"obj": {"type": "AssignFloat", "path": ["parameters", "act_noise"], "value": 0.01}, "version": 42}
{"obj": {"type": "AssignInt", "path": ["parameters", "num_test_episodes"], "value": 10}, "version": 43}
{"obj": {"type": "AssignInt", "path": ["parameters", "max_ep_len"], "value": 1000}, "version": 44}
{"obj": {"type": "AssignInt", "path": ["parameters", "max_video_len"], "value": 1000}, "version": 45}
{"obj": {"type": "AssignInt", "path": ["parameters", "save_model_len"], "value": 10000}, "version": 46}
{"obj": {"type": "LogStrings", "path": ["monitoring", "stdout"], "values": [{"value": "obs_dim = ", "step": null, "ts": 1643756342.9437163}]}, "version": 47}
{"obj": {"type": "LogStrings", "path": ["monitoring", "stdout"], "values": [{"value": " ", "step": null, "ts": 1643756342.9438634}]}, "version": 48}
{"obj": {"type": "LogStrings", "path": ["monitoring", "stdout"], "values": [{"value": "35", "step": null, "ts": 1643756342.944317}]}, "version": 49}
{"obj": {"type": "LogStrings", "path": ["monitoring", "stdout"], "values": [{"value": "\n", "step": null, "ts": 1643756342.9445817}]}, "version": 50}
{"obj": {"type": "LogStrings", "path": ["monitoring", "stdout"], "values": [{"value": "act_dim = ", "step": null, "ts": 1643756342.944803}]}, "version": 51}
{"obj": {"type": "LogStrings", "path": ["monitoring", "stdout"], "values": [{"value": " ", "step": null, "ts": 1643756342.9450655}]}, "version": 52}
{"obj": {"type": "LogStrings", "path": ["monitoring", "stdout"], "values": [{"value": "6", "step": null, "ts": 1643756342.945252}]}, "version": 53}
{"obj": {"type": "LogStrings", "path": ["monitoring", "stdout"], "values": [{"value": "\n", "step": null, "ts": 1643756342.945358}]}, "version": 54}
{"obj": {"type": "LogStrings", "path": ["monitoring", "stdout"], "values": [{"value": "act_limit = ", "step": null, "ts": 1643756342.9456723}]}, "version": 55}
{"obj": {"type": "LogStrings", "path": ["monitoring", "stdout"], "values": [{"value": " ", "step": null, "ts": 1643756342.9457772}]}, "version": 56}
{"obj": {"type": "LogStrings", "path": ["monitoring", "stdout"], "values": [{"value": "1", "step": null, "ts": 1643756342.945997}]}, "version": 57}
{"obj": {"type": "LogStrings", "path": ["monitoring", "stdout"], "values": [{"value": "\n", "step": null, "ts": 1643756342.946143}]}, "version": 58}
{"obj": {"type": "LogStrings", "path": ["monitoring", "stderr"], "values": [{"value": "\r  0%|          | 0/300000 [00:00<?, ?it/s]", "step": null, "ts": 1643756345.993906}]}, "version": 59}
{"obj": {"type": "LogStrings", "path": ["train", "o"], "values": [{"value": "tensor([[ 0.8982, -0.1328, -0.7603, -0.6269, -0.0361, -0.3717, -0.4396, -0.9911,\n          0.6495, -0.7791, -0.9993, -0.9284,  0.0000,  0.0000,  0.0000,  0.0000,\n          0.0000,  0.0000,  0.3831, -0.7531,  1.1275, -0.9988,  0.0367,  0.0316,\n         -0.0057,  0.1567,  0.1855,  1.2400,  0.0000,  0.0000,  0.9337,  0.3581,\n         -0.2264,  0.9385,  0.1125]], device='cuda:0', dtype=torch.float64)", "step": null, "ts": 1643756346.0182455}]}, "version": 60}
{"obj": {"type": "LogStrings", "path": ["train", "a"], "values": [{"value": "tensor([[ 0.5835,  0.0578,  0.1361,  0.8512, -0.8579, -0.8257]],\n       device='cuda:0')", "step": null, "ts": 1643756346.0206013}]}, "version": 61}
{"obj": {"type": "LogFloats", "path": ["train", "r"], "values": [{"value": 1.0, "step": null, "ts": 1643756346.0210373}]}, "version": 62}
{"obj": {"type": "LogStrings", "path": ["train", "o2"], "values": [{"value": "tensor([[ 0.9038, -0.1313, -0.7625, -0.6133, -0.0544, -0.3886, -0.4279, -0.9913,\n          0.6470, -0.7898, -0.9985, -0.9214,  0.2934,  0.0290,  0.0684,  0.4291,\n         -0.4318, -0.4151,  0.3799, -0.7491,  1.1244, -0.9987,  0.0212,  0.0447,\n         -0.0093,  0.1567,  0.1855,  1.2400,  0.0000,  0.0000,  0.9337,  0.3581,\n         -0.2232,  0.9346,  0.1156]], device='cuda:0')", "step": null, "ts": 1643756346.0247917}]}, "version": 63}
{"obj": {"type": "LogFloats", "path": ["train", "d"], "values": [{"value": 0.0, "step": null, "ts": 1643756346.0251036}]}, "version": 64}
{"obj": {"type": "LogStrings", "path": ["train", "o"], "values": [{"value": "tensor([[ 0.9038, -0.1313, -0.7625, -0.6133, -0.0544, -0.3886, -0.4279, -0.9913,\n          0.6470, -0.7898, -0.9985, -0.9214,  0.2934,  0.0290,  0.0684,  0.4291,\n         -0.4318, -0.4151,  0.3799, -0.7491,  1.1244, -0.9987,  0.0212,  0.0447,\n         -0.0093,  0.1567,  0.1855,  1.2400,  0.0000,  0.0000,  0.9337,  0.3581,\n         -0.2232,  0.9346,  0.1156]], device='cuda:0')", "step": null, "ts": 1643756346.0423157}]}, "version": 65}
{"obj": {"type": "LogStrings", "path": ["train", "a"], "values": [{"value": "tensor([[-0.9596,  0.6652,  0.5563,  0.7400,  0.9572,  0.5983]],\n       device='cuda:0')", "step": null, "ts": 1643756346.0433457}]}, "version": 66}
{"obj": {"type": "LogFloats", "path": ["train", "r"], "values": [{"value": 2.0, "step": null, "ts": 1643756346.0436416}]}, "version": 67}
{"obj": {"type": "LogStrings", "path": ["train", "o2"], "values": [{"value": "tensor([[ 0.8981, -0.1160, -0.7713, -0.5984, -0.0447, -0.3815, -0.4397, -0.9933,\n          0.6364, -0.8012, -0.9990, -0.9244, -0.4816,  0.3341,  0.2795,  0.3736,\n          0.4798,  0.3003,  0.3738, -0.7494,  1.1129, -0.9975,  0.0297,  0.0646,\n          0.0041,  0.1567,  0.1855,  1.2400,  0.0000,  0.0000,  0.9337,  0.3581,\n         -0.2171,  0.9348,  0.1271]], device='cuda:0')", "step": null, "ts": 1643756346.0452836}]}, "version": 68}
{"obj": {"type": "LogFloats", "path": ["train", "d"], "values": [{"value": 0.0, "step": null, "ts": 1643756346.0455616}]}, "version": 69}
{"obj": {"type": "LogStrings", "path": ["train", "o"], "values": [{"value": "tensor([[ 0.8981, -0.1160, -0.7713, -0.5984, -0.0447, -0.3815, -0.4397, -0.9933,\n          0.6364, -0.8012, -0.9990, -0.9244, -0.4816,  0.3341,  0.2795,  0.3736,\n          0.4798,  0.3003,  0.3738, -0.7494,  1.1129, -0.9975,  0.0297,  0.0646,\n          0.0041,  0.1567,  0.1855,  1.2400,  0.0000,  0.0000,  0.9337,  0.3581,\n         -0.2171,  0.9348,  0.1271]], device='cuda:0')", "step": null, "ts": 1643756346.0660756}]}, "version": 70}
{"obj": {"type": "LogStrings", "path": ["train", "a"], "values": [{"value": "tensor([[-0.0770,  0.5611, -0.7635,  0.2798, -0.7133,  0.8893]],\n       device='cuda:0')", "step": null, "ts": 1643756346.0672143}]}, "version": 71}
{"obj": {"type": "LogFloats", "path": ["train", "r"], "values": [{"value": 2.0, "step": null, "ts": 1643756346.0674877}]}, "version": 72}
{"obj": {"type": "LogStrings", "path": ["train", "o2"], "values": [{"value": "tensor([[ 0.8958, -0.1016, -0.7611, -0.5911, -0.0504, -0.3612, -0.4445, -0.9948,\n          0.6486, -0.8066, -0.9987, -0.9325, -0.0389,  0.2818, -0.3836,  0.1423,\n         -0.3580,  0.4465,  0.3779, -0.7541,  1.1128, -0.9966,  0.0433,  0.0698,\n          0.0036,  0.1567,  0.1855,  1.2400,  0.0000,  0.0000,  0.9337,  0.3581,\n         -0.2212,  0.9396,  0.1272]], device='cuda:0')", "step": null, "ts": 1643756346.0691144}]}, "version": 73}
{"obj": {"type": "LogFloats", "path": ["train", "d"], "values": [{"value": 0.0, "step": null, "ts": 1643756346.0694256}]}, "version": 74}
{"obj": {"type": "LogStrings", "path": ["monitoring", "stdout"], "values": [{"value": "current_time = ", "step": null, "ts": 1643756346.0698056}]}, "version": 75}
{"obj": {"type": "LogStrings", "path": ["monitoring", "stdout"], "values": [{"value": " ", "step": null, "ts": 1643756346.0702944}]}, "version": 76}
{"obj": {"type": "LogStrings", "path": ["monitoring", "stdout"], "values": [{"value": "2022-02-02T09:59:06.069655", "step": null, "ts": 1643756346.0707498}]}, "version": 77}
{"obj": {"type": "LogStrings", "path": ["monitoring", "stdout"], "values": [{"value": "\n", "step": null, "ts": 1643756346.0710392}]}, "version": 78}
{"obj": {"type": "LogFloats", "path": ["monitoring", "cpu"], "values": [{"value": 38.5, "step": null, "ts": 1643756348.3553042}]}, "version": 79}
{"obj": {"type": "LogFloats", "path": ["monitoring", "memory"], "values": [{"value": 11.103683471679688, "step": null, "ts": 1643756348.3553042}]}, "version": 80}
{"obj": {"type": "LogFloats", "path": ["monitoring", "gpu"], "values": [{"value": 7.0, "step": null, "ts": 1643756348.3553042}]}, "version": 81}
{"obj": {"type": "LogFloats", "path": ["monitoring", "gpu_memory"], "values": [{"value": 1.125, "step": null, "ts": 1643756348.3553042}]}, "version": 82}
{"obj": {"type": "LogFloats", "path": ["monitoring", "cpu"], "values": [{"value": 21.5, "step": null, "ts": 1643756358.3843806}]}, "version": 83}
{"obj": {"type": "LogFloats", "path": ["monitoring", "memory"], "values": [{"value": 10.965030670166016, "step": null, "ts": 1643756358.3843806}]}, "version": 84}
{"obj": {"type": "LogFloats", "path": ["monitoring", "gpu"], "values": [{"value": 3.0, "step": null, "ts": 1643756358.3843806}]}, "version": 85}
{"obj": {"type": "LogFloats", "path": ["monitoring", "gpu_memory"], "values": [{"value": 1.125, "step": null, "ts": 1643756358.3843806}]}, "version": 86}
{"obj": {"type": "LogFloats", "path": ["monitoring", "cpu"], "values": [{"value": 18.7, "step": null, "ts": 1643756368.440921}]}, "version": 87}
{"obj": {"type": "LogFloats", "path": ["monitoring", "memory"], "values": [{"value": 10.84848403930664, "step": null, "ts": 1643756368.440921}]}, "version": 88}
{"obj": {"type": "LogFloats", "path": ["monitoring", "gpu"], "values": [{"value": 4.0, "step": null, "ts": 1643756368.440921}]}, "version": 89}
{"obj": {"type": "LogFloats", "path": ["monitoring", "gpu_memory"], "values": [{"value": 1.125, "step": null, "ts": 1643756368.440921}]}, "version": 90}
{"obj": {"type": "LogFloats", "path": ["monitoring", "cpu"], "values": [{"value": 17.7, "step": null, "ts": 1643756378.4602945}]}, "version": 91}
{"obj": {"type": "LogFloats", "path": ["monitoring", "memory"], "values": [{"value": 10.824531555175781, "step": null, "ts": 1643756378.4602945}]}, "version": 92}
{"obj": {"type": "LogFloats", "path": ["monitoring", "gpu"], "values": [{"value": 3.0, "step": null, "ts": 1643756378.4602945}]}, "version": 93}
{"obj": {"type": "LogFloats", "path": ["monitoring", "gpu_memory"], "values": [{"value": 1.125, "step": null, "ts": 1643756378.4602945}]}, "version": 94}
{"obj": {"type": "LogFloats", "path": ["monitoring", "cpu"], "values": [{"value": 20.3, "step": null, "ts": 1643756388.4636202}]}, "version": 95}
{"obj": {"type": "LogFloats", "path": ["monitoring", "memory"], "values": [{"value": 10.824211120605469, "step": null, "ts": 1643756388.4636202}]}, "version": 96}
{"obj": {"type": "LogFloats", "path": ["monitoring", "gpu"], "values": [{"value": 5.0, "step": null, "ts": 1643756388.4636202}]}, "version": 97}
{"obj": {"type": "LogFloats", "path": ["monitoring", "gpu_memory"], "values": [{"value": 1.125, "step": null, "ts": 1643756388.4636202}]}, "version": 98}
{"obj": {"type": "LogFloats", "path": ["monitoring", "cpu"], "values": [{"value": 17.4, "step": null, "ts": 1643756398.521437}]}, "version": 99}
{"obj": {"type": "LogFloats", "path": ["monitoring", "memory"], "values": [{"value": 10.794429779052734, "step": null, "ts": 1643756398.521437}]}, "version": 100}
{"obj": {"type": "LogFloats", "path": ["monitoring", "gpu"], "values": [{"value": 3.0, "step": null, "ts": 1643756398.521437}]}, "version": 101}
{"obj": {"type": "LogFloats", "path": ["monitoring", "gpu_memory"], "values": [{"value": 1.125, "step": null, "ts": 1643756398.521437}]}, "version": 102}
{"obj": {"type": "LogFloats", "path": ["monitoring", "cpu"], "values": [{"value": 16.0, "step": null, "ts": 1643756408.5898824}]}, "version": 103}
{"obj": {"type": "LogFloats", "path": ["monitoring", "memory"], "values": [{"value": 10.795989990234375, "step": null, "ts": 1643756408.5898824}]}, "version": 104}
{"obj": {"type": "LogFloats", "path": ["monitoring", "gpu"], "values": [{"value": 4.0, "step": null, "ts": 1643756408.5898824}]}, "version": 105}
{"obj": {"type": "LogFloats", "path": ["monitoring", "gpu_memory"], "values": [{"value": 1.125, "step": null, "ts": 1643756408.5898824}]}, "version": 106}
{"obj": {"type": "LogFloats", "path": ["monitoring", "cpu"], "values": [{"value": 16.1, "step": null, "ts": 1643756418.6023438}]}, "version": 107}
{"obj": {"type": "LogFloats", "path": ["monitoring", "memory"], "values": [{"value": 10.802867889404297, "step": null, "ts": 1643756418.6023438}]}, "version": 108}
{"obj": {"type": "LogFloats", "path": ["monitoring", "gpu"], "values": [{"value": 2.0, "step": null, "ts": 1643756418.6023438}]}, "version": 109}
{"obj": {"type": "LogFloats", "path": ["monitoring", "gpu_memory"], "values": [{"value": 1.125, "step": null, "ts": 1643756418.6023438}]}, "version": 110}
{"obj": {"type": "UploadFile", "path": ["video"], "ext": "mp4", "file_path": "/home/xhnfly/Cosmic_rays_X/X_Robot/robosuite/robosuite/demos/video/DDPG_UR5_2022-02-02T09:59:07.154280_ep_0.mp4"}, "version": 111}
{"obj": {"type": "LogStrings", "path": ["monitoring", "stdout"], "values": [{"value": "current_time = ", "step": null, "ts": 1643756428.470605}]}, "version": 112}
{"obj": {"type": "LogStrings", "path": ["monitoring", "stdout"], "values": [{"value": " ", "step": null, "ts": 1643756428.4710534}]}, "version": 113}
{"obj": {"type": "LogStrings", "path": ["monitoring", "stdout"], "values": [{"value": "2022-02-02T10:00:28.470460", "step": null, "ts": 1643756428.4711533}]}, "version": 114}
{"obj": {"type": "LogStrings", "path": ["monitoring", "stdout"], "values": [{"value": "\n", "step": null, "ts": 1643756428.471371}]}, "version": 115}
{"obj": {"type": "LogStrings", "path": ["monitoring", "stderr"], "values": [{"value": "\r  0%|          | 3/300000 [01:22<2291:00:18, 27.49s/it]", "step": null, "ts": 1643756428.4717066}]}, "version": 116}
{"obj": {"type": "LogStrings", "path": ["train", "o"], "values": [{"value": "tensor([[ 0.8958, -0.1016, -0.7611, -0.5911, -0.0504, -0.3612, -0.4445, -0.9948,\n          0.6486, -0.8066, -0.9987, -0.9325, -0.0389,  0.2818, -0.3836,  0.1423,\n         -0.3580,  0.4465,  0.3779, -0.7541,  1.1128, -0.9966,  0.0433,  0.0698,\n          0.0036,  0.1567,  0.1855,  1.2400,  0.0000,  0.0000,  0.9337,  0.3581,\n         -0.2212,  0.9396,  0.1272]], device='cuda:0')", "step": null, "ts": 1643756428.48409}]}, "version": 117}
{"obj": {"type": "LogStrings", "path": ["train", "a"], "values": [{"value": "tensor([[ 0.8875,  0.3636, -0.2810, -0.1259,  0.3953, -0.8795]],\n       device='cuda:0')", "step": null, "ts": 1643756428.4847589}]}, "version": 118}
{"obj": {"type": "LogFloats", "path": ["train", "r"], "values": [{"value": 2.0, "step": null, "ts": 1643756428.4848886}]}, "version": 119}
{"obj": {"type": "LogStrings", "path": ["train", "o2"], "values": [{"value": "tensor([[ 0.9036, -0.0922, -0.7563, -0.5927, -0.0460, -0.3712, -0.4284, -0.9957,\n          0.6542, -0.8054, -0.9989, -0.9286,  0.4458,  0.1825, -0.1411, -0.0618,\n          0.1981, -0.4431,  0.3817, -0.7494,  1.1126, -0.9971,  0.0305,  0.0692,\n          0.0049,  0.1567,  0.1855,  1.2400,  0.0000,  0.0000,  0.9337,  0.3581,\n         -0.2250,  0.9349,  0.1274]], device='cuda:0')", "step": null, "ts": 1643756428.4858632}]}, "version": 120}
{"obj": {"type": "LogFloats", "path": ["train", "d"], "values": [{"value": 0.0, "step": null, "ts": 1643756428.4859753}]}, "version": 121}
{"obj": {"type": "LogStrings", "path": ["train", "o"], "values": [{"value": "tensor([[ 0.9036, -0.0922, -0.7563, -0.5927, -0.0460, -0.3712, -0.4284, -0.9957,\n          0.6542, -0.8054, -0.9989, -0.9286,  0.4458,  0.1825, -0.1411, -0.0618,\n          0.1981, -0.4431,  0.3817, -0.7494,  1.1126, -0.9971,  0.0305,  0.0692,\n          0.0049,  0.1567,  0.1855,  1.2400,  0.0000,  0.0000,  0.9337,  0.3581,\n         -0.2250,  0.9349,  0.1274]], device='cuda:0')", "step": null, "ts": 1643756428.4968824}]}, "version": 122}
{"obj": {"type": "LogStrings", "path": ["train", "a"], "values": [{"value": "tensor([[ 0.3335,  0.3413, -0.5792, -0.7421, -0.3691, -0.2726]],\n       device='cuda:0')", "step": null, "ts": 1643756428.497524}]}, "version": 123}
{"obj": {"type": "LogFloats", "path": ["train", "r"], "values": [{"value": 2.0, "step": null, "ts": 1643756428.4976425}]}, "version": 124}
{"obj": {"type": "LogStrings", "path": ["train", "o2"], "values": [{"value": "tensor([[ 0.9078, -0.0837, -0.7468, -0.6055, -0.0527, -0.3788, -0.4194, -0.9965,\n          0.6650, -0.7959, -0.9986, -0.9255,  0.1670,  0.1712, -0.2909, -0.3728,\n         -0.1867, -0.1378,  0.3886, -0.7496,  1.1163, -0.9979,  0.0210,  0.0609,\n         -0.0020,  0.1567,  0.1855,  1.2400,  0.0000,  0.0000,  0.9337,  0.3581,\n         -0.2319,  0.9350,  0.1237]], device='cuda:0')", "step": null, "ts": 1643756428.4986057}]}, "version": 125}
{"obj": {"type": "LogFloats", "path": ["train", "d"], "values": [{"value": 0.0, "step": null, "ts": 1643756428.4987278}]}, "version": 126}
{"obj": {"type": "LogStrings", "path": ["train", "o"], "values": [{"value": "tensor([[ 0.9078, -0.0837, -0.7468, -0.6055, -0.0527, -0.3788, -0.4194, -0.9965,\n          0.6650, -0.7959, -0.9986, -0.9255,  0.1670,  0.1712, -0.2909, -0.3728,\n         -0.1867, -0.1378,  0.3886, -0.7496,  1.1163, -0.9979,  0.0210,  0.0609,\n         -0.0020,  0.1567,  0.1855,  1.2400,  0.0000,  0.0000,  0.9337,  0.3581,\n         -0.2319,  0.9350,  0.1237]], device='cuda:0')", "step": null, "ts": 1643756428.509187}]}, "version": 127}
{"obj": {"type": "LogStrings", "path": ["train", "a"], "values": [{"value": "tensor([[ 0.1404, -0.1228,  0.9767, -0.7959, -0.5822, -0.6774]],\n       device='cuda:0')", "step": null, "ts": 1643756428.5098608}]}, "version": 128}
{"obj": {"type": "LogFloats", "path": ["train", "r"], "values": [{"value": 2.0, "step": null, "ts": 1643756428.5100048}]}, "version": 129}
{"obj": {"type": "LogStrings", "path": ["train", "o2"], "values": [{"value": "tensor([[ 0.9093, -0.0863, -0.7606, -0.6214, -0.0669, -0.3939, -0.4161, -0.9963,\n          0.6492, -0.7835, -0.9978, -0.9191,  0.0699, -0.0618,  0.4909, -0.3996,\n         -0.2937, -0.3411,  0.3833, -0.7474,  1.1118, -0.9980,  0.0107,  0.0623,\n         -0.0086,  0.1567,  0.1855,  1.2400,  0.0000,  0.0000,  0.9337,  0.3581,\n         -0.2266,  0.9328,  0.1282]], device='cuda:0')", "step": null, "ts": 1643756428.5110252}]}, "version": 130}
{"obj": {"type": "LogFloats", "path": ["train", "d"], "values": [{"value": 0.0, "step": null, "ts": 1643756428.5111578}]}, "version": 131}
{"obj": {"type": "LogStrings", "path": ["monitoring", "stdout"], "values": [{"value": "current_time = ", "step": null, "ts": 1643756428.5113366}]}, "version": 132}
{"obj": {"type": "LogStrings", "path": ["monitoring", "stdout"], "values": [{"value": " ", "step": null, "ts": 1643756428.5114324}]}, "version": 133}
{"obj": {"type": "LogStrings", "path": ["monitoring", "stdout"], "values": [{"value": "2022-02-02T10:00:28.511257", "step": null, "ts": 1643756428.5115168}]}, "version": 134}
{"obj": {"type": "LogStrings", "path": ["monitoring", "stdout"], "values": [{"value": "\n", "step": null, "ts": 1643756428.5116005}]}, "version": 135}
{"obj": {"type": "LogFloats", "path": ["monitoring", "cpu"], "values": [{"value": 17.2, "step": null, "ts": 1643756429.3723245}]}, "version": 136}
{"obj": {"type": "LogFloats", "path": ["monitoring", "memory"], "values": [{"value": 10.329788208007812, "step": null, "ts": 1643756429.3723245}]}, "version": 137}
{"obj": {"type": "LogFloats", "path": ["monitoring", "gpu"], "values": [{"value": 10.0, "step": null, "ts": 1643756429.3723245}]}, "version": 138}
{"obj": {"type": "LogFloats", "path": ["monitoring", "gpu_memory"], "values": [{"value": 1.125, "step": null, "ts": 1643756429.3723245}]}, "version": 139}
{"obj": {"type": "LogFloats", "path": ["monitoring", "cpu"], "values": [{"value": 26.9, "step": null, "ts": 1643756439.5235846}]}, "version": 140}
{"obj": {"type": "LogFloats", "path": ["monitoring", "memory"], "values": [{"value": 10.441383361816406, "step": null, "ts": 1643756439.5235846}]}, "version": 141}
{"obj": {"type": "LogFloats", "path": ["monitoring", "gpu"], "values": [{"value": 7.0, "step": null, "ts": 1643756439.5235846}]}, "version": 142}
{"obj": {"type": "LogFloats", "path": ["monitoring", "gpu_memory"], "values": [{"value": 1.125, "step": null, "ts": 1643756439.5235846}]}, "version": 143}
{"obj": {"type": "LogFloats", "path": ["monitoring", "cpu"], "values": [{"value": 22.6, "step": null, "ts": 1643756449.5600576}]}, "version": 144}
{"obj": {"type": "LogFloats", "path": ["monitoring", "memory"], "values": [{"value": 10.423851013183594, "step": null, "ts": 1643756449.5600576}]}, "version": 145}
{"obj": {"type": "LogFloats", "path": ["monitoring", "gpu"], "values": [{"value": 8.0, "step": null, "ts": 1643756449.5600576}]}, "version": 146}
{"obj": {"type": "LogFloats", "path": ["monitoring", "gpu_memory"], "values": [{"value": 1.125, "step": null, "ts": 1643756449.5600576}]}, "version": 147}
{"obj": {"type": "LogFloats", "path": ["monitoring", "cpu"], "values": [{"value": 25.0, "step": null, "ts": 1643756459.619363}]}, "version": 148}
{"obj": {"type": "LogFloats", "path": ["monitoring", "memory"], "values": [{"value": 10.537391662597656, "step": null, "ts": 1643756459.619363}]}, "version": 149}
{"obj": {"type": "LogFloats", "path": ["monitoring", "gpu"], "values": [{"value": 4.0, "step": null, "ts": 1643756459.619363}]}, "version": 150}
{"obj": {"type": "LogFloats", "path": ["monitoring", "gpu_memory"], "values": [{"value": 1.125, "step": null, "ts": 1643756459.619363}]}, "version": 151}
{"obj": {"type": "LogFloats", "path": ["monitoring", "cpu"], "values": [{"value": 22.5, "step": null, "ts": 1643756469.6755464}]}, "version": 152}
{"obj": {"type": "LogFloats", "path": ["monitoring", "memory"], "values": [{"value": 10.52764892578125, "step": null, "ts": 1643756469.6755464}]}, "version": 153}
{"obj": {"type": "LogFloats", "path": ["monitoring", "gpu"], "values": [{"value": 4.0, "step": null, "ts": 1643756469.6755464}]}, "version": 154}
{"obj": {"type": "LogFloats", "path": ["monitoring", "gpu_memory"], "values": [{"value": 1.125, "step": null, "ts": 1643756469.6755464}]}, "version": 155}
{"obj": {"type": "LogFloats", "path": ["monitoring", "cpu"], "values": [{"value": 18.0, "step": null, "ts": 1643756479.6859932}]}, "version": 156}
{"obj": {"type": "LogFloats", "path": ["monitoring", "memory"], "values": [{"value": 10.498367309570312, "step": null, "ts": 1643756479.6859932}]}, "version": 157}
{"obj": {"type": "LogFloats", "path": ["monitoring", "gpu"], "values": [{"value": 5.0, "step": null, "ts": 1643756479.6859932}]}, "version": 158}
{"obj": {"type": "LogFloats", "path": ["monitoring", "gpu_memory"], "values": [{"value": 1.125, "step": null, "ts": 1643756479.6859932}]}, "version": 159}
{"obj": {"type": "LogFloats", "path": ["monitoring", "cpu"], "values": [{"value": 19.7, "step": null, "ts": 1643756489.7198794}]}, "version": 160}
{"obj": {"type": "LogFloats", "path": ["monitoring", "memory"], "values": [{"value": 10.461666107177734, "step": null, "ts": 1643756489.7198794}]}, "version": 161}
{"obj": {"type": "LogFloats", "path": ["monitoring", "gpu"], "values": [{"value": 4.0, "step": null, "ts": 1643756489.7198794}]}, "version": 162}
{"obj": {"type": "LogFloats", "path": ["monitoring", "gpu_memory"], "values": [{"value": 1.125, "step": null, "ts": 1643756489.7198794}]}, "version": 163}
{"obj": {"type": "LogFloats", "path": ["monitoring", "cpu"], "values": [{"value": 16.6, "step": null, "ts": 1643756499.7425518}]}, "version": 164}
{"obj": {"type": "LogFloats", "path": ["monitoring", "memory"], "values": [{"value": 10.43172836303711, "step": null, "ts": 1643756499.7425518}]}, "version": 165}
{"obj": {"type": "LogFloats", "path": ["monitoring", "gpu"], "values": [{"value": 2.0, "step": null, "ts": 1643756499.7425518}]}, "version": 166}
{"obj": {"type": "LogFloats", "path": ["monitoring", "gpu_memory"], "values": [{"value": 1.125, "step": null, "ts": 1643756499.7425518}]}, "version": 167}
{"obj": {"type": "LogFloats", "path": ["monitoring", "cpu"], "values": [{"value": 17.4, "step": null, "ts": 1643756509.7755358}]}, "version": 168}
{"obj": {"type": "LogFloats", "path": ["monitoring", "memory"], "values": [{"value": 10.43218994140625, "step": null, "ts": 1643756509.7755358}]}, "version": 169}
{"obj": {"type": "LogFloats", "path": ["monitoring", "gpu"], "values": [{"value": 2.0, "step": null, "ts": 1643756509.7755358}]}, "version": 170}
{"obj": {"type": "LogFloats", "path": ["monitoring", "gpu_memory"], "values": [{"value": 1.125, "step": null, "ts": 1643756509.7755358}]}, "version": 171}
{"obj": {"type": "UploadFile", "path": ["video"], "ext": "mp4", "file_path": "/home/xhnfly/Cosmic_rays_X/X_Robot/robosuite/robosuite/demos/video/DDPG_UR5_2022-02-02T10:00:29.848294_ep_0.mp4"}, "version": 172}
{"obj": {"type": "LogStrings", "path": ["monitoring", "stdout"], "values": [{"value": "current_time = ", "step": null, "ts": 1643756512.0014327}]}, "version": 173}
{"obj": {"type": "LogStrings", "path": ["monitoring", "stdout"], "values": [{"value": " ", "step": null, "ts": 1643756512.0015647}]}, "version": 174}
{"obj": {"type": "LogStrings", "path": ["monitoring", "stdout"], "values": [{"value": "2022-02-02T10:01:52.001245", "step": null, "ts": 1643756512.001934}]}, "version": 175}
{"obj": {"type": "LogStrings", "path": ["monitoring", "stdout"], "values": [{"value": "\n", "step": null, "ts": 1643756512.0020242}]}, "version": 176}
{"obj": {"type": "LogStrings", "path": ["monitoring", "stderr"], "values": [{"value": "\r  0%|          | 6/300000 [02:46<2308:12:02, 27.70s/it]", "step": null, "ts": 1643756512.0025609}]}, "version": 177}
{"obj": {"type": "LogStrings", "path": ["train", "o"], "values": [{"value": "tensor([[ 0.9093, -0.0863, -0.7606, -0.6214, -0.0669, -0.3939, -0.4161, -0.9963,\n          0.6492, -0.7835, -0.9978, -0.9191,  0.0699, -0.0618,  0.4909, -0.3996,\n         -0.2937, -0.3411,  0.3833, -0.7474,  1.1118, -0.9980,  0.0107,  0.0623,\n         -0.0086,  0.1567,  0.1855,  1.2400,  0.0000,  0.0000,  0.9337,  0.3581,\n         -0.2266,  0.9328,  0.1282]], device='cuda:0')", "step": null, "ts": 1643756512.0146787}]}, "version": 178}
{"obj": {"type": "LogStrings", "path": ["train", "a"], "values": [{"value": "tensor([[ 0.6420, -0.8058,  0.6759, -0.8078,  0.9529, -0.0627]],\n       device='cuda:0')", "step": null, "ts": 1643756512.0153227}]}, "version": 179}
{"obj": {"type": "LogFloats", "path": ["train", "r"], "values": [{"value": 2.0, "step": null, "ts": 1643756512.0154455}]}, "version": 180}
{"obj": {"type": "LogStrings", "path": ["train", "o2"], "values": [{"value": "tensor([[ 0.9154, -0.1050, -0.7716, -0.6370, -0.0534, -0.3967, -0.4026, -0.9945,\n          0.6361, -0.7709, -0.9986, -0.9180,  0.3219, -0.4049,  0.3396, -0.4054,\n          0.4780, -0.0321,  0.3795, -0.7391,  1.1130, -0.9987,  0.0024,  0.0505,\n         -0.0076,  0.1567,  0.1855,  1.2400,  0.0000,  0.0000,  0.9337,  0.3581,\n         -0.2228,  0.9246,  0.1270]], device='cuda:0')", "step": null, "ts": 1643756512.0164196}]}, "version": 181}
{"obj": {"type": "LogFloats", "path": ["train", "d"], "values": [{"value": 0.0, "step": null, "ts": 1643756512.0165575}]}, "version": 182}
{"obj": {"type": "LogStrings", "path": ["train", "o"], "values": [{"value": "tensor([[ 0.9154, -0.1050, -0.7716, -0.6370, -0.0534, -0.3967, -0.4026, -0.9945,\n          0.6361, -0.7709, -0.9986, -0.9180,  0.3219, -0.4049,  0.3396, -0.4054,\n          0.4780, -0.0321,  0.3795, -0.7391,  1.1130, -0.9987,  0.0024,  0.0505,\n         -0.0076,  0.1567,  0.1855,  1.2400,  0.0000,  0.0000,  0.9337,  0.3581,\n         -0.2228,  0.9246,  0.1270]], device='cuda:0')", "step": null, "ts": 1643756512.027796}]}, "version": 183}
{"obj": {"type": "LogStrings", "path": ["train", "a"], "values": [{"value": "tensor([[ 0.9535,  0.2097,  0.4785, -0.9216, -0.4344, -0.7596]],\n       device='cuda:0')", "step": null, "ts": 1643756512.0284195}]}, "version": 184}
{"obj": {"type": "LogFloats", "path": ["train", "r"], "values": [{"value": 2.0, "step": null, "ts": 1643756512.0285308}]}, "version": 185}
{"obj": {"type": "LogStrings", "path": ["train", "o2"], "values": [{"value": "tensor([[ 0.9246, -0.1022, -0.7791, -0.6545, -0.0560, -0.4125, -0.3811, -0.9948,\n          0.6269, -0.7560, -0.9984, -0.9109,  0.4784,  0.1053,  0.2403, -0.4625,\n         -0.2193, -0.3822,  0.3778, -0.7304,  1.1100, -0.9987, -0.0173,  0.0466,\n         -0.0101,  0.1567,  0.1855,  1.2400,  0.0000,  0.0000,  0.9337,  0.3581,\n         -0.2211,  0.9158,  0.1300]], device='cuda:0')", "step": null, "ts": 1643756512.0294812}]}, "version": 186}
{"obj": {"type": "LogFloats", "path": ["train", "d"], "values": [{"value": 0.0, "step": null, "ts": 1643756512.029591}]}, "version": 187}
{"obj": {"type": "LogStrings", "path": ["train", "o"], "values": [{"value": "tensor([[ 0.9246, -0.1022, -0.7791, -0.6545, -0.0560, -0.4125, -0.3811, -0.9948,\n          0.6269, -0.7560, -0.9984, -0.9109,  0.4784,  0.1053,  0.2403, -0.4625,\n         -0.2193, -0.3822,  0.3778, -0.7304,  1.1100, -0.9987, -0.0173,  0.0466,\n         -0.0101,  0.1567,  0.1855,  1.2400,  0.0000,  0.0000,  0.9337,  0.3581,\n         -0.2211,  0.9158,  0.1300]], device='cuda:0')", "step": null, "ts": 1643756512.0400386}]}, "version": 188}
{"obj": {"type": "LogStrings", "path": ["train", "a"], "values": [{"value": "tensor([[-0.4077, -0.7625, -0.3640, -0.1715, -0.8717,  0.3849]],\n       device='cuda:0')", "step": null, "ts": 1643756512.0407722}]}, "version": 189}
{"obj": {"type": "LogFloats", "path": ["train", "r"], "values": [{"value": 2.0, "step": null, "ts": 1643756512.0409317}]}, "version": 190}
{"obj": {"type": "LogStrings", "path": ["train", "o2"], "values": [{"value": "tensor([[ 0.9237, -0.1188, -0.7743, -0.6597, -0.0768, -0.4081, -0.3832, -0.9929,\n          0.6329, -0.7516, -0.9970, -0.9130, -0.2064, -0.3830, -0.1830, -0.0855,\n         -0.4392,  0.1930,  0.3798, -0.7339,  1.1185, -0.9989, -0.0148,  0.0368,\n         -0.0255,  0.1567,  0.1855,  1.2400,  0.0000,  0.0000,  0.9337,  0.3581,\n         -0.2231,  0.9194,  0.1215]], device='cuda:0')", "step": null, "ts": 1643756512.0421133}]}, "version": 191}
{"obj": {"type": "LogFloats", "path": ["train", "d"], "values": [{"value": 0.0, "step": null, "ts": 1643756512.0422883}]}, "version": 192}
{"obj": {"type": "LogStrings", "path": ["monitoring", "stdout"], "values": [{"value": "current_time = ", "step": null, "ts": 1643756512.0425072}]}, "version": 193}
{"obj": {"type": "LogStrings", "path": ["monitoring", "stdout"], "values": [{"value": " ", "step": null, "ts": 1643756512.0426233}]}, "version": 194}
{"obj": {"type": "LogStrings", "path": ["monitoring", "stdout"], "values": [{"value": "2022-02-02T10:01:52.042407", "step": null, "ts": 1643756512.042733}]}, "version": 195}
{"obj": {"type": "LogStrings", "path": ["monitoring", "stdout"], "values": [{"value": "\n", "step": null, "ts": 1643756512.042831}]}, "version": 196}
{"obj": {"type": "LogFloats", "path": ["monitoring", "cpu"], "values": [{"value": 28.0, "step": null, "ts": 1643756519.7909284}]}, "version": 197}
{"obj": {"type": "LogFloats", "path": ["monitoring", "memory"], "values": [{"value": 10.970409393310547, "step": null, "ts": 1643756519.7909284}]}, "version": 198}
{"obj": {"type": "LogFloats", "path": ["monitoring", "gpu"], "values": [{"value": 16.0, "step": null, "ts": 1643756519.7909284}]}, "version": 199}
{"obj": {"type": "LogFloats", "path": ["monitoring", "gpu_memory"], "values": [{"value": 1.125, "step": null, "ts": 1643756519.7909284}]}, "version": 200}
{"obj": {"type": "LogStrings", "path": ["monitoring", "stderr"], "values": [{"value": "", "step": null, "ts": 1643756520.5509021}]}, "version": 201}
{"obj": {"type": "LogStrings", "path": ["monitoring", "stderr"], "values": [{"value": "\r  0%|          | 8/300000 [02:54<1818:15:06, 21.82s/it]", "step": null, "ts": 1643756520.551473}]}, "version": 202}
{"obj": {"type": "LogStrings", "path": ["monitoring", "stderr"], "values": [{"value": "\n", "step": null, "ts": 1643756520.5520265}]}, "version": 203}
{"obj": {"type": "LogStrings", "path": ["monitoring", "stdout"], "values": [{"value": "Shutting down background jobs, please wait a moment...\n", "step": null, "ts": 1643756521.6060073}]}, "version": 204}
