{"obj": {"type": "AssignString", "path": ["sys", "name"], "value": "Untitled"}, "version": 1}
{"obj": {"type": "AssignString", "path": ["sys", "description"], "value": ""}, "version": 2}
{"obj": {"type": "AssignString", "path": ["sys", "hostname"], "value": "xhnfly-Strix-GL504GS-S5CS"}, "version": 3}
{"obj": {"type": "AssignBool", "path": ["sys", "failed"], "value": false}, "version": 4}
{"obj": {"type": "ClearStringLog", "path": ["monitoring", "stdout"]}, "version": 5}
{"obj": {"type": "ClearStringLog", "path": ["monitoring", "stderr"]}, "version": 6}
{"obj": {"type": "ConfigFloatSeries", "path": ["monitoring", "cpu"], "min": 0.0, "max": 100.0, "unit": "%"}, "version": 7}
{"obj": {"type": "ClearFloatLog", "path": ["monitoring", "cpu"]}, "version": 8}
{"obj": {"type": "ConfigFloatSeries", "path": ["monitoring", "memory"], "min": 0.0, "max": 31.287979125976562, "unit": "GB"}, "version": 9}
{"obj": {"type": "ClearFloatLog", "path": ["monitoring", "memory"]}, "version": 10}
{"obj": {"type": "ConfigFloatSeries", "path": ["monitoring", "gpu"], "min": 0.0, "max": 100.0, "unit": "%"}, "version": 11}
{"obj": {"type": "ClearFloatLog", "path": ["monitoring", "gpu"]}, "version": 12}
{"obj": {"type": "ConfigFloatSeries", "path": ["monitoring", "gpu_memory"], "min": 0.0, "max": 7.9210205078125, "unit": "GB"}, "version": 13}
{"obj": {"type": "ClearFloatLog", "path": ["monitoring", "gpu_memory"]}, "version": 14}
{"obj": {"type": "LogStrings", "path": ["monitoring", "stdout"], "values": [{"value": "", "step": null, "ts": 1643096004.914267}]}, "version": 15}
{"obj": {"type": "LogStrings", "path": ["monitoring", "stdout"], "values": [{"value": "Remember to stop your run once you\u2019ve finished logging your metadata (https://docs.neptune.ai/api-reference/run#.stop). It will be stopped automatically only when the notebook kernel/interactive console is terminated.\n", "step": null, "ts": 1643096004.915138}]}, "version": 16}
{"obj": {"type": "LogFloats", "path": ["monitoring", "cpu"], "values": [{"value": 35.2, "step": null, "ts": 1643096004.910814}]}, "version": 17}
{"obj": {"type": "LogFloats", "path": ["monitoring", "memory"], "values": [{"value": 22.278766632080078, "step": null, "ts": 1643096004.910814}]}, "version": 18}
{"obj": {"type": "LogFloats", "path": ["monitoring", "gpu_memory"], "values": [{"value": 0.4071044921875, "step": null, "ts": 1643096004.910814}]}, "version": 19}
{"obj": {"type": "LogStrings", "path": ["monitoring", "stdout"], "values": [{"value": "device = ", "step": null, "ts": 1643096005.575875}]}, "version": 20}
{"obj": {"type": "LogStrings", "path": ["monitoring", "stdout"], "values": [{"value": " ", "step": null, "ts": 1643096005.5763621}]}, "version": 21}
{"obj": {"type": "LogStrings", "path": ["monitoring", "stdout"], "values": [{"value": "cuda", "step": null, "ts": 1643096005.5764613}]}, "version": 22}
{"obj": {"type": "LogStrings", "path": ["monitoring", "stdout"], "values": [{"value": "\n", "step": null, "ts": 1643096005.5765374}]}, "version": 23}
{"obj": {"type": "AssignInt", "path": ["parameters", "batch_size"], "value": 500}, "version": 24}
{"obj": {"type": "AssignFloat", "path": ["parameters", "dropout"], "value": 0.2}, "version": 25}
{"obj": {"type": "AssignFloat", "path": ["parameters", "learning_rate"], "value": 0.001}, "version": 26}
{"obj": {"type": "AssignString", "path": ["parameters", "optimizer"], "value": "Adam"}, "version": 27}
{"obj": {"type": "AssignInt", "path": ["parameters", "hid"], "value": 64}, "version": 28}
{"obj": {"type": "AssignInt", "path": ["parameters", "l"], "value": 3}, "version": 29}
{"obj": {"type": "AssignInt", "path": ["parameters", "seed"], "value": 0}, "version": 30}
{"obj": {"type": "AssignInt", "path": ["parameters", "steps_per_epoch"], "value": 3000}, "version": 31}
{"obj": {"type": "AssignInt", "path": ["parameters", "epochs"], "value": 100}, "version": 32}
{"obj": {"type": "AssignInt", "path": ["parameters", "replay_size"], "value": 1000000}, "version": 33}
{"obj": {"type": "AssignFloat", "path": ["parameters", "gamma"], "value": 0.99}, "version": 34}
{"obj": {"type": "AssignFloat", "path": ["parameters", "polyak"], "value": 0.995}, "version": 35}
{"obj": {"type": "AssignFloat", "path": ["parameters", "pi_lr"], "value": 0.0001}, "version": 36}
{"obj": {"type": "AssignFloat", "path": ["parameters", "q_lr"], "value": 0.0001}, "version": 37}
{"obj": {"type": "AssignInt", "path": ["parameters", "start_steps"], "value": 10000}, "version": 38}
{"obj": {"type": "AssignInt", "path": ["parameters", "update_after"], "value": 1000}, "version": 39}
{"obj": {"type": "AssignInt", "path": ["parameters", "update_every"], "value": 50}, "version": 40}
{"obj": {"type": "AssignFloat", "path": ["parameters", "act_noise"], "value": 0.01}, "version": 41}
{"obj": {"type": "AssignInt", "path": ["parameters", "num_test_episodes"], "value": 10}, "version": 42}
{"obj": {"type": "AssignInt", "path": ["parameters", "max_ep_len"], "value": 1000}, "version": 43}
{"obj": {"type": "LogStrings", "path": ["monitoring", "stdout"], "values": [{"value": "obs_dim = ", "step": null, "ts": 1643096005.7774465}]}, "version": 44}
{"obj": {"type": "LogStrings", "path": ["monitoring", "stdout"], "values": [{"value": " ", "step": null, "ts": 1643096005.7777216}]}, "version": 45}
{"obj": {"type": "LogStrings", "path": ["monitoring", "stdout"], "values": [{"value": "11", "step": null, "ts": 1643096005.777888}]}, "version": 46}
{"obj": {"type": "LogStrings", "path": ["monitoring", "stdout"], "values": [{"value": "\n", "step": null, "ts": 1643096005.7780461}]}, "version": 47}
{"obj": {"type": "LogStrings", "path": ["monitoring", "stdout"], "values": [{"value": "act_dim = ", "step": null, "ts": 1643096005.7782674}]}, "version": 48}
{"obj": {"type": "LogStrings", "path": ["monitoring", "stdout"], "values": [{"value": " ", "step": null, "ts": 1643096005.7784176}]}, "version": 49}
{"obj": {"type": "LogStrings", "path": ["monitoring", "stdout"], "values": [{"value": "1", "step": null, "ts": 1643096005.7785525}]}, "version": 50}
{"obj": {"type": "LogStrings", "path": ["monitoring", "stdout"], "values": [{"value": "\n", "step": null, "ts": 1643096005.7786772}]}, "version": 51}
{"obj": {"type": "LogStrings", "path": ["monitoring", "stdout"], "values": [{"value": "act_limit = ", "step": null, "ts": 1643096005.778875}]}, "version": 52}
{"obj": {"type": "LogStrings", "path": ["monitoring", "stdout"], "values": [{"value": " ", "step": null, "ts": 1643096005.778992}]}, "version": 53}
{"obj": {"type": "LogStrings", "path": ["monitoring", "stdout"], "values": [{"value": "1.0", "step": null, "ts": 1643096005.7791123}]}, "version": 54}
{"obj": {"type": "LogStrings", "path": ["monitoring", "stdout"], "values": [{"value": "\n", "step": null, "ts": 1643096005.779498}]}, "version": 55}
{"obj": {"type": "LogStrings", "path": ["monitoring", "stdout"], "values": [{"value": "\rsteps: :[                                        ]1%\t1000/300000\tmain of rewards = 9.353767\ttime remain = 0:00:00.900551\ttime cost = 0:00:00.897549", "step": null, "ts": 1643096008.317092}]}, "version": 56}
{"obj": {"type": "LogFloats", "path": ["train", "reward"], "values": [{"value": 9.353766651668664, "step": null, "ts": 1643096008.317693}]}, "version": 57}
{"obj": {"type": "LogStrings", "path": ["monitoring", "stdout"], "values": [{"value": "\rsteps: :[                                        ]1%\t1050/300000\tmain of rewards = 8.991843\ttime remain = 0:00:01.182723\ttime cost = 0:00:01.178583", "step": null, "ts": 1643096008.5980926}]}, "version": 58}
{"obj": {"type": "LogFloats", "path": ["train", "reward"], "values": [{"value": 8.991843453831157, "step": null, "ts": 1643096008.5989363}]}, "version": 59}
{"obj": {"type": "LogStrings", "path": ["monitoring", "stdout"], "values": [{"value": "\rsteps: :[                                        ]1%\t1100/300000\tmain of rewards = 9.022288\ttime remain = 0:00:01.454095\ttime cost = 0:00:01.448763", "step": null, "ts": 1643096008.868255}]}, "version": 60}
{"obj": {"type": "LogFloats", "path": ["train", "reward"], "values": [{"value": 9.02228790391898, "step": null, "ts": 1643096008.8688686}]}, "version": 61}
{"obj": {"type": "LogStrings", "path": ["monitoring", "stdout"], "values": [{"value": "\rsteps: :[                                        ]1%\t1150/300000\tmain of rewards = 9.021507\ttime remain = 0:00:01.731174\ttime cost = 0:00:01.724538", "step": null, "ts": 1643096009.1440353}]}, "version": 62}
{"obj": {"type": "LogFloats", "path": ["train", "reward"], "values": [{"value": 9.021506992372231, "step": null, "ts": 1643096009.1445582}]}, "version": 63}
{"obj": {"type": "LogStrings", "path": ["monitoring", "stdout"], "values": [{"value": "\rsteps: :[                                        ]1%\t1200/300000\tmain of rewards = 9.007101\ttime remain = 0:00:02.032747\ttime cost = 0:00:02.024616", "step": null, "ts": 1643096009.4441106}]}, "version": 64}
{"obj": {"type": "LogFloats", "path": ["train", "reward"], "values": [{"value": 9.007100984571657, "step": null, "ts": 1643096009.4446979}]}, "version": 65}
{"obj": {"type": "LogStrings", "path": ["monitoring", "stdout"], "values": [{"value": "\rsteps: :[                                        ]1%\t1250/300000\tmain of rewards = 8.713446\ttime remain = 0:00:02.308436\ttime cost = 0:00:02.298818", "step": null, "ts": 1643096009.718309}]}, "version": 66}
{"obj": {"type": "LogFloats", "path": ["train", "reward"], "values": [{"value": 8.713446486521526, "step": null, "ts": 1643096009.719036}]}, "version": 67}
{"obj": {"type": "LogStrings", "path": ["monitoring", "stdout"], "values": [{"value": "\rsteps: :[                                        ]1%\t1300/300000\tmain of rewards = 8.941183\ttime remain = 0:00:02.584156\ttime cost = 0:00:02.572958", "step": null, "ts": 1643096009.9925091}]}, "version": 68}
{"obj": {"type": "LogFloats", "path": ["train", "reward"], "values": [{"value": 8.941182738930047, "step": null, "ts": 1643096009.9932697}]}, "version": 69}
{"obj": {"type": "LogStrings", "path": ["monitoring", "stdout"], "values": [{"value": "\rsteps: :[                                        ]1%\t1350/300000\tmain of rewards = 9.004344\ttime remain = 0:00:02.862080\ttime cost = 0:00:02.849201", "step": null, "ts": 1643096010.2686918}]}, "version": 70}
{"obj": {"type": "LogFloats", "path": ["train", "reward"], "values": [{"value": 9.004343817369943, "step": null, "ts": 1643096010.2694812}]}, "version": 71}
{"obj": {"type": "LogStrings", "path": ["monitoring", "stdout"], "values": [{"value": "\rsteps: :[                                        ]1%\t1400/300000\tmain of rewards = 9.143551\ttime remain = 0:00:03.148848\ttime cost = 0:00:03.134153", "step": null, "ts": 1643096010.5536487}]}, "version": 72}
{"obj": {"type": "LogFloats", "path": ["train", "reward"], "values": [{"value": 9.143551098696953, "step": null, "ts": 1643096010.5543277}]}, "version": 73}
{"obj": {"type": "LogStrings", "path": ["monitoring", "stdout"], "values": [{"value": "\rsteps: :[                                        ]1%\t1450/300000\tmain of rewards = 9.006324\ttime remain = 0:00:03.432379\ttime cost = 0:00:03.415789", "step": null, "ts": 1643096010.8352854}]}, "version": 74}
{"obj": {"type": "LogFloats", "path": ["train", "reward"], "values": [{"value": 9.006324374052493, "step": null, "ts": 1643096010.8360891}]}, "version": 75}
{"obj": {"type": "LogStrings", "path": ["monitoring", "stdout"], "values": [{"value": "\rsteps: :[                                        ]1%\t1500/300000\tmain of rewards = 9.132745\ttime remain = 0:00:03.716451\ttime cost = 0:00:03.697869", "step": null, "ts": 1643096011.1173642}]}, "version": 76}
{"obj": {"type": "LogFloats", "path": ["train", "reward"], "values": [{"value": 9.132744996330413, "step": null, "ts": 1643096011.118011}]}, "version": 77}
{"obj": {"type": "LogStrings", "path": ["monitoring", "stdout"], "values": [{"value": "\rsteps: :[                                        ]1%\t1550/300000\tmain of rewards = 8.902555\ttime remain = 0:00:03.987989\ttime cost = 0:00:03.967384", "step": null, "ts": 1643096011.3868878}]}, "version": 78}
{"obj": {"type": "LogFloats", "path": ["train", "reward"], "values": [{"value": 8.902555262678113, "step": null, "ts": 1643096011.3877556}]}, "version": 79}
{"obj": {"type": "LogStrings", "path": ["monitoring", "stdout"], "values": [{"value": "\rsteps: :[                                        ]1%\t1600/300000\tmain of rewards = 8.944486\ttime remain = 0:00:04.272508\ttime cost = 0:00:04.249721", "step": null, "ts": 1643096011.669217}]}, "version": 80}
{"obj": {"type": "LogFloats", "path": ["train", "reward"], "values": [{"value": 8.944486363013047, "step": null, "ts": 1643096011.6697946}]}, "version": 81}
{"obj": {"type": "LogStrings", "path": ["monitoring", "stdout"], "values": [{"value": "\rsteps: :[                                        ]1%\t1650/300000\tmain of rewards = 9.012130\ttime remain = 0:00:04.552466\ttime cost = 0:00:04.527427", "step": null, "ts": 1643096011.946919}]}, "version": 82}
{"obj": {"type": "LogFloats", "path": ["train", "reward"], "values": [{"value": 9.012130374907283, "step": null, "ts": 1643096011.947513}]}, "version": 83}
{"obj": {"type": "LogStrings", "path": ["monitoring", "stdout"], "values": [{"value": "\rsteps: :[                                        ]1%\t1700/300000\tmain of rewards = 8.923720\ttime remain = 0:00:04.831177\ttime cost = 0:00:04.803800", "step": null, "ts": 1643096012.2232926}]}, "version": 84}
{"obj": {"type": "LogFloats", "path": ["train", "reward"], "values": [{"value": 8.923719673625946, "step": null, "ts": 1643096012.2238982}]}, "version": 85}
{"obj": {"type": "LogStrings", "path": ["monitoring", "stdout"], "values": [{"value": "\rsteps: :[                                        ]1%\t1750/300000\tmain of rewards = 8.926584\ttime remain = 0:00:05.123913\ttime cost = 0:00:05.094024", "step": null, "ts": 1643096012.5135195}]}, "version": 86}
{"obj": {"type": "LogFloats", "path": ["train", "reward"], "values": [{"value": 8.926583626744579, "step": null, "ts": 1643096012.5140655}]}, "version": 87}
{"obj": {"type": "LogStrings", "path": ["monitoring", "stdout"], "values": [{"value": "\rsteps: :[                                        ]1%\t1800/300000\tmain of rewards = 8.725549\ttime remain = 0:00:05.442611\ttime cost = 0:00:05.409955", "step": null, "ts": 1643096012.8295157}]}, "version": 88}
{"obj": {"type": "LogFloats", "path": ["train", "reward"], "values": [{"value": 8.725548787700935, "step": null, "ts": 1643096012.8303137}]}, "version": 89}
{"obj": {"type": "LogStrings", "path": ["monitoring", "stdout"], "values": [{"value": "\rsteps: :[                                        ]1%\t1850/300000\tmain of rewards = 8.896253\ttime remain = 0:00:05.741092\ttime cost = 0:00:05.705689", "step": null, "ts": 1643096013.1251924}]}, "version": 90}
{"obj": {"type": "LogFloats", "path": ["train", "reward"], "values": [{"value": 8.896253489508917, "step": null, "ts": 1643096013.1257656}]}, "version": 91}
{"obj": {"type": "LogStrings", "path": ["monitoring", "stdout"], "values": [{"value": "\rsteps: :[                                        ]1%\t1900/300000\tmain of rewards = 9.005113\ttime remain = 0:00:06.054022\ttime cost = 0:00:06.015680", "step": null, "ts": 1643096013.4352167}]}, "version": 92}
{"obj": {"type": "LogFloats", "path": ["train", "reward"], "values": [{"value": 9.005113003126844, "step": null, "ts": 1643096013.4359033}]}, "version": 93}
{"obj": {"type": "LogStrings", "path": ["monitoring", "stdout"], "values": [{"value": "\rsteps: :[                                        ]1%\t1950/300000\tmain of rewards = 8.999726\ttime remain = 0:00:06.356759\ttime cost = 0:00:06.315440", "step": null, "ts": 1643096013.73495}]}, "version": 94}
{"obj": {"type": "LogFloats", "path": ["train", "reward"], "values": [{"value": 8.99972626821138, "step": null, "ts": 1643096013.7355318}]}, "version": 95}
{"obj": {"type": "LogStrings", "path": ["monitoring", "stdout"], "values": [{"value": "\rsteps: :[                                        ]1%\t2000/300000\tmain of rewards = 9.153520\ttime remain = 0:00:06.653912\ttime cost = 0:00:06.609553", "step": null, "ts": 1643096014.0290616}]}, "version": 96}
{"obj": {"type": "LogFloats", "path": ["train", "reward"], "values": [{"value": 9.1535199733204, "step": null, "ts": 1643096014.0296066}]}, "version": 97}
{"obj": {"type": "LogStrings", "path": ["monitoring", "stdout"], "values": [{"value": "\rsteps: :[                                        ]1%\t2050/300000\tmain of rewards = 9.181843\ttime remain = 0:00:06.945877\ttime cost = 0:00:06.898414", "step": null, "ts": 1643096014.3179157}]}, "version": 98}
{"obj": {"type": "LogFloats", "path": ["train", "reward"], "values": [{"value": 9.181843066462969, "step": null, "ts": 1643096014.318543}]}, "version": 99}
{"obj": {"type": "LogStrings", "path": ["monitoring", "stdout"], "values": [{"value": "\rsteps: :[                                        ]1%\t2100/300000\tmain of rewards = 9.059321\ttime remain = 0:00:07.236234\ttime cost = 0:00:07.185580", "step": null, "ts": 1643096014.6050732}]}, "version": 100}
{"obj": {"type": "LogFloats", "path": ["train", "reward"], "values": [{"value": 9.059321072250134, "step": null, "ts": 1643096014.6056461}]}, "version": 101}
{"obj": {"type": "LogStrings", "path": ["monitoring", "stdout"], "values": [{"value": "\rsteps: :[                                        ]1%\t2150/300000\tmain of rewards = 9.315008\ttime remain = 0:00:07.513355\ttime cost = 0:00:07.459509", "step": null, "ts": 1643096014.8790028}]}, "version": 102}
{"obj": {"type": "LogFloats", "path": ["train", "reward"], "values": [{"value": 9.315007858624321, "step": null, "ts": 1643096014.8817394}]}, "version": 103}
{"obj": {"type": "LogFloats", "path": ["monitoring", "cpu"], "values": [{"value": 17.8, "step": null, "ts": 1643096014.9169147}]}, "version": 104}
{"obj": {"type": "LogFloats", "path": ["monitoring", "memory"], "values": [{"value": 24.157196044921875, "step": null, "ts": 1643096014.9169147}]}, "version": 105}
{"obj": {"type": "LogFloats", "path": ["monitoring", "gpu"], "values": [{"value": 31.0, "step": null, "ts": 1643096014.9169147}]}, "version": 106}
{"obj": {"type": "LogFloats", "path": ["monitoring", "gpu_memory"], "values": [{"value": 1.208984375, "step": null, "ts": 1643096014.9169147}]}, "version": 107}
{"obj": {"type": "LogStrings", "path": ["monitoring", "stdout"], "values": [{"value": "\rsteps: :[                                        ]1%\t2200/300000\tmain of rewards = 9.064413\ttime remain = 0:00:07.795543\ttime cost = 0:00:07.738376", "step": null, "ts": 1643096015.1579182}]}, "version": 108}
{"obj": {"type": "LogFloats", "path": ["train", "reward"], "values": [{"value": 9.064412801531189, "step": null, "ts": 1643096015.1584845}]}, "version": 109}
{"obj": {"type": "LogStrings", "path": ["monitoring", "stdout"], "values": [{"value": "\rsteps: :[                                        ]1%\t2250/300000\tmain of rewards = 9.306171\ttime remain = 0:00:08.081456\ttime cost = 0:00:08.020845", "step": null, "ts": 1643096015.4403386}]}, "version": 110}
{"obj": {"type": "LogFloats", "path": ["train", "reward"], "values": [{"value": 9.306171322339067, "step": null, "ts": 1643096015.441}]}, "version": 111}
{"obj": {"type": "LogStrings", "path": ["monitoring", "stdout"], "values": [{"value": "\rsteps: :[                                        ]1%\t2300/300000\tmain of rewards = 9.073938\ttime remain = 0:00:08.374662\ttime cost = 0:00:08.310456", "step": null, "ts": 1643096015.729995}]}, "version": 112}
{"obj": {"type": "LogFloats", "path": ["train", "reward"], "values": [{"value": 9.07393832467379, "step": null, "ts": 1643096015.730509}]}, "version": 113}
{"obj": {"type": "LogStrings", "path": ["monitoring", "stdout"], "values": [{"value": "\rsteps: :[                                        ]1%\t2350/300000\tmain of rewards = 9.338057\ttime remain = 0:00:08.665552\ttime cost = 0:00:08.597672", "step": null, "ts": 1643096016.017166}]}, "version": 114}
{"obj": {"type": "LogFloats", "path": ["train", "reward"], "values": [{"value": 9.338056604890966, "step": null, "ts": 1643096016.0177193}]}, "version": 115}
{"obj": {"type": "LogStrings", "path": ["monitoring", "stdout"], "values": [{"value": "\rsteps: :[                                        ]1%\t2400/300000\tmain of rewards = 9.078046\ttime remain = 0:00:08.953253\ttime cost = 0:00:08.881627", "step": null, "ts": 1643096016.3011196}]}, "version": 116}
{"obj": {"type": "LogFloats", "path": ["train", "reward"], "values": [{"value": 9.07804585975754, "step": null, "ts": 1643096016.3017359}]}, "version": 117}
{"obj": {"type": "LogStrings", "path": ["monitoring", "stdout"], "values": [{"value": "\rsteps: :[                                        ]1%\t2450/300000\tmain of rewards = 9.322553\ttime remain = 0:00:09.235738\ttime cost = 0:00:09.160313", "step": null, "ts": 1643096016.579806}]}, "version": 118}
{"obj": {"type": "LogFloats", "path": ["train", "reward"], "values": [{"value": 9.322552678357258, "step": null, "ts": 1643096016.58035}]}, "version": 119}
{"obj": {"type": "LogStrings", "path": ["monitoring", "stdout"], "values": [{"value": "\rsteps: :[                                        ]1%\t2500/300000\tmain of rewards = 9.073570\ttime remain = 0:00:09.552988\ttime cost = 0:00:09.473380", "step": null, "ts": 1643096016.8928916}]}, "version": 120}
{"obj": {"type": "LogFloats", "path": ["train", "reward"], "values": [{"value": 9.073570035537609, "step": null, "ts": 1643096016.8935657}]}, "version": 121}
{"obj": {"type": "LogStrings", "path": ["monitoring", "stdout"], "values": [{"value": "\rsteps: :[                                        ]1%\t2550/300000\tmain of rewards = 9.347092\ttime remain = 0:00:09.954942\ttime cost = 0:00:09.870325", "step": null, "ts": 1643096017.2898312}]}, "version": 122}
{"obj": {"type": "LogFloats", "path": ["train", "reward"], "values": [{"value": 9.347092367429301, "step": null, "ts": 1643096017.290421}]}, "version": 123}
{"obj": {"type": "LogStrings", "path": ["monitoring", "stdout"], "values": [{"value": "\rsteps: :[                                        ]1%\t2600/300000\tmain of rewards = 9.201992\ttime remain = 0:00:10.314508\ttime cost = 0:00:10.225116", "step": null, "ts": 1643096017.6446228}]}, "version": 124}
{"obj": {"type": "LogFloats", "path": ["train", "reward"], "values": [{"value": 9.201991530374904, "step": null, "ts": 1643096017.6452198}]}, "version": 125}
{"obj": {"type": "LogStrings", "path": ["monitoring", "stdout"], "values": [{"value": "\rsteps: :[                                        ]1%\t2650/300000\tmain of rewards = 9.079110\ttime remain = 0:00:10.658392\ttime cost = 0:00:10.564243", "step": null, "ts": 1643096017.9837356}]}, "version": 126}
{"obj": {"type": "LogFloats", "path": ["train", "reward"], "values": [{"value": 9.079109560976923, "step": null, "ts": 1643096017.984362}]}, "version": 127}
{"obj": {"type": "LogStrings", "path": ["monitoring", "stdout"], "values": [{"value": "\rsteps: :[                                        ]1%\t2700/300000\tmain of rewards = 9.346367\ttime remain = 0:00:10.966438\ttime cost = 0:00:10.867740", "step": null, "ts": 1643096018.2872717}]}, "version": 128}
{"obj": {"type": "LogFloats", "path": ["train", "reward"], "values": [{"value": 9.346367376213474, "step": null, "ts": 1643096018.2879353}]}, "version": 129}
{"obj": {"type": "LogStrings", "path": ["monitoring", "stdout"], "values": [{"value": "\rsteps: :[                                        ]1%\t2750/300000\tmain of rewards = 9.104884\ttime remain = 0:00:11.326783\ttime cost = 0:00:11.222954", "step": null, "ts": 1643096018.642453}]}, "version": 130}
{"obj": {"type": "LogFloats", "path": ["train", "reward"], "values": [{"value": 9.104883972074129, "step": null, "ts": 1643096018.643069}]}, "version": 131}
{"obj": {"type": "LogStrings", "path": ["monitoring", "stdout"], "values": [{"value": "\rsteps: :[                                        ]1%\t2800/300000\tmain of rewards = 9.081676\ttime remain = 0:00:11.623683\ttime cost = 0:00:11.515195", "step": null, "ts": 1643096018.9347312}]}, "version": 132}
{"obj": {"type": "LogFloats", "path": ["train", "reward"], "values": [{"value": 9.081676268360146, "step": null, "ts": 1643096018.9352505}]}, "version": 133}
{"obj": {"type": "LogStrings", "path": ["monitoring", "stdout"], "values": [{"value": "\rsteps: :[                                        ]1%\t2850/300000\tmain of rewards = 9.337143\ttime remain = 0:00:11.977707\ttime cost = 0:00:11.863919", "step": null, "ts": 1643096019.283467}]}, "version": 134}
{"obj": {"type": "LogFloats", "path": ["train", "reward"], "values": [{"value": 9.337142871947867, "step": null, "ts": 1643096019.2843993}]}, "version": 135}
{"obj": {"type": "LogStrings", "path": ["monitoring", "stdout"], "values": [{"value": "\rsteps: :[                                        ]1%\t2900/300000\tmain of rewards = 9.063373\ttime remain = 0:00:12.320726\ttime cost = 0:00:12.201626", "step": null, "ts": 1643096019.6211207}]}, "version": 136}
{"obj": {"type": "LogFloats", "path": ["train", "reward"], "values": [{"value": 9.063373064505964, "step": null, "ts": 1643096019.6216958}]}, "version": 137}
{"obj": {"type": "LogStrings", "path": ["monitoring", "stdout"], "values": [{"value": "\rsteps: :[                                        ]1%\t2950/300000\tmain of rewards = 9.327841\ttime remain = 0:00:12.628564\ttime cost = 0:00:12.504383", "step": null, "ts": 1643096019.9241297}]}, "version": 138}
{"obj": {"type": "LogFloats", "path": ["train", "reward"], "values": [{"value": 9.327841403850826, "step": null, "ts": 1643096019.9246845}]}, "version": 139}
{"obj": {"type": "LogFloats", "path": ["test", "reward"], "values": [{"value": 9.021451182860586, "step": null, "ts": 1643096020.2572343}]}, "version": 140}
{"obj": {"type": "LogFloats", "path": ["test", "reward"], "values": [{"value": 9.008567022184073, "step": null, "ts": 1643096020.259692}]}, "version": 141}
{"obj": {"type": "LogFloats", "path": ["test", "reward"], "values": [{"value": 8.918238507593683, "step": null, "ts": 1643096020.2625074}]}, "version": 142}
{"obj": {"type": "LogFloats", "path": ["test", "reward"], "values": [{"value": 8.915291195913444, "step": null, "ts": 1643096020.2652543}]}, "version": 143}
{"obj": {"type": "LogFloats", "path": ["test", "reward"], "values": [{"value": 9.013508353506019, "step": null, "ts": 1643096020.2679744}]}, "version": 144}
{"obj": {"type": "LogFloats", "path": ["test", "reward"], "values": [{"value": 9.014784590500877, "step": null, "ts": 1643096020.270206}]}, "version": 145}
{"obj": {"type": "LogFloats", "path": ["test", "reward"], "values": [{"value": 8.89249533163642, "step": null, "ts": 1643096020.2728002}]}, "version": 146}
{"obj": {"type": "LogFloats", "path": ["test", "reward"], "values": [{"value": 8.938373532050154, "step": null, "ts": 1643096020.275326}]}, "version": 147}
{"obj": {"type": "LogFloats", "path": ["test", "reward"], "values": [{"value": 9.043690124070077, "step": null, "ts": 1643096020.277367}]}, "version": 148}
{"obj": {"type": "LogFloats", "path": ["test", "reward"], "values": [{"value": 9.034771170523626, "step": null, "ts": 1643096020.27941}]}, "version": 149}
{"obj": {"type": "LogStrings", "path": ["monitoring", "stdout"], "values": [{"value": "\rsteps: :[                                        ]1%\t3000/300000\tmain of rewards = 9.349556\ttime remain = 0:00:12.990718\ttime cost = 0:00:12.860811", "step": null, "ts": 1643096020.280297}]}, "version": 150}
{"obj": {"type": "LogFloats", "path": ["train", "reward"], "values": [{"value": 9.349556145738791, "step": null, "ts": 1643096020.2808688}]}, "version": 151}
{"obj": {"type": "LogStrings", "path": ["monitoring", "stdout"], "values": [{"value": "\rsteps: :[                                        ]2%\t3050/300000\tmain of rewards = 9.083467\ttime remain = 0:00:13.336212\ttime cost = 0:00:13.200627", "step": null, "ts": 1643096020.6201184}]}, "version": 152}
{"obj": {"type": "LogFloats", "path": ["train", "reward"], "values": [{"value": 9.083466913082608, "step": null, "ts": 1643096020.620794}]}, "version": 153}
{"obj": {"type": "LogStrings", "path": ["monitoring", "stdout"], "values": [{"value": "\rsteps: :[                                        ]2%\t3100/300000\tmain of rewards = 9.303697\ttime remain = 0:00:13.662906\ttime cost = 0:00:13.521723", "step": null, "ts": 1643096020.9412165}]}, "version": 154}
{"obj": {"type": "LogFloats", "path": ["train", "reward"], "values": [{"value": 9.30369689859461, "step": null, "ts": 1643096020.9417803}]}, "version": 155}
{"obj": {"type": "LogStrings", "path": ["monitoring", "stdout"], "values": [{"value": "\rsteps: :[                                        ]2%\t3150/300000\tmain of rewards = 9.023987\ttime remain = 0:00:13.939103\ttime cost = 0:00:13.792742", "step": null, "ts": 1643096021.212236}]}, "version": 156}
{"obj": {"type": "LogFloats", "path": ["train", "reward"], "values": [{"value": 9.023986848469539, "step": null, "ts": 1643096021.2128386}]}, "version": 157}
{"obj": {"type": "LogStrings", "path": ["monitoring", "stdout"], "values": [{"value": "\rsteps: :[                                        ]2%\t3200/300000\tmain of rewards = 9.256963\ttime remain = 0:00:14.218797\ttime cost = 0:00:14.067130", "step": null, "ts": 1643096021.4866214}]}, "version": 158}
{"obj": {"type": "LogFloats", "path": ["train", "reward"], "values": [{"value": 9.256963346892181, "step": null, "ts": 1643096021.4871597}]}, "version": 159}
{"obj": {"type": "LogStrings", "path": ["monitoring", "stdout"], "values": [{"value": "\rsteps: :[                                        ]2%\t3250/300000\tmain of rewards = 9.075060\ttime remain = 0:00:14.506950\ttime cost = 0:00:14.349791", "step": null, "ts": 1643096021.7693396}]}, "version": 160}
{"obj": {"type": "LogFloats", "path": ["train", "reward"], "values": [{"value": 9.075059681457988, "step": null, "ts": 1643096021.7702854}]}, "version": 161}
{"obj": {"type": "LogStrings", "path": ["monitoring", "stdout"], "values": [{"value": "\rsteps: :[                                        ]2%\t3300/300000\tmain of rewards = 9.086178\ttime remain = 0:00:14.789581\ttime cost = 0:00:14.626896", "step": null, "ts": 1643096022.0463862}]}, "version": 162}
{"obj": {"type": "LogFloats", "path": ["train", "reward"], "values": [{"value": 9.086178384022137, "step": null, "ts": 1643096022.046953}]}, "version": 163}
{"obj": {"type": "LogStrings", "path": ["monitoring", "stdout"], "values": [{"value": "\rsteps: :[                                        ]2%\t3350/300000\tmain of rewards = 9.248980\ttime remain = 0:00:15.070486\ttime cost = 0:00:14.902199", "step": null, "ts": 1643096022.3216903}]}, "version": 164}
{"obj": {"type": "LogFloats", "path": ["train", "reward"], "values": [{"value": 9.248979827953379, "step": null, "ts": 1643096022.3223743}]}, "version": 165}
{"obj": {"type": "LogStrings", "path": ["monitoring", "stdout"], "values": [{"value": "\rsteps: :[                                        ]2%\t3400/300000\tmain of rewards = 9.003355\ttime remain = 0:00:15.364454\ttime cost = 0:00:15.190324", "step": null, "ts": 1643096022.609817}]}, "version": 166}
{"obj": {"type": "LogFloats", "path": ["train", "reward"], "values": [{"value": 9.003354721741998, "step": null, "ts": 1643096022.6102798}]}, "version": 167}
{"obj": {"type": "LogStrings", "path": ["monitoring", "stdout"], "values": [{"value": "\rsteps: :[                                        ]2%\t3450/300000\tmain of rewards = 9.279720\ttime remain = 0:00:15.644829\ttime cost = 0:00:15.464913", "step": null, "ts": 1643096022.8844092}]}, "version": 168}
{"obj": {"type": "LogFloats", "path": ["train", "reward"], "values": [{"value": 9.279720435487041, "step": null, "ts": 1643096022.8849876}]}, "version": 169}
{"obj": {"type": "LogStrings", "path": ["monitoring", "stdout"], "values": [{"value": "\rsteps: :[                                        ]2%\t3500/300000\tmain of rewards = 9.077201\ttime remain = 0:00:15.922821\ttime cost = 0:00:15.737055", "step": null, "ts": 1643096023.1565468}]}, "version": 170}
{"obj": {"type": "LogFloats", "path": ["train", "reward"], "values": [{"value": 9.07720062080649, "step": null, "ts": 1643096023.1571786}]}, "version": 171}
{"obj": {"type": "LogStrings", "path": ["monitoring", "stdout"], "values": [{"value": "\rsteps: :[                                        ]2%\t3550/300000\tmain of rewards = 9.013198\ttime remain = 0:00:16.203768\ttime cost = 0:00:16.012023", "step": null, "ts": 1643096023.4315174}]}, "version": 172}
{"obj": {"type": "LogFloats", "path": ["train", "reward"], "values": [{"value": 9.013198479151491, "step": null, "ts": 1643096023.4320693}]}, "version": 173}
{"obj": {"type": "LogStrings", "path": ["monitoring", "stdout"], "values": [{"value": "\rsteps: :[                                        ]2%\t3600/300000\tmain of rewards = 9.161195\ttime remain = 0:00:16.495432\ttime cost = 0:00:16.297487", "step": null, "ts": 1643096023.7169785}]}, "version": 174}
{"obj": {"type": "LogFloats", "path": ["train", "reward"], "values": [{"value": 9.161195041922161, "step": null, "ts": 1643096023.7176182}]}, "version": 175}
{"obj": {"type": "LogStrings", "path": ["monitoring", "stdout"], "values": [{"value": "\rsteps: :[                                        ]2%\t3650/300000\tmain of rewards = 9.033518\ttime remain = 0:00:16.785682\ttime cost = 0:00:16.581456", "step": null, "ts": 1643096024.0009449}]}, "version": 176}
{"obj": {"type": "LogFloats", "path": ["train", "reward"], "values": [{"value": 9.033517699787946, "step": null, "ts": 1643096024.001518}]}, "version": 177}
{"obj": {"type": "LogStrings", "path": ["monitoring", "stdout"], "values": [{"value": "\rsteps: :[                                        ]2%\t3700/300000\tmain of rewards = 9.137855\ttime remain = 0:00:17.079411\ttime cost = 0:00:16.868765", "step": null, "ts": 1643096024.2882593}]}, "version": 178}
{"obj": {"type": "LogFloats", "path": ["train", "reward"], "values": [{"value": 9.137854805212898, "step": null, "ts": 1643096024.2888172}]}, "version": 179}
{"obj": {"type": "LogStrings", "path": ["monitoring", "stdout"], "values": [{"value": "\rsteps: :[                                        ]2%\t3750/300000\tmain of rewards = 8.995149\ttime remain = 0:00:17.350780\ttime cost = 0:00:17.133895", "step": null, "ts": 1643096024.5533879}]}, "version": 180}
{"obj": {"type": "LogFloats", "path": ["train", "reward"], "values": [{"value": 8.995148733505346, "step": null, "ts": 1643096024.5540142}]}, "version": 181}
{"obj": {"type": "LogStrings", "path": ["monitoring", "stdout"], "values": [{"value": "\rsteps: :[                                        ]2%\t3800/300000\tmain of rewards = 9.162818\ttime remain = 0:00:17.647076\ttime cost = 0:00:17.423546", "step": null, "ts": 1643096024.8430414}]}, "version": 182}
{"obj": {"type": "LogFloats", "path": ["train", "reward"], "values": [{"value": 9.162818153499328, "step": null, "ts": 1643096024.8436222}]}, "version": 183}
{"obj": {"type": "LogFloats", "path": ["monitoring", "cpu"], "values": [{"value": 23.5, "step": null, "ts": 1643096024.9182482}]}, "version": 184}
{"obj": {"type": "LogFloats", "path": ["monitoring", "memory"], "values": [{"value": 24.20571517944336, "step": null, "ts": 1643096024.9182482}]}, "version": 185}
{"obj": {"type": "LogFloats", "path": ["monitoring", "gpu"], "values": [{"value": 24.0, "step": null, "ts": 1643096024.9182482}]}, "version": 186}
{"obj": {"type": "LogFloats", "path": ["monitoring", "gpu_memory"], "values": [{"value": 1.212890625, "step": null, "ts": 1643096024.9182482}]}, "version": 187}
{"obj": {"type": "LogStrings", "path": ["monitoring", "stdout"], "values": [{"value": "\rsteps: :[                                        ]2%\t3850/300000\tmain of rewards = 9.160557\ttime remain = 0:00:17.928877\ttime cost = 0:00:17.698790", "step": null, "ts": 1643096025.118319}]}, "version": 188}
{"obj": {"type": "LogFloats", "path": ["train", "reward"], "values": [{"value": 9.16055672574796, "step": null, "ts": 1643096025.1189206}]}, "version": 189}
{"obj": {"type": "LogStrings", "path": ["monitoring", "stdout"], "values": [{"value": "\rsteps: :[                                        ]2%\t3900/300000\tmain of rewards = 8.953879\ttime remain = 0:00:18.207902\ttime cost = 0:00:17.971199", "step": null, "ts": 1643096025.3906999}]}, "version": 190}
{"obj": {"type": "LogFloats", "path": ["train", "reward"], "values": [{"value": 8.953879308078248, "step": null, "ts": 1643096025.3912556}]}, "version": 191}
{"obj": {"type": "LogStrings", "path": ["monitoring", "stdout"], "values": [{"value": "\rsteps: :[                                        ]2%\t3950/300000\tmain of rewards = 9.145326\ttime remain = 0:00:18.487166\ttime cost = 0:00:18.243752", "step": null, "ts": 1643096025.6632504}]}, "version": 192}
{"obj": {"type": "LogFloats", "path": ["train", "reward"], "values": [{"value": 9.145325887712525, "step": null, "ts": 1643096025.663804}]}, "version": 193}
{"obj": {"type": "LogStrings", "path": ["monitoring", "stdout"], "values": [{"value": "\rsteps: :[                                        ]2%\t4000/300000\tmain of rewards = 9.128533\ttime remain = 0:00:18.765177\ttime cost = 0:00:18.514975", "step": null, "ts": 1643096025.9344869}]}, "version": 194}
{"obj": {"type": "LogFloats", "path": ["train", "reward"], "values": [{"value": 9.128533005516307, "step": null, "ts": 1643096025.9353702}]}, "version": 195}
{"obj": {"type": "LogStrings", "path": ["monitoring", "stdout"], "values": [{"value": "\rsteps: :[                                        ]2%\t4050/300000\tmain of rewards = 9.142713\ttime remain = 0:00:19.043485\ttime cost = 0:00:18.786398", "step": null, "ts": 1643096026.2058978}]}, "version": 196}
{"obj": {"type": "LogFloats", "path": ["train", "reward"], "values": [{"value": 9.142712741823608, "step": null, "ts": 1643096026.2065542}]}, "version": 197}
{"obj": {"type": "LogStrings", "path": ["monitoring", "stdout"], "values": [{"value": "\rsteps: :[                                        ]2%\t4100/300000\tmain of rewards = 8.896381\ttime remain = 0:00:19.313172\ttime cost = 0:00:19.049225", "step": null, "ts": 1643096026.4687152}]}, "version": 198}
{"obj": {"type": "LogFloats", "path": ["train", "reward"], "values": [{"value": 8.896381411644478, "step": null, "ts": 1643096026.469331}]}, "version": 199}
{"obj": {"type": "LogStrings", "path": ["monitoring", "stdout"], "values": [{"value": "\rsteps: :[                                        ]2%\t4150/300000\tmain of rewards = 9.139325\ttime remain = 0:00:19.577852\ttime cost = 0:00:19.307025", "step": null, "ts": 1643096026.726528}]}, "version": 200}
{"obj": {"type": "LogFloats", "path": ["train", "reward"], "values": [{"value": 9.13932544246527, "step": null, "ts": 1643096026.7270741}]}, "version": 201}
{"obj": {"type": "LogStrings", "path": ["monitoring", "stdout"], "values": [{"value": "\rsteps: :[                                        ]2%\t4200/300000\tmain of rewards = 9.128383\ttime remain = 0:00:19.852435\ttime cost = 0:00:19.574501", "step": null, "ts": 1643096026.9940143}]}, "version": 202}
{"obj": {"type": "LogFloats", "path": ["train", "reward"], "values": [{"value": 9.128382541883651, "step": null, "ts": 1643096026.994569}]}, "version": 203}
{"obj": {"type": "LogStrings", "path": ["monitoring", "stdout"], "values": [{"value": "\rsteps: :[                                        ]2%\t4250/300000\tmain of rewards = 9.008068\ttime remain = 0:00:20.137153\ttime cost = 0:00:19.851877", "step": null, "ts": 1643096027.2713747}]}, "version": 204}
{"obj": {"type": "LogFloats", "path": ["train", "reward"], "values": [{"value": 9.00806843206559, "step": null, "ts": 1643096027.2719312}]}, "version": 205}
{"obj": {"type": "LogStrings", "path": ["monitoring", "stdout"], "values": [{"value": "\rsteps: :[                                        ]2%\t4300/300000\tmain of rewards = 9.353590\ttime remain = 0:00:20.422895\ttime cost = 0:00:20.130167", "step": null, "ts": 1643096027.5496664}]}, "version": 206}
{"obj": {"type": "LogFloats", "path": ["train", "reward"], "values": [{"value": 9.353590363604146, "step": null, "ts": 1643096027.5502582}]}, "version": 207}
{"obj": {"type": "LogStrings", "path": ["monitoring", "stdout"], "values": [{"value": "\rsteps: :[                                        ]2%\t4350/300000\tmain of rewards = 9.302816\ttime remain = 0:00:20.713426\ttime cost = 0:00:20.413081", "step": null, "ts": 1643096027.8325827}]}, "version": 208}
{"obj": {"type": "LogFloats", "path": ["train", "reward"], "values": [{"value": 9.302816016997244, "step": null, "ts": 1643096027.8331487}]}, "version": 209}
{"obj": {"type": "LogStrings", "path": ["monitoring", "stdout"], "values": [{"value": "\rsteps: :[                                        ]2%\t4400/300000\tmain of rewards = 9.056108\ttime remain = 0:00:21.013961\ttime cost = 0:00:20.705756", "step": null, "ts": 1643096028.1252508}]}, "version": 210}
{"obj": {"type": "LogFloats", "path": ["train", "reward"], "values": [{"value": 9.056107829814081, "step": null, "ts": 1643096028.1258087}]}, "version": 211}
{"obj": {"type": "LogStrings", "path": ["monitoring", "stdout"], "values": [{"value": "\rsteps: :[                                        ]2%\t4450/300000\tmain of rewards = 9.149600\ttime remain = 0:00:21.295195\ttime cost = 0:00:20.979316", "step": null, "ts": 1643096028.398862}]}, "version": 212}
{"obj": {"type": "LogFloats", "path": ["train", "reward"], "values": [{"value": 9.149600193547238, "step": null, "ts": 1643096028.3995614}]}, "version": 213}
{"obj": {"type": "LogStrings", "path": ["monitoring", "stdout"], "values": [{"value": "\rsteps: :[                                        ]2%\t4500/300000\tmain of rewards = 9.135251\ttime remain = 0:00:21.602778\ttime cost = 0:00:21.278736", "step": null, "ts": 1643096028.6982565}]}, "version": 214}
{"obj": {"type": "LogFloats", "path": ["train", "reward"], "values": [{"value": 9.13525078265624, "step": null, "ts": 1643096028.6988668}]}, "version": 215}
{"obj": {"type": "LogStrings", "path": ["monitoring", "stdout"], "values": [{"value": "\rsteps: :[                                        ]2%\t4550/300000\tmain of rewards = 9.208707\ttime remain = 0:00:21.909603\ttime cost = 0:00:21.577307", "step": null, "ts": 1643096028.9968026}]}, "version": 216}
{"obj": {"type": "LogFloats", "path": ["train", "reward"], "values": [{"value": 9.208707046771213, "step": null, "ts": 1643096028.9974473}]}, "version": 217}
{"obj": {"type": "LogStrings", "path": ["monitoring", "stdout"], "values": [{"value": "\rsteps: :[                                        ]2%\t4600/300000\tmain of rewards = 8.996449\ttime remain = 0:00:22.192879\ttime cost = 0:00:21.852588", "step": null, "ts": 1643096029.272079}]}, "version": 218}
{"obj": {"type": "LogFloats", "path": ["train", "reward"], "values": [{"value": 8.996448748842143, "step": null, "ts": 1643096029.272707}]}, "version": 219}
{"obj": {"type": "LogStrings", "path": ["monitoring", "stdout"], "values": [{"value": "\rsteps: :[                                        ]2%\t4650/300000\tmain of rewards = 9.088911\ttime remain = 0:00:22.484092\ttime cost = 0:00:22.135589", "step": null, "ts": 1643096029.5550833}]}, "version": 220}
{"obj": {"type": "LogFloats", "path": ["train", "reward"], "values": [{"value": 9.088910949555352, "step": null, "ts": 1643096029.5556433}]}, "version": 221}
{"obj": {"type": "LogStrings", "path": ["monitoring", "stdout"], "values": [{"value": "\rsteps: :[                                        ]2%\t4700/300000\tmain of rewards = 9.310484\ttime remain = 0:00:22.774169\ttime cost = 0:00:22.417374", "step": null, "ts": 1643096029.8368757}]}, "version": 222}
{"obj": {"type": "LogFloats", "path": ["train", "reward"], "values": [{"value": 9.310484334235323, "step": null, "ts": 1643096029.8374279}]}, "version": 223}
{"obj": {"type": "LogStrings", "path": ["monitoring", "stdout"], "values": [{"value": "\rsteps: :[                                        ]2%\t4750/300000\tmain of rewards = 9.158288\ttime remain = 0:00:23.063078\ttime cost = 0:00:22.697913", "step": null, "ts": 1643096030.117406}]}, "version": 224}
{"obj": {"type": "LogFloats", "path": ["train", "reward"], "values": [{"value": 9.158287893611076, "step": null, "ts": 1643096030.118033}]}, "version": 225}
{"obj": {"type": "LogStrings", "path": ["monitoring", "stdout"], "values": [{"value": "\rsteps: :[                                        ]2%\t4800/300000\tmain of rewards = 9.152327\ttime remain = 0:00:23.352836\ttime cost = 0:00:22.979191", "step": null, "ts": 1643096030.3986912}]}, "version": 226}
{"obj": {"type": "LogFloats", "path": ["train", "reward"], "values": [{"value": 9.152327341278523, "step": null, "ts": 1643096030.3992693}]}, "version": 227}
{"obj": {"type": "LogStrings", "path": ["monitoring", "stdout"], "values": [{"value": "\rsteps: :[                                        ]2%\t4850/300000\tmain of rewards = 9.340312\ttime remain = 0:00:23.633625\ttime cost = 0:00:23.251548", "step": null, "ts": 1643096030.6710393}]}, "version": 228}
{"obj": {"type": "LogFloats", "path": ["train", "reward"], "values": [{"value": 9.34031183357354, "step": null, "ts": 1643096030.6716533}]}, "version": 229}
{"obj": {"type": "LogStrings", "path": ["monitoring", "stdout"], "values": [{"value": "\rsteps: :[                                        ]2%\t4900/300000\tmain of rewards = 9.330595\ttime remain = 0:00:23.905504\ttime cost = 0:00:23.515047", "step": null, "ts": 1643096030.9345405}]}, "version": 230}
{"obj": {"type": "LogFloats", "path": ["train", "reward"], "values": [{"value": 9.330594845464871, "step": null, "ts": 1643096030.9351895}]}, "version": 231}
{"obj": {"type": "LogStrings", "path": ["monitoring", "stdout"], "values": [{"value": "\rsteps: :[                                        ]2%\t4950/300000\tmain of rewards = 9.326644\ttime remain = 0:00:24.180634\ttime cost = 0:00:23.781654", "step": null, "ts": 1643096031.201145}]}, "version": 232}
{"obj": {"type": "LogFloats", "path": ["train", "reward"], "values": [{"value": 9.326643558718073, "step": null, "ts": 1643096031.2017863}]}, "version": 233}
{"obj": {"type": "LogStrings", "path": ["monitoring", "stdout"], "values": [{"value": "\rsteps: :[                                        ]2%\t5000/300000\tmain of rewards = 9.057261\ttime remain = 0:00:24.470111\ttime cost = 0:00:24.062276", "step": null, "ts": 1643096031.4817667}]}, "version": 234}
{"obj": {"type": "LogFloats", "path": ["train", "reward"], "values": [{"value": 9.057261119474704, "step": null, "ts": 1643096031.4824665}]}, "version": 235}
{"obj": {"type": "LogStrings", "path": ["monitoring", "stdout"], "values": [{"value": "\rsteps: :[                                        ]2%\t5050/300000\tmain of rewards = 9.211967\ttime remain = 0:00:24.767593\ttime cost = 0:00:24.350672", "step": null, "ts": 1643096031.7701647}]}, "version": 236}
{"obj": {"type": "LogFloats", "path": ["train", "reward"], "values": [{"value": 9.211967128520039, "step": null, "ts": 1643096031.770711}]}, "version": 237}
{"obj": {"type": "LogStrings", "path": ["monitoring", "stdout"], "values": [{"value": "\rsteps: :[                                        ]2%\t5100/300000\tmain of rewards = 9.350238\ttime remain = 0:00:25.067837\ttime cost = 0:00:24.641684", "step": null, "ts": 1643096032.0611815}]}, "version": 238}
{"obj": {"type": "LogFloats", "path": ["train", "reward"], "values": [{"value": 9.350238314168925, "step": null, "ts": 1643096032.0618556}]}, "version": 239}
{"obj": {"type": "LogStrings", "path": ["monitoring", "stdout"], "values": [{"value": "\rsteps: :[                                        ]2%\t5150/300000\tmain of rewards = 9.344957\ttime remain = 0:00:25.374287\ttime cost = 0:00:24.938695", "step": null, "ts": 1643096032.3581898}]}, "version": 240}
{"obj": {"type": "LogFloats", "path": ["train", "reward"], "values": [{"value": 9.344956718321882, "step": null, "ts": 1643096032.3588254}]}, "version": 241}
{"obj": {"type": "LogStrings", "path": ["monitoring", "stdout"], "values": [{"value": "\rsteps: :[                                        ]2%\t5200/300000\tmain of rewards = 9.181794\ttime remain = 0:00:25.657678\ttime cost = 0:00:25.212945", "step": null, "ts": 1643096032.6324384}]}, "version": 242}
{"obj": {"type": "LogFloats", "path": ["train", "reward"], "values": [{"value": 9.181793835847351, "step": null, "ts": 1643096032.6330447}]}, "version": 243}
{"obj": {"type": "LogStrings", "path": ["monitoring", "stdout"], "values": [{"value": "\rsteps: :[                                        ]2%\t5250/300000\tmain of rewards = 9.330864\ttime remain = 0:00:25.948783\ttime cost = 0:00:25.494679", "step": null, "ts": 1643096032.9141722}]}, "version": 244}
{"obj": {"type": "LogFloats", "path": ["train", "reward"], "values": [{"value": 9.330864080069055, "step": null, "ts": 1643096032.91484}]}, "version": 245}
{"obj": {"type": "LogStrings", "path": ["monitoring", "stdout"], "values": [{"value": "\rsteps: :[                                        ]2%\t5300/300000\tmain of rewards = 9.358041\ttime remain = 0:00:26.226418\ttime cost = 0:00:25.763085", "step": null, "ts": 1643096033.182615}]}, "version": 246}
{"obj": {"type": "LogFloats", "path": ["train", "reward"], "values": [{"value": 9.358041249442204, "step": null, "ts": 1643096033.183176}]}, "version": 247}
{"obj": {"type": "LogStrings", "path": ["monitoring", "stdout"], "values": [{"value": "\rsteps: :[                                        ]2%\t5350/300000\tmain of rewards = 9.339954\ttime remain = 0:00:26.503336\ttime cost = 0:00:26.030693", "step": null, "ts": 1643096033.4501836}]}, "version": 248}
{"obj": {"type": "LogFloats", "path": ["train", "reward"], "values": [{"value": 9.339954414837491, "step": null, "ts": 1643096033.450891}]}, "version": 249}
{"obj": {"type": "LogStrings", "path": ["monitoring", "stdout"], "values": [{"value": "\rsteps: :[                                        ]2%\t5400/300000\tmain of rewards = 9.314693\ttime remain = 0:00:26.794286\ttime cost = 0:00:26.311989", "step": null, "ts": 1643096033.731481}]}, "version": 250}
{"obj": {"type": "LogFloats", "path": ["train", "reward"], "values": [{"value": 9.314692713415472, "step": null, "ts": 1643096033.7320414}]}, "version": 251}
{"obj": {"type": "LogStrings", "path": ["monitoring", "stdout"], "values": [{"value": "\rsteps: :[                                        ]2%\t5450/300000\tmain of rewards = 9.349696\ttime remain = 0:00:27.070735\ttime cost = 0:00:26.578950", "step": null, "ts": 1643096033.998442}]}, "version": 252}
{"obj": {"type": "LogFloats", "path": ["train", "reward"], "values": [{"value": 9.349696440966415, "step": null, "ts": 1643096033.9990723}]}, "version": 253}
{"obj": {"type": "LogStrings", "path": ["monitoring", "stdout"], "values": [{"value": "\rsteps: :[                                        ]2%\t5500/300000\tmain of rewards = 9.350530\ttime remain = 0:00:27.360069\ttime cost = 0:00:26.858468", "step": null, "ts": 1643096034.2780116}]}, "version": 254}
{"obj": {"type": "LogFloats", "path": ["train", "reward"], "values": [{"value": 9.35052983618426, "step": null, "ts": 1643096034.2787023}]}, "version": 255}
{"obj": {"type": "LogStrings", "path": ["monitoring", "stdout"], "values": [{"value": "\rsteps: :[                                        ]2%\t5550/300000\tmain of rewards = 9.331002\ttime remain = 0:00:27.651797\ttime cost = 0:00:27.140239", "step": null, "ts": 1643096034.559733}]}, "version": 256}
{"obj": {"type": "LogFloats", "path": ["train", "reward"], "values": [{"value": 9.331001603023433, "step": null, "ts": 1643096034.560353}]}, "version": 257}
{"obj": {"type": "LogStrings", "path": ["monitoring", "stdout"], "values": [{"value": "\rsteps: :[                                        ]2%\t5600/300000\tmain of rewards = 9.289959\ttime remain = 0:00:27.939366\ttime cost = 0:00:27.417831", "step": null, "ts": 1643096034.8373232}]}, "version": 258}
{"obj": {"type": "LogFloats", "path": ["train", "reward"], "values": [{"value": 9.289959414751609, "step": null, "ts": 1643096034.837912}]}, "version": 259}
{"obj": {"type": "LogFloats", "path": ["monitoring", "cpu"], "values": [{"value": 15.1, "step": null, "ts": 1643096034.9197056}]}, "version": 260}
{"obj": {"type": "LogFloats", "path": ["monitoring", "memory"], "values": [{"value": 24.008071899414062, "step": null, "ts": 1643096034.9197056}]}, "version": 261}
{"obj": {"type": "LogFloats", "path": ["monitoring", "gpu"], "values": [{"value": 20.0, "step": null, "ts": 1643096034.9197056}]}, "version": 262}
{"obj": {"type": "LogFloats", "path": ["monitoring", "gpu_memory"], "values": [{"value": 1.216796875, "step": null, "ts": 1643096034.9197056}]}, "version": 263}
{"obj": {"type": "LogStrings", "path": ["monitoring", "stdout"], "values": [{"value": "\rsteps: :[                                        ]2%\t5650/300000\tmain of rewards = 9.335125\ttime remain = 0:00:28.224642\ttime cost = 0:00:27.693078", "step": null, "ts": 1643096035.1125705}]}, "version": 264}
{"obj": {"type": "LogFloats", "path": ["train", "reward"], "values": [{"value": 9.335124551794983, "step": null, "ts": 1643096035.113111}]}, "version": 265}
{"obj": {"type": "LogStrings", "path": ["monitoring", "stdout"], "values": [{"value": "\rsteps: :[                                        ]2%\t5700/300000\tmain of rewards = 9.342842\ttime remain = 0:00:28.528309\ttime cost = 0:00:27.986271", "step": null, "ts": 1643096035.405772}]}, "version": 266}
{"obj": {"type": "LogFloats", "path": ["train", "reward"], "values": [{"value": 9.34284220817058, "step": null, "ts": 1643096035.4064412}]}, "version": 267}
{"obj": {"type": "LogStrings", "path": ["monitoring", "stdout"], "values": [{"value": "\rsteps: :[                                        ]2%\t5750/300000\tmain of rewards = 9.324884\ttime remain = 0:00:28.828776\ttime cost = 0:00:28.276224", "step": null, "ts": 1643096035.6957142}]}, "version": 268}
{"obj": {"type": "LogFloats", "path": ["train", "reward"], "values": [{"value": 9.32488354986146, "step": null, "ts": 1643096035.696437}]}, "version": 269}
{"obj": {"type": "LogStrings", "path": ["monitoring", "stdout"], "values": [{"value": "\rsteps: :[                                        ]2%\t5800/300000\tmain of rewards = 9.227804\ttime remain = 0:00:29.130837\ttime cost = 0:00:28.567641", "step": null, "ts": 1643096035.9871318}]}, "version": 270}
{"obj": {"type": "LogFloats", "path": ["train", "reward"], "values": [{"value": 9.227804092495463, "step": null, "ts": 1643096035.987743}]}, "version": 271}
{"obj": {"type": "LogStrings", "path": ["monitoring", "stdout"], "values": [{"value": "\rsteps: :[                                        ]2%\t5850/300000\tmain of rewards = 9.252819\ttime remain = 0:00:29.419849\ttime cost = 0:00:28.846162", "step": null, "ts": 1643096036.2656565}]}, "version": 272}
{"obj": {"type": "LogFloats", "path": ["train", "reward"], "values": [{"value": 9.252819378062009, "step": null, "ts": 1643096036.2663}]}, "version": 273}
{"obj": {"type": "LogStrings", "path": ["monitoring", "stdout"], "values": [{"value": "\rsteps: :[                                        ]2%\t5900/300000\tmain of rewards = 9.220188\ttime remain = 0:00:29.713437\ttime cost = 0:00:29.129073", "step": null, "ts": 1643096036.5485694}]}, "version": 274}
{"obj": {"type": "LogFloats", "path": ["train", "reward"], "values": [{"value": 9.220187820267226, "step": null, "ts": 1643096036.5491188}]}, "version": 275}
{"obj": {"type": "LogStrings", "path": ["monitoring", "stdout"], "values": [{"value": "\rsteps: :[                                        ]2%\t5950/300000\tmain of rewards = 9.279592\ttime remain = 0:00:29.988152\ttime cost = 0:00:29.393387", "step": null, "ts": 1643096036.812877}]}, "version": 276}
{"obj": {"type": "LogFloats", "path": ["train", "reward"], "values": [{"value": 9.279591803084443, "step": null, "ts": 1643096036.8134909}]}, "version": 277}
{"obj": {"type": "LogFloats", "path": ["test", "reward"], "values": [{"value": 9.12603262947417, "step": null, "ts": 1643096037.0874536}]}, "version": 278}
{"obj": {"type": "LogFloats", "path": ["test", "reward"], "values": [{"value": 9.130886954512675, "step": null, "ts": 1643096037.0907466}]}, "version": 279}
{"obj": {"type": "LogFloats", "path": ["test", "reward"], "values": [{"value": 9.184446767695439, "step": null, "ts": 1643096037.0940216}]}, "version": 280}
{"obj": {"type": "LogFloats", "path": ["test", "reward"], "values": [{"value": 9.178935473151537, "step": null, "ts": 1643096037.0977042}]}, "version": 281}
{"obj": {"type": "LogFloats", "path": ["test", "reward"], "values": [{"value": 9.24354857864558, "step": null, "ts": 1643096037.1034374}]}, "version": 282}
{"obj": {"type": "LogFloats", "path": ["test", "reward"], "values": [{"value": 9.094935394968417, "step": null, "ts": 1643096037.1063073}]}, "version": 283}
{"obj": {"type": "LogFloats", "path": ["test", "reward"], "values": [{"value": 9.19000485316875, "step": null, "ts": 1643096037.1105564}]}, "version": 284}
{"obj": {"type": "LogFloats", "path": ["test", "reward"], "values": [{"value": 9.18863054390817, "step": null, "ts": 1643096037.116168}]}, "version": 285}
{"obj": {"type": "LogFloats", "path": ["test", "reward"], "values": [{"value": 9.138019770597298, "step": null, "ts": 1643096037.1199946}]}, "version": 286}
{"obj": {"type": "LogFloats", "path": ["test", "reward"], "values": [{"value": 9.249780366992468, "step": null, "ts": 1643096037.126188}]}, "version": 287}
{"obj": {"type": "LogStrings", "path": ["monitoring", "stdout"], "values": [{"value": "\rsteps: :[                                        ]2%\t6000/300000\tmain of rewards = 9.309543\ttime remain = 0:00:30.313834\ttime cost = 0:00:29.707557", "step": null, "ts": 1643096037.1270263}]}, "version": 288}
{"obj": {"type": "LogFloats", "path": ["train", "reward"], "values": [{"value": 9.309542818103704, "step": null, "ts": 1643096037.1274385}]}, "version": 289}
{"obj": {"type": "LogStrings", "path": ["monitoring", "stdout"], "values": [{"value": "\rsteps: :[                                        ]3%\t6050/300000\tmain of rewards = 9.339110\ttime remain = 0:00:30.597352\ttime cost = 0:00:29.980305", "step": null, "ts": 1643096037.399797}]}, "version": 290}
{"obj": {"type": "LogFloats", "path": ["train", "reward"], "values": [{"value": 9.339109500708613, "step": null, "ts": 1643096037.4003563}]}, "version": 291}
{"obj": {"type": "LogStrings", "path": ["monitoring", "stdout"], "values": [{"value": "\rsteps: :[                                        ]3%\t6100/300000\tmain of rewards = 9.237634\ttime remain = 0:00:30.876842\ttime cost = 0:00:30.249013", "step": null, "ts": 1643096037.6685035}]}, "version": 292}
{"obj": {"type": "LogFloats", "path": ["train", "reward"], "values": [{"value": 9.237633751102212, "step": null, "ts": 1643096037.6691675}]}, "version": 293}
{"obj": {"type": "LogStrings", "path": ["monitoring", "stdout"], "values": [{"value": "\rsteps: :[                                        ]3%\t6150/300000\tmain of rewards = 9.329821\ttime remain = 0:00:31.154898\ttime cost = 0:00:30.516223", "step": null, "ts": 1643096037.9357173}]}, "version": 294}
{"obj": {"type": "LogFloats", "path": ["train", "reward"], "values": [{"value": 9.329820660337834, "step": null, "ts": 1643096037.9364073}]}, "version": 295}
{"obj": {"type": "LogStrings", "path": ["monitoring", "stdout"], "values": [{"value": "\rsteps: :[                                        ]3%\t6200/300000\tmain of rewards = 9.345195\ttime remain = 0:00:31.437468\ttime cost = 0:00:30.787760", "step": null, "ts": 1643096038.2072544}]}, "version": 296}
{"obj": {"type": "LogFloats", "path": ["train", "reward"], "values": [{"value": 9.345194594978437, "step": null, "ts": 1643096038.2078671}]}, "version": 297}
{"obj": {"type": "LogStrings", "path": ["monitoring", "stdout"], "values": [{"value": "\rsteps: :[                                        ]3%\t6250/300000\tmain of rewards = 9.183187\ttime remain = 0:00:31.716841\ttime cost = 0:00:31.056073", "step": null, "ts": 1643096038.4755647}]}, "version": 298}
{"obj": {"type": "LogFloats", "path": ["train", "reward"], "values": [{"value": 9.183187296053315, "step": null, "ts": 1643096038.4761677}]}, "version": 299}
{"obj": {"type": "LogStrings", "path": ["monitoring", "stdout"], "values": [{"value": "\rsteps: :[                                        ]3%\t6300/300000\tmain of rewards = 9.211037\ttime remain = 0:00:31.999433\ttime cost = 0:00:31.327445", "step": null, "ts": 1643096038.746939}]}, "version": 300}
{"obj": {"type": "LogFloats", "path": ["train", "reward"], "values": [{"value": 9.21103653432976, "step": null, "ts": 1643096038.7475548}]}, "version": 301}
{"obj": {"type": "LogStrings", "path": ["monitoring", "stdout"], "values": [{"value": "\rsteps: :[                                        ]3%\t6350/300000\tmain of rewards = 9.125158\ttime remain = 0:00:32.284197\ttime cost = 0:00:31.600848", "step": null, "ts": 1643096039.020342}]}, "version": 302}
{"obj": {"type": "LogFloats", "path": ["train", "reward"], "values": [{"value": 9.12515774671714, "step": null, "ts": 1643096039.0209193}]}, "version": 303}
{"obj": {"type": "LogStrings", "path": ["monitoring", "stdout"], "values": [{"value": "\rsteps: :[                                        ]3%\t6400/300000\tmain of rewards = 9.284044\ttime remain = 0:00:32.565138\ttime cost = 0:00:31.870415", "step": null, "ts": 1643096039.2899144}]}, "version": 304}
{"obj": {"type": "LogFloats", "path": ["train", "reward"], "values": [{"value": 9.284044399869838, "step": null, "ts": 1643096039.290475}]}, "version": 305}
{"obj": {"type": "LogStrings", "path": ["monitoring", "stdout"], "values": [{"value": "\rsteps: :[                                        ]3%\t6450/300000\tmain of rewards = 9.346884\ttime remain = 0:00:32.855250\ttime cost = 0:00:32.148862", "step": null, "ts": 1643096039.5683658}]}, "version": 306}
{"obj": {"type": "LogFloats", "path": ["train", "reward"], "values": [{"value": 9.346883806400445, "step": null, "ts": 1643096039.5689874}]}, "version": 307}
{"obj": {"type": "LogStrings", "path": ["monitoring", "stdout"], "values": [{"value": "\rsteps: :[                                        ]3%\t6500/300000\tmain of rewards = 9.285083\ttime remain = 0:00:33.147536\ttime cost = 0:00:32.429339", "step": null, "ts": 1643096039.8488352}]}, "version": 308}
{"obj": {"type": "LogFloats", "path": ["train", "reward"], "values": [{"value": 9.285082501344876, "step": null, "ts": 1643096039.849476}]}, "version": 309}
{"obj": {"type": "LogStrings", "path": ["monitoring", "stdout"], "values": [{"value": "\rsteps: :[                                        ]3%\t6550/300000\tmain of rewards = 9.192947\ttime remain = 0:00:33.444846\ttime cost = 0:00:32.714634", "step": null, "ts": 1643096040.134131}]}, "version": 310}
{"obj": {"type": "LogFloats", "path": ["train", "reward"], "values": [{"value": 9.19294700293612, "step": null, "ts": 1643096040.13469}]}, "version": 311}
{"obj": {"type": "LogStrings", "path": ["monitoring", "stdout"], "values": [{"value": "\rsteps: :[                                        ]3%\t6600/300000\tmain of rewards = 9.336557\ttime remain = 0:00:33.750328\ttime cost = 0:00:33.007821", "step": null, "ts": 1643096040.427317}]}, "version": 312}
{"obj": {"type": "LogFloats", "path": ["train", "reward"], "values": [{"value": 9.336556968777332, "step": null, "ts": 1643096040.4279604}]}, "version": 313}
{"obj": {"type": "LogStrings", "path": ["monitoring", "stdout"], "values": [{"value": "\rsteps: :[                                        ]3%\t6650/300000\tmain of rewards = 9.280302\ttime remain = 0:00:34.051624\ttime cost = 0:00:33.296813", "step": null, "ts": 1643096040.7163086}]}, "version": 314}
{"obj": {"type": "LogFloats", "path": ["train", "reward"], "values": [{"value": 9.280302002103477, "step": null, "ts": 1643096040.7169569}]}, "version": 315}
{"obj": {"type": "LogStrings", "path": ["monitoring", "stdout"], "values": [{"value": "\rsteps: :[                                        ]3%\t6700/300000\tmain of rewards = 9.224608\ttime remain = 0:00:34.343856\ttime cost = 0:00:33.576843", "step": null, "ts": 1643096040.9963372}]}, "version": 316}
{"obj": {"type": "LogFloats", "path": ["train", "reward"], "values": [{"value": 9.224608322618245, "step": null, "ts": 1643096040.9969146}]}, "version": 317}
{"obj": {"type": "LogStrings", "path": ["monitoring", "stdout"], "values": [{"value": "\rsteps: :[                                        ]3%\t6750/300000\tmain of rewards = 9.161008\ttime remain = 0:00:34.623903\ttime cost = 0:00:33.844865", "step": null, "ts": 1643096041.2643552}]}, "version": 318}
{"obj": {"type": "LogFloats", "path": ["train", "reward"], "values": [{"value": 9.161007907486363, "step": null, "ts": 1643096041.2650034}]}, "version": 319}
{"obj": {"type": "LogStrings", "path": ["monitoring", "stdout"], "values": [{"value": "\rsteps: :[                                        ]3%\t6800/300000\tmain of rewards = 9.277218\ttime remain = 0:00:34.899297\ttime cost = 0:00:34.108246", "step": null, "ts": 1643096041.5277364}]}, "version": 320}
{"obj": {"type": "LogFloats", "path": ["train", "reward"], "values": [{"value": 9.277218430777761, "step": null, "ts": 1643096041.528297}]}, "version": 321}
{"obj": {"type": "LogStrings", "path": ["monitoring", "stdout"], "values": [{"value": "\rsteps: :[                                        ]3%\t6850/300000\tmain of rewards = 9.117916\ttime remain = 0:00:35.189150\ttime cost = 0:00:34.385664", "step": null, "ts": 1643096041.8051567}]}, "version": 322}
{"obj": {"type": "LogFloats", "path": ["train", "reward"], "values": [{"value": 9.117916466658267, "step": null, "ts": 1643096041.8057177}]}, "version": 323}
{"obj": {"type": "LogStrings", "path": ["monitoring", "stdout"], "values": [{"value": "\rsteps: :[                                        ]3%\t6900/300000\tmain of rewards = 9.146915\ttime remain = 0:00:35.473670\ttime cost = 0:00:34.657776", "step": null, "ts": 1643096042.0772688}]}, "version": 324}
{"obj": {"type": "LogFloats", "path": ["train", "reward"], "values": [{"value": 9.146915361434388, "step": null, "ts": 1643096042.0777812}]}, "version": 325}
{"obj": {"type": "LogStrings", "path": ["monitoring", "stdout"], "values": [{"value": "\rsteps: :[                                        ]3%\t6950/300000\tmain of rewards = 9.323910\ttime remain = 0:00:35.767038\ttime cost = 0:00:34.938435", "step": null, "ts": 1643096042.357932}]}, "version": 326}
{"obj": {"type": "LogFloats", "path": ["train", "reward"], "values": [{"value": 9.323910467832787, "step": null, "ts": 1643096042.3585775}]}, "version": 327}
{"obj": {"type": "LogStrings", "path": ["monitoring", "stdout"], "values": [{"value": "\rsteps: :[                                        ]3%\t7000/300000\tmain of rewards = 9.286262\ttime remain = 0:00:36.054298\ttime cost = 0:00:35.213031", "step": null, "ts": 1643096042.6325233}]}, "version": 328}
{"obj": {"type": "LogFloats", "path": ["train", "reward"], "values": [{"value": 9.28626202278779, "step": null, "ts": 1643096042.6331444}]}, "version": 329}
{"obj": {"type": "LogStrings", "path": ["monitoring", "stdout"], "values": [{"value": "\rsteps: :[                                        ]3%\t7050/300000\tmain of rewards = 9.344386\ttime remain = 0:00:36.342735\ttime cost = 0:00:35.488681", "step": null, "ts": 1643096042.9081714}]}, "version": 330}
{"obj": {"type": "LogFloats", "path": ["train", "reward"], "values": [{"value": 9.344386274559636, "step": null, "ts": 1643096042.9088194}]}, "version": 331}
{"obj": {"type": "LogStrings", "path": ["monitoring", "stdout"], "values": [{"value": "\rsteps: :[                                        ]3%\t7100/300000\tmain of rewards = 9.287195\ttime remain = 0:00:36.624404\ttime cost = 0:00:35.757626", "step": null, "ts": 1643096043.1771169}]}, "version": 332}
{"obj": {"type": "LogFloats", "path": ["train", "reward"], "values": [{"value": 9.287195167703826, "step": null, "ts": 1643096043.1776679}]}, "version": 333}
{"obj": {"type": "LogStrings", "path": ["monitoring", "stdout"], "values": [{"value": "\rsteps: :[                                        ]3%\t7150/300000\tmain of rewards = 9.339515\ttime remain = 0:00:36.903808\ttime cost = 0:00:36.024267", "step": null, "ts": 1643096043.443758}]}, "version": 334}
{"obj": {"type": "LogFloats", "path": ["train", "reward"], "values": [{"value": 9.33951478164502, "step": null, "ts": 1643096043.4443965}]}, "version": 335}
{"obj": {"type": "LogStrings", "path": ["monitoring", "stdout"], "values": [{"value": "\rsteps: :[                                        ]3%\t7200/300000\tmain of rewards = 9.328375\ttime remain = 0:00:37.199042\ttime cost = 0:00:36.306265", "step": null, "ts": 1643096043.7257593}]}, "version": 336}
{"obj": {"type": "LogFloats", "path": ["train", "reward"], "values": [{"value": 9.328375099807806, "step": null, "ts": 1643096043.7263737}]}, "version": 337}
{"obj": {"type": "LogStrings", "path": ["monitoring", "stdout"], "values": [{"value": "\rsteps: :[                                        ]3%\t7250/300000\tmain of rewards = 9.233026\ttime remain = 0:00:37.489059\ttime cost = 0:00:36.583073", "step": null, "ts": 1643096044.0025654}]}, "version": 338}
{"obj": {"type": "LogFloats", "path": ["train", "reward"], "values": [{"value": 9.23302642447026, "step": null, "ts": 1643096044.0031307}]}, "version": 339}
{"obj": {"type": "LogStrings", "path": ["monitoring", "stdout"], "values": [{"value": "\rsteps: :[                                        ]3%\t7300/300000\tmain of rewards = 9.223830\ttime remain = 0:00:37.781196\ttime cost = 0:00:36.861854", "step": null, "ts": 1643096044.281346}]}, "version": 340}
{"obj": {"type": "LogFloats", "path": ["train", "reward"], "values": [{"value": 9.223830450893526, "step": null, "ts": 1643096044.2819438}]}, "version": 341}
{"obj": {"type": "LogStrings", "path": ["monitoring", "stdout"], "values": [{"value": "\rsteps: :[                                        ]3%\t7350/300000\tmain of rewards = 9.298121\ttime remain = 0:00:38.065103\ttime cost = 0:00:37.132508", "step": null, "ts": 1643096044.5519967}]}, "version": 342}
{"obj": {"type": "LogFloats", "path": ["train", "reward"], "values": [{"value": 9.298121101584826, "step": null, "ts": 1643096044.5525498}]}, "version": 343}
{"obj": {"type": "LogStrings", "path": ["monitoring", "stdout"], "values": [{"value": "\rsteps: :[                                        ]3%\t7400/300000\tmain of rewards = 9.353469\ttime remain = 0:00:38.380257\ttime cost = 0:00:37.433544", "step": null, "ts": 1643096044.8530374}]}, "version": 344}
{"obj": {"type": "LogFloats", "path": ["train", "reward"], "values": [{"value": 9.35346885980681, "step": null, "ts": 1643096044.8536768}]}, "version": 345}
{"obj": {"type": "LogFloats", "path": ["monitoring", "cpu"], "values": [{"value": 13.3, "step": null, "ts": 1643096044.9208894}]}, "version": 346}
{"obj": {"type": "LogFloats", "path": ["monitoring", "memory"], "values": [{"value": 24.033897399902344, "step": null, "ts": 1643096044.9208894}]}, "version": 347}
{"obj": {"type": "LogFloats", "path": ["monitoring", "gpu"], "values": [{"value": 19.0, "step": null, "ts": 1643096044.9208894}]}, "version": 348}
{"obj": {"type": "LogFloats", "path": ["monitoring", "gpu_memory"], "values": [{"value": 1.220703125, "step": null, "ts": 1643096044.9208894}]}, "version": 349}
{"obj": {"type": "LogStrings", "path": ["monitoring", "stdout"], "values": [{"value": "\rsteps: :[                                        ]3%\t7450/300000\tmain of rewards = 9.311097\ttime remain = 0:00:38.697803\ttime cost = 0:00:37.736808", "step": null, "ts": 1643096045.1563065}]}, "version": 350}
{"obj": {"type": "LogFloats", "path": ["train", "reward"], "values": [{"value": 9.31109653888571, "step": null, "ts": 1643096045.1568944}]}, "version": 351}
{"obj": {"type": "LogStrings", "path": ["monitoring", "stdout"], "values": [{"value": "\rsteps: :[=                                       ]3%\t7500/300000\tmain of rewards = 9.194393\ttime remain = 0:00:38.986376\ttime cost = 0:00:38.011717", "step": null, "ts": 1643096045.4312122}]}, "version": 352}
{"obj": {"type": "LogFloats", "path": ["train", "reward"], "values": [{"value": 9.194393048588763, "step": null, "ts": 1643096045.431763}]}, "version": 353}
{"obj": {"type": "LogStrings", "path": ["monitoring", "stdout"], "values": [{"value": "\rsteps: :[=                                       ]3%\t7550/300000\tmain of rewards = 9.297630\ttime remain = 0:00:39.279281\ttime cost = 0:00:38.290752", "step": null, "ts": 1643096045.7102427}]}, "version": 354}
{"obj": {"type": "LogFloats", "path": ["train", "reward"], "values": [{"value": 9.297629587656806, "step": null, "ts": 1643096045.7108078}]}, "version": 355}
{"obj": {"type": "LogStrings", "path": ["monitoring", "stdout"], "values": [{"value": "\rsteps: :[=                                       ]3%\t7600/300000\tmain of rewards = 9.282690\ttime remain = 0:00:39.574694\ttime cost = 0:00:38.572135", "step": null, "ts": 1643096045.9916294}]}, "version": 356}
{"obj": {"type": "LogFloats", "path": ["train", "reward"], "values": [{"value": 9.282689661631965, "step": null, "ts": 1643096045.9923134}]}, "version": 357}
{"obj": {"type": "LogStrings", "path": ["monitoring", "stdout"], "values": [{"value": "\rsteps: :[=                                       ]3%\t7650/300000\tmain of rewards = 9.088534\ttime remain = 0:00:39.866204\ttime cost = 0:00:38.849616", "step": null, "ts": 1643096046.2691116}]}, "version": 358}
{"obj": {"type": "LogFloats", "path": ["train", "reward"], "values": [{"value": 9.08853435312309, "step": null, "ts": 1643096046.2696822}]}, "version": 359}
{"obj": {"type": "LogStrings", "path": ["monitoring", "stdout"], "values": [{"value": "\rsteps: :[=                                       ]3%\t7700/300000\tmain of rewards = 9.358159\ttime remain = 0:00:40.149976\ttime cost = 0:00:39.119460", "step": null, "ts": 1643096046.5389614}]}, "version": 360}
{"obj": {"type": "LogFloats", "path": ["train", "reward"], "values": [{"value": 9.358159466947608, "step": null, "ts": 1643096046.5395248}]}, "version": 361}
{"obj": {"type": "LogStrings", "path": ["monitoring", "stdout"], "values": [{"value": "\rsteps: :[=                                       ]3%\t7750/300000\tmain of rewards = 9.204981\ttime remain = 0:00:40.445170\ttime cost = 0:00:39.400336", "step": null, "ts": 1643096046.8198268}]}, "version": 362}
{"obj": {"type": "LogFloats", "path": ["train", "reward"], "values": [{"value": 9.204980774454043, "step": null, "ts": 1643096046.8204749}]}, "version": 363}
{"obj": {"type": "LogStrings", "path": ["monitoring", "stdout"], "values": [{"value": "\rsteps: :[=                                       ]3%\t7800/300000\tmain of rewards = 9.243626\ttime remain = 0:00:40.741305\ttime cost = 0:00:39.682031", "step": null, "ts": 1643096047.1015286}]}, "version": 364}
{"obj": {"type": "LogFloats", "path": ["train", "reward"], "values": [{"value": 9.243626147845092, "step": null, "ts": 1643096047.102129}]}, "version": 365}
{"obj": {"type": "LogStrings", "path": ["monitoring", "stdout"], "values": [{"value": "\rsteps: :[=                                       ]3%\t7850/300000\tmain of rewards = 9.341426\ttime remain = 0:00:41.051755\ttime cost = 0:00:39.977567", "step": null, "ts": 1643096047.3970616}]}, "version": 366}
{"obj": {"type": "LogFloats", "path": ["train", "reward"], "values": [{"value": 9.341426437766838, "step": null, "ts": 1643096047.3975883}]}, "version": 367}
{"obj": {"type": "LogStrings", "path": ["monitoring", "stdout"], "values": [{"value": "\rsteps: :[=                                       ]3%\t7900/300000\tmain of rewards = 9.155892\ttime remain = 0:00:41.379061\ttime cost = 0:00:40.289412", "step": null, "ts": 1643096047.7089226}]}, "version": 368}
{"obj": {"type": "LogFloats", "path": ["train", "reward"], "values": [{"value": 9.15589210267014, "step": null, "ts": 1643096047.709512}]}, "version": 369}
{"obj": {"type": "LogStrings", "path": ["monitoring", "stdout"], "values": [{"value": "Shutting down background jobs, please wait a moment...\n", "step": null, "ts": 1643096048.8247197}]}, "version": 370}
