{"obj": {"type": "AssignString", "path": ["sys", "name"], "value": "Untitled"}, "version": 1}
{"obj": {"type": "AssignString", "path": ["sys", "description"], "value": ""}, "version": 2}
{"obj": {"type": "AssignString", "path": ["sys", "hostname"], "value": "xhnfly-Strix-GL504GS-S5CS"}, "version": 3}
{"obj": {"type": "AssignBool", "path": ["sys", "failed"], "value": false}, "version": 4}
{"obj": {"type": "ClearStringLog", "path": ["monitoring", "stdout"]}, "version": 5}
{"obj": {"type": "ClearStringLog", "path": ["monitoring", "stderr"]}, "version": 6}
{"obj": {"type": "ConfigFloatSeries", "path": ["monitoring", "cpu"], "min": 0.0, "max": 100.0, "unit": "%"}, "version": 7}
{"obj": {"type": "ClearFloatLog", "path": ["monitoring", "cpu"]}, "version": 8}
{"obj": {"type": "ConfigFloatSeries", "path": ["monitoring", "memory"], "min": 0.0, "max": 31.287979125976562, "unit": "GB"}, "version": 9}
{"obj": {"type": "ClearFloatLog", "path": ["monitoring", "memory"]}, "version": 10}
{"obj": {"type": "ConfigFloatSeries", "path": ["monitoring", "gpu"], "min": 0.0, "max": 100.0, "unit": "%"}, "version": 11}
{"obj": {"type": "ClearFloatLog", "path": ["monitoring", "gpu"]}, "version": 12}
{"obj": {"type": "ConfigFloatSeries", "path": ["monitoring", "gpu_memory"], "min": 0.0, "max": 7.9210205078125, "unit": "GB"}, "version": 13}
{"obj": {"type": "ClearFloatLog", "path": ["monitoring", "gpu_memory"]}, "version": 14}
{"obj": {"type": "LogStrings", "path": ["monitoring", "stdout"], "values": [{"value": "", "step": null, "ts": 1643464680.9129603}]}, "version": 15}
{"obj": {"type": "LogStrings", "path": ["monitoring", "stdout"], "values": [{"value": "Remember to stop your run once you\u2019ve finished logging your metadata (https://docs.neptune.ai/api-reference/run#.stop). It will be stopped automatically only when the notebook kernel/interactive console is terminated.\n", "step": null, "ts": 1643464680.9135218}]}, "version": 16}
{"obj": {"type": "LogFloats", "path": ["monitoring", "cpu"], "values": [{"value": 27.4, "step": null, "ts": 1643464680.9084399}]}, "version": 17}
{"obj": {"type": "LogFloats", "path": ["monitoring", "memory"], "values": [{"value": 21.517375946044922, "step": null, "ts": 1643464680.9084399}]}, "version": 18}
{"obj": {"type": "LogFloats", "path": ["monitoring", "gpu_memory"], "values": [{"value": 0.208740234375, "step": null, "ts": 1643464680.9084399}]}, "version": 19}
{"obj": {"type": "LogStrings", "path": ["monitoring", "stdout"], "values": [{"value": "device = ", "step": null, "ts": 1643464684.7480638}]}, "version": 20}
{"obj": {"type": "LogStrings", "path": ["monitoring", "stdout"], "values": [{"value": " ", "step": null, "ts": 1643464684.7483573}]}, "version": 21}
{"obj": {"type": "LogStrings", "path": ["monitoring", "stdout"], "values": [{"value": "cuda", "step": null, "ts": 1643464684.7484536}]}, "version": 22}
{"obj": {"type": "LogStrings", "path": ["monitoring", "stdout"], "values": [{"value": "\n", "step": null, "ts": 1643464684.7486718}]}, "version": 23}
{"obj": {"type": "AssignFloat", "path": ["parameters", "dropout"], "value": 0.2}, "version": 24}
{"obj": {"type": "AssignFloat", "path": ["parameters", "learning_rate"], "value": 0.001}, "version": 25}
{"obj": {"type": "AssignString", "path": ["parameters", "optimizer"], "value": "Adam"}, "version": 26}
{"obj": {"type": "AssignInt", "path": ["parameters", "hid"], "value": 512}, "version": 27}
{"obj": {"type": "AssignInt", "path": ["parameters", "l"], "value": 3}, "version": 28}
{"obj": {"type": "AssignInt", "path": ["parameters", "seed"], "value": 0}, "version": 29}
{"obj": {"type": "AssignInt", "path": ["parameters", "steps_per_epoch"], "value": 3000}, "version": 30}
{"obj": {"type": "AssignInt", "path": ["parameters", "steps_video"], "value": 30000}, "version": 31}
{"obj": {"type": "AssignInt", "path": ["parameters", "epochs"], "value": 100}, "version": 32}
{"obj": {"type": "AssignInt", "path": ["parameters", "replay_size"], "value": 10000000}, "version": 33}
{"obj": {"type": "AssignFloat", "path": ["parameters", "gamma"], "value": 0.99}, "version": 34}
{"obj": {"type": "AssignFloat", "path": ["parameters", "polyak"], "value": 0.995}, "version": 35}
{"obj": {"type": "AssignFloat", "path": ["parameters", "pi_lr"], "value": 0.0001}, "version": 36}
{"obj": {"type": "AssignFloat", "path": ["parameters", "q_lr"], "value": 0.0001}, "version": 37}
{"obj": {"type": "AssignInt", "path": ["parameters", "batch_size"], "value": 1000}, "version": 38}
{"obj": {"type": "AssignInt", "path": ["parameters", "start_steps"], "value": 10000}, "version": 39}
{"obj": {"type": "AssignInt", "path": ["parameters", "update_after"], "value": 2000}, "version": 40}
{"obj": {"type": "AssignInt", "path": ["parameters", "update_every"], "value": 100}, "version": 41}
{"obj": {"type": "AssignFloat", "path": ["parameters", "act_noise"], "value": 0.01}, "version": 42}
{"obj": {"type": "AssignInt", "path": ["parameters", "num_test_episodes"], "value": 1}, "version": 43}
{"obj": {"type": "AssignInt", "path": ["parameters", "max_ep_len"], "value": 1000}, "version": 44}
{"obj": {"type": "LogStrings", "path": ["monitoring", "stdout"], "values": [{"value": "obs_dim = ", "step": null, "ts": 1643464684.88153}]}, "version": 45}
{"obj": {"type": "LogStrings", "path": ["monitoring", "stdout"], "values": [{"value": " ", "step": null, "ts": 1643464684.8818004}]}, "version": 46}
{"obj": {"type": "LogStrings", "path": ["monitoring", "stdout"], "values": [{"value": "47", "step": null, "ts": 1643464684.8818958}]}, "version": 47}
{"obj": {"type": "LogStrings", "path": ["monitoring", "stdout"], "values": [{"value": "\n", "step": null, "ts": 1643464684.8819754}]}, "version": 48}
{"obj": {"type": "LogStrings", "path": ["monitoring", "stdout"], "values": [{"value": "act_dim = ", "step": null, "ts": 1643464684.8823588}]}, "version": 49}
{"obj": {"type": "LogStrings", "path": ["monitoring", "stdout"], "values": [{"value": " ", "step": null, "ts": 1643464684.8825572}]}, "version": 50}
{"obj": {"type": "LogStrings", "path": ["monitoring", "stdout"], "values": [{"value": "7", "step": null, "ts": 1643464684.88281}]}, "version": 51}
{"obj": {"type": "LogStrings", "path": ["monitoring", "stdout"], "values": [{"value": "\n", "step": null, "ts": 1643464684.8867116}]}, "version": 52}
{"obj": {"type": "LogStrings", "path": ["monitoring", "stdout"], "values": [{"value": "act_limit = ", "step": null, "ts": 1643464684.887218}]}, "version": 53}
{"obj": {"type": "LogStrings", "path": ["monitoring", "stdout"], "values": [{"value": " ", "step": null, "ts": 1643464684.8874247}]}, "version": 54}
{"obj": {"type": "LogStrings", "path": ["monitoring", "stdout"], "values": [{"value": "1", "step": null, "ts": 1643464684.887584}]}, "version": 55}
{"obj": {"type": "LogStrings", "path": ["monitoring", "stdout"], "values": [{"value": "\n", "step": null, "ts": 1643464684.8877044}]}, "version": 56}
{"obj": {"type": "LogStrings", "path": ["monitoring", "stderr"], "values": [{"value": "\r  0%|          | 0/300000 [00:00<?, ?it/s]", "step": null, "ts": 1643464687.6112442}]}, "version": 57}
{"obj": {"type": "LogStrings", "path": ["monitoring", "stderr"], "values": [{"value": "\r  0%|          | 2/300000 [00:00<5:23:14, 15.47it/s]", "step": null, "ts": 1643464687.7413712}]}, "version": 58}
{"obj": {"type": "LogStrings", "path": ["monitoring", "stderr"], "values": [{"value": "\r  0%|          | 7/300000 [00:00<2:34:33, 32.35it/s]", "step": null, "ts": 1643464687.8484807}]}, "version": 59}
{"obj": {"type": "LogStrings", "path": ["monitoring", "stderr"], "values": [{"value": "\r  0%|          | 13/300000 [00:00<2:00:46, 41.40it/s]", "step": null, "ts": 1643464687.9632847}]}, "version": 60}
{"obj": {"type": "LogStrings", "path": ["monitoring", "stderr"], "values": [{"value": "\r  0%|          | 19/300000 [00:00<1:49:14, 45.77it/s]", "step": null, "ts": 1643464688.0773199}]}, "version": 61}
{"obj": {"type": "LogStrings", "path": ["monitoring", "stderr"], "values": [{"value": "\r  0%|          | 24/300000 [00:00<1:47:30, 46.51it/s]", "step": null, "ts": 1643464688.1815856}]}, "version": 62}
{"obj": {"type": "LogStrings", "path": ["monitoring", "stderr"], "values": [{"value": "\r  0%|          | 30/300000 [00:00<1:43:29, 48.31it/s]", "step": null, "ts": 1643464688.2977393}]}, "version": 63}
{"obj": {"type": "LogStrings", "path": ["monitoring", "stderr"], "values": [{"value": "\r  0%|          | 36/300000 [00:00<1:39:11, 50.40it/s]", "step": null, "ts": 1643464688.4071386}]}, "version": 64}
{"obj": {"type": "LogStrings", "path": ["monitoring", "stderr"], "values": [{"value": "\r  0%|          | 42/300000 [00:00<1:35:45, 52.21it/s]", "step": null, "ts": 1643464688.5137784}]}, "version": 65}
{"obj": {"type": "LogStrings", "path": ["monitoring", "stderr"], "values": [{"value": "\r  0%|          | 48/300000 [00:01<1:32:53, 53.81it/s]", "step": null, "ts": 1643464688.6180542}]}, "version": 66}
{"obj": {"type": "LogStrings", "path": ["monitoring", "stderr"], "values": [{"value": "\r  0%|          | 54/300000 [00:01<1:32:00, 54.33it/s]", "step": null, "ts": 1643464688.7262003}]}, "version": 67}
{"obj": {"type": "LogStrings", "path": ["monitoring", "stderr"], "values": [{"value": "\r  0%|          | 60/300000 [00:01<1:33:42, 53.35it/s]", "step": null, "ts": 1643464688.8432245}]}, "version": 68}
{"obj": {"type": "LogStrings", "path": ["monitoring", "stderr"], "values": [{"value": "\r  0%|          | 66/300000 [00:01<1:31:37, 54.56it/s]", "step": null, "ts": 1643464688.9476545}]}, "version": 69}
{"obj": {"type": "LogStrings", "path": ["monitoring", "stderr"], "values": [{"value": "\r  0%|          | 72/300000 [00:01<1:30:30, 55.24it/s]", "step": null, "ts": 1643464689.0530941}]}, "version": 70}
{"obj": {"type": "LogStrings", "path": ["monitoring", "stderr"], "values": [{"value": "\r  0%|          | 78/300000 [00:01<1:30:27, 55.26it/s]", "step": null, "ts": 1643464689.161537}]}, "version": 71}
{"obj": {"type": "LogStrings", "path": ["monitoring", "stderr"], "values": [{"value": "\r  0%|          | 84/300000 [00:01<1:30:26, 55.27it/s]", "step": null, "ts": 1643464689.27004}]}, "version": 72}
{"obj": {"type": "LogStrings", "path": ["monitoring", "stderr"], "values": [{"value": "\r  0%|          | 90/300000 [00:01<1:30:21, 55.32it/s]", "step": null, "ts": 1643464689.378267}]}, "version": 73}
{"obj": {"type": "LogStrings", "path": ["monitoring", "stderr"], "values": [{"value": "\r  0%|          | 96/300000 [00:01<1:32:16, 54.17it/s]", "step": null, "ts": 1643464689.4943907}]}, "version": 74}
{"obj": {"type": "LogStrings", "path": ["monitoring", "stderr"], "values": [{"value": "\r  0%|          | 102/300000 [00:01<1:33:04, 53.70it/s]", "step": null, "ts": 1643464689.6083934}]}, "version": 75}
{"obj": {"type": "LogStrings", "path": ["monitoring", "stderr"], "values": [{"value": "\r  0%|          | 108/300000 [00:02<1:32:28, 54.05it/s]", "step": null, "ts": 1643464689.717834}]}, "version": 76}
{"obj": {"type": "LogStrings", "path": ["monitoring", "stderr"], "values": [{"value": "\r  0%|          | 114/300000 [00:02<1:31:41, 54.51it/s]", "step": null, "ts": 1643464689.8256218}]}, "version": 77}
{"obj": {"type": "LogStrings", "path": ["monitoring", "stderr"], "values": [{"value": "\r  0%|          | 120/300000 [00:02<1:30:52, 55.00it/s]", "step": null, "ts": 1643464689.9323945}]}, "version": 78}
{"obj": {"type": "LogStrings", "path": ["monitoring", "stderr"], "values": [{"value": "\r  0%|          | 126/300000 [00:02<1:30:03, 55.50it/s]", "step": null, "ts": 1643464690.0382562}]}, "version": 79}
{"obj": {"type": "LogStrings", "path": ["monitoring", "stderr"], "values": [{"value": "\r  0%|          | 132/300000 [00:02<1:29:43, 55.70it/s]", "step": null, "ts": 1643464690.1450236}]}, "version": 80}
{"obj": {"type": "LogStrings", "path": ["monitoring", "stderr"], "values": [{"value": "\r  0%|          | 138/300000 [00:02<1:29:03, 56.12it/s]", "step": null, "ts": 1643464690.2502294}]}, "version": 81}
{"obj": {"type": "LogStrings", "path": ["monitoring", "stderr"], "values": [{"value": "\r  0%|          | 144/300000 [00:02<1:28:33, 56.44it/s]", "step": null, "ts": 1643464690.3549964}]}, "version": 82}
{"obj": {"type": "LogStrings", "path": ["monitoring", "stderr"], "values": [{"value": "\r  0%|          | 150/300000 [00:02<1:28:38, 56.38it/s]", "step": null, "ts": 1643464690.4616587}]}, "version": 83}
{"obj": {"type": "LogStrings", "path": ["monitoring", "stderr"], "values": [{"value": "\r  0%|          | 156/300000 [00:02<1:27:49, 56.90it/s]", "step": null, "ts": 1643464690.5648224}]}, "version": 84}
{"obj": {"type": "LogStrings", "path": ["monitoring", "stderr"], "values": [{"value": "\r  0%|          | 162/300000 [00:03<1:27:55, 56.83it/s]", "step": null, "ts": 1643464690.6706948}]}, "version": 85}
{"obj": {"type": "LogStrings", "path": ["monitoring", "stderr"], "values": [{"value": "\r  0%|          | 168/300000 [00:03<1:29:09, 56.04it/s]", "step": null, "ts": 1643464690.7812288}]}, "version": 86}
{"obj": {"type": "LogStrings", "path": ["monitoring", "stderr"], "values": [{"value": "\r  0%|          | 174/300000 [00:03<1:30:08, 55.44it/s]", "step": null, "ts": 1643464690.8922572}]}, "version": 87}
{"obj": {"type": "LogFloats", "path": ["monitoring", "cpu"], "values": [{"value": 21.8, "step": null, "ts": 1643464690.9156263}]}, "version": 88}
{"obj": {"type": "LogFloats", "path": ["monitoring", "memory"], "values": [{"value": 25.409469604492188, "step": null, "ts": 1643464690.9156263}]}, "version": 89}
{"obj": {"type": "LogFloats", "path": ["monitoring", "gpu"], "values": [{"value": 4.0, "step": null, "ts": 1643464690.9156263}]}, "version": 90}
{"obj": {"type": "LogFloats", "path": ["monitoring", "gpu_memory"], "values": [{"value": 0.9149169921875, "step": null, "ts": 1643464690.9156263}]}, "version": 91}
{"obj": {"type": "LogStrings", "path": ["monitoring", "stderr"], "values": [{"value": "\r  0%|          | 180/300000 [00:03<1:30:53, 54.98it/s]", "step": null, "ts": 1643464691.0034435}]}, "version": 92}
{"obj": {"type": "LogStrings", "path": ["monitoring", "stderr"], "values": [{"value": "\r  0%|          | 186/300000 [00:03<1:31:17, 54.73it/s]", "step": null, "ts": 1643464691.1142023}]}, "version": 93}
{"obj": {"type": "LogStrings", "path": ["monitoring", "stderr"], "values": [{"value": "\r  0%|          | 192/300000 [00:03<1:30:43, 55.07it/s]", "step": null, "ts": 1643464691.2215567}]}, "version": 94}
{"obj": {"type": "LogStrings", "path": ["monitoring", "stderr"], "values": [{"value": "\r  0%|          | 198/300000 [00:03<1:30:50, 55.01it/s]", "step": null, "ts": 1643464691.3309493}]}, "version": 95}
{"obj": {"type": "LogStrings", "path": ["monitoring", "stderr"], "values": [{"value": "\r  0%|          | 204/300000 [00:03<1:30:09, 55.42it/s]", "step": null, "ts": 1643464691.4372945}]}, "version": 96}
{"obj": {"type": "LogStrings", "path": ["monitoring", "stderr"], "values": [{"value": "\r  0%|          | 210/300000 [00:03<1:30:09, 55.42it/s]", "step": null, "ts": 1643464691.5455823}]}, "version": 97}
{"obj": {"type": "LogStrings", "path": ["monitoring", "stderr"], "values": [{"value": "\r  0%|          | 216/300000 [00:04<1:30:42, 55.09it/s]", "step": null, "ts": 1643464691.6560571}]}, "version": 98}
{"obj": {"type": "LogStrings", "path": ["monitoring", "stderr"], "values": [{"value": "\r  0%|          | 222/300000 [00:04<1:30:44, 55.06it/s]", "step": null, "ts": 1643464691.7651474}]}, "version": 99}
{"obj": {"type": "LogStrings", "path": ["monitoring", "stderr"], "values": [{"value": "\r  0%|          | 228/300000 [00:04<1:30:57, 54.93it/s]", "step": null, "ts": 1643464691.8749604}]}, "version": 100}
{"obj": {"type": "LogStrings", "path": ["monitoring", "stderr"], "values": [{"value": "\r  0%|          | 234/300000 [00:04<1:31:43, 54.47it/s]", "step": null, "ts": 1643464691.9873033}]}, "version": 101}
{"obj": {"type": "LogStrings", "path": ["monitoring", "stderr"], "values": [{"value": "\r  0%|          | 240/300000 [00:04<1:32:09, 54.21it/s]", "step": null, "ts": 1643464692.0991971}]}, "version": 102}
{"obj": {"type": "LogStrings", "path": ["monitoring", "stderr"], "values": [{"value": "\r  0%|          | 246/300000 [00:04<1:32:32, 53.99it/s]", "step": null, "ts": 1643464692.2114258}]}, "version": 103}
{"obj": {"type": "LogStrings", "path": ["monitoring", "stderr"], "values": [{"value": "\r  0%|          | 252/300000 [00:04<1:31:48, 54.42it/s]", "step": null, "ts": 1643464692.3197563}]}, "version": 104}
{"obj": {"type": "LogStrings", "path": ["monitoring", "stderr"], "values": [{"value": "\r  0%|          | 258/300000 [00:04<1:32:28, 54.02it/s]", "step": null, "ts": 1643464692.4325767}]}, "version": 105}
{"obj": {"type": "LogStrings", "path": ["monitoring", "stderr"], "values": [{"value": "\r  0%|          | 264/300000 [00:04<1:34:03, 53.12it/s]", "step": null, "ts": 1643464692.5499513}]}, "version": 106}
{"obj": {"type": "LogStrings", "path": ["monitoring", "stderr"], "values": [{"value": "\r  0%|          | 270/300000 [00:05<1:34:57, 52.61it/s]", "step": null, "ts": 1643464692.6665187}]}, "version": 107}
{"obj": {"type": "LogStrings", "path": ["monitoring", "stderr"], "values": [{"value": "\r  0%|          | 276/300000 [00:05<1:34:39, 52.77it/s]", "step": null, "ts": 1643464692.7793849}]}, "version": 108}
{"obj": {"type": "LogStrings", "path": ["monitoring", "stderr"], "values": [{"value": "\r  0%|          | 282/300000 [00:05<1:34:36, 52.80it/s]", "step": null, "ts": 1643464692.8929112}]}, "version": 109}
{"obj": {"type": "LogStrings", "path": ["monitoring", "stderr"], "values": [{"value": "\r  0%|          | 288/300000 [00:05<1:35:53, 52.10it/s]", "step": null, "ts": 1643464693.0116563}]}, "version": 110}
{"obj": {"type": "LogStrings", "path": ["monitoring", "stderr"], "values": [{"value": "\r  0%|          | 294/300000 [00:05<1:35:06, 52.52it/s]", "step": null, "ts": 1643464693.123734}]}, "version": 111}
{"obj": {"type": "LogStrings", "path": ["monitoring", "stderr"], "values": [{"value": "\r  0%|          | 300/300000 [00:05<1:35:35, 52.26it/s]", "step": null, "ts": 1643464693.2399096}]}, "version": 112}
{"obj": {"type": "LogStrings", "path": ["monitoring", "stderr"], "values": [{"value": "\r  0%|          | 306/300000 [00:05<1:34:49, 52.68it/s]", "step": null, "ts": 1643464693.3516707}]}, "version": 113}
{"obj": {"type": "LogStrings", "path": ["monitoring", "stderr"], "values": [{"value": "\r  0%|          | 312/300000 [00:05<1:35:45, 52.16it/s]", "step": null, "ts": 1643464693.4693427}]}, "version": 114}
{"obj": {"type": "LogStrings", "path": ["monitoring", "stderr"], "values": [{"value": "\r  0%|          | 318/300000 [00:05<1:37:04, 51.46it/s]", "step": null, "ts": 1643464693.5897934}]}, "version": 115}
{"obj": {"type": "LogStrings", "path": ["monitoring", "stderr"], "values": [{"value": "\r  0%|          | 324/300000 [00:06<1:35:56, 52.06it/s]", "step": null, "ts": 1643464693.7017531}]}, "version": 116}
{"obj": {"type": "LogStrings", "path": ["monitoring", "stderr"], "values": [{"value": "\r  0%|          | 330/300000 [00:06<1:35:08, 52.50it/s]", "step": null, "ts": 1643464693.8137794}]}, "version": 117}
{"obj": {"type": "LogStrings", "path": ["monitoring", "stderr"], "values": [{"value": "\r  0%|          | 336/300000 [00:06<1:34:26, 52.88it/s]", "step": null, "ts": 1643464693.9253342}]}, "version": 118}
{"obj": {"type": "LogStrings", "path": ["monitoring", "stderr"], "values": [{"value": "\r  0%|          | 342/300000 [00:06<1:33:22, 53.48it/s]", "step": null, "ts": 1643464694.0345016}]}, "version": 119}
{"obj": {"type": "LogStrings", "path": ["monitoring", "stderr"], "values": [{"value": "\r  0%|          | 348/300000 [00:06<1:32:44, 53.85it/s]", "step": null, "ts": 1643464694.1441305}]}, "version": 120}
{"obj": {"type": "LogStrings", "path": ["monitoring", "stderr"], "values": [{"value": "\r  0%|          | 354/300000 [00:06<1:32:16, 54.12it/s]", "step": null, "ts": 1643464694.2536998}]}, "version": 121}
{"obj": {"type": "LogStrings", "path": ["monitoring", "stderr"], "values": [{"value": "\r  0%|          | 360/300000 [00:06<1:31:17, 54.70it/s]", "step": null, "ts": 1643464694.360719}]}, "version": 122}
{"obj": {"type": "LogStrings", "path": ["monitoring", "stderr"], "values": [{"value": "\r  0%|          | 366/300000 [00:06<1:30:45, 55.03it/s]", "step": null, "ts": 1643464694.4681563}]}, "version": 123}
{"obj": {"type": "LogStrings", "path": ["monitoring", "stderr"], "values": [{"value": "\r  0%|          | 372/300000 [00:06<1:30:44, 55.03it/s]", "step": null, "ts": 1643464694.5772054}]}, "version": 124}
{"obj": {"type": "LogStrings", "path": ["monitoring", "stderr"], "values": [{"value": "\r  0%|          | 378/300000 [00:07<1:32:30, 53.98it/s]", "step": null, "ts": 1643464694.6932678}]}, "version": 125}
{"obj": {"type": "LogStrings", "path": ["monitoring", "stderr"], "values": [{"value": "\r  0%|          | 384/300000 [00:07<1:32:16, 54.12it/s]", "step": null, "ts": 1643464694.8034923}]}, "version": 126}
{"obj": {"type": "LogStrings", "path": ["monitoring", "stderr"], "values": [{"value": "\r  0%|          | 390/300000 [00:07<1:32:04, 54.24it/s]", "step": null, "ts": 1643464694.913554}]}, "version": 127}
{"obj": {"type": "LogStrings", "path": ["monitoring", "stderr"], "values": [{"value": "\r  0%|          | 396/300000 [00:07<1:31:38, 54.49it/s]", "step": null, "ts": 1643464695.0224793}]}, "version": 128}
{"obj": {"type": "LogStrings", "path": ["monitoring", "stderr"], "values": [{"value": "\r  0%|          | 402/300000 [00:07<1:30:50, 54.97it/s]", "step": null, "ts": 1643464695.1293616}]}, "version": 129}
{"obj": {"type": "LogStrings", "path": ["monitoring", "stderr"], "values": [{"value": "\r  0%|          | 408/300000 [00:07<1:30:06, 55.41it/s]", "step": null, "ts": 1643464695.2356124}]}, "version": 130}
{"obj": {"type": "LogStrings", "path": ["monitoring", "stderr"], "values": [{"value": "\r  0%|          | 414/300000 [00:07<1:30:47, 55.00it/s]", "step": null, "ts": 1643464695.346648}]}, "version": 131}
{"obj": {"type": "LogStrings", "path": ["monitoring", "stderr"], "values": [{"value": "\r  0%|          | 420/300000 [00:07<1:30:47, 54.99it/s]", "step": null, "ts": 1643464695.4557502}]}, "version": 132}
{"obj": {"type": "LogStrings", "path": ["monitoring", "stderr"], "values": [{"value": "\r  0%|          | 426/300000 [00:07<1:32:54, 53.74it/s]", "step": null, "ts": 1643464695.5733612}]}, "version": 133}
{"obj": {"type": "LogStrings", "path": ["monitoring", "stderr"], "values": [{"value": "\r  0%|          | 432/300000 [00:08<1:35:17, 52.40it/s]", "step": null, "ts": 1643464695.6946645}]}, "version": 134}
{"obj": {"type": "LogStrings", "path": ["monitoring", "stderr"], "values": [{"value": "\r  0%|          | 438/300000 [00:08<1:35:59, 52.01it/s]", "step": null, "ts": 1643464695.811841}]}, "version": 135}
{"obj": {"type": "LogStrings", "path": ["monitoring", "stderr"], "values": [{"value": "\r  0%|          | 444/300000 [00:08<1:40:04, 49.89it/s]", "step": null, "ts": 1643464695.9436953}]}, "version": 136}
{"obj": {"type": "LogStrings", "path": ["monitoring", "stderr"], "values": [{"value": "\r  0%|          | 450/300000 [00:08<1:42:19, 48.79it/s]", "step": null, "ts": 1643464696.0728996}]}, "version": 137}
{"obj": {"type": "LogStrings", "path": ["monitoring", "stderr"], "values": [{"value": "\r  0%|          | 455/300000 [00:08<1:43:00, 48.47it/s]", "step": null, "ts": 1643464696.1779916}]}, "version": 138}
{"obj": {"type": "LogStrings", "path": ["monitoring", "stderr"], "values": [{"value": "\r  0%|          | 460/300000 [00:08<1:44:41, 47.68it/s]", "step": null, "ts": 1643464696.2873185}]}, "version": 139}
{"obj": {"type": "LogStrings", "path": ["monitoring", "stderr"], "values": [{"value": "\r  0%|          | 465/300000 [00:08<1:46:35, 46.84it/s]", "step": null, "ts": 1643464696.3989244}]}, "version": 140}
{"obj": {"type": "LogStrings", "path": ["monitoring", "stderr"], "values": [{"value": "\r  0%|          | 470/300000 [00:08<1:46:44, 46.77it/s]", "step": null, "ts": 1643464696.5062342}]}, "version": 141}
{"obj": {"type": "LogStrings", "path": ["monitoring", "stderr"], "values": [{"value": "\r  0%|          | 475/300000 [00:09<1:57:36, 42.45it/s]", "step": null, "ts": 1643464696.6507003}]}, "version": 142}
{"obj": {"type": "LogStrings", "path": ["monitoring", "stderr"], "values": [{"value": "\r  0%|          | 480/300000 [00:09<1:56:22, 42.90it/s]", "step": null, "ts": 1643464696.7643547}]}, "version": 143}
{"obj": {"type": "LogStrings", "path": ["monitoring", "stderr"], "values": [{"value": "\r  0%|          | 485/300000 [00:09<1:52:13, 44.48it/s]", "step": null, "ts": 1643464696.8667161}]}, "version": 144}
{"obj": {"type": "LogStrings", "path": ["monitoring", "stderr"], "values": [{"value": "\r  0%|          | 490/300000 [00:09<1:48:33, 45.98it/s]", "step": null, "ts": 1643464696.966738}]}, "version": 145}
{"obj": {"type": "LogStrings", "path": ["monitoring", "stderr"], "values": [{"value": "\r  0%|          | 496/300000 [00:09<1:45:04, 47.51it/s]", "step": null, "ts": 1643464697.084812}]}, "version": 146}
{"obj": {"type": "LogStrings", "path": ["monitoring", "stderr"], "values": [{"value": "\r  0%|          | 502/300000 [00:09<1:42:57, 48.48it/s]", "step": null, "ts": 1643464697.203318}]}, "version": 147}
{"obj": {"type": "LogStrings", "path": ["monitoring", "stderr"], "values": [{"value": "\r  0%|          | 508/300000 [00:09<1:41:07, 49.36it/s]", "step": null, "ts": 1643464697.3200927}]}, "version": 148}
{"obj": {"type": "LogStrings", "path": ["monitoring", "stderr"], "values": [{"value": "\r  0%|          | 513/300000 [00:09<1:42:40, 48.62it/s]", "step": null, "ts": 1643464697.4271688}]}, "version": 149}
{"obj": {"type": "LogStrings", "path": ["monitoring", "stderr"], "values": [{"value": "\r  0%|          | 518/300000 [00:09<1:49:42, 45.49it/s]", "step": null, "ts": 1643464697.5550144}]}, "version": 150}
{"obj": {"type": "LogStrings", "path": ["monitoring", "stderr"], "values": [{"value": "\r  0%|          | 524/300000 [00:10<1:43:45, 48.10it/s]", "step": null, "ts": 1643464697.664907}]}, "version": 151}
{"obj": {"type": "LogStrings", "path": ["monitoring", "stderr"], "values": [{"value": "\r  0%|          | 530/300000 [00:10<1:39:27, 50.18it/s]", "step": null, "ts": 1643464697.7733612}]}, "version": 152}
{"obj": {"type": "LogStrings", "path": ["monitoring", "stderr"], "values": [{"value": "\r  0%|          | 536/300000 [00:10<1:36:10, 51.89it/s]", "step": null, "ts": 1643464697.880262}]}, "version": 153}
{"obj": {"type": "LogStrings", "path": ["monitoring", "stderr"], "values": [{"value": "\r  0%|          | 542/300000 [00:10<1:34:08, 53.01it/s]", "step": null, "ts": 1643464697.9879875}]}, "version": 154}
{"obj": {"type": "LogStrings", "path": ["monitoring", "stderr"], "values": [{"value": "\r  0%|          | 548/300000 [00:10<1:32:25, 54.00it/s]", "step": null, "ts": 1643464698.0943956}]}, "version": 155}
{"obj": {"type": "LogStrings", "path": ["monitoring", "stderr"], "values": [{"value": "\r  0%|          | 554/300000 [00:10<1:36:46, 51.57it/s]", "step": null, "ts": 1643464698.2228205}]}, "version": 156}
{"obj": {"type": "LogStrings", "path": ["monitoring", "stderr"], "values": [{"value": "\r  0%|          | 560/300000 [00:10<1:39:08, 50.34it/s]", "step": null, "ts": 1643464698.3487387}]}, "version": 157}
{"obj": {"type": "LogStrings", "path": ["monitoring", "stderr"], "values": [{"value": "\r  0%|          | 566/300000 [00:10<1:38:47, 50.51it/s]", "step": null, "ts": 1643464698.466312}]}, "version": 158}
{"obj": {"type": "LogStrings", "path": ["monitoring", "stderr"], "values": [{"value": "\r  0%|          | 572/300000 [00:10<1:36:57, 51.47it/s]", "step": null, "ts": 1643464698.577802}]}, "version": 159}
{"obj": {"type": "LogStrings", "path": ["monitoring", "stderr"], "values": [{"value": "\r  0%|          | 578/300000 [00:11<1:33:40, 53.28it/s]", "step": null, "ts": 1643464698.6812065}]}, "version": 160}
{"obj": {"type": "LogStrings", "path": ["monitoring", "stderr"], "values": [{"value": "\r  0%|          | 584/300000 [00:11<1:32:37, 53.87it/s]", "step": null, "ts": 1643464698.7897475}]}, "version": 161}
{"obj": {"type": "LogStrings", "path": ["monitoring", "stderr"], "values": [{"value": "\r  0%|          | 590/300000 [00:11<1:31:04, 54.79it/s]", "step": null, "ts": 1643464698.894833}]}, "version": 162}
{"obj": {"type": "LogStrings", "path": ["monitoring", "stderr"], "values": [{"value": "\r  0%|          | 596/300000 [00:11<1:29:16, 55.89it/s]", "step": null, "ts": 1643464698.9971461}]}, "version": 163}
{"obj": {"type": "LogStrings", "path": ["monitoring", "stderr"], "values": [{"value": "\r  0%|          | 602/300000 [00:11<1:28:02, 56.67it/s]", "step": null, "ts": 1643464699.0997212}]}, "version": 164}
{"obj": {"type": "LogStrings", "path": ["monitoring", "stderr"], "values": [{"value": "\r  0%|          | 608/300000 [00:11<1:28:36, 56.31it/s]", "step": null, "ts": 1643464699.2077456}]}, "version": 165}
{"obj": {"type": "LogStrings", "path": ["monitoring", "stderr"], "values": [{"value": "\r  0%|          | 614/300000 [00:11<1:29:16, 55.89it/s]", "step": null, "ts": 1643464699.316956}]}, "version": 166}
{"obj": {"type": "LogStrings", "path": ["monitoring", "stderr"], "values": [{"value": "\r  0%|          | 620/300000 [00:11<1:29:38, 55.66it/s]", "step": null, "ts": 1643464699.4257472}]}, "version": 167}
{"obj": {"type": "LogStrings", "path": ["monitoring", "stderr"], "values": [{"value": "\r  0%|          | 626/300000 [00:11<1:30:18, 55.25it/s]", "step": null, "ts": 1643464699.536277}]}, "version": 168}
{"obj": {"type": "LogStrings", "path": ["monitoring", "stderr"], "values": [{"value": "\r  0%|          | 632/300000 [00:12<1:29:40, 55.64it/s]", "step": null, "ts": 1643464699.6423101}]}, "version": 169}
{"obj": {"type": "LogStrings", "path": ["monitoring", "stderr"], "values": [{"value": "\r  0%|          | 638/300000 [00:12<1:28:20, 56.48it/s]", "step": null, "ts": 1643464699.7447896}]}, "version": 170}
{"obj": {"type": "LogStrings", "path": ["monitoring", "stderr"], "values": [{"value": "\r  0%|          | 644/300000 [00:12<1:27:30, 57.02it/s]", "step": null, "ts": 1643464699.8477046}]}, "version": 171}
{"obj": {"type": "LogStrings", "path": ["monitoring", "stderr"], "values": [{"value": "\r  0%|          | 650/300000 [00:12<1:28:07, 56.62it/s]", "step": null, "ts": 1643464699.9554067}]}, "version": 172}
{"obj": {"type": "LogStrings", "path": ["monitoring", "stderr"], "values": [{"value": "\r  0%|          | 656/300000 [00:12<1:28:19, 56.49it/s]", "step": null, "ts": 1643464700.0621853}]}, "version": 173}
{"obj": {"type": "LogStrings", "path": ["monitoring", "stderr"], "values": [{"value": "\r  0%|          | 662/300000 [00:12<1:28:10, 56.58it/s]", "step": null, "ts": 1643464700.1678493}]}, "version": 174}
{"obj": {"type": "LogStrings", "path": ["monitoring", "stderr"], "values": [{"value": "\r  0%|          | 668/300000 [00:12<1:28:25, 56.42it/s]", "step": null, "ts": 1643464700.274856}]}, "version": 175}
{"obj": {"type": "LogStrings", "path": ["monitoring", "stderr"], "values": [{"value": "\r  0%|          | 674/300000 [00:12<1:28:30, 56.36it/s]", "step": null, "ts": 1643464700.381589}]}, "version": 176}
{"obj": {"type": "LogStrings", "path": ["monitoring", "stderr"], "values": [{"value": "\r  0%|          | 680/300000 [00:12<1:28:57, 56.08it/s]", "step": null, "ts": 1643464700.489824}]}, "version": 177}
{"obj": {"type": "LogStrings", "path": ["monitoring", "stderr"], "values": [{"value": "\r  0%|          | 686/300000 [00:12<1:29:45, 55.58it/s]", "step": null, "ts": 1643464700.6000283}]}, "version": 178}
{"obj": {"type": "LogStrings", "path": ["monitoring", "stderr"], "values": [{"value": "\r  0%|          | 692/300000 [00:13<1:28:54, 56.11it/s]", "step": null, "ts": 1643464700.7046037}]}, "version": 179}
{"obj": {"type": "LogStrings", "path": ["monitoring", "stderr"], "values": [{"value": "\r  0%|          | 698/300000 [00:13<1:28:31, 56.35it/s]", "step": null, "ts": 1643464700.8100507}]}, "version": 180}
{"obj": {"type": "LogStrings", "path": ["monitoring", "stderr"], "values": [{"value": "\r  0%|          | 704/300000 [00:13<1:28:11, 56.56it/s]", "step": null, "ts": 1643464700.9151917}]}, "version": 181}
{"obj": {"type": "LogFloats", "path": ["monitoring", "cpu"], "values": [{"value": 23.7, "step": null, "ts": 1643464700.9221327}]}, "version": 182}
{"obj": {"type": "LogFloats", "path": ["monitoring", "memory"], "values": [{"value": 24.924217224121094, "step": null, "ts": 1643464700.9221327}]}, "version": 183}
{"obj": {"type": "LogFloats", "path": ["monitoring", "gpu"], "values": [{"value": 3.0, "step": null, "ts": 1643464700.9221327}]}, "version": 184}
{"obj": {"type": "LogFloats", "path": ["monitoring", "gpu_memory"], "values": [{"value": 0.9149169921875, "step": null, "ts": 1643464700.9221327}]}, "version": 185}
{"obj": {"type": "LogStrings", "path": ["monitoring", "stderr"], "values": [{"value": "\r  0%|          | 710/300000 [00:13<1:27:57, 56.71it/s]", "step": null, "ts": 1643464701.0202951}]}, "version": 186}
{"obj": {"type": "LogStrings", "path": ["monitoring", "stderr"], "values": [{"value": "\r  0%|          | 716/300000 [00:13<1:27:16, 57.16it/s]", "step": null, "ts": 1643464701.1233656}]}, "version": 187}
{"obj": {"type": "LogStrings", "path": ["monitoring", "stderr"], "values": [{"value": "\r  0%|          | 722/300000 [00:13<1:27:57, 56.71it/s]", "step": null, "ts": 1643464701.2310963}]}, "version": 188}
{"obj": {"type": "LogStrings", "path": ["monitoring", "stderr"], "values": [{"value": "\r  0%|          | 728/300000 [00:13<1:27:50, 56.78it/s]", "step": null, "ts": 1643464701.3364346}]}, "version": 189}
{"obj": {"type": "LogStrings", "path": ["monitoring", "stderr"], "values": [{"value": "\r  0%|          | 734/300000 [00:13<1:28:01, 56.67it/s]", "step": null, "ts": 1643464701.4428227}]}, "version": 190}
{"obj": {"type": "LogStrings", "path": ["monitoring", "stderr"], "values": [{"value": "\r  0%|          | 740/300000 [00:13<1:27:23, 57.08it/s]", "step": null, "ts": 1643464701.5461788}]}, "version": 191}
{"obj": {"type": "LogStrings", "path": ["monitoring", "stderr"], "values": [{"value": "\r  0%|          | 746/300000 [00:14<1:27:37, 56.92it/s]", "step": null, "ts": 1643464701.6522741}]}, "version": 192}
{"obj": {"type": "LogStrings", "path": ["monitoring", "stderr"], "values": [{"value": "\r  0%|          | 752/300000 [00:14<1:28:16, 56.50it/s]", "step": null, "ts": 1643464701.7602699}]}, "version": 193}
{"obj": {"type": "LogStrings", "path": ["monitoring", "stderr"], "values": [{"value": "\r  0%|          | 758/300000 [00:14<1:28:48, 56.16it/s]", "step": null, "ts": 1643464701.868596}]}, "version": 194}
{"obj": {"type": "LogStrings", "path": ["monitoring", "stderr"], "values": [{"value": "\r  0%|          | 764/300000 [00:14<1:27:45, 56.83it/s]", "step": null, "ts": 1643464701.9712565}]}, "version": 195}
{"obj": {"type": "LogStrings", "path": ["monitoring", "stderr"], "values": [{"value": "\r  0%|          | 770/300000 [00:14<1:26:29, 57.66it/s]", "step": null, "ts": 1643464702.0717447}]}, "version": 196}
{"obj": {"type": "LogStrings", "path": ["monitoring", "stderr"], "values": [{"value": "\r  0%|          | 776/300000 [00:14<1:25:49, 58.11it/s]", "step": null, "ts": 1643464702.173116}]}, "version": 197}
{"obj": {"type": "LogStrings", "path": ["monitoring", "stderr"], "values": [{"value": "\r  0%|          | 782/300000 [00:14<1:25:35, 58.27it/s]", "step": null, "ts": 1643464702.2754529}]}, "version": 198}
{"obj": {"type": "LogStrings", "path": ["monitoring", "stderr"], "values": [{"value": "\r  0%|          | 788/300000 [00:14<1:25:09, 58.56it/s]", "step": null, "ts": 1643464702.3767033}]}, "version": 199}
{"obj": {"type": "LogStrings", "path": ["monitoring", "stderr"], "values": [{"value": "\r  0%|          | 794/300000 [00:14<1:26:09, 57.88it/s]", "step": null, "ts": 1643464702.4831436}]}, "version": 200}
{"obj": {"type": "LogStrings", "path": ["monitoring", "stderr"], "values": [{"value": "\r  0%|          | 800/300000 [00:14<1:27:35, 56.93it/s]", "step": null, "ts": 1643464702.5926237}]}, "version": 201}
{"obj": {"type": "LogStrings", "path": ["monitoring", "stderr"], "values": [{"value": "\r  0%|          | 806/300000 [00:15<1:28:15, 56.50it/s]", "step": null, "ts": 1643464702.7006493}]}, "version": 202}
{"obj": {"type": "LogStrings", "path": ["monitoring", "stderr"], "values": [{"value": "\r  0%|          | 812/300000 [00:15<1:27:22, 57.07it/s]", "step": null, "ts": 1643464702.8033564}]}, "version": 203}
{"obj": {"type": "LogStrings", "path": ["monitoring", "stderr"], "values": [{"value": "\r  0%|          | 818/300000 [00:15<1:26:16, 57.80it/s]", "step": null, "ts": 1643464702.904073}]}, "version": 204}
{"obj": {"type": "LogStrings", "path": ["monitoring", "stderr"], "values": [{"value": "\r  0%|          | 824/300000 [00:15<1:25:40, 58.20it/s]", "step": null, "ts": 1643464703.0055206}]}, "version": 205}
{"obj": {"type": "LogStrings", "path": ["monitoring", "stderr"], "values": [{"value": "\r  0%|          | 830/300000 [00:15<1:25:31, 58.30it/s]", "step": null, "ts": 1643464703.1079938}]}, "version": 206}
{"obj": {"type": "LogStrings", "path": ["monitoring", "stderr"], "values": [{"value": "\r  0%|          | 836/300000 [00:15<1:25:24, 58.38it/s]", "step": null, "ts": 1643464703.210427}]}, "version": 207}
{"obj": {"type": "LogStrings", "path": ["monitoring", "stderr"], "values": [{"value": "\r  0%|          | 842/300000 [00:15<1:26:00, 57.97it/s]", "step": null, "ts": 1643464703.3157372}]}, "version": 208}
{"obj": {"type": "LogStrings", "path": ["monitoring", "stderr"], "values": [{"value": "\r  0%|          | 848/300000 [00:15<1:29:01, 56.01it/s]", "step": null, "ts": 1643464703.4312406}]}, "version": 209}
{"obj": {"type": "LogStrings", "path": ["monitoring", "stderr"], "values": [{"value": "\r  0%|          | 854/300000 [00:15<1:27:44, 56.82it/s]", "step": null, "ts": 1643464703.5332692}]}, "version": 210}
{"obj": {"type": "LogStrings", "path": ["monitoring", "stderr"], "values": [{"value": "\r  0%|          | 860/300000 [00:16<1:27:22, 57.07it/s]", "step": null, "ts": 1643464703.6373515}]}, "version": 211}
{"obj": {"type": "LogStrings", "path": ["monitoring", "stderr"], "values": [{"value": "\r  0%|          | 866/300000 [00:16<1:27:08, 57.21it/s]", "step": null, "ts": 1643464703.7416549}]}, "version": 212}
{"obj": {"type": "LogStrings", "path": ["monitoring", "stderr"], "values": [{"value": "\r  0%|          | 872/300000 [00:16<1:26:52, 57.39it/s]", "step": null, "ts": 1643464703.8453784}]}, "version": 213}
{"obj": {"type": "LogStrings", "path": ["monitoring", "stderr"], "values": [{"value": "\r  0%|          | 878/300000 [00:16<1:26:35, 57.57it/s]", "step": null, "ts": 1643464703.9488976}]}, "version": 214}
{"obj": {"type": "LogStrings", "path": ["monitoring", "stderr"], "values": [{"value": "\r  0%|          | 884/300000 [00:16<1:26:49, 57.42it/s]", "step": null, "ts": 1643464704.0539637}]}, "version": 215}
{"obj": {"type": "LogStrings", "path": ["monitoring", "stderr"], "values": [{"value": "\r  0%|          | 890/300000 [00:16<1:26:07, 57.89it/s]", "step": null, "ts": 1643464704.1556437}]}, "version": 216}
{"obj": {"type": "LogStrings", "path": ["monitoring", "stderr"], "values": [{"value": "\r  0%|          | 896/300000 [00:16<1:27:15, 57.13it/s]", "step": null, "ts": 1643464704.2638588}]}, "version": 217}
{"obj": {"type": "LogStrings", "path": ["monitoring", "stderr"], "values": [{"value": "\r  0%|          | 902/300000 [00:16<1:26:52, 57.38it/s]", "step": null, "ts": 1643464704.3673866}]}, "version": 218}
{"obj": {"type": "LogStrings", "path": ["monitoring", "stderr"], "values": [{"value": "\r  0%|          | 908/300000 [00:16<1:25:59, 57.96it/s]", "step": null, "ts": 1643464704.468424}]}, "version": 219}
{"obj": {"type": "LogStrings", "path": ["monitoring", "stderr"], "values": [{"value": "\r  0%|          | 915/300000 [00:16<1:24:36, 58.92it/s]", "step": null, "ts": 1643464704.5833068}]}, "version": 220}
{"obj": {"type": "LogStrings", "path": ["monitoring", "stderr"], "values": [{"value": "\r  0%|          | 922/300000 [00:17<1:24:25, 59.04it/s]", "step": null, "ts": 1643464704.7013726}]}, "version": 221}
{"obj": {"type": "LogStrings", "path": ["monitoring", "stderr"], "values": [{"value": "\r  0%|          | 928/300000 [00:17<1:24:28, 59.00it/s]", "step": null, "ts": 1643464704.8032203}]}, "version": 222}
{"obj": {"type": "LogStrings", "path": ["monitoring", "stderr"], "values": [{"value": "\r  0%|          | 935/300000 [00:17<1:23:39, 59.58it/s]", "step": null, "ts": 1643464704.9182892}]}, "version": 223}
{"obj": {"type": "LogStrings", "path": ["monitoring", "stderr"], "values": [{"value": "\r  0%|          | 941/300000 [00:17<1:24:05, 59.27it/s]", "step": null, "ts": 1643464705.0208511}]}, "version": 224}
{"obj": {"type": "LogStrings", "path": ["monitoring", "stderr"], "values": [{"value": "\r  0%|          | 947/300000 [00:17<1:23:49, 59.46it/s]", "step": null, "ts": 1643464705.1209784}]}, "version": 225}
{"obj": {"type": "LogStrings", "path": ["monitoring", "stderr"], "values": [{"value": "\r  0%|          | 954/300000 [00:17<1:23:05, 59.98it/s]", "step": null, "ts": 1643464705.235517}]}, "version": 226}
{"obj": {"type": "LogStrings", "path": ["monitoring", "stderr"], "values": [{"value": "\r  0%|          | 961/300000 [00:17<1:22:35, 60.34it/s]", "step": null, "ts": 1643464705.3500104}]}, "version": 227}
{"obj": {"type": "LogStrings", "path": ["monitoring", "stderr"], "values": [{"value": "\r  0%|          | 968/300000 [00:17<1:22:05, 60.71it/s]", "step": null, "ts": 1643464705.4637568}]}, "version": 228}
{"obj": {"type": "LogStrings", "path": ["monitoring", "stderr"], "values": [{"value": "\r  0%|          | 975/300000 [00:17<1:22:15, 60.58it/s]", "step": null, "ts": 1643464705.579854}]}, "version": 229}
{"obj": {"type": "LogStrings", "path": ["monitoring", "stderr"], "values": [{"value": "\r  0%|          | 982/300000 [00:18<1:22:50, 60.16it/s]", "step": null, "ts": 1643464705.6980314}]}, "version": 230}
{"obj": {"type": "LogStrings", "path": ["monitoring", "stderr"], "values": [{"value": "\r  0%|          | 989/300000 [00:18<1:22:37, 60.32it/s]", "step": null, "ts": 1643464705.8133981}]}, "version": 231}
{"obj": {"type": "LogStrings", "path": ["monitoring", "stderr"], "values": [{"value": "\r  0%|          | 996/300000 [00:18<1:22:22, 60.50it/s]", "step": null, "ts": 1643464705.928429}]}, "version": 232}
{"obj": {"type": "LogStrings", "path": ["monitoring", "stderr"], "values": [{"value": "\r  0%|          | 1003/300000 [00:19<4:09:05, 20.01it/s]", "step": null, "ts": 1643464706.8200116}]}, "version": 233}
{"obj": {"type": "LogStrings", "path": ["monitoring", "stderr"], "values": [{"value": "\r  0%|          | 1009/300000 [00:19<3:26:56, 24.08it/s]", "step": null, "ts": 1643464706.931838}]}, "version": 234}
{"obj": {"type": "LogStrings", "path": ["monitoring", "stderr"], "values": [{"value": "\r  0%|          | 1015/300000 [00:19<2:54:56, 28.48it/s]", "step": null, "ts": 1643464707.042685}]}, "version": 235}
{"obj": {"type": "LogStrings", "path": ["monitoring", "stderr"], "values": [{"value": "\r  0%|          | 1021/300000 [00:19<2:30:57, 33.01it/s]", "step": null, "ts": 1643464707.1518233}]}, "version": 236}
{"obj": {"type": "LogStrings", "path": ["monitoring", "stderr"], "values": [{"value": "\r  0%|          | 1027/300000 [00:19<2:13:47, 37.24it/s]", "step": null, "ts": 1643464707.2619243}]}, "version": 237}
{"obj": {"type": "LogStrings", "path": ["monitoring", "stderr"], "values": [{"value": "\r  0%|          | 1033/300000 [00:19<2:01:11, 41.11it/s]", "step": null, "ts": 1643464707.371128}]}, "version": 238}
{"obj": {"type": "LogStrings", "path": ["monitoring", "stderr"], "values": [{"value": "\r  0%|          | 1039/300000 [00:19<1:52:09, 44.43it/s]", "step": null, "ts": 1643464707.4801073}]}, "version": 239}
{"obj": {"type": "LogStrings", "path": ["monitoring", "stderr"], "values": [{"value": "\r  0%|          | 1045/300000 [00:19<1:47:50, 46.20it/s]", "step": null, "ts": 1643464707.5976448}]}, "version": 240}
{"obj": {"type": "LogStrings", "path": ["monitoring", "stderr"], "values": [{"value": "\r  0%|          | 1051/300000 [00:20<1:43:15, 48.25it/s]", "step": null, "ts": 1643464707.708944}]}, "version": 241}
{"obj": {"type": "LogStrings", "path": ["monitoring", "stderr"], "values": [{"value": "\r  0%|          | 1057/300000 [00:20<1:40:10, 49.73it/s]", "step": null, "ts": 1643464707.8208482}]}, "version": 242}
{"obj": {"type": "LogStrings", "path": ["monitoring", "stderr"], "values": [{"value": "\r  0%|          | 1063/300000 [00:20<1:37:53, 50.90it/s]", "step": null, "ts": 1643464707.9322746}]}, "version": 243}
{"obj": {"type": "LogStrings", "path": ["monitoring", "stderr"], "values": [{"value": "\r  0%|          | 1069/300000 [00:20<1:36:15, 51.76it/s]", "step": null, "ts": 1643464708.043722}]}, "version": 244}
{"obj": {"type": "LogStrings", "path": ["monitoring", "stderr"], "values": [{"value": "\r  0%|          | 1075/300000 [00:20<1:34:30, 52.71it/s]", "step": null, "ts": 1643464708.1525002}]}, "version": 245}
{"obj": {"type": "LogStrings", "path": ["monitoring", "stderr"], "values": [{"value": "\r  0%|          | 1081/300000 [00:20<1:33:09, 53.48it/s]", "step": null, "ts": 1643464708.2608988}]}, "version": 246}
{"obj": {"type": "LogStrings", "path": ["monitoring", "stderr"], "values": [{"value": "\r  0%|          | 1087/300000 [00:20<1:31:48, 54.26it/s]", "step": null, "ts": 1643464708.3676953}]}, "version": 247}
{"obj": {"type": "LogStrings", "path": ["monitoring", "stderr"], "values": [{"value": "\r  0%|          | 1093/300000 [00:20<1:31:05, 54.69it/s]", "step": null, "ts": 1643464708.475372}]}, "version": 248}
{"obj": {"type": "LogStrings", "path": ["monitoring", "stderr"], "values": [{"value": "\r  0%|          | 1099/300000 [00:20<1:30:43, 54.91it/s]", "step": null, "ts": 1643464708.5836062}]}, "version": 249}
{"obj": {"type": "LogStrings", "path": ["monitoring", "stderr"], "values": [{"value": "\r  0%|          | 1105/300000 [00:21<1:30:55, 54.79it/s]", "step": null, "ts": 1643464708.6937091}]}, "version": 250}
{"obj": {"type": "LogStrings", "path": ["monitoring", "stderr"], "values": [{"value": "\r  0%|          | 1111/300000 [00:21<1:30:24, 55.10it/s]", "step": null, "ts": 1643464708.8011446}]}, "version": 251}
{"obj": {"type": "LogStrings", "path": ["monitoring", "stderr"], "values": [{"value": "\r  0%|          | 1117/300000 [00:21<1:31:24, 54.49it/s]", "step": null, "ts": 1643464708.9140875}]}, "version": 252}
{"obj": {"type": "LogStrings", "path": ["monitoring", "stderr"], "values": [{"value": "\r  0%|          | 1123/300000 [00:21<1:31:25, 54.49it/s]", "step": null, "ts": 1643464709.024228}]}, "version": 253}
{"obj": {"type": "LogStrings", "path": ["monitoring", "stderr"], "values": [{"value": "\r  0%|          | 1129/300000 [00:21<1:31:38, 54.36it/s]", "step": null, "ts": 1643464709.1352322}]}, "version": 254}
{"obj": {"type": "LogStrings", "path": ["monitoring", "stderr"], "values": [{"value": "\r  0%|          | 1135/300000 [00:21<1:31:16, 54.57it/s]", "step": null, "ts": 1643464709.2441707}]}, "version": 255}
{"obj": {"type": "LogStrings", "path": ["monitoring", "stderr"], "values": [{"value": "\r  0%|          | 1141/300000 [00:21<1:32:32, 53.82it/s]", "step": null, "ts": 1643464709.3592393}]}, "version": 256}
{"obj": {"type": "LogStrings", "path": ["monitoring", "stderr"], "values": [{"value": "\r  0%|          | 1147/300000 [00:21<1:33:01, 53.54it/s]", "step": null, "ts": 1643464709.4726515}]}, "version": 257}
{"obj": {"type": "LogStrings", "path": ["monitoring", "stderr"], "values": [{"value": "\r  0%|          | 1153/300000 [00:21<1:33:42, 53.15it/s]", "step": null, "ts": 1643464709.5874984}]}, "version": 258}
{"obj": {"type": "LogStrings", "path": ["monitoring", "stderr"], "values": [{"value": "\r  0%|          | 1159/300000 [00:22<1:32:50, 53.65it/s]", "step": null, "ts": 1643464709.6968737}]}, "version": 259}
{"obj": {"type": "LogStrings", "path": ["monitoring", "stderr"], "values": [{"value": "\r  0%|          | 1165/300000 [00:22<1:31:59, 54.14it/s]", "step": null, "ts": 1643464709.8053036}]}, "version": 260}
{"obj": {"type": "LogStrings", "path": ["monitoring", "stderr"], "values": [{"value": "\r  0%|          | 1171/300000 [00:22<1:30:42, 54.90it/s]", "step": null, "ts": 1643464709.9109995}]}, "version": 261}
{"obj": {"type": "LogStrings", "path": ["monitoring", "stderr"], "values": [{"value": "\r  0%|          | 1177/300000 [00:22<1:29:42, 55.51it/s]", "step": null, "ts": 1643464710.0162644}]}, "version": 262}
{"obj": {"type": "LogStrings", "path": ["monitoring", "stderr"], "values": [{"value": "\r  0%|          | 1183/300000 [00:22<1:28:54, 56.01it/s]", "step": null, "ts": 1643464710.1211455}]}, "version": 263}
{"obj": {"type": "LogStrings", "path": ["monitoring", "stderr"], "values": [{"value": "\r  0%|          | 1189/300000 [00:22<1:28:32, 56.24it/s]", "step": null, "ts": 1643464710.2268734}]}, "version": 264}
{"obj": {"type": "LogStrings", "path": ["monitoring", "stderr"], "values": [{"value": "\r  0%|          | 1195/300000 [00:22<1:28:28, 56.29it/s]", "step": null, "ts": 1643464710.3331602}]}, "version": 265}
{"obj": {"type": "LogStrings", "path": ["monitoring", "stderr"], "values": [{"value": "\r  0%|          | 1201/300000 [00:22<1:28:15, 56.43it/s]", "step": null, "ts": 1643464710.4388905}]}, "version": 266}
{"obj": {"type": "LogStrings", "path": ["monitoring", "stderr"], "values": [{"value": "\r  0%|          | 1207/300000 [00:22<1:28:16, 56.42it/s]", "step": null, "ts": 1643464710.5452933}]}, "version": 267}
{"obj": {"type": "LogStrings", "path": ["monitoring", "stderr"], "values": [{"value": "\r  0%|          | 1213/300000 [00:23<1:27:38, 56.82it/s]", "step": null, "ts": 1643464710.649114}]}, "version": 268}
{"obj": {"type": "LogStrings", "path": ["monitoring", "stderr"], "values": [{"value": "\r  0%|          | 1219/300000 [00:23<1:28:07, 56.51it/s]", "step": null, "ts": 1643464710.7566485}]}, "version": 269}
{"obj": {"type": "LogStrings", "path": ["monitoring", "stderr"], "values": [{"value": "\r  0%|          | 1225/300000 [00:23<1:27:31, 56.90it/s]", "step": null, "ts": 1643464710.8604243}]}, "version": 270}
{"obj": {"type": "LogFloats", "path": ["monitoring", "cpu"], "values": [{"value": 17.6, "step": null, "ts": 1643464710.9338884}]}, "version": 271}
{"obj": {"type": "LogFloats", "path": ["monitoring", "memory"], "values": [{"value": 25.400020599365234, "step": null, "ts": 1643464710.9338884}]}, "version": 272}
{"obj": {"type": "LogFloats", "path": ["monitoring", "gpu"], "values": [{"value": 2.0, "step": null, "ts": 1643464710.9338884}]}, "version": 273}
{"obj": {"type": "LogFloats", "path": ["monitoring", "gpu_memory"], "values": [{"value": 0.9168701171875, "step": null, "ts": 1643464710.9338884}]}, "version": 274}
{"obj": {"type": "LogStrings", "path": ["monitoring", "stderr"], "values": [{"value": "\r  0%|          | 1231/300000 [00:23<1:28:31, 56.25it/s]", "step": null, "ts": 1643464710.9699142}]}, "version": 275}
{"obj": {"type": "LogStrings", "path": ["monitoring", "stderr"], "values": [{"value": "\r  0%|          | 1237/300000 [00:23<1:28:08, 56.49it/s]", "step": null, "ts": 1643464711.0750697}]}, "version": 276}
{"obj": {"type": "LogStrings", "path": ["monitoring", "stderr"], "values": [{"value": "\r  0%|          | 1243/300000 [00:23<1:28:41, 56.15it/s]", "step": null, "ts": 1643464711.1834526}]}, "version": 277}
{"obj": {"type": "LogStrings", "path": ["monitoring", "stderr"], "values": [{"value": "\r  0%|          | 1249/300000 [00:23<1:28:52, 56.02it/s]", "step": null, "ts": 1643464711.29112}]}, "version": 278}
{"obj": {"type": "LogStrings", "path": ["monitoring", "stderr"], "values": [{"value": "\r  0%|          | 1255/300000 [00:23<1:29:17, 55.76it/s]", "step": null, "ts": 1643464711.399864}]}, "version": 279}
{"obj": {"type": "LogStrings", "path": ["monitoring", "stderr"], "values": [{"value": "\r  0%|          | 1261/300000 [00:23<1:29:09, 55.84it/s]", "step": null, "ts": 1643464711.507134}]}, "version": 280}
{"obj": {"type": "LogStrings", "path": ["monitoring", "stderr"], "values": [{"value": "\r  0%|          | 1267/300000 [00:23<1:28:23, 56.33it/s]", "step": null, "ts": 1643464711.6113403}]}, "version": 281}
{"obj": {"type": "LogStrings", "path": ["monitoring", "stderr"], "values": [{"value": "\r  0%|          | 1273/300000 [00:24<1:28:11, 56.46it/s]", "step": null, "ts": 1643464711.7170193}]}, "version": 282}
{"obj": {"type": "LogStrings", "path": ["monitoring", "stderr"], "values": [{"value": "\r  0%|          | 1279/300000 [00:24<1:28:03, 56.53it/s]", "step": null, "ts": 1643464711.822834}]}, "version": 283}
{"obj": {"type": "LogStrings", "path": ["monitoring", "stderr"], "values": [{"value": "\r  0%|          | 1285/300000 [00:24<1:28:24, 56.31it/s]", "step": null, "ts": 1643464711.9303772}]}, "version": 284}
{"obj": {"type": "LogStrings", "path": ["monitoring", "stderr"], "values": [{"value": "\r  0%|          | 1291/300000 [00:24<1:28:21, 56.35it/s]", "step": null, "ts": 1643464712.0366921}]}, "version": 285}
{"obj": {"type": "LogStrings", "path": ["monitoring", "stderr"], "values": [{"value": "\r  0%|          | 1297/300000 [00:24<1:28:44, 56.10it/s]", "step": null, "ts": 1643464712.1447623}]}, "version": 286}
{"obj": {"type": "LogStrings", "path": ["monitoring", "stderr"], "values": [{"value": "\r  0%|          | 1303/300000 [00:24<1:28:26, 56.29it/s]", "step": null, "ts": 1643464712.2505085}]}, "version": 287}
{"obj": {"type": "LogStrings", "path": ["monitoring", "stderr"], "values": [{"value": "\r  0%|          | 1309/300000 [00:24<1:30:17, 55.13it/s]", "step": null, "ts": 1643464712.3648973}]}, "version": 288}
{"obj": {"type": "LogStrings", "path": ["monitoring", "stderr"], "values": [{"value": "\r  0%|          | 1315/300000 [00:24<1:33:14, 53.39it/s]", "step": null, "ts": 1643464712.485354}]}, "version": 289}
{"obj": {"type": "LogStrings", "path": ["monitoring", "stderr"], "values": [{"value": "\r  0%|          | 1321/300000 [00:24<1:32:53, 53.59it/s]", "step": null, "ts": 1643464712.5962038}]}, "version": 290}
{"obj": {"type": "LogStrings", "path": ["monitoring", "stderr"], "values": [{"value": "\r  0%|          | 1327/300000 [00:25<1:32:30, 53.81it/s]", "step": null, "ts": 1643464712.7066472}]}, "version": 291}
{"obj": {"type": "LogStrings", "path": ["monitoring", "stderr"], "values": [{"value": "\r  0%|          | 1333/300000 [00:25<1:34:33, 52.64it/s]", "step": null, "ts": 1643464712.8263974}]}, "version": 292}
{"obj": {"type": "LogStrings", "path": ["monitoring", "stderr"], "values": [{"value": "\r  0%|          | 1339/300000 [00:25<1:33:19, 53.34it/s]", "step": null, "ts": 1643464712.935435}]}, "version": 293}
{"obj": {"type": "LogStrings", "path": ["monitoring", "stderr"], "values": [{"value": "\r  0%|          | 1345/300000 [00:25<1:32:45, 53.66it/s]", "step": null, "ts": 1643464713.0456288}]}, "version": 294}
{"obj": {"type": "LogStrings", "path": ["monitoring", "stderr"], "values": [{"value": "\r  0%|          | 1351/300000 [00:25<1:31:56, 54.14it/s]", "step": null, "ts": 1643464713.154182}]}, "version": 295}
{"obj": {"type": "LogStrings", "path": ["monitoring", "stderr"], "values": [{"value": "\r  0%|          | 1357/300000 [00:25<1:30:45, 54.85it/s]", "step": null, "ts": 1643464713.260391}]}, "version": 296}
{"obj": {"type": "LogStrings", "path": ["monitoring", "stderr"], "values": [{"value": "\r  0%|          | 1363/300000 [00:25<1:30:19, 55.11it/s]", "step": null, "ts": 1643464713.3679173}]}, "version": 297}
{"obj": {"type": "LogStrings", "path": ["monitoring", "stderr"], "values": [{"value": "\r  0%|          | 1369/300000 [00:25<1:30:23, 55.07it/s]", "step": null, "ts": 1643464713.477201}]}, "version": 298}
{"obj": {"type": "LogStrings", "path": ["monitoring", "stderr"], "values": [{"value": "\r  0%|          | 1375/300000 [00:25<1:30:41, 54.88it/s]", "step": null, "ts": 1643464713.5873826}]}, "version": 299}
{"obj": {"type": "LogStrings", "path": ["monitoring", "stderr"], "values": [{"value": "\r  0%|          | 1381/300000 [00:26<1:30:19, 55.10it/s]", "step": null, "ts": 1643464713.6951482}]}, "version": 300}
{"obj": {"type": "LogStrings", "path": ["monitoring", "stderr"], "values": [{"value": "\r  0%|          | 1387/300000 [00:26<1:30:54, 54.75it/s]", "step": null, "ts": 1643464713.8063521}]}, "version": 301}
{"obj": {"type": "LogStrings", "path": ["monitoring", "stderr"], "values": [{"value": "\r  0%|          | 1393/300000 [00:26<1:31:57, 54.12it/s]", "step": null, "ts": 1643464713.9201713}]}, "version": 302}
{"obj": {"type": "LogStrings", "path": ["monitoring", "stderr"], "values": [{"value": "\r  0%|          | 1399/300000 [00:26<1:33:06, 53.45it/s]", "step": null, "ts": 1643464714.0357156}]}, "version": 303}
{"obj": {"type": "LogStrings", "path": ["monitoring", "stderr"], "values": [{"value": "\r  0%|          | 1405/300000 [00:26<1:35:34, 52.07it/s]", "step": null, "ts": 1643464714.1578426}]}, "version": 304}
{"obj": {"type": "LogStrings", "path": ["monitoring", "stderr"], "values": [{"value": "\r  0%|          | 1411/300000 [00:26<1:37:15, 51.17it/s]", "step": null, "ts": 1643464714.2799375}]}, "version": 305}
{"obj": {"type": "LogStrings", "path": ["monitoring", "stderr"], "values": [{"value": "\r  0%|          | 1417/300000 [00:26<1:38:49, 50.35it/s]", "step": null, "ts": 1643464714.4034579}]}, "version": 306}
{"obj": {"type": "LogStrings", "path": ["monitoring", "stderr"], "values": [{"value": "\r  0%|          | 1423/300000 [00:26<1:37:55, 50.82it/s]", "step": null, "ts": 1643464714.5189857}]}, "version": 307}
{"obj": {"type": "LogStrings", "path": ["monitoring", "stderr"], "values": [{"value": "\r  0%|          | 1429/300000 [00:27<1:37:59, 50.78it/s]", "step": null, "ts": 1643464714.6373463}]}, "version": 308}
{"obj": {"type": "LogStrings", "path": ["monitoring", "stderr"], "values": [{"value": "\r  0%|          | 1435/300000 [00:27<1:39:34, 49.97it/s]", "step": null, "ts": 1643464714.7618742}]}, "version": 309}
{"obj": {"type": "LogStrings", "path": ["monitoring", "stderr"], "values": [{"value": "\r  0%|          | 1441/300000 [00:27<1:38:51, 50.33it/s]", "step": null, "ts": 1643464714.8790607}]}, "version": 310}
{"obj": {"type": "LogStrings", "path": ["monitoring", "stderr"], "values": [{"value": "\r  0%|          | 1447/300000 [00:27<1:37:46, 50.89it/s]", "step": null, "ts": 1643464714.9941459}]}, "version": 311}
{"obj": {"type": "LogStrings", "path": ["monitoring", "stderr"], "values": [{"value": "\r  0%|          | 1453/300000 [00:27<1:36:28, 51.58it/s]", "step": null, "ts": 1643464715.1066961}]}, "version": 312}
{"obj": {"type": "LogStrings", "path": ["monitoring", "stderr"], "values": [{"value": "\r  0%|          | 1459/300000 [00:27<1:35:47, 51.94it/s]", "step": null, "ts": 1643464715.220225}]}, "version": 313}
{"obj": {"type": "LogStrings", "path": ["monitoring", "stderr"], "values": [{"value": "\r  0%|          | 1465/300000 [00:27<1:35:35, 52.05it/s]", "step": null, "ts": 1643464715.334959}]}, "version": 314}
{"obj": {"type": "LogStrings", "path": ["monitoring", "stderr"], "values": [{"value": "\r  0%|          | 1471/300000 [00:27<1:36:29, 51.56it/s]", "step": null, "ts": 1643464715.453866}]}, "version": 315}
{"obj": {"type": "LogStrings", "path": ["monitoring", "stderr"], "values": [{"value": "\r  0%|          | 1477/300000 [00:27<1:36:51, 51.37it/s]", "step": null, "ts": 1643464715.5716991}]}, "version": 316}
{"obj": {"type": "LogStrings", "path": ["monitoring", "stderr"], "values": [{"value": "\r  0%|          | 1483/300000 [00:28<1:37:35, 50.98it/s]", "step": null, "ts": 1643464715.6915038}]}, "version": 317}
{"obj": {"type": "LogStrings", "path": ["monitoring", "stderr"], "values": [{"value": "\r  0%|          | 1489/300000 [00:28<1:38:24, 50.55it/s]", "step": null, "ts": 1643464715.8124511}]}, "version": 318}
{"obj": {"type": "LogStrings", "path": ["monitoring", "stderr"], "values": [{"value": "\r  0%|          | 1495/300000 [00:28<1:38:30, 50.51it/s]", "step": null, "ts": 1643464715.931488}]}, "version": 319}
{"obj": {"type": "LogStrings", "path": ["monitoring", "stderr"], "values": [{"value": "\r  1%|          | 1501/300000 [00:28<1:38:10, 50.68it/s]", "step": null, "ts": 1643464716.048976}]}, "version": 320}
{"obj": {"type": "LogStrings", "path": ["monitoring", "stderr"], "values": [{"value": "\r  1%|          | 1507/300000 [00:28<1:36:25, 51.60it/s]", "step": null, "ts": 1643464716.1603358}]}, "version": 321}
{"obj": {"type": "LogStrings", "path": ["monitoring", "stderr"], "values": [{"value": "\r  1%|          | 1513/300000 [00:28<1:36:03, 51.79it/s]", "step": null, "ts": 1643464716.275221}]}, "version": 322}
{"obj": {"type": "LogStrings", "path": ["monitoring", "stderr"], "values": [{"value": "\r  1%|          | 1519/300000 [00:28<1:37:14, 51.15it/s]", "step": null, "ts": 1643464716.3958817}]}, "version": 323}
{"obj": {"type": "LogStrings", "path": ["monitoring", "stderr"], "values": [{"value": "\r  1%|          | 1525/300000 [00:28<1:35:44, 51.96it/s]", "step": null, "ts": 1643464716.5071006}]}, "version": 324}
{"obj": {"type": "LogStrings", "path": ["monitoring", "stderr"], "values": [{"value": "\r  1%|          | 1531/300000 [00:29<1:35:26, 52.12it/s]", "step": null, "ts": 1643464716.6213443}]}, "version": 325}
{"obj": {"type": "LogStrings", "path": ["monitoring", "stderr"], "values": [{"value": "\r  1%|          | 1537/300000 [00:29<1:33:49, 53.02it/s]", "step": null, "ts": 1643464716.7299745}]}, "version": 326}
{"obj": {"type": "LogStrings", "path": ["monitoring", "stderr"], "values": [{"value": "\r  1%|          | 1543/300000 [00:29<1:32:25, 53.82it/s]", "step": null, "ts": 1643464716.8375564}]}, "version": 327}
{"obj": {"type": "LogStrings", "path": ["monitoring", "stderr"], "values": [{"value": "\r  1%|          | 1549/300000 [00:29<1:31:29, 54.37it/s]", "step": null, "ts": 1643464716.9452388}]}, "version": 328}
{"obj": {"type": "LogStrings", "path": ["monitoring", "stderr"], "values": [{"value": "\r  1%|          | 1555/300000 [00:29<1:31:30, 54.36it/s]", "step": null, "ts": 1643464717.055699}]}, "version": 329}
{"obj": {"type": "LogStrings", "path": ["monitoring", "stderr"], "values": [{"value": "\r  1%|          | 1561/300000 [00:29<1:31:34, 54.32it/s]", "step": null, "ts": 1643464717.1663566}]}, "version": 330}
{"obj": {"type": "LogStrings", "path": ["monitoring", "stderr"], "values": [{"value": "\r  1%|          | 1567/300000 [00:29<1:31:37, 54.29it/s]", "step": null, "ts": 1643464717.2770042}]}, "version": 331}
{"obj": {"type": "LogStrings", "path": ["monitoring", "stderr"], "values": [{"value": "\r  1%|          | 1573/300000 [00:29<1:31:51, 54.14it/s]", "step": null, "ts": 1643464717.3886478}]}, "version": 332}
{"obj": {"type": "LogStrings", "path": ["monitoring", "stderr"], "values": [{"value": "\r  1%|          | 1579/300000 [00:29<1:31:22, 54.43it/s]", "step": null, "ts": 1643464717.4974031}]}, "version": 333}
{"obj": {"type": "LogStrings", "path": ["monitoring", "stderr"], "values": [{"value": "\r  1%|          | 1585/300000 [00:29<1:31:06, 54.59it/s]", "step": null, "ts": 1643464717.6066246}]}, "version": 334}
{"obj": {"type": "LogStrings", "path": ["monitoring", "stderr"], "values": [{"value": "\r  1%|          | 1591/300000 [00:30<1:31:00, 54.65it/s]", "step": null, "ts": 1643464717.7161994}]}, "version": 335}
{"obj": {"type": "LogStrings", "path": ["monitoring", "stderr"], "values": [{"value": "\r  1%|          | 1597/300000 [00:30<1:30:15, 55.10it/s]", "step": null, "ts": 1643464717.8229637}]}, "version": 336}
{"obj": {"type": "LogStrings", "path": ["monitoring", "stderr"], "values": [{"value": "\r  1%|          | 1603/300000 [00:30<1:30:19, 55.06it/s]", "step": null, "ts": 1643464717.9320397}]}, "version": 337}
{"obj": {"type": "LogStrings", "path": ["monitoring", "stderr"], "values": [{"value": "\r  1%|          | 1609/300000 [00:30<1:30:03, 55.22it/s]", "step": null, "ts": 1643464718.040012}]}, "version": 338}
{"obj": {"type": "LogStrings", "path": ["monitoring", "stderr"], "values": [{"value": "\r  1%|          | 1615/300000 [00:30<1:30:12, 55.13it/s]", "step": null, "ts": 1643464718.149208}]}, "version": 339}
{"obj": {"type": "LogStrings", "path": ["monitoring", "stderr"], "values": [{"value": "\r  1%|          | 1621/300000 [00:30<1:29:55, 55.30it/s]", "step": null, "ts": 1643464718.2568839}]}, "version": 340}
{"obj": {"type": "LogStrings", "path": ["monitoring", "stderr"], "values": [{"value": "\r  1%|          | 1627/300000 [00:30<1:29:54, 55.31it/s]", "step": null, "ts": 1643464718.365348}]}, "version": 341}
{"obj": {"type": "LogStrings", "path": ["monitoring", "stderr"], "values": [{"value": "\r  1%|          | 1633/300000 [00:30<1:29:56, 55.29it/s]", "step": null, "ts": 1643464718.4740617}]}, "version": 342}
{"obj": {"type": "LogStrings", "path": ["monitoring", "stderr"], "values": [{"value": "\r  1%|          | 1639/300000 [00:30<1:29:46, 55.39it/s]", "step": null, "ts": 1643464718.581822}]}, "version": 343}
{"obj": {"type": "LogStrings", "path": ["monitoring", "stderr"], "values": [{"value": "\r  1%|          | 1645/300000 [00:31<1:30:00, 55.24it/s]", "step": null, "ts": 1643464718.6911836}]}, "version": 344}
{"obj": {"type": "LogStrings", "path": ["monitoring", "stderr"], "values": [{"value": "\r  1%|          | 1651/300000 [00:31<1:30:25, 54.99it/s]", "step": null, "ts": 1643464718.8014047}]}, "version": 345}
{"obj": {"type": "LogStrings", "path": ["monitoring", "stderr"], "values": [{"value": "\r  1%|          | 1657/300000 [00:31<1:30:31, 54.93it/s]", "step": null, "ts": 1643464718.9108799}]}, "version": 346}
{"obj": {"type": "LogStrings", "path": ["monitoring", "stderr"], "values": [{"value": "\r  1%|          | 1663/300000 [00:31<1:30:25, 54.98it/s]", "step": null, "ts": 1643464719.019768}]}, "version": 347}
{"obj": {"type": "LogStrings", "path": ["monitoring", "stderr"], "values": [{"value": "\r  1%|          | 1669/300000 [00:31<1:30:22, 55.01it/s]", "step": null, "ts": 1643464719.1286907}]}, "version": 348}
{"obj": {"type": "LogStrings", "path": ["monitoring", "stderr"], "values": [{"value": "\r  1%|          | 1675/300000 [00:31<1:30:13, 55.11it/s]", "step": null, "ts": 1643464719.2371368}]}, "version": 349}
{"obj": {"type": "LogStrings", "path": ["monitoring", "stderr"], "values": [{"value": "\r  1%|          | 1681/300000 [00:31<1:31:02, 54.61it/s]", "step": null, "ts": 1643464719.349289}]}, "version": 350}
{"obj": {"type": "LogStrings", "path": ["monitoring", "stderr"], "values": [{"value": "\r  1%|          | 1687/300000 [00:31<1:30:56, 54.67it/s]", "step": null, "ts": 1643464719.4587493}]}, "version": 351}
{"obj": {"type": "LogStrings", "path": ["monitoring", "stderr"], "values": [{"value": "\r  1%|          | 1693/300000 [00:31<1:30:41, 54.82it/s]", "step": null, "ts": 1643464719.5675874}]}, "version": 352}
{"obj": {"type": "LogStrings", "path": ["monitoring", "stderr"], "values": [{"value": "\r  1%|          | 1699/300000 [00:32<1:30:33, 54.90it/s]", "step": null, "ts": 1643464719.6764622}]}, "version": 353}
{"obj": {"type": "LogStrings", "path": ["monitoring", "stderr"], "values": [{"value": "\r  1%|          | 1705/300000 [00:32<1:31:32, 54.31it/s]", "step": null, "ts": 1643464719.7897003}]}, "version": 354}
{"obj": {"type": "LogStrings", "path": ["monitoring", "stderr"], "values": [{"value": "\r  1%|          | 1711/300000 [00:32<1:31:55, 54.08it/s]", "step": null, "ts": 1643464719.9017534}]}, "version": 355}
{"obj": {"type": "LogStrings", "path": ["monitoring", "stderr"], "values": [{"value": "\r  1%|          | 1717/300000 [00:32<1:32:46, 53.59it/s]", "step": null, "ts": 1643464720.0161018}]}, "version": 356}
{"obj": {"type": "LogStrings", "path": ["monitoring", "stderr"], "values": [{"value": "\r  1%|          | 1723/300000 [00:32<1:33:42, 53.05it/s]", "step": null, "ts": 1643464720.1320214}]}, "version": 357}
{"obj": {"type": "LogStrings", "path": ["monitoring", "stderr"], "values": [{"value": "\r  1%|          | 1729/300000 [00:32<1:34:03, 52.85it/s]", "step": null, "ts": 1643464720.246357}]}, "version": 358}
{"obj": {"type": "LogStrings", "path": ["monitoring", "stderr"], "values": [{"value": "\r  1%|          | 1735/300000 [00:32<1:36:54, 51.29it/s]", "step": null, "ts": 1643464720.3713982}]}, "version": 359}
{"obj": {"type": "LogStrings", "path": ["monitoring", "stderr"], "values": [{"value": "\r  1%|          | 1741/300000 [00:32<1:36:08, 51.70it/s]", "step": null, "ts": 1643464720.485282}]}, "version": 360}
{"obj": {"type": "LogStrings", "path": ["monitoring", "stderr"], "values": [{"value": "\r  1%|          | 1747/300000 [00:32<1:35:08, 52.24it/s]", "step": null, "ts": 1643464720.597315}]}, "version": 361}
{"obj": {"type": "LogStrings", "path": ["monitoring", "stderr"], "values": [{"value": "\r  1%|          | 1753/300000 [00:33<1:35:57, 51.80it/s]", "step": null, "ts": 1643464720.7154486}]}, "version": 362}
{"obj": {"type": "LogStrings", "path": ["monitoring", "stderr"], "values": [{"value": "\r  1%|          | 1759/300000 [00:33<1:34:29, 52.60it/s]", "step": null, "ts": 1643464720.8253942}]}, "version": 363}
{"obj": {"type": "LogStrings", "path": ["monitoring", "stderr"], "values": [{"value": "\r  1%|          | 1765/300000 [00:33<1:33:10, 53.35it/s]", "step": null, "ts": 1643464720.93414}]}, "version": 364}
{"obj": {"type": "LogFloats", "path": ["monitoring", "cpu"], "values": [{"value": 18.7, "step": null, "ts": 1643464720.9444902}]}, "version": 365}
{"obj": {"type": "LogFloats", "path": ["monitoring", "memory"], "values": [{"value": 25.412296295166016, "step": null, "ts": 1643464720.9444902}]}, "version": 366}
{"obj": {"type": "LogFloats", "path": ["monitoring", "gpu"], "values": [{"value": 3.0, "step": null, "ts": 1643464720.9444902}]}, "version": 367}
{"obj": {"type": "LogFloats", "path": ["monitoring", "gpu_memory"], "values": [{"value": 0.9168701171875, "step": null, "ts": 1643464720.9444902}]}, "version": 368}
{"obj": {"type": "LogStrings", "path": ["monitoring", "stderr"], "values": [{"value": "\r  1%|          | 1771/300000 [00:33<1:31:57, 54.05it/s]", "step": null, "ts": 1643464721.0417416}]}, "version": 369}
{"obj": {"type": "LogStrings", "path": ["monitoring", "stderr"], "values": [{"value": "\r  1%|          | 1777/300000 [00:33<1:30:51, 54.70it/s]", "step": null, "ts": 1643464721.1483402}]}, "version": 370}
{"obj": {"type": "LogStrings", "path": ["monitoring", "stderr"], "values": [{"value": "\r  1%|          | 1783/300000 [00:33<1:30:23, 54.98it/s]", "step": null, "ts": 1643464721.25616}]}, "version": 371}
{"obj": {"type": "LogStrings", "path": ["monitoring", "stderr"], "values": [{"value": "\r  1%|          | 1789/300000 [00:33<1:30:02, 55.20it/s]", "step": null, "ts": 1643464721.3638868}]}, "version": 372}
{"obj": {"type": "LogStrings", "path": ["monitoring", "stderr"], "values": [{"value": "\r  1%|          | 1795/300000 [00:33<1:29:21, 55.62it/s]", "step": null, "ts": 1643464721.4698093}]}, "version": 373}
{"obj": {"type": "LogStrings", "path": ["monitoring", "stderr"], "values": [{"value": "\r  1%|          | 1801/300000 [00:33<1:29:16, 55.67it/s]", "step": null, "ts": 1643464721.5773985}]}, "version": 374}
{"obj": {"type": "LogStrings", "path": ["monitoring", "stderr"], "values": [{"value": "\r  1%|          | 1807/300000 [00:34<1:29:38, 55.44it/s]", "step": null, "ts": 1643464721.6866484}]}, "version": 375}
{"obj": {"type": "LogStrings", "path": ["monitoring", "stderr"], "values": [{"value": "\r  1%|          | 1813/300000 [00:34<1:30:41, 54.80it/s]", "step": null, "ts": 1643464721.7990801}]}, "version": 376}
{"obj": {"type": "LogStrings", "path": ["monitoring", "stderr"], "values": [{"value": "\r  1%|          | 1819/300000 [00:34<1:31:10, 54.51it/s]", "step": null, "ts": 1643464721.910601}]}, "version": 377}
{"obj": {"type": "LogStrings", "path": ["monitoring", "stderr"], "values": [{"value": "\r  1%|          | 1825/300000 [00:34<1:32:08, 53.94it/s]", "step": null, "ts": 1643464722.024476}]}, "version": 378}
{"obj": {"type": "LogStrings", "path": ["monitoring", "stderr"], "values": [{"value": "\r  1%|          | 1831/300000 [00:34<1:32:14, 53.87it/s]", "step": null, "ts": 1643464722.1363575}]}, "version": 379}
{"obj": {"type": "LogStrings", "path": ["monitoring", "stderr"], "values": [{"value": "\r  1%|          | 1837/300000 [00:34<1:32:12, 53.89it/s]", "step": null, "ts": 1643464722.2474296}]}, "version": 380}
{"obj": {"type": "LogStrings", "path": ["monitoring", "stderr"], "values": [{"value": "\r  1%|          | 1843/300000 [00:34<1:31:49, 54.12it/s]", "step": null, "ts": 1643464722.3572054}]}, "version": 381}
{"obj": {"type": "LogStrings", "path": ["monitoring", "stderr"], "values": [{"value": "\r  1%|          | 1849/300000 [00:34<1:31:31, 54.29it/s]", "step": null, "ts": 1643464722.4668798}]}, "version": 382}
{"obj": {"type": "LogStrings", "path": ["monitoring", "stderr"], "values": [{"value": "\r  1%|          | 1855/300000 [00:34<1:30:53, 54.67it/s]", "step": null, "ts": 1643464722.5748596}]}, "version": 383}
{"obj": {"type": "LogStrings", "path": ["monitoring", "stderr"], "values": [{"value": "\r  1%|          | 1861/300000 [00:35<1:30:43, 54.77it/s]", "step": null, "ts": 1643464722.6839364}]}, "version": 384}
{"obj": {"type": "LogStrings", "path": ["monitoring", "stderr"], "values": [{"value": "\r  1%|          | 1867/300000 [00:35<1:30:19, 55.01it/s]", "step": null, "ts": 1643464722.7920716}]}, "version": 385}
{"obj": {"type": "LogStrings", "path": ["monitoring", "stderr"], "values": [{"value": "\r  1%|          | 1873/300000 [00:35<1:29:55, 55.25it/s]", "step": null, "ts": 1643464722.899387}]}, "version": 386}
{"obj": {"type": "LogStrings", "path": ["monitoring", "stderr"], "values": [{"value": "\r  1%|          | 1879/300000 [00:35<1:29:42, 55.39it/s]", "step": null, "ts": 1643464723.0071867}]}, "version": 387}
{"obj": {"type": "LogStrings", "path": ["monitoring", "stderr"], "values": [{"value": "\r  1%|          | 1885/300000 [00:35<1:30:06, 55.14it/s]", "step": null, "ts": 1643464723.1170177}]}, "version": 388}
{"obj": {"type": "LogStrings", "path": ["monitoring", "stderr"], "values": [{"value": "\r  1%|          | 1891/300000 [00:35<1:29:12, 55.70it/s]", "step": null, "ts": 1643464723.2221851}]}, "version": 389}
{"obj": {"type": "LogStrings", "path": ["monitoring", "stderr"], "values": [{"value": "\r  1%|          | 1897/300000 [00:35<1:28:59, 55.83it/s]", "step": null, "ts": 1643464723.329074}]}, "version": 390}
{"obj": {"type": "LogStrings", "path": ["monitoring", "stderr"], "values": [{"value": "\r  1%|          | 1903/300000 [00:35<1:29:26, 55.55it/s]", "step": null, "ts": 1643464723.4384186}]}, "version": 391}
{"obj": {"type": "LogStrings", "path": ["monitoring", "stderr"], "values": [{"value": "\r  1%|          | 1909/300000 [00:35<1:30:04, 55.16it/s]", "step": null, "ts": 1643464723.548964}]}, "version": 392}
{"obj": {"type": "LogStrings", "path": ["monitoring", "stderr"], "values": [{"value": "\r  1%|          | 1915/300000 [00:36<1:29:51, 55.29it/s]", "step": null, "ts": 1643464723.6568398}]}, "version": 393}
{"obj": {"type": "LogStrings", "path": ["monitoring", "stderr"], "values": [{"value": "\r  1%|          | 1921/300000 [00:36<1:29:03, 55.79it/s]", "step": null, "ts": 1643464723.7621326}]}, "version": 394}
{"obj": {"type": "LogStrings", "path": ["monitoring", "stderr"], "values": [{"value": "\r  1%|          | 1927/300000 [00:36<1:29:01, 55.80it/s]", "step": null, "ts": 1643464723.869588}]}, "version": 395}
{"obj": {"type": "LogStrings", "path": ["monitoring", "stderr"], "values": [{"value": "\r  1%|          | 1933/300000 [00:36<1:28:19, 56.25it/s]", "step": null, "ts": 1643464723.9742558}]}, "version": 396}
{"obj": {"type": "LogStrings", "path": ["monitoring", "stderr"], "values": [{"value": "\r  1%|          | 1939/300000 [00:36<1:28:16, 56.28it/s]", "step": null, "ts": 1643464724.0807343}]}, "version": 397}
{"obj": {"type": "LogStrings", "path": ["monitoring", "stderr"], "values": [{"value": "\r  1%|          | 1945/300000 [00:36<1:27:53, 56.52it/s]", "step": null, "ts": 1643464724.185826}]}, "version": 398}
{"obj": {"type": "LogStrings", "path": ["monitoring", "stderr"], "values": [{"value": "\r  1%|          | 1951/300000 [00:36<1:27:43, 56.63it/s]", "step": null, "ts": 1643464724.2913988}]}, "version": 399}
{"obj": {"type": "LogStrings", "path": ["monitoring", "stderr"], "values": [{"value": "\r  1%|          | 1957/300000 [00:36<1:27:21, 56.86it/s]", "step": null, "ts": 1643464724.3958297}]}, "version": 400}
{"obj": {"type": "LogStrings", "path": ["monitoring", "stderr"], "values": [{"value": "\r  1%|          | 1963/300000 [00:36<1:27:45, 56.61it/s]", "step": null, "ts": 1643464724.5029337}]}, "version": 401}
{"obj": {"type": "LogStrings", "path": ["monitoring", "stderr"], "values": [{"value": "\r  1%|          | 1969/300000 [00:36<1:28:19, 56.24it/s]", "step": null, "ts": 1643464724.6112244}]}, "version": 402}
{"obj": {"type": "LogStrings", "path": ["monitoring", "stderr"], "values": [{"value": "\r  1%|          | 1975/300000 [00:37<1:28:56, 55.85it/s]", "step": null, "ts": 1643464724.72042}]}, "version": 403}
{"obj": {"type": "LogStrings", "path": ["monitoring", "stderr"], "values": [{"value": "\r  1%|          | 1981/300000 [00:37<1:29:13, 55.67it/s]", "step": null, "ts": 1643464724.8290148}]}, "version": 404}
{"obj": {"type": "LogStrings", "path": ["monitoring", "stderr"], "values": [{"value": "\r  1%|          | 1987/300000 [00:37<1:29:53, 55.25it/s]", "step": null, "ts": 1643464724.9394822}]}, "version": 405}
{"obj": {"type": "LogStrings", "path": ["monitoring", "stderr"], "values": [{"value": "\r  1%|          | 1993/300000 [00:37<1:34:56, 52.32it/s]", "step": null, "ts": 1643464725.0684044}]}, "version": 406}
{"obj": {"type": "LogStrings", "path": ["monitoring", "stderr"], "values": [{"value": "\r  1%|          | 1999/300000 [00:37<1:33:34, 53.08it/s]", "step": null, "ts": 1643464725.1776083}]}, "version": 407}
{"obj": {"type": "LogStrings", "path": ["monitoring", "stderr"], "values": [{"value": "", "step": null, "ts": 1643464726.4091828}]}, "version": 408}
{"obj": {"type": "LogStrings", "path": ["monitoring", "stderr"], "values": [{"value": "\r  1%|          | 2000/300000 [00:38<1:36:20, 51.55it/s]", "step": null, "ts": 1643464726.4095619}]}, "version": 409}
{"obj": {"type": "LogStrings", "path": ["monitoring", "stderr"], "values": [{"value": "\n", "step": null, "ts": 1643464726.4100664}]}, "version": 410}
{"obj": {"type": "LogFloats", "path": ["monitoring", "cpu"], "values": [{"value": 12.5, "step": null, "ts": 1643464730.9514349}]}, "version": 411}
{"obj": {"type": "LogFloats", "path": ["monitoring", "memory"], "values": [{"value": 25.18133544921875, "step": null, "ts": 1643464730.9514349}]}, "version": 412}
{"obj": {"type": "LogFloats", "path": ["monitoring", "gpu_memory"], "values": [{"value": 1.0457763671875, "step": null, "ts": 1643464730.9514349}]}, "version": 413}
{"obj": {"type": "LogFloats", "path": ["monitoring", "cpu"], "values": [{"value": 3.3, "step": null, "ts": 1643464740.952346}]}, "version": 414}
{"obj": {"type": "LogFloats", "path": ["monitoring", "memory"], "values": [{"value": 25.168010711669922, "step": null, "ts": 1643464740.952346}]}, "version": 415}
{"obj": {"type": "LogFloats", "path": ["monitoring", "gpu_memory"], "values": [{"value": 1.0457763671875, "step": null, "ts": 1643464740.952346}]}, "version": 416}
{"obj": {"type": "LogFloats", "path": ["monitoring", "cpu"], "values": [{"value": 5.8, "step": null, "ts": 1643464750.9554055}]}, "version": 417}
{"obj": {"type": "LogFloats", "path": ["monitoring", "memory"], "values": [{"value": 25.193546295166016, "step": null, "ts": 1643464750.9554055}]}, "version": 418}
{"obj": {"type": "LogFloats", "path": ["monitoring", "gpu_memory"], "values": [{"value": 1.0457763671875, "step": null, "ts": 1643464750.9554055}]}, "version": 419}
{"obj": {"type": "LogFloats", "path": ["monitoring", "cpu"], "values": [{"value": 11.1, "step": null, "ts": 1643464760.9562597}]}, "version": 420}
{"obj": {"type": "LogFloats", "path": ["monitoring", "memory"], "values": [{"value": 25.26026153564453, "step": null, "ts": 1643464760.9562597}]}, "version": 421}
{"obj": {"type": "LogFloats", "path": ["monitoring", "gpu_memory"], "values": [{"value": 1.0457763671875, "step": null, "ts": 1643464760.9562597}]}, "version": 422}
{"obj": {"type": "LogFloats", "path": ["monitoring", "cpu"], "values": [{"value": 6.4, "step": null, "ts": 1643464770.9570415}]}, "version": 423}
{"obj": {"type": "LogFloats", "path": ["monitoring", "memory"], "values": [{"value": 25.23733901977539, "step": null, "ts": 1643464770.9570415}]}, "version": 424}
{"obj": {"type": "LogFloats", "path": ["monitoring", "gpu_memory"], "values": [{"value": 1.0457763671875, "step": null, "ts": 1643464770.9570415}]}, "version": 425}
{"obj": {"type": "LogFloats", "path": ["monitoring", "cpu"], "values": [{"value": 7.8, "step": null, "ts": 1643464780.9578388}]}, "version": 426}
{"obj": {"type": "LogFloats", "path": ["monitoring", "memory"], "values": [{"value": 25.26351547241211, "step": null, "ts": 1643464780.9578388}]}, "version": 427}
{"obj": {"type": "LogFloats", "path": ["monitoring", "gpu_memory"], "values": [{"value": 1.0457763671875, "step": null, "ts": 1643464780.9578388}]}, "version": 428}
{"obj": {"type": "LogFloats", "path": ["monitoring", "cpu"], "values": [{"value": 7.4, "step": null, "ts": 1643464790.9586813}]}, "version": 429}
{"obj": {"type": "LogFloats", "path": ["monitoring", "memory"], "values": [{"value": 25.254276275634766, "step": null, "ts": 1643464790.9586813}]}, "version": 430}
{"obj": {"type": "LogFloats", "path": ["monitoring", "gpu_memory"], "values": [{"value": 1.0457763671875, "step": null, "ts": 1643464790.9586813}]}, "version": 431}
{"obj": {"type": "LogFloats", "path": ["monitoring", "cpu"], "values": [{"value": 5.0, "step": null, "ts": 1643464800.9595606}]}, "version": 432}
{"obj": {"type": "LogFloats", "path": ["monitoring", "memory"], "values": [{"value": 25.245235443115234, "step": null, "ts": 1643464800.9595606}]}, "version": 433}
{"obj": {"type": "LogFloats", "path": ["monitoring", "gpu"], "values": [{"value": 1.0, "step": null, "ts": 1643464800.9595606}]}, "version": 434}
{"obj": {"type": "LogFloats", "path": ["monitoring", "gpu_memory"], "values": [{"value": 1.0457763671875, "step": null, "ts": 1643464800.9595606}]}, "version": 435}
{"obj": {"type": "LogFloats", "path": ["monitoring", "cpu"], "values": [{"value": 10.7, "step": null, "ts": 1643464810.9604545}]}, "version": 436}
{"obj": {"type": "LogFloats", "path": ["monitoring", "memory"], "values": [{"value": 25.276771545410156, "step": null, "ts": 1643464810.9604545}]}, "version": 437}
{"obj": {"type": "LogFloats", "path": ["monitoring", "gpu"], "values": [{"value": 20.0, "step": null, "ts": 1643464810.9604545}]}, "version": 438}
{"obj": {"type": "LogFloats", "path": ["monitoring", "gpu_memory"], "values": [{"value": 1.0457763671875, "step": null, "ts": 1643464810.9604545}]}, "version": 439}
{"obj": {"type": "LogFloats", "path": ["monitoring", "cpu"], "values": [{"value": 9.7, "step": null, "ts": 1643464820.9616704}]}, "version": 440}
{"obj": {"type": "LogFloats", "path": ["monitoring", "memory"], "values": [{"value": 25.276241302490234, "step": null, "ts": 1643464820.9616704}]}, "version": 441}
{"obj": {"type": "LogFloats", "path": ["monitoring", "gpu_memory"], "values": [{"value": 1.0457763671875, "step": null, "ts": 1643464820.9616704}]}, "version": 442}
{"obj": {"type": "LogFloats", "path": ["monitoring", "cpu"], "values": [{"value": 9.3, "step": null, "ts": 1643464830.9627423}]}, "version": 443}
{"obj": {"type": "LogFloats", "path": ["monitoring", "memory"], "values": [{"value": 25.265880584716797, "step": null, "ts": 1643464830.9627423}]}, "version": 444}
{"obj": {"type": "LogFloats", "path": ["monitoring", "gpu_memory"], "values": [{"value": 1.0457763671875, "step": null, "ts": 1643464830.9627423}]}, "version": 445}
{"obj": {"type": "LogFloats", "path": ["monitoring", "cpu"], "values": [{"value": 4.0, "step": null, "ts": 1643464840.963753}]}, "version": 446}
{"obj": {"type": "LogFloats", "path": ["monitoring", "memory"], "values": [{"value": 25.266056060791016, "step": null, "ts": 1643464840.963753}]}, "version": 447}
{"obj": {"type": "LogFloats", "path": ["monitoring", "gpu_memory"], "values": [{"value": 1.0457763671875, "step": null, "ts": 1643464840.963753}]}, "version": 448}
{"obj": {"type": "LogFloats", "path": ["monitoring", "cpu"], "values": [{"value": 4.2, "step": null, "ts": 1643464850.9646726}]}, "version": 449}
{"obj": {"type": "LogFloats", "path": ["monitoring", "memory"], "values": [{"value": 25.248409271240234, "step": null, "ts": 1643464850.9646726}]}, "version": 450}
{"obj": {"type": "LogFloats", "path": ["monitoring", "gpu_memory"], "values": [{"value": 1.0457763671875, "step": null, "ts": 1643464850.9646726}]}, "version": 451}
{"obj": {"type": "LogFloats", "path": ["monitoring", "cpu"], "values": [{"value": 12.2, "step": null, "ts": 1643464860.9656577}]}, "version": 452}
{"obj": {"type": "LogFloats", "path": ["monitoring", "memory"], "values": [{"value": 25.31256103515625, "step": null, "ts": 1643464860.9656577}]}, "version": 453}
{"obj": {"type": "LogFloats", "path": ["monitoring", "gpu_memory"], "values": [{"value": 1.0457763671875, "step": null, "ts": 1643464860.9656577}]}, "version": 454}
{"obj": {"type": "LogFloats", "path": ["monitoring", "cpu"], "values": [{"value": 6.7, "step": null, "ts": 1643464870.966553}]}, "version": 455}
{"obj": {"type": "LogFloats", "path": ["monitoring", "memory"], "values": [{"value": 25.285640716552734, "step": null, "ts": 1643464870.966553}]}, "version": 456}
{"obj": {"type": "LogFloats", "path": ["monitoring", "gpu_memory"], "values": [{"value": 1.0457763671875, "step": null, "ts": 1643464870.966553}]}, "version": 457}
{"obj": {"type": "LogFloats", "path": ["monitoring", "cpu"], "values": [{"value": 9.3, "step": null, "ts": 1643464880.9673445}]}, "version": 458}
{"obj": {"type": "LogFloats", "path": ["monitoring", "memory"], "values": [{"value": 25.299327850341797, "step": null, "ts": 1643464880.9673445}]}, "version": 459}
{"obj": {"type": "LogFloats", "path": ["monitoring", "gpu"], "values": [{"value": 14.0, "step": null, "ts": 1643464880.9673445}]}, "version": 460}
{"obj": {"type": "LogFloats", "path": ["monitoring", "gpu_memory"], "values": [{"value": 1.0457763671875, "step": null, "ts": 1643464880.9673445}]}, "version": 461}
{"obj": {"type": "LogFloats", "path": ["monitoring", "cpu"], "values": [{"value": 11.7, "step": null, "ts": 1643464890.968426}]}, "version": 462}
{"obj": {"type": "LogFloats", "path": ["monitoring", "memory"], "values": [{"value": 25.249374389648438, "step": null, "ts": 1643464890.968426}]}, "version": 463}
{"obj": {"type": "LogFloats", "path": ["monitoring", "gpu_memory"], "values": [{"value": 1.0457763671875, "step": null, "ts": 1643464890.968426}]}, "version": 464}
{"obj": {"type": "LogFloats", "path": ["monitoring", "cpu"], "values": [{"value": 5.9, "step": null, "ts": 1643464900.9693265}]}, "version": 465}
{"obj": {"type": "LogFloats", "path": ["monitoring", "memory"], "values": [{"value": 25.245288848876953, "step": null, "ts": 1643464900.9693265}]}, "version": 466}
{"obj": {"type": "LogFloats", "path": ["monitoring", "gpu"], "values": [{"value": 15.0, "step": null, "ts": 1643464900.9693265}]}, "version": 467}
{"obj": {"type": "LogFloats", "path": ["monitoring", "gpu_memory"], "values": [{"value": 1.0457763671875, "step": null, "ts": 1643464900.9693265}]}, "version": 468}
{"obj": {"type": "LogFloats", "path": ["monitoring", "cpu"], "values": [{"value": 9.2, "step": null, "ts": 1643464910.970301}]}, "version": 469}
{"obj": {"type": "LogFloats", "path": ["monitoring", "memory"], "values": [{"value": 25.243656158447266, "step": null, "ts": 1643464910.970301}]}, "version": 470}
{"obj": {"type": "LogFloats", "path": ["monitoring", "gpu_memory"], "values": [{"value": 1.0457763671875, "step": null, "ts": 1643464910.970301}]}, "version": 471}
{"obj": {"type": "LogFloats", "path": ["monitoring", "cpu"], "values": [{"value": 12.2, "step": null, "ts": 1643464920.971613}]}, "version": 472}
{"obj": {"type": "LogFloats", "path": ["monitoring", "memory"], "values": [{"value": 25.23188018798828, "step": null, "ts": 1643464920.971613}]}, "version": 473}
{"obj": {"type": "LogFloats", "path": ["monitoring", "gpu"], "values": [{"value": 1.0, "step": null, "ts": 1643464920.971613}]}, "version": 474}
{"obj": {"type": "LogFloats", "path": ["monitoring", "gpu_memory"], "values": [{"value": 1.0457763671875, "step": null, "ts": 1643464920.971613}]}, "version": 475}
{"obj": {"type": "LogFloats", "path": ["monitoring", "cpu"], "values": [{"value": 10.5, "step": null, "ts": 1643464930.9726906}]}, "version": 476}
{"obj": {"type": "LogFloats", "path": ["monitoring", "memory"], "values": [{"value": 25.230728149414062, "step": null, "ts": 1643464930.9726906}]}, "version": 477}
{"obj": {"type": "LogFloats", "path": ["monitoring", "gpu_memory"], "values": [{"value": 1.0457763671875, "step": null, "ts": 1643464930.9726906}]}, "version": 478}
{"obj": {"type": "LogFloats", "path": ["monitoring", "cpu"], "values": [{"value": 9.5, "step": null, "ts": 1643464940.9735305}]}, "version": 479}
{"obj": {"type": "LogFloats", "path": ["monitoring", "memory"], "values": [{"value": 25.209693908691406, "step": null, "ts": 1643464940.9735305}]}, "version": 480}
{"obj": {"type": "LogFloats", "path": ["monitoring", "gpu"], "values": [{"value": 17.0, "step": null, "ts": 1643464940.9735305}]}, "version": 481}
{"obj": {"type": "LogFloats", "path": ["monitoring", "gpu_memory"], "values": [{"value": 1.0457763671875, "step": null, "ts": 1643464940.9735305}]}, "version": 482}
{"obj": {"type": "LogFloats", "path": ["monitoring", "cpu"], "values": [{"value": 10.4, "step": null, "ts": 1643464950.9745297}]}, "version": 483}
{"obj": {"type": "LogFloats", "path": ["monitoring", "memory"], "values": [{"value": 25.227680206298828, "step": null, "ts": 1643464950.9745297}]}, "version": 484}
{"obj": {"type": "LogFloats", "path": ["monitoring", "gpu_memory"], "values": [{"value": 1.0457763671875, "step": null, "ts": 1643464950.9745297}]}, "version": 485}
{"obj": {"type": "LogFloats", "path": ["monitoring", "cpu"], "values": [{"value": 18.5, "step": null, "ts": 1643464960.9760733}]}, "version": 486}
{"obj": {"type": "LogFloats", "path": ["monitoring", "memory"], "values": [{"value": 25.243404388427734, "step": null, "ts": 1643464960.9760733}]}, "version": 487}
{"obj": {"type": "LogFloats", "path": ["monitoring", "gpu"], "values": [{"value": 3.0, "step": null, "ts": 1643464960.9760733}]}, "version": 488}
{"obj": {"type": "LogFloats", "path": ["monitoring", "gpu_memory"], "values": [{"value": 1.0457763671875, "step": null, "ts": 1643464960.9760733}]}, "version": 489}
{"obj": {"type": "LogFloats", "path": ["monitoring", "cpu"], "values": [{"value": 11.7, "step": null, "ts": 1643464970.9771419}]}, "version": 490}
{"obj": {"type": "LogFloats", "path": ["monitoring", "memory"], "values": [{"value": 25.22350311279297, "step": null, "ts": 1643464970.9771419}]}, "version": 491}
{"obj": {"type": "LogFloats", "path": ["monitoring", "gpu"], "values": [{"value": 7.0, "step": null, "ts": 1643464970.9771419}]}, "version": 492}
{"obj": {"type": "LogFloats", "path": ["monitoring", "gpu_memory"], "values": [{"value": 1.0457763671875, "step": null, "ts": 1643464970.9771419}]}, "version": 493}
{"obj": {"type": "LogFloats", "path": ["monitoring", "cpu"], "values": [{"value": 13.8, "step": null, "ts": 1643464980.9780414}]}, "version": 494}
{"obj": {"type": "LogFloats", "path": ["monitoring", "memory"], "values": [{"value": 25.20828628540039, "step": null, "ts": 1643464980.9780414}]}, "version": 495}
{"obj": {"type": "LogFloats", "path": ["monitoring", "gpu"], "values": [{"value": 1.0, "step": null, "ts": 1643464980.9780414}]}, "version": 496}
{"obj": {"type": "LogFloats", "path": ["monitoring", "gpu_memory"], "values": [{"value": 1.0457763671875, "step": null, "ts": 1643464980.9780414}]}, "version": 497}
{"obj": {"type": "LogFloats", "path": ["monitoring", "cpu"], "values": [{"value": 9.3, "step": null, "ts": 1643464990.9788918}]}, "version": 498}
{"obj": {"type": "LogFloats", "path": ["monitoring", "memory"], "values": [{"value": 25.219676971435547, "step": null, "ts": 1643464990.9788918}]}, "version": 499}
{"obj": {"type": "LogFloats", "path": ["monitoring", "gpu"], "values": [{"value": 22.0, "step": null, "ts": 1643464990.9788918}]}, "version": 500}
{"obj": {"type": "LogFloats", "path": ["monitoring", "gpu_memory"], "values": [{"value": 1.0457763671875, "step": null, "ts": 1643464990.9788918}]}, "version": 501}
{"obj": {"type": "LogStrings", "path": ["monitoring", "stdout"], "values": [{"value": "Shutting down background jobs, please wait a moment...\n", "step": null, "ts": 1643465000.0791724}]}, "version": 502}
