{"obj": {"type": "AssignString", "path": ["sys", "name"], "value": "Untitled"}, "version": 1}
{"obj": {"type": "AssignString", "path": ["sys", "description"], "value": ""}, "version": 2}
{"obj": {"type": "AssignString", "path": ["sys", "hostname"], "value": "xhnfly-Strix-GL504GS-S5CS"}, "version": 3}
{"obj": {"type": "AssignBool", "path": ["sys", "failed"], "value": false}, "version": 4}
{"obj": {"type": "ClearStringLog", "path": ["monitoring", "stdout"]}, "version": 5}
{"obj": {"type": "ClearStringLog", "path": ["monitoring", "stderr"]}, "version": 6}
{"obj": {"type": "ConfigFloatSeries", "path": ["monitoring", "cpu"], "min": 0.0, "max": 100.0, "unit": "%"}, "version": 7}
{"obj": {"type": "ClearFloatLog", "path": ["monitoring", "cpu"]}, "version": 8}
{"obj": {"type": "ConfigFloatSeries", "path": ["monitoring", "memory"], "min": 0.0, "max": 31.287979125976562, "unit": "GB"}, "version": 9}
{"obj": {"type": "ClearFloatLog", "path": ["monitoring", "memory"]}, "version": 10}
{"obj": {"type": "ConfigFloatSeries", "path": ["monitoring", "gpu"], "min": 0.0, "max": 100.0, "unit": "%"}, "version": 11}
{"obj": {"type": "ClearFloatLog", "path": ["monitoring", "gpu"]}, "version": 12}
{"obj": {"type": "ConfigFloatSeries", "path": ["monitoring", "gpu_memory"], "min": 0.0, "max": 7.9210205078125, "unit": "GB"}, "version": 13}
{"obj": {"type": "ClearFloatLog", "path": ["monitoring", "gpu_memory"]}, "version": 14}
{"obj": {"type": "LogFloats", "path": ["monitoring", "cpu"], "values": [{"value": 3.0, "step": null, "ts": 1643509794.2250576}]}, "version": 15}
{"obj": {"type": "LogStrings", "path": ["monitoring", "stdout"], "values": [{"value": "", "step": null, "ts": 1643509794.2299953}]}, "version": 16}
{"obj": {"type": "LogFloats", "path": ["monitoring", "memory"], "values": [{"value": 7.570774078369141, "step": null, "ts": 1643509794.2250576}]}, "version": 17}
{"obj": {"type": "LogStrings", "path": ["monitoring", "stdout"], "values": [{"value": "Remember to stop your run once you\u2019ve finished logging your metadata (https://docs.neptune.ai/api-reference/run#.stop). It will be stopped automatically only when the notebook kernel/interactive console is terminated.\n", "step": null, "ts": 1643509794.2306926}]}, "version": 18}
{"obj": {"type": "LogFloats", "path": ["monitoring", "gpu_memory"], "values": [{"value": 0.3328857421875, "step": null, "ts": 1643509794.2250576}]}, "version": 19}
{"obj": {"type": "LogStrings", "path": ["monitoring", "stdout"], "values": [{"value": "device = ", "step": null, "ts": 1643509798.0841758}]}, "version": 20}
{"obj": {"type": "LogStrings", "path": ["monitoring", "stdout"], "values": [{"value": " ", "step": null, "ts": 1643509798.084474}]}, "version": 21}
{"obj": {"type": "LogStrings", "path": ["monitoring", "stdout"], "values": [{"value": "cuda", "step": null, "ts": 1643509798.0846326}]}, "version": 22}
{"obj": {"type": "LogStrings", "path": ["monitoring", "stdout"], "values": [{"value": "\n", "step": null, "ts": 1643509798.084771}]}, "version": 23}
{"obj": {"type": "AssignFloat", "path": ["parameters", "dropout"], "value": 0.2}, "version": 24}
{"obj": {"type": "AssignFloat", "path": ["parameters", "learning_rate"], "value": 0.001}, "version": 25}
{"obj": {"type": "AssignString", "path": ["parameters", "optimizer"], "value": "Adam"}, "version": 26}
{"obj": {"type": "AssignInt", "path": ["parameters", "hid"], "value": 512}, "version": 27}
{"obj": {"type": "AssignInt", "path": ["parameters", "l"], "value": 3}, "version": 28}
{"obj": {"type": "AssignInt", "path": ["parameters", "seed"], "value": 0}, "version": 29}
{"obj": {"type": "AssignInt", "path": ["parameters", "steps_per_epoch"], "value": 3000}, "version": 30}
{"obj": {"type": "AssignInt", "path": ["parameters", "steps_video"], "value": 30000}, "version": 31}
{"obj": {"type": "AssignInt", "path": ["parameters", "epochs"], "value": 100}, "version": 32}
{"obj": {"type": "AssignInt", "path": ["parameters", "replay_size"], "value": 10000000}, "version": 33}
{"obj": {"type": "AssignFloat", "path": ["parameters", "gamma"], "value": 0.99}, "version": 34}
{"obj": {"type": "AssignFloat", "path": ["parameters", "polyak"], "value": 0.995}, "version": 35}
{"obj": {"type": "AssignFloat", "path": ["parameters", "pi_lr"], "value": 0.0001}, "version": 36}
{"obj": {"type": "AssignFloat", "path": ["parameters", "q_lr"], "value": 0.0001}, "version": 37}
{"obj": {"type": "AssignInt", "path": ["parameters", "batch_size"], "value": 1000}, "version": 38}
{"obj": {"type": "AssignInt", "path": ["parameters", "start_steps"], "value": 1000}, "version": 39}
{"obj": {"type": "AssignInt", "path": ["parameters", "update_after"], "value": 2000}, "version": 40}
{"obj": {"type": "AssignInt", "path": ["parameters", "update_every"], "value": 100}, "version": 41}
{"obj": {"type": "AssignFloat", "path": ["parameters", "act_noise"], "value": 0.01}, "version": 42}
{"obj": {"type": "AssignInt", "path": ["parameters", "num_test_episodes"], "value": 1}, "version": 43}
{"obj": {"type": "AssignInt", "path": ["parameters", "max_ep_len"], "value": 1000}, "version": 44}
{"obj": {"type": "LogStrings", "path": ["monitoring", "stdout"], "values": [{"value": "obs_dim = ", "step": null, "ts": 1643509798.2145324}]}, "version": 45}
{"obj": {"type": "LogStrings", "path": ["monitoring", "stdout"], "values": [{"value": " ", "step": null, "ts": 1643509798.214643}]}, "version": 46}
{"obj": {"type": "LogStrings", "path": ["monitoring", "stdout"], "values": [{"value": "47", "step": null, "ts": 1643509798.214723}]}, "version": 47}
{"obj": {"type": "LogStrings", "path": ["monitoring", "stdout"], "values": [{"value": "\n", "step": null, "ts": 1643509798.2149856}]}, "version": 48}
{"obj": {"type": "LogStrings", "path": ["monitoring", "stdout"], "values": [{"value": "act_dim = ", "step": null, "ts": 1643509798.2151618}]}, "version": 49}
{"obj": {"type": "LogStrings", "path": ["monitoring", "stdout"], "values": [{"value": " ", "step": null, "ts": 1643509798.2152793}]}, "version": 50}
{"obj": {"type": "LogStrings", "path": ["monitoring", "stdout"], "values": [{"value": "7", "step": null, "ts": 1643509798.2153895}]}, "version": 51}
{"obj": {"type": "LogStrings", "path": ["monitoring", "stdout"], "values": [{"value": "\n", "step": null, "ts": 1643509798.2155232}]}, "version": 52}
{"obj": {"type": "LogStrings", "path": ["monitoring", "stdout"], "values": [{"value": "act_limit = ", "step": null, "ts": 1643509798.2156868}]}, "version": 53}
{"obj": {"type": "LogStrings", "path": ["monitoring", "stdout"], "values": [{"value": " ", "step": null, "ts": 1643509798.215798}]}, "version": 54}
{"obj": {"type": "LogStrings", "path": ["monitoring", "stdout"], "values": [{"value": "1", "step": null, "ts": 1643509798.2159054}]}, "version": 55}
{"obj": {"type": "LogStrings", "path": ["monitoring", "stdout"], "values": [{"value": "\n", "step": null, "ts": 1643509798.2160094}]}, "version": 56}
{"obj": {"type": "LogStrings", "path": ["monitoring", "stderr"], "values": [{"value": "\r  0%|          | 0/300000 [00:00<?, ?it/s]", "step": null, "ts": 1643509800.775029}]}, "version": 57}
{"obj": {"type": "LogStrings", "path": ["monitoring", "stderr"], "values": [{"value": "/tmp/ipykernel_6258/3252370325.py:20: UserWarning: Creating a tensor from a list of numpy.ndarrays is extremely slow. Please consider converting the list to a single numpy.ndarray with numpy.array() before converting to a tensor. (Triggered internally at  /opt/conda/conda-bld/pytorch_1639180588308/work/torch/csrc/utils/tensor_new.cpp:201.)\n  a = torch.tensor([a], device=device)\n", "step": null, "ts": 1643509800.7762494}]}, "version": 58}
{"obj": {"type": "LogStrings", "path": ["monitoring", "stderr"], "values": [{"value": "\r  0%|          | 3/300000 [00:00<3:37:35, 22.98it/s]", "step": null, "ts": 1643509800.9063485}]}, "version": 59}
{"obj": {"type": "LogStrings", "path": ["monitoring", "stderr"], "values": [{"value": "\r  0%|          | 9/300000 [00:00<2:05:33, 39.82it/s]", "step": null, "ts": 1643509801.0183704}]}, "version": 60}
{"obj": {"type": "LogStrings", "path": ["monitoring", "stderr"], "values": [{"value": "\r  0%|          | 15/300000 [00:00<1:47:20, 46.58it/s]", "step": null, "ts": 1643509801.126513}]}, "version": 61}
{"obj": {"type": "LogStrings", "path": ["monitoring", "stderr"], "values": [{"value": "\r  0%|          | 21/300000 [00:00<1:38:03, 50.98it/s]", "step": null, "ts": 1643509801.2290487}]}, "version": 62}
{"obj": {"type": "LogStrings", "path": ["monitoring", "stderr"], "values": [{"value": "\r  0%|          | 27/300000 [00:00<1:35:50, 52.17it/s]", "step": null, "ts": 1643509801.3397322}]}, "version": 63}
{"obj": {"type": "LogStrings", "path": ["monitoring", "stderr"], "values": [{"value": "\r  0%|          | 33/300000 [00:00<1:31:40, 54.54it/s]", "step": null, "ts": 1643509801.4403622}]}, "version": 64}
{"obj": {"type": "LogStrings", "path": ["monitoring", "stderr"], "values": [{"value": "\r  0%|          | 39/300000 [00:00<1:29:06, 56.11it/s]", "step": null, "ts": 1643509801.5411994}]}, "version": 65}
{"obj": {"type": "LogStrings", "path": ["monitoring", "stderr"], "values": [{"value": "\r  0%|          | 46/300000 [00:00<1:26:17, 57.93it/s]", "step": null, "ts": 1643509801.654914}]}, "version": 66}
{"obj": {"type": "LogStrings", "path": ["monitoring", "stderr"], "values": [{"value": "\r  0%|          | 53/300000 [00:00<1:24:28, 59.18it/s]", "step": null, "ts": 1643509801.7682245}]}, "version": 67}
{"obj": {"type": "LogStrings", "path": ["monitoring", "stderr"], "values": [{"value": "\r  0%|          | 60/300000 [00:01<1:23:23, 59.95it/s]", "step": null, "ts": 1643509801.8818302}]}, "version": 68}
{"obj": {"type": "LogStrings", "path": ["monitoring", "stderr"], "values": [{"value": "\r  0%|          | 67/300000 [00:01<1:22:13, 60.79it/s]", "step": null, "ts": 1643509801.9934928}]}, "version": 69}
{"obj": {"type": "LogStrings", "path": ["monitoring", "stderr"], "values": [{"value": "\r  0%|          | 74/300000 [00:01<1:21:47, 61.12it/s]", "step": null, "ts": 1643509802.1066854}]}, "version": 70}
{"obj": {"type": "LogStrings", "path": ["monitoring", "stderr"], "values": [{"value": "\r  0%|          | 81/300000 [00:01<1:22:02, 60.92it/s]", "step": null, "ts": 1643509802.2224038}]}, "version": 71}
{"obj": {"type": "LogStrings", "path": ["monitoring", "stderr"], "values": [{"value": "\r  0%|          | 88/300000 [00:01<1:21:59, 60.97it/s]", "step": null, "ts": 1643509802.3370256}]}, "version": 72}
{"obj": {"type": "LogStrings", "path": ["monitoring", "stderr"], "values": [{"value": "\r  0%|          | 95/300000 [00:01<1:22:58, 60.24it/s]", "step": null, "ts": 1643509802.456414}]}, "version": 73}
{"obj": {"type": "LogStrings", "path": ["monitoring", "stderr"], "values": [{"value": "\r  0%|          | 102/300000 [00:01<1:23:18, 59.99it/s]", "step": null, "ts": 1643509802.5741959}]}, "version": 74}
{"obj": {"type": "LogStrings", "path": ["monitoring", "stderr"], "values": [{"value": "\r  0%|          | 109/300000 [00:01<1:23:23, 59.93it/s]", "step": null, "ts": 1643509802.6912522}]}, "version": 75}
{"obj": {"type": "LogStrings", "path": ["monitoring", "stderr"], "values": [{"value": "\r  0%|          | 116/300000 [00:02<1:23:02, 60.19it/s]", "step": null, "ts": 1643509802.8063772}]}, "version": 76}
{"obj": {"type": "LogStrings", "path": ["monitoring", "stderr"], "values": [{"value": "\r  0%|          | 123/300000 [00:02<1:22:58, 60.24it/s]", "step": null, "ts": 1643509802.9223783}]}, "version": 77}
{"obj": {"type": "LogStrings", "path": ["monitoring", "stderr"], "values": [{"value": "\r  0%|          | 130/300000 [00:02<1:22:42, 60.42it/s]", "step": null, "ts": 1643509803.037423}]}, "version": 78}
{"obj": {"type": "LogStrings", "path": ["monitoring", "stderr"], "values": [{"value": "\r  0%|          | 137/300000 [00:02<1:22:43, 60.42it/s]", "step": null, "ts": 1643509803.1533043}]}, "version": 79}
{"obj": {"type": "LogStrings", "path": ["monitoring", "stderr"], "values": [{"value": "\r  0%|          | 144/300000 [00:02<1:22:41, 60.43it/s]", "step": null, "ts": 1643509803.2690601}]}, "version": 80}
{"obj": {"type": "LogStrings", "path": ["monitoring", "stderr"], "values": [{"value": "\r  0%|          | 151/300000 [00:02<1:22:44, 60.40it/s]", "step": null, "ts": 1643509803.3851736}]}, "version": 81}
{"obj": {"type": "LogStrings", "path": ["monitoring", "stderr"], "values": [{"value": "\r  0%|          | 158/300000 [00:02<1:24:36, 59.06it/s]", "step": null, "ts": 1643509803.5097601}]}, "version": 82}
{"obj": {"type": "LogStrings", "path": ["monitoring", "stderr"], "values": [{"value": "\r  0%|          | 164/300000 [00:02<1:28:03, 56.75it/s]", "step": null, "ts": 1643509803.626743}]}, "version": 83}
{"obj": {"type": "LogStrings", "path": ["monitoring", "stderr"], "values": [{"value": "\r  0%|          | 170/300000 [00:02<1:30:20, 55.32it/s]", "step": null, "ts": 1643509803.7423434}]}, "version": 84}
{"obj": {"type": "LogStrings", "path": ["monitoring", "stderr"], "values": [{"value": "\r  0%|          | 176/300000 [00:03<1:29:53, 55.59it/s]", "step": null, "ts": 1643509803.8489249}]}, "version": 85}
{"obj": {"type": "LogStrings", "path": ["monitoring", "stderr"], "values": [{"value": "\r  0%|          | 182/300000 [00:03<1:30:21, 55.30it/s]", "step": null, "ts": 1643509803.9588368}]}, "version": 86}
{"obj": {"type": "LogStrings", "path": ["monitoring", "stderr"], "values": [{"value": "\r  0%|          | 188/300000 [00:03<1:29:35, 55.77it/s]", "step": null, "ts": 1643509804.064168}]}, "version": 87}
{"obj": {"type": "LogStrings", "path": ["monitoring", "stderr"], "values": [{"value": "\r  0%|          | 194/300000 [00:03<1:29:34, 55.78it/s]", "step": null, "ts": 1643509804.1717093}]}, "version": 88}
{"obj": {"type": "LogFloats", "path": ["monitoring", "cpu"], "values": [{"value": 24.6, "step": null, "ts": 1643509804.2318118}]}, "version": 89}
{"obj": {"type": "LogFloats", "path": ["monitoring", "memory"], "values": [{"value": 11.432361602783203, "step": null, "ts": 1643509804.2318118}]}, "version": 90}
{"obj": {"type": "LogFloats", "path": ["monitoring", "gpu"], "values": [{"value": 4.0, "step": null, "ts": 1643509804.2318118}]}, "version": 91}
{"obj": {"type": "LogFloats", "path": ["monitoring", "gpu_memory"], "values": [{"value": 1.0390625, "step": null, "ts": 1643509804.2318118}]}, "version": 92}
{"obj": {"type": "LogStrings", "path": ["monitoring", "stderr"], "values": [{"value": "\r  0%|          | 200/300000 [00:03<1:30:09, 55.42it/s]", "step": null, "ts": 1643509804.2816405}]}, "version": 93}
{"obj": {"type": "LogStrings", "path": ["monitoring", "stderr"], "values": [{"value": "\r  0%|          | 206/300000 [00:03<1:29:38, 55.74it/s]", "step": null, "ts": 1643509804.3878}]}, "version": 94}
{"obj": {"type": "LogStrings", "path": ["monitoring", "stderr"], "values": [{"value": "\r  0%|          | 212/300000 [00:03<1:33:10, 53.63it/s]", "step": null, "ts": 1643509804.5096898}]}, "version": 95}
{"obj": {"type": "LogStrings", "path": ["monitoring", "stderr"], "values": [{"value": "\r  0%|          | 218/300000 [00:03<1:31:21, 54.69it/s]", "step": null, "ts": 1643509804.6143062}]}, "version": 96}
{"obj": {"type": "LogStrings", "path": ["monitoring", "stderr"], "values": [{"value": "\r  0%|          | 224/300000 [00:03<1:30:18, 55.32it/s]", "step": null, "ts": 1643509804.7198071}]}, "version": 97}
{"obj": {"type": "LogStrings", "path": ["monitoring", "stderr"], "values": [{"value": "\r  0%|          | 230/300000 [00:04<1:31:24, 54.66it/s]", "step": null, "ts": 1643509804.8326635}]}, "version": 98}
{"obj": {"type": "LogStrings", "path": ["monitoring", "stderr"], "values": [{"value": "\r  0%|          | 236/300000 [00:04<1:30:49, 55.01it/s]", "step": null, "ts": 1643509804.9400747}]}, "version": 99}
{"obj": {"type": "LogStrings", "path": ["monitoring", "stderr"], "values": [{"value": "\r  0%|          | 242/300000 [00:04<1:30:03, 55.48it/s]", "step": null, "ts": 1643509805.0460825}]}, "version": 100}
{"obj": {"type": "LogStrings", "path": ["monitoring", "stderr"], "values": [{"value": "\r  0%|          | 248/300000 [00:04<1:29:19, 55.93it/s]", "step": null, "ts": 1643509805.1513612}]}, "version": 101}
{"obj": {"type": "LogStrings", "path": ["monitoring", "stderr"], "values": [{"value": "\r  0%|          | 254/300000 [00:04<1:30:25, 55.25it/s]", "step": null, "ts": 1643509805.2630131}]}, "version": 102}
{"obj": {"type": "LogStrings", "path": ["monitoring", "stderr"], "values": [{"value": "\r  0%|          | 260/300000 [00:04<1:31:22, 54.67it/s]", "step": null, "ts": 1643509805.3754466}]}, "version": 103}
{"obj": {"type": "LogStrings", "path": ["monitoring", "stderr"], "values": [{"value": "\r  0%|          | 266/300000 [00:04<1:31:27, 54.62it/s]", "step": null, "ts": 1643509805.4855404}]}, "version": 104}
{"obj": {"type": "LogStrings", "path": ["monitoring", "stderr"], "values": [{"value": "\r  0%|          | 272/300000 [00:04<1:31:12, 54.77it/s]", "step": null, "ts": 1643509805.594379}]}, "version": 105}
{"obj": {"type": "LogStrings", "path": ["monitoring", "stderr"], "values": [{"value": "\r  0%|          | 278/300000 [00:04<1:31:27, 54.62it/s]", "step": null, "ts": 1643509805.7049227}]}, "version": 106}
{"obj": {"type": "LogStrings", "path": ["monitoring", "stderr"], "values": [{"value": "\r  0%|          | 284/300000 [00:05<1:33:35, 53.38it/s]", "step": null, "ts": 1643509805.823314}]}, "version": 107}
{"obj": {"type": "LogStrings", "path": ["monitoring", "stderr"], "values": [{"value": "\r  0%|          | 290/300000 [00:05<1:33:01, 53.70it/s]", "step": null, "ts": 1643509805.9334638}]}, "version": 108}
{"obj": {"type": "LogStrings", "path": ["monitoring", "stderr"], "values": [{"value": "\r  0%|          | 296/300000 [00:05<1:32:26, 54.04it/s]", "step": null, "ts": 1643509806.0428672}]}, "version": 109}
{"obj": {"type": "LogStrings", "path": ["monitoring", "stderr"], "values": [{"value": "\r  0%|          | 302/300000 [00:05<1:31:56, 54.33it/s]", "step": null, "ts": 1643509806.151955}]}, "version": 110}
{"obj": {"type": "LogStrings", "path": ["monitoring", "stderr"], "values": [{"value": "\r  0%|          | 308/300000 [00:05<1:31:43, 54.46it/s]", "step": null, "ts": 1643509806.2615235}]}, "version": 111}
{"obj": {"type": "LogStrings", "path": ["monitoring", "stderr"], "values": [{"value": "\r  0%|          | 314/300000 [00:05<1:33:05, 53.66it/s]", "step": null, "ts": 1643509806.3772006}]}, "version": 112}
{"obj": {"type": "LogStrings", "path": ["monitoring", "stderr"], "values": [{"value": "\r  0%|          | 320/300000 [00:05<1:33:24, 53.47it/s]", "step": null, "ts": 1643509806.4902682}]}, "version": 113}
{"obj": {"type": "LogStrings", "path": ["monitoring", "stderr"], "values": [{"value": "\r  0%|          | 326/300000 [00:05<1:33:15, 53.55it/s]", "step": null, "ts": 1643509806.6019151}]}, "version": 114}
{"obj": {"type": "LogStrings", "path": ["monitoring", "stderr"], "values": [{"value": "\r  0%|          | 332/300000 [00:05<1:32:38, 53.91it/s]", "step": null, "ts": 1643509806.711504}]}, "version": 115}
{"obj": {"type": "LogStrings", "path": ["monitoring", "stderr"], "values": [{"value": "\r  0%|          | 338/300000 [00:06<1:31:07, 54.80it/s]", "step": null, "ts": 1643509806.8167422}]}, "version": 116}
{"obj": {"type": "LogStrings", "path": ["monitoring", "stderr"], "values": [{"value": "\r  0%|          | 344/300000 [00:06<1:29:44, 55.65it/s]", "step": null, "ts": 1643509806.9206643}]}, "version": 117}
{"obj": {"type": "LogStrings", "path": ["monitoring", "stderr"], "values": [{"value": "\r  0%|          | 350/300000 [00:06<1:29:24, 55.85it/s]", "step": null, "ts": 1643509807.0271747}]}, "version": 118}
{"obj": {"type": "LogStrings", "path": ["monitoring", "stderr"], "values": [{"value": "\r  0%|          | 356/300000 [00:06<1:28:14, 56.60it/s]", "step": null, "ts": 1643509807.1298914}]}, "version": 119}
{"obj": {"type": "LogStrings", "path": ["monitoring", "stderr"], "values": [{"value": "\r  0%|          | 362/300000 [00:06<1:27:21, 57.16it/s]", "step": null, "ts": 1643509807.2324064}]}, "version": 120}
{"obj": {"type": "LogStrings", "path": ["monitoring", "stderr"], "values": [{"value": "\r  0%|          | 368/300000 [00:06<1:27:11, 57.27it/s]", "step": null, "ts": 1643509807.3367114}]}, "version": 121}
{"obj": {"type": "LogStrings", "path": ["monitoring", "stderr"], "values": [{"value": "\r  0%|          | 374/300000 [00:06<1:26:56, 57.43it/s]", "step": null, "ts": 1643509807.440482}]}, "version": 122}
{"obj": {"type": "LogStrings", "path": ["monitoring", "stderr"], "values": [{"value": "\r  0%|          | 380/300000 [00:06<1:26:41, 57.60it/s]", "step": null, "ts": 1643509807.543933}]}, "version": 123}
{"obj": {"type": "LogStrings", "path": ["monitoring", "stderr"], "values": [{"value": "\r  0%|          | 386/300000 [00:06<1:26:45, 57.55it/s]", "step": null, "ts": 1643509807.6483948}]}, "version": 124}
{"obj": {"type": "LogStrings", "path": ["monitoring", "stderr"], "values": [{"value": "\r  0%|          | 392/300000 [00:06<1:27:18, 57.19it/s]", "step": null, "ts": 1643509807.7549129}]}, "version": 125}
{"obj": {"type": "LogStrings", "path": ["monitoring", "stderr"], "values": [{"value": "\r  0%|          | 398/300000 [00:07<1:27:26, 57.11it/s]", "step": null, "ts": 1643509807.860297}]}, "version": 126}
{"obj": {"type": "LogStrings", "path": ["monitoring", "stderr"], "values": [{"value": "\r  0%|          | 404/300000 [00:07<1:26:52, 57.48it/s]", "step": null, "ts": 1643509807.963076}]}, "version": 127}
{"obj": {"type": "LogStrings", "path": ["monitoring", "stderr"], "values": [{"value": "\r  0%|          | 410/300000 [00:07<1:26:14, 57.90it/s]", "step": null, "ts": 1643509808.0649362}]}, "version": 128}
{"obj": {"type": "LogStrings", "path": ["monitoring", "stderr"], "values": [{"value": "\r  0%|          | 416/300000 [00:07<1:26:27, 57.75it/s]", "step": null, "ts": 1643509808.1694837}]}, "version": 129}
{"obj": {"type": "LogStrings", "path": ["monitoring", "stderr"], "values": [{"value": "\r  0%|          | 422/300000 [00:07<1:27:17, 57.20it/s]", "step": null, "ts": 1643509808.2767413}]}, "version": 130}
{"obj": {"type": "LogStrings", "path": ["monitoring", "stderr"], "values": [{"value": "\r  0%|          | 428/300000 [00:07<1:28:36, 56.35it/s]", "step": null, "ts": 1643509808.3868816}]}, "version": 131}
{"obj": {"type": "LogStrings", "path": ["monitoring", "stderr"], "values": [{"value": "\r  0%|          | 434/300000 [00:07<1:29:44, 55.63it/s]", "step": null, "ts": 1643509808.4979382}]}, "version": 132}
{"obj": {"type": "LogStrings", "path": ["monitoring", "stderr"], "values": [{"value": "\r  0%|          | 440/300000 [00:07<1:31:29, 54.57it/s]", "step": null, "ts": 1643509808.6127706}]}, "version": 133}
{"obj": {"type": "LogStrings", "path": ["monitoring", "stderr"], "values": [{"value": "\r  0%|          | 446/300000 [00:07<1:32:38, 53.89it/s]", "step": null, "ts": 1643509808.7273748}]}, "version": 134}
{"obj": {"type": "LogStrings", "path": ["monitoring", "stderr"], "values": [{"value": "\r  0%|          | 452/300000 [00:08<1:34:36, 52.77it/s]", "step": null, "ts": 1643509808.8466365}]}, "version": 135}
{"obj": {"type": "LogStrings", "path": ["monitoring", "stderr"], "values": [{"value": "\r  0%|          | 458/300000 [00:08<1:36:19, 51.82it/s]", "step": null, "ts": 1643509808.9672031}]}, "version": 136}
{"obj": {"type": "LogStrings", "path": ["monitoring", "stderr"], "values": [{"value": "\r  0%|          | 464/300000 [00:08<1:38:40, 50.59it/s]", "step": null, "ts": 1643509809.092365}]}, "version": 137}
{"obj": {"type": "LogStrings", "path": ["monitoring", "stderr"], "values": [{"value": "\r  0%|          | 470/300000 [00:08<1:39:34, 50.13it/s]", "step": null, "ts": 1643509809.2146068}]}, "version": 138}
{"obj": {"type": "LogStrings", "path": ["monitoring", "stderr"], "values": [{"value": "\r  0%|          | 476/300000 [00:08<1:38:22, 50.74it/s]", "step": null, "ts": 1643509809.3294713}]}, "version": 139}
{"obj": {"type": "LogStrings", "path": ["monitoring", "stderr"], "values": [{"value": "\r  0%|          | 482/300000 [00:08<1:37:04, 51.42it/s]", "step": null, "ts": 1643509809.4425128}]}, "version": 140}
{"obj": {"type": "LogStrings", "path": ["monitoring", "stderr"], "values": [{"value": "\r  0%|          | 488/300000 [00:08<1:38:19, 50.77it/s]", "step": null, "ts": 1643509809.5642235}]}, "version": 141}
{"obj": {"type": "LogStrings", "path": ["monitoring", "stderr"], "values": [{"value": "\r  0%|          | 494/300000 [00:08<1:37:18, 51.30it/s]", "step": null, "ts": 1643509809.6783004}]}, "version": 142}
{"obj": {"type": "LogStrings", "path": ["monitoring", "stderr"], "values": [{"value": "\r  0%|          | 500/300000 [00:09<1:36:27, 51.75it/s]", "step": null, "ts": 1643509809.7918503}]}, "version": 143}
{"obj": {"type": "LogStrings", "path": ["monitoring", "stderr"], "values": [{"value": "\r  0%|          | 506/300000 [00:09<1:36:53, 51.52it/s]", "step": null, "ts": 1643509809.9096205}]}, "version": 144}
{"obj": {"type": "LogStrings", "path": ["monitoring", "stderr"], "values": [{"value": "\r  0%|          | 512/300000 [00:09<1:34:46, 52.66it/s]", "step": null, "ts": 1643509810.0175915}]}, "version": 145}
{"obj": {"type": "LogStrings", "path": ["monitoring", "stderr"], "values": [{"value": "\r  0%|          | 518/300000 [00:09<1:33:52, 53.17it/s]", "step": null, "ts": 1643509810.1279051}]}, "version": 146}
{"obj": {"type": "LogStrings", "path": ["monitoring", "stderr"], "values": [{"value": "\r  0%|          | 524/300000 [00:09<1:31:51, 54.34it/s]", "step": null, "ts": 1643509810.2326827}]}, "version": 147}
{"obj": {"type": "LogStrings", "path": ["monitoring", "stderr"], "values": [{"value": "\r  0%|          | 530/300000 [00:09<1:30:33, 55.11it/s]", "step": null, "ts": 1643509810.337881}]}, "version": 148}
{"obj": {"type": "LogStrings", "path": ["monitoring", "stderr"], "values": [{"value": "\r  0%|          | 536/300000 [00:09<1:29:30, 55.76it/s]", "step": null, "ts": 1643509810.4425557}]}, "version": 149}
{"obj": {"type": "LogStrings", "path": ["monitoring", "stderr"], "values": [{"value": "\r  0%|          | 542/300000 [00:09<1:28:42, 56.26it/s]", "step": null, "ts": 1643509810.5469663}]}, "version": 150}
{"obj": {"type": "LogStrings", "path": ["monitoring", "stderr"], "values": [{"value": "\r  0%|          | 548/300000 [00:09<1:28:02, 56.69it/s]", "step": null, "ts": 1643509810.6509302}]}, "version": 151}
{"obj": {"type": "LogStrings", "path": ["monitoring", "stderr"], "values": [{"value": "\r  0%|          | 554/300000 [00:09<1:28:12, 56.58it/s]", "step": null, "ts": 1643509810.757475}]}, "version": 152}
{"obj": {"type": "LogStrings", "path": ["monitoring", "stderr"], "values": [{"value": "\r  0%|          | 560/300000 [00:10<1:28:05, 56.65it/s]", "step": null, "ts": 1643509810.863049}]}, "version": 153}
{"obj": {"type": "LogStrings", "path": ["monitoring", "stderr"], "values": [{"value": "\r  0%|          | 566/300000 [00:10<1:27:47, 56.85it/s]", "step": null, "ts": 1643509810.9677584}]}, "version": 154}
{"obj": {"type": "LogStrings", "path": ["monitoring", "stderr"], "values": [{"value": "\r  0%|          | 572/300000 [00:10<1:27:12, 57.23it/s]", "step": null, "ts": 1643509811.0709512}]}, "version": 155}
{"obj": {"type": "LogStrings", "path": ["monitoring", "stderr"], "values": [{"value": "\r  0%|          | 578/300000 [00:10<1:26:20, 57.80it/s]", "step": null, "ts": 1643509811.172328}]}, "version": 156}
{"obj": {"type": "LogStrings", "path": ["monitoring", "stderr"], "values": [{"value": "\r  0%|          | 584/300000 [00:10<1:25:37, 58.27it/s]", "step": null, "ts": 1643509811.2733204}]}, "version": 157}
{"obj": {"type": "LogStrings", "path": ["monitoring", "stderr"], "values": [{"value": "\r  0%|          | 590/300000 [00:10<1:25:21, 58.46it/s]", "step": null, "ts": 1643509811.3752036}]}, "version": 158}
{"obj": {"type": "LogStrings", "path": ["monitoring", "stderr"], "values": [{"value": "\r  0%|          | 596/300000 [00:10<1:24:47, 58.85it/s]", "step": null, "ts": 1643509811.4755692}]}, "version": 159}
{"obj": {"type": "LogStrings", "path": ["monitoring", "stderr"], "values": [{"value": "\r  0%|          | 603/300000 [00:10<1:23:56, 59.45it/s]", "step": null, "ts": 1643509811.5909429}]}, "version": 160}
{"obj": {"type": "LogStrings", "path": ["monitoring", "stderr"], "values": [{"value": "\r  0%|          | 609/300000 [00:10<1:24:02, 59.38it/s]", "step": null, "ts": 1643509811.6922596}]}, "version": 161}
{"obj": {"type": "LogStrings", "path": ["monitoring", "stderr"], "values": [{"value": "\r  0%|          | 615/300000 [00:11<1:24:03, 59.36it/s]", "step": null, "ts": 1643509811.7934082}]}, "version": 162}
{"obj": {"type": "LogStrings", "path": ["monitoring", "stderr"], "values": [{"value": "\r  0%|          | 621/300000 [00:11<1:24:47, 58.84it/s]", "step": null, "ts": 1643509811.8975255}]}, "version": 163}
{"obj": {"type": "LogStrings", "path": ["monitoring", "stderr"], "values": [{"value": "\r  0%|          | 627/300000 [00:11<1:24:35, 58.98it/s]", "step": null, "ts": 1643509811.9986627}]}, "version": 164}
{"obj": {"type": "LogStrings", "path": ["monitoring", "stderr"], "values": [{"value": "\r  0%|          | 634/300000 [00:11<1:23:43, 59.59it/s]", "step": null, "ts": 1643509812.1136851}]}, "version": 165}
{"obj": {"type": "LogStrings", "path": ["monitoring", "stderr"], "values": [{"value": "\r  0%|          | 641/300000 [00:11<1:23:09, 60.00it/s]", "step": null, "ts": 1643509812.2286837}]}, "version": 166}
{"obj": {"type": "LogStrings", "path": ["monitoring", "stderr"], "values": [{"value": "\r  0%|          | 647/300000 [00:11<1:23:10, 59.99it/s]", "step": null, "ts": 1643509812.3287303}]}, "version": 167}
{"obj": {"type": "LogStrings", "path": ["monitoring", "stderr"], "values": [{"value": "\r  0%|          | 653/300000 [00:11<1:23:11, 59.97it/s]", "step": null, "ts": 1643509812.428835}]}, "version": 168}
{"obj": {"type": "LogStrings", "path": ["monitoring", "stderr"], "values": [{"value": "\r  0%|          | 659/300000 [00:11<1:23:19, 59.87it/s]", "step": null, "ts": 1643509812.5295246}]}, "version": 169}
{"obj": {"type": "LogStrings", "path": ["monitoring", "stderr"], "values": [{"value": "\r  0%|          | 665/300000 [00:11<1:30:54, 54.88it/s]", "step": null, "ts": 1643509812.6610024}]}, "version": 170}
{"obj": {"type": "LogStrings", "path": ["monitoring", "stderr"], "values": [{"value": "\r  0%|          | 671/300000 [00:11<1:29:50, 55.53it/s]", "step": null, "ts": 1643509812.7657373}]}, "version": 171}
{"obj": {"type": "LogStrings", "path": ["monitoring", "stderr"], "values": [{"value": "\r  0%|          | 677/300000 [00:12<1:28:17, 56.51it/s]", "step": null, "ts": 1643509812.8675}]}, "version": 172}
{"obj": {"type": "LogStrings", "path": ["monitoring", "stderr"], "values": [{"value": "\r  0%|          | 683/300000 [00:12<1:27:56, 56.73it/s]", "step": null, "ts": 1643509812.9722967}]}, "version": 173}
{"obj": {"type": "LogStrings", "path": ["monitoring", "stderr"], "values": [{"value": "\r  0%|          | 689/300000 [00:12<1:27:04, 57.29it/s]", "step": null, "ts": 1643509813.0745702}]}, "version": 174}
{"obj": {"type": "LogStrings", "path": ["monitoring", "stderr"], "values": [{"value": "\r  0%|          | 695/300000 [00:12<1:25:57, 58.03it/s]", "step": null, "ts": 1643509813.1748393}]}, "version": 175}
{"obj": {"type": "LogStrings", "path": ["monitoring", "stderr"], "values": [{"value": "\r  0%|          | 701/300000 [00:12<1:27:33, 56.97it/s]", "step": null, "ts": 1643509813.284756}]}, "version": 176}
{"obj": {"type": "LogStrings", "path": ["monitoring", "stderr"], "values": [{"value": "\r  0%|          | 707/300000 [00:12<1:34:31, 52.78it/s]", "step": null, "ts": 1643509813.4179723}]}, "version": 177}
{"obj": {"type": "LogStrings", "path": ["monitoring", "stderr"], "values": [{"value": "\r  0%|          | 713/300000 [00:12<1:33:23, 53.41it/s]", "step": null, "ts": 1643509813.5271082}]}, "version": 178}
{"obj": {"type": "LogStrings", "path": ["monitoring", "stderr"], "values": [{"value": "\r  0%|          | 719/300000 [00:12<1:30:56, 54.85it/s]", "step": null, "ts": 1643509813.629614}]}, "version": 179}
{"obj": {"type": "LogStrings", "path": ["monitoring", "stderr"], "values": [{"value": "\r  0%|          | 725/300000 [00:12<1:29:10, 55.94it/s]", "step": null, "ts": 1643509813.7319052}]}, "version": 180}
{"obj": {"type": "LogStrings", "path": ["monitoring", "stderr"], "values": [{"value": "\r  0%|          | 731/300000 [00:13<1:27:53, 56.75it/s]", "step": null, "ts": 1643509813.8340747}]}, "version": 181}
{"obj": {"type": "LogStrings", "path": ["monitoring", "stderr"], "values": [{"value": "\r  0%|          | 738/300000 [00:13<1:26:54, 57.39it/s]", "step": null, "ts": 1643509813.9533834}]}, "version": 182}
{"obj": {"type": "LogStrings", "path": ["monitoring", "stderr"], "values": [{"value": "\r  0%|          | 744/300000 [00:13<1:29:24, 55.78it/s]", "step": null, "ts": 1643509814.0682554}]}, "version": 183}
{"obj": {"type": "LogStrings", "path": ["monitoring", "stderr"], "values": [{"value": "\r  0%|          | 750/300000 [00:13<1:29:01, 56.02it/s]", "step": null, "ts": 1643509814.1742337}]}, "version": 184}
{"obj": {"type": "LogFloats", "path": ["monitoring", "cpu"], "values": [{"value": 20.0, "step": null, "ts": 1643509814.2384632}]}, "version": 185}
{"obj": {"type": "LogFloats", "path": ["monitoring", "memory"], "values": [{"value": 11.226081848144531, "step": null, "ts": 1643509814.2384632}]}, "version": 186}
{"obj": {"type": "LogFloats", "path": ["monitoring", "gpu"], "values": [{"value": 5.0, "step": null, "ts": 1643509814.2384632}]}, "version": 187}
{"obj": {"type": "LogFloats", "path": ["monitoring", "gpu_memory"], "values": [{"value": 1.0390625, "step": null, "ts": 1643509814.2384632}]}, "version": 188}
{"obj": {"type": "LogStrings", "path": ["monitoring", "stderr"], "values": [{"value": "\r  0%|          | 756/300000 [00:13<1:28:38, 56.27it/s]", "step": null, "ts": 1643509814.2797382}]}, "version": 189}
{"obj": {"type": "LogStrings", "path": ["monitoring", "stderr"], "values": [{"value": "\r  0%|          | 762/300000 [00:13<1:27:25, 57.05it/s]", "step": null, "ts": 1643509814.381448}]}, "version": 190}
{"obj": {"type": "LogStrings", "path": ["monitoring", "stderr"], "values": [{"value": "\r  0%|          | 769/300000 [00:13<1:24:54, 58.74it/s]", "step": null, "ts": 1643509814.4934914}]}, "version": 191}
{"obj": {"type": "LogStrings", "path": ["monitoring", "stderr"], "values": [{"value": "\r  0%|          | 776/300000 [00:13<1:23:44, 59.56it/s]", "step": null, "ts": 1643509814.6075716}]}, "version": 192}
{"obj": {"type": "LogStrings", "path": ["monitoring", "stderr"], "values": [{"value": "\r  0%|          | 782/300000 [00:13<1:23:42, 59.58it/s]", "step": null, "ts": 1643509814.708181}]}, "version": 193}
{"obj": {"type": "LogStrings", "path": ["monitoring", "stderr"], "values": [{"value": "\r  0%|          | 789/300000 [00:14<1:23:26, 59.76it/s]", "step": null, "ts": 1643509814.824702}]}, "version": 194}
{"obj": {"type": "LogStrings", "path": ["monitoring", "stderr"], "values": [{"value": "\r  0%|          | 795/300000 [00:14<1:24:13, 59.21it/s]", "step": null, "ts": 1643509814.9282544}]}, "version": 195}
{"obj": {"type": "LogStrings", "path": ["monitoring", "stderr"], "values": [{"value": "\r  0%|          | 801/300000 [00:14<1:24:47, 58.81it/s]", "step": null, "ts": 1643509815.032016}]}, "version": 196}
{"obj": {"type": "LogStrings", "path": ["monitoring", "stderr"], "values": [{"value": "\r  0%|          | 807/300000 [00:14<1:25:35, 58.26it/s]", "step": null, "ts": 1643509815.137361}]}, "version": 197}
{"obj": {"type": "LogStrings", "path": ["monitoring", "stderr"], "values": [{"value": "\r  0%|          | 813/300000 [00:14<1:25:36, 58.24it/s]", "step": null, "ts": 1643509815.2404315}]}, "version": 198}
{"obj": {"type": "LogStrings", "path": ["monitoring", "stderr"], "values": [{"value": "\r  0%|          | 819/300000 [00:14<1:25:21, 58.42it/s]", "step": null, "ts": 1643509815.3423948}]}, "version": 199}
{"obj": {"type": "LogStrings", "path": ["monitoring", "stderr"], "values": [{"value": "\r  0%|          | 825/300000 [00:14<1:24:54, 58.72it/s]", "step": null, "ts": 1643509815.4433186}]}, "version": 200}
{"obj": {"type": "LogStrings", "path": ["monitoring", "stderr"], "values": [{"value": "\r  0%|          | 831/300000 [00:14<1:24:57, 58.69it/s]", "step": null, "ts": 1643509815.5456922}]}, "version": 201}
{"obj": {"type": "LogStrings", "path": ["monitoring", "stderr"], "values": [{"value": "\r  0%|          | 837/300000 [00:14<1:24:51, 58.75it/s]", "step": null, "ts": 1643509815.647555}]}, "version": 202}
{"obj": {"type": "LogStrings", "path": ["monitoring", "stderr"], "values": [{"value": "\r  0%|          | 843/300000 [00:14<1:24:28, 59.03it/s]", "step": null, "ts": 1643509815.7480974}]}, "version": 203}
{"obj": {"type": "LogStrings", "path": ["monitoring", "stderr"], "values": [{"value": "\r  0%|          | 850/300000 [00:15<1:23:40, 59.58it/s]", "step": null, "ts": 1643509815.863371}]}, "version": 204}
{"obj": {"type": "LogStrings", "path": ["monitoring", "stderr"], "values": [{"value": "\r  0%|          | 856/300000 [00:15<1:23:32, 59.68it/s]", "step": null, "ts": 1643509815.963599}]}, "version": 205}
{"obj": {"type": "LogStrings", "path": ["monitoring", "stderr"], "values": [{"value": "\r  0%|          | 863/300000 [00:15<1:22:25, 60.49it/s]", "step": null, "ts": 1643509816.075966}]}, "version": 206}
{"obj": {"type": "LogStrings", "path": ["monitoring", "stderr"], "values": [{"value": "\r  0%|          | 870/300000 [00:15<1:21:41, 61.03it/s]", "step": null, "ts": 1643509816.1884801}]}, "version": 207}
{"obj": {"type": "LogStrings", "path": ["monitoring", "stderr"], "values": [{"value": "\r  0%|          | 877/300000 [00:15<1:20:51, 61.65it/s]", "step": null, "ts": 1643509816.2994437}]}, "version": 208}
{"obj": {"type": "LogStrings", "path": ["monitoring", "stderr"], "values": [{"value": "\r  0%|          | 884/300000 [00:15<1:21:01, 61.53it/s]", "step": null, "ts": 1643509816.413741}]}, "version": 209}
{"obj": {"type": "LogStrings", "path": ["monitoring", "stderr"], "values": [{"value": "\r  0%|          | 891/300000 [00:15<1:20:45, 61.73it/s]", "step": null, "ts": 1643509816.52629}]}, "version": 210}
{"obj": {"type": "LogStrings", "path": ["monitoring", "stderr"], "values": [{"value": "\r  0%|          | 898/300000 [00:15<1:21:52, 60.88it/s]", "step": null, "ts": 1643509816.644882}]}, "version": 211}
{"obj": {"type": "LogStrings", "path": ["monitoring", "stderr"], "values": [{"value": "\r  0%|          | 905/300000 [00:15<1:22:10, 60.66it/s]", "step": null, "ts": 1643509816.7612813}]}, "version": 212}
{"obj": {"type": "LogStrings", "path": ["monitoring", "stderr"], "values": [{"value": "\r  0%|          | 912/300000 [00:16<1:21:34, 61.11it/s]", "step": null, "ts": 1643509816.8738394}]}, "version": 213}
{"obj": {"type": "LogStrings", "path": ["monitoring", "stderr"], "values": [{"value": "\r  0%|          | 919/300000 [00:16<1:21:12, 61.39it/s]", "step": null, "ts": 1643509816.9866703}]}, "version": 214}
{"obj": {"type": "LogStrings", "path": ["monitoring", "stderr"], "values": [{"value": "\r  0%|          | 926/300000 [00:16<1:21:20, 61.28it/s]", "step": null, "ts": 1643509817.101378}]}, "version": 215}
{"obj": {"type": "LogStrings", "path": ["monitoring", "stderr"], "values": [{"value": "\r  0%|          | 933/300000 [00:16<1:21:03, 61.49it/s]", "step": null, "ts": 1643509817.2142951}]}, "version": 216}
{"obj": {"type": "LogStrings", "path": ["monitoring", "stderr"], "values": [{"value": "\r  0%|          | 940/300000 [00:16<1:21:02, 61.51it/s]", "step": null, "ts": 1643509817.3280153}]}, "version": 217}
{"obj": {"type": "LogStrings", "path": ["monitoring", "stderr"], "values": [{"value": "\r  0%|          | 947/300000 [00:16<1:20:49, 61.66it/s]", "step": null, "ts": 1643509817.440973}]}, "version": 218}
{"obj": {"type": "LogStrings", "path": ["monitoring", "stderr"], "values": [{"value": "\r  0%|          | 954/300000 [00:16<1:20:45, 61.72it/s]", "step": null, "ts": 1643509817.5540593}]}, "version": 219}
{"obj": {"type": "LogStrings", "path": ["monitoring", "stderr"], "values": [{"value": "\r  0%|          | 961/300000 [00:16<1:20:43, 61.74it/s]", "step": null, "ts": 1643509817.667374}]}, "version": 220}
{"obj": {"type": "LogStrings", "path": ["monitoring", "stderr"], "values": [{"value": "\r  0%|          | 968/300000 [00:17<1:20:18, 62.06it/s]", "step": null, "ts": 1643509817.7788162}]}, "version": 221}
{"obj": {"type": "LogStrings", "path": ["monitoring", "stderr"], "values": [{"value": "\r  0%|          | 975/300000 [00:17<1:20:21, 62.02it/s]", "step": null, "ts": 1643509817.8918288}]}, "version": 222}
{"obj": {"type": "LogStrings", "path": ["monitoring", "stderr"], "values": [{"value": "\r  0%|          | 982/300000 [00:17<1:21:08, 61.42it/s]", "step": null, "ts": 1643509818.0083985}]}, "version": 223}
{"obj": {"type": "LogStrings", "path": ["monitoring", "stderr"], "values": [{"value": "\r  0%|          | 989/300000 [00:17<1:21:03, 61.48it/s]", "step": null, "ts": 1643509818.1219978}]}, "version": 224}
{"obj": {"type": "LogStrings", "path": ["monitoring", "stderr"], "values": [{"value": "\r  0%|          | 996/300000 [00:17<1:20:43, 61.73it/s]", "step": null, "ts": 1643509818.2343128}]}, "version": 225}
{"obj": {"type": "LogStrings", "path": ["monitoring", "stderr"], "values": [{"value": "", "step": null, "ts": 1643509819.0742302}]}, "version": 226}
{"obj": {"type": "LogStrings", "path": ["monitoring", "stderr"], "values": [{"value": "\r  0%|          | 1001/300000 [00:18<1:31:05, 54.70it/s]", "step": null, "ts": 1643509819.074654}]}, "version": 227}
{"obj": {"type": "LogStrings", "path": ["monitoring", "stderr"], "values": [{"value": "\n", "step": null, "ts": 1643509819.0751514}]}, "version": 228}
{"obj": {"type": "LogFloats", "path": ["monitoring", "cpu"], "values": [{"value": 9.1, "step": null, "ts": 1643509824.2455661}]}, "version": 229}
{"obj": {"type": "LogFloats", "path": ["monitoring", "memory"], "values": [{"value": 11.677703857421875, "step": null, "ts": 1643509824.2455661}]}, "version": 230}
{"obj": {"type": "LogFloats", "path": ["monitoring", "gpu_memory"], "values": [{"value": 1.041015625, "step": null, "ts": 1643509824.2455661}]}, "version": 231}
{"obj": {"type": "LogFloats", "path": ["monitoring", "cpu"], "values": [{"value": 1.2, "step": null, "ts": 1643509834.2465649}]}, "version": 232}
{"obj": {"type": "LogFloats", "path": ["monitoring", "memory"], "values": [{"value": 11.676063537597656, "step": null, "ts": 1643509834.2465649}]}, "version": 233}
{"obj": {"type": "LogFloats", "path": ["monitoring", "gpu_memory"], "values": [{"value": 1.041015625, "step": null, "ts": 1643509834.2465649}]}, "version": 234}
{"obj": {"type": "LogFloats", "path": ["monitoring", "cpu"], "values": [{"value": 1.0, "step": null, "ts": 1643509844.2476027}]}, "version": 235}
{"obj": {"type": "LogFloats", "path": ["monitoring", "memory"], "values": [{"value": 11.683418273925781, "step": null, "ts": 1643509844.2476027}]}, "version": 236}
{"obj": {"type": "LogFloats", "path": ["monitoring", "gpu_memory"], "values": [{"value": 1.041015625, "step": null, "ts": 1643509844.2476027}]}, "version": 237}
{"obj": {"type": "LogFloats", "path": ["monitoring", "cpu"], "values": [{"value": 8.9, "step": null, "ts": 1643509854.248442}]}, "version": 238}
{"obj": {"type": "LogFloats", "path": ["monitoring", "memory"], "values": [{"value": 11.723346710205078, "step": null, "ts": 1643509854.248442}]}, "version": 239}
{"obj": {"type": "LogFloats", "path": ["monitoring", "gpu"], "values": [{"value": 16.0, "step": null, "ts": 1643509854.248442}]}, "version": 240}
{"obj": {"type": "LogFloats", "path": ["monitoring", "gpu_memory"], "values": [{"value": 1.041015625, "step": null, "ts": 1643509854.248442}]}, "version": 241}
{"obj": {"type": "LogFloats", "path": ["monitoring", "cpu"], "values": [{"value": 8.4, "step": null, "ts": 1643509864.2496324}]}, "version": 242}
{"obj": {"type": "LogFloats", "path": ["monitoring", "memory"], "values": [{"value": 11.731521606445312, "step": null, "ts": 1643509864.2496324}]}, "version": 243}
{"obj": {"type": "LogFloats", "path": ["monitoring", "gpu_memory"], "values": [{"value": 1.041015625, "step": null, "ts": 1643509864.2496324}]}, "version": 244}
{"obj": {"type": "LogFloats", "path": ["monitoring", "cpu"], "values": [{"value": 1.7, "step": null, "ts": 1643509874.2505195}]}, "version": 245}
{"obj": {"type": "LogFloats", "path": ["monitoring", "memory"], "values": [{"value": 11.73110580444336, "step": null, "ts": 1643509874.2505195}]}, "version": 246}
{"obj": {"type": "LogFloats", "path": ["monitoring", "gpu"], "values": [{"value": 1.0, "step": null, "ts": 1643509874.2505195}]}, "version": 247}
{"obj": {"type": "LogFloats", "path": ["monitoring", "gpu_memory"], "values": [{"value": 1.041015625, "step": null, "ts": 1643509874.2505195}]}, "version": 248}
{"obj": {"type": "LogFloats", "path": ["monitoring", "cpu"], "values": [{"value": 1.0, "step": null, "ts": 1643509884.2514386}]}, "version": 249}
{"obj": {"type": "LogFloats", "path": ["monitoring", "memory"], "values": [{"value": 11.706321716308594, "step": null, "ts": 1643509884.2514386}]}, "version": 250}
{"obj": {"type": "LogFloats", "path": ["monitoring", "gpu_memory"], "values": [{"value": 1.041015625, "step": null, "ts": 1643509884.2514386}]}, "version": 251}
{"obj": {"type": "LogFloats", "path": ["monitoring", "cpu"], "values": [{"value": 0.6, "step": null, "ts": 1643509894.2524889}]}, "version": 252}
{"obj": {"type": "LogFloats", "path": ["monitoring", "memory"], "values": [{"value": 11.677288055419922, "step": null, "ts": 1643509894.2524889}]}, "version": 253}
{"obj": {"type": "LogFloats", "path": ["monitoring", "gpu_memory"], "values": [{"value": 1.041015625, "step": null, "ts": 1643509894.2524889}]}, "version": 254}
{"obj": {"type": "LogFloats", "path": ["monitoring", "cpu"], "values": [{"value": 0.7, "step": null, "ts": 1643509904.2533457}]}, "version": 255}
{"obj": {"type": "LogFloats", "path": ["monitoring", "memory"], "values": [{"value": 11.674312591552734, "step": null, "ts": 1643509904.2533457}]}, "version": 256}
{"obj": {"type": "LogFloats", "path": ["monitoring", "gpu_memory"], "values": [{"value": 1.041015625, "step": null, "ts": 1643509904.2533457}]}, "version": 257}
{"obj": {"type": "LogFloats", "path": ["monitoring", "cpu"], "values": [{"value": 5.3, "step": null, "ts": 1643509914.2543406}]}, "version": 258}
{"obj": {"type": "LogFloats", "path": ["monitoring", "memory"], "values": [{"value": 11.692554473876953, "step": null, "ts": 1643509914.2543406}]}, "version": 259}
{"obj": {"type": "LogFloats", "path": ["monitoring", "gpu_memory"], "values": [{"value": 1.041015625, "step": null, "ts": 1643509914.2543406}]}, "version": 260}
{"obj": {"type": "LogFloats", "path": ["monitoring", "cpu"], "values": [{"value": 8.2, "step": null, "ts": 1643509924.25532}]}, "version": 261}
{"obj": {"type": "LogFloats", "path": ["monitoring", "memory"], "values": [{"value": 11.719215393066406, "step": null, "ts": 1643509924.25532}]}, "version": 262}
{"obj": {"type": "LogFloats", "path": ["monitoring", "gpu_memory"], "values": [{"value": 1.041015625, "step": null, "ts": 1643509924.25532}]}, "version": 263}
{"obj": {"type": "LogFloats", "path": ["monitoring", "cpu"], "values": [{"value": 7.7, "step": null, "ts": 1643509934.256134}]}, "version": 264}
{"obj": {"type": "LogFloats", "path": ["monitoring", "memory"], "values": [{"value": 11.748634338378906, "step": null, "ts": 1643509934.256134}]}, "version": 265}
{"obj": {"type": "LogFloats", "path": ["monitoring", "gpu"], "values": [{"value": 10.0, "step": null, "ts": 1643509934.256134}]}, "version": 266}
{"obj": {"type": "LogFloats", "path": ["monitoring", "gpu_memory"], "values": [{"value": 1.041015625, "step": null, "ts": 1643509934.256134}]}, "version": 267}
{"obj": {"type": "LogFloats", "path": ["monitoring", "cpu"], "values": [{"value": 4.1, "step": null, "ts": 1643509944.2573545}]}, "version": 268}
{"obj": {"type": "LogFloats", "path": ["monitoring", "memory"], "values": [{"value": 11.713958740234375, "step": null, "ts": 1643509944.2573545}]}, "version": 269}
{"obj": {"type": "LogFloats", "path": ["monitoring", "gpu"], "values": [{"value": 8.0, "step": null, "ts": 1643509944.2573545}]}, "version": 270}
{"obj": {"type": "LogFloats", "path": ["monitoring", "gpu_memory"], "values": [{"value": 1.041015625, "step": null, "ts": 1643509944.2573545}]}, "version": 271}
{"obj": {"type": "LogFloats", "path": ["monitoring", "cpu"], "values": [{"value": 1.5, "step": null, "ts": 1643509954.2583232}]}, "version": 272}
{"obj": {"type": "LogFloats", "path": ["monitoring", "memory"], "values": [{"value": 11.716968536376953, "step": null, "ts": 1643509954.2583232}]}, "version": 273}
{"obj": {"type": "LogFloats", "path": ["monitoring", "gpu_memory"], "values": [{"value": 1.041015625, "step": null, "ts": 1643509954.2583232}]}, "version": 274}
{"obj": {"type": "LogFloats", "path": ["monitoring", "cpu"], "values": [{"value": 1.0, "step": null, "ts": 1643509964.2593467}]}, "version": 275}
{"obj": {"type": "LogFloats", "path": ["monitoring", "memory"], "values": [{"value": 11.730594635009766, "step": null, "ts": 1643509964.2593467}]}, "version": 276}
{"obj": {"type": "LogFloats", "path": ["monitoring", "gpu"], "values": [{"value": 3.0, "step": null, "ts": 1643509964.2593467}]}, "version": 277}
{"obj": {"type": "LogFloats", "path": ["monitoring", "gpu_memory"], "values": [{"value": 1.041015625, "step": null, "ts": 1643509964.2593467}]}, "version": 278}
{"obj": {"type": "LogFloats", "path": ["monitoring", "cpu"], "values": [{"value": 1.3, "step": null, "ts": 1643509974.2628098}]}, "version": 279}
{"obj": {"type": "LogFloats", "path": ["monitoring", "memory"], "values": [{"value": 11.731792449951172, "step": null, "ts": 1643509974.2628098}]}, "version": 280}
{"obj": {"type": "LogFloats", "path": ["monitoring", "gpu"], "values": [{"value": 1.0, "step": null, "ts": 1643509974.2628098}]}, "version": 281}
{"obj": {"type": "LogFloats", "path": ["monitoring", "gpu_memory"], "values": [{"value": 1.041015625, "step": null, "ts": 1643509974.2628098}]}, "version": 282}
{"obj": {"type": "LogFloats", "path": ["monitoring", "cpu"], "values": [{"value": 7.9, "step": null, "ts": 1643509984.2639177}]}, "version": 283}
{"obj": {"type": "LogFloats", "path": ["monitoring", "memory"], "values": [{"value": 11.741817474365234, "step": null, "ts": 1643509984.2639177}]}, "version": 284}
{"obj": {"type": "LogFloats", "path": ["monitoring", "gpu_memory"], "values": [{"value": 1.041015625, "step": null, "ts": 1643509984.2639177}]}, "version": 285}
{"obj": {"type": "LogFloats", "path": ["monitoring", "cpu"], "values": [{"value": 2.8, "step": null, "ts": 1643509994.265258}]}, "version": 286}
{"obj": {"type": "LogFloats", "path": ["monitoring", "memory"], "values": [{"value": 11.752330780029297, "step": null, "ts": 1643509994.265258}]}, "version": 287}
{"obj": {"type": "LogFloats", "path": ["monitoring", "gpu"], "values": [{"value": 22.0, "step": null, "ts": 1643509994.265258}]}, "version": 288}
{"obj": {"type": "LogFloats", "path": ["monitoring", "gpu_memory"], "values": [{"value": 1.041015625, "step": null, "ts": 1643509994.265258}]}, "version": 289}
{"obj": {"type": "LogFloats", "path": ["monitoring", "cpu"], "values": [{"value": 7.0, "step": null, "ts": 1643510004.2661655}]}, "version": 290}
{"obj": {"type": "LogFloats", "path": ["monitoring", "memory"], "values": [{"value": 11.729568481445312, "step": null, "ts": 1643510004.2661655}]}, "version": 291}
{"obj": {"type": "LogFloats", "path": ["monitoring", "gpu"], "values": [{"value": 24.0, "step": null, "ts": 1643510004.2661655}]}, "version": 292}
{"obj": {"type": "LogFloats", "path": ["monitoring", "gpu_memory"], "values": [{"value": 1.041015625, "step": null, "ts": 1643510004.2661655}]}, "version": 293}
{"obj": {"type": "LogFloats", "path": ["monitoring", "cpu"], "values": [{"value": 8.1, "step": null, "ts": 1643510014.267463}]}, "version": 294}
{"obj": {"type": "LogFloats", "path": ["monitoring", "memory"], "values": [{"value": 11.73116683959961, "step": null, "ts": 1643510014.267463}]}, "version": 295}
{"obj": {"type": "LogFloats", "path": ["monitoring", "gpu_memory"], "values": [{"value": 1.041015625, "step": null, "ts": 1643510014.267463}]}, "version": 296}
{"obj": {"type": "LogFloats", "path": ["monitoring", "cpu"], "values": [{"value": 2.6, "step": null, "ts": 1643510024.2684197}]}, "version": 297}
{"obj": {"type": "LogFloats", "path": ["monitoring", "memory"], "values": [{"value": 11.755496978759766, "step": null, "ts": 1643510024.2684197}]}, "version": 298}
{"obj": {"type": "LogFloats", "path": ["monitoring", "gpu_memory"], "values": [{"value": 1.041015625, "step": null, "ts": 1643510024.2684197}]}, "version": 299}
{"obj": {"type": "LogFloats", "path": ["monitoring", "cpu"], "values": [{"value": 2.5, "step": null, "ts": 1643510034.269305}]}, "version": 300}
{"obj": {"type": "LogFloats", "path": ["monitoring", "memory"], "values": [{"value": 11.744705200195312, "step": null, "ts": 1643510034.269305}]}, "version": 301}
{"obj": {"type": "LogFloats", "path": ["monitoring", "gpu_memory"], "values": [{"value": 1.041015625, "step": null, "ts": 1643510034.269305}]}, "version": 302}
{"obj": {"type": "LogFloats", "path": ["monitoring", "cpu"], "values": [{"value": 3.3, "step": null, "ts": 1643510044.2702625}]}, "version": 303}
{"obj": {"type": "LogFloats", "path": ["monitoring", "memory"], "values": [{"value": 11.71175765991211, "step": null, "ts": 1643510044.2702625}]}, "version": 304}
{"obj": {"type": "LogFloats", "path": ["monitoring", "gpu_memory"], "values": [{"value": 1.041015625, "step": null, "ts": 1643510044.2702625}]}, "version": 305}
{"obj": {"type": "LogFloats", "path": ["monitoring", "cpu"], "values": [{"value": 1.3, "step": null, "ts": 1643510054.2712464}]}, "version": 306}
{"obj": {"type": "LogFloats", "path": ["monitoring", "memory"], "values": [{"value": 11.712326049804688, "step": null, "ts": 1643510054.2712464}]}, "version": 307}
{"obj": {"type": "LogFloats", "path": ["monitoring", "gpu_memory"], "values": [{"value": 1.041015625, "step": null, "ts": 1643510054.2712464}]}, "version": 308}
{"obj": {"type": "LogFloats", "path": ["monitoring", "cpu"], "values": [{"value": 1.0, "step": null, "ts": 1643510064.2720883}]}, "version": 309}
{"obj": {"type": "LogFloats", "path": ["monitoring", "memory"], "values": [{"value": 11.71127700805664, "step": null, "ts": 1643510064.2720883}]}, "version": 310}
{"obj": {"type": "LogFloats", "path": ["monitoring", "gpu_memory"], "values": [{"value": 1.041015625, "step": null, "ts": 1643510064.2720883}]}, "version": 311}
{"obj": {"type": "LogFloats", "path": ["monitoring", "cpu"], "values": [{"value": 3.0, "step": null, "ts": 1643510074.2729304}]}, "version": 312}
{"obj": {"type": "LogFloats", "path": ["monitoring", "memory"], "values": [{"value": 11.714347839355469, "step": null, "ts": 1643510074.2729304}]}, "version": 313}
{"obj": {"type": "LogFloats", "path": ["monitoring", "gpu_memory"], "values": [{"value": 1.041015625, "step": null, "ts": 1643510074.2729304}]}, "version": 314}
{"obj": {"type": "LogStrings", "path": ["monitoring", "stdout"], "values": [{"value": "Shutting down background jobs, please wait a moment...\n", "step": null, "ts": 1643510081.9290028}]}, "version": 315}
