{"obj": {"type": "AssignString", "path": ["sys", "name"], "value": "Untitled"}, "version": 1}
{"obj": {"type": "AssignString", "path": ["sys", "description"], "value": ""}, "version": 2}
{"obj": {"type": "AssignString", "path": ["sys", "hostname"], "value": "xhnfly-Strix-GL504GS-S5CS"}, "version": 3}
{"obj": {"type": "AssignBool", "path": ["sys", "failed"], "value": false}, "version": 4}
{"obj": {"type": "ClearStringLog", "path": ["monitoring", "stdout"]}, "version": 5}
{"obj": {"type": "ClearStringLog", "path": ["monitoring", "stderr"]}, "version": 6}
{"obj": {"type": "ConfigFloatSeries", "path": ["monitoring", "cpu"], "min": 0.0, "max": 100.0, "unit": "%"}, "version": 7}
{"obj": {"type": "ClearFloatLog", "path": ["monitoring", "cpu"]}, "version": 8}
{"obj": {"type": "ConfigFloatSeries", "path": ["monitoring", "memory"], "min": 0.0, "max": 31.287979125976562, "unit": "GB"}, "version": 9}
{"obj": {"type": "ClearFloatLog", "path": ["monitoring", "memory"]}, "version": 10}
{"obj": {"type": "ConfigFloatSeries", "path": ["monitoring", "gpu"], "min": 0.0, "max": 100.0, "unit": "%"}, "version": 11}
{"obj": {"type": "ClearFloatLog", "path": ["monitoring", "gpu"]}, "version": 12}
{"obj": {"type": "ConfigFloatSeries", "path": ["monitoring", "gpu_memory"], "min": 0.0, "max": 7.9210205078125, "unit": "GB"}, "version": 13}
{"obj": {"type": "ClearFloatLog", "path": ["monitoring", "gpu_memory"]}, "version": 14}
{"obj": {"type": "LogStrings", "path": ["monitoring", "stdout"], "values": [{"value": "", "step": null, "ts": 1643540106.3486874}]}, "version": 15}
{"obj": {"type": "LogFloats", "path": ["monitoring", "cpu"], "values": [{"value": 28.9, "step": null, "ts": 1643540106.3420837}]}, "version": 16}
{"obj": {"type": "LogStrings", "path": ["monitoring", "stdout"], "values": [{"value": "Remember to stop your run once you\u2019ve finished logging your metadata (https://docs.neptune.ai/api-reference/run#.stop). It will be stopped automatically only when the notebook kernel/interactive console is terminated.\n", "step": null, "ts": 1643540106.3494604}]}, "version": 17}
{"obj": {"type": "LogFloats", "path": ["monitoring", "memory"], "values": [{"value": 11.571853637695312, "step": null, "ts": 1643540106.3420837}]}, "version": 18}
{"obj": {"type": "LogFloats", "path": ["monitoring", "gpu"], "values": [{"value": 5.0, "step": null, "ts": 1643540106.3420837}]}, "version": 19}
{"obj": {"type": "LogFloats", "path": ["monitoring", "gpu_memory"], "values": [{"value": 0.3836669921875, "step": null, "ts": 1643540106.3420837}]}, "version": 20}
{"obj": {"type": "LogStrings", "path": ["monitoring", "stdout"], "values": [{"value": "device = ", "step": null, "ts": 1643540110.218268}]}, "version": 21}
{"obj": {"type": "LogStrings", "path": ["monitoring", "stdout"], "values": [{"value": " ", "step": null, "ts": 1643540110.2186167}]}, "version": 22}
{"obj": {"type": "LogStrings", "path": ["monitoring", "stdout"], "values": [{"value": "cuda", "step": null, "ts": 1643540110.2188425}]}, "version": 23}
{"obj": {"type": "LogStrings", "path": ["monitoring", "stdout"], "values": [{"value": "\n", "step": null, "ts": 1643540110.2190485}]}, "version": 24}
{"obj": {"type": "AssignFloat", "path": ["parameters", "dropout"], "value": 0.2}, "version": 25}
{"obj": {"type": "AssignFloat", "path": ["parameters", "learning_rate"], "value": 0.001}, "version": 26}
{"obj": {"type": "AssignString", "path": ["parameters", "optimizer"], "value": "Adam"}, "version": 27}
{"obj": {"type": "AssignInt", "path": ["parameters", "hid"], "value": 256}, "version": 28}
{"obj": {"type": "AssignInt", "path": ["parameters", "l"], "value": 3}, "version": 29}
{"obj": {"type": "AssignInt", "path": ["parameters", "seed"], "value": 0}, "version": 30}
{"obj": {"type": "AssignInt", "path": ["parameters", "steps_per_epoch"], "value": 3000}, "version": 31}
{"obj": {"type": "AssignInt", "path": ["parameters", "steps_video"], "value": 3}, "version": 32}
{"obj": {"type": "AssignInt", "path": ["parameters", "epochs"], "value": 100}, "version": 33}
{"obj": {"type": "AssignInt", "path": ["parameters", "replay_size"], "value": 100000000}, "version": 34}
{"obj": {"type": "AssignFloat", "path": ["parameters", "gamma"], "value": 0.99}, "version": 35}
{"obj": {"type": "AssignFloat", "path": ["parameters", "polyak"], "value": 0.995}, "version": 36}
{"obj": {"type": "AssignFloat", "path": ["parameters", "pi_lr"], "value": 0.0001}, "version": 37}
{"obj": {"type": "AssignFloat", "path": ["parameters", "q_lr"], "value": 0.0001}, "version": 38}
{"obj": {"type": "AssignInt", "path": ["parameters", "batch_size"], "value": 1000}, "version": 39}
{"obj": {"type": "AssignInt", "path": ["parameters", "start_steps"], "value": 10000}, "version": 40}
{"obj": {"type": "AssignInt", "path": ["parameters", "update_after"], "value": 5000}, "version": 41}
{"obj": {"type": "AssignInt", "path": ["parameters", "update_every"], "value": 100}, "version": 42}
{"obj": {"type": "AssignFloat", "path": ["parameters", "act_noise"], "value": 0.01}, "version": 43}
{"obj": {"type": "AssignInt", "path": ["parameters", "num_test_episodes"], "value": 10}, "version": 44}
{"obj": {"type": "AssignInt", "path": ["parameters", "max_ep_len"], "value": 1000}, "version": 45}
{"obj": {"type": "AssignInt", "path": ["parameters", "max_video_len"], "value": 1000}, "version": 46}
{"obj": {"type": "AssignInt", "path": ["parameters", "save_model_len"], "value": 10000}, "version": 47}
{"obj": {"type": "LogStrings", "path": ["monitoring", "stdout"], "values": [{"value": "obs_dim = ", "step": null, "ts": 1643540110.3521452}]}, "version": 48}
{"obj": {"type": "LogStrings", "path": ["monitoring", "stdout"], "values": [{"value": " ", "step": null, "ts": 1643540110.3524616}]}, "version": 49}
{"obj": {"type": "LogStrings", "path": ["monitoring", "stdout"], "values": [{"value": "35", "step": null, "ts": 1643540110.3525543}]}, "version": 50}
{"obj": {"type": "LogStrings", "path": ["monitoring", "stdout"], "values": [{"value": "\n", "step": null, "ts": 1643540110.3527532}]}, "version": 51}
{"obj": {"type": "LogStrings", "path": ["monitoring", "stdout"], "values": [{"value": "act_dim = ", "step": null, "ts": 1643540110.3529615}]}, "version": 52}
{"obj": {"type": "LogStrings", "path": ["monitoring", "stdout"], "values": [{"value": " ", "step": null, "ts": 1643540110.353167}]}, "version": 53}
{"obj": {"type": "LogStrings", "path": ["monitoring", "stdout"], "values": [{"value": "6", "step": null, "ts": 1643540110.353298}]}, "version": 54}
{"obj": {"type": "LogStrings", "path": ["monitoring", "stdout"], "values": [{"value": "\n", "step": null, "ts": 1643540110.3534427}]}, "version": 55}
{"obj": {"type": "LogStrings", "path": ["monitoring", "stdout"], "values": [{"value": "act_limit = ", "step": null, "ts": 1643540110.3537495}]}, "version": 56}
{"obj": {"type": "LogStrings", "path": ["monitoring", "stdout"], "values": [{"value": " ", "step": null, "ts": 1643540110.353914}]}, "version": 57}
{"obj": {"type": "LogStrings", "path": ["monitoring", "stdout"], "values": [{"value": "1", "step": null, "ts": 1643540110.354051}]}, "version": 58}
{"obj": {"type": "LogStrings", "path": ["monitoring", "stdout"], "values": [{"value": "\n", "step": null, "ts": 1643540110.3541305}]}, "version": 59}
{"obj": {"type": "LogFloats", "path": ["monitoring", "cpu"], "values": [{"value": 24.9, "step": null, "ts": 1643540116.351117}]}, "version": 60}
{"obj": {"type": "LogFloats", "path": ["monitoring", "memory"], "values": [{"value": 15.385501861572266, "step": null, "ts": 1643540116.351117}]}, "version": 61}
{"obj": {"type": "LogFloats", "path": ["monitoring", "gpu"], "values": [{"value": 10.0, "step": null, "ts": 1643540116.351117}]}, "version": 62}
{"obj": {"type": "LogFloats", "path": ["monitoring", "gpu_memory"], "values": [{"value": 1.083984375, "step": null, "ts": 1643540116.351117}]}, "version": 63}
{"obj": {"type": "LogFloats", "path": ["monitoring", "cpu"], "values": [{"value": 11.2, "step": null, "ts": 1643540126.352157}]}, "version": 64}
{"obj": {"type": "LogFloats", "path": ["monitoring", "memory"], "values": [{"value": 15.118736267089844, "step": null, "ts": 1643540126.352157}]}, "version": 65}
{"obj": {"type": "LogFloats", "path": ["monitoring", "gpu_memory"], "values": [{"value": 1.083984375, "step": null, "ts": 1643540126.352157}]}, "version": 66}
{"obj": {"type": "LogFloats", "path": ["monitoring", "cpu"], "values": [{"value": 5.1, "step": null, "ts": 1643540136.3530395}]}, "version": 67}
{"obj": {"type": "LogFloats", "path": ["monitoring", "memory"], "values": [{"value": 15.087348937988281, "step": null, "ts": 1643540136.3530395}]}, "version": 68}
{"obj": {"type": "LogFloats", "path": ["monitoring", "gpu"], "values": [{"value": 11.0, "step": null, "ts": 1643540136.3530395}]}, "version": 69}
{"obj": {"type": "LogFloats", "path": ["monitoring", "gpu_memory"], "values": [{"value": 1.083984375, "step": null, "ts": 1643540136.3530395}]}, "version": 70}
{"obj": {"type": "LogFloats", "path": ["monitoring", "cpu"], "values": [{"value": 7.8, "step": null, "ts": 1643540146.3540587}]}, "version": 71}
{"obj": {"type": "LogFloats", "path": ["monitoring", "memory"], "values": [{"value": 15.096271514892578, "step": null, "ts": 1643540146.3540587}]}, "version": 72}
{"obj": {"type": "LogFloats", "path": ["monitoring", "gpu_memory"], "values": [{"value": 1.083984375, "step": null, "ts": 1643540146.3540587}]}, "version": 73}
{"obj": {"type": "LogFloats", "path": ["monitoring", "cpu"], "values": [{"value": 6.2, "step": null, "ts": 1643540156.3548646}]}, "version": 74}
{"obj": {"type": "LogFloats", "path": ["monitoring", "memory"], "values": [{"value": 15.090167999267578, "step": null, "ts": 1643540156.3548646}]}, "version": 75}
{"obj": {"type": "LogFloats", "path": ["monitoring", "gpu"], "values": [{"value": 13.0, "step": null, "ts": 1643540156.3548646}]}, "version": 76}
{"obj": {"type": "LogFloats", "path": ["monitoring", "gpu_memory"], "values": [{"value": 1.083984375, "step": null, "ts": 1643540156.3548646}]}, "version": 77}
{"obj": {"type": "LogFloats", "path": ["monitoring", "cpu"], "values": [{"value": 9.1, "step": null, "ts": 1643540166.3557324}]}, "version": 78}
{"obj": {"type": "LogFloats", "path": ["monitoring", "memory"], "values": [{"value": 15.14276123046875, "step": null, "ts": 1643540166.3557324}]}, "version": 79}
{"obj": {"type": "LogFloats", "path": ["monitoring", "gpu"], "values": [{"value": 2.0, "step": null, "ts": 1643540166.3557324}]}, "version": 80}
{"obj": {"type": "LogFloats", "path": ["monitoring", "gpu_memory"], "values": [{"value": 1.083984375, "step": null, "ts": 1643540166.3557324}]}, "version": 81}
{"obj": {"type": "LogFloats", "path": ["monitoring", "cpu"], "values": [{"value": 12.4, "step": null, "ts": 1643540176.3570638}]}, "version": 82}
{"obj": {"type": "LogFloats", "path": ["monitoring", "memory"], "values": [{"value": 15.160743713378906, "step": null, "ts": 1643540176.3570638}]}, "version": 83}
{"obj": {"type": "LogFloats", "path": ["monitoring", "gpu_memory"], "values": [{"value": 1.083984375, "step": null, "ts": 1643540176.3570638}]}, "version": 84}
{"obj": {"type": "LogFloats", "path": ["monitoring", "cpu"], "values": [{"value": 9.4, "step": null, "ts": 1643540186.357874}]}, "version": 85}
{"obj": {"type": "LogFloats", "path": ["monitoring", "memory"], "values": [{"value": 15.130382537841797, "step": null, "ts": 1643540186.357874}]}, "version": 86}
{"obj": {"type": "LogFloats", "path": ["monitoring", "gpu"], "values": [{"value": 1.0, "step": null, "ts": 1643540186.357874}]}, "version": 87}
{"obj": {"type": "LogFloats", "path": ["monitoring", "gpu_memory"], "values": [{"value": 1.083984375, "step": null, "ts": 1643540186.357874}]}, "version": 88}
{"obj": {"type": "LogFloats", "path": ["monitoring", "cpu"], "values": [{"value": 8.4, "step": null, "ts": 1643540196.358772}]}, "version": 89}
{"obj": {"type": "LogFloats", "path": ["monitoring", "memory"], "values": [{"value": 15.104911804199219, "step": null, "ts": 1643540196.358772}]}, "version": 90}
{"obj": {"type": "LogFloats", "path": ["monitoring", "gpu"], "values": [{"value": 9.0, "step": null, "ts": 1643540196.358772}]}, "version": 91}
{"obj": {"type": "LogFloats", "path": ["monitoring", "gpu_memory"], "values": [{"value": 1.083984375, "step": null, "ts": 1643540196.358772}]}, "version": 92}
{"obj": {"type": "LogFloats", "path": ["monitoring", "cpu"], "values": [{"value": 3.7, "step": null, "ts": 1643540206.3597445}]}, "version": 93}
{"obj": {"type": "LogFloats", "path": ["monitoring", "memory"], "values": [{"value": 15.086055755615234, "step": null, "ts": 1643540206.3597445}]}, "version": 94}
{"obj": {"type": "LogFloats", "path": ["monitoring", "gpu"], "values": [{"value": 4.0, "step": null, "ts": 1643540206.3597445}]}, "version": 95}
{"obj": {"type": "LogFloats", "path": ["monitoring", "gpu_memory"], "values": [{"value": 1.083984375, "step": null, "ts": 1643540206.3597445}]}, "version": 96}
{"obj": {"type": "LogFloats", "path": ["monitoring", "cpu"], "values": [{"value": 8.1, "step": null, "ts": 1643540216.360643}]}, "version": 97}
{"obj": {"type": "LogFloats", "path": ["monitoring", "memory"], "values": [{"value": 15.083019256591797, "step": null, "ts": 1643540216.360643}]}, "version": 98}
{"obj": {"type": "LogFloats", "path": ["monitoring", "gpu_memory"], "values": [{"value": 1.083984375, "step": null, "ts": 1643540216.360643}]}, "version": 99}
{"obj": {"type": "LogFloats", "path": ["monitoring", "cpu"], "values": [{"value": 6.4, "step": null, "ts": 1643540226.3618207}]}, "version": 100}
{"obj": {"type": "LogFloats", "path": ["monitoring", "memory"], "values": [{"value": 15.155574798583984, "step": null, "ts": 1643540226.3618207}]}, "version": 101}
{"obj": {"type": "LogFloats", "path": ["monitoring", "gpu_memory"], "values": [{"value": 1.083984375, "step": null, "ts": 1643540226.3618207}]}, "version": 102}
{"obj": {"type": "LogFloats", "path": ["monitoring", "cpu"], "values": [{"value": 2.8, "step": null, "ts": 1643540236.3628142}]}, "version": 103}
{"obj": {"type": "LogFloats", "path": ["monitoring", "memory"], "values": [{"value": 15.139408111572266, "step": null, "ts": 1643540236.3628142}]}, "version": 104}
{"obj": {"type": "LogFloats", "path": ["monitoring", "gpu_memory"], "values": [{"value": 1.083984375, "step": null, "ts": 1643540236.3628142}]}, "version": 105}
{"obj": {"type": "LogFloats", "path": ["monitoring", "cpu"], "values": [{"value": 3.3, "step": null, "ts": 1643540246.3638499}]}, "version": 106}
{"obj": {"type": "LogFloats", "path": ["monitoring", "memory"], "values": [{"value": 15.11669921875, "step": null, "ts": 1643540246.3638499}]}, "version": 107}
{"obj": {"type": "LogFloats", "path": ["monitoring", "gpu_memory"], "values": [{"value": 1.083984375, "step": null, "ts": 1643540246.3638499}]}, "version": 108}
{"obj": {"type": "LogFloats", "path": ["monitoring", "cpu"], "values": [{"value": 11.0, "step": null, "ts": 1643540256.3646898}]}, "version": 109}
{"obj": {"type": "LogFloats", "path": ["monitoring", "memory"], "values": [{"value": 15.166633605957031, "step": null, "ts": 1643540256.3646898}]}, "version": 110}
{"obj": {"type": "LogFloats", "path": ["monitoring", "gpu"], "values": [{"value": 5.0, "step": null, "ts": 1643540256.3646898}]}, "version": 111}
{"obj": {"type": "LogFloats", "path": ["monitoring", "gpu_memory"], "values": [{"value": 1.083984375, "step": null, "ts": 1643540256.3646898}]}, "version": 112}
{"obj": {"type": "LogStrings", "path": ["monitoring", "stdout"], "values": [{"value": "Shutting down background jobs, please wait a moment...\n", "step": null, "ts": 1643540257.4049475}]}, "version": 113}
