{"obj": {"type": "AssignString", "path": ["sys", "name"], "value": "Untitled"}, "version": 1}
{"obj": {"type": "AssignString", "path": ["sys", "description"], "value": ""}, "version": 2}
{"obj": {"type": "AssignString", "path": ["sys", "hostname"], "value": "xhnfly-Strix-GL504GS-S5CS"}, "version": 3}
{"obj": {"type": "AssignBool", "path": ["sys", "failed"], "value": false}, "version": 4}
{"obj": {"type": "ClearStringLog", "path": ["monitoring", "stdout"]}, "version": 5}
{"obj": {"type": "ClearStringLog", "path": ["monitoring", "stderr"]}, "version": 6}
{"obj": {"type": "ConfigFloatSeries", "path": ["monitoring", "cpu"], "min": 0.0, "max": 100.0, "unit": "%"}, "version": 7}
{"obj": {"type": "ClearFloatLog", "path": ["monitoring", "cpu"]}, "version": 8}
{"obj": {"type": "ConfigFloatSeries", "path": ["monitoring", "memory"], "min": 0.0, "max": 31.287979125976562, "unit": "GB"}, "version": 9}
{"obj": {"type": "ClearFloatLog", "path": ["monitoring", "memory"]}, "version": 10}
{"obj": {"type": "ConfigFloatSeries", "path": ["monitoring", "gpu"], "min": 0.0, "max": 100.0, "unit": "%"}, "version": 11}
{"obj": {"type": "ClearFloatLog", "path": ["monitoring", "gpu"]}, "version": 12}
{"obj": {"type": "ConfigFloatSeries", "path": ["monitoring", "gpu_memory"], "min": 0.0, "max": 7.9210205078125, "unit": "GB"}, "version": 13}
{"obj": {"type": "ClearFloatLog", "path": ["monitoring", "gpu_memory"]}, "version": 14}
{"obj": {"type": "LogStrings", "path": ["monitoring", "stdout"], "values": [{"value": "", "step": null, "ts": 1643542400.3449185}]}, "version": 15}
{"obj": {"type": "LogFloats", "path": ["monitoring", "cpu"], "values": [{"value": 23.1, "step": null, "ts": 1643542400.3393395}]}, "version": 16}
{"obj": {"type": "LogFloats", "path": ["monitoring", "memory"], "values": [{"value": 6.6971282958984375, "step": null, "ts": 1643542400.3393395}]}, "version": 17}
{"obj": {"type": "LogFloats", "path": ["monitoring", "gpu"], "values": [{"value": 9.0, "step": null, "ts": 1643542400.3393395}]}, "version": 18}
{"obj": {"type": "LogFloats", "path": ["monitoring", "gpu_memory"], "values": [{"value": 0.230224609375, "step": null, "ts": 1643542400.3393395}]}, "version": 19}
{"obj": {"type": "LogStrings", "path": ["monitoring", "stdout"], "values": [{"value": "Remember to stop your run once you\u2019ve finished logging your metadata (https://docs.neptune.ai/api-reference/run#.stop). It will be stopped automatically only when the notebook kernel/interactive console is terminated.\n", "step": null, "ts": 1643542400.3463464}]}, "version": 20}
{"obj": {"type": "LogStrings", "path": ["monitoring", "stdout"], "values": [{"value": "device = ", "step": null, "ts": 1643542403.6376474}]}, "version": 21}
{"obj": {"type": "LogStrings", "path": ["monitoring", "stdout"], "values": [{"value": " ", "step": null, "ts": 1643542403.6379945}]}, "version": 22}
{"obj": {"type": "LogStrings", "path": ["monitoring", "stdout"], "values": [{"value": "cuda", "step": null, "ts": 1643542403.6381342}]}, "version": 23}
{"obj": {"type": "LogStrings", "path": ["monitoring", "stdout"], "values": [{"value": "\n", "step": null, "ts": 1643542403.6387095}]}, "version": 24}
{"obj": {"type": "AssignFloat", "path": ["parameters", "dropout"], "value": 0.2}, "version": 25}
{"obj": {"type": "AssignFloat", "path": ["parameters", "learning_rate"], "value": 0.001}, "version": 26}
{"obj": {"type": "AssignString", "path": ["parameters", "optimizer"], "value": "Adam"}, "version": 27}
{"obj": {"type": "AssignInt", "path": ["parameters", "hid"], "value": 256}, "version": 28}
{"obj": {"type": "AssignInt", "path": ["parameters", "l"], "value": 3}, "version": 29}
{"obj": {"type": "AssignInt", "path": ["parameters", "seed"], "value": 0}, "version": 30}
{"obj": {"type": "AssignInt", "path": ["parameters", "steps_per_epoch"], "value": 3000}, "version": 31}
{"obj": {"type": "AssignInt", "path": ["parameters", "steps_video"], "value": 3}, "version": 32}
{"obj": {"type": "AssignInt", "path": ["parameters", "epochs"], "value": 100}, "version": 33}
{"obj": {"type": "AssignInt", "path": ["parameters", "replay_size"], "value": 100000000}, "version": 34}
{"obj": {"type": "AssignFloat", "path": ["parameters", "gamma"], "value": 0.99}, "version": 35}
{"obj": {"type": "AssignFloat", "path": ["parameters", "polyak"], "value": 0.995}, "version": 36}
{"obj": {"type": "AssignFloat", "path": ["parameters", "pi_lr"], "value": 0.0001}, "version": 37}
{"obj": {"type": "AssignFloat", "path": ["parameters", "q_lr"], "value": 0.0001}, "version": 38}
{"obj": {"type": "AssignInt", "path": ["parameters", "batch_size"], "value": 1000}, "version": 39}
{"obj": {"type": "AssignInt", "path": ["parameters", "start_steps"], "value": 10000}, "version": 40}
{"obj": {"type": "AssignInt", "path": ["parameters", "update_after"], "value": 5000}, "version": 41}
{"obj": {"type": "AssignInt", "path": ["parameters", "update_every"], "value": 100}, "version": 42}
{"obj": {"type": "AssignFloat", "path": ["parameters", "act_noise"], "value": 0.01}, "version": 43}
{"obj": {"type": "AssignInt", "path": ["parameters", "num_test_episodes"], "value": 10}, "version": 44}
{"obj": {"type": "AssignInt", "path": ["parameters", "max_ep_len"], "value": 1000}, "version": 45}
{"obj": {"type": "AssignInt", "path": ["parameters", "max_video_len"], "value": 1000}, "version": 46}
{"obj": {"type": "AssignInt", "path": ["parameters", "save_model_len"], "value": 10000}, "version": 47}
{"obj": {"type": "LogStrings", "path": ["monitoring", "stdout"], "values": [{"value": "obs_dim = ", "step": null, "ts": 1643542403.7715232}]}, "version": 48}
{"obj": {"type": "LogStrings", "path": ["monitoring", "stdout"], "values": [{"value": " ", "step": null, "ts": 1643542403.7718618}]}, "version": 49}
{"obj": {"type": "LogStrings", "path": ["monitoring", "stdout"], "values": [{"value": "35", "step": null, "ts": 1643542403.7720354}]}, "version": 50}
{"obj": {"type": "LogStrings", "path": ["monitoring", "stdout"], "values": [{"value": "\n", "step": null, "ts": 1643542403.7722116}]}, "version": 51}
{"obj": {"type": "LogStrings", "path": ["monitoring", "stdout"], "values": [{"value": "act_dim = ", "step": null, "ts": 1643542403.772528}]}, "version": 52}
{"obj": {"type": "LogStrings", "path": ["monitoring", "stdout"], "values": [{"value": " ", "step": null, "ts": 1643542403.7727733}]}, "version": 53}
{"obj": {"type": "LogStrings", "path": ["monitoring", "stdout"], "values": [{"value": "6", "step": null, "ts": 1643542403.772987}]}, "version": 54}
{"obj": {"type": "LogStrings", "path": ["monitoring", "stdout"], "values": [{"value": "\n", "step": null, "ts": 1643542403.7731295}]}, "version": 55}
{"obj": {"type": "LogStrings", "path": ["monitoring", "stdout"], "values": [{"value": "act_limit = ", "step": null, "ts": 1643542403.7735028}]}, "version": 56}
{"obj": {"type": "LogStrings", "path": ["monitoring", "stdout"], "values": [{"value": " ", "step": null, "ts": 1643542403.7737002}]}, "version": 57}
{"obj": {"type": "LogStrings", "path": ["monitoring", "stdout"], "values": [{"value": "1", "step": null, "ts": 1643542403.7738767}]}, "version": 58}
{"obj": {"type": "LogStrings", "path": ["monitoring", "stdout"], "values": [{"value": "\n", "step": null, "ts": 1643542403.7740443}]}, "version": 59}
{"obj": {"type": "LogStrings", "path": ["monitoring", "stderr"], "values": [{"value": "\r  0%|          | 0/300000 [00:00<?, ?it/s]", "step": null, "ts": 1643542406.2648315}]}, "version": 60}
{"obj": {"type": "LogStrings", "path": ["train", "o"], "values": [{"value": "tensor([[ 0.8701, -0.1371, -0.7785, -0.6169,  0.0061, -0.4172, -0.4929, -0.9906,\n          0.6276, -0.7870, -1.0000, -0.9088,  0.0000,  0.0000,  0.0000,  0.0000,\n          0.0000,  0.0000,  0.3722, -0.7640,  1.1169, -0.9981,  0.0426,  0.0387,\n          0.0232,  0.0116,  0.0272,  1.9400,  0.0000,  0.0000,  0.2316, -0.9728,\n         -0.3606,  0.7913,  0.8231]], device='cuda:0', dtype=torch.float64)", "step": null, "ts": 1643542406.3443182}]}, "version": 61}
{"obj": {"type": "LogStrings", "path": ["train", "a"], "values": [{"value": "tensor([[-0.8579, -0.8257, -0.9596,  0.6652,  0.5563,  0.7400]],\n       device='cuda:0')", "step": null, "ts": 1643542406.3492568}]}, "version": 62}
{"obj": {"type": "LogFloats", "path": ["train", "r"], "values": [{"value": 9.672429523988058e-11, "step": null, "ts": 1643542406.349678}]}, "version": 63}
{"obj": {"type": "LogStrings", "path": ["train", "o2"], "values": [{"value": "tensor([[ 0.8609, -0.1558, -0.7643, -0.6053,  0.0187, -0.4020, -0.5088, -0.9878,\n          0.6448, -0.7960, -0.9998, -0.9156, -0.4323, -0.4148, -0.4820,  0.3348,\n          0.2798,  0.3721,  0.3771, -0.7718,  1.1296, -0.9977,  0.0594,  0.0246,\n          0.0228,  0.0116,  0.0272,  1.9285,  0.0000,  0.0000,  0.2316, -0.9728,\n         -0.3655,  0.7990,  0.7990]], device='cuda:0')", "step": null, "ts": 1643542406.353082}]}, "version": 64}
{"obj": {"type": "LogFloats", "path": ["train", "d"], "values": [{"value": 0.0, "step": null, "ts": 1643542406.3535006}]}, "version": 65}
{"obj": {"type": "LogStrings", "path": ["train", "o"], "values": [{"value": "tensor([[ 0.8609, -0.1558, -0.7643, -0.6053,  0.0187, -0.4020, -0.5088, -0.9878,\n          0.6448, -0.7960, -0.9998, -0.9156, -0.4323, -0.4148, -0.4820,  0.3348,\n          0.2798,  0.3721,  0.3771, -0.7718,  1.1296, -0.9977,  0.0594,  0.0246,\n          0.0228,  0.0116,  0.0272,  1.9285,  0.0000,  0.0000,  0.2316, -0.9728,\n         -0.3655,  0.7990,  0.7990]], device='cuda:0')", "step": null, "ts": 1643542406.3762047}]}, "version": 66}
{"obj": {"type": "LogStrings", "path": ["train", "a"], "values": [{"value": "tensor([[ 0.9572,  0.5983, -0.0770,  0.5611, -0.7635,  0.2798]],\n       device='cuda:0')", "step": null, "ts": 1643542406.3772454}]}, "version": 67}
{"obj": {"type": "LogFloats", "path": ["train", "r"], "values": [{"value": 1.4631373890239274e-10, "step": null, "ts": 1643542406.3774397}]}, "version": 68}
{"obj": {"type": "LogStrings", "path": ["train", "o2"], "values": [{"value": "tensor([[ 0.8659, -0.1460, -0.7622, -0.5942,  0.0070, -0.3948, -0.5002, -0.9893,\n          0.6473, -0.8043, -1.0000, -0.9188,  0.4792,  0.3008, -0.0386,  0.2823,\n         -0.3832,  0.1409,  0.3771, -0.7701,  1.1271, -0.9974,  0.0594,  0.0353,\n          0.0221,  0.0116,  0.0272,  1.8967,  0.0000,  0.0000,  0.2316, -0.9728,\n         -0.3656,  0.7974,  0.7696]], device='cuda:0')", "step": null, "ts": 1643542406.378984}]}, "version": 69}
{"obj": {"type": "LogFloats", "path": ["train", "d"], "values": [{"value": 0.0, "step": null, "ts": 1643542406.3791802}]}, "version": 70}
{"obj": {"type": "LogStrings", "path": ["monitoring", "stderr"], "values": [{"value": "\r  0%|          | 2/300000 [00:00<4:45:24, 17.52it/s]", "step": null, "ts": 1643542406.3796601}]}, "version": 71}
{"obj": {"type": "LogStrings", "path": ["train", "o"], "values": [{"value": "tensor([[ 0.8659, -0.1460, -0.7622, -0.5942,  0.0070, -0.3948, -0.5002, -0.9893,\n          0.6473, -0.8043, -1.0000, -0.9188,  0.4792,  0.3008, -0.0386,  0.2823,\n         -0.3832,  0.1409,  0.3771, -0.7701,  1.1271, -0.9974,  0.0594,  0.0353,\n          0.0221,  0.0116,  0.0272,  1.8967,  0.0000,  0.0000,  0.2316, -0.9728,\n         -0.3656,  0.7974,  0.7696]], device='cuda:0')", "step": null, "ts": 1643542406.3975816}]}, "version": 72}
{"obj": {"type": "LogStrings", "path": ["train", "a"], "values": [{"value": "tensor([[-0.7133,  0.8893,  0.0437, -0.1707, -0.4709,  0.5485]],\n       device='cuda:0')", "step": null, "ts": 1643542406.3982377}]}, "version": 73}
{"obj": {"type": "LogFloats", "path": ["train", "r"], "values": [{"value": 2.3001822668788918e-10, "step": null, "ts": 1643542406.398381}]}, "version": 74}
{"obj": {"type": "LogStrings", "path": ["train", "o2"], "values": [{"value": "tensor([[ 0.8633, -0.1244, -0.7630, -0.5950, -0.0053, -0.3825, -0.5047, -0.9922,\n          0.6464, -0.8037, -1.0000, -0.9240, -0.3584,  0.4466,  0.0221, -0.0848,\n         -0.2362,  0.2757,  0.3767, -0.7728,  1.1198, -0.9963,  0.0674,  0.0482,\n          0.0212,  0.0116,  0.0272,  1.8519,  0.0000,  0.0000,  0.2316, -0.9728,\n         -0.3651,  0.8000,  0.7321]], device='cuda:0')", "step": null, "ts": 1643542406.3993907}]}, "version": 75}
{"obj": {"type": "LogFloats", "path": ["train", "d"], "values": [{"value": 0.0, "step": null, "ts": 1643542406.399499}]}, "version": 76}
{"obj": {"type": "LogStrings", "path": ["monitoring", "stdout"], "values": [{"value": "current_time = ", "step": null, "ts": 1643542406.3996549}]}, "version": 77}
{"obj": {"type": "LogStrings", "path": ["monitoring", "stdout"], "values": [{"value": " ", "step": null, "ts": 1643542406.3997414}]}, "version": 78}
{"obj": {"type": "LogStrings", "path": ["monitoring", "stdout"], "values": [{"value": "2022-01-30T22:33:26.399583", "step": null, "ts": 1643542406.3998177}]}, "version": 79}
{"obj": {"type": "LogStrings", "path": ["monitoring", "stdout"], "values": [{"value": "\n", "step": null, "ts": 1643542406.3998904}]}, "version": 80}
{"obj": {"type": "LogFloats", "path": ["monitoring", "cpu"], "values": [{"value": 22.7, "step": null, "ts": 1643542410.4004264}]}, "version": 81}
{"obj": {"type": "LogFloats", "path": ["monitoring", "memory"], "values": [{"value": 10.997283935546875, "step": null, "ts": 1643542410.4004264}]}, "version": 82}
{"obj": {"type": "LogFloats", "path": ["monitoring", "gpu"], "values": [{"value": 13.0, "step": null, "ts": 1643542410.4004264}]}, "version": 83}
{"obj": {"type": "LogFloats", "path": ["monitoring", "gpu_memory"], "values": [{"value": 1.0223388671875, "step": null, "ts": 1643542410.4004264}]}, "version": 84}
{"obj": {"type": "LogFloats", "path": ["monitoring", "cpu"], "values": [{"value": 20.3, "step": null, "ts": 1643542420.4316711}]}, "version": 85}
{"obj": {"type": "LogFloats", "path": ["monitoring", "memory"], "values": [{"value": 10.884540557861328, "step": null, "ts": 1643542420.4316711}]}, "version": 86}
{"obj": {"type": "LogFloats", "path": ["monitoring", "gpu"], "values": [{"value": 4.0, "step": null, "ts": 1643542420.4316711}]}, "version": 87}
{"obj": {"type": "LogFloats", "path": ["monitoring", "gpu_memory"], "values": [{"value": 1.0223388671875, "step": null, "ts": 1643542420.4316711}]}, "version": 88}
{"obj": {"type": "LogStrings", "path": ["monitoring", "stderr"], "values": [{"value": "\r  0%|          | 2/300000 [00:20<4:45:24, 17.52it/s]", "step": null, "ts": 1643542426.3167179}]}, "version": 89}
{"obj": {"type": "LogFloats", "path": ["monitoring", "cpu"], "values": [{"value": 17.4, "step": null, "ts": 1643542430.4718952}]}, "version": 90}
{"obj": {"type": "LogFloats", "path": ["monitoring", "memory"], "values": [{"value": 10.884899139404297, "step": null, "ts": 1643542430.4718952}]}, "version": 91}
{"obj": {"type": "LogFloats", "path": ["monitoring", "gpu"], "values": [{"value": 7.0, "step": null, "ts": 1643542430.4718952}]}, "version": 92}
{"obj": {"type": "LogFloats", "path": ["monitoring", "gpu_memory"], "values": [{"value": 1.0223388671875, "step": null, "ts": 1643542430.4718952}]}, "version": 93}
{"obj": {"type": "LogFloats", "path": ["monitoring", "cpu"], "values": [{"value": 15.0, "step": null, "ts": 1643542440.5158782}]}, "version": 94}
{"obj": {"type": "LogFloats", "path": ["monitoring", "memory"], "values": [{"value": 10.889694213867188, "step": null, "ts": 1643542440.5158782}]}, "version": 95}
{"obj": {"type": "LogFloats", "path": ["monitoring", "gpu"], "values": [{"value": 3.0, "step": null, "ts": 1643542440.5158782}]}, "version": 96}
{"obj": {"type": "LogFloats", "path": ["monitoring", "gpu_memory"], "values": [{"value": 1.0223388671875, "step": null, "ts": 1643542440.5158782}]}, "version": 97}
{"obj": {"type": "LogFloats", "path": ["monitoring", "cpu"], "values": [{"value": 17.9, "step": null, "ts": 1643542450.567827}]}, "version": 98}
{"obj": {"type": "LogFloats", "path": ["monitoring", "memory"], "values": [{"value": 10.882926940917969, "step": null, "ts": 1643542450.567827}]}, "version": 99}
{"obj": {"type": "LogFloats", "path": ["monitoring", "gpu"], "values": [{"value": 5.0, "step": null, "ts": 1643542450.567827}]}, "version": 100}
{"obj": {"type": "LogFloats", "path": ["monitoring", "gpu_memory"], "values": [{"value": 1.0223388671875, "step": null, "ts": 1643542450.567827}]}, "version": 101}
{"obj": {"type": "LogFloats", "path": ["monitoring", "cpu"], "values": [{"value": 16.4, "step": null, "ts": 1643542460.6259336}]}, "version": 102}
{"obj": {"type": "LogFloats", "path": ["monitoring", "memory"], "values": [{"value": 10.59722900390625, "step": null, "ts": 1643542460.6259336}]}, "version": 103}
{"obj": {"type": "LogFloats", "path": ["monitoring", "gpu"], "values": [{"value": 3.0, "step": null, "ts": 1643542460.6259336}]}, "version": 104}
{"obj": {"type": "LogFloats", "path": ["monitoring", "gpu_memory"], "values": [{"value": 1.0223388671875, "step": null, "ts": 1643542460.6259336}]}, "version": 105}
{"obj": {"type": "LogFloats", "path": ["monitoring", "cpu"], "values": [{"value": 21.5, "step": null, "ts": 1643542470.6688743}]}, "version": 106}
{"obj": {"type": "LogFloats", "path": ["monitoring", "memory"], "values": [{"value": 10.649520874023438, "step": null, "ts": 1643542470.6688743}]}, "version": 107}
{"obj": {"type": "LogFloats", "path": ["monitoring", "gpu"], "values": [{"value": 2.0, "step": null, "ts": 1643542470.6688743}]}, "version": 108}
{"obj": {"type": "LogFloats", "path": ["monitoring", "gpu_memory"], "values": [{"value": 1.0223388671875, "step": null, "ts": 1643542470.6688743}]}, "version": 109}
{"obj": {"type": "LogFloats", "path": ["monitoring", "cpu"], "values": [{"value": 15.5, "step": null, "ts": 1643542480.7010903}]}, "version": 110}
{"obj": {"type": "LogFloats", "path": ["monitoring", "memory"], "values": [{"value": 10.620670318603516, "step": null, "ts": 1643542480.7010903}]}, "version": 111}
{"obj": {"type": "LogFloats", "path": ["monitoring", "gpu"], "values": [{"value": 5.0, "step": null, "ts": 1643542480.7010903}]}, "version": 112}
{"obj": {"type": "LogFloats", "path": ["monitoring", "gpu_memory"], "values": [{"value": 1.0223388671875, "step": null, "ts": 1643542480.7010903}]}, "version": 113}
{"obj": {"type": "UploadFile", "path": ["video"], "ext": "mp4", "file_path": "/home/xhnfly/Cosmic_rays_X/X_Robot/robosuite/robosuite/demos/video/DDPG_UR5_2022-01-30T22:33:27.248923_ep_0.mp4"}, "version": 114}
{"obj": {"type": "LogStrings", "path": ["monitoring", "stdout"], "values": [{"value": "current_time = ", "step": null, "ts": 1643542489.6488922}]}, "version": 115}
{"obj": {"type": "LogStrings", "path": ["monitoring", "stdout"], "values": [{"value": " ", "step": null, "ts": 1643542489.6489973}]}, "version": 116}
{"obj": {"type": "LogStrings", "path": ["monitoring", "stdout"], "values": [{"value": "2022-01-30T22:34:49.648800", "step": null, "ts": 1643542489.6490765}]}, "version": 117}
{"obj": {"type": "LogStrings", "path": ["monitoring", "stdout"], "values": [{"value": "\n", "step": null, "ts": 1643542489.6491513}]}, "version": 118}
{"obj": {"type": "LogStrings", "path": ["monitoring", "stderr"], "values": [{"value": "\r  0%|          | 3/300000 [01:23<2894:03:32, 34.73s/it]", "step": null, "ts": 1643542489.649333}]}, "version": 119}
{"obj": {"type": "LogStrings", "path": ["train", "o"], "values": [{"value": "tensor([[ 0.8633, -0.1244, -0.7630, -0.5950, -0.0053, -0.3825, -0.5047, -0.9922,\n          0.6464, -0.8037, -1.0000, -0.9240, -0.3584,  0.4466,  0.0221, -0.0848,\n         -0.2362,  0.2757,  0.3767, -0.7728,  1.1198, -0.9963,  0.0674,  0.0482,\n          0.0212,  0.0116,  0.0272,  1.8519,  0.0000,  0.0000,  0.2316, -0.9728,\n         -0.3651,  0.8000,  0.7321]], device='cuda:0')", "step": null, "ts": 1643542489.660807}]}, "version": 120}
{"obj": {"type": "LogStrings", "path": ["train", "a"], "values": [{"value": "tensor([[ 0.3335,  0.3413, -0.5792, -0.7421, -0.3691, -0.2726]],\n       device='cuda:0')", "step": null, "ts": 1643542489.6614172}]}, "version": 121}
{"obj": {"type": "LogFloats", "path": ["train", "r"], "values": [{"value": 4.1432335340374493e-10, "step": null, "ts": 1643542489.6615276}]}, "version": 122}
{"obj": {"type": "LogStrings", "path": ["train", "o2"], "values": [{"value": "tensor([[ 0.8649, -0.1147, -0.7539, -0.6078, -0.0148, -0.3865, -0.5019, -0.9934,\n          0.6570, -0.7941, -0.9999, -0.9223,  0.1677,  0.1712, -0.2908, -0.3729,\n         -0.1851, -0.1370,  0.3826, -0.7766,  1.1228, -0.9970,  0.0643,  0.0420,\n          0.0128,  0.0116,  0.0272,  1.8004,  0.0000,  0.0000,  0.2316, -0.9728,\n         -0.3711,  0.8039,  0.6775]], device='cuda:0')", "step": null, "ts": 1643542489.6624558}]}, "version": 123}
{"obj": {"type": "LogFloats", "path": ["train", "d"], "values": [{"value": 0.0, "step": null, "ts": 1643542489.662563}]}, "version": 124}
{"obj": {"type": "LogStrings", "path": ["train", "o"], "values": [{"value": "tensor([[ 0.8649, -0.1147, -0.7539, -0.6078, -0.0148, -0.3865, -0.5019, -0.9934,\n          0.6570, -0.7941, -0.9999, -0.9223,  0.1677,  0.1712, -0.2908, -0.3729,\n         -0.1851, -0.1370,  0.3826, -0.7766,  1.1228, -0.9970,  0.0643,  0.0420,\n          0.0128,  0.0116,  0.0272,  1.8004,  0.0000,  0.0000,  0.2316, -0.9728,\n         -0.3711,  0.8039,  0.6775]], device='cuda:0')", "step": null, "ts": 1643542489.6749766}]}, "version": 125}
{"obj": {"type": "LogStrings", "path": ["train", "a"], "values": [{"value": "tensor([[ 0.1404, -0.1228,  0.9767, -0.7959, -0.5822, -0.6774]],\n       device='cuda:0')", "step": null, "ts": 1643542489.6756468}]}, "version": 126}
{"obj": {"type": "LogFloats", "path": ["train", "r"], "values": [{"value": 8.058705924796072e-10, "step": null, "ts": 1643542489.6757946}]}, "version": 127}
{"obj": {"type": "LogStrings", "path": ["train", "o2"], "values": [{"value": "tensor([[ 0.8668, -0.1174, -0.7675, -0.6238, -0.0290, -0.4015, -0.4986, -0.9931,\n          0.6410, -0.7816, -0.9996, -0.9158,  0.0707, -0.0619,  0.4910, -0.3997,\n         -0.2922, -0.3404,  0.3776, -0.7740,  1.1181, -0.9976,  0.0541,  0.0437,\n          0.0062,  0.0116,  0.0272,  1.7457,  0.0000,  0.0000,  0.2316, -0.9728,\n         -0.3660,  0.8012,  0.6277]], device='cuda:0')", "step": null, "ts": 1643542489.6767495}]}, "version": 128}
{"obj": {"type": "LogFloats", "path": ["train", "d"], "values": [{"value": 0.0, "step": null, "ts": 1643542489.6768875}]}, "version": 129}
{"obj": {"type": "LogStrings", "path": ["train", "o"], "values": [{"value": "tensor([[ 0.8668, -0.1174, -0.7675, -0.6238, -0.0290, -0.4015, -0.4986, -0.9931,\n          0.6410, -0.7816, -0.9996, -0.9158,  0.0707, -0.0619,  0.4910, -0.3997,\n         -0.2922, -0.3404,  0.3776, -0.7740,  1.1181, -0.9976,  0.0541,  0.0437,\n          0.0062,  0.0116,  0.0272,  1.7457,  0.0000,  0.0000,  0.2316, -0.9728,\n         -0.3660,  0.8012,  0.6277]], device='cuda:0')", "step": null, "ts": 1643542489.6874778}]}, "version": 130}
{"obj": {"type": "LogStrings", "path": ["train", "a"], "values": [{"value": "tensor([[ 0.3062, -0.4934, -0.0674, -0.5111, -0.6821, -0.7792]],\n       device='cuda:0')", "step": null, "ts": 1643542489.688121}]}, "version": 131}
{"obj": {"type": "LogFloats", "path": ["train", "r"], "values": [{"value": 1.6040000438977131e-09, "step": null, "ts": 1643542489.6882317}]}, "version": 132}
{"obj": {"type": "LogStrings", "path": ["train", "o2"], "values": [{"value": "tensor([[ 0.8705, -0.1292, -0.7677, -0.6341, -0.0459, -0.4192, -0.4922, -0.9916,\n          0.6408, -0.7733, -0.9989, -0.9079,  0.1541, -0.2482, -0.0338, -0.2563,\n         -0.3423, -0.3914,  0.3776, -0.7734,  1.1226, -0.9985,  0.0408,  0.0370,\n         -0.0064,  0.0116,  0.0272,  1.6898,  0.0000,  0.0000,  0.2316, -0.9728,\n         -0.3660,  0.8006,  0.5671]], device='cuda:0')", "step": null, "ts": 1643542489.6891649}]}, "version": 133}
{"obj": {"type": "LogFloats", "path": ["train", "d"], "values": [{"value": 0.0, "step": null, "ts": 1643542489.6892724}]}, "version": 134}
{"obj": {"type": "LogStrings", "path": ["monitoring", "stdout"], "values": [{"value": "current_time = ", "step": null, "ts": 1643542489.689427}]}, "version": 135}
{"obj": {"type": "LogStrings", "path": ["monitoring", "stdout"], "values": [{"value": " ", "step": null, "ts": 1643542489.689513}]}, "version": 136}
{"obj": {"type": "LogStrings", "path": ["monitoring", "stdout"], "values": [{"value": "2022-01-30T22:34:49.689358", "step": null, "ts": 1643542489.6895885}]}, "version": 137}
{"obj": {"type": "LogStrings", "path": ["monitoring", "stdout"], "values": [{"value": "\n", "step": null, "ts": 1643542489.6896608}]}, "version": 138}
{"obj": {"type": "LogFloats", "path": ["monitoring", "cpu"], "values": [{"value": 15.1, "step": null, "ts": 1643542490.7048774}]}, "version": 139}
{"obj": {"type": "LogFloats", "path": ["monitoring", "memory"], "values": [{"value": 10.169963836669922, "step": null, "ts": 1643542490.7048774}]}, "version": 140}
{"obj": {"type": "LogFloats", "path": ["monitoring", "gpu"], "values": [{"value": 2.0, "step": null, "ts": 1643542490.7048774}]}, "version": 141}
{"obj": {"type": "LogFloats", "path": ["monitoring", "gpu_memory"], "values": [{"value": 1.0223388671875, "step": null, "ts": 1643542490.7048774}]}, "version": 142}
{"obj": {"type": "LogFloats", "path": ["monitoring", "cpu"], "values": [{"value": 19.5, "step": null, "ts": 1643542500.8027022}]}, "version": 143}
{"obj": {"type": "LogFloats", "path": ["monitoring", "memory"], "values": [{"value": 10.2816162109375, "step": null, "ts": 1643542500.8027022}]}, "version": 144}
{"obj": {"type": "LogFloats", "path": ["monitoring", "gpu"], "values": [{"value": 11.0, "step": null, "ts": 1643542500.8027022}]}, "version": 145}
{"obj": {"type": "LogFloats", "path": ["monitoring", "gpu_memory"], "values": [{"value": 1.0223388671875, "step": null, "ts": 1643542500.8027022}]}, "version": 146}
{"obj": {"type": "LogStrings", "path": ["monitoring", "stderr"], "values": [{"value": "", "step": null, "ts": 1643542508.915864}]}, "version": 147}
{"obj": {"type": "LogStrings", "path": ["monitoring", "stderr"], "values": [{"value": "\r  0%|          | 5/300000 [01:42<1710:49:22, 20.53s/it]", "step": null, "ts": 1643542508.9164476}]}, "version": 148}
{"obj": {"type": "LogStrings", "path": ["monitoring", "stderr"], "values": [{"value": "\n", "step": null, "ts": 1643542508.9169753}]}, "version": 149}
{"obj": {"type": "LogStrings", "path": ["monitoring", "stdout"], "values": [{"value": "Shutting down background jobs, please wait a moment...\n", "step": null, "ts": 1643542510.4903252}]}, "version": 150}
