{"obj": {"type": "AssignString", "path": ["sys", "name"], "value": "Untitled"}, "version": 1}
{"obj": {"type": "AssignString", "path": ["sys", "description"], "value": ""}, "version": 2}
{"obj": {"type": "AssignString", "path": ["sys", "hostname"], "value": "xhnfly-Strix-GL504GS-S5CS"}, "version": 3}
{"obj": {"type": "AssignBool", "path": ["sys", "failed"], "value": false}, "version": 4}
{"obj": {"type": "ClearStringLog", "path": ["monitoring", "stdout"]}, "version": 5}
{"obj": {"type": "ClearStringLog", "path": ["monitoring", "stderr"]}, "version": 6}
{"obj": {"type": "ConfigFloatSeries", "path": ["monitoring", "cpu"], "min": 0.0, "max": 100.0, "unit": "%"}, "version": 7}
{"obj": {"type": "ClearFloatLog", "path": ["monitoring", "cpu"]}, "version": 8}
{"obj": {"type": "ConfigFloatSeries", "path": ["monitoring", "memory"], "min": 0.0, "max": 31.287979125976562, "unit": "GB"}, "version": 9}
{"obj": {"type": "ClearFloatLog", "path": ["monitoring", "memory"]}, "version": 10}
{"obj": {"type": "ConfigFloatSeries", "path": ["monitoring", "gpu"], "min": 0.0, "max": 100.0, "unit": "%"}, "version": 11}
{"obj": {"type": "ClearFloatLog", "path": ["monitoring", "gpu"]}, "version": 12}
{"obj": {"type": "ConfigFloatSeries", "path": ["monitoring", "gpu_memory"], "min": 0.0, "max": 7.9210205078125, "unit": "GB"}, "version": 13}
{"obj": {"type": "ClearFloatLog", "path": ["monitoring", "gpu_memory"]}, "version": 14}
{"obj": {"type": "LogStrings", "path": ["monitoring", "stdout"], "values": [{"value": "", "step": null, "ts": 1643510992.7838573}]}, "version": 15}
{"obj": {"type": "LogStrings", "path": ["monitoring", "stdout"], "values": [{"value": "Remember to stop your run once you\u2019ve finished logging your metadata (https://docs.neptune.ai/api-reference/run#.stop). It will be stopped automatically only when the notebook kernel/interactive console is terminated.\n", "step": null, "ts": 1643510992.7848132}]}, "version": 16}
{"obj": {"type": "LogFloats", "path": ["monitoring", "cpu"], "values": [{"value": 16.6, "step": null, "ts": 1643510992.7792675}]}, "version": 17}
{"obj": {"type": "LogFloats", "path": ["monitoring", "memory"], "values": [{"value": 7.812091827392578, "step": null, "ts": 1643510992.7792675}]}, "version": 18}
{"obj": {"type": "LogFloats", "path": ["monitoring", "gpu_memory"], "values": [{"value": 0.3328857421875, "step": null, "ts": 1643510992.7792675}]}, "version": 19}
{"obj": {"type": "LogStrings", "path": ["monitoring", "stdout"], "values": [{"value": "device = ", "step": null, "ts": 1643510996.5026383}]}, "version": 20}
{"obj": {"type": "LogStrings", "path": ["monitoring", "stdout"], "values": [{"value": " ", "step": null, "ts": 1643510996.502951}]}, "version": 21}
{"obj": {"type": "LogStrings", "path": ["monitoring", "stdout"], "values": [{"value": "cuda", "step": null, "ts": 1643510996.5030558}]}, "version": 22}
{"obj": {"type": "LogStrings", "path": ["monitoring", "stdout"], "values": [{"value": "\n", "step": null, "ts": 1643510996.5031333}]}, "version": 23}
{"obj": {"type": "AssignFloat", "path": ["parameters", "dropout"], "value": 0.2}, "version": 24}
{"obj": {"type": "AssignFloat", "path": ["parameters", "learning_rate"], "value": 0.001}, "version": 25}
{"obj": {"type": "AssignString", "path": ["parameters", "optimizer"], "value": "Adam"}, "version": 26}
{"obj": {"type": "AssignInt", "path": ["parameters", "hid"], "value": 512}, "version": 27}
{"obj": {"type": "AssignInt", "path": ["parameters", "l"], "value": 3}, "version": 28}
{"obj": {"type": "AssignInt", "path": ["parameters", "seed"], "value": 0}, "version": 29}
{"obj": {"type": "AssignInt", "path": ["parameters", "steps_per_epoch"], "value": 3000}, "version": 30}
{"obj": {"type": "AssignInt", "path": ["parameters", "steps_video"], "value": 30000}, "version": 31}
{"obj": {"type": "AssignInt", "path": ["parameters", "epochs"], "value": 100}, "version": 32}
{"obj": {"type": "AssignInt", "path": ["parameters", "replay_size"], "value": 10000000}, "version": 33}
{"obj": {"type": "AssignFloat", "path": ["parameters", "gamma"], "value": 0.99}, "version": 34}
{"obj": {"type": "AssignFloat", "path": ["parameters", "polyak"], "value": 0.995}, "version": 35}
{"obj": {"type": "AssignFloat", "path": ["parameters", "pi_lr"], "value": 0.0001}, "version": 36}
{"obj": {"type": "AssignFloat", "path": ["parameters", "q_lr"], "value": 0.0001}, "version": 37}
{"obj": {"type": "AssignInt", "path": ["parameters", "batch_size"], "value": 1000}, "version": 38}
{"obj": {"type": "AssignInt", "path": ["parameters", "start_steps"], "value": 1000}, "version": 39}
{"obj": {"type": "AssignInt", "path": ["parameters", "update_after"], "value": 2000}, "version": 40}
{"obj": {"type": "AssignInt", "path": ["parameters", "update_every"], "value": 100}, "version": 41}
{"obj": {"type": "AssignFloat", "path": ["parameters", "act_noise"], "value": 0.01}, "version": 42}
{"obj": {"type": "AssignInt", "path": ["parameters", "num_test_episodes"], "value": 1}, "version": 43}
{"obj": {"type": "AssignInt", "path": ["parameters", "max_ep_len"], "value": 1000}, "version": 44}
{"obj": {"type": "LogStrings", "path": ["monitoring", "stdout"], "values": [{"value": "obs_dim = ", "step": null, "ts": 1643510996.6338568}]}, "version": 45}
{"obj": {"type": "LogStrings", "path": ["monitoring", "stdout"], "values": [{"value": " ", "step": null, "ts": 1643510996.634071}]}, "version": 46}
{"obj": {"type": "LogStrings", "path": ["monitoring", "stdout"], "values": [{"value": "47", "step": null, "ts": 1643510996.6342685}]}, "version": 47}
{"obj": {"type": "LogStrings", "path": ["monitoring", "stdout"], "values": [{"value": "\n", "step": null, "ts": 1643510996.6343477}]}, "version": 48}
{"obj": {"type": "LogStrings", "path": ["monitoring", "stdout"], "values": [{"value": "act_dim = ", "step": null, "ts": 1643510996.6346793}]}, "version": 49}
{"obj": {"type": "LogStrings", "path": ["monitoring", "stdout"], "values": [{"value": " ", "step": null, "ts": 1643510996.634804}]}, "version": 50}
{"obj": {"type": "LogStrings", "path": ["monitoring", "stdout"], "values": [{"value": "7", "step": null, "ts": 1643510996.6349182}]}, "version": 51}
{"obj": {"type": "LogStrings", "path": ["monitoring", "stdout"], "values": [{"value": "\n", "step": null, "ts": 1643510996.635033}]}, "version": 52}
{"obj": {"type": "LogStrings", "path": ["monitoring", "stdout"], "values": [{"value": "act_limit = ", "step": null, "ts": 1643510996.6352048}]}, "version": 53}
{"obj": {"type": "LogStrings", "path": ["monitoring", "stdout"], "values": [{"value": " ", "step": null, "ts": 1643510996.6353207}]}, "version": 54}
{"obj": {"type": "LogStrings", "path": ["monitoring", "stdout"], "values": [{"value": "1", "step": null, "ts": 1643510996.6354287}]}, "version": 55}
{"obj": {"type": "LogStrings", "path": ["monitoring", "stdout"], "values": [{"value": "\n", "step": null, "ts": 1643510996.6355348}]}, "version": 56}
{"obj": {"type": "LogStrings", "path": ["monitoring", "stderr"], "values": [{"value": "\r  0%|          | 0/300000 [00:00<?, ?it/s]", "step": null, "ts": 1643510999.1966403}]}, "version": 57}
{"obj": {"type": "LogStrings", "path": ["monitoring", "stderr"], "values": [{"value": "\r  0%|          | 3/300000 [00:00<2:51:42, 29.12it/s]", "step": null, "ts": 1643510999.30054}]}, "version": 58}
{"obj": {"type": "LogStrings", "path": ["monitoring", "stderr"], "values": [{"value": "\r  0%|          | 8/300000 [00:00<2:11:59, 37.88it/s]", "step": null, "ts": 1643510999.415799}]}, "version": 59}
{"obj": {"type": "LogStrings", "path": ["monitoring", "stderr"], "values": [{"value": "\r  0%|          | 14/300000 [00:00<1:48:24, 46.12it/s]", "step": null, "ts": 1643510999.5224137}]}, "version": 60}
{"obj": {"type": "LogStrings", "path": ["monitoring", "stderr"], "values": [{"value": "\r  0%|          | 20/300000 [00:00<1:39:41, 50.15it/s]", "step": null, "ts": 1643510999.628657}]}, "version": 61}
{"obj": {"type": "LogStrings", "path": ["monitoring", "stderr"], "values": [{"value": "\r  0%|          | 26/300000 [00:00<1:39:04, 50.46it/s]", "step": null, "ts": 1643510999.746371}]}, "version": 62}
{"obj": {"type": "LogStrings", "path": ["monitoring", "stderr"], "values": [{"value": "\r  0%|          | 32/300000 [00:00<1:36:51, 51.61it/s]", "step": null, "ts": 1643510999.85783}]}, "version": 63}
{"obj": {"type": "LogStrings", "path": ["monitoring", "stderr"], "values": [{"value": "\r  0%|          | 38/300000 [00:00<1:34:49, 52.73it/s]", "step": null, "ts": 1643510999.966793}]}, "version": 64}
{"obj": {"type": "LogStrings", "path": ["monitoring", "stderr"], "values": [{"value": "\r  0%|          | 44/300000 [00:00<1:33:25, 53.51it/s]", "step": null, "ts": 1643511000.0754423}]}, "version": 65}
{"obj": {"type": "LogStrings", "path": ["monitoring", "stderr"], "values": [{"value": "\r  0%|          | 50/300000 [00:00<1:31:38, 54.55it/s]", "step": null, "ts": 1643511000.1808279}]}, "version": 66}
{"obj": {"type": "LogStrings", "path": ["monitoring", "stderr"], "values": [{"value": "\r  0%|          | 56/300000 [00:01<1:31:06, 54.87it/s]", "step": null, "ts": 1643511000.2887874}]}, "version": 67}
{"obj": {"type": "LogStrings", "path": ["monitoring", "stderr"], "values": [{"value": "\r  0%|          | 62/300000 [00:01<1:31:39, 54.54it/s]", "step": null, "ts": 1643511000.4002707}]}, "version": 68}
{"obj": {"type": "LogStrings", "path": ["monitoring", "stderr"], "values": [{"value": "\r  0%|          | 68/300000 [00:01<1:31:58, 54.35it/s]", "step": null, "ts": 1643511000.5115771}]}, "version": 69}
{"obj": {"type": "LogStrings", "path": ["monitoring", "stderr"], "values": [{"value": "\r  0%|          | 74/300000 [00:01<1:32:13, 54.20it/s]", "step": null, "ts": 1643511000.6229186}]}, "version": 70}
{"obj": {"type": "LogStrings", "path": ["monitoring", "stderr"], "values": [{"value": "\r  0%|          | 80/300000 [00:01<1:31:40, 54.53it/s]", "step": null, "ts": 1643511000.7314136}]}, "version": 71}
{"obj": {"type": "LogStrings", "path": ["monitoring", "stderr"], "values": [{"value": "\r  0%|          | 86/300000 [00:01<1:31:37, 54.55it/s]", "step": null, "ts": 1643511000.8412778}]}, "version": 72}
{"obj": {"type": "LogStrings", "path": ["monitoring", "stderr"], "values": [{"value": "\r  0%|          | 92/300000 [00:01<1:31:26, 54.67it/s]", "step": null, "ts": 1643511000.9505177}]}, "version": 73}
{"obj": {"type": "LogStrings", "path": ["monitoring", "stderr"], "values": [{"value": "\r  0%|          | 98/300000 [00:01<1:32:31, 54.02it/s]", "step": null, "ts": 1643511001.0647516}]}, "version": 74}
{"obj": {"type": "LogStrings", "path": ["monitoring", "stderr"], "values": [{"value": "\r  0%|          | 104/300000 [00:01<1:32:16, 54.16it/s]", "step": null, "ts": 1643511001.1749494}]}, "version": 75}
{"obj": {"type": "LogStrings", "path": ["monitoring", "stderr"], "values": [{"value": "\r  0%|          | 110/300000 [00:02<1:32:20, 54.12it/s]", "step": null, "ts": 1643511001.2857587}]}, "version": 76}
{"obj": {"type": "LogStrings", "path": ["monitoring", "stderr"], "values": [{"value": "\r  0%|          | 116/300000 [00:02<1:31:37, 54.55it/s]", "step": null, "ts": 1643511001.393759}]}, "version": 77}
{"obj": {"type": "LogStrings", "path": ["monitoring", "stderr"], "values": [{"value": "\r  0%|          | 122/300000 [00:02<1:31:50, 54.42it/s]", "step": null, "ts": 1643511001.5045831}]}, "version": 78}
{"obj": {"type": "LogStrings", "path": ["monitoring", "stderr"], "values": [{"value": "\r  0%|          | 128/300000 [00:02<1:31:05, 54.87it/s]", "step": null, "ts": 1643511001.6118605}]}, "version": 79}
{"obj": {"type": "LogStrings", "path": ["monitoring", "stderr"], "values": [{"value": "\r  0%|          | 134/300000 [00:02<1:30:19, 55.33it/s]", "step": null, "ts": 1643511001.718133}]}, "version": 80}
{"obj": {"type": "LogStrings", "path": ["monitoring", "stderr"], "values": [{"value": "\r  0%|          | 140/300000 [00:02<1:29:34, 55.80it/s]", "step": null, "ts": 1643511001.8235753}]}, "version": 81}
{"obj": {"type": "LogStrings", "path": ["monitoring", "stderr"], "values": [{"value": "\r  0%|          | 146/300000 [00:02<1:29:15, 55.99it/s]", "step": null, "ts": 1643511001.929909}]}, "version": 82}
{"obj": {"type": "LogStrings", "path": ["monitoring", "stderr"], "values": [{"value": "\r  0%|          | 152/300000 [00:02<1:28:54, 56.21it/s]", "step": null, "ts": 1643511002.0356789}]}, "version": 83}
{"obj": {"type": "LogStrings", "path": ["monitoring", "stderr"], "values": [{"value": "\r  0%|          | 158/300000 [00:02<1:29:01, 56.14it/s]", "step": null, "ts": 1643511002.1428647}]}, "version": 84}
{"obj": {"type": "LogStrings", "path": ["monitoring", "stderr"], "values": [{"value": "\r  0%|          | 164/300000 [00:03<1:29:58, 55.54it/s]", "step": null, "ts": 1643511002.2535741}]}, "version": 85}
{"obj": {"type": "LogStrings", "path": ["monitoring", "stderr"], "values": [{"value": "\r  0%|          | 170/300000 [00:03<1:30:33, 55.18it/s]", "step": null, "ts": 1643511002.363934}]}, "version": 86}
{"obj": {"type": "LogStrings", "path": ["monitoring", "stderr"], "values": [{"value": "\r  0%|          | 176/300000 [00:03<1:30:47, 55.04it/s]", "step": null, "ts": 1643511002.4735987}]}, "version": 87}
{"obj": {"type": "LogStrings", "path": ["monitoring", "stderr"], "values": [{"value": "\r  0%|          | 182/300000 [00:03<1:31:07, 54.84it/s]", "step": null, "ts": 1643511002.5839593}]}, "version": 88}
{"obj": {"type": "LogStrings", "path": ["monitoring", "stderr"], "values": [{"value": "\r  0%|          | 188/300000 [00:03<1:30:40, 55.11it/s]", "step": null, "ts": 1643511002.6915927}]}, "version": 89}
{"obj": {"type": "LogFloats", "path": ["monitoring", "cpu"], "values": [{"value": 20.3, "step": null, "ts": 1643511002.7877042}]}, "version": 90}
{"obj": {"type": "LogFloats", "path": ["monitoring", "memory"], "values": [{"value": 11.579792022705078, "step": null, "ts": 1643511002.7877042}]}, "version": 91}
{"obj": {"type": "LogFloats", "path": ["monitoring", "gpu"], "values": [{"value": 9.0, "step": null, "ts": 1643511002.7877042}]}, "version": 92}
{"obj": {"type": "LogFloats", "path": ["monitoring", "gpu_memory"], "values": [{"value": 1.0390625, "step": null, "ts": 1643511002.7877042}]}, "version": 93}
{"obj": {"type": "LogStrings", "path": ["monitoring", "stderr"], "values": [{"value": "\r  0%|          | 194/300000 [00:03<1:31:39, 54.51it/s]", "step": null, "ts": 1643511002.8044674}]}, "version": 94}
{"obj": {"type": "LogStrings", "path": ["monitoring", "stderr"], "values": [{"value": "\r  0%|          | 200/300000 [00:03<1:32:21, 54.10it/s]", "step": null, "ts": 1643511002.9172854}]}, "version": 95}
{"obj": {"type": "LogStrings", "path": ["monitoring", "stderr"], "values": [{"value": "\r  0%|          | 206/300000 [00:03<1:31:42, 54.48it/s]", "step": null, "ts": 1643511003.0255876}]}, "version": 96}
{"obj": {"type": "LogStrings", "path": ["monitoring", "stderr"], "values": [{"value": "\r  0%|          | 212/300000 [00:03<1:32:07, 54.23it/s]", "step": null, "ts": 1643511003.1374266}]}, "version": 97}
{"obj": {"type": "LogStrings", "path": ["monitoring", "stderr"], "values": [{"value": "\r  0%|          | 218/300000 [00:04<1:32:54, 53.78it/s]", "step": null, "ts": 1643511003.2511828}]}, "version": 98}
{"obj": {"type": "LogStrings", "path": ["monitoring", "stderr"], "values": [{"value": "\r  0%|          | 224/300000 [00:04<1:33:13, 53.60it/s]", "step": null, "ts": 1643511003.3640344}]}, "version": 99}
{"obj": {"type": "LogStrings", "path": ["monitoring", "stderr"], "values": [{"value": "\r  0%|          | 230/300000 [00:04<1:34:21, 52.95it/s]", "step": null, "ts": 1643511003.4805045}]}, "version": 100}
{"obj": {"type": "LogStrings", "path": ["monitoring", "stderr"], "values": [{"value": "\r  0%|          | 236/300000 [00:04<1:34:35, 52.81it/s]", "step": null, "ts": 1643511003.5948849}]}, "version": 101}
{"obj": {"type": "LogStrings", "path": ["monitoring", "stderr"], "values": [{"value": "\r  0%|          | 242/300000 [00:04<1:34:33, 52.84it/s]", "step": null, "ts": 1643511003.7082398}]}, "version": 102}
{"obj": {"type": "LogStrings", "path": ["monitoring", "stderr"], "values": [{"value": "\r  0%|          | 248/300000 [00:04<1:34:05, 53.09it/s]", "step": null, "ts": 1643511003.8199742}]}, "version": 103}
{"obj": {"type": "LogStrings", "path": ["monitoring", "stderr"], "values": [{"value": "\r  0%|          | 254/300000 [00:04<1:33:53, 53.21it/s]", "step": null, "ts": 1643511003.9321687}]}, "version": 104}
{"obj": {"type": "LogStrings", "path": ["monitoring", "stderr"], "values": [{"value": "\r  0%|          | 260/300000 [00:04<1:34:40, 52.76it/s]", "step": null, "ts": 1643511004.0481}]}, "version": 105}
{"obj": {"type": "LogStrings", "path": ["monitoring", "stderr"], "values": [{"value": "\r  0%|          | 266/300000 [00:04<1:34:57, 52.61it/s]", "step": null, "ts": 1643511004.1629105}]}, "version": 106}
{"obj": {"type": "LogStrings", "path": ["monitoring", "stderr"], "values": [{"value": "\r  0%|          | 272/300000 [00:05<1:35:55, 52.07it/s]", "step": null, "ts": 1643511004.2808802}]}, "version": 107}
{"obj": {"type": "LogStrings", "path": ["monitoring", "stderr"], "values": [{"value": "\r  0%|          | 278/300000 [00:05<1:35:39, 52.22it/s]", "step": null, "ts": 1643511004.3950202}]}, "version": 108}
{"obj": {"type": "LogStrings", "path": ["monitoring", "stderr"], "values": [{"value": "\r  0%|          | 284/300000 [00:05<1:36:37, 51.70it/s]", "step": null, "ts": 1643511004.5137997}]}, "version": 109}
{"obj": {"type": "LogStrings", "path": ["monitoring", "stderr"], "values": [{"value": "\r  0%|          | 290/300000 [00:05<1:35:58, 52.04it/s]", "step": null, "ts": 1643511004.6272876}]}, "version": 110}
{"obj": {"type": "LogStrings", "path": ["monitoring", "stderr"], "values": [{"value": "\r  0%|          | 296/300000 [00:05<1:35:20, 52.39it/s]", "step": null, "ts": 1643511004.7400022}]}, "version": 111}
{"obj": {"type": "LogStrings", "path": ["monitoring", "stderr"], "values": [{"value": "\r  0%|          | 302/300000 [00:05<1:35:56, 52.06it/s]", "step": null, "ts": 1643511004.8569741}]}, "version": 112}
{"obj": {"type": "LogStrings", "path": ["monitoring", "stderr"], "values": [{"value": "\r  0%|          | 308/300000 [00:05<1:35:15, 52.43it/s]", "step": null, "ts": 1643511004.9694934}]}, "version": 113}
{"obj": {"type": "LogStrings", "path": ["monitoring", "stderr"], "values": [{"value": "\r  0%|          | 314/300000 [00:05<1:36:29, 51.76it/s]", "step": null, "ts": 1643511005.0888805}]}, "version": 114}
{"obj": {"type": "LogStrings", "path": ["monitoring", "stderr"], "values": [{"value": "\r  0%|          | 320/300000 [00:06<1:37:24, 51.28it/s]", "step": null, "ts": 1643511005.208452}]}, "version": 115}
{"obj": {"type": "LogStrings", "path": ["monitoring", "stderr"], "values": [{"value": "\r  0%|          | 326/300000 [00:06<1:36:04, 51.98it/s]", "step": null, "ts": 1643511005.3201704}]}, "version": 116}
{"obj": {"type": "LogStrings", "path": ["monitoring", "stderr"], "values": [{"value": "\r  0%|          | 332/300000 [00:06<1:35:10, 52.48it/s]", "step": null, "ts": 1643511005.4321094}]}, "version": 117}
{"obj": {"type": "LogStrings", "path": ["monitoring", "stderr"], "values": [{"value": "\r  0%|          | 338/300000 [00:06<1:33:46, 53.26it/s]", "step": null, "ts": 1643511005.5407298}]}, "version": 118}
{"obj": {"type": "LogStrings", "path": ["monitoring", "stderr"], "values": [{"value": "\r  0%|          | 344/300000 [00:06<1:32:50, 53.80it/s]", "step": null, "ts": 1643511005.64962}]}, "version": 119}
{"obj": {"type": "LogStrings", "path": ["monitoring", "stderr"], "values": [{"value": "\r  0%|          | 350/300000 [00:06<1:31:54, 54.34it/s]", "step": null, "ts": 1643511005.757451}]}, "version": 120}
{"obj": {"type": "LogStrings", "path": ["monitoring", "stderr"], "values": [{"value": "\r  0%|          | 356/300000 [00:06<1:31:24, 54.63it/s]", "step": null, "ts": 1643511005.8658676}]}, "version": 121}
{"obj": {"type": "LogStrings", "path": ["monitoring", "stderr"], "values": [{"value": "\r  0%|          | 362/300000 [00:06<1:30:55, 54.92it/s]", "step": null, "ts": 1643511005.9737887}]}, "version": 122}
{"obj": {"type": "LogStrings", "path": ["monitoring", "stderr"], "values": [{"value": "\r  0%|          | 368/300000 [00:06<1:31:02, 54.85it/s]", "step": null, "ts": 1643511006.0834765}]}, "version": 123}
{"obj": {"type": "LogStrings", "path": ["monitoring", "stderr"], "values": [{"value": "\r  0%|          | 374/300000 [00:06<1:31:10, 54.77it/s]", "step": null, "ts": 1643511006.1935263}]}, "version": 124}
{"obj": {"type": "LogStrings", "path": ["monitoring", "stderr"], "values": [{"value": "\r  0%|          | 380/300000 [00:07<1:31:14, 54.73it/s]", "step": null, "ts": 1643511006.3032472}]}, "version": 125}
{"obj": {"type": "LogStrings", "path": ["monitoring", "stderr"], "values": [{"value": "\r  0%|          | 386/300000 [00:07<1:31:13, 54.74it/s]", "step": null, "ts": 1643511006.4128022}]}, "version": 126}
{"obj": {"type": "LogStrings", "path": ["monitoring", "stderr"], "values": [{"value": "\r  0%|          | 392/300000 [00:07<1:31:32, 54.55it/s]", "step": null, "ts": 1643511006.5237153}]}, "version": 127}
{"obj": {"type": "LogStrings", "path": ["monitoring", "stderr"], "values": [{"value": "\r  0%|          | 398/300000 [00:07<1:31:38, 54.49it/s]", "step": null, "ts": 1643511006.6340845}]}, "version": 128}
{"obj": {"type": "LogStrings", "path": ["monitoring", "stderr"], "values": [{"value": "\r  0%|          | 404/300000 [00:07<1:31:09, 54.78it/s]", "step": null, "ts": 1643511006.7422879}]}, "version": 129}
{"obj": {"type": "LogStrings", "path": ["monitoring", "stderr"], "values": [{"value": "\r  0%|          | 410/300000 [00:07<1:31:33, 54.53it/s]", "step": null, "ts": 1643511006.8534517}]}, "version": 130}
{"obj": {"type": "LogStrings", "path": ["monitoring", "stderr"], "values": [{"value": "\r  0%|          | 416/300000 [00:07<1:33:14, 53.55it/s]", "step": null, "ts": 1643511006.9702387}]}, "version": 131}
{"obj": {"type": "LogStrings", "path": ["monitoring", "stderr"], "values": [{"value": "\r  0%|          | 422/300000 [00:07<1:34:04, 53.08it/s]", "step": null, "ts": 1643511007.0855913}]}, "version": 132}
{"obj": {"type": "LogStrings", "path": ["monitoring", "stderr"], "values": [{"value": "\r  0%|          | 428/300000 [00:08<1:36:52, 51.54it/s]", "step": null, "ts": 1643511007.2098784}]}, "version": 133}
{"obj": {"type": "LogStrings", "path": ["monitoring", "stderr"], "values": [{"value": "\r  0%|          | 434/300000 [00:08<1:36:41, 51.64it/s]", "step": null, "ts": 1643511007.325558}]}, "version": 134}
{"obj": {"type": "LogStrings", "path": ["monitoring", "stderr"], "values": [{"value": "\r  0%|          | 440/300000 [00:08<1:37:35, 51.16it/s]", "step": null, "ts": 1643511007.4455123}]}, "version": 135}
{"obj": {"type": "LogStrings", "path": ["monitoring", "stderr"], "values": [{"value": "\r  0%|          | 446/300000 [00:08<1:41:11, 49.34it/s]", "step": null, "ts": 1643511007.5770986}]}, "version": 136}
{"obj": {"type": "LogStrings", "path": ["monitoring", "stderr"], "values": [{"value": "\r  0%|          | 451/300000 [00:08<1:43:51, 48.07it/s]", "step": null, "ts": 1643511007.6885707}]}, "version": 137}
{"obj": {"type": "LogStrings", "path": ["monitoring", "stderr"], "values": [{"value": "\r  0%|          | 456/300000 [00:08<1:45:46, 47.20it/s]", "step": null, "ts": 1643511007.7996907}]}, "version": 138}
{"obj": {"type": "LogStrings", "path": ["monitoring", "stderr"], "values": [{"value": "\r  0%|          | 461/300000 [00:08<1:45:52, 47.15it/s]", "step": null, "ts": 1643511007.9059167}]}, "version": 139}
{"obj": {"type": "LogStrings", "path": ["monitoring", "stderr"], "values": [{"value": "\r  0%|          | 466/300000 [00:08<1:46:29, 46.88it/s]", "step": null, "ts": 1643511008.0141034}]}, "version": 140}
{"obj": {"type": "LogStrings", "path": ["monitoring", "stderr"], "values": [{"value": "\r  0%|          | 471/300000 [00:08<1:45:09, 47.47it/s]", "step": null, "ts": 1643511008.1162}]}, "version": 141}
{"obj": {"type": "LogStrings", "path": ["monitoring", "stderr"], "values": [{"value": "\r  0%|          | 477/300000 [00:09<1:42:31, 48.69it/s]", "step": null, "ts": 1643511008.2330694}]}, "version": 142}
{"obj": {"type": "LogStrings", "path": ["monitoring", "stderr"], "values": [{"value": "\r  0%|          | 483/300000 [00:09<1:41:18, 49.27it/s]", "step": null, "ts": 1643511008.3517687}]}, "version": 143}
{"obj": {"type": "LogStrings", "path": ["monitoring", "stderr"], "values": [{"value": "\r  0%|          | 488/300000 [00:09<1:42:27, 48.72it/s]", "step": null, "ts": 1643511008.4573991}]}, "version": 144}
{"obj": {"type": "LogStrings", "path": ["monitoring", "stderr"], "values": [{"value": "\r  0%|          | 493/300000 [00:09<1:41:55, 48.97it/s]", "step": null, "ts": 1643511008.5581396}]}, "version": 145}
{"obj": {"type": "LogStrings", "path": ["monitoring", "stderr"], "values": [{"value": "\r  0%|          | 499/300000 [00:09<1:40:24, 49.72it/s]", "step": null, "ts": 1643511008.67506}]}, "version": 146}
{"obj": {"type": "LogStrings", "path": ["monitoring", "stderr"], "values": [{"value": "\r  0%|          | 504/300000 [00:09<1:40:21, 49.74it/s]", "step": null, "ts": 1643511008.775711}]}, "version": 147}
{"obj": {"type": "LogStrings", "path": ["monitoring", "stderr"], "values": [{"value": "\r  0%|          | 510/300000 [00:09<1:37:32, 51.18it/s]", "step": null, "ts": 1643511008.8856678}]}, "version": 148}
{"obj": {"type": "LogStrings", "path": ["monitoring", "stderr"], "values": [{"value": "\r  0%|          | 516/300000 [00:09<1:35:08, 52.47it/s]", "step": null, "ts": 1643511008.9938731}]}, "version": 149}
{"obj": {"type": "LogStrings", "path": ["monitoring", "stderr"], "values": [{"value": "\r  0%|          | 522/300000 [00:09<1:33:05, 53.62it/s]", "step": null, "ts": 1643511009.1002753}]}, "version": 150}
{"obj": {"type": "LogStrings", "path": ["monitoring", "stderr"], "values": [{"value": "\r  0%|          | 528/300000 [00:10<1:31:46, 54.38it/s]", "step": null, "ts": 1643511009.2070885}]}, "version": 151}
{"obj": {"type": "LogStrings", "path": ["monitoring", "stderr"], "values": [{"value": "\r  0%|          | 534/300000 [00:10<1:30:53, 54.92it/s]", "step": null, "ts": 1643511009.3138967}]}, "version": 152}
{"obj": {"type": "LogStrings", "path": ["monitoring", "stderr"], "values": [{"value": "\r  0%|          | 540/300000 [00:10<1:29:48, 55.58it/s]", "step": null, "ts": 1643511009.4188795}]}, "version": 153}
{"obj": {"type": "LogStrings", "path": ["monitoring", "stderr"], "values": [{"value": "\r  0%|          | 546/300000 [00:10<1:29:06, 56.00it/s]", "step": null, "ts": 1643511009.524116}]}, "version": 154}
{"obj": {"type": "LogStrings", "path": ["monitoring", "stderr"], "values": [{"value": "\r  0%|          | 552/300000 [00:10<1:29:21, 55.85it/s]", "step": null, "ts": 1643511009.632224}]}, "version": 155}
{"obj": {"type": "LogStrings", "path": ["monitoring", "stderr"], "values": [{"value": "\r  0%|          | 558/300000 [00:10<1:29:13, 55.94it/s]", "step": null, "ts": 1643511009.739097}]}, "version": 156}
{"obj": {"type": "LogStrings", "path": ["monitoring", "stderr"], "values": [{"value": "\r  0%|          | 564/300000 [00:10<1:28:55, 56.13it/s]", "step": null, "ts": 1643511009.8452573}]}, "version": 157}
{"obj": {"type": "LogStrings", "path": ["monitoring", "stderr"], "values": [{"value": "\r  0%|          | 570/300000 [00:10<1:28:39, 56.29it/s]", "step": null, "ts": 1643511009.9510682}]}, "version": 158}
{"obj": {"type": "LogStrings", "path": ["monitoring", "stderr"], "values": [{"value": "\r  0%|          | 576/300000 [00:10<1:27:54, 56.77it/s]", "step": null, "ts": 1643511010.0546548}]}, "version": 159}
{"obj": {"type": "LogStrings", "path": ["monitoring", "stderr"], "values": [{"value": "\r  0%|          | 582/300000 [00:10<1:26:58, 57.38it/s]", "step": null, "ts": 1643511010.1566048}]}, "version": 160}
{"obj": {"type": "LogStrings", "path": ["monitoring", "stderr"], "values": [{"value": "\r  0%|          | 588/300000 [00:11<1:26:47, 57.50it/s]", "step": null, "ts": 1643511010.260523}]}, "version": 161}
{"obj": {"type": "LogStrings", "path": ["monitoring", "stderr"], "values": [{"value": "\r  0%|          | 594/300000 [00:11<1:27:19, 57.14it/s]", "step": null, "ts": 1643511010.3669784}]}, "version": 162}
{"obj": {"type": "LogStrings", "path": ["monitoring", "stderr"], "values": [{"value": "\r  0%|          | 600/300000 [00:11<1:26:28, 57.71it/s]", "step": null, "ts": 1643511010.4685538}]}, "version": 163}
{"obj": {"type": "LogStrings", "path": ["monitoring", "stderr"], "values": [{"value": "\r  0%|          | 606/300000 [00:11<1:26:29, 57.69it/s]", "step": null, "ts": 1643511010.572637}]}, "version": 164}
{"obj": {"type": "LogStrings", "path": ["monitoring", "stderr"], "values": [{"value": "\r  0%|          | 612/300000 [00:11<1:26:40, 57.57it/s]", "step": null, "ts": 1643511010.6776307}]}, "version": 165}
{"obj": {"type": "LogStrings", "path": ["monitoring", "stderr"], "values": [{"value": "\r  0%|          | 618/300000 [00:11<1:27:19, 57.14it/s]", "step": null, "ts": 1643511010.7842112}]}, "version": 166}
{"obj": {"type": "LogStrings", "path": ["monitoring", "stderr"], "values": [{"value": "\r  0%|          | 624/300000 [00:11<1:27:34, 56.98it/s]", "step": null, "ts": 1643511010.8902285}]}, "version": 167}
{"obj": {"type": "LogStrings", "path": ["monitoring", "stderr"], "values": [{"value": "\r  0%|          | 630/300000 [00:11<1:27:28, 57.04it/s]", "step": null, "ts": 1643511010.9951806}]}, "version": 168}
{"obj": {"type": "LogStrings", "path": ["monitoring", "stderr"], "values": [{"value": "\r  0%|          | 636/300000 [00:11<1:27:32, 56.99it/s]", "step": null, "ts": 1643511011.100752}]}, "version": 169}
{"obj": {"type": "LogStrings", "path": ["monitoring", "stderr"], "values": [{"value": "\r  0%|          | 642/300000 [00:12<1:27:05, 57.29it/s]", "step": null, "ts": 1643511011.2040699}]}, "version": 170}
{"obj": {"type": "LogStrings", "path": ["monitoring", "stderr"], "values": [{"value": "\r  0%|          | 648/300000 [00:12<1:26:48, 57.48it/s]", "step": null, "ts": 1643511011.307655}]}, "version": 171}
{"obj": {"type": "LogStrings", "path": ["monitoring", "stderr"], "values": [{"value": "\r  0%|          | 654/300000 [00:12<1:26:34, 57.63it/s]", "step": null, "ts": 1643511011.411167}]}, "version": 172}
{"obj": {"type": "LogStrings", "path": ["monitoring", "stderr"], "values": [{"value": "\r  0%|          | 660/300000 [00:12<1:26:48, 57.47it/s]", "step": null, "ts": 1643511011.5162055}]}, "version": 173}
{"obj": {"type": "LogStrings", "path": ["monitoring", "stderr"], "values": [{"value": "\r  0%|          | 666/300000 [00:12<1:26:46, 57.49it/s]", "step": null, "ts": 1643511011.6204834}]}, "version": 174}
{"obj": {"type": "LogStrings", "path": ["monitoring", "stderr"], "values": [{"value": "\r  0%|          | 672/300000 [00:12<1:26:18, 57.81it/s]", "step": null, "ts": 1643511011.7229502}]}, "version": 175}
{"obj": {"type": "LogStrings", "path": ["monitoring", "stderr"], "values": [{"value": "\r  0%|          | 678/300000 [00:12<1:27:51, 56.78it/s]", "step": null, "ts": 1643511011.8329973}]}, "version": 176}
{"obj": {"type": "LogStrings", "path": ["monitoring", "stderr"], "values": [{"value": "\r  0%|          | 684/300000 [00:12<1:28:51, 56.14it/s]", "step": null, "ts": 1643511011.942707}]}, "version": 177}
{"obj": {"type": "LogStrings", "path": ["monitoring", "stderr"], "values": [{"value": "\r  0%|          | 690/300000 [00:12<1:29:22, 55.81it/s]", "step": null, "ts": 1643511012.0516694}]}, "version": 178}
{"obj": {"type": "LogStrings", "path": ["monitoring", "stderr"], "values": [{"value": "\r  0%|          | 696/300000 [00:12<1:28:51, 56.14it/s]", "step": null, "ts": 1643511012.1571183}]}, "version": 179}
{"obj": {"type": "LogStrings", "path": ["monitoring", "stderr"], "values": [{"value": "\r  0%|          | 702/300000 [00:13<1:28:22, 56.45it/s]", "step": null, "ts": 1643511012.2620249}]}, "version": 180}
{"obj": {"type": "LogStrings", "path": ["monitoring", "stderr"], "values": [{"value": "\r  0%|          | 709/300000 [00:13<1:26:23, 57.74it/s]", "step": null, "ts": 1643511012.3777308}]}, "version": 181}
{"obj": {"type": "LogStrings", "path": ["monitoring", "stderr"], "values": [{"value": "\r  0%|          | 715/300000 [00:13<1:25:49, 58.12it/s]", "step": null, "ts": 1643511012.4793105}]}, "version": 182}
{"obj": {"type": "LogStrings", "path": ["monitoring", "stderr"], "values": [{"value": "\r  0%|          | 721/300000 [00:13<1:25:29, 58.34it/s]", "step": null, "ts": 1643511012.5811777}]}, "version": 183}
{"obj": {"type": "LogStrings", "path": ["monitoring", "stderr"], "values": [{"value": "\r  0%|          | 727/300000 [00:13<1:25:36, 58.26it/s]", "step": null, "ts": 1643511012.6844938}]}, "version": 184}
{"obj": {"type": "LogStrings", "path": ["monitoring", "stderr"], "values": [{"value": "\r  0%|          | 733/300000 [00:13<1:25:39, 58.22it/s]", "step": null, "ts": 1643511012.7877126}]}, "version": 185}
{"obj": {"type": "LogFloats", "path": ["monitoring", "cpu"], "values": [{"value": 22.6, "step": null, "ts": 1643511012.7930963}]}, "version": 186}
{"obj": {"type": "LogFloats", "path": ["monitoring", "memory"], "values": [{"value": 11.329475402832031, "step": null, "ts": 1643511012.7930963}]}, "version": 187}
{"obj": {"type": "LogFloats", "path": ["monitoring", "gpu"], "values": [{"value": 7.0, "step": null, "ts": 1643511012.7930963}]}, "version": 188}
{"obj": {"type": "LogFloats", "path": ["monitoring", "gpu_memory"], "values": [{"value": 1.0390625, "step": null, "ts": 1643511012.7930963}]}, "version": 189}
{"obj": {"type": "LogStrings", "path": ["monitoring", "stderr"], "values": [{"value": "\r  0%|          | 739/300000 [00:13<1:25:04, 58.63it/s]", "step": null, "ts": 1643511012.888375}]}, "version": 190}
{"obj": {"type": "LogStrings", "path": ["monitoring", "stderr"], "values": [{"value": "\r  0%|          | 746/300000 [00:13<1:24:14, 59.21it/s]", "step": null, "ts": 1643511013.004256}]}, "version": 191}
{"obj": {"type": "LogStrings", "path": ["monitoring", "stderr"], "values": [{"value": "\r  0%|          | 752/300000 [00:13<1:24:42, 58.87it/s]", "step": null, "ts": 1643511013.107587}]}, "version": 192}
{"obj": {"type": "LogStrings", "path": ["monitoring", "stderr"], "values": [{"value": "\r  0%|          | 758/300000 [00:14<1:25:16, 58.49it/s]", "step": null, "ts": 1643511013.2118642}]}, "version": 193}
{"obj": {"type": "LogStrings", "path": ["monitoring", "stderr"], "values": [{"value": "\r  0%|          | 764/300000 [00:14<1:25:07, 58.58it/s]", "step": null, "ts": 1643511013.3138132}]}, "version": 194}
{"obj": {"type": "LogStrings", "path": ["monitoring", "stderr"], "values": [{"value": "\r  0%|          | 771/300000 [00:14<1:23:58, 59.38it/s]", "step": null, "ts": 1643511013.428408}]}, "version": 195}
{"obj": {"type": "LogStrings", "path": ["monitoring", "stderr"], "values": [{"value": "\r  0%|          | 777/300000 [00:14<1:23:56, 59.41it/s]", "step": null, "ts": 1643511013.5293186}]}, "version": 196}
{"obj": {"type": "LogStrings", "path": ["monitoring", "stderr"], "values": [{"value": "\r  0%|          | 783/300000 [00:14<1:23:54, 59.43it/s]", "step": null, "ts": 1643511013.6301715}]}, "version": 197}
{"obj": {"type": "LogStrings", "path": ["monitoring", "stderr"], "values": [{"value": "\r  0%|          | 789/300000 [00:14<1:23:43, 59.57it/s]", "step": null, "ts": 1643511013.7303522}]}, "version": 198}
{"obj": {"type": "LogStrings", "path": ["monitoring", "stderr"], "values": [{"value": "\r  0%|          | 795/300000 [00:14<1:24:59, 58.67it/s]", "step": null, "ts": 1643511013.8362896}]}, "version": 199}
{"obj": {"type": "LogStrings", "path": ["monitoring", "stderr"], "values": [{"value": "\r  0%|          | 801/300000 [00:14<1:26:21, 57.74it/s]", "step": null, "ts": 1643511013.9441326}]}, "version": 200}
{"obj": {"type": "LogStrings", "path": ["monitoring", "stderr"], "values": [{"value": "\r  0%|          | 807/300000 [00:14<1:27:55, 56.71it/s]", "step": null, "ts": 1643511014.054358}]}, "version": 201}
{"obj": {"type": "LogStrings", "path": ["monitoring", "stderr"], "values": [{"value": "\r  0%|          | 813/300000 [00:14<1:27:28, 57.00it/s]", "step": null, "ts": 1643511014.1583416}]}, "version": 202}
{"obj": {"type": "LogStrings", "path": ["monitoring", "stderr"], "values": [{"value": "\r  0%|          | 819/300000 [00:15<1:26:24, 57.71it/s]", "step": null, "ts": 1643511014.2593007}]}, "version": 203}
{"obj": {"type": "LogStrings", "path": ["monitoring", "stderr"], "values": [{"value": "\r  0%|          | 825/300000 [00:15<1:25:59, 57.98it/s]", "step": null, "ts": 1643511014.3616347}]}, "version": 204}
{"obj": {"type": "LogStrings", "path": ["monitoring", "stderr"], "values": [{"value": "\r  0%|          | 831/300000 [00:15<1:26:12, 57.84it/s]", "step": null, "ts": 1643511014.4659567}]}, "version": 205}
{"obj": {"type": "LogStrings", "path": ["monitoring", "stderr"], "values": [{"value": "\r  0%|          | 837/300000 [00:15<1:27:10, 57.20it/s]", "step": null, "ts": 1643511014.5735664}]}, "version": 206}
{"obj": {"type": "LogStrings", "path": ["monitoring", "stderr"], "values": [{"value": "\r  0%|          | 843/300000 [00:15<1:26:23, 57.71it/s]", "step": null, "ts": 1643511014.675338}]}, "version": 207}
{"obj": {"type": "LogStrings", "path": ["monitoring", "stderr"], "values": [{"value": "\r  0%|          | 849/300000 [00:15<1:25:54, 58.04it/s]", "step": null, "ts": 1643511014.777373}]}, "version": 208}
{"obj": {"type": "LogStrings", "path": ["monitoring", "stderr"], "values": [{"value": "\r  0%|          | 855/300000 [00:15<1:26:40, 57.52it/s]", "step": null, "ts": 1643511014.8838258}]}, "version": 209}
{"obj": {"type": "LogStrings", "path": ["monitoring", "stderr"], "values": [{"value": "\r  0%|          | 861/300000 [00:15<1:25:53, 58.05it/s]", "step": null, "ts": 1643511014.9850016}]}, "version": 210}
{"obj": {"type": "LogStrings", "path": ["monitoring", "stderr"], "values": [{"value": "\r  0%|          | 868/300000 [00:15<1:24:57, 58.68it/s]", "step": null, "ts": 1643511015.1016734}]}, "version": 211}
{"obj": {"type": "LogStrings", "path": ["monitoring", "stderr"], "values": [{"value": "\r  0%|          | 874/300000 [00:16<1:24:50, 58.76it/s]", "step": null, "ts": 1643511015.2034707}]}, "version": 212}
{"obj": {"type": "LogStrings", "path": ["monitoring", "stderr"], "values": [{"value": "\r  0%|          | 880/300000 [00:16<1:25:01, 58.63it/s]", "step": null, "ts": 1643511015.3063762}]}, "version": 213}
{"obj": {"type": "LogStrings", "path": ["monitoring", "stderr"], "values": [{"value": "\r  0%|          | 886/300000 [00:16<1:25:32, 58.28it/s]", "step": null, "ts": 1643511015.410846}]}, "version": 214}
{"obj": {"type": "LogStrings", "path": ["monitoring", "stderr"], "values": [{"value": "\r  0%|          | 892/300000 [00:16<1:26:26, 57.67it/s]", "step": null, "ts": 1643511015.5173895}]}, "version": 215}
{"obj": {"type": "LogStrings", "path": ["monitoring", "stderr"], "values": [{"value": "\r  0%|          | 898/300000 [00:16<1:27:41, 56.84it/s]", "step": null, "ts": 1643511015.626513}]}, "version": 216}
{"obj": {"type": "LogStrings", "path": ["monitoring", "stderr"], "values": [{"value": "\r  0%|          | 904/300000 [00:16<1:28:54, 56.07it/s]", "step": null, "ts": 1643511015.736955}]}, "version": 217}
{"obj": {"type": "LogStrings", "path": ["monitoring", "stderr"], "values": [{"value": "\r  0%|          | 910/300000 [00:16<1:27:39, 56.87it/s]", "step": null, "ts": 1643511015.8389301}]}, "version": 218}
{"obj": {"type": "LogStrings", "path": ["monitoring", "stderr"], "values": [{"value": "\r  0%|          | 917/300000 [00:16<1:25:55, 58.01it/s]", "step": null, "ts": 1643511015.9547546}]}, "version": 219}
{"obj": {"type": "LogStrings", "path": ["monitoring", "stderr"], "values": [{"value": "\r  0%|          | 923/300000 [00:16<1:25:27, 58.33it/s]", "step": null, "ts": 1643511016.0562258}]}, "version": 220}
{"obj": {"type": "LogStrings", "path": ["monitoring", "stderr"], "values": [{"value": "\r  0%|          | 929/300000 [00:16<1:25:08, 58.55it/s]", "step": null, "ts": 1643511016.1577733}]}, "version": 221}
{"obj": {"type": "LogStrings", "path": ["monitoring", "stderr"], "values": [{"value": "\r  0%|          | 935/300000 [00:17<1:29:10, 55.90it/s]", "step": null, "ts": 1643511016.2768376}]}, "version": 222}
{"obj": {"type": "LogStrings", "path": ["monitoring", "stderr"], "values": [{"value": "\r  0%|          | 941/300000 [00:17<1:27:41, 56.84it/s]", "step": null, "ts": 1643511016.378052}]}, "version": 223}
{"obj": {"type": "LogStrings", "path": ["monitoring", "stderr"], "values": [{"value": "\r  0%|          | 948/300000 [00:17<1:26:01, 57.94it/s]", "step": null, "ts": 1643511016.4941251}]}, "version": 224}
{"obj": {"type": "LogStrings", "path": ["monitoring", "stderr"], "values": [{"value": "\r  0%|          | 955/300000 [00:17<1:24:47, 58.78it/s]", "step": null, "ts": 1643511016.6095831}]}, "version": 225}
{"obj": {"type": "LogStrings", "path": ["monitoring", "stderr"], "values": [{"value": "\r  0%|          | 962/300000 [00:17<1:24:09, 59.23it/s]", "step": null, "ts": 1643511016.7260556}]}, "version": 226}
{"obj": {"type": "LogStrings", "path": ["monitoring", "stderr"], "values": [{"value": "\r  0%|          | 968/300000 [00:17<1:24:17, 59.12it/s]", "step": null, "ts": 1643511016.8277533}]}, "version": 227}
{"obj": {"type": "LogStrings", "path": ["monitoring", "stderr"], "values": [{"value": "\r  0%|          | 974/300000 [00:17<1:24:21, 59.08it/s]", "step": null, "ts": 1643511016.9294984}]}, "version": 228}
{"obj": {"type": "LogStrings", "path": ["monitoring", "stderr"], "values": [{"value": "\r  0%|          | 980/300000 [00:17<1:24:21, 59.08it/s]", "step": null, "ts": 1643511017.0310585}]}, "version": 229}
{"obj": {"type": "LogStrings", "path": ["monitoring", "stderr"], "values": [{"value": "\r  0%|          | 986/300000 [00:17<1:24:09, 59.22it/s]", "step": null, "ts": 1643511017.131782}]}, "version": 230}
{"obj": {"type": "LogStrings", "path": ["monitoring", "stderr"], "values": [{"value": "\r  0%|          | 992/300000 [00:18<1:23:52, 59.41it/s]", "step": null, "ts": 1643511017.2320027}]}, "version": 231}
{"obj": {"type": "LogStrings", "path": ["monitoring", "stderr"], "values": [{"value": "\r  0%|          | 999/300000 [00:18<1:23:36, 59.61it/s]", "step": null, "ts": 1643511017.3487923}]}, "version": 232}
{"obj": {"type": "LogStrings", "path": ["monitoring", "stderr"], "values": [{"value": "\r  0%|          | 1005/300000 [00:19<5:27:14, 15.23it/s]", "step": null, "ts": 1643511018.470536}]}, "version": 233}
{"obj": {"type": "LogStrings", "path": ["monitoring", "stderr"], "values": [{"value": "\r  0%|          | 1011/300000 [00:19<4:18:29, 19.28it/s]", "step": null, "ts": 1643511018.5800724}]}, "version": 234}
{"obj": {"type": "LogStrings", "path": ["monitoring", "stderr"], "values": [{"value": "\r  0%|          | 1017/300000 [00:19<3:29:02, 23.84it/s]", "step": null, "ts": 1643511018.6885366}]}, "version": 235}
{"obj": {"type": "LogStrings", "path": ["monitoring", "stderr"], "values": [{"value": "\r  0%|          | 1023/300000 [00:19<2:55:16, 28.43it/s]", "step": null, "ts": 1643511018.8029635}]}, "version": 236}
{"obj": {"type": "LogStrings", "path": ["monitoring", "stderr"], "values": [{"value": "\r  0%|          | 1029/300000 [00:19<2:33:02, 32.56it/s]", "step": null, "ts": 1643511018.9235733}]}, "version": 237}
{"obj": {"type": "LogStrings", "path": ["monitoring", "stderr"], "values": [{"value": "\r  0%|          | 1035/300000 [00:19<2:15:37, 36.74it/s]", "step": null, "ts": 1643511019.0374458}]}, "version": 238}
{"obj": {"type": "LogStrings", "path": ["monitoring", "stderr"], "values": [{"value": "\r  0%|          | 1041/300000 [00:19<2:07:20, 39.13it/s]", "step": null, "ts": 1643511019.1673098}]}, "version": 239}
{"obj": {"type": "LogStrings", "path": ["monitoring", "stderr"], "values": [{"value": "\r  0%|          | 1046/300000 [00:20<2:01:31, 41.00it/s]", "step": null, "ts": 1643511019.272965}]}, "version": 240}
{"obj": {"type": "LogStrings", "path": ["monitoring", "stderr"], "values": [{"value": "\r  0%|          | 1051/300000 [00:20<1:56:05, 42.92it/s]", "step": null, "ts": 1643511019.3747976}]}, "version": 241}
{"obj": {"type": "LogStrings", "path": ["monitoring", "stderr"], "values": [{"value": "\r  0%|          | 1056/300000 [00:20<1:53:56, 43.73it/s]", "step": null, "ts": 1643511019.4835885}]}, "version": 242}
{"obj": {"type": "LogStrings", "path": ["monitoring", "stderr"], "values": [{"value": "\r  0%|          | 1061/300000 [00:20<1:50:14, 45.20it/s]", "step": null, "ts": 1643511019.5849538}]}, "version": 243}
{"obj": {"type": "LogStrings", "path": ["monitoring", "stderr"], "values": [{"value": "\r  0%|          | 1066/300000 [00:20<1:49:19, 45.57it/s]", "step": null, "ts": 1643511019.6926284}]}, "version": 244}
{"obj": {"type": "LogStrings", "path": ["monitoring", "stderr"], "values": [{"value": "\r  0%|          | 1071/300000 [00:20<1:47:44, 46.24it/s]", "step": null, "ts": 1643511019.7967217}]}, "version": 245}
{"obj": {"type": "LogStrings", "path": ["monitoring", "stderr"], "values": [{"value": "\r  0%|          | 1077/300000 [00:20<1:43:23, 48.19it/s]", "step": null, "ts": 1643511019.9107707}]}, "version": 246}
{"obj": {"type": "LogStrings", "path": ["monitoring", "stderr"], "values": [{"value": "\r  0%|          | 1083/300000 [00:20<1:38:06, 50.78it/s]", "step": null, "ts": 1643511020.0156443}]}, "version": 247}
{"obj": {"type": "LogStrings", "path": ["monitoring", "stderr"], "values": [{"value": "\r  0%|          | 1089/300000 [00:20<1:34:22, 52.79it/s]", "step": null, "ts": 1643511020.119557}]}, "version": 248}
{"obj": {"type": "LogStrings", "path": ["monitoring", "stderr"], "values": [{"value": "\r  0%|          | 1095/300000 [00:21<1:33:14, 53.43it/s]", "step": null, "ts": 1643511020.2288525}]}, "version": 249}
{"obj": {"type": "LogStrings", "path": ["monitoring", "stderr"], "values": [{"value": "\r  0%|          | 1101/300000 [00:21<1:31:11, 54.63it/s]", "step": null, "ts": 1643511020.3331757}]}, "version": 250}
{"obj": {"type": "LogStrings", "path": ["monitoring", "stderr"], "values": [{"value": "\r  0%|          | 1107/300000 [00:21<1:32:53, 53.63it/s]", "step": null, "ts": 1643511020.4496634}]}, "version": 251}
{"obj": {"type": "LogStrings", "path": ["monitoring", "stderr"], "values": [{"value": "\r  0%|          | 1113/300000 [00:21<1:37:20, 51.18it/s]", "step": null, "ts": 1643511020.5793328}]}, "version": 252}
{"obj": {"type": "LogStrings", "path": ["monitoring", "stderr"], "values": [{"value": "\r  0%|          | 1119/300000 [00:21<1:39:51, 49.88it/s]", "step": null, "ts": 1643511020.7065625}]}, "version": 253}
{"obj": {"type": "LogStrings", "path": ["monitoring", "stderr"], "values": [{"value": "\r  0%|          | 1125/300000 [00:21<1:38:10, 50.74it/s]", "step": null, "ts": 1643511020.8200567}]}, "version": 254}
{"obj": {"type": "LogStrings", "path": ["monitoring", "stderr"], "values": [{"value": "\r  0%|          | 1131/300000 [00:21<1:35:22, 52.23it/s]", "step": null, "ts": 1643511020.9271007}]}, "version": 255}
{"obj": {"type": "LogStrings", "path": ["monitoring", "stderr"], "values": [{"value": "\r  0%|          | 1137/300000 [00:21<1:32:55, 53.60it/s]", "step": null, "ts": 1643511021.0322084}]}, "version": 256}
{"obj": {"type": "LogStrings", "path": ["monitoring", "stderr"], "values": [{"value": "\r  0%|          | 1143/300000 [00:21<1:31:28, 54.45it/s]", "step": null, "ts": 1643511021.1383371}]}, "version": 257}
{"obj": {"type": "LogStrings", "path": ["monitoring", "stderr"], "values": [{"value": "\r  0%|          | 1149/300000 [00:22<1:30:24, 55.09it/s]", "step": null, "ts": 1643511021.2442596}]}, "version": 258}
{"obj": {"type": "LogStrings", "path": ["monitoring", "stderr"], "values": [{"value": "\r  0%|          | 1155/300000 [00:22<1:30:51, 54.82it/s]", "step": null, "ts": 1643511021.3550124}]}, "version": 259}
{"obj": {"type": "LogStrings", "path": ["monitoring", "stderr"], "values": [{"value": "\r  0%|          | 1161/300000 [00:22<1:30:46, 54.87it/s]", "step": null, "ts": 1643511021.4640896}]}, "version": 260}
{"obj": {"type": "LogStrings", "path": ["monitoring", "stderr"], "values": [{"value": "\r  0%|          | 1167/300000 [00:22<1:30:09, 55.24it/s]", "step": null, "ts": 1643511021.5710077}]}, "version": 261}
{"obj": {"type": "LogStrings", "path": ["monitoring", "stderr"], "values": [{"value": "\r  0%|          | 1173/300000 [00:22<1:29:52, 55.42it/s]", "step": null, "ts": 1643511021.6785593}]}, "version": 262}
{"obj": {"type": "LogStrings", "path": ["monitoring", "stderr"], "values": [{"value": "\r  0%|          | 1179/300000 [00:22<1:30:13, 55.20it/s]", "step": null, "ts": 1643511021.7881503}]}, "version": 263}
{"obj": {"type": "LogStrings", "path": ["monitoring", "stderr"], "values": [{"value": "\r  0%|          | 1185/300000 [00:22<1:30:26, 55.07it/s]", "step": null, "ts": 1643511021.8977225}]}, "version": 264}
{"obj": {"type": "LogStrings", "path": ["monitoring", "stderr"], "values": [{"value": "\r  0%|          | 1191/300000 [00:22<1:30:59, 54.73it/s]", "step": null, "ts": 1643511022.0089161}]}, "version": 265}
{"obj": {"type": "LogStrings", "path": ["monitoring", "stderr"], "values": [{"value": "\r  0%|          | 1197/300000 [00:22<1:31:03, 54.69it/s]", "step": null, "ts": 1643511022.1188273}]}, "version": 266}
{"obj": {"type": "LogStrings", "path": ["monitoring", "stderr"], "values": [{"value": "\r  0%|          | 1203/300000 [00:23<1:31:25, 54.47it/s]", "step": null, "ts": 1643511022.2300305}]}, "version": 267}
{"obj": {"type": "LogStrings", "path": ["monitoring", "stderr"], "values": [{"value": "\r  0%|          | 1209/300000 [00:23<1:31:12, 54.60it/s]", "step": null, "ts": 1643511022.3392758}]}, "version": 268}
{"obj": {"type": "LogStrings", "path": ["monitoring", "stderr"], "values": [{"value": "\r  0%|          | 1215/300000 [00:23<1:30:56, 54.75it/s]", "step": null, "ts": 1643511022.4481404}]}, "version": 269}
{"obj": {"type": "LogStrings", "path": ["monitoring", "stderr"], "values": [{"value": "\r  0%|          | 1221/300000 [00:23<1:30:28, 55.04it/s]", "step": null, "ts": 1643511022.5558772}]}, "version": 270}
{"obj": {"type": "LogStrings", "path": ["monitoring", "stderr"], "values": [{"value": "\r  0%|          | 1227/300000 [00:23<1:30:29, 55.03it/s]", "step": null, "ts": 1643511022.6649415}]}, "version": 271}
{"obj": {"type": "LogStrings", "path": ["monitoring", "stderr"], "values": [{"value": "\r  0%|          | 1233/300000 [00:23<1:30:14, 55.18it/s]", "step": null, "ts": 1643511022.7729335}]}, "version": 272}
{"obj": {"type": "LogFloats", "path": ["monitoring", "cpu"], "values": [{"value": 23.1, "step": null, "ts": 1643511022.7990553}]}, "version": 273}
{"obj": {"type": "LogFloats", "path": ["monitoring", "memory"], "values": [{"value": 12.089813232421875, "step": null, "ts": 1643511022.7990553}]}, "version": 274}
{"obj": {"type": "LogFloats", "path": ["monitoring", "gpu"], "values": [{"value": 3.0, "step": null, "ts": 1643511022.7990553}]}, "version": 275}
{"obj": {"type": "LogFloats", "path": ["monitoring", "gpu_memory"], "values": [{"value": 1.1328125, "step": null, "ts": 1643511022.7990553}]}, "version": 276}
{"obj": {"type": "LogStrings", "path": ["monitoring", "stderr"], "values": [{"value": "\r  0%|          | 1239/300000 [00:23<1:30:11, 55.21it/s]", "step": null, "ts": 1643511022.8814669}]}, "version": 277}
{"obj": {"type": "LogStrings", "path": ["monitoring", "stderr"], "values": [{"value": "\r  0%|          | 1245/300000 [00:23<1:29:44, 55.48it/s]", "step": null, "ts": 1643511022.988401}]}, "version": 278}
{"obj": {"type": "LogStrings", "path": ["monitoring", "stderr"], "values": [{"value": "\r  0%|          | 1251/300000 [00:23<1:29:50, 55.42it/s]", "step": null, "ts": 1643511023.0969582}]}, "version": 279}
{"obj": {"type": "LogStrings", "path": ["monitoring", "stderr"], "values": [{"value": "\r  0%|          | 1257/300000 [00:24<1:30:14, 55.18it/s]", "step": null, "ts": 1643511023.2068586}]}, "version": 280}
{"obj": {"type": "LogStrings", "path": ["monitoring", "stderr"], "values": [{"value": "\r  0%|          | 1263/300000 [00:24<1:30:56, 54.75it/s]", "step": null, "ts": 1643511023.318369}]}, "version": 281}
{"obj": {"type": "LogStrings", "path": ["monitoring", "stderr"], "values": [{"value": "\r  0%|          | 1269/300000 [00:24<1:31:09, 54.62it/s]", "step": null, "ts": 1643511023.4288437}]}, "version": 282}
{"obj": {"type": "LogStrings", "path": ["monitoring", "stderr"], "values": [{"value": "\r  0%|          | 1275/300000 [00:24<1:31:23, 54.48it/s]", "step": null, "ts": 1643511023.5396187}]}, "version": 283}
{"obj": {"type": "LogStrings", "path": ["monitoring", "stderr"], "values": [{"value": "\r  0%|          | 1281/300000 [00:24<1:31:40, 54.31it/s]", "step": null, "ts": 1643511023.6509051}]}, "version": 284}
{"obj": {"type": "LogStrings", "path": ["monitoring", "stderr"], "values": [{"value": "\r  0%|          | 1287/300000 [00:24<1:31:43, 54.28it/s]", "step": null, "ts": 1643511023.7616138}]}, "version": 285}
{"obj": {"type": "LogStrings", "path": ["monitoring", "stderr"], "values": [{"value": "\r  0%|          | 1293/300000 [00:24<1:31:47, 54.24it/s]", "step": null, "ts": 1643511023.8724062}]}, "version": 286}
{"obj": {"type": "LogStrings", "path": ["monitoring", "stderr"], "values": [{"value": "\r  0%|          | 1299/300000 [00:24<1:31:58, 54.13it/s]", "step": null, "ts": 1643511023.9837954}]}, "version": 287}
{"obj": {"type": "LogStrings", "path": ["monitoring", "stderr"], "values": [{"value": "\r  0%|          | 1305/300000 [00:24<1:32:15, 53.96it/s]", "step": null, "ts": 1643511024.0957975}]}, "version": 288}
{"obj": {"type": "LogStrings", "path": ["monitoring", "stderr"], "values": [{"value": "\r  0%|          | 1311/300000 [00:25<1:32:28, 53.83it/s]", "step": null, "ts": 1643511024.2079055}]}, "version": 289}
{"obj": {"type": "LogStrings", "path": ["monitoring", "stderr"], "values": [{"value": "\r  0%|          | 1317/300000 [00:25<1:32:07, 54.04it/s]", "step": null, "ts": 1643511024.3179061}]}, "version": 290}
{"obj": {"type": "LogStrings", "path": ["monitoring", "stderr"], "values": [{"value": "\r  0%|          | 1323/300000 [00:25<1:31:48, 54.22it/s]", "step": null, "ts": 1643511024.4277241}]}, "version": 291}
{"obj": {"type": "LogStrings", "path": ["monitoring", "stderr"], "values": [{"value": "\r  0%|          | 1329/300000 [00:25<1:31:32, 54.38it/s]", "step": null, "ts": 1643511024.5373068}]}, "version": 292}
{"obj": {"type": "LogStrings", "path": ["monitoring", "stderr"], "values": [{"value": "\r  0%|          | 1335/300000 [00:25<1:31:08, 54.61it/s]", "step": null, "ts": 1643511024.6460457}]}, "version": 293}
{"obj": {"type": "LogStrings", "path": ["monitoring", "stderr"], "values": [{"value": "\r  0%|          | 1341/300000 [00:25<1:32:41, 53.70it/s]", "step": null, "ts": 1643511024.762125}]}, "version": 294}
{"obj": {"type": "LogStrings", "path": ["monitoring", "stderr"], "values": [{"value": "\r  0%|          | 1347/300000 [00:25<1:34:07, 52.88it/s]", "step": null, "ts": 1643511024.8796468}]}, "version": 295}
{"obj": {"type": "LogStrings", "path": ["monitoring", "stderr"], "values": [{"value": "\r  0%|          | 1353/300000 [00:25<1:33:32, 53.21it/s]", "step": null, "ts": 1643511024.9907784}]}, "version": 296}
{"obj": {"type": "LogStrings", "path": ["monitoring", "stderr"], "values": [{"value": "\r  0%|          | 1359/300000 [00:25<1:32:39, 53.72it/s]", "step": null, "ts": 1643511025.0999472}]}, "version": 297}
{"obj": {"type": "LogStrings", "path": ["monitoring", "stderr"], "values": [{"value": "\r  0%|          | 1365/300000 [00:26<1:31:57, 54.13it/s]", "step": null, "ts": 1643511025.2088463}]}, "version": 298}
{"obj": {"type": "LogStrings", "path": ["monitoring", "stderr"], "values": [{"value": "\r  0%|          | 1371/300000 [00:26<1:31:11, 54.58it/s]", "step": null, "ts": 1643511025.3166401}]}, "version": 299}
{"obj": {"type": "LogStrings", "path": ["monitoring", "stderr"], "values": [{"value": "\r  0%|          | 1377/300000 [00:26<1:31:01, 54.67it/s]", "step": null, "ts": 1643511025.425941}]}, "version": 300}
{"obj": {"type": "LogStrings", "path": ["monitoring", "stderr"], "values": [{"value": "\r  0%|          | 1383/300000 [00:26<1:30:54, 54.75it/s]", "step": null, "ts": 1643511025.5351858}]}, "version": 301}
{"obj": {"type": "LogStrings", "path": ["monitoring", "stderr"], "values": [{"value": "\r  0%|          | 1389/300000 [00:26<1:30:34, 54.95it/s]", "step": null, "ts": 1643511025.643439}]}, "version": 302}
{"obj": {"type": "LogStrings", "path": ["monitoring", "stderr"], "values": [{"value": "\r  0%|          | 1395/300000 [00:26<1:30:21, 55.08it/s]", "step": null, "ts": 1643511025.7517767}]}, "version": 303}
{"obj": {"type": "LogStrings", "path": ["monitoring", "stderr"], "values": [{"value": "\r  0%|          | 1401/300000 [00:26<1:30:49, 54.79it/s]", "step": null, "ts": 1643511025.8626175}]}, "version": 304}
{"obj": {"type": "LogStrings", "path": ["monitoring", "stderr"], "values": [{"value": "\r  0%|          | 1407/300000 [00:26<1:31:12, 54.56it/s]", "step": null, "ts": 1643511025.9737127}]}, "version": 305}
{"obj": {"type": "LogStrings", "path": ["monitoring", "stderr"], "values": [{"value": "\r  0%|          | 1413/300000 [00:26<1:31:19, 54.50it/s]", "step": null, "ts": 1643511026.0840704}]}, "version": 306}
{"obj": {"type": "LogStrings", "path": ["monitoring", "stderr"], "values": [{"value": "\r  0%|          | 1419/300000 [00:26<1:31:21, 54.47it/s]", "step": null, "ts": 1643511026.194317}]}, "version": 307}
{"obj": {"type": "LogStrings", "path": ["monitoring", "stderr"], "values": [{"value": "\r  0%|          | 1425/300000 [00:27<1:31:49, 54.19it/s]", "step": null, "ts": 1643511026.3064365}]}, "version": 308}
{"obj": {"type": "LogStrings", "path": ["monitoring", "stderr"], "values": [{"value": "\r  0%|          | 1431/300000 [00:27<1:31:46, 54.22it/s]", "step": null, "ts": 1643511026.4168847}]}, "version": 309}
{"obj": {"type": "LogStrings", "path": ["monitoring", "stderr"], "values": [{"value": "\r  0%|          | 1437/300000 [00:27<1:31:56, 54.13it/s]", "step": null, "ts": 1643511026.5281973}]}, "version": 310}
{"obj": {"type": "LogStrings", "path": ["monitoring", "stderr"], "values": [{"value": "\r  0%|          | 1443/300000 [00:27<1:31:33, 54.34it/s]", "step": null, "ts": 1643511026.637576}]}, "version": 311}
{"obj": {"type": "LogStrings", "path": ["monitoring", "stderr"], "values": [{"value": "\r  0%|          | 1449/300000 [00:27<1:32:12, 53.96it/s]", "step": null, "ts": 1643511026.750587}]}, "version": 312}
{"obj": {"type": "LogStrings", "path": ["monitoring", "stderr"], "values": [{"value": "\r  0%|          | 1455/300000 [00:27<1:32:02, 54.06it/s]", "step": null, "ts": 1643511026.8611524}]}, "version": 313}
{"obj": {"type": "LogStrings", "path": ["monitoring", "stderr"], "values": [{"value": "\r  0%|          | 1461/300000 [00:27<1:32:08, 54.00it/s]", "step": null, "ts": 1643511026.9725142}]}, "version": 314}
{"obj": {"type": "LogStrings", "path": ["monitoring", "stderr"], "values": [{"value": "\r  0%|          | 1467/300000 [00:27<1:32:00, 54.08it/s]", "step": null, "ts": 1643511027.0830686}]}, "version": 315}
{"obj": {"type": "LogStrings", "path": ["monitoring", "stderr"], "values": [{"value": "\r  0%|          | 1473/300000 [00:27<1:31:43, 54.25it/s]", "step": null, "ts": 1643511027.1928756}]}, "version": 316}
{"obj": {"type": "LogStrings", "path": ["monitoring", "stderr"], "values": [{"value": "\r  0%|          | 1479/300000 [00:28<1:32:10, 53.97it/s]", "step": null, "ts": 1643511027.305593}]}, "version": 317}
{"obj": {"type": "LogStrings", "path": ["monitoring", "stderr"], "values": [{"value": "\r  0%|          | 1485/300000 [00:28<1:32:12, 53.96it/s]", "step": null, "ts": 1643511027.416638}]}, "version": 318}
{"obj": {"type": "LogStrings", "path": ["monitoring", "stderr"], "values": [{"value": "\r  0%|          | 1491/300000 [00:28<1:32:18, 53.90it/s]", "step": null, "ts": 1643511027.528231}]}, "version": 319}
{"obj": {"type": "LogStrings", "path": ["monitoring", "stderr"], "values": [{"value": "\r  0%|          | 1497/300000 [00:28<1:31:34, 54.33it/s]", "step": null, "ts": 1643511027.6366076}]}, "version": 320}
{"obj": {"type": "LogStrings", "path": ["monitoring", "stderr"], "values": [{"value": "\r  1%|          | 1503/300000 [00:28<1:31:14, 54.52it/s]", "step": null, "ts": 1643511027.7457294}]}, "version": 321}
{"obj": {"type": "LogStrings", "path": ["monitoring", "stderr"], "values": [{"value": "\r  1%|          | 1509/300000 [00:28<1:31:11, 54.55it/s]", "step": null, "ts": 1643511027.8556552}]}, "version": 322}
{"obj": {"type": "LogStrings", "path": ["monitoring", "stderr"], "values": [{"value": "\r  1%|          | 1515/300000 [00:28<1:31:35, 54.31it/s]", "step": null, "ts": 1643511027.9671931}]}, "version": 323}
{"obj": {"type": "LogStrings", "path": ["monitoring", "stderr"], "values": [{"value": "\r  1%|          | 1521/300000 [00:28<1:32:27, 53.80it/s]", "step": null, "ts": 1643511028.081249}]}, "version": 324}
{"obj": {"type": "LogStrings", "path": ["monitoring", "stderr"], "values": [{"value": "\r  1%|          | 1527/300000 [00:28<1:33:04, 53.45it/s]", "step": null, "ts": 1643511028.1951506}]}, "version": 325}
{"obj": {"type": "LogStrings", "path": ["monitoring", "stderr"], "values": [{"value": "\r  1%|          | 1533/300000 [00:29<1:36:37, 51.48it/s]", "step": null, "ts": 1643511028.3217776}]}, "version": 326}
{"obj": {"type": "LogStrings", "path": ["monitoring", "stderr"], "values": [{"value": "\r  1%|          | 1539/300000 [00:29<1:37:52, 50.82it/s]", "step": null, "ts": 1643511028.443317}]}, "version": 327}
{"obj": {"type": "LogStrings", "path": ["monitoring", "stderr"], "values": [{"value": "\r  1%|          | 1545/300000 [00:29<1:37:05, 51.23it/s]", "step": null, "ts": 1643511028.558209}]}, "version": 328}
{"obj": {"type": "LogStrings", "path": ["monitoring", "stderr"], "values": [{"value": "\r  1%|          | 1551/300000 [00:29<1:36:57, 51.30it/s]", "step": null, "ts": 1643511028.6748712}]}, "version": 329}
{"obj": {"type": "LogStrings", "path": ["monitoring", "stderr"], "values": [{"value": "\r  1%|          | 1557/300000 [00:29<1:35:08, 52.28it/s]", "step": null, "ts": 1643511028.78448}]}, "version": 330}
{"obj": {"type": "LogStrings", "path": ["monitoring", "stderr"], "values": [{"value": "\r  1%|          | 1563/300000 [00:29<1:33:48, 53.02it/s]", "step": null, "ts": 1643511028.8938692}]}, "version": 331}
{"obj": {"type": "LogStrings", "path": ["monitoring", "stderr"], "values": [{"value": "\r  1%|          | 1569/300000 [00:29<1:32:51, 53.56it/s]", "step": null, "ts": 1643511029.003256}]}, "version": 332}
{"obj": {"type": "LogStrings", "path": ["monitoring", "stderr"], "values": [{"value": "\r  1%|          | 1575/300000 [00:29<1:32:55, 53.52it/s]", "step": null, "ts": 1643511029.115522}]}, "version": 333}
{"obj": {"type": "LogStrings", "path": ["monitoring", "stderr"], "values": [{"value": "\r  1%|          | 1581/300000 [00:30<1:32:17, 53.89it/s]", "step": null, "ts": 1643511029.2251475}]}, "version": 334}
{"obj": {"type": "LogStrings", "path": ["monitoring", "stderr"], "values": [{"value": "\r  1%|          | 1587/300000 [00:30<1:31:27, 54.38it/s]", "step": null, "ts": 1643511029.3331413}]}, "version": 335}
{"obj": {"type": "LogStrings", "path": ["monitoring", "stderr"], "values": [{"value": "\r  1%|          | 1593/300000 [00:30<1:30:47, 54.78it/s]", "step": null, "ts": 1643511029.4407258}]}, "version": 336}
{"obj": {"type": "LogStrings", "path": ["monitoring", "stderr"], "values": [{"value": "\r  1%|          | 1599/300000 [00:30<1:30:18, 55.07it/s]", "step": null, "ts": 1643511029.5483432}]}, "version": 337}
{"obj": {"type": "LogStrings", "path": ["monitoring", "stderr"], "values": [{"value": "\r  1%|          | 1605/300000 [00:30<1:30:16, 55.09it/s]", "step": null, "ts": 1643511029.6571996}]}, "version": 338}
{"obj": {"type": "LogStrings", "path": ["monitoring", "stderr"], "values": [{"value": "\r  1%|          | 1611/300000 [00:30<1:30:19, 55.06it/s]", "step": null, "ts": 1643511029.7662969}]}, "version": 339}
{"obj": {"type": "LogStrings", "path": ["monitoring", "stderr"], "values": [{"value": "\r  1%|          | 1617/300000 [00:30<1:31:09, 54.56it/s]", "step": null, "ts": 1643511029.8785985}]}, "version": 340}
{"obj": {"type": "LogStrings", "path": ["monitoring", "stderr"], "values": [{"value": "\r  1%|          | 1623/300000 [00:30<1:36:01, 51.78it/s]", "step": null, "ts": 1643511030.0082722}]}, "version": 341}
{"obj": {"type": "LogStrings", "path": ["monitoring", "stderr"], "values": [{"value": "\r  1%|          | 1629/300000 [00:30<1:37:23, 51.06it/s]", "step": null, "ts": 1643511030.1295764}]}, "version": 342}
{"obj": {"type": "LogStrings", "path": ["monitoring", "stderr"], "values": [{"value": "\r  1%|          | 1635/300000 [00:31<1:37:02, 51.25it/s]", "step": null, "ts": 1643511030.245633}]}, "version": 343}
{"obj": {"type": "LogStrings", "path": ["monitoring", "stderr"], "values": [{"value": "\r  1%|          | 1641/300000 [00:31<1:36:39, 51.44it/s]", "step": null, "ts": 1643511030.3612573}]}, "version": 344}
{"obj": {"type": "LogStrings", "path": ["monitoring", "stderr"], "values": [{"value": "\r  1%|          | 1647/300000 [00:31<1:36:50, 51.35it/s]", "step": null, "ts": 1643511030.4786398}]}, "version": 345}
{"obj": {"type": "LogStrings", "path": ["monitoring", "stderr"], "values": [{"value": "\r  1%|          | 1653/300000 [00:31<1:36:03, 51.77it/s]", "step": null, "ts": 1643511030.592291}]}, "version": 346}
{"obj": {"type": "LogStrings", "path": ["monitoring", "stderr"], "values": [{"value": "\r  1%|          | 1659/300000 [00:31<1:35:49, 51.89it/s]", "step": null, "ts": 1643511030.707372}]}, "version": 347}
{"obj": {"type": "LogStrings", "path": ["monitoring", "stderr"], "values": [{"value": "\r  1%|          | 1665/300000 [00:31<1:36:02, 51.77it/s]", "step": null, "ts": 1643511030.8238041}]}, "version": 348}
{"obj": {"type": "LogStrings", "path": ["monitoring", "stderr"], "values": [{"value": "\r  1%|          | 1671/300000 [00:31<1:35:43, 51.94it/s]", "step": null, "ts": 1643511030.9384358}]}, "version": 349}
{"obj": {"type": "LogStrings", "path": ["monitoring", "stderr"], "values": [{"value": "\r  1%|          | 1677/300000 [00:31<1:35:27, 52.09it/s]", "step": null, "ts": 1643511031.0528688}]}, "version": 350}
{"obj": {"type": "LogStrings", "path": ["monitoring", "stderr"], "values": [{"value": "\r  1%|          | 1683/300000 [00:31<1:35:24, 52.11it/s]", "step": null, "ts": 1643511031.1678693}]}, "version": 351}
{"obj": {"type": "LogStrings", "path": ["monitoring", "stderr"], "values": [{"value": "\r  1%|          | 1689/300000 [00:32<1:35:44, 51.93it/s]", "step": null, "ts": 1643511031.2843816}]}, "version": 352}
{"obj": {"type": "LogStrings", "path": ["monitoring", "stderr"], "values": [{"value": "\r  1%|          | 1695/300000 [00:32<1:35:35, 52.01it/s]", "step": null, "ts": 1643511031.3993082}]}, "version": 353}
{"obj": {"type": "LogStrings", "path": ["monitoring", "stderr"], "values": [{"value": "\r  1%|          | 1701/300000 [00:32<1:36:21, 51.60it/s]", "step": null, "ts": 1643511031.517756}]}, "version": 354}
{"obj": {"type": "LogStrings", "path": ["monitoring", "stderr"], "values": [{"value": "\r  1%|          | 1707/300000 [00:32<1:36:15, 51.64it/s]", "step": null, "ts": 1643511031.6336825}]}, "version": 355}
{"obj": {"type": "LogStrings", "path": ["monitoring", "stderr"], "values": [{"value": "\r  1%|          | 1713/300000 [00:32<1:35:49, 51.88it/s]", "step": null, "ts": 1643511031.7480772}]}, "version": 356}
{"obj": {"type": "LogStrings", "path": ["monitoring", "stderr"], "values": [{"value": "\r  1%|          | 1719/300000 [00:32<1:36:09, 51.70it/s]", "step": null, "ts": 1643511031.8651652}]}, "version": 357}
{"obj": {"type": "LogStrings", "path": ["monitoring", "stderr"], "values": [{"value": "\r  1%|          | 1725/300000 [00:32<1:36:59, 51.25it/s]", "step": null, "ts": 1643511031.9846425}]}, "version": 358}
{"obj": {"type": "LogStrings", "path": ["monitoring", "stderr"], "values": [{"value": "\r  1%|          | 1731/300000 [00:32<1:36:29, 51.52it/s]", "step": null, "ts": 1643511032.0996282}]}, "version": 359}
{"obj": {"type": "LogStrings", "path": ["monitoring", "stderr"], "values": [{"value": "\r  1%|          | 1737/300000 [00:33<1:37:18, 51.09it/s]", "step": null, "ts": 1643511032.219332}]}, "version": 360}
{"obj": {"type": "LogStrings", "path": ["monitoring", "stderr"], "values": [{"value": "\r  1%|          | 1743/300000 [00:33<1:38:11, 50.63it/s]", "step": null, "ts": 1643511032.3403363}]}, "version": 361}
{"obj": {"type": "LogStrings", "path": ["monitoring", "stderr"], "values": [{"value": "\r  1%|          | 1749/300000 [00:33<1:37:40, 50.89it/s]", "step": null, "ts": 1643511032.456856}]}, "version": 362}
{"obj": {"type": "LogStrings", "path": ["monitoring", "stderr"], "values": [{"value": "\r  1%|          | 1755/300000 [00:33<1:37:02, 51.22it/s]", "step": null, "ts": 1643511032.5721524}]}, "version": 363}
{"obj": {"type": "LogStrings", "path": ["monitoring", "stderr"], "values": [{"value": "\r  1%|          | 1761/300000 [00:33<1:35:59, 51.78it/s]", "step": null, "ts": 1643511032.6851118}]}, "version": 364}
{"obj": {"type": "LogStrings", "path": ["monitoring", "stderr"], "values": [{"value": "\r  1%|          | 1767/300000 [00:33<1:35:18, 52.16it/s]", "step": null, "ts": 1643511032.798183}]}, "version": 365}
{"obj": {"type": "LogFloats", "path": ["monitoring", "cpu"], "values": [{"value": 16.7, "step": null, "ts": 1643511032.8044696}]}, "version": 366}
{"obj": {"type": "LogFloats", "path": ["monitoring", "memory"], "values": [{"value": 12.067970275878906, "step": null, "ts": 1643511032.8044696}]}, "version": 367}
{"obj": {"type": "LogFloats", "path": ["monitoring", "gpu"], "values": [{"value": 5.0, "step": null, "ts": 1643511032.8044696}]}, "version": 368}
{"obj": {"type": "LogFloats", "path": ["monitoring", "gpu_memory"], "values": [{"value": 1.1328125, "step": null, "ts": 1643511032.8044696}]}, "version": 369}
{"obj": {"type": "LogStrings", "path": ["monitoring", "stderr"], "values": [{"value": "\r  1%|          | 1773/300000 [00:33<1:35:18, 52.15it/s]", "step": null, "ts": 1643511032.9132855}]}, "version": 370}
{"obj": {"type": "LogStrings", "path": ["monitoring", "stderr"], "values": [{"value": "\r  1%|          | 1779/300000 [00:33<1:34:50, 52.41it/s]", "step": null, "ts": 1643511033.0264187}]}, "version": 371}
{"obj": {"type": "LogStrings", "path": ["monitoring", "stderr"], "values": [{"value": "\r  1%|          | 1785/300000 [00:33<1:34:29, 52.60it/s]", "step": null, "ts": 1643511033.1395392}]}, "version": 372}
{"obj": {"type": "LogStrings", "path": ["monitoring", "stderr"], "values": [{"value": "\r  1%|          | 1791/300000 [00:34<1:34:11, 52.77it/s]", "step": null, "ts": 1643511033.252414}]}, "version": 373}
{"obj": {"type": "LogStrings", "path": ["monitoring", "stderr"], "values": [{"value": "\r  1%|          | 1797/300000 [00:34<1:33:44, 53.02it/s]", "step": null, "ts": 1643511033.3642733}]}, "version": 374}
{"obj": {"type": "LogStrings", "path": ["monitoring", "stderr"], "values": [{"value": "\r  1%|          | 1803/300000 [00:34<1:33:22, 53.22it/s]", "step": null, "ts": 1643511033.4760056}]}, "version": 375}
{"obj": {"type": "LogStrings", "path": ["monitoring", "stderr"], "values": [{"value": "\r  1%|          | 1809/300000 [00:34<1:33:00, 53.44it/s]", "step": null, "ts": 1643511033.587253}]}, "version": 376}
{"obj": {"type": "LogStrings", "path": ["monitoring", "stderr"], "values": [{"value": "\r  1%|          | 1815/300000 [00:34<1:33:22, 53.22it/s]", "step": null, "ts": 1643511033.701055}]}, "version": 377}
{"obj": {"type": "LogStrings", "path": ["monitoring", "stderr"], "values": [{"value": "\r  1%|          | 1821/300000 [00:34<1:33:30, 53.15it/s]", "step": null, "ts": 1643511033.8143055}]}, "version": 378}
{"obj": {"type": "LogStrings", "path": ["monitoring", "stderr"], "values": [{"value": "\r  1%|          | 1827/300000 [00:34<1:33:08, 53.35it/s]", "step": null, "ts": 1643511033.925745}]}, "version": 379}
{"obj": {"type": "LogStrings", "path": ["monitoring", "stderr"], "values": [{"value": "\r  1%|          | 1833/300000 [00:34<1:32:37, 53.65it/s]", "step": null, "ts": 1643511034.036117}]}, "version": 380}
{"obj": {"type": "LogStrings", "path": ["monitoring", "stderr"], "values": [{"value": "\r  1%|          | 1839/300000 [00:34<1:33:04, 53.39it/s]", "step": null, "ts": 1643511034.14976}]}, "version": 381}
{"obj": {"type": "LogStrings", "path": ["monitoring", "stderr"], "values": [{"value": "\r  1%|          | 1845/300000 [00:35<1:33:17, 53.27it/s]", "step": null, "ts": 1643511034.2630007}]}, "version": 382}
{"obj": {"type": "LogStrings", "path": ["monitoring", "stderr"], "values": [{"value": "\r  1%|          | 1851/300000 [00:35<1:32:52, 53.50it/s]", "step": null, "ts": 1643511034.3739884}]}, "version": 383}
{"obj": {"type": "LogStrings", "path": ["monitoring", "stderr"], "values": [{"value": "\r  1%|          | 1857/300000 [00:35<1:32:54, 53.49it/s]", "step": null, "ts": 1643511034.4862623}]}, "version": 384}
{"obj": {"type": "LogStrings", "path": ["monitoring", "stderr"], "values": [{"value": "\r  1%|          | 1863/300000 [00:35<1:32:56, 53.47it/s]", "step": null, "ts": 1643511034.5985644}]}, "version": 385}
{"obj": {"type": "LogStrings", "path": ["monitoring", "stderr"], "values": [{"value": "\r  1%|          | 1869/300000 [00:35<1:33:20, 53.23it/s]", "step": null, "ts": 1643511034.7124472}]}, "version": 386}
{"obj": {"type": "LogStrings", "path": ["monitoring", "stderr"], "values": [{"value": "\r  1%|          | 1875/300000 [00:35<1:33:28, 53.16it/s]", "step": null, "ts": 1643511034.8256912}]}, "version": 387}
{"obj": {"type": "LogStrings", "path": ["monitoring", "stderr"], "values": [{"value": "\r  1%|          | 1881/300000 [00:35<1:33:28, 53.15it/s]", "step": null, "ts": 1643511034.938584}]}, "version": 388}
{"obj": {"type": "LogStrings", "path": ["monitoring", "stderr"], "values": [{"value": "\r  1%|          | 1887/300000 [00:35<1:33:31, 53.13it/s]", "step": null, "ts": 1643511035.051628}]}, "version": 389}
{"obj": {"type": "LogStrings", "path": ["monitoring", "stderr"], "values": [{"value": "\r  1%|          | 1893/300000 [00:35<1:34:02, 52.83it/s]", "step": null, "ts": 1643511035.1666675}]}, "version": 390}
{"obj": {"type": "LogStrings", "path": ["monitoring", "stderr"], "values": [{"value": "\r  1%|          | 1899/300000 [00:36<1:33:50, 52.94it/s]", "step": null, "ts": 1643511035.279455}]}, "version": 391}
{"obj": {"type": "LogStrings", "path": ["monitoring", "stderr"], "values": [{"value": "\r  1%|          | 1905/300000 [00:36<1:33:39, 53.04it/s]", "step": null, "ts": 1643511035.3921528}]}, "version": 392}
{"obj": {"type": "LogStrings", "path": ["monitoring", "stderr"], "values": [{"value": "\r  1%|          | 1911/300000 [00:36<1:33:54, 52.90it/s]", "step": null, "ts": 1643511035.506182}]}, "version": 393}
{"obj": {"type": "LogStrings", "path": ["monitoring", "stderr"], "values": [{"value": "\r  1%|          | 1917/300000 [00:36<1:34:36, 52.51it/s]", "step": null, "ts": 1643511035.6223974}]}, "version": 394}
{"obj": {"type": "LogStrings", "path": ["monitoring", "stderr"], "values": [{"value": "\r  1%|          | 1923/300000 [00:36<1:34:21, 52.65it/s]", "step": null, "ts": 1643511035.7356975}]}, "version": 395}
{"obj": {"type": "LogStrings", "path": ["monitoring", "stderr"], "values": [{"value": "\r  1%|          | 1929/300000 [00:36<1:34:24, 52.62it/s]", "step": null, "ts": 1643511035.8498561}]}, "version": 396}
{"obj": {"type": "LogStrings", "path": ["monitoring", "stderr"], "values": [{"value": "\r  1%|          | 1935/300000 [00:36<1:35:16, 52.15it/s]", "step": null, "ts": 1643511035.9673417}]}, "version": 397}
{"obj": {"type": "LogStrings", "path": ["monitoring", "stderr"], "values": [{"value": "\r  1%|          | 1941/300000 [00:36<1:34:48, 52.40it/s]", "step": null, "ts": 1643511036.0805597}]}, "version": 398}
{"obj": {"type": "LogStrings", "path": ["monitoring", "stderr"], "values": [{"value": "\r  1%|          | 1947/300000 [00:36<1:34:29, 52.58it/s]", "step": null, "ts": 1643511036.1938188}]}, "version": 399}
{"obj": {"type": "LogStrings", "path": ["monitoring", "stderr"], "values": [{"value": "\r  1%|          | 1953/300000 [00:37<1:35:05, 52.24it/s]", "step": null, "ts": 1643511036.3103404}]}, "version": 400}
{"obj": {"type": "LogStrings", "path": ["monitoring", "stderr"], "values": [{"value": "\r  1%|          | 1959/300000 [00:37<1:35:02, 52.27it/s]", "step": null, "ts": 1643511036.424987}]}, "version": 401}
{"obj": {"type": "LogStrings", "path": ["monitoring", "stderr"], "values": [{"value": "\r  1%|          | 1965/300000 [00:37<1:34:45, 52.42it/s]", "step": null, "ts": 1643511036.538656}]}, "version": 402}
{"obj": {"type": "LogStrings", "path": ["monitoring", "stderr"], "values": [{"value": "\r  1%|          | 1971/300000 [00:37<1:34:07, 52.77it/s]", "step": null, "ts": 1643511036.6505816}]}, "version": 403}
{"obj": {"type": "LogStrings", "path": ["monitoring", "stderr"], "values": [{"value": "\r  1%|          | 1977/300000 [00:37<1:33:54, 52.89it/s]", "step": null, "ts": 1643511036.7635586}]}, "version": 404}
{"obj": {"type": "LogStrings", "path": ["monitoring", "stderr"], "values": [{"value": "\r  1%|          | 1983/300000 [00:37<1:33:34, 53.08it/s]", "step": null, "ts": 1643511036.8755553}]}, "version": 405}
{"obj": {"type": "LogStrings", "path": ["monitoring", "stderr"], "values": [{"value": "\r  1%|          | 1989/300000 [00:37<1:33:26, 53.15it/s]", "step": null, "ts": 1643511036.9880643}]}, "version": 406}
{"obj": {"type": "LogStrings", "path": ["monitoring", "stderr"], "values": [{"value": "\r  1%|          | 1995/300000 [00:37<1:33:32, 53.09it/s]", "step": null, "ts": 1643511037.1013572}]}, "version": 407}
{"obj": {"type": "LogStrings", "path": ["monitoring", "stderr"], "values": [{"value": "", "step": null, "ts": 1643511041.0908756}]}, "version": 408}
{"obj": {"type": "LogStrings", "path": ["monitoring", "stderr"], "values": [{"value": "Warning: string series 'monitoring/stdout' value was longer than 1000 characters and was truncated. This warning is printed only once per series.\n", "step": null, "ts": 1643511041.0912392}]}, "version": 409}
{"obj": {"type": "LogStrings", "path": ["monitoring", "stdout"], "values": [{"value": "Transition(obs=(tensor([ 0.9726, -0.0493, -0.8834, -0.8033,  0.7645,  0.9117, -0.2326, -0.9988,\n         0.4687, -0.5956, -0.6446, -0.4109,  0.0049, -0.0091,  0.0147, -0.0122,\n         0.0155,  0.0517,  0.3690, -0.4187,  0.9570, -0.6844,  0.5936,  0.2266,\n         0.3577,  0.0372,  0.0764,  0.0402,  0.0955,  0.6934, -0.2207, -1.5463,\n        -0.0847,  1.4947,  0.6537, -1.7551,  0.3059,  0.0085, -0.0072,  0.9398,\n         0.0000,  0.0000,  0.3346, -0.9424, -0.3605,  0.4115, -0.0172],\n       device='cuda:0', dtype=torch.float64), tensor([ 9.5841e-01, -1.2329e-01, -8.0918e-01, -6.9869e-01,  3.9777e-01,\n         3.3741e-01, -2.8540e-01, -9.9237e-01,  5.8756e-01, -7.1542e-01,\n        -9.1749e-01, -9.4136e-01, -5.5363e-03, -4.7579e-03, -5.9794e-04,\n        -6.6729e-03,  2.8323e-02,  4.2668e-02,  3.9361e-01, -5.6171e-01,\n         9.2281e-01, -9.2877e-01,  3.0931e-01,  2.7868e-02,  2.0235e-01,\n         1.4075e-02,  6.7876e-02,  6.3488e-02,  2.7051e-01,  1.2234e+00,\n        -3.7315e-01, -4.9196", "step": null, "ts": 1643511041.0908127}]}, "version": 410}
{"obj": {"type": "LogStrings", "path": ["monitoring", "stdout"], "values": [{"value": "\n", "step": null, "ts": 1643511041.0917456}]}, "version": 411}
{"obj": {"type": "LogStrings", "path": ["monitoring", "stderr"], "values": [{"value": "", "step": null, "ts": 1643511041.109208}]}, "version": 412}
{"obj": {"type": "LogStrings", "path": ["monitoring", "stderr"], "values": [{"value": "\r  1%|          | 2000/300000 [00:41<1:44:04, 47.72it/s]", "step": null, "ts": 1643511041.1094782}]}, "version": 413}
{"obj": {"type": "LogStrings", "path": ["monitoring", "stderr"], "values": [{"value": "\n", "step": null, "ts": 1643511041.1101394}]}, "version": 414}
{"obj": {"type": "LogFloats", "path": ["monitoring", "cpu"], "values": [{"value": 15.3, "step": null, "ts": 1643511042.8159952}]}, "version": 415}
{"obj": {"type": "LogFloats", "path": ["monitoring", "memory"], "values": [{"value": 11.768135070800781, "step": null, "ts": 1643511042.8159952}]}, "version": 416}
{"obj": {"type": "LogFloats", "path": ["monitoring", "gpu_memory"], "values": [{"value": 1.134765625, "step": null, "ts": 1643511042.8159952}]}, "version": 417}
{"obj": {"type": "LogFloats", "path": ["monitoring", "cpu"], "values": [{"value": 10.0, "step": null, "ts": 1643511052.8168514}]}, "version": 418}
{"obj": {"type": "LogFloats", "path": ["monitoring", "memory"], "values": [{"value": 11.693870544433594, "step": null, "ts": 1643511052.8168514}]}, "version": 419}
{"obj": {"type": "LogFloats", "path": ["monitoring", "gpu_memory"], "values": [{"value": 1.134765625, "step": null, "ts": 1643511052.8168514}]}, "version": 420}
{"obj": {"type": "LogFloats", "path": ["monitoring", "cpu"], "values": [{"value": 4.4, "step": null, "ts": 1643511062.8200178}]}, "version": 421}
{"obj": {"type": "LogFloats", "path": ["monitoring", "memory"], "values": [{"value": 11.734840393066406, "step": null, "ts": 1643511062.8200178}]}, "version": 422}
{"obj": {"type": "LogFloats", "path": ["monitoring", "gpu_memory"], "values": [{"value": 1.134765625, "step": null, "ts": 1643511062.8200178}]}, "version": 423}
{"obj": {"type": "LogFloats", "path": ["monitoring", "cpu"], "values": [{"value": 6.0, "step": null, "ts": 1643511072.8208742}]}, "version": 424}
{"obj": {"type": "LogFloats", "path": ["monitoring", "memory"], "values": [{"value": 11.754337310791016, "step": null, "ts": 1643511072.8208742}]}, "version": 425}
{"obj": {"type": "LogFloats", "path": ["monitoring", "gpu_memory"], "values": [{"value": 1.134765625, "step": null, "ts": 1643511072.8208742}]}, "version": 426}
{"obj": {"type": "LogFloats", "path": ["monitoring", "cpu"], "values": [{"value": 7.9, "step": null, "ts": 1643511082.8217907}]}, "version": 427}
{"obj": {"type": "LogFloats", "path": ["monitoring", "memory"], "values": [{"value": 11.752410888671875, "step": null, "ts": 1643511082.8217907}]}, "version": 428}
{"obj": {"type": "LogFloats", "path": ["monitoring", "gpu_memory"], "values": [{"value": 1.134765625, "step": null, "ts": 1643511082.8217907}]}, "version": 429}
{"obj": {"type": "LogFloats", "path": ["monitoring", "cpu"], "values": [{"value": 2.5, "step": null, "ts": 1643511092.8227978}]}, "version": 430}
{"obj": {"type": "LogFloats", "path": ["monitoring", "memory"], "values": [{"value": 11.695610046386719, "step": null, "ts": 1643511092.8227978}]}, "version": 431}
{"obj": {"type": "LogFloats", "path": ["monitoring", "gpu_memory"], "values": [{"value": 1.134765625, "step": null, "ts": 1643511092.8227978}]}, "version": 432}
{"obj": {"type": "LogFloats", "path": ["monitoring", "cpu"], "values": [{"value": 6.9, "step": null, "ts": 1643511102.8237138}]}, "version": 433}
{"obj": {"type": "LogFloats", "path": ["monitoring", "memory"], "values": [{"value": 11.699420928955078, "step": null, "ts": 1643511102.8237138}]}, "version": 434}
{"obj": {"type": "LogFloats", "path": ["monitoring", "gpu"], "values": [{"value": 8.0, "step": null, "ts": 1643511102.8237138}]}, "version": 435}
{"obj": {"type": "LogFloats", "path": ["monitoring", "gpu_memory"], "values": [{"value": 1.134765625, "step": null, "ts": 1643511102.8237138}]}, "version": 436}
{"obj": {"type": "LogFloats", "path": ["monitoring", "cpu"], "values": [{"value": 4.9, "step": null, "ts": 1643511112.8245747}]}, "version": 437}
{"obj": {"type": "LogFloats", "path": ["monitoring", "memory"], "values": [{"value": 11.703636169433594, "step": null, "ts": 1643511112.8245747}]}, "version": 438}
{"obj": {"type": "LogFloats", "path": ["monitoring", "gpu_memory"], "values": [{"value": 1.134765625, "step": null, "ts": 1643511112.8245747}]}, "version": 439}
{"obj": {"type": "LogFloats", "path": ["monitoring", "cpu"], "values": [{"value": 2.2, "step": null, "ts": 1643511122.8254077}]}, "version": 440}
{"obj": {"type": "LogFloats", "path": ["monitoring", "memory"], "values": [{"value": 11.678184509277344, "step": null, "ts": 1643511122.8254077}]}, "version": 441}
{"obj": {"type": "LogFloats", "path": ["monitoring", "gpu_memory"], "values": [{"value": 1.134765625, "step": null, "ts": 1643511122.8254077}]}, "version": 442}
{"obj": {"type": "LogFloats", "path": ["monitoring", "cpu"], "values": [{"value": 5.3, "step": null, "ts": 1643511132.8262167}]}, "version": 443}
{"obj": {"type": "LogFloats", "path": ["monitoring", "memory"], "values": [{"value": 11.687080383300781, "step": null, "ts": 1643511132.8262167}]}, "version": 444}
{"obj": {"type": "LogFloats", "path": ["monitoring", "gpu"], "values": [{"value": 25.0, "step": null, "ts": 1643511132.8262167}]}, "version": 445}
{"obj": {"type": "LogFloats", "path": ["monitoring", "gpu_memory"], "values": [{"value": 1.134765625, "step": null, "ts": 1643511132.8262167}]}, "version": 446}
{"obj": {"type": "LogFloats", "path": ["monitoring", "cpu"], "values": [{"value": 3.8, "step": null, "ts": 1643511142.8294566}]}, "version": 447}
{"obj": {"type": "LogFloats", "path": ["monitoring", "memory"], "values": [{"value": 11.69015884399414, "step": null, "ts": 1643511142.8294566}]}, "version": 448}
{"obj": {"type": "LogFloats", "path": ["monitoring", "gpu_memory"], "values": [{"value": 1.134765625, "step": null, "ts": 1643511142.8294566}]}, "version": 449}
{"obj": {"type": "LogFloats", "path": ["monitoring", "cpu"], "values": [{"value": 2.2, "step": null, "ts": 1643511152.8302665}]}, "version": 450}
{"obj": {"type": "LogFloats", "path": ["monitoring", "memory"], "values": [{"value": 11.696308135986328, "step": null, "ts": 1643511152.8302665}]}, "version": 451}
{"obj": {"type": "LogFloats", "path": ["monitoring", "gpu"], "values": [{"value": 1.0, "step": null, "ts": 1643511152.8302665}]}, "version": 452}
{"obj": {"type": "LogFloats", "path": ["monitoring", "gpu_memory"], "values": [{"value": 1.134765625, "step": null, "ts": 1643511152.8302665}]}, "version": 453}
{"obj": {"type": "LogFloats", "path": ["monitoring", "cpu"], "values": [{"value": 3.6, "step": null, "ts": 1643511162.8315072}]}, "version": 454}
{"obj": {"type": "LogFloats", "path": ["monitoring", "memory"], "values": [{"value": 11.708465576171875, "step": null, "ts": 1643511162.8315072}]}, "version": 455}
{"obj": {"type": "LogFloats", "path": ["monitoring", "gpu_memory"], "values": [{"value": 1.134765625, "step": null, "ts": 1643511162.8315072}]}, "version": 456}
{"obj": {"type": "LogFloats", "path": ["monitoring", "cpu"], "values": [{"value": 4.4, "step": null, "ts": 1643511172.832539}]}, "version": 457}
{"obj": {"type": "LogFloats", "path": ["monitoring", "memory"], "values": [{"value": 11.764026641845703, "step": null, "ts": 1643511172.832539}]}, "version": 458}
{"obj": {"type": "LogFloats", "path": ["monitoring", "gpu"], "values": [{"value": 2.0, "step": null, "ts": 1643511172.832539}]}, "version": 459}
{"obj": {"type": "LogFloats", "path": ["monitoring", "gpu_memory"], "values": [{"value": 1.134765625, "step": null, "ts": 1643511172.832539}]}, "version": 460}
{"obj": {"type": "LogFloats", "path": ["monitoring", "cpu"], "values": [{"value": 8.4, "step": null, "ts": 1643511182.8336234}]}, "version": 461}
{"obj": {"type": "LogFloats", "path": ["monitoring", "memory"], "values": [{"value": 11.71343994140625, "step": null, "ts": 1643511182.8336234}]}, "version": 462}
{"obj": {"type": "LogFloats", "path": ["monitoring", "gpu_memory"], "values": [{"value": 1.134765625, "step": null, "ts": 1643511182.8336234}]}, "version": 463}
{"obj": {"type": "LogFloats", "path": ["monitoring", "cpu"], "values": [{"value": 12.4, "step": null, "ts": 1643511192.8346255}]}, "version": 464}
{"obj": {"type": "LogFloats", "path": ["monitoring", "memory"], "values": [{"value": 11.747753143310547, "step": null, "ts": 1643511192.8346255}]}, "version": 465}
{"obj": {"type": "LogFloats", "path": ["monitoring", "gpu"], "values": [{"value": 28.0, "step": null, "ts": 1643511192.8346255}]}, "version": 466}
{"obj": {"type": "LogFloats", "path": ["monitoring", "gpu_memory"], "values": [{"value": 1.134765625, "step": null, "ts": 1643511192.8346255}]}, "version": 467}
{"obj": {"type": "LogFloats", "path": ["monitoring", "cpu"], "values": [{"value": 5.5, "step": null, "ts": 1643511202.8357487}]}, "version": 468}
{"obj": {"type": "LogFloats", "path": ["monitoring", "memory"], "values": [{"value": 11.739654541015625, "step": null, "ts": 1643511202.8357487}]}, "version": 469}
{"obj": {"type": "LogFloats", "path": ["monitoring", "gpu_memory"], "values": [{"value": 1.134765625, "step": null, "ts": 1643511202.8357487}]}, "version": 470}
{"obj": {"type": "LogFloats", "path": ["monitoring", "cpu"], "values": [{"value": 4.7, "step": null, "ts": 1643511212.836683}]}, "version": 471}
{"obj": {"type": "LogFloats", "path": ["monitoring", "memory"], "values": [{"value": 11.771705627441406, "step": null, "ts": 1643511212.836683}]}, "version": 472}
{"obj": {"type": "LogFloats", "path": ["monitoring", "gpu_memory"], "values": [{"value": 1.134765625, "step": null, "ts": 1643511212.836683}]}, "version": 473}
{"obj": {"type": "LogFloats", "path": ["monitoring", "cpu"], "values": [{"value": 2.7, "step": null, "ts": 1643511222.837687}]}, "version": 474}
{"obj": {"type": "LogFloats", "path": ["monitoring", "memory"], "values": [{"value": 11.756446838378906, "step": null, "ts": 1643511222.837687}]}, "version": 475}
{"obj": {"type": "LogFloats", "path": ["monitoring", "gpu_memory"], "values": [{"value": 1.134765625, "step": null, "ts": 1643511222.837687}]}, "version": 476}
{"obj": {"type": "LogFloats", "path": ["monitoring", "cpu"], "values": [{"value": 8.3, "step": null, "ts": 1643511232.8385763}]}, "version": 477}
{"obj": {"type": "LogFloats", "path": ["monitoring", "memory"], "values": [{"value": 11.782440185546875, "step": null, "ts": 1643511232.8385763}]}, "version": 478}
{"obj": {"type": "LogFloats", "path": ["monitoring", "gpu_memory"], "values": [{"value": 1.134765625, "step": null, "ts": 1643511232.8385763}]}, "version": 479}
{"obj": {"type": "LogFloats", "path": ["monitoring", "cpu"], "values": [{"value": 6.8, "step": null, "ts": 1643511242.8395274}]}, "version": 480}
{"obj": {"type": "LogFloats", "path": ["monitoring", "memory"], "values": [{"value": 11.814830780029297, "step": null, "ts": 1643511242.8395274}]}, "version": 481}
{"obj": {"type": "LogFloats", "path": ["monitoring", "gpu_memory"], "values": [{"value": 1.134765625, "step": null, "ts": 1643511242.8395274}]}, "version": 482}
{"obj": {"type": "LogFloats", "path": ["monitoring", "cpu"], "values": [{"value": 5.7, "step": null, "ts": 1643511252.840642}]}, "version": 483}
{"obj": {"type": "LogFloats", "path": ["monitoring", "memory"], "values": [{"value": 11.81243896484375, "step": null, "ts": 1643511252.840642}]}, "version": 484}
{"obj": {"type": "LogFloats", "path": ["monitoring", "gpu_memory"], "values": [{"value": 1.134765625, "step": null, "ts": 1643511252.840642}]}, "version": 485}
{"obj": {"type": "LogFloats", "path": ["monitoring", "cpu"], "values": [{"value": 9.6, "step": null, "ts": 1643511262.841505}]}, "version": 486}
{"obj": {"type": "LogFloats", "path": ["monitoring", "memory"], "values": [{"value": 11.775089263916016, "step": null, "ts": 1643511262.841505}]}, "version": 487}
{"obj": {"type": "LogFloats", "path": ["monitoring", "gpu"], "values": [{"value": 1.0, "step": null, "ts": 1643511262.841505}]}, "version": 488}
{"obj": {"type": "LogFloats", "path": ["monitoring", "gpu_memory"], "values": [{"value": 1.134765625, "step": null, "ts": 1643511262.841505}]}, "version": 489}
{"obj": {"type": "LogFloats", "path": ["monitoring", "cpu"], "values": [{"value": 2.1, "step": null, "ts": 1643511272.8423803}]}, "version": 490}
{"obj": {"type": "LogFloats", "path": ["monitoring", "memory"], "values": [{"value": 11.751091003417969, "step": null, "ts": 1643511272.8423803}]}, "version": 491}
{"obj": {"type": "LogFloats", "path": ["monitoring", "gpu_memory"], "values": [{"value": 1.134765625, "step": null, "ts": 1643511272.8423803}]}, "version": 492}
{"obj": {"type": "LogFloats", "path": ["monitoring", "cpu"], "values": [{"value": 3.1, "step": null, "ts": 1643511282.8435903}]}, "version": 493}
{"obj": {"type": "LogFloats", "path": ["monitoring", "memory"], "values": [{"value": 11.767654418945312, "step": null, "ts": 1643511282.8435903}]}, "version": 494}
{"obj": {"type": "LogFloats", "path": ["monitoring", "gpu"], "values": [{"value": 2.0, "step": null, "ts": 1643511282.8435903}]}, "version": 495}
{"obj": {"type": "LogFloats", "path": ["monitoring", "gpu_memory"], "values": [{"value": 1.134765625, "step": null, "ts": 1643511282.8435903}]}, "version": 496}
{"obj": {"type": "LogFloats", "path": ["monitoring", "cpu"], "values": [{"value": 4.3, "step": null, "ts": 1643511292.844615}]}, "version": 497}
{"obj": {"type": "LogFloats", "path": ["monitoring", "memory"], "values": [{"value": 11.764251708984375, "step": null, "ts": 1643511292.844615}]}, "version": 498}
{"obj": {"type": "LogFloats", "path": ["monitoring", "gpu"], "values": [{"value": 13.0, "step": null, "ts": 1643511292.844615}]}, "version": 499}
{"obj": {"type": "LogFloats", "path": ["monitoring", "gpu_memory"], "values": [{"value": 1.134765625, "step": null, "ts": 1643511292.844615}]}, "version": 500}
{"obj": {"type": "LogStrings", "path": ["monitoring", "stdout"], "values": [{"value": "Shutting down background jobs, please wait a moment...\n", "step": null, "ts": 1643511295.7626128}]}, "version": 501}
