{"obj": {"type": "AssignString", "path": ["sys", "name"], "value": "Untitled"}, "version": 1}
{"obj": {"type": "AssignString", "path": ["sys", "description"], "value": ""}, "version": 2}
{"obj": {"type": "AssignString", "path": ["sys", "hostname"], "value": "xhnfly-Strix-GL504GS-S5CS"}, "version": 3}
{"obj": {"type": "AssignBool", "path": ["sys", "failed"], "value": false}, "version": 4}
{"obj": {"type": "ClearStringLog", "path": ["monitoring", "stdout"]}, "version": 5}
{"obj": {"type": "ClearStringLog", "path": ["monitoring", "stderr"]}, "version": 6}
{"obj": {"type": "ConfigFloatSeries", "path": ["monitoring", "cpu"], "min": 0.0, "max": 100.0, "unit": "%"}, "version": 7}
{"obj": {"type": "ClearFloatLog", "path": ["monitoring", "cpu"]}, "version": 8}
{"obj": {"type": "ConfigFloatSeries", "path": ["monitoring", "memory"], "min": 0.0, "max": 31.287979125976562, "unit": "GB"}, "version": 9}
{"obj": {"type": "ClearFloatLog", "path": ["monitoring", "memory"]}, "version": 10}
{"obj": {"type": "ConfigFloatSeries", "path": ["monitoring", "gpu"], "min": 0.0, "max": 100.0, "unit": "%"}, "version": 11}
{"obj": {"type": "ClearFloatLog", "path": ["monitoring", "gpu"]}, "version": 12}
{"obj": {"type": "ConfigFloatSeries", "path": ["monitoring", "gpu_memory"], "min": 0.0, "max": 7.9210205078125, "unit": "GB"}, "version": 13}
{"obj": {"type": "ClearFloatLog", "path": ["monitoring", "gpu_memory"]}, "version": 14}
{"obj": {"type": "LogStrings", "path": ["monitoring", "stdout"], "values": [{"value": "", "step": null, "ts": 1643463397.3806984}]}, "version": 15}
{"obj": {"type": "LogStrings", "path": ["monitoring", "stdout"], "values": [{"value": "Remember to stop your run once you\u2019ve finished logging your metadata (https://docs.neptune.ai/api-reference/run#.stop). It will be stopped automatically only when the notebook kernel/interactive console is terminated.\n", "step": null, "ts": 1643463397.3816607}]}, "version": 16}
{"obj": {"type": "LogFloats", "path": ["monitoring", "cpu"], "values": [{"value": 24.4, "step": null, "ts": 1643463397.3767056}]}, "version": 17}
{"obj": {"type": "LogFloats", "path": ["monitoring", "memory"], "values": [{"value": 21.390148162841797, "step": null, "ts": 1643463397.3767056}]}, "version": 18}
{"obj": {"type": "LogFloats", "path": ["monitoring", "gpu"], "values": [{"value": 1.0, "step": null, "ts": 1643463397.3767056}]}, "version": 19}
{"obj": {"type": "LogFloats", "path": ["monitoring", "gpu_memory"], "values": [{"value": 0.208740234375, "step": null, "ts": 1643463397.3767056}]}, "version": 20}
{"obj": {"type": "LogStrings", "path": ["monitoring", "stdout"], "values": [{"value": "device = ", "step": null, "ts": 1643463401.360718}]}, "version": 21}
{"obj": {"type": "LogStrings", "path": ["monitoring", "stdout"], "values": [{"value": " ", "step": null, "ts": 1643463401.3610234}]}, "version": 22}
{"obj": {"type": "LogStrings", "path": ["monitoring", "stdout"], "values": [{"value": "cuda", "step": null, "ts": 1643463401.36112}]}, "version": 23}
{"obj": {"type": "LogStrings", "path": ["monitoring", "stdout"], "values": [{"value": "\n", "step": null, "ts": 1643463401.361197}]}, "version": 24}
{"obj": {"type": "AssignFloat", "path": ["parameters", "dropout"], "value": 0.2}, "version": 25}
{"obj": {"type": "AssignFloat", "path": ["parameters", "learning_rate"], "value": 0.001}, "version": 26}
{"obj": {"type": "AssignString", "path": ["parameters", "optimizer"], "value": "Adam"}, "version": 27}
{"obj": {"type": "AssignInt", "path": ["parameters", "hid"], "value": 512}, "version": 28}
{"obj": {"type": "AssignInt", "path": ["parameters", "l"], "value": 3}, "version": 29}
{"obj": {"type": "AssignInt", "path": ["parameters", "seed"], "value": 0}, "version": 30}
{"obj": {"type": "AssignInt", "path": ["parameters", "steps_per_epoch"], "value": 3000}, "version": 31}
{"obj": {"type": "AssignInt", "path": ["parameters", "steps_video"], "value": 30000}, "version": 32}
{"obj": {"type": "AssignInt", "path": ["parameters", "epochs"], "value": 100}, "version": 33}
{"obj": {"type": "AssignInt", "path": ["parameters", "replay_size"], "value": 10000000}, "version": 34}
{"obj": {"type": "AssignFloat", "path": ["parameters", "gamma"], "value": 0.99}, "version": 35}
{"obj": {"type": "AssignFloat", "path": ["parameters", "polyak"], "value": 0.995}, "version": 36}
{"obj": {"type": "AssignFloat", "path": ["parameters", "pi_lr"], "value": 0.0001}, "version": 37}
{"obj": {"type": "AssignFloat", "path": ["parameters", "q_lr"], "value": 0.0001}, "version": 38}
{"obj": {"type": "AssignInt", "path": ["parameters", "batch_size"], "value": 1000}, "version": 39}
{"obj": {"type": "AssignInt", "path": ["parameters", "start_steps"], "value": 1000}, "version": 40}
{"obj": {"type": "AssignInt", "path": ["parameters", "update_after"], "value": 2000}, "version": 41}
{"obj": {"type": "AssignInt", "path": ["parameters", "update_every"], "value": 100}, "version": 42}
{"obj": {"type": "AssignFloat", "path": ["parameters", "act_noise"], "value": 0.01}, "version": 43}
{"obj": {"type": "AssignInt", "path": ["parameters", "num_test_episodes"], "value": 1}, "version": 44}
{"obj": {"type": "AssignInt", "path": ["parameters", "max_ep_len"], "value": 1000}, "version": 45}
{"obj": {"type": "LogStrings", "path": ["monitoring", "stdout"], "values": [{"value": "obs_dim = ", "step": null, "ts": 1643463401.517198}]}, "version": 46}
{"obj": {"type": "LogStrings", "path": ["monitoring", "stdout"], "values": [{"value": " ", "step": null, "ts": 1643463401.517424}]}, "version": 47}
{"obj": {"type": "LogStrings", "path": ["monitoring", "stdout"], "values": [{"value": "47", "step": null, "ts": 1643463401.5175097}]}, "version": 48}
{"obj": {"type": "LogStrings", "path": ["monitoring", "stdout"], "values": [{"value": "\n", "step": null, "ts": 1643463401.5175896}]}, "version": 49}
{"obj": {"type": "LogStrings", "path": ["monitoring", "stdout"], "values": [{"value": "act_dim = ", "step": null, "ts": 1643463401.5178778}]}, "version": 50}
{"obj": {"type": "LogStrings", "path": ["monitoring", "stdout"], "values": [{"value": " ", "step": null, "ts": 1643463401.5180068}]}, "version": 51}
{"obj": {"type": "LogStrings", "path": ["monitoring", "stdout"], "values": [{"value": "7", "step": null, "ts": 1643463401.518131}]}, "version": 52}
{"obj": {"type": "LogStrings", "path": ["monitoring", "stdout"], "values": [{"value": "\n", "step": null, "ts": 1643463401.518263}]}, "version": 53}
{"obj": {"type": "LogStrings", "path": ["monitoring", "stdout"], "values": [{"value": "act_limit = ", "step": null, "ts": 1643463401.5184746}]}, "version": 54}
{"obj": {"type": "LogStrings", "path": ["monitoring", "stdout"], "values": [{"value": " ", "step": null, "ts": 1643463401.518681}]}, "version": 55}
{"obj": {"type": "LogStrings", "path": ["monitoring", "stdout"], "values": [{"value": "1", "step": null, "ts": 1643463401.5188649}]}, "version": 56}
{"obj": {"type": "LogStrings", "path": ["monitoring", "stdout"], "values": [{"value": "\n", "step": null, "ts": 1643463401.5190334}]}, "version": 57}
{"obj": {"type": "LogStrings", "path": ["monitoring", "stderr"], "values": [{"value": "\r  0%|          | 0/300000 [00:00<?, ?it/s]", "step": null, "ts": 1643463404.2292452}]}, "version": 58}
{"obj": {"type": "LogStrings", "path": ["monitoring", "stderr"], "values": [{"value": "\r  0%|          | 2/300000 [00:00<4:47:56, 17.36it/s]", "step": null, "ts": 1643463404.345168}]}, "version": 59}
{"obj": {"type": "LogStrings", "path": ["monitoring", "stderr"], "values": [{"value": "\r  0%|          | 7/300000 [00:00<2:34:35, 32.34it/s]", "step": null, "ts": 1643463404.462367}]}, "version": 60}
{"obj": {"type": "LogStrings", "path": ["monitoring", "stderr"], "values": [{"value": "\r  0%|          | 13/300000 [00:00<1:59:05, 41.98it/s]", "step": null, "ts": 1643463404.5735989}]}, "version": 61}
{"obj": {"type": "LogStrings", "path": ["monitoring", "stderr"], "values": [{"value": "\r  0%|          | 19/300000 [00:00<1:47:00, 46.73it/s]", "step": null, "ts": 1643463404.6840827}]}, "version": 62}
{"obj": {"type": "LogStrings", "path": ["monitoring", "stderr"], "values": [{"value": "\r  0%|          | 25/300000 [00:00<1:44:07, 48.02it/s]", "step": null, "ts": 1643463404.8037136}]}, "version": 63}
{"obj": {"type": "LogStrings", "path": ["monitoring", "stderr"], "values": [{"value": "\r  0%|          | 31/300000 [00:00<1:41:26, 49.28it/s]", "step": null, "ts": 1643463404.9196851}]}, "version": 64}
{"obj": {"type": "LogStrings", "path": ["monitoring", "stderr"], "values": [{"value": "\r  0%|          | 37/300000 [00:00<1:39:03, 50.47it/s]", "step": null, "ts": 1643463405.032994}]}, "version": 65}
{"obj": {"type": "LogStrings", "path": ["monitoring", "stderr"], "values": [{"value": "\r  0%|          | 43/300000 [00:00<1:36:38, 51.73it/s]", "step": null, "ts": 1643463405.1429803}]}, "version": 66}
{"obj": {"type": "LogStrings", "path": ["monitoring", "stderr"], "values": [{"value": "\r  0%|          | 49/300000 [00:01<1:34:19, 53.00it/s]", "step": null, "ts": 1643463405.2502165}]}, "version": 67}
{"obj": {"type": "LogStrings", "path": ["monitoring", "stderr"], "values": [{"value": "\r  0%|          | 55/300000 [00:01<1:32:41, 53.93it/s]", "step": null, "ts": 1643463405.357196}]}, "version": 68}
{"obj": {"type": "LogStrings", "path": ["monitoring", "stderr"], "values": [{"value": "\r  0%|          | 61/300000 [00:01<1:31:10, 54.83it/s]", "step": null, "ts": 1643463405.4625669}]}, "version": 69}
{"obj": {"type": "LogStrings", "path": ["monitoring", "stderr"], "values": [{"value": "\r  0%|          | 67/300000 [00:01<1:30:30, 55.23it/s]", "step": null, "ts": 1643463405.5693693}]}, "version": 70}
{"obj": {"type": "LogStrings", "path": ["monitoring", "stderr"], "values": [{"value": "\r  0%|          | 73/300000 [00:01<1:30:26, 55.27it/s]", "step": null, "ts": 1643463405.6778083}]}, "version": 71}
{"obj": {"type": "LogStrings", "path": ["monitoring", "stderr"], "values": [{"value": "\r  0%|          | 79/300000 [00:01<1:30:36, 55.16it/s]", "step": null, "ts": 1643463405.7870517}]}, "version": 72}
{"obj": {"type": "LogStrings", "path": ["monitoring", "stderr"], "values": [{"value": "\r  0%|          | 85/300000 [00:01<1:31:02, 54.90it/s]", "step": null, "ts": 1643463405.89748}]}, "version": 73}
{"obj": {"type": "LogStrings", "path": ["monitoring", "stderr"], "values": [{"value": "\r  0%|          | 91/300000 [00:01<1:31:21, 54.71it/s]", "step": null, "ts": 1643463406.0080414}]}, "version": 74}
{"obj": {"type": "LogStrings", "path": ["monitoring", "stderr"], "values": [{"value": "\r  0%|          | 97/300000 [00:01<1:32:12, 54.21it/s]", "step": null, "ts": 1643463406.1210983}]}, "version": 75}
{"obj": {"type": "LogStrings", "path": ["monitoring", "stderr"], "values": [{"value": "\r  0%|          | 103/300000 [00:02<1:32:31, 54.02it/s]", "step": null, "ts": 1643463406.2330556}]}, "version": 76}
{"obj": {"type": "LogStrings", "path": ["monitoring", "stderr"], "values": [{"value": "\r  0%|          | 109/300000 [00:02<1:31:51, 54.41it/s]", "step": null, "ts": 1643463406.341471}]}, "version": 77}
{"obj": {"type": "LogStrings", "path": ["monitoring", "stderr"], "values": [{"value": "\r  0%|          | 115/300000 [00:02<1:31:18, 54.74it/s]", "step": null, "ts": 1643463406.4495075}]}, "version": 78}
{"obj": {"type": "LogStrings", "path": ["monitoring", "stderr"], "values": [{"value": "\r  0%|          | 121/300000 [00:02<1:30:42, 55.10it/s]", "step": null, "ts": 1643463406.5567663}]}, "version": 79}
{"obj": {"type": "LogStrings", "path": ["monitoring", "stderr"], "values": [{"value": "\r  0%|          | 127/300000 [00:02<1:30:00, 55.53it/s]", "step": null, "ts": 1643463406.6628718}]}, "version": 80}
{"obj": {"type": "LogStrings", "path": ["monitoring", "stderr"], "values": [{"value": "\r  0%|          | 133/300000 [00:02<1:29:50, 55.63it/s]", "step": null, "ts": 1643463406.7704296}]}, "version": 81}
{"obj": {"type": "LogStrings", "path": ["monitoring", "stderr"], "values": [{"value": "\r  0%|          | 139/300000 [00:02<1:29:15, 55.99it/s]", "step": null, "ts": 1643463406.8758106}]}, "version": 82}
{"obj": {"type": "LogStrings", "path": ["monitoring", "stderr"], "values": [{"value": "\r  0%|          | 145/300000 [00:02<1:29:02, 56.13it/s]", "step": null, "ts": 1643463406.982082}]}, "version": 83}
{"obj": {"type": "LogStrings", "path": ["monitoring", "stderr"], "values": [{"value": "\r  0%|          | 151/300000 [00:02<1:28:29, 56.48it/s]", "step": null, "ts": 1643463407.086797}]}, "version": 84}
{"obj": {"type": "LogStrings", "path": ["monitoring", "stderr"], "values": [{"value": "\r  0%|          | 157/300000 [00:02<1:28:02, 56.77it/s]", "step": null, "ts": 1643463407.1912181}]}, "version": 85}
{"obj": {"type": "LogStrings", "path": ["monitoring", "stderr"], "values": [{"value": "\r  0%|          | 163/300000 [00:03<1:27:59, 56.79it/s]", "step": null, "ts": 1643463407.2967386}]}, "version": 86}
{"obj": {"type": "LogFloats", "path": ["monitoring", "cpu"], "values": [{"value": 23.7, "step": null, "ts": 1643463407.3840272}]}, "version": 87}
{"obj": {"type": "LogFloats", "path": ["monitoring", "memory"], "values": [{"value": 25.246871948242188, "step": null, "ts": 1643463407.3840272}]}, "version": 88}
{"obj": {"type": "LogFloats", "path": ["monitoring", "gpu"], "values": [{"value": 6.0, "step": null, "ts": 1643463407.3840272}]}, "version": 89}
{"obj": {"type": "LogFloats", "path": ["monitoring", "gpu_memory"], "values": [{"value": 0.9149169921875, "step": null, "ts": 1643463407.3840272}]}, "version": 90}
{"obj": {"type": "LogStrings", "path": ["monitoring", "stderr"], "values": [{"value": "\r  0%|          | 169/300000 [00:03<1:28:46, 56.29it/s]", "step": null, "ts": 1643463407.4055598}]}, "version": 91}
{"obj": {"type": "LogStrings", "path": ["monitoring", "stderr"], "values": [{"value": "\r  0%|          | 175/300000 [00:03<1:29:29, 55.84it/s]", "step": null, "ts": 1643463407.5149868}]}, "version": 92}
{"obj": {"type": "LogStrings", "path": ["monitoring", "stderr"], "values": [{"value": "\r  0%|          | 181/300000 [00:03<1:29:51, 55.61it/s]", "step": null, "ts": 1643463407.6239116}]}, "version": 93}
{"obj": {"type": "LogStrings", "path": ["monitoring", "stderr"], "values": [{"value": "\r  0%|          | 187/300000 [00:03<1:29:06, 56.08it/s]", "step": null, "ts": 1643463407.72883}]}, "version": 94}
{"obj": {"type": "LogStrings", "path": ["monitoring", "stderr"], "values": [{"value": "\r  0%|          | 193/300000 [00:03<1:28:53, 56.21it/s]", "step": null, "ts": 1643463407.8349607}]}, "version": 95}
{"obj": {"type": "LogStrings", "path": ["monitoring", "stderr"], "values": [{"value": "\r  0%|          | 199/300000 [00:03<1:29:45, 55.67it/s]", "step": null, "ts": 1643463407.9451427}]}, "version": 96}
{"obj": {"type": "LogStrings", "path": ["monitoring", "stderr"], "values": [{"value": "\r  0%|          | 205/300000 [00:03<1:29:19, 55.94it/s]", "step": null, "ts": 1643463408.0511875}]}, "version": 97}
{"obj": {"type": "LogStrings", "path": ["monitoring", "stderr"], "values": [{"value": "\r  0%|          | 211/300000 [00:03<1:29:52, 55.59it/s]", "step": null, "ts": 1643463408.1607916}]}, "version": 98}
{"obj": {"type": "LogStrings", "path": ["monitoring", "stderr"], "values": [{"value": "\r  0%|          | 217/300000 [00:04<1:31:38, 54.52it/s]", "step": null, "ts": 1643463408.2757356}]}, "version": 99}
{"obj": {"type": "LogStrings", "path": ["monitoring", "stderr"], "values": [{"value": "\r  0%|          | 223/300000 [00:04<1:31:55, 54.35it/s]", "step": null, "ts": 1643463408.3869116}]}, "version": 100}
{"obj": {"type": "LogStrings", "path": ["monitoring", "stderr"], "values": [{"value": "\r  0%|          | 229/300000 [00:04<1:32:42, 53.89it/s]", "step": null, "ts": 1643463408.500454}]}, "version": 101}
{"obj": {"type": "LogStrings", "path": ["monitoring", "stderr"], "values": [{"value": "\r  0%|          | 235/300000 [00:04<1:32:33, 53.98it/s]", "step": null, "ts": 1643463408.611165}]}, "version": 102}
{"obj": {"type": "LogStrings", "path": ["monitoring", "stderr"], "values": [{"value": "\r  0%|          | 241/300000 [00:04<1:31:56, 54.34it/s]", "step": null, "ts": 1643463408.719881}]}, "version": 103}
{"obj": {"type": "LogStrings", "path": ["monitoring", "stderr"], "values": [{"value": "\r  0%|          | 247/300000 [00:04<1:32:28, 54.02it/s]", "step": null, "ts": 1643463408.8324597}]}, "version": 104}
{"obj": {"type": "LogStrings", "path": ["monitoring", "stderr"], "values": [{"value": "\r  0%|          | 253/300000 [00:04<1:32:00, 54.30it/s]", "step": null, "ts": 1643463408.9416165}]}, "version": 105}
{"obj": {"type": "LogStrings", "path": ["monitoring", "stderr"], "values": [{"value": "\r  0%|          | 259/300000 [00:04<1:32:38, 53.93it/s]", "step": null, "ts": 1643463409.0546663}]}, "version": 106}
{"obj": {"type": "LogStrings", "path": ["monitoring", "stderr"], "values": [{"value": "\r  0%|          | 265/300000 [00:04<1:32:43, 53.87it/s]", "step": null, "ts": 1643463409.1662996}]}, "version": 107}
{"obj": {"type": "LogStrings", "path": ["monitoring", "stderr"], "values": [{"value": "\r  0%|          | 271/300000 [00:05<1:32:40, 53.91it/s]", "step": null, "ts": 1643463409.277479}]}, "version": 108}
{"obj": {"type": "LogStrings", "path": ["monitoring", "stderr"], "values": [{"value": "\r  0%|          | 277/300000 [00:05<1:32:38, 53.92it/s]", "step": null, "ts": 1643463409.3886979}]}, "version": 109}
{"obj": {"type": "LogStrings", "path": ["monitoring", "stderr"], "values": [{"value": "\r  0%|          | 283/300000 [00:05<1:33:10, 53.62it/s]", "step": null, "ts": 1643463409.5020413}]}, "version": 110}
{"obj": {"type": "LogStrings", "path": ["monitoring", "stderr"], "values": [{"value": "\r  0%|          | 289/300000 [00:05<1:33:50, 53.23it/s]", "step": null, "ts": 1643463409.6166358}]}, "version": 111}
{"obj": {"type": "LogStrings", "path": ["monitoring", "stderr"], "values": [{"value": "\r  0%|          | 295/300000 [00:05<1:33:46, 53.27it/s]", "step": null, "ts": 1643463409.7291322}]}, "version": 112}
{"obj": {"type": "LogStrings", "path": ["monitoring", "stderr"], "values": [{"value": "\r  0%|          | 301/300000 [00:05<1:33:09, 53.62it/s]", "step": null, "ts": 1643463409.8393016}]}, "version": 113}
{"obj": {"type": "LogStrings", "path": ["monitoring", "stderr"], "values": [{"value": "\r  0%|          | 307/300000 [00:05<1:33:27, 53.44it/s]", "step": null, "ts": 1643463409.9524162}]}, "version": 114}
{"obj": {"type": "LogStrings", "path": ["monitoring", "stderr"], "values": [{"value": "\r  0%|          | 313/300000 [00:05<1:33:55, 53.18it/s]", "step": null, "ts": 1643463410.0665715}]}, "version": 115}
{"obj": {"type": "LogStrings", "path": ["monitoring", "stderr"], "values": [{"value": "\r  0%|          | 319/300000 [00:05<1:35:14, 52.45it/s]", "step": null, "ts": 1643463410.1846352}]}, "version": 116}
{"obj": {"type": "LogStrings", "path": ["monitoring", "stderr"], "values": [{"value": "\r  0%|          | 325/300000 [00:06<1:34:12, 53.01it/s]", "step": null, "ts": 1643463410.2949896}]}, "version": 117}
{"obj": {"type": "LogStrings", "path": ["monitoring", "stderr"], "values": [{"value": "\r  0%|          | 331/300000 [00:06<1:33:23, 53.48it/s]", "step": null, "ts": 1643463410.404859}]}, "version": 118}
{"obj": {"type": "LogStrings", "path": ["monitoring", "stderr"], "values": [{"value": "\r  0%|          | 337/300000 [00:06<1:32:32, 53.96it/s]", "step": null, "ts": 1643463410.5136793}]}, "version": 119}
{"obj": {"type": "LogStrings", "path": ["monitoring", "stderr"], "values": [{"value": "\r  0%|          | 343/300000 [00:06<1:31:05, 54.83it/s]", "step": null, "ts": 1643463410.6190202}]}, "version": 120}
{"obj": {"type": "LogStrings", "path": ["monitoring", "stderr"], "values": [{"value": "\r  0%|          | 349/300000 [00:06<1:30:09, 55.39it/s]", "step": null, "ts": 1643463410.7248461}]}, "version": 121}
{"obj": {"type": "LogStrings", "path": ["monitoring", "stderr"], "values": [{"value": "\r  0%|          | 355/300000 [00:06<1:29:33, 55.76it/s]", "step": null, "ts": 1643463410.8306937}]}, "version": 122}
{"obj": {"type": "LogStrings", "path": ["monitoring", "stderr"], "values": [{"value": "\r  0%|          | 361/300000 [00:06<1:29:21, 55.89it/s]", "step": null, "ts": 1643463410.9374712}]}, "version": 123}
{"obj": {"type": "LogStrings", "path": ["monitoring", "stderr"], "values": [{"value": "\r  0%|          | 367/300000 [00:06<1:29:52, 55.56it/s]", "step": null, "ts": 1643463411.0469244}]}, "version": 124}
{"obj": {"type": "LogStrings", "path": ["monitoring", "stderr"], "values": [{"value": "\r  0%|          | 373/300000 [00:06<1:29:39, 55.69it/s]", "step": null, "ts": 1643463411.1540697}]}, "version": 125}
{"obj": {"type": "LogStrings", "path": ["monitoring", "stderr"], "values": [{"value": "\r  0%|          | 379/300000 [00:07<1:29:28, 55.81it/s]", "step": null, "ts": 1643463411.2610333}]}, "version": 126}
{"obj": {"type": "LogStrings", "path": ["monitoring", "stderr"], "values": [{"value": "\r  0%|          | 385/300000 [00:07<1:30:20, 55.27it/s]", "step": null, "ts": 1643463411.3720698}]}, "version": 127}
{"obj": {"type": "LogStrings", "path": ["monitoring", "stderr"], "values": [{"value": "\r  0%|          | 391/300000 [00:07<1:31:15, 54.72it/s]", "step": null, "ts": 1643463411.4842553}]}, "version": 128}
{"obj": {"type": "LogStrings", "path": ["monitoring", "stderr"], "values": [{"value": "\r  0%|          | 397/300000 [00:07<1:31:12, 54.75it/s]", "step": null, "ts": 1643463411.5937068}]}, "version": 129}
{"obj": {"type": "LogStrings", "path": ["monitoring", "stderr"], "values": [{"value": "\r  0%|          | 403/300000 [00:07<1:30:42, 55.04it/s]", "step": null, "ts": 1643463411.7013497}]}, "version": 130}
{"obj": {"type": "LogStrings", "path": ["monitoring", "stderr"], "values": [{"value": "\r  0%|          | 409/300000 [00:07<1:30:20, 55.27it/s]", "step": null, "ts": 1643463411.8088796}]}, "version": 131}
{"obj": {"type": "LogStrings", "path": ["monitoring", "stderr"], "values": [{"value": "\r  0%|          | 415/300000 [00:07<1:31:41, 54.46it/s]", "step": null, "ts": 1643463411.9228506}]}, "version": 132}
{"obj": {"type": "LogStrings", "path": ["monitoring", "stderr"], "values": [{"value": "\r  0%|          | 421/300000 [00:07<1:32:45, 53.82it/s]", "step": null, "ts": 1643463412.037371}]}, "version": 133}
{"obj": {"type": "LogStrings", "path": ["monitoring", "stderr"], "values": [{"value": "\r  0%|          | 427/300000 [00:07<1:35:15, 52.41it/s]", "step": null, "ts": 1643463412.1588442}]}, "version": 134}
{"obj": {"type": "LogStrings", "path": ["monitoring", "stderr"], "values": [{"value": "\r  0%|          | 433/300000 [00:08<1:38:45, 50.55it/s]", "step": null, "ts": 1643463412.287392}]}, "version": 135}
{"obj": {"type": "LogStrings", "path": ["monitoring", "stderr"], "values": [{"value": "\r  0%|          | 439/300000 [00:08<1:41:54, 48.99it/s]", "step": null, "ts": 1643463412.418644}]}, "version": 136}
{"obj": {"type": "LogStrings", "path": ["monitoring", "stderr"], "values": [{"value": "\r  0%|          | 444/300000 [00:08<1:44:12, 47.91it/s]", "step": null, "ts": 1643463412.5295403}]}, "version": 137}
{"obj": {"type": "LogStrings", "path": ["monitoring", "stderr"], "values": [{"value": "\r  0%|          | 449/300000 [00:08<1:45:53, 47.15it/s]", "step": null, "ts": 1643463412.6400013}]}, "version": 138}
{"obj": {"type": "LogStrings", "path": ["monitoring", "stderr"], "values": [{"value": "\r  0%|          | 454/300000 [00:08<1:45:45, 47.21it/s]", "step": null, "ts": 1643463412.7455938}]}, "version": 139}
{"obj": {"type": "LogStrings", "path": ["monitoring", "stderr"], "values": [{"value": "\r  0%|          | 459/300000 [00:08<1:44:42, 47.68it/s]", "step": null, "ts": 1643463412.8478453}]}, "version": 140}
{"obj": {"type": "LogStrings", "path": ["monitoring", "stderr"], "values": [{"value": "\r  0%|          | 464/300000 [00:08<1:45:18, 47.40it/s]", "step": null, "ts": 1643463412.9547899}]}, "version": 141}
{"obj": {"type": "LogStrings", "path": ["monitoring", "stderr"], "values": [{"value": "\r  0%|          | 469/300000 [00:08<1:46:22, 46.93it/s]", "step": null, "ts": 1643463413.0640988}]}, "version": 142}
{"obj": {"type": "LogStrings", "path": ["monitoring", "stderr"], "values": [{"value": "\r  0%|          | 474/300000 [00:08<1:47:24, 46.48it/s]", "step": null, "ts": 1643463413.1739619}]}, "version": 143}
{"obj": {"type": "LogStrings", "path": ["monitoring", "stderr"], "values": [{"value": "\r  0%|          | 479/300000 [00:09<1:45:43, 47.22it/s]", "step": null, "ts": 1643463413.2758546}]}, "version": 144}
{"obj": {"type": "LogStrings", "path": ["monitoring", "stderr"], "values": [{"value": "\r  0%|          | 484/300000 [00:09<1:46:11, 47.01it/s]", "step": null, "ts": 1643463413.3833802}]}, "version": 145}
{"obj": {"type": "LogStrings", "path": ["monitoring", "stderr"], "values": [{"value": "\r  0%|          | 489/300000 [00:09<1:45:27, 47.34it/s]", "step": null, "ts": 1643463413.4872434}]}, "version": 146}
{"obj": {"type": "LogStrings", "path": ["monitoring", "stderr"], "values": [{"value": "\r  0%|          | 494/300000 [00:09<1:46:30, 46.86it/s]", "step": null, "ts": 1643463413.5964935}]}, "version": 147}
{"obj": {"type": "LogStrings", "path": ["monitoring", "stderr"], "values": [{"value": "\r  0%|          | 499/300000 [00:09<1:45:43, 47.21it/s]", "step": null, "ts": 1643463413.7005}]}, "version": 148}
{"obj": {"type": "LogStrings", "path": ["monitoring", "stderr"], "values": [{"value": "\r  0%|          | 504/300000 [00:09<1:45:11, 47.45it/s]", "step": null, "ts": 1643463413.8046155}]}, "version": 149}
{"obj": {"type": "LogStrings", "path": ["monitoring", "stderr"], "values": [{"value": "\r  0%|          | 510/300000 [00:09<1:41:30, 49.18it/s]", "step": null, "ts": 1643463413.9179847}]}, "version": 150}
{"obj": {"type": "LogStrings", "path": ["monitoring", "stderr"], "values": [{"value": "\r  0%|          | 516/300000 [00:09<1:37:33, 51.16it/s]", "step": null, "ts": 1643463414.0255413}]}, "version": 151}
{"obj": {"type": "LogStrings", "path": ["monitoring", "stderr"], "values": [{"value": "\r  0%|          | 522/300000 [00:09<1:34:46, 52.66it/s]", "step": null, "ts": 1643463414.1323957}]}, "version": 152}
{"obj": {"type": "LogStrings", "path": ["monitoring", "stderr"], "values": [{"value": "\r  0%|          | 528/300000 [00:10<1:32:53, 53.74it/s]", "step": null, "ts": 1643463414.2389004}]}, "version": 153}
{"obj": {"type": "LogStrings", "path": ["monitoring", "stderr"], "values": [{"value": "\r  0%|          | 534/300000 [00:10<1:31:38, 54.47it/s]", "step": null, "ts": 1643463414.3457108}]}, "version": 154}
{"obj": {"type": "LogStrings", "path": ["monitoring", "stderr"], "values": [{"value": "\r  0%|          | 540/300000 [00:10<1:30:41, 55.04it/s]", "step": null, "ts": 1643463414.45214}]}, "version": 155}
{"obj": {"type": "LogStrings", "path": ["monitoring", "stderr"], "values": [{"value": "\r  0%|          | 546/300000 [00:10<1:29:37, 55.69it/s]", "step": null, "ts": 1643463414.5569408}]}, "version": 156}
{"obj": {"type": "LogStrings", "path": ["monitoring", "stderr"], "values": [{"value": "\r  0%|          | 552/300000 [00:10<1:30:02, 55.43it/s]", "step": null, "ts": 1643463414.6663563}]}, "version": 157}
{"obj": {"type": "LogStrings", "path": ["monitoring", "stderr"], "values": [{"value": "\r  0%|          | 558/300000 [00:10<1:29:54, 55.51it/s]", "step": null, "ts": 1643463414.7741005}]}, "version": 158}
{"obj": {"type": "LogStrings", "path": ["monitoring", "stderr"], "values": [{"value": "\r  0%|          | 564/300000 [00:10<1:29:32, 55.74it/s]", "step": null, "ts": 1643463414.8807056}]}, "version": 159}
{"obj": {"type": "LogStrings", "path": ["monitoring", "stderr"], "values": [{"value": "\r  0%|          | 570/300000 [00:10<1:29:10, 55.96it/s]", "step": null, "ts": 1643463414.98692}]}, "version": 160}
{"obj": {"type": "LogStrings", "path": ["monitoring", "stderr"], "values": [{"value": "\r  0%|          | 576/300000 [00:10<1:28:13, 56.56it/s]", "step": null, "ts": 1643463415.0903542}]}, "version": 161}
{"obj": {"type": "LogStrings", "path": ["monitoring", "stderr"], "values": [{"value": "\r  0%|          | 582/300000 [00:10<1:27:19, 57.15it/s]", "step": null, "ts": 1643463415.1927977}]}, "version": 162}
{"obj": {"type": "LogStrings", "path": ["monitoring", "stderr"], "values": [{"value": "\r  0%|          | 588/300000 [00:11<1:26:46, 57.51it/s]", "step": null, "ts": 1643463415.2955995}]}, "version": 163}
{"obj": {"type": "LogStrings", "path": ["monitoring", "stderr"], "values": [{"value": "\r  0%|          | 594/300000 [00:11<1:27:05, 57.29it/s]", "step": null, "ts": 1643463415.4012363}]}, "version": 164}
{"obj": {"type": "LogStrings", "path": ["monitoring", "stderr"], "values": [{"value": "\r  0%|          | 600/300000 [00:11<1:26:05, 57.96it/s]", "step": null, "ts": 1643463415.5019484}]}, "version": 165}
{"obj": {"type": "LogStrings", "path": ["monitoring", "stderr"], "values": [{"value": "\r  0%|          | 606/300000 [00:11<1:26:21, 57.78it/s]", "step": null, "ts": 1643463415.606536}]}, "version": 166}
{"obj": {"type": "LogStrings", "path": ["monitoring", "stderr"], "values": [{"value": "\r  0%|          | 612/300000 [00:11<1:26:26, 57.72it/s]", "step": null, "ts": 1643463415.7107258}]}, "version": 167}
{"obj": {"type": "LogStrings", "path": ["monitoring", "stderr"], "values": [{"value": "\r  0%|          | 618/300000 [00:11<1:27:17, 57.16it/s]", "step": null, "ts": 1643463415.8181071}]}, "version": 168}
{"obj": {"type": "LogStrings", "path": ["monitoring", "stderr"], "values": [{"value": "\r  0%|          | 624/300000 [00:11<1:28:30, 56.37it/s]", "step": null, "ts": 1643463415.9279857}]}, "version": 169}
{"obj": {"type": "LogStrings", "path": ["monitoring", "stderr"], "values": [{"value": "\r  0%|          | 630/300000 [00:11<1:28:33, 56.34it/s]", "step": null, "ts": 1643463416.0345955}]}, "version": 170}
{"obj": {"type": "LogStrings", "path": ["monitoring", "stderr"], "values": [{"value": "\r  0%|          | 636/300000 [00:11<1:28:25, 56.42it/s]", "step": null, "ts": 1643463416.1405635}]}, "version": 171}
{"obj": {"type": "LogStrings", "path": ["monitoring", "stderr"], "values": [{"value": "\r  0%|          | 642/300000 [00:12<1:27:06, 57.27it/s]", "step": null, "ts": 1643463416.2416418}]}, "version": 172}
{"obj": {"type": "LogStrings", "path": ["monitoring", "stderr"], "values": [{"value": "\r  0%|          | 648/300000 [00:12<1:26:20, 57.78it/s]", "step": null, "ts": 1643463416.3433328}]}, "version": 173}
{"obj": {"type": "LogStrings", "path": ["monitoring", "stderr"], "values": [{"value": "\r  0%|          | 654/300000 [00:12<1:26:11, 57.89it/s]", "step": null, "ts": 1643463416.4465835}]}, "version": 174}
{"obj": {"type": "LogStrings", "path": ["monitoring", "stderr"], "values": [{"value": "\r  0%|          | 660/300000 [00:12<1:26:10, 57.90it/s]", "step": null, "ts": 1643463416.550128}]}, "version": 175}
{"obj": {"type": "LogStrings", "path": ["monitoring", "stderr"], "values": [{"value": "\r  0%|          | 666/300000 [00:12<1:26:24, 57.73it/s]", "step": null, "ts": 1643463416.6547554}]}, "version": 176}
{"obj": {"type": "LogStrings", "path": ["monitoring", "stderr"], "values": [{"value": "\r  0%|          | 672/300000 [00:12<1:27:00, 57.34it/s]", "step": null, "ts": 1643463416.7610614}]}, "version": 177}
{"obj": {"type": "LogStrings", "path": ["monitoring", "stderr"], "values": [{"value": "\r  0%|          | 678/300000 [00:12<1:27:33, 56.98it/s]", "step": null, "ts": 1643463416.8679364}]}, "version": 178}
{"obj": {"type": "LogStrings", "path": ["monitoring", "stderr"], "values": [{"value": "\r  0%|          | 684/300000 [00:12<1:28:20, 56.46it/s]", "step": null, "ts": 1643463416.976414}]}, "version": 179}
{"obj": {"type": "LogStrings", "path": ["monitoring", "stderr"], "values": [{"value": "\r  0%|          | 690/300000 [00:12<1:27:23, 57.09it/s]", "step": null, "ts": 1643463417.0788038}]}, "version": 180}
{"obj": {"type": "LogStrings", "path": ["monitoring", "stderr"], "values": [{"value": "\r  0%|          | 696/300000 [00:12<1:26:14, 57.85it/s]", "step": null, "ts": 1643463417.179302}]}, "version": 181}
{"obj": {"type": "LogStrings", "path": ["monitoring", "stderr"], "values": [{"value": "\r  0%|          | 702/300000 [00:13<1:26:17, 57.80it/s]", "step": null, "ts": 1643463417.2832925}]}, "version": 182}
{"obj": {"type": "LogFloats", "path": ["monitoring", "cpu"], "values": [{"value": 22.0, "step": null, "ts": 1643463417.3896263}]}, "version": 183}
{"obj": {"type": "LogFloats", "path": ["monitoring", "memory"], "values": [{"value": 24.934982299804688, "step": null, "ts": 1643463417.3896263}]}, "version": 184}
{"obj": {"type": "LogFloats", "path": ["monitoring", "gpu"], "values": [{"value": 4.0, "step": null, "ts": 1643463417.3896263}]}, "version": 185}
{"obj": {"type": "LogFloats", "path": ["monitoring", "gpu_memory"], "values": [{"value": 0.9149169921875, "step": null, "ts": 1643463417.3896263}]}, "version": 186}
{"obj": {"type": "LogStrings", "path": ["monitoring", "stderr"], "values": [{"value": "\r  0%|          | 709/300000 [00:13<1:25:09, 58.58it/s]", "step": null, "ts": 1643463417.3995686}]}, "version": 187}
{"obj": {"type": "LogStrings", "path": ["monitoring", "stderr"], "values": [{"value": "\r  0%|          | 715/300000 [00:13<1:27:29, 57.02it/s]", "step": null, "ts": 1643463417.5116997}]}, "version": 188}
{"obj": {"type": "LogStrings", "path": ["monitoring", "stderr"], "values": [{"value": "\r  0%|          | 721/300000 [00:13<1:26:54, 57.40it/s]", "step": null, "ts": 1643463417.6145492}]}, "version": 189}
{"obj": {"type": "LogStrings", "path": ["monitoring", "stderr"], "values": [{"value": "\r  0%|          | 727/300000 [00:13<1:27:29, 57.01it/s]", "step": null, "ts": 1643463417.7214975}]}, "version": 190}
{"obj": {"type": "LogStrings", "path": ["monitoring", "stderr"], "values": [{"value": "\r  0%|          | 733/300000 [00:13<1:27:42, 56.87it/s]", "step": null, "ts": 1643463417.8276813}]}, "version": 191}
{"obj": {"type": "LogStrings", "path": ["monitoring", "stderr"], "values": [{"value": "\r  0%|          | 739/300000 [00:13<1:26:39, 57.55it/s]", "step": null, "ts": 1643463417.9289367}]}, "version": 192}
{"obj": {"type": "LogStrings", "path": ["monitoring", "stderr"], "values": [{"value": "\r  0%|          | 745/300000 [00:13<1:25:50, 58.10it/s]", "step": null, "ts": 1643463418.0298536}]}, "version": 193}
{"obj": {"type": "LogStrings", "path": ["monitoring", "stderr"], "values": [{"value": "\r  0%|          | 751/300000 [00:13<1:26:15, 57.82it/s]", "step": null, "ts": 1643463418.1347842}]}, "version": 194}
{"obj": {"type": "LogStrings", "path": ["monitoring", "stderr"], "values": [{"value": "\r  0%|          | 757/300000 [00:14<1:26:48, 57.45it/s]", "step": null, "ts": 1643463418.2408166}]}, "version": 195}
{"obj": {"type": "LogStrings", "path": ["monitoring", "stderr"], "values": [{"value": "\r  0%|          | 763/300000 [00:14<1:26:25, 57.71it/s]", "step": null, "ts": 1643463418.3436792}]}, "version": 196}
{"obj": {"type": "LogStrings", "path": ["monitoring", "stderr"], "values": [{"value": "\r  0%|          | 770/300000 [00:14<1:24:40, 58.90it/s]", "step": null, "ts": 1643463418.457594}]}, "version": 197}
{"obj": {"type": "LogStrings", "path": ["monitoring", "stderr"], "values": [{"value": "\r  0%|          | 776/300000 [00:14<1:24:29, 59.02it/s]", "step": null, "ts": 1643463418.5588984}]}, "version": 198}
{"obj": {"type": "LogStrings", "path": ["monitoring", "stderr"], "values": [{"value": "\r  0%|          | 782/300000 [00:14<1:24:15, 59.19it/s]", "step": null, "ts": 1643463418.659426}]}, "version": 199}
{"obj": {"type": "LogStrings", "path": ["monitoring", "stderr"], "values": [{"value": "\r  0%|          | 789/300000 [00:14<1:23:45, 59.54it/s]", "step": null, "ts": 1643463418.7757437}]}, "version": 200}
{"obj": {"type": "LogStrings", "path": ["monitoring", "stderr"], "values": [{"value": "\r  0%|          | 795/300000 [00:14<1:24:48, 58.79it/s]", "step": null, "ts": 1643463418.880816}]}, "version": 201}
{"obj": {"type": "LogStrings", "path": ["monitoring", "stderr"], "values": [{"value": "\r  0%|          | 801/300000 [00:14<1:25:48, 58.11it/s]", "step": null, "ts": 1643463418.9869893}]}, "version": 202}
{"obj": {"type": "LogStrings", "path": ["monitoring", "stderr"], "values": [{"value": "\r  0%|          | 807/300000 [00:14<1:26:55, 57.37it/s]", "step": null, "ts": 1643463419.0949392}]}, "version": 203}
{"obj": {"type": "LogStrings", "path": ["monitoring", "stderr"], "values": [{"value": "\r  0%|          | 813/300000 [00:14<1:25:56, 58.02it/s]", "step": null, "ts": 1643463419.195387}]}, "version": 204}
{"obj": {"type": "LogStrings", "path": ["monitoring", "stderr"], "values": [{"value": "\r  0%|          | 820/300000 [00:15<1:24:43, 58.86it/s]", "step": null, "ts": 1643463419.3108492}]}, "version": 205}
{"obj": {"type": "LogStrings", "path": ["monitoring", "stderr"], "values": [{"value": "\r  0%|          | 826/300000 [00:15<1:24:50, 58.77it/s]", "step": null, "ts": 1643463419.4133024}]}, "version": 206}
{"obj": {"type": "LogStrings", "path": ["monitoring", "stderr"], "values": [{"value": "\r  0%|          | 832/300000 [00:15<1:25:01, 58.64it/s]", "step": null, "ts": 1643463419.5161955}]}, "version": 207}
{"obj": {"type": "LogStrings", "path": ["monitoring", "stderr"], "values": [{"value": "\r  0%|          | 838/300000 [00:15<1:25:12, 58.51it/s]", "step": null, "ts": 1643463419.6192539}]}, "version": 208}
{"obj": {"type": "LogStrings", "path": ["monitoring", "stderr"], "values": [{"value": "\r  0%|          | 844/300000 [00:15<1:24:46, 58.82it/s]", "step": null, "ts": 1643463419.7200255}]}, "version": 209}
{"obj": {"type": "LogStrings", "path": ["monitoring", "stderr"], "values": [{"value": "\r  0%|          | 850/300000 [00:15<1:25:06, 58.58it/s]", "step": null, "ts": 1643463419.8234012}]}, "version": 210}
{"obj": {"type": "LogStrings", "path": ["monitoring", "stderr"], "values": [{"value": "\r  0%|          | 856/300000 [00:15<1:25:05, 58.59it/s]", "step": null, "ts": 1643463419.9259653}]}, "version": 211}
{"obj": {"type": "LogStrings", "path": ["monitoring", "stderr"], "values": [{"value": "\r  0%|          | 863/300000 [00:15<1:24:23, 59.07it/s]", "step": null, "ts": 1643463420.042316}]}, "version": 212}
{"obj": {"type": "LogStrings", "path": ["monitoring", "stderr"], "values": [{"value": "\r  0%|          | 870/300000 [00:15<1:23:17, 59.86it/s]", "step": null, "ts": 1643463420.155998}]}, "version": 213}
{"obj": {"type": "LogStrings", "path": ["monitoring", "stderr"], "values": [{"value": "\r  0%|          | 877/300000 [00:16<1:22:41, 60.29it/s]", "step": null, "ts": 1643463420.2704113}]}, "version": 214}
{"obj": {"type": "LogStrings", "path": ["monitoring", "stderr"], "values": [{"value": "\r  0%|          | 884/300000 [00:16<1:23:52, 59.44it/s]", "step": null, "ts": 1643463420.3917568}]}, "version": 215}
{"obj": {"type": "LogStrings", "path": ["monitoring", "stderr"], "values": [{"value": "\r  0%|          | 890/300000 [00:16<1:24:14, 59.17it/s]", "step": null, "ts": 1643463420.4944687}]}, "version": 216}
{"obj": {"type": "LogStrings", "path": ["monitoring", "stderr"], "values": [{"value": "\r  0%|          | 896/300000 [00:16<1:24:52, 58.73it/s]", "step": null, "ts": 1643463420.5984282}]}, "version": 217}
{"obj": {"type": "LogStrings", "path": ["monitoring", "stderr"], "values": [{"value": "\r  0%|          | 902/300000 [00:16<1:25:09, 58.54it/s]", "step": null, "ts": 1643463420.701741}]}, "version": 218}
{"obj": {"type": "LogStrings", "path": ["monitoring", "stderr"], "values": [{"value": "\r  0%|          | 908/300000 [00:16<1:25:35, 58.24it/s]", "step": null, "ts": 1643463420.80607}]}, "version": 219}
{"obj": {"type": "LogStrings", "path": ["monitoring", "stderr"], "values": [{"value": "\r  0%|          | 915/300000 [00:16<1:24:04, 59.29it/s]", "step": null, "ts": 1643463420.9197435}]}, "version": 220}
{"obj": {"type": "LogStrings", "path": ["monitoring", "stderr"], "values": [{"value": "\r  0%|          | 921/300000 [00:16<1:23:56, 59.38it/s]", "step": null, "ts": 1643463421.0204246}]}, "version": 221}
{"obj": {"type": "LogStrings", "path": ["monitoring", "stderr"], "values": [{"value": "\r  0%|          | 927/300000 [00:16<1:24:27, 59.01it/s]", "step": null, "ts": 1643463421.1236207}]}, "version": 222}
{"obj": {"type": "LogStrings", "path": ["monitoring", "stderr"], "values": [{"value": "\r  0%|          | 933/300000 [00:16<1:24:10, 59.21it/s]", "step": null, "ts": 1643463421.2241952}]}, "version": 223}
{"obj": {"type": "LogStrings", "path": ["monitoring", "stderr"], "values": [{"value": "\r  0%|          | 939/300000 [00:17<1:24:29, 59.00it/s]", "step": null, "ts": 1643463421.3267424}]}, "version": 224}
{"obj": {"type": "LogStrings", "path": ["monitoring", "stderr"], "values": [{"value": "\r  0%|          | 945/300000 [00:17<1:24:50, 58.74it/s]", "step": null, "ts": 1643463421.4300826}]}, "version": 225}
{"obj": {"type": "LogStrings", "path": ["monitoring", "stderr"], "values": [{"value": "\r  0%|          | 952/300000 [00:17<1:23:46, 59.49it/s]", "step": null, "ts": 1643463421.5445259}]}, "version": 226}
{"obj": {"type": "LogStrings", "path": ["monitoring", "stderr"], "values": [{"value": "\r  0%|          | 959/300000 [00:17<1:23:06, 59.97it/s]", "step": null, "ts": 1643463421.65927}]}, "version": 227}
{"obj": {"type": "LogStrings", "path": ["monitoring", "stderr"], "values": [{"value": "\r  0%|          | 966/300000 [00:17<1:22:49, 60.18it/s]", "step": null, "ts": 1643463421.7747247}]}, "version": 228}
{"obj": {"type": "LogStrings", "path": ["monitoring", "stderr"], "values": [{"value": "\r  0%|          | 973/300000 [00:17<1:22:39, 60.30it/s]", "step": null, "ts": 1643463421.8902922}]}, "version": 229}
{"obj": {"type": "LogStrings", "path": ["monitoring", "stderr"], "values": [{"value": "\r  0%|          | 980/300000 [00:17<1:22:36, 60.33it/s]", "step": null, "ts": 1643463422.0061932}]}, "version": 230}
{"obj": {"type": "LogStrings", "path": ["monitoring", "stderr"], "values": [{"value": "\r  0%|          | 987/300000 [00:17<1:22:15, 60.59it/s]", "step": null, "ts": 1643463422.1206121}]}, "version": 231}
{"obj": {"type": "LogStrings", "path": ["monitoring", "stderr"], "values": [{"value": "\r  0%|          | 994/300000 [00:18<1:21:57, 60.80it/s]", "step": null, "ts": 1643463422.2347991}]}, "version": 232}
{"obj": {"type": "LogStrings", "path": ["monitoring", "stderr"], "values": [{"value": "\r  0%|          | 1001/300000 [00:18<4:04:51, 20.35it/s]", "step": null, "ts": 1643463423.1068113}]}, "version": 233}
{"obj": {"type": "LogStrings", "path": ["monitoring", "stdout"], "values": [{"value": "tensor([[ 0.0065, -0.0237,  0.0076, -0.0206,  0.0432,  0.0599, -0.0371]],\n       device='cuda:0')", "step": null, "ts": 1643463423.3758366}]}, "version": 234}
{"obj": {"type": "LogStrings", "path": ["monitoring", "stdout"], "values": [{"value": "\n", "step": null, "ts": 1643463423.3761432}]}, "version": 235}
{"obj": {"type": "LogStrings", "path": ["monitoring", "stdout"], "values": [{"value": "[[ 0.0065245  -0.0237272   0.00760393 -0.02055489  0.04324373  0.0599218\n  -0.03713021]]", "step": null, "ts": 1643463423.376587}]}, "version": 236}
{"obj": {"type": "LogStrings", "path": ["monitoring", "stdout"], "values": [{"value": "\n", "step": null, "ts": 1643463423.3767242}]}, "version": 237}
{"obj": {"type": "LogStrings", "path": ["monitoring", "stderr"], "values": [{"value": "", "step": null, "ts": 1643463423.3771007}]}, "version": 238}
{"obj": {"type": "LogStrings", "path": ["monitoring", "stderr"], "values": [{"value": "\r  0%|          | 1001/300000 [00:19<1:35:19, 52.28it/s]", "step": null, "ts": 1643463423.3773444}]}, "version": 239}
{"obj": {"type": "LogStrings", "path": ["monitoring", "stderr"], "values": [{"value": "\n", "step": null, "ts": 1643463423.377709}]}, "version": 240}
{"obj": {"type": "LogFloats", "path": ["monitoring", "cpu"], "values": [{"value": 14.3, "step": null, "ts": 1643463427.3950682}]}, "version": 241}
{"obj": {"type": "LogFloats", "path": ["monitoring", "memory"], "values": [{"value": 25.65182876586914, "step": null, "ts": 1643463427.3950682}]}, "version": 242}
{"obj": {"type": "LogFloats", "path": ["monitoring", "gpu_memory"], "values": [{"value": 1.0086669921875, "step": null, "ts": 1643463427.3950682}]}, "version": 243}
{"obj": {"type": "LogFloats", "path": ["monitoring", "cpu"], "values": [{"value": 12.0, "step": null, "ts": 1643463437.396067}]}, "version": 244}
{"obj": {"type": "LogFloats", "path": ["monitoring", "memory"], "values": [{"value": 25.643028259277344, "step": null, "ts": 1643463437.396067}]}, "version": 245}
{"obj": {"type": "LogFloats", "path": ["monitoring", "gpu_memory"], "values": [{"value": 1.0086669921875, "step": null, "ts": 1643463437.396067}]}, "version": 246}
{"obj": {"type": "LogFloats", "path": ["monitoring", "cpu"], "values": [{"value": 3.5, "step": null, "ts": 1643463447.397024}]}, "version": 247}
{"obj": {"type": "LogFloats", "path": ["monitoring", "memory"], "values": [{"value": 25.61145782470703, "step": null, "ts": 1643463447.397024}]}, "version": 248}
{"obj": {"type": "LogFloats", "path": ["monitoring", "gpu_memory"], "values": [{"value": 1.0086669921875, "step": null, "ts": 1643463447.397024}]}, "version": 249}
{"obj": {"type": "LogFloats", "path": ["monitoring", "cpu"], "values": [{"value": 9.5, "step": null, "ts": 1643463457.3979824}]}, "version": 250}
{"obj": {"type": "LogFloats", "path": ["monitoring", "memory"], "values": [{"value": 25.67864990234375, "step": null, "ts": 1643463457.3979824}]}, "version": 251}
{"obj": {"type": "LogFloats", "path": ["monitoring", "gpu"], "values": [{"value": 2.0, "step": null, "ts": 1643463457.3979824}]}, "version": 252}
{"obj": {"type": "LogFloats", "path": ["monitoring", "gpu_memory"], "values": [{"value": 1.0086669921875, "step": null, "ts": 1643463457.3979824}]}, "version": 253}
{"obj": {"type": "LogFloats", "path": ["monitoring", "cpu"], "values": [{"value": 9.3, "step": null, "ts": 1643463467.3988614}]}, "version": 254}
{"obj": {"type": "LogFloats", "path": ["monitoring", "memory"], "values": [{"value": 25.708091735839844, "step": null, "ts": 1643463467.3988614}]}, "version": 255}
{"obj": {"type": "LogFloats", "path": ["monitoring", "gpu"], "values": [{"value": 10.0, "step": null, "ts": 1643463467.3988614}]}, "version": 256}
{"obj": {"type": "LogFloats", "path": ["monitoring", "gpu_memory"], "values": [{"value": 1.0086669921875, "step": null, "ts": 1643463467.3988614}]}, "version": 257}
{"obj": {"type": "LogFloats", "path": ["monitoring", "cpu"], "values": [{"value": 5.8, "step": null, "ts": 1643463477.3999133}]}, "version": 258}
{"obj": {"type": "LogFloats", "path": ["monitoring", "memory"], "values": [{"value": 25.70966339111328, "step": null, "ts": 1643463477.3999133}]}, "version": 259}
{"obj": {"type": "LogFloats", "path": ["monitoring", "gpu_memory"], "values": [{"value": 1.0086669921875, "step": null, "ts": 1643463477.3999133}]}, "version": 260}
{"obj": {"type": "LogFloats", "path": ["monitoring", "cpu"], "values": [{"value": 12.4, "step": null, "ts": 1643463487.4008045}]}, "version": 261}
{"obj": {"type": "LogFloats", "path": ["monitoring", "memory"], "values": [{"value": 25.714611053466797, "step": null, "ts": 1643463487.4008045}]}, "version": 262}
{"obj": {"type": "LogFloats", "path": ["monitoring", "gpu_memory"], "values": [{"value": 1.0086669921875, "step": null, "ts": 1643463487.4008045}]}, "version": 263}
{"obj": {"type": "LogFloats", "path": ["monitoring", "cpu"], "values": [{"value": 6.0, "step": null, "ts": 1643463497.4018073}]}, "version": 264}
{"obj": {"type": "LogFloats", "path": ["monitoring", "memory"], "values": [{"value": 25.75527572631836, "step": null, "ts": 1643463497.4018073}]}, "version": 265}
{"obj": {"type": "LogFloats", "path": ["monitoring", "gpu_memory"], "values": [{"value": 1.0086669921875, "step": null, "ts": 1643463497.4018073}]}, "version": 266}
{"obj": {"type": "LogFloats", "path": ["monitoring", "cpu"], "values": [{"value": 14.9, "step": null, "ts": 1643463507.402718}]}, "version": 267}
{"obj": {"type": "LogFloats", "path": ["monitoring", "memory"], "values": [{"value": 25.677120208740234, "step": null, "ts": 1643463507.402718}]}, "version": 268}
{"obj": {"type": "LogFloats", "path": ["monitoring", "gpu_memory"], "values": [{"value": 1.0086669921875, "step": null, "ts": 1643463507.402718}]}, "version": 269}
{"obj": {"type": "LogFloats", "path": ["monitoring", "cpu"], "values": [{"value": 3.6, "step": null, "ts": 1643463517.403518}]}, "version": 270}
{"obj": {"type": "LogFloats", "path": ["monitoring", "memory"], "values": [{"value": 25.639110565185547, "step": null, "ts": 1643463517.403518}]}, "version": 271}
{"obj": {"type": "LogFloats", "path": ["monitoring", "gpu_memory"], "values": [{"value": 1.0086669921875, "step": null, "ts": 1643463517.403518}]}, "version": 272}
{"obj": {"type": "LogFloats", "path": ["monitoring", "cpu"], "values": [{"value": 7.5, "step": null, "ts": 1643463527.404612}]}, "version": 273}
{"obj": {"type": "LogFloats", "path": ["monitoring", "memory"], "values": [{"value": 25.67115020751953, "step": null, "ts": 1643463527.404612}]}, "version": 274}
{"obj": {"type": "LogFloats", "path": ["monitoring", "gpu_memory"], "values": [{"value": 1.0086669921875, "step": null, "ts": 1643463527.404612}]}, "version": 275}
{"obj": {"type": "LogFloats", "path": ["monitoring", "cpu"], "values": [{"value": 7.0, "step": null, "ts": 1643463537.4055343}]}, "version": 276}
{"obj": {"type": "LogFloats", "path": ["monitoring", "memory"], "values": [{"value": 25.66109848022461, "step": null, "ts": 1643463537.4055343}]}, "version": 277}
{"obj": {"type": "LogFloats", "path": ["monitoring", "gpu"], "values": [{"value": 1.0, "step": null, "ts": 1643463537.4055343}]}, "version": 278}
{"obj": {"type": "LogFloats", "path": ["monitoring", "gpu_memory"], "values": [{"value": 1.0086669921875, "step": null, "ts": 1643463537.4055343}]}, "version": 279}
{"obj": {"type": "LogFloats", "path": ["monitoring", "cpu"], "values": [{"value": 5.4, "step": null, "ts": 1643463547.4065406}]}, "version": 280}
{"obj": {"type": "LogFloats", "path": ["monitoring", "memory"], "values": [{"value": 25.64000701904297, "step": null, "ts": 1643463547.4065406}]}, "version": 281}
{"obj": {"type": "LogFloats", "path": ["monitoring", "gpu"], "values": [{"value": 3.0, "step": null, "ts": 1643463547.4065406}]}, "version": 282}
{"obj": {"type": "LogFloats", "path": ["monitoring", "gpu_memory"], "values": [{"value": 1.0086669921875, "step": null, "ts": 1643463547.4065406}]}, "version": 283}
{"obj": {"type": "LogFloats", "path": ["monitoring", "cpu"], "values": [{"value": 6.1, "step": null, "ts": 1643463557.4074993}]}, "version": 284}
{"obj": {"type": "LogFloats", "path": ["monitoring", "memory"], "values": [{"value": 25.647666931152344, "step": null, "ts": 1643463557.4074993}]}, "version": 285}
{"obj": {"type": "LogFloats", "path": ["monitoring", "gpu"], "values": [{"value": 1.0, "step": null, "ts": 1643463557.4074993}]}, "version": 286}
{"obj": {"type": "LogFloats", "path": ["monitoring", "gpu_memory"], "values": [{"value": 1.0086669921875, "step": null, "ts": 1643463557.4074993}]}, "version": 287}
{"obj": {"type": "LogFloats", "path": ["monitoring", "cpu"], "values": [{"value": 5.7, "step": null, "ts": 1643463567.4085712}]}, "version": 288}
{"obj": {"type": "LogFloats", "path": ["monitoring", "memory"], "values": [{"value": 25.649272918701172, "step": null, "ts": 1643463567.4085712}]}, "version": 289}
{"obj": {"type": "LogFloats", "path": ["monitoring", "gpu"], "values": [{"value": 3.0, "step": null, "ts": 1643463567.4085712}]}, "version": 290}
{"obj": {"type": "LogFloats", "path": ["monitoring", "gpu_memory"], "values": [{"value": 1.0086669921875, "step": null, "ts": 1643463567.4085712}]}, "version": 291}
{"obj": {"type": "LogFloats", "path": ["monitoring", "cpu"], "values": [{"value": 10.8, "step": null, "ts": 1643463577.409493}]}, "version": 292}
{"obj": {"type": "LogFloats", "path": ["monitoring", "memory"], "values": [{"value": 25.690887451171875, "step": null, "ts": 1643463577.409493}]}, "version": 293}
{"obj": {"type": "LogFloats", "path": ["monitoring", "gpu_memory"], "values": [{"value": 1.0086669921875, "step": null, "ts": 1643463577.409493}]}, "version": 294}
{"obj": {"type": "LogFloats", "path": ["monitoring", "cpu"], "values": [{"value": 8.8, "step": null, "ts": 1643463587.410406}]}, "version": 295}
{"obj": {"type": "LogFloats", "path": ["monitoring", "memory"], "values": [{"value": 25.696624755859375, "step": null, "ts": 1643463587.410406}]}, "version": 296}
{"obj": {"type": "LogFloats", "path": ["monitoring", "gpu"], "values": [{"value": 5.0, "step": null, "ts": 1643463587.410406}]}, "version": 297}
{"obj": {"type": "LogFloats", "path": ["monitoring", "gpu_memory"], "values": [{"value": 1.0086669921875, "step": null, "ts": 1643463587.410406}]}, "version": 298}
{"obj": {"type": "LogFloats", "path": ["monitoring", "cpu"], "values": [{"value": 13.0, "step": null, "ts": 1643463597.411382}]}, "version": 299}
{"obj": {"type": "LogFloats", "path": ["monitoring", "memory"], "values": [{"value": 25.693645477294922, "step": null, "ts": 1643463597.411382}]}, "version": 300}
{"obj": {"type": "LogFloats", "path": ["monitoring", "gpu"], "values": [{"value": 4.0, "step": null, "ts": 1643463597.411382}]}, "version": 301}
{"obj": {"type": "LogFloats", "path": ["monitoring", "gpu_memory"], "values": [{"value": 1.0086669921875, "step": null, "ts": 1643463597.411382}]}, "version": 302}
{"obj": {"type": "LogFloats", "path": ["monitoring", "cpu"], "values": [{"value": 12.2, "step": null, "ts": 1643463607.412425}]}, "version": 303}
{"obj": {"type": "LogFloats", "path": ["monitoring", "memory"], "values": [{"value": 25.705123901367188, "step": null, "ts": 1643463607.412425}]}, "version": 304}
{"obj": {"type": "LogFloats", "path": ["monitoring", "gpu_memory"], "values": [{"value": 1.0086669921875, "step": null, "ts": 1643463607.412425}]}, "version": 305}
{"obj": {"type": "LogFloats", "path": ["monitoring", "cpu"], "values": [{"value": 7.7, "step": null, "ts": 1643463617.4133847}]}, "version": 306}
{"obj": {"type": "LogFloats", "path": ["monitoring", "memory"], "values": [{"value": 25.718189239501953, "step": null, "ts": 1643463617.4133847}]}, "version": 307}
{"obj": {"type": "LogFloats", "path": ["monitoring", "gpu"], "values": [{"value": 1.0, "step": null, "ts": 1643463617.4133847}]}, "version": 308}
{"obj": {"type": "LogFloats", "path": ["monitoring", "gpu_memory"], "values": [{"value": 1.0086669921875, "step": null, "ts": 1643463617.4133847}]}, "version": 309}
{"obj": {"type": "LogFloats", "path": ["monitoring", "cpu"], "values": [{"value": 10.6, "step": null, "ts": 1643463627.41439}]}, "version": 310}
{"obj": {"type": "LogFloats", "path": ["monitoring", "memory"], "values": [{"value": 25.652420043945312, "step": null, "ts": 1643463627.41439}]}, "version": 311}
{"obj": {"type": "LogFloats", "path": ["monitoring", "gpu_memory"], "values": [{"value": 1.0086669921875, "step": null, "ts": 1643463627.41439}]}, "version": 312}
{"obj": {"type": "LogFloats", "path": ["monitoring", "cpu"], "values": [{"value": 5.9, "step": null, "ts": 1643463637.4153388}]}, "version": 313}
{"obj": {"type": "LogFloats", "path": ["monitoring", "memory"], "values": [{"value": 25.65125274658203, "step": null, "ts": 1643463637.4153388}]}, "version": 314}
{"obj": {"type": "LogFloats", "path": ["monitoring", "gpu"], "values": [{"value": 1.0, "step": null, "ts": 1643463637.4153388}]}, "version": 315}
{"obj": {"type": "LogFloats", "path": ["monitoring", "gpu_memory"], "values": [{"value": 1.0086669921875, "step": null, "ts": 1643463637.4153388}]}, "version": 316}
{"obj": {"type": "LogFloats", "path": ["monitoring", "cpu"], "values": [{"value": 12.1, "step": null, "ts": 1643463647.416466}]}, "version": 317}
{"obj": {"type": "LogFloats", "path": ["monitoring", "memory"], "values": [{"value": 25.695587158203125, "step": null, "ts": 1643463647.416466}]}, "version": 318}
{"obj": {"type": "LogFloats", "path": ["monitoring", "gpu_memory"], "values": [{"value": 1.0086669921875, "step": null, "ts": 1643463647.416466}]}, "version": 319}
{"obj": {"type": "LogFloats", "path": ["monitoring", "cpu"], "values": [{"value": 10.5, "step": null, "ts": 1643463657.4172816}]}, "version": 320}
{"obj": {"type": "LogFloats", "path": ["monitoring", "memory"], "values": [{"value": 25.681320190429688, "step": null, "ts": 1643463657.4172816}]}, "version": 321}
{"obj": {"type": "LogFloats", "path": ["monitoring", "gpu"], "values": [{"value": 5.0, "step": null, "ts": 1643463657.4172816}]}, "version": 322}
{"obj": {"type": "LogFloats", "path": ["monitoring", "gpu_memory"], "values": [{"value": 1.0086669921875, "step": null, "ts": 1643463657.4172816}]}, "version": 323}
{"obj": {"type": "LogFloats", "path": ["monitoring", "cpu"], "values": [{"value": 12.3, "step": null, "ts": 1643463667.418241}]}, "version": 324}
{"obj": {"type": "LogFloats", "path": ["monitoring", "memory"], "values": [{"value": 25.692474365234375, "step": null, "ts": 1643463667.418241}]}, "version": 325}
{"obj": {"type": "LogFloats", "path": ["monitoring", "gpu_memory"], "values": [{"value": 1.0086669921875, "step": null, "ts": 1643463667.418241}]}, "version": 326}
{"obj": {"type": "LogFloats", "path": ["monitoring", "cpu"], "values": [{"value": 7.0, "step": null, "ts": 1643463677.4191308}]}, "version": 327}
{"obj": {"type": "LogFloats", "path": ["monitoring", "memory"], "values": [{"value": 25.663124084472656, "step": null, "ts": 1643463677.4191308}]}, "version": 328}
{"obj": {"type": "LogFloats", "path": ["monitoring", "gpu"], "values": [{"value": 2.0, "step": null, "ts": 1643463677.4191308}]}, "version": 329}
{"obj": {"type": "LogFloats", "path": ["monitoring", "gpu_memory"], "values": [{"value": 1.0086669921875, "step": null, "ts": 1643463677.4191308}]}, "version": 330}
{"obj": {"type": "LogFloats", "path": ["monitoring", "cpu"], "values": [{"value": 6.1, "step": null, "ts": 1643463687.4200702}]}, "version": 331}
{"obj": {"type": "LogFloats", "path": ["monitoring", "memory"], "values": [{"value": 25.664573669433594, "step": null, "ts": 1643463687.4200702}]}, "version": 332}
{"obj": {"type": "LogFloats", "path": ["monitoring", "gpu_memory"], "values": [{"value": 1.0086669921875, "step": null, "ts": 1643463687.4200702}]}, "version": 333}
{"obj": {"type": "LogFloats", "path": ["monitoring", "cpu"], "values": [{"value": 5.1, "step": null, "ts": 1643463697.4208794}]}, "version": 334}
{"obj": {"type": "LogFloats", "path": ["monitoring", "memory"], "values": [{"value": 25.654552459716797, "step": null, "ts": 1643463697.4208794}]}, "version": 335}
{"obj": {"type": "LogFloats", "path": ["monitoring", "gpu"], "values": [{"value": 2.0, "step": null, "ts": 1643463697.4208794}]}, "version": 336}
{"obj": {"type": "LogFloats", "path": ["monitoring", "gpu_memory"], "values": [{"value": 1.0086669921875, "step": null, "ts": 1643463697.4208794}]}, "version": 337}
{"obj": {"type": "LogFloats", "path": ["monitoring", "cpu"], "values": [{"value": 6.5, "step": null, "ts": 1643463707.4217446}]}, "version": 338}
{"obj": {"type": "LogFloats", "path": ["monitoring", "memory"], "values": [{"value": 25.65900421142578, "step": null, "ts": 1643463707.4217446}]}, "version": 339}
{"obj": {"type": "LogFloats", "path": ["monitoring", "gpu_memory"], "values": [{"value": 1.0086669921875, "step": null, "ts": 1643463707.4217446}]}, "version": 340}
{"obj": {"type": "LogFloats", "path": ["monitoring", "cpu"], "values": [{"value": 4.9, "step": null, "ts": 1643463717.4228754}]}, "version": 341}
{"obj": {"type": "LogFloats", "path": ["monitoring", "memory"], "values": [{"value": 25.63925552368164, "step": null, "ts": 1643463717.4228754}]}, "version": 342}
{"obj": {"type": "LogFloats", "path": ["monitoring", "gpu"], "values": [{"value": 1.0, "step": null, "ts": 1643463717.4228754}]}, "version": 343}
{"obj": {"type": "LogFloats", "path": ["monitoring", "gpu_memory"], "values": [{"value": 1.0086669921875, "step": null, "ts": 1643463717.4228754}]}, "version": 344}
{"obj": {"type": "LogFloats", "path": ["monitoring", "cpu"], "values": [{"value": 13.4, "step": null, "ts": 1643463727.4238338}]}, "version": 345}
{"obj": {"type": "LogFloats", "path": ["monitoring", "memory"], "values": [{"value": 25.71303939819336, "step": null, "ts": 1643463727.4238338}]}, "version": 346}
{"obj": {"type": "LogFloats", "path": ["monitoring", "gpu"], "values": [{"value": 19.0, "step": null, "ts": 1643463727.4238338}]}, "version": 347}
{"obj": {"type": "LogFloats", "path": ["monitoring", "gpu_memory"], "values": [{"value": 1.0086669921875, "step": null, "ts": 1643463727.4238338}]}, "version": 348}
{"obj": {"type": "LogFloats", "path": ["monitoring", "cpu"], "values": [{"value": 13.5, "step": null, "ts": 1643463737.4251833}]}, "version": 349}
{"obj": {"type": "LogFloats", "path": ["monitoring", "memory"], "values": [{"value": 25.698593139648438, "step": null, "ts": 1643463737.4251833}]}, "version": 350}
{"obj": {"type": "LogFloats", "path": ["monitoring", "gpu"], "values": [{"value": 1.0, "step": null, "ts": 1643463737.4251833}]}, "version": 351}
{"obj": {"type": "LogFloats", "path": ["monitoring", "gpu_memory"], "values": [{"value": 1.0086669921875, "step": null, "ts": 1643463737.4251833}]}, "version": 352}
{"obj": {"type": "LogFloats", "path": ["monitoring", "cpu"], "values": [{"value": 7.3, "step": null, "ts": 1643463747.4283571}]}, "version": 353}
{"obj": {"type": "LogFloats", "path": ["monitoring", "memory"], "values": [{"value": 25.70238494873047, "step": null, "ts": 1643463747.4283571}]}, "version": 354}
{"obj": {"type": "LogFloats", "path": ["monitoring", "gpu"], "values": [{"value": 24.0, "step": null, "ts": 1643463747.4283571}]}, "version": 355}
{"obj": {"type": "LogFloats", "path": ["monitoring", "gpu_memory"], "values": [{"value": 1.0086669921875, "step": null, "ts": 1643463747.4283571}]}, "version": 356}
{"obj": {"type": "LogFloats", "path": ["monitoring", "cpu"], "values": [{"value": 7.5, "step": null, "ts": 1643463757.4292145}]}, "version": 357}
{"obj": {"type": "LogFloats", "path": ["monitoring", "memory"], "values": [{"value": 25.679306030273438, "step": null, "ts": 1643463757.4292145}]}, "version": 358}
{"obj": {"type": "LogFloats", "path": ["monitoring", "gpu_memory"], "values": [{"value": 1.0086669921875, "step": null, "ts": 1643463757.4292145}]}, "version": 359}
{"obj": {"type": "LogFloats", "path": ["monitoring", "cpu"], "values": [{"value": 5.7, "step": null, "ts": 1643463767.4301116}]}, "version": 360}
{"obj": {"type": "LogFloats", "path": ["monitoring", "memory"], "values": [{"value": 25.674068450927734, "step": null, "ts": 1643463767.4301116}]}, "version": 361}
{"obj": {"type": "LogFloats", "path": ["monitoring", "gpu"], "values": [{"value": 20.0, "step": null, "ts": 1643463767.4301116}]}, "version": 362}
{"obj": {"type": "LogFloats", "path": ["monitoring", "gpu_memory"], "values": [{"value": 1.0086669921875, "step": null, "ts": 1643463767.4301116}]}, "version": 363}
{"obj": {"type": "LogFloats", "path": ["monitoring", "cpu"], "values": [{"value": 11.4, "step": null, "ts": 1643463777.4311128}]}, "version": 364}
{"obj": {"type": "LogFloats", "path": ["monitoring", "memory"], "values": [{"value": 25.69971466064453, "step": null, "ts": 1643463777.4311128}]}, "version": 365}
{"obj": {"type": "LogFloats", "path": ["monitoring", "gpu"], "values": [{"value": 4.0, "step": null, "ts": 1643463777.4311128}]}, "version": 366}
{"obj": {"type": "LogFloats", "path": ["monitoring", "gpu_memory"], "values": [{"value": 1.0086669921875, "step": null, "ts": 1643463777.4311128}]}, "version": 367}
{"obj": {"type": "LogFloats", "path": ["monitoring", "cpu"], "values": [{"value": 7.2, "step": null, "ts": 1643463787.432043}]}, "version": 368}
{"obj": {"type": "LogFloats", "path": ["monitoring", "memory"], "values": [{"value": 25.666481018066406, "step": null, "ts": 1643463787.432043}]}, "version": 369}
{"obj": {"type": "LogFloats", "path": ["monitoring", "gpu_memory"], "values": [{"value": 1.0086669921875, "step": null, "ts": 1643463787.432043}]}, "version": 370}
{"obj": {"type": "LogFloats", "path": ["monitoring", "cpu"], "values": [{"value": 10.5, "step": null, "ts": 1643463797.4328568}]}, "version": 371}
{"obj": {"type": "LogFloats", "path": ["monitoring", "memory"], "values": [{"value": 25.73223114013672, "step": null, "ts": 1643463797.4328568}]}, "version": 372}
{"obj": {"type": "LogFloats", "path": ["monitoring", "gpu"], "values": [{"value": 26.0, "step": null, "ts": 1643463797.4328568}]}, "version": 373}
{"obj": {"type": "LogFloats", "path": ["monitoring", "gpu_memory"], "values": [{"value": 1.0086669921875, "step": null, "ts": 1643463797.4328568}]}, "version": 374}
{"obj": {"type": "LogFloats", "path": ["monitoring", "cpu"], "values": [{"value": 9.4, "step": null, "ts": 1643463807.433995}]}, "version": 375}
{"obj": {"type": "LogFloats", "path": ["monitoring", "memory"], "values": [{"value": 25.64892578125, "step": null, "ts": 1643463807.433995}]}, "version": 376}
{"obj": {"type": "LogFloats", "path": ["monitoring", "gpu_memory"], "values": [{"value": 1.0086669921875, "step": null, "ts": 1643463807.433995}]}, "version": 377}
{"obj": {"type": "LogStrings", "path": ["monitoring", "stdout"], "values": [{"value": "Shutting down background jobs, please wait a moment...\n", "step": null, "ts": 1643463816.920946}]}, "version": 378}
