{"obj": {"type": "AssignString", "path": ["sys", "name"], "value": "Untitled"}, "version": 1}
{"obj": {"type": "AssignString", "path": ["sys", "description"], "value": ""}, "version": 2}
{"obj": {"type": "AssignString", "path": ["sys", "hostname"], "value": "xhnfly-Strix-GL504GS-S5CS"}, "version": 3}
{"obj": {"type": "AssignBool", "path": ["sys", "failed"], "value": false}, "version": 4}
{"obj": {"type": "ClearStringLog", "path": ["monitoring", "stdout"]}, "version": 5}
{"obj": {"type": "ClearStringLog", "path": ["monitoring", "stderr"]}, "version": 6}
{"obj": {"type": "ConfigFloatSeries", "path": ["monitoring", "cpu"], "min": 0.0, "max": 100.0, "unit": "%"}, "version": 7}
{"obj": {"type": "ClearFloatLog", "path": ["monitoring", "cpu"]}, "version": 8}
{"obj": {"type": "ConfigFloatSeries", "path": ["monitoring", "memory"], "min": 0.0, "max": 31.287979125976562, "unit": "GB"}, "version": 9}
{"obj": {"type": "ClearFloatLog", "path": ["monitoring", "memory"]}, "version": 10}
{"obj": {"type": "ConfigFloatSeries", "path": ["monitoring", "gpu"], "min": 0.0, "max": 100.0, "unit": "%"}, "version": 11}
{"obj": {"type": "ClearFloatLog", "path": ["monitoring", "gpu"]}, "version": 12}
{"obj": {"type": "ConfigFloatSeries", "path": ["monitoring", "gpu_memory"], "min": 0.0, "max": 7.9210205078125, "unit": "GB"}, "version": 13}
{"obj": {"type": "ClearFloatLog", "path": ["monitoring", "gpu_memory"]}, "version": 14}
{"obj": {"type": "LogStrings", "path": ["monitoring", "stdout"], "values": [{"value": "", "step": null, "ts": 1643549795.797502}]}, "version": 15}
{"obj": {"type": "LogStrings", "path": ["monitoring", "stdout"], "values": [{"value": "Remember to stop your run once you\u2019ve finished logging your metadata (https://docs.neptune.ai/api-reference/run#.stop). It will be stopped automatically only when the notebook kernel/interactive console is terminated.\n", "step": null, "ts": 1643549795.798132}]}, "version": 16}
{"obj": {"type": "LogFloats", "path": ["monitoring", "cpu"], "values": [{"value": 28.6, "step": null, "ts": 1643549795.7933645}]}, "version": 17}
{"obj": {"type": "LogFloats", "path": ["monitoring", "memory"], "values": [{"value": 10.373783111572266, "step": null, "ts": 1643549795.7933645}]}, "version": 18}
{"obj": {"type": "LogFloats", "path": ["monitoring", "gpu_memory"], "values": [{"value": 0.2420654296875, "step": null, "ts": 1643549795.7933645}]}, "version": 19}
{"obj": {"type": "LogFloats", "path": ["monitoring", "cpu"], "values": [{"value": 12.2, "step": null, "ts": 1643549805.8000793}]}, "version": 20}
{"obj": {"type": "LogFloats", "path": ["monitoring", "memory"], "values": [{"value": 11.147926330566406, "step": null, "ts": 1643549805.8000793}]}, "version": 21}
{"obj": {"type": "LogFloats", "path": ["monitoring", "gpu_memory"], "values": [{"value": 0.239990234375, "step": null, "ts": 1643549805.8000793}]}, "version": 22}
{"obj": {"type": "LogFloats", "path": ["monitoring", "cpu"], "values": [{"value": 8.3, "step": null, "ts": 1643549815.8009434}]}, "version": 23}
{"obj": {"type": "LogFloats", "path": ["monitoring", "memory"], "values": [{"value": 10.619667053222656, "step": null, "ts": 1643549815.8009434}]}, "version": 24}
{"obj": {"type": "LogFloats", "path": ["monitoring", "gpu"], "values": [{"value": 1.0, "step": null, "ts": 1643549815.8009434}]}, "version": 25}
{"obj": {"type": "LogFloats", "path": ["monitoring", "gpu_memory"], "values": [{"value": 0.239990234375, "step": null, "ts": 1643549815.8009434}]}, "version": 26}
{"obj": {"type": "LogFloats", "path": ["monitoring", "cpu"], "values": [{"value": 6.9, "step": null, "ts": 1643549825.801927}]}, "version": 27}
{"obj": {"type": "LogFloats", "path": ["monitoring", "memory"], "values": [{"value": 11.050704956054688, "step": null, "ts": 1643549825.801927}]}, "version": 28}
{"obj": {"type": "LogFloats", "path": ["monitoring", "gpu_memory"], "values": [{"value": 0.239990234375, "step": null, "ts": 1643549825.801927}]}, "version": 29}
{"obj": {"type": "LogFloats", "path": ["monitoring", "cpu"], "values": [{"value": 5.6, "step": null, "ts": 1643549835.8027601}]}, "version": 30}
{"obj": {"type": "LogFloats", "path": ["monitoring", "memory"], "values": [{"value": 11.085830688476562, "step": null, "ts": 1643549835.8027601}]}, "version": 31}
{"obj": {"type": "LogFloats", "path": ["monitoring", "gpu"], "values": [{"value": 1.0, "step": null, "ts": 1643549835.8027601}]}, "version": 32}
{"obj": {"type": "LogFloats", "path": ["monitoring", "gpu_memory"], "values": [{"value": 0.239990234375, "step": null, "ts": 1643549835.8027601}]}, "version": 33}
{"obj": {"type": "LogFloats", "path": ["monitoring", "cpu"], "values": [{"value": 18.7, "step": null, "ts": 1643549845.8040826}]}, "version": 34}
{"obj": {"type": "LogFloats", "path": ["monitoring", "memory"], "values": [{"value": 11.318870544433594, "step": null, "ts": 1643549845.8040826}]}, "version": 35}
{"obj": {"type": "LogFloats", "path": ["monitoring", "gpu"], "values": [{"value": 2.0, "step": null, "ts": 1643549845.8040826}]}, "version": 36}
{"obj": {"type": "LogFloats", "path": ["monitoring", "gpu_memory"], "values": [{"value": 0.239990234375, "step": null, "ts": 1643549845.8040826}]}, "version": 37}
{"obj": {"type": "LogFloats", "path": ["monitoring", "cpu"], "values": [{"value": 8.2, "step": null, "ts": 1643549855.8050587}]}, "version": 38}
{"obj": {"type": "LogFloats", "path": ["monitoring", "memory"], "values": [{"value": 11.2364501953125, "step": null, "ts": 1643549855.8050587}]}, "version": 39}
{"obj": {"type": "LogFloats", "path": ["monitoring", "gpu"], "values": [{"value": 2.0, "step": null, "ts": 1643549855.8050587}]}, "version": 40}
{"obj": {"type": "LogFloats", "path": ["monitoring", "gpu_memory"], "values": [{"value": 0.239990234375, "step": null, "ts": 1643549855.8050587}]}, "version": 41}
{"obj": {"type": "LogFloats", "path": ["monitoring", "cpu"], "values": [{"value": 8.8, "step": null, "ts": 1643549865.8059862}]}, "version": 42}
{"obj": {"type": "LogFloats", "path": ["monitoring", "memory"], "values": [{"value": 11.136466979980469, "step": null, "ts": 1643549865.8059862}]}, "version": 43}
{"obj": {"type": "LogFloats", "path": ["monitoring", "gpu"], "values": [{"value": 2.0, "step": null, "ts": 1643549865.8059862}]}, "version": 44}
{"obj": {"type": "LogFloats", "path": ["monitoring", "gpu_memory"], "values": [{"value": 0.239990234375, "step": null, "ts": 1643549865.8059862}]}, "version": 45}
{"obj": {"type": "LogFloats", "path": ["monitoring", "cpu"], "values": [{"value": 7.0, "step": null, "ts": 1643549875.8069565}]}, "version": 46}
{"obj": {"type": "LogFloats", "path": ["monitoring", "memory"], "values": [{"value": 11.162887573242188, "step": null, "ts": 1643549875.8069565}]}, "version": 47}
{"obj": {"type": "LogFloats", "path": ["monitoring", "gpu"], "values": [{"value": 2.0, "step": null, "ts": 1643549875.8069565}]}, "version": 48}
{"obj": {"type": "LogFloats", "path": ["monitoring", "gpu_memory"], "values": [{"value": 0.239990234375, "step": null, "ts": 1643549875.8069565}]}, "version": 49}
{"obj": {"type": "LogFloats", "path": ["monitoring", "cpu"], "values": [{"value": 7.3, "step": null, "ts": 1643549885.8079247}]}, "version": 50}
{"obj": {"type": "LogFloats", "path": ["monitoring", "memory"], "values": [{"value": 11.153717041015625, "step": null, "ts": 1643549885.8079247}]}, "version": 51}
{"obj": {"type": "LogFloats", "path": ["monitoring", "gpu"], "values": [{"value": 2.0, "step": null, "ts": 1643549885.8079247}]}, "version": 52}
{"obj": {"type": "LogFloats", "path": ["monitoring", "gpu_memory"], "values": [{"value": 0.239990234375, "step": null, "ts": 1643549885.8079247}]}, "version": 53}
{"obj": {"type": "LogFloats", "path": ["monitoring", "cpu"], "values": [{"value": 8.5, "step": null, "ts": 1643549895.8088613}]}, "version": 54}
{"obj": {"type": "LogFloats", "path": ["monitoring", "memory"], "values": [{"value": 11.148250579833984, "step": null, "ts": 1643549895.8088613}]}, "version": 55}
{"obj": {"type": "LogFloats", "path": ["monitoring", "gpu"], "values": [{"value": 2.0, "step": null, "ts": 1643549895.8088613}]}, "version": 56}
{"obj": {"type": "LogFloats", "path": ["monitoring", "gpu_memory"], "values": [{"value": 0.239990234375, "step": null, "ts": 1643549895.8088613}]}, "version": 57}
{"obj": {"type": "LogFloats", "path": ["monitoring", "cpu"], "values": [{"value": 10.3, "step": null, "ts": 1643549905.8098192}]}, "version": 58}
{"obj": {"type": "LogFloats", "path": ["monitoring", "memory"], "values": [{"value": 11.152381896972656, "step": null, "ts": 1643549905.8098192}]}, "version": 59}
{"obj": {"type": "LogFloats", "path": ["monitoring", "gpu"], "values": [{"value": 2.0, "step": null, "ts": 1643549905.8098192}]}, "version": 60}
{"obj": {"type": "LogFloats", "path": ["monitoring", "gpu_memory"], "values": [{"value": 0.239990234375, "step": null, "ts": 1643549905.8098192}]}, "version": 61}
{"obj": {"type": "LogFloats", "path": ["monitoring", "cpu"], "values": [{"value": 8.7, "step": null, "ts": 1643549915.8107712}]}, "version": 62}
{"obj": {"type": "LogFloats", "path": ["monitoring", "memory"], "values": [{"value": 11.156013488769531, "step": null, "ts": 1643549915.8107712}]}, "version": 63}
{"obj": {"type": "LogFloats", "path": ["monitoring", "gpu"], "values": [{"value": 2.0, "step": null, "ts": 1643549915.8107712}]}, "version": 64}
{"obj": {"type": "LogFloats", "path": ["monitoring", "gpu_memory"], "values": [{"value": 0.239990234375, "step": null, "ts": 1643549915.8107712}]}, "version": 65}
{"obj": {"type": "LogFloats", "path": ["monitoring", "cpu"], "values": [{"value": 7.7, "step": null, "ts": 1643549925.8117607}]}, "version": 66}
{"obj": {"type": "LogFloats", "path": ["monitoring", "memory"], "values": [{"value": 11.147274017333984, "step": null, "ts": 1643549925.8117607}]}, "version": 67}
{"obj": {"type": "LogFloats", "path": ["monitoring", "gpu"], "values": [{"value": 8.0, "step": null, "ts": 1643549925.8117607}]}, "version": 68}
{"obj": {"type": "LogFloats", "path": ["monitoring", "gpu_memory"], "values": [{"value": 0.239990234375, "step": null, "ts": 1643549925.8117607}]}, "version": 69}
{"obj": {"type": "LogFloats", "path": ["monitoring", "cpu"], "values": [{"value": 6.4, "step": null, "ts": 1643549935.8126283}]}, "version": 70}
{"obj": {"type": "LogFloats", "path": ["monitoring", "memory"], "values": [{"value": 11.144607543945312, "step": null, "ts": 1643549935.8126283}]}, "version": 71}
{"obj": {"type": "LogFloats", "path": ["monitoring", "gpu"], "values": [{"value": 2.0, "step": null, "ts": 1643549935.8126283}]}, "version": 72}
{"obj": {"type": "LogFloats", "path": ["monitoring", "gpu_memory"], "values": [{"value": 0.239990234375, "step": null, "ts": 1643549935.8126283}]}, "version": 73}
{"obj": {"type": "LogFloats", "path": ["monitoring", "cpu"], "values": [{"value": 8.5, "step": null, "ts": 1643549945.8137453}]}, "version": 74}
{"obj": {"type": "LogFloats", "path": ["monitoring", "memory"], "values": [{"value": 11.141956329345703, "step": null, "ts": 1643549945.8137453}]}, "version": 75}
{"obj": {"type": "LogFloats", "path": ["monitoring", "gpu"], "values": [{"value": 2.0, "step": null, "ts": 1643549945.8137453}]}, "version": 76}
{"obj": {"type": "LogFloats", "path": ["monitoring", "gpu_memory"], "values": [{"value": 0.239990234375, "step": null, "ts": 1643549945.8137453}]}, "version": 77}
{"obj": {"type": "LogFloats", "path": ["monitoring", "cpu"], "values": [{"value": 6.9, "step": null, "ts": 1643549955.8147123}]}, "version": 78}
{"obj": {"type": "LogFloats", "path": ["monitoring", "memory"], "values": [{"value": 11.161884307861328, "step": null, "ts": 1643549955.8147123}]}, "version": 79}
{"obj": {"type": "LogFloats", "path": ["monitoring", "gpu"], "values": [{"value": 2.0, "step": null, "ts": 1643549955.8147123}]}, "version": 80}
{"obj": {"type": "LogFloats", "path": ["monitoring", "gpu_memory"], "values": [{"value": 0.239990234375, "step": null, "ts": 1643549955.8147123}]}, "version": 81}
{"obj": {"type": "LogFloats", "path": ["monitoring", "cpu"], "values": [{"value": 9.8, "step": null, "ts": 1643549965.8156502}]}, "version": 82}
{"obj": {"type": "LogFloats", "path": ["monitoring", "memory"], "values": [{"value": 11.166046142578125, "step": null, "ts": 1643549965.8156502}]}, "version": 83}
{"obj": {"type": "LogFloats", "path": ["monitoring", "gpu"], "values": [{"value": 2.0, "step": null, "ts": 1643549965.8156502}]}, "version": 84}
{"obj": {"type": "LogFloats", "path": ["monitoring", "gpu_memory"], "values": [{"value": 0.239990234375, "step": null, "ts": 1643549965.8156502}]}, "version": 85}
{"obj": {"type": "LogFloats", "path": ["monitoring", "cpu"], "values": [{"value": 8.6, "step": null, "ts": 1643549975.8165472}]}, "version": 86}
{"obj": {"type": "LogFloats", "path": ["monitoring", "memory"], "values": [{"value": 11.159427642822266, "step": null, "ts": 1643549975.8165472}]}, "version": 87}
{"obj": {"type": "LogFloats", "path": ["monitoring", "gpu"], "values": [{"value": 2.0, "step": null, "ts": 1643549975.8165472}]}, "version": 88}
{"obj": {"type": "LogFloats", "path": ["monitoring", "gpu_memory"], "values": [{"value": 0.239990234375, "step": null, "ts": 1643549975.8165472}]}, "version": 89}
{"obj": {"type": "LogFloats", "path": ["monitoring", "cpu"], "values": [{"value": 8.3, "step": null, "ts": 1643549985.8178911}]}, "version": 90}
{"obj": {"type": "LogFloats", "path": ["monitoring", "memory"], "values": [{"value": 11.164474487304688, "step": null, "ts": 1643549985.8178911}]}, "version": 91}
{"obj": {"type": "LogFloats", "path": ["monitoring", "gpu"], "values": [{"value": 6.0, "step": null, "ts": 1643549985.8178911}]}, "version": 92}
{"obj": {"type": "LogFloats", "path": ["monitoring", "gpu_memory"], "values": [{"value": 0.239990234375, "step": null, "ts": 1643549985.8178911}]}, "version": 93}
{"obj": {"type": "LogFloats", "path": ["monitoring", "cpu"], "values": [{"value": 6.4, "step": null, "ts": 1643549995.8187876}]}, "version": 94}
{"obj": {"type": "LogFloats", "path": ["monitoring", "memory"], "values": [{"value": 11.151504516601562, "step": null, "ts": 1643549995.8187876}]}, "version": 95}
{"obj": {"type": "LogFloats", "path": ["monitoring", "gpu"], "values": [{"value": 2.0, "step": null, "ts": 1643549995.8187876}]}, "version": 96}
{"obj": {"type": "LogFloats", "path": ["monitoring", "gpu_memory"], "values": [{"value": 0.239990234375, "step": null, "ts": 1643549995.8187876}]}, "version": 97}
{"obj": {"type": "LogFloats", "path": ["monitoring", "cpu"], "values": [{"value": 7.6, "step": null, "ts": 1643550005.8197172}]}, "version": 98}
{"obj": {"type": "LogFloats", "path": ["monitoring", "memory"], "values": [{"value": 11.145854949951172, "step": null, "ts": 1643550005.8197172}]}, "version": 99}
{"obj": {"type": "LogFloats", "path": ["monitoring", "gpu"], "values": [{"value": 2.0, "step": null, "ts": 1643550005.8197172}]}, "version": 100}
{"obj": {"type": "LogFloats", "path": ["monitoring", "gpu_memory"], "values": [{"value": 0.239990234375, "step": null, "ts": 1643550005.8197172}]}, "version": 101}
{"obj": {"type": "LogFloats", "path": ["monitoring", "cpu"], "values": [{"value": 6.9, "step": null, "ts": 1643550015.8207948}]}, "version": 102}
{"obj": {"type": "LogFloats", "path": ["monitoring", "memory"], "values": [{"value": 11.1456298828125, "step": null, "ts": 1643550015.8207948}]}, "version": 103}
{"obj": {"type": "LogFloats", "path": ["monitoring", "gpu"], "values": [{"value": 2.0, "step": null, "ts": 1643550015.8207948}]}, "version": 104}
{"obj": {"type": "LogFloats", "path": ["monitoring", "gpu_memory"], "values": [{"value": 0.239990234375, "step": null, "ts": 1643550015.8207948}]}, "version": 105}
{"obj": {"type": "LogFloats", "path": ["monitoring", "cpu"], "values": [{"value": 7.3, "step": null, "ts": 1643550025.8217037}]}, "version": 106}
{"obj": {"type": "LogFloats", "path": ["monitoring", "memory"], "values": [{"value": 11.154033660888672, "step": null, "ts": 1643550025.8217037}]}, "version": 107}
{"obj": {"type": "LogFloats", "path": ["monitoring", "gpu"], "values": [{"value": 2.0, "step": null, "ts": 1643550025.8217037}]}, "version": 108}
{"obj": {"type": "LogFloats", "path": ["monitoring", "gpu_memory"], "values": [{"value": 0.239990234375, "step": null, "ts": 1643550025.8217037}]}, "version": 109}
{"obj": {"type": "LogFloats", "path": ["monitoring", "cpu"], "values": [{"value": 7.9, "step": null, "ts": 1643550035.8226104}]}, "version": 110}
{"obj": {"type": "LogFloats", "path": ["monitoring", "memory"], "values": [{"value": 11.150646209716797, "step": null, "ts": 1643550035.8226104}]}, "version": 111}
{"obj": {"type": "LogFloats", "path": ["monitoring", "gpu"], "values": [{"value": 2.0, "step": null, "ts": 1643550035.8226104}]}, "version": 112}
{"obj": {"type": "LogFloats", "path": ["monitoring", "gpu_memory"], "values": [{"value": 0.239990234375, "step": null, "ts": 1643550035.8226104}]}, "version": 113}
{"obj": {"type": "LogFloats", "path": ["monitoring", "cpu"], "values": [{"value": 7.8, "step": null, "ts": 1643550045.8236651}]}, "version": 114}
{"obj": {"type": "LogFloats", "path": ["monitoring", "memory"], "values": [{"value": 11.150394439697266, "step": null, "ts": 1643550045.8236651}]}, "version": 115}
{"obj": {"type": "LogFloats", "path": ["monitoring", "gpu"], "values": [{"value": 2.0, "step": null, "ts": 1643550045.8236651}]}, "version": 116}
{"obj": {"type": "LogFloats", "path": ["monitoring", "gpu_memory"], "values": [{"value": 0.239990234375, "step": null, "ts": 1643550045.8236651}]}, "version": 117}
{"obj": {"type": "LogFloats", "path": ["monitoring", "cpu"], "values": [{"value": 7.3, "step": null, "ts": 1643550055.8246431}]}, "version": 118}
{"obj": {"type": "LogFloats", "path": ["monitoring", "memory"], "values": [{"value": 11.146728515625, "step": null, "ts": 1643550055.8246431}]}, "version": 119}
{"obj": {"type": "LogFloats", "path": ["monitoring", "gpu"], "values": [{"value": 2.0, "step": null, "ts": 1643550055.8246431}]}, "version": 120}
{"obj": {"type": "LogFloats", "path": ["monitoring", "gpu_memory"], "values": [{"value": 0.239990234375, "step": null, "ts": 1643550055.8246431}]}, "version": 121}
{"obj": {"type": "LogFloats", "path": ["monitoring", "cpu"], "values": [{"value": 6.7, "step": null, "ts": 1643550065.8256583}]}, "version": 122}
{"obj": {"type": "LogFloats", "path": ["monitoring", "memory"], "values": [{"value": 11.202720642089844, "step": null, "ts": 1643550065.8256583}]}, "version": 123}
{"obj": {"type": "LogFloats", "path": ["monitoring", "gpu"], "values": [{"value": 4.0, "step": null, "ts": 1643550065.8256583}]}, "version": 124}
{"obj": {"type": "LogFloats", "path": ["monitoring", "gpu_memory"], "values": [{"value": 0.239990234375, "step": null, "ts": 1643550065.8256583}]}, "version": 125}
{"obj": {"type": "LogFloats", "path": ["monitoring", "cpu"], "values": [{"value": 7.8, "step": null, "ts": 1643550075.8266373}]}, "version": 126}
{"obj": {"type": "LogFloats", "path": ["monitoring", "memory"], "values": [{"value": 11.185249328613281, "step": null, "ts": 1643550075.8266373}]}, "version": 127}
{"obj": {"type": "LogFloats", "path": ["monitoring", "gpu"], "values": [{"value": 7.0, "step": null, "ts": 1643550075.8266373}]}, "version": 128}
{"obj": {"type": "LogFloats", "path": ["monitoring", "gpu_memory"], "values": [{"value": 0.239990234375, "step": null, "ts": 1643550075.8266373}]}, "version": 129}
{"obj": {"type": "LogFloats", "path": ["monitoring", "cpu"], "values": [{"value": 7.3, "step": null, "ts": 1643550085.8275044}]}, "version": 130}
{"obj": {"type": "LogFloats", "path": ["monitoring", "memory"], "values": [{"value": 11.175647735595703, "step": null, "ts": 1643550085.8275044}]}, "version": 131}
{"obj": {"type": "LogFloats", "path": ["monitoring", "gpu"], "values": [{"value": 5.0, "step": null, "ts": 1643550085.8275044}]}, "version": 132}
{"obj": {"type": "LogFloats", "path": ["monitoring", "gpu_memory"], "values": [{"value": 0.239990234375, "step": null, "ts": 1643550085.8275044}]}, "version": 133}
{"obj": {"type": "LogFloats", "path": ["monitoring", "cpu"], "values": [{"value": 8.3, "step": null, "ts": 1643550095.828445}]}, "version": 134}
{"obj": {"type": "LogFloats", "path": ["monitoring", "memory"], "values": [{"value": 11.171356201171875, "step": null, "ts": 1643550095.828445}]}, "version": 135}
{"obj": {"type": "LogFloats", "path": ["monitoring", "gpu"], "values": [{"value": 31.0, "step": null, "ts": 1643550095.828445}]}, "version": 136}
{"obj": {"type": "LogFloats", "path": ["monitoring", "gpu_memory"], "values": [{"value": 0.239990234375, "step": null, "ts": 1643550095.828445}]}, "version": 137}
{"obj": {"type": "LogFloats", "path": ["monitoring", "cpu"], "values": [{"value": 12.4, "step": null, "ts": 1643550105.829527}]}, "version": 138}
{"obj": {"type": "LogFloats", "path": ["monitoring", "memory"], "values": [{"value": 11.170475006103516, "step": null, "ts": 1643550105.829527}]}, "version": 139}
{"obj": {"type": "LogFloats", "path": ["monitoring", "gpu"], "values": [{"value": 1.0, "step": null, "ts": 1643550105.829527}]}, "version": 140}
{"obj": {"type": "LogFloats", "path": ["monitoring", "gpu_memory"], "values": [{"value": 0.239990234375, "step": null, "ts": 1643550105.829527}]}, "version": 141}
{"obj": {"type": "LogFloats", "path": ["monitoring", "cpu"], "values": [{"value": 10.4, "step": null, "ts": 1643550115.8306038}]}, "version": 142}
{"obj": {"type": "LogFloats", "path": ["monitoring", "memory"], "values": [{"value": 11.161529541015625, "step": null, "ts": 1643550115.8306038}]}, "version": 143}
{"obj": {"type": "LogFloats", "path": ["monitoring", "gpu"], "values": [{"value": 2.0, "step": null, "ts": 1643550115.8306038}]}, "version": 144}
{"obj": {"type": "LogFloats", "path": ["monitoring", "gpu_memory"], "values": [{"value": 0.239990234375, "step": null, "ts": 1643550115.8306038}]}, "version": 145}
{"obj": {"type": "LogFloats", "path": ["monitoring", "cpu"], "values": [{"value": 10.4, "step": null, "ts": 1643550125.831781}]}, "version": 146}
{"obj": {"type": "LogFloats", "path": ["monitoring", "memory"], "values": [{"value": 11.178276062011719, "step": null, "ts": 1643550125.831781}]}, "version": 147}
{"obj": {"type": "LogFloats", "path": ["monitoring", "gpu"], "values": [{"value": 2.0, "step": null, "ts": 1643550125.831781}]}, "version": 148}
{"obj": {"type": "LogFloats", "path": ["monitoring", "gpu_memory"], "values": [{"value": 0.239990234375, "step": null, "ts": 1643550125.831781}]}, "version": 149}
{"obj": {"type": "LogFloats", "path": ["monitoring", "cpu"], "values": [{"value": 7.3, "step": null, "ts": 1643550135.832693}]}, "version": 150}
{"obj": {"type": "LogFloats", "path": ["monitoring", "memory"], "values": [{"value": 11.208946228027344, "step": null, "ts": 1643550135.832693}]}, "version": 151}
{"obj": {"type": "LogFloats", "path": ["monitoring", "gpu"], "values": [{"value": 2.0, "step": null, "ts": 1643550135.832693}]}, "version": 152}
{"obj": {"type": "LogFloats", "path": ["monitoring", "gpu_memory"], "values": [{"value": 0.239990234375, "step": null, "ts": 1643550135.832693}]}, "version": 153}
{"obj": {"type": "LogFloats", "path": ["monitoring", "cpu"], "values": [{"value": 5.7, "step": null, "ts": 1643550145.833586}]}, "version": 154}
{"obj": {"type": "LogFloats", "path": ["monitoring", "memory"], "values": [{"value": 11.203250885009766, "step": null, "ts": 1643550145.833586}]}, "version": 155}
{"obj": {"type": "LogFloats", "path": ["monitoring", "gpu"], "values": [{"value": 2.0, "step": null, "ts": 1643550145.833586}]}, "version": 156}
{"obj": {"type": "LogFloats", "path": ["monitoring", "gpu_memory"], "values": [{"value": 0.239990234375, "step": null, "ts": 1643550145.833586}]}, "version": 157}
{"obj": {"type": "LogFloats", "path": ["monitoring", "cpu"], "values": [{"value": 7.0, "step": null, "ts": 1643550155.8345425}]}, "version": 158}
{"obj": {"type": "LogFloats", "path": ["monitoring", "memory"], "values": [{"value": 11.200305938720703, "step": null, "ts": 1643550155.8345425}]}, "version": 159}
{"obj": {"type": "LogFloats", "path": ["monitoring", "gpu"], "values": [{"value": 2.0, "step": null, "ts": 1643550155.8345425}]}, "version": 160}
{"obj": {"type": "LogFloats", "path": ["monitoring", "gpu_memory"], "values": [{"value": 0.239990234375, "step": null, "ts": 1643550155.8345425}]}, "version": 161}
{"obj": {"type": "LogFloats", "path": ["monitoring", "cpu"], "values": [{"value": 6.1, "step": null, "ts": 1643550165.835728}]}, "version": 162}
{"obj": {"type": "LogFloats", "path": ["monitoring", "memory"], "values": [{"value": 11.204227447509766, "step": null, "ts": 1643550165.835728}]}, "version": 163}
{"obj": {"type": "LogFloats", "path": ["monitoring", "gpu"], "values": [{"value": 2.0, "step": null, "ts": 1643550165.835728}]}, "version": 164}
{"obj": {"type": "LogFloats", "path": ["monitoring", "gpu_memory"], "values": [{"value": 0.239990234375, "step": null, "ts": 1643550165.835728}]}, "version": 165}
{"obj": {"type": "LogFloats", "path": ["monitoring", "cpu"], "values": [{"value": 6.2, "step": null, "ts": 1643550175.8367484}]}, "version": 166}
{"obj": {"type": "LogFloats", "path": ["monitoring", "memory"], "values": [{"value": 11.194923400878906, "step": null, "ts": 1643550175.8367484}]}, "version": 167}
{"obj": {"type": "LogFloats", "path": ["monitoring", "gpu"], "values": [{"value": 2.0, "step": null, "ts": 1643550175.8367484}]}, "version": 168}
{"obj": {"type": "LogFloats", "path": ["monitoring", "gpu_memory"], "values": [{"value": 0.239990234375, "step": null, "ts": 1643550175.8367484}]}, "version": 169}
{"obj": {"type": "LogFloats", "path": ["monitoring", "cpu"], "values": [{"value": 6.5, "step": null, "ts": 1643550185.8381586}]}, "version": 170}
{"obj": {"type": "LogFloats", "path": ["monitoring", "memory"], "values": [{"value": 11.19607162475586, "step": null, "ts": 1643550185.8381586}]}, "version": 171}
{"obj": {"type": "LogFloats", "path": ["monitoring", "gpu"], "values": [{"value": 2.0, "step": null, "ts": 1643550185.8381586}]}, "version": 172}
{"obj": {"type": "LogFloats", "path": ["monitoring", "gpu_memory"], "values": [{"value": 0.239990234375, "step": null, "ts": 1643550185.8381586}]}, "version": 173}
{"obj": {"type": "LogFloats", "path": ["monitoring", "cpu"], "values": [{"value": 11.1, "step": null, "ts": 1643550195.8391125}]}, "version": 174}
{"obj": {"type": "LogFloats", "path": ["monitoring", "memory"], "values": [{"value": 11.244544982910156, "step": null, "ts": 1643550195.8391125}]}, "version": 175}
{"obj": {"type": "LogFloats", "path": ["monitoring", "gpu"], "values": [{"value": 3.0, "step": null, "ts": 1643550195.8391125}]}, "version": 176}
{"obj": {"type": "LogFloats", "path": ["monitoring", "gpu_memory"], "values": [{"value": 0.239990234375, "step": null, "ts": 1643550195.8391125}]}, "version": 177}
{"obj": {"type": "LogStrings", "path": ["monitoring", "stdout"], "values": [{"value": "Shutting down background jobs, please wait a moment...\n", "step": null, "ts": 1643550203.7274792}]}, "version": 178}
