{"obj": {"type": "AssignString", "path": ["sys", "name"], "value": "Untitled"}, "version": 1}
{"obj": {"type": "AssignString", "path": ["sys", "description"], "value": ""}, "version": 2}
{"obj": {"type": "AssignString", "path": ["sys", "hostname"], "value": "xhnfly-Strix-GL504GS-S5CS"}, "version": 3}
{"obj": {"type": "AssignBool", "path": ["sys", "failed"], "value": false}, "version": 4}
{"obj": {"type": "ClearStringLog", "path": ["monitoring", "stdout"]}, "version": 5}
{"obj": {"type": "ClearStringLog", "path": ["monitoring", "stderr"]}, "version": 6}
{"obj": {"type": "ConfigFloatSeries", "path": ["monitoring", "cpu"], "min": 0.0, "max": 100.0, "unit": "%"}, "version": 7}
{"obj": {"type": "ClearFloatLog", "path": ["monitoring", "cpu"]}, "version": 8}
{"obj": {"type": "ConfigFloatSeries", "path": ["monitoring", "memory"], "min": 0.0, "max": 31.287979125976562, "unit": "GB"}, "version": 9}
{"obj": {"type": "ClearFloatLog", "path": ["monitoring", "memory"]}, "version": 10}
{"obj": {"type": "ConfigFloatSeries", "path": ["monitoring", "gpu"], "min": 0.0, "max": 100.0, "unit": "%"}, "version": 11}
{"obj": {"type": "ClearFloatLog", "path": ["monitoring", "gpu"]}, "version": 12}
{"obj": {"type": "ConfigFloatSeries", "path": ["monitoring", "gpu_memory"], "min": 0.0, "max": 7.9210205078125, "unit": "GB"}, "version": 13}
{"obj": {"type": "ClearFloatLog", "path": ["monitoring", "gpu_memory"]}, "version": 14}
{"obj": {"type": "LogStrings", "path": ["monitoring", "stdout"], "values": [{"value": "", "step": null, "ts": 1643465493.4709113}]}, "version": 15}
{"obj": {"type": "LogStrings", "path": ["monitoring", "stdout"], "values": [{"value": "Remember to stop your run once you\u2019ve finished logging your metadata (https://docs.neptune.ai/api-reference/run#.stop). It will be stopped automatically only when the notebook kernel/interactive console is terminated.\n", "step": null, "ts": 1643465493.471681}]}, "version": 16}
{"obj": {"type": "LogFloats", "path": ["monitoring", "cpu"], "values": [{"value": 34.0, "step": null, "ts": 1643465493.468116}]}, "version": 17}
{"obj": {"type": "LogFloats", "path": ["monitoring", "memory"], "values": [{"value": 21.49843978881836, "step": null, "ts": 1643465493.468116}]}, "version": 18}
{"obj": {"type": "LogFloats", "path": ["monitoring", "gpu"], "values": [{"value": 23.0, "step": null, "ts": 1643465493.468116}]}, "version": 19}
{"obj": {"type": "LogFloats", "path": ["monitoring", "gpu_memory"], "values": [{"value": 0.208740234375, "step": null, "ts": 1643465493.468116}]}, "version": 20}
{"obj": {"type": "LogStrings", "path": ["monitoring", "stdout"], "values": [{"value": "device = ", "step": null, "ts": 1643465497.2806203}]}, "version": 21}
{"obj": {"type": "LogStrings", "path": ["monitoring", "stdout"], "values": [{"value": " ", "step": null, "ts": 1643465497.2809305}]}, "version": 22}
{"obj": {"type": "LogStrings", "path": ["monitoring", "stdout"], "values": [{"value": "cuda", "step": null, "ts": 1643465497.2810347}]}, "version": 23}
{"obj": {"type": "LogStrings", "path": ["monitoring", "stdout"], "values": [{"value": "\n", "step": null, "ts": 1643465497.2811923}]}, "version": 24}
{"obj": {"type": "AssignFloat", "path": ["parameters", "dropout"], "value": 0.2}, "version": 25}
{"obj": {"type": "AssignFloat", "path": ["parameters", "learning_rate"], "value": 0.001}, "version": 26}
{"obj": {"type": "AssignString", "path": ["parameters", "optimizer"], "value": "Adam"}, "version": 27}
{"obj": {"type": "AssignInt", "path": ["parameters", "hid"], "value": 512}, "version": 28}
{"obj": {"type": "AssignInt", "path": ["parameters", "l"], "value": 3}, "version": 29}
{"obj": {"type": "AssignInt", "path": ["parameters", "seed"], "value": 0}, "version": 30}
{"obj": {"type": "AssignInt", "path": ["parameters", "steps_per_epoch"], "value": 3000}, "version": 31}
{"obj": {"type": "AssignInt", "path": ["parameters", "steps_video"], "value": 30000}, "version": 32}
{"obj": {"type": "AssignInt", "path": ["parameters", "epochs"], "value": 100}, "version": 33}
{"obj": {"type": "AssignInt", "path": ["parameters", "replay_size"], "value": 10000000}, "version": 34}
{"obj": {"type": "AssignFloat", "path": ["parameters", "gamma"], "value": 0.99}, "version": 35}
{"obj": {"type": "AssignFloat", "path": ["parameters", "polyak"], "value": 0.995}, "version": 36}
{"obj": {"type": "AssignFloat", "path": ["parameters", "pi_lr"], "value": 0.0001}, "version": 37}
{"obj": {"type": "AssignFloat", "path": ["parameters", "q_lr"], "value": 0.0001}, "version": 38}
{"obj": {"type": "AssignInt", "path": ["parameters", "batch_size"], "value": 1000}, "version": 39}
{"obj": {"type": "AssignInt", "path": ["parameters", "start_steps"], "value": 10000}, "version": 40}
{"obj": {"type": "AssignInt", "path": ["parameters", "update_after"], "value": 2000}, "version": 41}
{"obj": {"type": "AssignInt", "path": ["parameters", "update_every"], "value": 100}, "version": 42}
{"obj": {"type": "AssignFloat", "path": ["parameters", "act_noise"], "value": 0.01}, "version": 43}
{"obj": {"type": "AssignInt", "path": ["parameters", "num_test_episodes"], "value": 1}, "version": 44}
{"obj": {"type": "AssignInt", "path": ["parameters", "max_ep_len"], "value": 1000}, "version": 45}
{"obj": {"type": "LogStrings", "path": ["monitoring", "stdout"], "values": [{"value": "obs_dim = ", "step": null, "ts": 1643465497.415127}]}, "version": 46}
{"obj": {"type": "LogStrings", "path": ["monitoring", "stdout"], "values": [{"value": " ", "step": null, "ts": 1643465497.4152348}]}, "version": 47}
{"obj": {"type": "LogStrings", "path": ["monitoring", "stdout"], "values": [{"value": "47", "step": null, "ts": 1643465497.4155717}]}, "version": 48}
{"obj": {"type": "LogStrings", "path": ["monitoring", "stdout"], "values": [{"value": "\n", "step": null, "ts": 1643465497.4157264}]}, "version": 49}
{"obj": {"type": "LogStrings", "path": ["monitoring", "stdout"], "values": [{"value": "act_dim = ", "step": null, "ts": 1643465497.4159355}]}, "version": 50}
{"obj": {"type": "LogStrings", "path": ["monitoring", "stdout"], "values": [{"value": " ", "step": null, "ts": 1643465497.4160635}]}, "version": 51}
{"obj": {"type": "LogStrings", "path": ["monitoring", "stdout"], "values": [{"value": "7", "step": null, "ts": 1643465497.4161983}]}, "version": 52}
{"obj": {"type": "LogStrings", "path": ["monitoring", "stdout"], "values": [{"value": "\n", "step": null, "ts": 1643465497.4163182}]}, "version": 53}
{"obj": {"type": "LogStrings", "path": ["monitoring", "stdout"], "values": [{"value": "act_limit = ", "step": null, "ts": 1643465497.416536}]}, "version": 54}
{"obj": {"type": "LogStrings", "path": ["monitoring", "stdout"], "values": [{"value": " ", "step": null, "ts": 1643465497.4166644}]}, "version": 55}
{"obj": {"type": "LogStrings", "path": ["monitoring", "stdout"], "values": [{"value": "1", "step": null, "ts": 1643465497.416777}]}, "version": 56}
{"obj": {"type": "LogStrings", "path": ["monitoring", "stdout"], "values": [{"value": "\n", "step": null, "ts": 1643465497.4168863}]}, "version": 57}
{"obj": {"type": "LogStrings", "path": ["monitoring", "stderr"], "values": [{"value": "\r  0%|          | 0/300000 [00:00<?, ?it/s]", "step": null, "ts": 1643465500.0930738}]}, "version": 58}
{"obj": {"type": "LogStrings", "path": ["monitoring", "stderr"], "values": [{"value": "\r  0%|          | 2/300000 [00:00<5:22:30, 15.50it/s]", "step": null, "ts": 1643465500.22303}]}, "version": 59}
{"obj": {"type": "LogStrings", "path": ["monitoring", "stderr"], "values": [{"value": "\r  0%|          | 7/300000 [00:00<2:31:42, 32.96it/s]", "step": null, "ts": 1643465500.3269024}]}, "version": 60}
{"obj": {"type": "LogStrings", "path": ["monitoring", "stderr"], "values": [{"value": "\r  0%|          | 13/300000 [00:00<1:57:45, 42.46it/s]", "step": null, "ts": 1643465500.4377477}]}, "version": 61}
{"obj": {"type": "LogStrings", "path": ["monitoring", "stderr"], "values": [{"value": "\r  0%|          | 19/300000 [00:00<1:45:35, 47.35it/s]", "step": null, "ts": 1643465500.5467362}]}, "version": 62}
{"obj": {"type": "LogStrings", "path": ["monitoring", "stderr"], "values": [{"value": "\r  0%|          | 25/300000 [00:00<1:43:13, 48.44it/s]", "step": null, "ts": 1643465500.6660535}]}, "version": 63}
{"obj": {"type": "LogStrings", "path": ["monitoring", "stderr"], "values": [{"value": "\r  0%|          | 31/300000 [00:00<1:40:08, 49.92it/s]", "step": null, "ts": 1643465500.779657}]}, "version": 64}
{"obj": {"type": "LogStrings", "path": ["monitoring", "stderr"], "values": [{"value": "\r  0%|          | 37/300000 [00:00<1:37:19, 51.37it/s]", "step": null, "ts": 1643465500.8898194}]}, "version": 65}
{"obj": {"type": "LogStrings", "path": ["monitoring", "stderr"], "values": [{"value": "\r  0%|          | 43/300000 [00:00<1:35:00, 52.62it/s]", "step": null, "ts": 1643465500.9981084}]}, "version": 66}
{"obj": {"type": "LogStrings", "path": ["monitoring", "stderr"], "values": [{"value": "\r  0%|          | 49/300000 [00:01<1:33:00, 53.75it/s]", "step": null, "ts": 1643465501.104648}]}, "version": 67}
{"obj": {"type": "LogStrings", "path": ["monitoring", "stderr"], "values": [{"value": "\r  0%|          | 55/300000 [00:01<1:31:40, 54.53it/s]", "step": null, "ts": 1643465501.2111144}]}, "version": 68}
{"obj": {"type": "LogStrings", "path": ["monitoring", "stderr"], "values": [{"value": "\r  0%|          | 61/300000 [00:01<1:30:39, 55.14it/s]", "step": null, "ts": 1643465501.317177}]}, "version": 69}
{"obj": {"type": "LogStrings", "path": ["monitoring", "stderr"], "values": [{"value": "\r  0%|          | 67/300000 [00:01<1:29:47, 55.68it/s]", "step": null, "ts": 1643465501.4227395}]}, "version": 70}
{"obj": {"type": "LogStrings", "path": ["monitoring", "stderr"], "values": [{"value": "\r  0%|          | 73/300000 [00:01<1:29:34, 55.80it/s]", "step": null, "ts": 1643465501.529541}]}, "version": 71}
{"obj": {"type": "LogStrings", "path": ["monitoring", "stderr"], "values": [{"value": "\r  0%|          | 79/300000 [00:01<1:30:18, 55.35it/s]", "step": null, "ts": 1643465501.6400049}]}, "version": 72}
{"obj": {"type": "LogStrings", "path": ["monitoring", "stderr"], "values": [{"value": "\r  0%|          | 85/300000 [00:01<1:30:59, 54.93it/s]", "step": null, "ts": 1643465501.7511082}]}, "version": 73}
{"obj": {"type": "LogStrings", "path": ["monitoring", "stderr"], "values": [{"value": "\r  0%|          | 91/300000 [00:01<1:30:51, 55.01it/s]", "step": null, "ts": 1643465501.8598292}]}, "version": 74}
{"obj": {"type": "LogStrings", "path": ["monitoring", "stderr"], "values": [{"value": "\r  0%|          | 97/300000 [00:01<1:32:24, 54.09it/s]", "step": null, "ts": 1643465501.9750323}]}, "version": 75}
{"obj": {"type": "LogStrings", "path": ["monitoring", "stderr"], "values": [{"value": "\r  0%|          | 103/300000 [00:01<1:32:59, 53.75it/s]", "step": null, "ts": 1643465502.0882995}]}, "version": 76}
{"obj": {"type": "LogStrings", "path": ["monitoring", "stderr"], "values": [{"value": "\r  0%|          | 109/300000 [00:02<1:32:54, 53.80it/s]", "step": null, "ts": 1643465502.1996224}]}, "version": 77}
{"obj": {"type": "LogStrings", "path": ["monitoring", "stderr"], "values": [{"value": "\r  0%|          | 115/300000 [00:02<1:32:56, 53.78it/s]", "step": null, "ts": 1643465502.3113172}]}, "version": 78}
{"obj": {"type": "LogStrings", "path": ["monitoring", "stderr"], "values": [{"value": "\r  0%|          | 121/300000 [00:02<1:32:18, 54.15it/s]", "step": null, "ts": 1643465502.4203045}]}, "version": 79}
{"obj": {"type": "LogStrings", "path": ["monitoring", "stderr"], "values": [{"value": "\r  0%|          | 127/300000 [00:02<1:31:53, 54.39it/s]", "step": null, "ts": 1643465502.5295253}]}, "version": 80}
{"obj": {"type": "LogStrings", "path": ["monitoring", "stderr"], "values": [{"value": "\r  0%|          | 133/300000 [00:02<1:31:48, 54.44it/s]", "step": null, "ts": 1643465502.6394868}]}, "version": 81}
{"obj": {"type": "LogStrings", "path": ["monitoring", "stderr"], "values": [{"value": "\r  0%|          | 139/300000 [00:02<1:31:23, 54.68it/s]", "step": null, "ts": 1643465502.7480574}]}, "version": 82}
{"obj": {"type": "LogStrings", "path": ["monitoring", "stderr"], "values": [{"value": "\r  0%|          | 145/300000 [00:02<1:29:52, 55.61it/s]", "step": null, "ts": 1643465502.851683}]}, "version": 83}
{"obj": {"type": "LogStrings", "path": ["monitoring", "stderr"], "values": [{"value": "\r  0%|          | 151/300000 [00:02<1:28:46, 56.30it/s]", "step": null, "ts": 1643465502.9551709}]}, "version": 84}
{"obj": {"type": "LogStrings", "path": ["monitoring", "stderr"], "values": [{"value": "\r  0%|          | 157/300000 [00:02<1:27:50, 56.89it/s]", "step": null, "ts": 1643465503.0582156}]}, "version": 85}
{"obj": {"type": "LogStrings", "path": ["monitoring", "stderr"], "values": [{"value": "\r  0%|          | 163/300000 [00:03<1:27:48, 56.91it/s]", "step": null, "ts": 1643465503.1634}]}, "version": 86}
{"obj": {"type": "LogStrings", "path": ["monitoring", "stderr"], "values": [{"value": "\r  0%|          | 169/300000 [00:03<1:28:44, 56.31it/s]", "step": null, "ts": 1643465503.27275}]}, "version": 87}
{"obj": {"type": "LogStrings", "path": ["monitoring", "stderr"], "values": [{"value": "\r  0%|          | 175/300000 [00:03<1:29:45, 55.67it/s]", "step": null, "ts": 1643465503.3831942}]}, "version": 88}
{"obj": {"type": "LogFloats", "path": ["monitoring", "cpu"], "values": [{"value": 21.0, "step": null, "ts": 1643465503.4743595}]}, "version": 89}
{"obj": {"type": "LogFloats", "path": ["monitoring", "memory"], "values": [{"value": 25.371536254882812, "step": null, "ts": 1643465503.4743595}]}, "version": 90}
{"obj": {"type": "LogFloats", "path": ["monitoring", "gpu"], "values": [{"value": 3.0, "step": null, "ts": 1643465503.4743595}]}, "version": 91}
{"obj": {"type": "LogFloats", "path": ["monitoring", "gpu_memory"], "values": [{"value": 0.9149169921875, "step": null, "ts": 1643465503.4743595}]}, "version": 92}
{"obj": {"type": "LogStrings", "path": ["monitoring", "stderr"], "values": [{"value": "\r  0%|          | 181/300000 [00:03<1:29:40, 55.72it/s]", "step": null, "ts": 1643465503.4906192}]}, "version": 93}
{"obj": {"type": "LogStrings", "path": ["monitoring", "stderr"], "values": [{"value": "\r  0%|          | 187/300000 [00:03<1:28:39, 56.36it/s]", "step": null, "ts": 1643465503.5943692}]}, "version": 94}
{"obj": {"type": "LogStrings", "path": ["monitoring", "stderr"], "values": [{"value": "\r  0%|          | 193/300000 [00:03<1:28:25, 56.51it/s]", "step": null, "ts": 1643465503.6997638}]}, "version": 95}
{"obj": {"type": "LogStrings", "path": ["monitoring", "stderr"], "values": [{"value": "\r  0%|          | 199/300000 [00:03<1:30:12, 55.39it/s]", "step": null, "ts": 1643465503.8131173}]}, "version": 96}
{"obj": {"type": "LogStrings", "path": ["monitoring", "stderr"], "values": [{"value": "\r  0%|          | 205/300000 [00:03<1:30:39, 55.12it/s]", "step": null, "ts": 1643465503.9232178}]}, "version": 97}
{"obj": {"type": "LogStrings", "path": ["monitoring", "stderr"], "values": [{"value": "\r  0%|          | 211/300000 [00:03<1:31:19, 54.71it/s]", "step": null, "ts": 1643465504.034828}]}, "version": 98}
{"obj": {"type": "LogStrings", "path": ["monitoring", "stderr"], "values": [{"value": "\r  0%|          | 217/300000 [00:04<1:31:40, 54.50it/s]", "step": null, "ts": 1643465504.1459303}]}, "version": 99}
{"obj": {"type": "LogStrings", "path": ["monitoring", "stderr"], "values": [{"value": "\r  0%|          | 223/300000 [00:04<1:31:58, 54.33it/s]", "step": null, "ts": 1643465504.2571294}]}, "version": 100}
{"obj": {"type": "LogStrings", "path": ["monitoring", "stderr"], "values": [{"value": "\r  0%|          | 229/300000 [00:04<1:32:39, 53.92it/s]", "step": null, "ts": 1643465504.3703878}]}, "version": 101}
{"obj": {"type": "LogStrings", "path": ["monitoring", "stderr"], "values": [{"value": "\r  0%|          | 235/300000 [00:04<1:32:35, 53.96it/s]", "step": null, "ts": 1643465504.481403}]}, "version": 102}
{"obj": {"type": "LogStrings", "path": ["monitoring", "stderr"], "values": [{"value": "\r  0%|          | 241/300000 [00:04<1:32:06, 54.24it/s]", "step": null, "ts": 1643465504.590631}]}, "version": 103}
{"obj": {"type": "LogStrings", "path": ["monitoring", "stderr"], "values": [{"value": "\r  0%|          | 247/300000 [00:04<1:31:08, 54.82it/s]", "step": null, "ts": 1643465504.6973765}]}, "version": 104}
{"obj": {"type": "LogStrings", "path": ["monitoring", "stderr"], "values": [{"value": "\r  0%|          | 253/300000 [00:04<1:30:42, 55.07it/s]", "step": null, "ts": 1643465504.8051538}]}, "version": 105}
{"obj": {"type": "LogStrings", "path": ["monitoring", "stderr"], "values": [{"value": "\r  0%|          | 259/300000 [00:04<1:31:21, 54.68it/s]", "step": null, "ts": 1643465504.9167018}]}, "version": 106}
{"obj": {"type": "LogStrings", "path": ["monitoring", "stderr"], "values": [{"value": "\r  0%|          | 265/300000 [00:04<1:32:30, 54.00it/s]", "step": null, "ts": 1643465505.0310357}]}, "version": 107}
{"obj": {"type": "LogStrings", "path": ["monitoring", "stderr"], "values": [{"value": "\r  0%|          | 271/300000 [00:05<1:33:25, 53.47it/s]", "step": null, "ts": 1643465505.145837}]}, "version": 108}
{"obj": {"type": "LogStrings", "path": ["monitoring", "stderr"], "values": [{"value": "\r  0%|          | 277/300000 [00:05<1:33:37, 53.36it/s]", "step": null, "ts": 1643465505.2588181}]}, "version": 109}
{"obj": {"type": "LogStrings", "path": ["monitoring", "stderr"], "values": [{"value": "\r  0%|          | 283/300000 [00:05<1:34:33, 52.83it/s]", "step": null, "ts": 1643465505.3750188}]}, "version": 110}
{"obj": {"type": "LogStrings", "path": ["monitoring", "stderr"], "values": [{"value": "\r  0%|          | 289/300000 [00:05<1:34:52, 52.65it/s]", "step": null, "ts": 1643465505.4898596}]}, "version": 111}
{"obj": {"type": "LogStrings", "path": ["monitoring", "stderr"], "values": [{"value": "\r  0%|          | 295/300000 [00:05<1:34:24, 52.91it/s]", "step": null, "ts": 1643465505.6019437}]}, "version": 112}
{"obj": {"type": "LogStrings", "path": ["monitoring", "stderr"], "values": [{"value": "\r  0%|          | 301/300000 [00:05<1:33:21, 53.50it/s]", "step": null, "ts": 1643465505.7111623}]}, "version": 113}
{"obj": {"type": "LogStrings", "path": ["monitoring", "stderr"], "values": [{"value": "\r  0%|          | 307/300000 [00:05<1:35:10, 52.48it/s]", "step": null, "ts": 1643465505.8305848}]}, "version": 114}
{"obj": {"type": "LogStrings", "path": ["monitoring", "stderr"], "values": [{"value": "\r  0%|          | 313/300000 [00:05<1:35:52, 52.10it/s]", "step": null, "ts": 1643465505.947763}]}, "version": 115}
{"obj": {"type": "LogStrings", "path": ["monitoring", "stderr"], "values": [{"value": "\r  0%|          | 319/300000 [00:05<1:36:20, 51.84it/s]", "step": null, "ts": 1643465506.0647721}]}, "version": 116}
{"obj": {"type": "LogStrings", "path": ["monitoring", "stderr"], "values": [{"value": "\r  0%|          | 325/300000 [00:06<1:34:50, 52.66it/s]", "step": null, "ts": 1643465506.1744986}]}, "version": 117}
{"obj": {"type": "LogStrings", "path": ["monitoring", "stderr"], "values": [{"value": "\r  0%|          | 331/300000 [00:06<1:34:11, 53.02it/s]", "step": null, "ts": 1643465506.2858505}]}, "version": 118}
{"obj": {"type": "LogStrings", "path": ["monitoring", "stderr"], "values": [{"value": "\r  0%|          | 337/300000 [00:06<1:33:02, 53.67it/s]", "step": null, "ts": 1643465506.3944352}]}, "version": 119}
{"obj": {"type": "LogStrings", "path": ["monitoring", "stderr"], "values": [{"value": "\r  0%|          | 343/300000 [00:06<1:31:09, 54.78it/s]", "step": null, "ts": 1643465506.4986713}]}, "version": 120}
{"obj": {"type": "LogStrings", "path": ["monitoring", "stderr"], "values": [{"value": "\r  0%|          | 349/300000 [00:06<1:29:54, 55.55it/s]", "step": null, "ts": 1643465506.6031709}]}, "version": 121}
{"obj": {"type": "LogStrings", "path": ["monitoring", "stderr"], "values": [{"value": "\r  0%|          | 355/300000 [00:06<1:29:13, 55.97it/s]", "step": null, "ts": 1643465506.7084906}]}, "version": 122}
{"obj": {"type": "LogStrings", "path": ["monitoring", "stderr"], "values": [{"value": "\r  0%|          | 361/300000 [00:06<1:28:46, 56.25it/s]", "step": null, "ts": 1643465506.8139005}]}, "version": 123}
{"obj": {"type": "LogStrings", "path": ["monitoring", "stderr"], "values": [{"value": "\r  0%|          | 367/300000 [00:06<1:29:24, 55.86it/s]", "step": null, "ts": 1643465506.9231322}]}, "version": 124}
{"obj": {"type": "LogStrings", "path": ["monitoring", "stderr"], "values": [{"value": "\r  0%|          | 373/300000 [00:06<1:29:30, 55.79it/s]", "step": null, "ts": 1643465507.0309217}]}, "version": 125}
{"obj": {"type": "LogStrings", "path": ["monitoring", "stderr"], "values": [{"value": "\r  0%|          | 379/300000 [00:07<1:29:50, 55.59it/s]", "step": null, "ts": 1643465507.139792}]}, "version": 126}
{"obj": {"type": "LogStrings", "path": ["monitoring", "stderr"], "values": [{"value": "\r  0%|          | 385/300000 [00:07<1:30:03, 55.45it/s]", "step": null, "ts": 1643465507.2487683}]}, "version": 127}
{"obj": {"type": "LogStrings", "path": ["monitoring", "stderr"], "values": [{"value": "\r  0%|          | 391/300000 [00:07<1:30:25, 55.23it/s]", "step": null, "ts": 1643465507.3582866}]}, "version": 128}
{"obj": {"type": "LogStrings", "path": ["monitoring", "stderr"], "values": [{"value": "\r  0%|          | 397/300000 [00:07<1:30:19, 55.28it/s]", "step": null, "ts": 1643465507.466571}]}, "version": 129}
{"obj": {"type": "LogStrings", "path": ["monitoring", "stderr"], "values": [{"value": "\r  0%|          | 403/300000 [00:07<1:29:55, 55.53it/s]", "step": null, "ts": 1643465507.5735688}]}, "version": 130}
{"obj": {"type": "LogStrings", "path": ["monitoring", "stderr"], "values": [{"value": "\r  0%|          | 409/300000 [00:07<1:30:03, 55.45it/s]", "step": null, "ts": 1643465507.6821237}]}, "version": 131}
{"obj": {"type": "LogStrings", "path": ["monitoring", "stderr"], "values": [{"value": "\r  0%|          | 415/300000 [00:07<1:30:28, 55.19it/s]", "step": null, "ts": 1643465507.7919776}]}, "version": 132}
{"obj": {"type": "LogStrings", "path": ["monitoring", "stderr"], "values": [{"value": "\r  0%|          | 421/300000 [00:07<1:30:25, 55.21it/s]", "step": null, "ts": 1643465507.90053}]}, "version": 133}
{"obj": {"type": "LogStrings", "path": ["monitoring", "stderr"], "values": [{"value": "\r  0%|          | 427/300000 [00:07<1:32:37, 53.90it/s]", "step": null, "ts": 1643465508.0180213}]}, "version": 134}
{"obj": {"type": "LogStrings", "path": ["monitoring", "stderr"], "values": [{"value": "\r  0%|          | 433/300000 [00:08<1:33:39, 53.31it/s]", "step": null, "ts": 1643465508.1334367}]}, "version": 135}
{"obj": {"type": "LogStrings", "path": ["monitoring", "stderr"], "values": [{"value": "\r  0%|          | 439/300000 [00:08<1:34:43, 52.71it/s]", "step": null, "ts": 1643465508.250279}]}, "version": 136}
{"obj": {"type": "LogStrings", "path": ["monitoring", "stderr"], "values": [{"value": "\r  0%|          | 445/300000 [00:08<1:35:31, 52.26it/s]", "step": null, "ts": 1643465508.3673577}]}, "version": 137}
{"obj": {"type": "LogStrings", "path": ["monitoring", "stderr"], "values": [{"value": "\r  0%|          | 451/300000 [00:08<1:36:28, 51.74it/s]", "step": null, "ts": 1643465508.4859962}]}, "version": 138}
{"obj": {"type": "LogStrings", "path": ["monitoring", "stderr"], "values": [{"value": "\r  0%|          | 457/300000 [00:08<1:38:12, 50.83it/s]", "step": null, "ts": 1643465508.6088812}]}, "version": 139}
{"obj": {"type": "LogStrings", "path": ["monitoring", "stderr"], "values": [{"value": "\r  0%|          | 463/300000 [00:08<1:40:32, 49.66it/s]", "step": null, "ts": 1643465508.7362266}]}, "version": 140}
{"obj": {"type": "LogStrings", "path": ["monitoring", "stderr"], "values": [{"value": "\r  0%|          | 468/300000 [00:08<1:42:14, 48.82it/s]", "step": null, "ts": 1643465508.843463}]}, "version": 141}
{"obj": {"type": "LogStrings", "path": ["monitoring", "stderr"], "values": [{"value": "\r  0%|          | 473/300000 [00:08<1:41:58, 48.95it/s]", "step": null, "ts": 1643465508.9448771}]}, "version": 142}
{"obj": {"type": "LogStrings", "path": ["monitoring", "stderr"], "values": [{"value": "\r  0%|          | 479/300000 [00:08<1:40:36, 49.62it/s]", "step": null, "ts": 1643465509.0624514}]}, "version": 143}
{"obj": {"type": "LogStrings", "path": ["monitoring", "stderr"], "values": [{"value": "\r  0%|          | 484/300000 [00:09<1:41:10, 49.34it/s]", "step": null, "ts": 1643465509.1651208}]}, "version": 144}
{"obj": {"type": "LogStrings", "path": ["monitoring", "stderr"], "values": [{"value": "\r  0%|          | 489/300000 [00:09<1:40:56, 49.45it/s]", "step": null, "ts": 1643465509.2656605}]}, "version": 145}
{"obj": {"type": "LogStrings", "path": ["monitoring", "stderr"], "values": [{"value": "\r  0%|          | 494/300000 [00:09<1:41:38, 49.11it/s]", "step": null, "ts": 1643465509.3692129}]}, "version": 146}
{"obj": {"type": "LogStrings", "path": ["monitoring", "stderr"], "values": [{"value": "\r  0%|          | 500/300000 [00:09<1:40:24, 49.72it/s]", "step": null, "ts": 1643465509.486891}]}, "version": 147}
{"obj": {"type": "LogStrings", "path": ["monitoring", "stderr"], "values": [{"value": "\r  0%|          | 506/300000 [00:09<1:39:16, 50.28it/s]", "step": null, "ts": 1643465509.603366}]}, "version": 148}
{"obj": {"type": "LogStrings", "path": ["monitoring", "stderr"], "values": [{"value": "\r  0%|          | 512/300000 [00:09<1:36:29, 51.73it/s]", "step": null, "ts": 1643465509.712016}]}, "version": 149}
{"obj": {"type": "LogStrings", "path": ["monitoring", "stderr"], "values": [{"value": "\r  0%|          | 518/300000 [00:09<1:34:15, 52.95it/s]", "step": null, "ts": 1643465509.8193789}]}, "version": 150}
{"obj": {"type": "LogStrings", "path": ["monitoring", "stderr"], "values": [{"value": "\r  0%|          | 524/300000 [00:09<1:33:22, 53.45it/s]", "step": null, "ts": 1643465509.9292433}]}, "version": 151}
{"obj": {"type": "LogStrings", "path": ["monitoring", "stderr"], "values": [{"value": "\r  0%|          | 530/300000 [00:09<1:32:29, 53.96it/s]", "step": null, "ts": 1643465510.0379965}]}, "version": 152}
{"obj": {"type": "LogStrings", "path": ["monitoring", "stderr"], "values": [{"value": "\r  0%|          | 536/300000 [00:10<1:32:23, 54.02it/s]", "step": null, "ts": 1643465510.1488218}]}, "version": 153}
{"obj": {"type": "LogStrings", "path": ["monitoring", "stderr"], "values": [{"value": "\r  0%|          | 542/300000 [00:10<1:35:11, 52.43it/s]", "step": null, "ts": 1643465510.2711656}]}, "version": 154}
{"obj": {"type": "LogStrings", "path": ["monitoring", "stderr"], "values": [{"value": "\r  0%|          | 548/300000 [00:10<1:33:56, 53.13it/s]", "step": null, "ts": 1643465510.380471}]}, "version": 155}
{"obj": {"type": "LogStrings", "path": ["monitoring", "stderr"], "values": [{"value": "\r  0%|          | 554/300000 [00:10<1:32:54, 53.72it/s]", "step": null, "ts": 1643465510.4892697}]}, "version": 156}
{"obj": {"type": "LogStrings", "path": ["monitoring", "stderr"], "values": [{"value": "\r  0%|          | 560/300000 [00:10<1:31:53, 54.31it/s]", "step": null, "ts": 1643465510.5969162}]}, "version": 157}
{"obj": {"type": "LogStrings", "path": ["monitoring", "stderr"], "values": [{"value": "\r  0%|          | 566/300000 [00:10<1:30:33, 55.11it/s]", "step": null, "ts": 1643465510.702042}]}, "version": 158}
{"obj": {"type": "LogStrings", "path": ["monitoring", "stderr"], "values": [{"value": "\r  0%|          | 572/300000 [00:10<1:29:34, 55.71it/s]", "step": null, "ts": 1643465510.807012}]}, "version": 159}
{"obj": {"type": "LogStrings", "path": ["monitoring", "stderr"], "values": [{"value": "\r  0%|          | 578/300000 [00:10<1:30:01, 55.44it/s]", "step": null, "ts": 1643465510.9165058}]}, "version": 160}
{"obj": {"type": "LogStrings", "path": ["monitoring", "stderr"], "values": [{"value": "\r  0%|          | 584/300000 [00:10<1:29:58, 55.46it/s]", "step": null, "ts": 1643465511.0245724}]}, "version": 161}
{"obj": {"type": "LogStrings", "path": ["monitoring", "stderr"], "values": [{"value": "\r  0%|          | 590/300000 [00:11<1:30:41, 55.03it/s]", "step": null, "ts": 1643465511.1355915}]}, "version": 162}
{"obj": {"type": "LogStrings", "path": ["monitoring", "stderr"], "values": [{"value": "\r  0%|          | 596/300000 [00:11<1:29:50, 55.54it/s]", "step": null, "ts": 1643465511.241285}]}, "version": 163}
{"obj": {"type": "LogStrings", "path": ["monitoring", "stderr"], "values": [{"value": "\r  0%|          | 602/300000 [00:11<1:27:58, 56.72it/s]", "step": null, "ts": 1643465511.3417983}]}, "version": 164}
{"obj": {"type": "LogStrings", "path": ["monitoring", "stderr"], "values": [{"value": "\r  0%|          | 608/300000 [00:11<1:27:11, 57.23it/s]", "step": null, "ts": 1643465511.4444287}]}, "version": 165}
{"obj": {"type": "LogStrings", "path": ["monitoring", "stderr"], "values": [{"value": "\r  0%|          | 614/300000 [00:11<1:27:07, 57.27it/s]", "step": null, "ts": 1643465511.5490718}]}, "version": 166}
{"obj": {"type": "LogStrings", "path": ["monitoring", "stderr"], "values": [{"value": "\r  0%|          | 620/300000 [00:11<1:27:10, 57.23it/s]", "step": null, "ts": 1643465511.6540685}]}, "version": 167}
{"obj": {"type": "LogStrings", "path": ["monitoring", "stderr"], "values": [{"value": "\r  0%|          | 626/300000 [00:11<1:27:14, 57.20it/s]", "step": null, "ts": 1643465511.7591765}]}, "version": 168}
{"obj": {"type": "LogStrings", "path": ["monitoring", "stderr"], "values": [{"value": "\r  0%|          | 632/300000 [00:11<1:27:06, 57.27it/s]", "step": null, "ts": 1643465511.8635404}]}, "version": 169}
{"obj": {"type": "LogStrings", "path": ["monitoring", "stderr"], "values": [{"value": "\r  0%|          | 638/300000 [00:11<1:26:42, 57.54it/s]", "step": null, "ts": 1643465511.966696}]}, "version": 170}
{"obj": {"type": "LogStrings", "path": ["monitoring", "stderr"], "values": [{"value": "\r  0%|          | 644/300000 [00:11<1:26:03, 57.97it/s]", "step": null, "ts": 1643465512.0683753}]}, "version": 171}
{"obj": {"type": "LogStrings", "path": ["monitoring", "stderr"], "values": [{"value": "\r  0%|          | 650/300000 [00:12<1:26:11, 57.88it/s]", "step": null, "ts": 1643465512.1724043}]}, "version": 172}
{"obj": {"type": "LogStrings", "path": ["monitoring", "stderr"], "values": [{"value": "\r  0%|          | 656/300000 [00:12<1:26:29, 57.68it/s]", "step": null, "ts": 1643465512.2773585}]}, "version": 173}
{"obj": {"type": "LogStrings", "path": ["monitoring", "stderr"], "values": [{"value": "\r  0%|          | 662/300000 [00:12<1:26:54, 57.40it/s]", "step": null, "ts": 1643465512.382968}]}, "version": 174}
{"obj": {"type": "LogStrings", "path": ["monitoring", "stderr"], "values": [{"value": "\r  0%|          | 668/300000 [00:12<1:26:43, 57.53it/s]", "step": null, "ts": 1643465512.4867444}]}, "version": 175}
{"obj": {"type": "LogStrings", "path": ["monitoring", "stderr"], "values": [{"value": "\r  0%|          | 674/300000 [00:12<1:26:33, 57.63it/s]", "step": null, "ts": 1643465512.5903964}]}, "version": 176}
{"obj": {"type": "LogStrings", "path": ["monitoring", "stderr"], "values": [{"value": "\r  0%|          | 680/300000 [00:12<1:26:10, 57.89it/s]", "step": null, "ts": 1643465512.6929624}]}, "version": 177}
{"obj": {"type": "LogStrings", "path": ["monitoring", "stderr"], "values": [{"value": "\r  0%|          | 686/300000 [00:12<1:26:06, 57.94it/s]", "step": null, "ts": 1643465512.796322}]}, "version": 178}
{"obj": {"type": "LogStrings", "path": ["monitoring", "stderr"], "values": [{"value": "\r  0%|          | 692/300000 [00:12<1:25:16, 58.50it/s]", "step": null, "ts": 1643465512.8965526}]}, "version": 179}
{"obj": {"type": "LogStrings", "path": ["monitoring", "stderr"], "values": [{"value": "\r  0%|          | 698/300000 [00:12<1:25:22, 58.42it/s]", "step": null, "ts": 1643465512.9995732}]}, "version": 180}
{"obj": {"type": "LogStrings", "path": ["monitoring", "stderr"], "values": [{"value": "\r  0%|          | 704/300000 [00:13<1:25:25, 58.39it/s]", "step": null, "ts": 1643465513.1024535}]}, "version": 181}
{"obj": {"type": "LogStrings", "path": ["monitoring", "stderr"], "values": [{"value": "\r  0%|          | 711/300000 [00:13<1:24:14, 59.21it/s]", "step": null, "ts": 1643465513.217369}]}, "version": 182}
{"obj": {"type": "LogStrings", "path": ["monitoring", "stderr"], "values": [{"value": "\r  0%|          | 717/300000 [00:13<1:24:03, 59.34it/s]", "step": null, "ts": 1643465513.3179584}]}, "version": 183}
{"obj": {"type": "LogStrings", "path": ["monitoring", "stderr"], "values": [{"value": "\r  0%|          | 723/300000 [00:13<1:24:26, 59.07it/s]", "step": null, "ts": 1643465513.420636}]}, "version": 184}
{"obj": {"type": "LogFloats", "path": ["monitoring", "cpu"], "values": [{"value": 19.9, "step": null, "ts": 1643465513.4833329}]}, "version": 185}
{"obj": {"type": "LogFloats", "path": ["monitoring", "memory"], "values": [{"value": 24.98931121826172, "step": null, "ts": 1643465513.4833329}]}, "version": 186}
{"obj": {"type": "LogFloats", "path": ["monitoring", "gpu"], "values": [{"value": 4.0, "step": null, "ts": 1643465513.4833329}]}, "version": 187}
{"obj": {"type": "LogFloats", "path": ["monitoring", "gpu_memory"], "values": [{"value": 0.9149169921875, "step": null, "ts": 1643465513.4833329}]}, "version": 188}
{"obj": {"type": "LogStrings", "path": ["monitoring", "stderr"], "values": [{"value": "\r  0%|          | 729/300000 [00:13<1:26:09, 57.90it/s]", "step": null, "ts": 1643465513.5291965}]}, "version": 189}
{"obj": {"type": "LogStrings", "path": ["monitoring", "stderr"], "values": [{"value": "\r  0%|          | 735/300000 [00:13<1:25:51, 58.09it/s]", "step": null, "ts": 1643465513.6316688}]}, "version": 190}
{"obj": {"type": "LogStrings", "path": ["monitoring", "stderr"], "values": [{"value": "\r  0%|          | 741/300000 [00:13<1:25:12, 58.53it/s]", "step": null, "ts": 1643465513.73236}]}, "version": 191}
{"obj": {"type": "LogStrings", "path": ["monitoring", "stderr"], "values": [{"value": "\r  0%|          | 747/300000 [00:13<1:24:35, 58.96it/s]", "step": null, "ts": 1643465513.8323936}]}, "version": 192}
{"obj": {"type": "LogStrings", "path": ["monitoring", "stderr"], "values": [{"value": "\r  0%|          | 753/300000 [00:13<1:25:30, 58.33it/s]", "step": null, "ts": 1643465513.937808}]}, "version": 193}
{"obj": {"type": "LogStrings", "path": ["monitoring", "stderr"], "values": [{"value": "\r  0%|          | 759/300000 [00:13<1:25:36, 58.25it/s]", "step": null, "ts": 1643465514.0411296}]}, "version": 194}
{"obj": {"type": "LogStrings", "path": ["monitoring", "stderr"], "values": [{"value": "\r  0%|          | 765/300000 [00:14<1:25:28, 58.35it/s]", "step": null, "ts": 1643465514.1435366}]}, "version": 195}
{"obj": {"type": "LogStrings", "path": ["monitoring", "stderr"], "values": [{"value": "\r  0%|          | 771/300000 [00:14<1:24:50, 58.78it/s]", "step": null, "ts": 1643465514.2438533}]}, "version": 196}
{"obj": {"type": "LogStrings", "path": ["monitoring", "stderr"], "values": [{"value": "\r  0%|          | 777/300000 [00:14<1:24:41, 58.89it/s]", "step": null, "ts": 1643465514.3453028}]}, "version": 197}
{"obj": {"type": "LogStrings", "path": ["monitoring", "stderr"], "values": [{"value": "\r  0%|          | 784/300000 [00:14<1:23:42, 59.58it/s]", "step": null, "ts": 1643465514.4600878}]}, "version": 198}
{"obj": {"type": "LogStrings", "path": ["monitoring", "stderr"], "values": [{"value": "\r  0%|          | 791/300000 [00:14<1:23:23, 59.80it/s]", "step": null, "ts": 1643465514.5762525}]}, "version": 199}
{"obj": {"type": "LogStrings", "path": ["monitoring", "stderr"], "values": [{"value": "\r  0%|          | 797/300000 [00:14<1:24:37, 58.93it/s]", "step": null, "ts": 1643465514.681763}]}, "version": 200}
{"obj": {"type": "LogStrings", "path": ["monitoring", "stderr"], "values": [{"value": "\r  0%|          | 803/300000 [00:14<1:25:43, 58.17it/s]", "step": null, "ts": 1643465514.7881896}]}, "version": 201}
{"obj": {"type": "LogStrings", "path": ["monitoring", "stderr"], "values": [{"value": "\r  0%|          | 809/300000 [00:14<1:26:18, 57.78it/s]", "step": null, "ts": 1643465514.8937407}]}, "version": 202}
{"obj": {"type": "LogStrings", "path": ["monitoring", "stderr"], "values": [{"value": "\r  0%|          | 815/300000 [00:14<1:25:31, 58.31it/s]", "step": null, "ts": 1643465514.9943957}]}, "version": 203}
{"obj": {"type": "LogStrings", "path": ["monitoring", "stderr"], "values": [{"value": "\r  0%|          | 821/300000 [00:15<1:24:54, 58.72it/s]", "step": null, "ts": 1643465515.0948384}]}, "version": 204}
{"obj": {"type": "LogStrings", "path": ["monitoring", "stderr"], "values": [{"value": "\r  0%|          | 827/300000 [00:15<1:25:01, 58.64it/s]", "step": null, "ts": 1643465515.197486}]}, "version": 205}
{"obj": {"type": "LogStrings", "path": ["monitoring", "stderr"], "values": [{"value": "\r  0%|          | 833/300000 [00:15<1:25:04, 58.61it/s]", "step": null, "ts": 1643465515.2999814}]}, "version": 206}
{"obj": {"type": "LogStrings", "path": ["monitoring", "stderr"], "values": [{"value": "\r  0%|          | 839/300000 [00:15<1:25:07, 58.57it/s]", "step": null, "ts": 1643465515.4025922}]}, "version": 207}
{"obj": {"type": "LogStrings", "path": ["monitoring", "stderr"], "values": [{"value": "\r  0%|          | 846/300000 [00:15<1:24:05, 59.29it/s]", "step": null, "ts": 1643465515.5177524}]}, "version": 208}
{"obj": {"type": "LogStrings", "path": ["monitoring", "stderr"], "values": [{"value": "\r  0%|          | 852/300000 [00:15<1:24:02, 59.33it/s]", "step": null, "ts": 1643465515.6187255}]}, "version": 209}
{"obj": {"type": "LogStrings", "path": ["monitoring", "stderr"], "values": [{"value": "\r  0%|          | 858/300000 [00:15<1:23:50, 59.47it/s]", "step": null, "ts": 1643465515.7190142}]}, "version": 210}
{"obj": {"type": "LogStrings", "path": ["monitoring", "stderr"], "values": [{"value": "\r  0%|          | 865/300000 [00:15<1:24:31, 58.98it/s]", "step": null, "ts": 1643465515.8397698}]}, "version": 211}
{"obj": {"type": "LogStrings", "path": ["monitoring", "stderr"], "values": [{"value": "\r  0%|          | 872/300000 [00:15<1:22:30, 60.42it/s]", "step": null, "ts": 1643465515.9495223}]}, "version": 212}
{"obj": {"type": "LogStrings", "path": ["monitoring", "stderr"], "values": [{"value": "\r  0%|          | 879/300000 [00:15<1:21:49, 60.92it/s]", "step": null, "ts": 1643465516.0624661}]}, "version": 213}
{"obj": {"type": "LogStrings", "path": ["monitoring", "stderr"], "values": [{"value": "\r  0%|          | 886/300000 [00:16<1:22:29, 60.43it/s]", "step": null, "ts": 1643465516.1802745}]}, "version": 214}
{"obj": {"type": "LogStrings", "path": ["monitoring", "stderr"], "values": [{"value": "\r  0%|          | 893/300000 [00:16<1:22:50, 60.18it/s]", "step": null, "ts": 1643465516.2976937}]}, "version": 215}
{"obj": {"type": "LogStrings", "path": ["monitoring", "stderr"], "values": [{"value": "\r  0%|          | 900/300000 [00:16<1:23:13, 59.90it/s]", "step": null, "ts": 1643465516.4157856}]}, "version": 216}
{"obj": {"type": "LogStrings", "path": ["monitoring", "stderr"], "values": [{"value": "\r  0%|          | 907/300000 [00:16<1:22:57, 60.09it/s]", "step": null, "ts": 1643465516.5314355}]}, "version": 217}
{"obj": {"type": "LogStrings", "path": ["monitoring", "stderr"], "values": [{"value": "\r  0%|          | 914/300000 [00:16<1:23:17, 59.84it/s]", "step": null, "ts": 1643465516.6495264}]}, "version": 218}
{"obj": {"type": "LogStrings", "path": ["monitoring", "stderr"], "values": [{"value": "\r  0%|          | 921/300000 [00:16<1:22:53, 60.13it/s]", "step": null, "ts": 1643465516.7646136}]}, "version": 219}
{"obj": {"type": "LogStrings", "path": ["monitoring", "stderr"], "values": [{"value": "\r  0%|          | 928/300000 [00:16<1:23:15, 59.86it/s]", "step": null, "ts": 1643465516.8827627}]}, "version": 220}
{"obj": {"type": "LogStrings", "path": ["monitoring", "stderr"], "values": [{"value": "\r  0%|          | 935/300000 [00:16<1:22:53, 60.13it/s]", "step": null, "ts": 1643465516.997988}]}, "version": 221}
{"obj": {"type": "LogStrings", "path": ["monitoring", "stderr"], "values": [{"value": "\r  0%|          | 942/300000 [00:17<1:22:33, 60.38it/s]", "step": null, "ts": 1643465517.1128192}]}, "version": 222}
{"obj": {"type": "LogStrings", "path": ["monitoring", "stderr"], "values": [{"value": "\r  0%|          | 949/300000 [00:17<1:22:05, 60.72it/s]", "step": null, "ts": 1643465517.226741}]}, "version": 223}
{"obj": {"type": "LogStrings", "path": ["monitoring", "stderr"], "values": [{"value": "\r  0%|          | 956/300000 [00:17<1:21:24, 61.22it/s]", "step": null, "ts": 1643465517.3387833}]}, "version": 224}
{"obj": {"type": "LogStrings", "path": ["monitoring", "stderr"], "values": [{"value": "\r  0%|          | 963/300000 [00:17<1:21:09, 61.41it/s]", "step": null, "ts": 1643465517.451882}]}, "version": 225}
{"obj": {"type": "LogStrings", "path": ["monitoring", "stderr"], "values": [{"value": "\r  0%|          | 970/300000 [00:17<1:20:58, 61.55it/s]", "step": null, "ts": 1643465517.565035}]}, "version": 226}
{"obj": {"type": "LogStrings", "path": ["monitoring", "stderr"], "values": [{"value": "\r  0%|          | 977/300000 [00:17<1:21:17, 61.30it/s]", "step": null, "ts": 1643465517.680276}]}, "version": 227}
{"obj": {"type": "LogStrings", "path": ["monitoring", "stderr"], "values": [{"value": "\r  0%|          | 984/300000 [00:17<1:21:16, 61.32it/s]", "step": null, "ts": 1643465517.794341}]}, "version": 228}
{"obj": {"type": "LogStrings", "path": ["monitoring", "stderr"], "values": [{"value": "\r  0%|          | 991/300000 [00:17<1:21:23, 61.23it/s]", "step": null, "ts": 1643465517.9090781}]}, "version": 229}
{"obj": {"type": "LogStrings", "path": ["monitoring", "stderr"], "values": [{"value": "\r  0%|          | 998/300000 [00:17<1:20:55, 61.58it/s]", "step": null, "ts": 1643465518.021244}]}, "version": 230}
{"obj": {"type": "LogStrings", "path": ["monitoring", "stderr"], "values": [{"value": "\r  0%|          | 1005/300000 [00:18<4:05:05, 20.33it/s]", "step": null, "ts": 1643465518.9035776}]}, "version": 231}
{"obj": {"type": "LogStrings", "path": ["monitoring", "stderr"], "values": [{"value": "\r  0%|          | 1011/300000 [00:18<3:23:38, 24.47it/s]", "step": null, "ts": 1643465519.0128782}]}, "version": 232}
{"obj": {"type": "LogStrings", "path": ["monitoring", "stderr"], "values": [{"value": "\r  0%|          | 1017/300000 [00:19<2:52:24, 28.90it/s]", "step": null, "ts": 1643465519.1225717}]}, "version": 233}
{"obj": {"type": "LogStrings", "path": ["monitoring", "stderr"], "values": [{"value": "\r  0%|          | 1023/300000 [00:19<2:28:54, 33.46it/s]", "step": null, "ts": 1643465519.2304566}]}, "version": 234}
{"obj": {"type": "LogStrings", "path": ["monitoring", "stderr"], "values": [{"value": "\r  0%|          | 1029/300000 [00:19<2:11:41, 37.84it/s]", "step": null, "ts": 1643465519.3378842}]}, "version": 235}
{"obj": {"type": "LogStrings", "path": ["monitoring", "stderr"], "values": [{"value": "\r  0%|          | 1035/300000 [00:19<1:59:28, 41.71it/s]", "step": null, "ts": 1643465519.446065}]}, "version": 236}
{"obj": {"type": "LogStrings", "path": ["monitoring", "stderr"], "values": [{"value": "\r  0%|          | 1041/300000 [00:19<1:50:26, 45.11it/s]", "step": null, "ts": 1643465519.552977}]}, "version": 237}
{"obj": {"type": "LogStrings", "path": ["monitoring", "stderr"], "values": [{"value": "\r  0%|          | 1047/300000 [00:19<1:45:58, 47.02it/s]", "step": null, "ts": 1643465519.6677806}]}, "version": 238}
{"obj": {"type": "LogStrings", "path": ["monitoring", "stderr"], "values": [{"value": "\r  0%|          | 1053/300000 [00:19<1:42:12, 48.75it/s]", "step": null, "ts": 1643465519.7801697}]}, "version": 239}
{"obj": {"type": "LogStrings", "path": ["monitoring", "stderr"], "values": [{"value": "\r  0%|          | 1059/300000 [00:19<1:39:13, 50.21it/s]", "step": null, "ts": 1643465519.8912241}]}, "version": 240}
{"obj": {"type": "LogStrings", "path": ["monitoring", "stderr"], "values": [{"value": "\r  0%|          | 1065/300000 [00:19<1:36:44, 51.50it/s]", "step": null, "ts": 1643465520.0007699}]}, "version": 241}
{"obj": {"type": "LogStrings", "path": ["monitoring", "stderr"], "values": [{"value": "\r  0%|          | 1071/300000 [00:20<1:34:28, 52.74it/s]", "step": null, "ts": 1643465520.108071}]}, "version": 242}
{"obj": {"type": "LogStrings", "path": ["monitoring", "stderr"], "values": [{"value": "\r  0%|          | 1077/300000 [00:20<1:32:58, 53.58it/s]", "step": null, "ts": 1643465520.2158544}]}, "version": 243}
{"obj": {"type": "LogStrings", "path": ["monitoring", "stderr"], "values": [{"value": "\r  0%|          | 1083/300000 [00:20<1:31:47, 54.27it/s]", "step": null, "ts": 1643465520.323144}]}, "version": 244}
{"obj": {"type": "LogStrings", "path": ["monitoring", "stderr"], "values": [{"value": "\r  0%|          | 1089/300000 [00:20<1:31:14, 54.60it/s]", "step": null, "ts": 1643465520.4314249}]}, "version": 245}
{"obj": {"type": "LogStrings", "path": ["monitoring", "stderr"], "values": [{"value": "\r  0%|          | 1095/300000 [00:20<1:32:06, 54.08it/s]", "step": null, "ts": 1643465520.5449471}]}, "version": 246}
{"obj": {"type": "LogStrings", "path": ["monitoring", "stderr"], "values": [{"value": "\r  0%|          | 1101/300000 [00:20<1:31:14, 54.60it/s]", "step": null, "ts": 1643465520.652285}]}, "version": 247}
{"obj": {"type": "LogStrings", "path": ["monitoring", "stderr"], "values": [{"value": "\r  0%|          | 1107/300000 [00:20<1:30:45, 54.88it/s]", "step": null, "ts": 1643465520.760253}]}, "version": 248}
{"obj": {"type": "LogStrings", "path": ["monitoring", "stderr"], "values": [{"value": "\r  0%|          | 1113/300000 [00:20<1:30:54, 54.80it/s]", "step": null, "ts": 1643465520.8701758}]}, "version": 249}
{"obj": {"type": "LogStrings", "path": ["monitoring", "stderr"], "values": [{"value": "\r  0%|          | 1119/300000 [00:20<1:31:19, 54.54it/s]", "step": null, "ts": 1643465520.98135}]}, "version": 250}
{"obj": {"type": "LogStrings", "path": ["monitoring", "stderr"], "values": [{"value": "\r  0%|          | 1125/300000 [00:20<1:30:53, 54.80it/s]", "step": null, "ts": 1643465521.089634}]}, "version": 251}
{"obj": {"type": "LogStrings", "path": ["monitoring", "stderr"], "values": [{"value": "\r  0%|          | 1131/300000 [00:21<1:30:29, 55.04it/s]", "step": null, "ts": 1643465521.197506}]}, "version": 252}
{"obj": {"type": "LogStrings", "path": ["monitoring", "stderr"], "values": [{"value": "\r  0%|          | 1137/300000 [00:21<1:29:53, 55.41it/s]", "step": null, "ts": 1643465521.3040895}]}, "version": 253}
{"obj": {"type": "LogStrings", "path": ["monitoring", "stderr"], "values": [{"value": "\r  0%|          | 1143/300000 [00:21<1:29:35, 55.59it/s]", "step": null, "ts": 1643465521.4112144}]}, "version": 254}
{"obj": {"type": "LogStrings", "path": ["monitoring", "stderr"], "values": [{"value": "\r  0%|          | 1149/300000 [00:21<1:30:03, 55.30it/s]", "step": null, "ts": 1643465521.5210288}]}, "version": 255}
{"obj": {"type": "LogStrings", "path": ["monitoring", "stderr"], "values": [{"value": "\r  0%|          | 1155/300000 [00:21<1:30:27, 55.06it/s]", "step": null, "ts": 1643465521.6312563}]}, "version": 256}
{"obj": {"type": "LogStrings", "path": ["monitoring", "stderr"], "values": [{"value": "\r  0%|          | 1161/300000 [00:21<1:29:35, 55.59it/s]", "step": null, "ts": 1643465521.736635}]}, "version": 257}
{"obj": {"type": "LogStrings", "path": ["monitoring", "stderr"], "values": [{"value": "\r  0%|          | 1167/300000 [00:21<1:29:17, 55.77it/s]", "step": null, "ts": 1643465521.8433542}]}, "version": 258}
{"obj": {"type": "LogStrings", "path": ["monitoring", "stderr"], "values": [{"value": "\r  0%|          | 1173/300000 [00:21<1:27:59, 56.61it/s]", "step": null, "ts": 1643465521.9458263}]}, "version": 259}
{"obj": {"type": "LogStrings", "path": ["monitoring", "stderr"], "values": [{"value": "\r  0%|          | 1179/300000 [00:21<1:26:44, 57.42it/s]", "step": null, "ts": 1643465522.0466437}]}, "version": 260}
{"obj": {"type": "LogStrings", "path": ["monitoring", "stderr"], "values": [{"value": "\r  0%|          | 1186/300000 [00:22<1:26:10, 57.79it/s]", "step": null, "ts": 1643465522.1662261}]}, "version": 261}
{"obj": {"type": "LogStrings", "path": ["monitoring", "stderr"], "values": [{"value": "\r  0%|          | 1192/300000 [00:22<1:25:57, 57.94it/s]", "step": null, "ts": 1643465522.2691233}]}, "version": 262}
{"obj": {"type": "LogStrings", "path": ["monitoring", "stderr"], "values": [{"value": "\r  0%|          | 1198/300000 [00:22<1:25:34, 58.19it/s]", "step": null, "ts": 1643465522.371134}]}, "version": 263}
{"obj": {"type": "LogStrings", "path": ["monitoring", "stderr"], "values": [{"value": "\r  0%|          | 1204/300000 [00:22<1:25:28, 58.26it/s]", "step": null, "ts": 1643465522.4738438}]}, "version": 264}
{"obj": {"type": "LogStrings", "path": ["monitoring", "stderr"], "values": [{"value": "\r  0%|          | 1210/300000 [00:22<1:25:51, 58.01it/s]", "step": null, "ts": 1643465522.5783522}]}, "version": 265}
{"obj": {"type": "LogStrings", "path": ["monitoring", "stderr"], "values": [{"value": "\r  0%|          | 1216/300000 [00:22<1:26:32, 57.54it/s]", "step": null, "ts": 1643465522.6845758}]}, "version": 266}
{"obj": {"type": "LogStrings", "path": ["monitoring", "stderr"], "values": [{"value": "\r  0%|          | 1222/300000 [00:22<1:27:29, 56.91it/s]", "step": null, "ts": 1643465522.7927809}]}, "version": 267}
{"obj": {"type": "LogStrings", "path": ["monitoring", "stderr"], "values": [{"value": "\r  0%|          | 1228/300000 [00:22<1:28:00, 56.58it/s]", "step": null, "ts": 1643465522.900242}]}, "version": 268}
{"obj": {"type": "LogStrings", "path": ["monitoring", "stderr"], "values": [{"value": "\r  0%|          | 1234/300000 [00:22<1:27:26, 56.94it/s]", "step": null, "ts": 1643465523.00404}]}, "version": 269}
{"obj": {"type": "LogStrings", "path": ["monitoring", "stderr"], "values": [{"value": "\r  0%|          | 1240/300000 [00:23<1:27:38, 56.81it/s]", "step": null, "ts": 1643465523.110209}]}, "version": 270}
{"obj": {"type": "LogStrings", "path": ["monitoring", "stderr"], "values": [{"value": "\r  0%|          | 1246/300000 [00:23<1:28:44, 56.11it/s]", "step": null, "ts": 1643465523.220269}]}, "version": 271}
{"obj": {"type": "LogStrings", "path": ["monitoring", "stderr"], "values": [{"value": "\r  0%|          | 1252/300000 [00:23<1:29:17, 55.76it/s]", "step": null, "ts": 1643465523.329401}]}, "version": 272}
{"obj": {"type": "LogStrings", "path": ["monitoring", "stderr"], "values": [{"value": "\r  0%|          | 1258/300000 [00:23<1:29:41, 55.51it/s]", "step": null, "ts": 1643465523.4386153}]}, "version": 273}
{"obj": {"type": "LogFloats", "path": ["monitoring", "cpu"], "values": [{"value": 17.8, "step": null, "ts": 1643465523.4912627}]}, "version": 274}
{"obj": {"type": "LogFloats", "path": ["monitoring", "memory"], "values": [{"value": 25.546676635742188, "step": null, "ts": 1643465523.4912627}]}, "version": 275}
{"obj": {"type": "LogFloats", "path": ["monitoring", "gpu"], "values": [{"value": 3.0, "step": null, "ts": 1643465523.4912627}]}, "version": 276}
{"obj": {"type": "LogFloats", "path": ["monitoring", "gpu_memory"], "values": [{"value": 0.9168701171875, "step": null, "ts": 1643465523.4912627}]}, "version": 277}
{"obj": {"type": "LogStrings", "path": ["monitoring", "stderr"], "values": [{"value": "\r  0%|          | 1264/300000 [00:23<1:29:47, 55.45it/s]", "step": null, "ts": 1643465523.5470948}]}, "version": 278}
{"obj": {"type": "LogStrings", "path": ["monitoring", "stderr"], "values": [{"value": "\r  0%|          | 1270/300000 [00:23<1:29:00, 55.93it/s]", "step": null, "ts": 1643465523.6521778}]}, "version": 279}
{"obj": {"type": "LogStrings", "path": ["monitoring", "stderr"], "values": [{"value": "\r  0%|          | 1276/300000 [00:23<1:28:06, 56.51it/s]", "step": null, "ts": 1643465523.755829}]}, "version": 280}
{"obj": {"type": "LogStrings", "path": ["monitoring", "stderr"], "values": [{"value": "\r  0%|          | 1282/300000 [00:23<1:27:31, 56.88it/s]", "step": null, "ts": 1643465523.8596761}]}, "version": 281}
{"obj": {"type": "LogStrings", "path": ["monitoring", "stderr"], "values": [{"value": "\r  0%|          | 1288/300000 [00:23<1:27:41, 56.77it/s]", "step": null, "ts": 1643465523.9658575}]}, "version": 282}
{"obj": {"type": "LogStrings", "path": ["monitoring", "stderr"], "values": [{"value": "\r  0%|          | 1294/300000 [00:23<1:27:35, 56.83it/s]", "step": null, "ts": 1643465524.0711596}]}, "version": 283}
{"obj": {"type": "LogStrings", "path": ["monitoring", "stderr"], "values": [{"value": "\r  0%|          | 1300/300000 [00:24<1:26:57, 57.25it/s]", "step": null, "ts": 1643465524.1741745}]}, "version": 284}
{"obj": {"type": "LogStrings", "path": ["monitoring", "stderr"], "values": [{"value": "\r  0%|          | 1306/300000 [00:24<1:27:05, 57.16it/s]", "step": null, "ts": 1643465524.2795131}]}, "version": 285}
{"obj": {"type": "LogStrings", "path": ["monitoring", "stderr"], "values": [{"value": "\r  0%|          | 1312/300000 [00:24<1:28:09, 56.47it/s]", "step": null, "ts": 1643465524.3887613}]}, "version": 286}
{"obj": {"type": "LogStrings", "path": ["monitoring", "stderr"], "values": [{"value": "\r  0%|          | 1318/300000 [00:24<1:27:08, 57.12it/s]", "step": null, "ts": 1643465524.490949}]}, "version": 287}
{"obj": {"type": "LogStrings", "path": ["monitoring", "stderr"], "values": [{"value": "\r  0%|          | 1324/300000 [00:24<1:26:30, 57.55it/s]", "step": null, "ts": 1643465524.5934978}]}, "version": 288}
{"obj": {"type": "LogStrings", "path": ["monitoring", "stderr"], "values": [{"value": "\r  0%|          | 1330/300000 [00:24<1:25:58, 57.90it/s]", "step": null, "ts": 1643465524.69557}]}, "version": 289}
{"obj": {"type": "LogStrings", "path": ["monitoring", "stderr"], "values": [{"value": "\r  0%|          | 1336/300000 [00:24<1:25:54, 57.94it/s]", "step": null, "ts": 1643465524.79892}]}, "version": 290}
{"obj": {"type": "LogStrings", "path": ["monitoring", "stderr"], "values": [{"value": "\r  0%|          | 1342/300000 [00:24<1:25:55, 57.93it/s]", "step": null, "ts": 1643465524.9025795}]}, "version": 291}
{"obj": {"type": "LogStrings", "path": ["monitoring", "stderr"], "values": [{"value": "\r  0%|          | 1348/300000 [00:24<1:26:28, 57.56it/s]", "step": null, "ts": 1643465525.0083485}]}, "version": 292}
{"obj": {"type": "LogStrings", "path": ["monitoring", "stderr"], "values": [{"value": "\r  0%|          | 1354/300000 [00:25<1:26:37, 57.46it/s]", "step": null, "ts": 1643465525.1131763}]}, "version": 293}
{"obj": {"type": "LogStrings", "path": ["monitoring", "stderr"], "values": [{"value": "\r  0%|          | 1360/300000 [00:25<1:26:30, 57.54it/s]", "step": null, "ts": 1643465525.2171504}]}, "version": 294}
{"obj": {"type": "LogStrings", "path": ["monitoring", "stderr"], "values": [{"value": "\r  0%|          | 1366/300000 [00:25<1:26:46, 57.36it/s]", "step": null, "ts": 1643465525.32259}]}, "version": 295}
{"obj": {"type": "LogStrings", "path": ["monitoring", "stderr"], "values": [{"value": "\r  0%|          | 1372/300000 [00:25<1:26:47, 57.34it/s]", "step": null, "ts": 1643465525.4272292}]}, "version": 296}
{"obj": {"type": "LogStrings", "path": ["monitoring", "stderr"], "values": [{"value": "\r  0%|          | 1378/300000 [00:25<1:26:47, 57.35it/s]", "step": null, "ts": 1643465525.5319831}]}, "version": 297}
{"obj": {"type": "LogStrings", "path": ["monitoring", "stderr"], "values": [{"value": "\r  0%|          | 1384/300000 [00:25<1:27:10, 57.10it/s]", "step": null, "ts": 1643465525.6379895}]}, "version": 298}
{"obj": {"type": "LogStrings", "path": ["monitoring", "stderr"], "values": [{"value": "\r  0%|          | 1390/300000 [00:25<1:28:42, 56.11it/s]", "step": null, "ts": 1643465525.7492561}]}, "version": 299}
{"obj": {"type": "LogStrings", "path": ["monitoring", "stderr"], "values": [{"value": "\r  0%|          | 1396/300000 [00:25<1:31:02, 54.66it/s]", "step": null, "ts": 1643465525.8655977}]}, "version": 300}
{"obj": {"type": "LogStrings", "path": ["monitoring", "stderr"], "values": [{"value": "\r  0%|          | 1402/300000 [00:25<1:32:14, 53.95it/s]", "step": null, "ts": 1643465525.9802191}]}, "version": 301}
{"obj": {"type": "LogStrings", "path": ["monitoring", "stderr"], "values": [{"value": "\r  0%|          | 1408/300000 [00:26<1:33:11, 53.41it/s]", "step": null, "ts": 1643465526.0952058}]}, "version": 302}
{"obj": {"type": "LogStrings", "path": ["monitoring", "stderr"], "values": [{"value": "\r  0%|          | 1414/300000 [00:26<1:35:12, 52.27it/s]", "step": null, "ts": 1643465526.2156935}]}, "version": 303}
{"obj": {"type": "LogStrings", "path": ["monitoring", "stderr"], "values": [{"value": "\r  0%|          | 1420/300000 [00:26<1:35:33, 52.07it/s]", "step": null, "ts": 1643465526.33197}]}, "version": 304}
{"obj": {"type": "LogStrings", "path": ["monitoring", "stderr"], "values": [{"value": "\r  0%|          | 1426/300000 [00:26<1:34:46, 52.50it/s]", "step": null, "ts": 1643465526.4441097}]}, "version": 305}
{"obj": {"type": "LogStrings", "path": ["monitoring", "stderr"], "values": [{"value": "\r  0%|          | 1432/300000 [00:26<1:35:13, 52.25it/s]", "step": null, "ts": 1643465526.560096}]}, "version": 306}
{"obj": {"type": "LogStrings", "path": ["monitoring", "stderr"], "values": [{"value": "\r  0%|          | 1438/300000 [00:26<1:36:53, 51.35it/s]", "step": null, "ts": 1643465526.6816463}]}, "version": 307}
{"obj": {"type": "LogStrings", "path": ["monitoring", "stderr"], "values": [{"value": "\r  0%|          | 1444/300000 [00:26<1:36:19, 51.65it/s]", "step": null, "ts": 1643465526.7962072}]}, "version": 308}
{"obj": {"type": "LogStrings", "path": ["monitoring", "stderr"], "values": [{"value": "\r  0%|          | 1450/300000 [00:26<1:35:24, 52.15it/s]", "step": null, "ts": 1643465526.90869}]}, "version": 309}
{"obj": {"type": "LogStrings", "path": ["monitoring", "stderr"], "values": [{"value": "\r  0%|          | 1456/300000 [00:26<1:33:47, 53.05it/s]", "step": null, "ts": 1643465527.017234}]}, "version": 310}
{"obj": {"type": "LogStrings", "path": ["monitoring", "stderr"], "values": [{"value": "\r  0%|          | 1462/300000 [00:27<1:33:39, 53.13it/s]", "step": null, "ts": 1643465527.1297727}]}, "version": 311}
{"obj": {"type": "LogStrings", "path": ["monitoring", "stderr"], "values": [{"value": "\r  0%|          | 1468/300000 [00:27<1:34:08, 52.85it/s]", "step": null, "ts": 1643465527.2447112}]}, "version": 312}
{"obj": {"type": "LogStrings", "path": ["monitoring", "stderr"], "values": [{"value": "\r  0%|          | 1474/300000 [00:27<1:35:41, 52.00it/s]", "step": null, "ts": 1643465527.3644269}]}, "version": 313}
{"obj": {"type": "LogStrings", "path": ["monitoring", "stderr"], "values": [{"value": "\r  0%|          | 1480/300000 [00:27<1:35:40, 52.00it/s]", "step": null, "ts": 1643465527.4798179}]}, "version": 314}
{"obj": {"type": "LogStrings", "path": ["monitoring", "stderr"], "values": [{"value": "\r  0%|          | 1486/300000 [00:27<1:36:11, 51.72it/s]", "step": null, "ts": 1643465527.5972607}]}, "version": 315}
{"obj": {"type": "LogStrings", "path": ["monitoring", "stderr"], "values": [{"value": "\r  0%|          | 1492/300000 [00:27<1:35:27, 52.12it/s]", "step": null, "ts": 1643465527.710334}]}, "version": 316}
{"obj": {"type": "LogStrings", "path": ["monitoring", "stderr"], "values": [{"value": "\r  0%|          | 1498/300000 [00:27<1:35:42, 51.98it/s]", "step": null, "ts": 1643465527.8264492}]}, "version": 317}
{"obj": {"type": "LogStrings", "path": ["monitoring", "stderr"], "values": [{"value": "\r  1%|          | 1504/300000 [00:27<1:34:44, 52.51it/s]", "step": null, "ts": 1643465527.9380364}]}, "version": 318}
{"obj": {"type": "LogStrings", "path": ["monitoring", "stderr"], "values": [{"value": "\r  1%|          | 1510/300000 [00:27<1:34:28, 52.66it/s]", "step": null, "ts": 1643465528.051193}]}, "version": 319}
{"obj": {"type": "LogStrings", "path": ["monitoring", "stderr"], "values": [{"value": "\r  1%|          | 1516/300000 [00:28<1:35:00, 52.36it/s]", "step": null, "ts": 1643465528.1672907}]}, "version": 320}
{"obj": {"type": "LogStrings", "path": ["monitoring", "stderr"], "values": [{"value": "\r  1%|          | 1522/300000 [00:28<1:34:28, 52.66it/s]", "step": null, "ts": 1643465528.2797365}]}, "version": 321}
{"obj": {"type": "LogStrings", "path": ["monitoring", "stderr"], "values": [{"value": "\r  1%|          | 1528/300000 [00:28<1:33:45, 53.06it/s]", "step": null, "ts": 1643465528.39083}]}, "version": 322}
{"obj": {"type": "LogStrings", "path": ["monitoring", "stderr"], "values": [{"value": "\r  1%|          | 1534/300000 [00:28<1:34:03, 52.89it/s]", "step": null, "ts": 1643465528.5051455}]}, "version": 323}
{"obj": {"type": "LogStrings", "path": ["monitoring", "stderr"], "values": [{"value": "\r  1%|          | 1540/300000 [00:28<1:42:20, 48.61it/s]", "step": null, "ts": 1643465528.6520717}]}, "version": 324}
{"obj": {"type": "LogStrings", "path": ["monitoring", "stderr"], "values": [{"value": "\r  1%|          | 1545/300000 [00:28<1:48:24, 45.88it/s]", "step": null, "ts": 1643465528.7779744}]}, "version": 325}
{"obj": {"type": "LogStrings", "path": ["monitoring", "stderr"], "values": [{"value": "\r  1%|          | 1550/300000 [00:28<1:49:29, 45.43it/s]", "step": null, "ts": 1643465528.8910198}]}, "version": 326}
{"obj": {"type": "LogStrings", "path": ["monitoring", "stderr"], "values": [{"value": "\r  1%|          | 1555/300000 [00:28<1:56:45, 42.60it/s]", "step": null, "ts": 1643465529.0269895}]}, "version": 327}
{"obj": {"type": "LogStrings", "path": ["monitoring", "stderr"], "values": [{"value": "\r  1%|          | 1561/300000 [00:29<1:48:33, 45.82it/s]", "step": null, "ts": 1643465529.137393}]}, "version": 328}
{"obj": {"type": "LogStrings", "path": ["monitoring", "stderr"], "values": [{"value": "\r  1%|          | 1567/300000 [00:29<1:43:57, 47.84it/s]", "step": null, "ts": 1643465529.2508528}]}, "version": 329}
{"obj": {"type": "LogStrings", "path": ["monitoring", "stderr"], "values": [{"value": "\r  1%|          | 1573/300000 [00:29<1:38:47, 50.34it/s]", "step": null, "ts": 1643465529.35627}]}, "version": 330}
{"obj": {"type": "LogStrings", "path": ["monitoring", "stderr"], "values": [{"value": "\r  1%|          | 1579/300000 [00:29<1:38:01, 50.74it/s]", "step": null, "ts": 1643465529.4724822}]}, "version": 331}
{"obj": {"type": "LogStrings", "path": ["monitoring", "stderr"], "values": [{"value": "\r  1%|          | 1585/300000 [00:29<1:46:14, 46.81it/s]", "step": null, "ts": 1643465529.6232715}]}, "version": 332}
{"obj": {"type": "LogStrings", "path": ["monitoring", "stderr"], "values": [{"value": "\r  1%|          | 1590/300000 [00:29<1:51:29, 44.61it/s]", "step": null, "ts": 1643465529.7498028}]}, "version": 333}
{"obj": {"type": "LogStrings", "path": ["monitoring", "stderr"], "values": [{"value": "\r  1%|          | 1595/300000 [00:29<1:54:37, 43.39it/s]", "step": null, "ts": 1643465529.8734906}]}, "version": 334}
{"obj": {"type": "LogStrings", "path": ["monitoring", "stderr"], "values": [{"value": "\r  1%|          | 1600/300000 [00:29<1:56:15, 42.78it/s]", "step": null, "ts": 1643465529.9943528}]}, "version": 335}
{"obj": {"type": "LogStrings", "path": ["monitoring", "stderr"], "values": [{"value": "\r  1%|          | 1605/300000 [00:30<1:55:39, 43.00it/s]", "step": null, "ts": 1643465530.1091383}]}, "version": 336}
{"obj": {"type": "LogStrings", "path": ["monitoring", "stderr"], "values": [{"value": "\r  1%|          | 1611/300000 [00:30<1:47:35, 46.22it/s]", "step": null, "ts": 1643465530.2192297}]}, "version": 337}
{"obj": {"type": "LogStrings", "path": ["monitoring", "stderr"], "values": [{"value": "\r  1%|          | 1617/300000 [00:30<1:42:38, 48.45it/s]", "step": null, "ts": 1643465530.3303795}]}, "version": 338}
{"obj": {"type": "LogStrings", "path": ["monitoring", "stderr"], "values": [{"value": "\r  1%|          | 1623/300000 [00:30<1:37:28, 51.02it/s]", "step": null, "ts": 1643465530.434364}]}, "version": 339}
{"obj": {"type": "LogStrings", "path": ["monitoring", "stderr"], "values": [{"value": "\r  1%|          | 1629/300000 [00:30<1:35:39, 51.98it/s]", "step": null, "ts": 1643465530.5450625}]}, "version": 340}
{"obj": {"type": "LogStrings", "path": ["monitoring", "stderr"], "values": [{"value": "\r  1%|          | 1635/300000 [00:30<1:39:32, 49.96it/s]", "step": null, "ts": 1643465530.67564}]}, "version": 341}
{"obj": {"type": "LogStrings", "path": ["monitoring", "stderr"], "values": [{"value": "\r  1%|          | 1641/300000 [00:30<1:41:18, 49.08it/s]", "step": null, "ts": 1643465530.8027554}]}, "version": 342}
{"obj": {"type": "LogStrings", "path": ["monitoring", "stderr"], "values": [{"value": "\r  1%|          | 1647/300000 [00:30<1:39:07, 50.17it/s]", "step": null, "ts": 1643465530.9162881}]}, "version": 343}
{"obj": {"type": "LogStrings", "path": ["monitoring", "stderr"], "values": [{"value": "\r  1%|          | 1653/300000 [00:30<1:37:41, 50.90it/s]", "step": null, "ts": 1643465531.0301993}]}, "version": 344}
{"obj": {"type": "LogStrings", "path": ["monitoring", "stderr"], "values": [{"value": "\r  1%|          | 1659/300000 [00:31<1:34:10, 52.80it/s]", "step": null, "ts": 1643465531.1339955}]}, "version": 345}
{"obj": {"type": "LogStrings", "path": ["monitoring", "stderr"], "values": [{"value": "\r  1%|          | 1665/300000 [00:31<1:31:40, 54.24it/s]", "step": null, "ts": 1643465531.2376468}]}, "version": 346}
{"obj": {"type": "LogStrings", "path": ["monitoring", "stderr"], "values": [{"value": "\r  1%|          | 1671/300000 [00:31<1:29:47, 55.37it/s]", "step": null, "ts": 1643465531.340716}]}, "version": 347}
{"obj": {"type": "LogStrings", "path": ["monitoring", "stderr"], "values": [{"value": "\r  1%|          | 1677/300000 [00:31<1:31:15, 54.48it/s]", "step": null, "ts": 1643465531.4551513}]}, "version": 348}
{"obj": {"type": "LogStrings", "path": ["monitoring", "stderr"], "values": [{"value": "\r  1%|          | 1683/300000 [00:31<1:34:42, 52.50it/s]", "step": null, "ts": 1643465531.578977}]}, "version": 349}
{"obj": {"type": "LogStrings", "path": ["monitoring", "stderr"], "values": [{"value": "\r  1%|          | 1689/300000 [00:31<1:40:16, 49.58it/s]", "step": null, "ts": 1643465531.715813}]}, "version": 350}
{"obj": {"type": "LogStrings", "path": ["monitoring", "stderr"], "values": [{"value": "\r  1%|          | 1695/300000 [00:31<1:42:11, 48.65it/s]", "step": null, "ts": 1643465531.844481}]}, "version": 351}
{"obj": {"type": "LogStrings", "path": ["monitoring", "stderr"], "values": [{"value": "\r  1%|          | 1700/300000 [00:31<1:42:03, 48.72it/s]", "step": null, "ts": 1643465531.9466252}]}, "version": 352}
{"obj": {"type": "LogStrings", "path": ["monitoring", "stderr"], "values": [{"value": "\r  1%|          | 1705/300000 [00:31<1:42:08, 48.67it/s]", "step": null, "ts": 1643465532.0496144}]}, "version": 353}
{"obj": {"type": "LogStrings", "path": ["monitoring", "stderr"], "values": [{"value": "\r  1%|          | 1711/300000 [00:32<1:38:02, 50.71it/s]", "step": null, "ts": 1643465532.1573482}]}, "version": 354}
{"obj": {"type": "LogStrings", "path": ["monitoring", "stderr"], "values": [{"value": "\r  1%|          | 1717/300000 [00:32<1:35:28, 52.07it/s]", "step": null, "ts": 1643465532.2657962}]}, "version": 355}
{"obj": {"type": "LogStrings", "path": ["monitoring", "stderr"], "values": [{"value": "\r  1%|          | 1723/300000 [00:32<1:34:02, 52.86it/s]", "step": null, "ts": 1643465532.3754323}]}, "version": 356}
{"obj": {"type": "LogStrings", "path": ["monitoring", "stderr"], "values": [{"value": "\r  1%|          | 1729/300000 [00:32<1:33:05, 53.40it/s]", "step": null, "ts": 1643465532.4852104}]}, "version": 357}
{"obj": {"type": "LogStrings", "path": ["monitoring", "stderr"], "values": [{"value": "\r  1%|          | 1735/300000 [00:32<1:31:43, 54.19it/s]", "step": null, "ts": 1643465532.592198}]}, "version": 358}
{"obj": {"type": "LogStrings", "path": ["monitoring", "stderr"], "values": [{"value": "\r  1%|          | 1741/300000 [00:32<1:31:31, 54.31it/s]", "step": null, "ts": 1643465532.703278}]}, "version": 359}
{"obj": {"type": "LogStrings", "path": ["monitoring", "stderr"], "values": [{"value": "\r  1%|          | 1747/300000 [00:32<1:30:57, 54.65it/s]", "step": null, "ts": 1643465532.8102918}]}, "version": 360}
{"obj": {"type": "LogStrings", "path": ["monitoring", "stderr"], "values": [{"value": "\r  1%|          | 1753/300000 [00:32<1:31:10, 54.52it/s]", "step": null, "ts": 1643465532.920994}]}, "version": 361}
{"obj": {"type": "LogStrings", "path": ["monitoring", "stderr"], "values": [{"value": "\r  1%|          | 1759/300000 [00:32<1:32:03, 54.00it/s]", "step": null, "ts": 1643465533.0345469}]}, "version": 362}
{"obj": {"type": "LogStrings", "path": ["monitoring", "stderr"], "values": [{"value": "\r  1%|          | 1765/300000 [00:33<1:31:57, 54.05it/s]", "step": null, "ts": 1643465533.1452944}]}, "version": 363}
{"obj": {"type": "LogStrings", "path": ["monitoring", "stderr"], "values": [{"value": "\r  1%|          | 1771/300000 [00:33<1:30:24, 54.98it/s]", "step": null, "ts": 1643465533.250093}]}, "version": 364}
{"obj": {"type": "LogStrings", "path": ["monitoring", "stderr"], "values": [{"value": "\r  1%|          | 1777/300000 [00:33<1:28:39, 56.07it/s]", "step": null, "ts": 1643465533.352158}]}, "version": 365}
{"obj": {"type": "LogStrings", "path": ["monitoring", "stderr"], "values": [{"value": "\r  1%|          | 1783/300000 [00:33<1:27:19, 56.92it/s]", "step": null, "ts": 1643465533.4538572}]}, "version": 366}
{"obj": {"type": "LogFloats", "path": ["monitoring", "cpu"], "values": [{"value": 24.5, "step": null, "ts": 1643465533.497534}]}, "version": 367}
{"obj": {"type": "LogFloats", "path": ["monitoring", "memory"], "values": [{"value": 25.54733657836914, "step": null, "ts": 1643465533.497534}]}, "version": 368}
{"obj": {"type": "LogFloats", "path": ["monitoring", "gpu"], "values": [{"value": 3.0, "step": null, "ts": 1643465533.497534}]}, "version": 369}
{"obj": {"type": "LogFloats", "path": ["monitoring", "gpu_memory"], "values": [{"value": 0.9168701171875, "step": null, "ts": 1643465533.497534}]}, "version": 370}
{"obj": {"type": "LogStrings", "path": ["monitoring", "stderr"], "values": [{"value": "\r  1%|          | 1789/300000 [00:33<1:27:36, 56.74it/s]", "step": null, "ts": 1643465533.5603805}]}, "version": 371}
{"obj": {"type": "LogStrings", "path": ["monitoring", "stderr"], "values": [{"value": "\r  1%|          | 1795/300000 [00:33<1:26:36, 57.39it/s]", "step": null, "ts": 1643465533.6621537}]}, "version": 372}
{"obj": {"type": "LogStrings", "path": ["monitoring", "stderr"], "values": [{"value": "\r  1%|          | 1801/300000 [00:33<1:26:15, 57.62it/s]", "step": null, "ts": 1643465533.7652862}]}, "version": 373}
{"obj": {"type": "LogStrings", "path": ["monitoring", "stderr"], "values": [{"value": "\r  1%|          | 1807/300000 [00:33<1:26:07, 57.71it/s]", "step": null, "ts": 1643465533.8690362}]}, "version": 374}
{"obj": {"type": "LogStrings", "path": ["monitoring", "stderr"], "values": [{"value": "\r  1%|          | 1813/300000 [00:33<1:27:01, 57.11it/s]", "step": null, "ts": 1643465533.976486}]}, "version": 375}
{"obj": {"type": "LogStrings", "path": ["monitoring", "stderr"], "values": [{"value": "\r  1%|          | 1819/300000 [00:34<1:34:03, 52.84it/s]", "step": null, "ts": 1643465534.1100075}]}, "version": 376}
{"obj": {"type": "LogStrings", "path": ["monitoring", "stderr"], "values": [{"value": "\r  1%|          | 1825/300000 [00:34<1:40:01, 49.68it/s]", "step": null, "ts": 1643465534.2475338}]}, "version": 377}
{"obj": {"type": "LogStrings", "path": ["monitoring", "stderr"], "values": [{"value": "\r  1%|          | 1831/300000 [00:34<1:40:52, 49.27it/s]", "step": null, "ts": 1643465534.3720315}]}, "version": 378}
{"obj": {"type": "LogStrings", "path": ["monitoring", "stderr"], "values": [{"value": "\r  1%|          | 1836/300000 [00:34<1:43:04, 48.21it/s]", "step": null, "ts": 1643465534.4815679}]}, "version": 379}
{"obj": {"type": "LogStrings", "path": ["monitoring", "stderr"], "values": [{"value": "\r  1%|          | 1841/300000 [00:34<1:43:07, 48.19it/s]", "step": null, "ts": 1643465534.5855007}]}, "version": 380}
{"obj": {"type": "LogStrings", "path": ["monitoring", "stderr"], "values": [{"value": "\r  1%|          | 1846/300000 [00:34<1:55:44, 42.94it/s]", "step": null, "ts": 1643465534.7346385}]}, "version": 381}
{"obj": {"type": "LogStrings", "path": ["monitoring", "stderr"], "values": [{"value": "\r  1%|          | 1851/300000 [00:34<1:55:06, 43.17it/s]", "step": null, "ts": 1643465534.8488245}]}, "version": 382}
{"obj": {"type": "LogStrings", "path": ["monitoring", "stderr"], "values": [{"value": "\r  1%|          | 1856/300000 [00:34<1:56:12, 42.76it/s]", "step": null, "ts": 1643465534.9683292}]}, "version": 383}
{"obj": {"type": "LogStrings", "path": ["monitoring", "stderr"], "values": [{"value": "\r  1%|          | 1862/300000 [00:34<1:50:03, 45.15it/s]", "step": null, "ts": 1643465535.086466}]}, "version": 384}
{"obj": {"type": "LogStrings", "path": ["monitoring", "stderr"], "values": [{"value": "\r  1%|          | 1868/300000 [00:35<1:44:26, 47.57it/s]", "step": null, "ts": 1643465535.198196}]}, "version": 385}
{"obj": {"type": "LogStrings", "path": ["monitoring", "stderr"], "values": [{"value": "\r  1%|          | 1874/300000 [00:35<1:39:44, 49.81it/s]", "step": null, "ts": 1643465535.3062792}]}, "version": 386}
{"obj": {"type": "LogStrings", "path": ["monitoring", "stderr"], "values": [{"value": "\r  1%|          | 1880/300000 [00:35<1:37:34, 50.92it/s]", "step": null, "ts": 1643465535.4183385}]}, "version": 387}
{"obj": {"type": "LogStrings", "path": ["monitoring", "stderr"], "values": [{"value": "\r  1%|          | 1886/300000 [00:35<1:42:18, 48.57it/s]", "step": null, "ts": 1643465535.5547104}]}, "version": 388}
{"obj": {"type": "LogStrings", "path": ["monitoring", "stderr"], "values": [{"value": "\r  1%|          | 1892/300000 [00:35<1:38:47, 50.29it/s]", "step": null, "ts": 1643465535.6643348}]}, "version": 389}
{"obj": {"type": "LogStrings", "path": ["monitoring", "stderr"], "values": [{"value": "\r  1%|          | 1898/300000 [00:35<1:34:58, 52.32it/s]", "step": null, "ts": 1643465535.768433}]}, "version": 390}
{"obj": {"type": "LogStrings", "path": ["monitoring", "stderr"], "values": [{"value": "\r  1%|          | 1904/300000 [00:35<1:33:04, 53.38it/s]", "step": null, "ts": 1643465535.8755822}]}, "version": 391}
{"obj": {"type": "LogStrings", "path": ["monitoring", "stderr"], "values": [{"value": "\r  1%|          | 1910/300000 [00:35<1:42:50, 48.31it/s]", "step": null, "ts": 1643465536.0271585}]}, "version": 392}
{"obj": {"type": "LogStrings", "path": ["monitoring", "stderr"], "values": [{"value": "\r  1%|          | 1915/300000 [00:36<1:45:33, 47.07it/s]", "step": null, "ts": 1643465536.1409645}]}, "version": 393}
{"obj": {"type": "LogStrings", "path": ["monitoring", "stderr"], "values": [{"value": "\r  1%|          | 1920/300000 [00:36<1:47:24, 46.25it/s]", "step": null, "ts": 1643465536.2540581}]}, "version": 394}
{"obj": {"type": "LogStrings", "path": ["monitoring", "stderr"], "values": [{"value": "\r  1%|          | 1925/300000 [00:36<1:48:41, 45.70it/s]", "step": null, "ts": 1643465536.3667157}]}, "version": 395}
{"obj": {"type": "LogStrings", "path": ["monitoring", "stderr"], "values": [{"value": "\r  1%|          | 1930/300000 [00:36<1:47:57, 46.02it/s]", "step": null, "ts": 1643465536.4735277}]}, "version": 396}
{"obj": {"type": "LogStrings", "path": ["monitoring", "stderr"], "values": [{"value": "\r  1%|          | 1936/300000 [00:36<1:42:09, 48.63it/s]", "step": null, "ts": 1643465536.5826821}]}, "version": 397}
{"obj": {"type": "LogStrings", "path": ["monitoring", "stderr"], "values": [{"value": "\r  1%|          | 1942/300000 [00:36<1:38:28, 50.45it/s]", "step": null, "ts": 1643465536.692114}]}, "version": 398}
{"obj": {"type": "LogStrings", "path": ["monitoring", "stderr"], "values": [{"value": "\r  1%|          | 1948/300000 [00:36<1:35:35, 51.97it/s]", "step": null, "ts": 1643465536.8001397}]}, "version": 399}
{"obj": {"type": "LogStrings", "path": ["monitoring", "stderr"], "values": [{"value": "\r  1%|          | 1954/300000 [00:36<1:32:48, 53.53it/s]", "step": null, "ts": 1643465536.904577}]}, "version": 400}
{"obj": {"type": "LogStrings", "path": ["monitoring", "stderr"], "values": [{"value": "\r  1%|          | 1960/300000 [00:36<1:31:57, 54.02it/s]", "step": null, "ts": 1643465537.0134652}]}, "version": 401}
{"obj": {"type": "LogStrings", "path": ["monitoring", "stderr"], "values": [{"value": "\r  1%|          | 1966/300000 [00:37<1:31:21, 54.37it/s]", "step": null, "ts": 1643465537.1220317}]}, "version": 402}
{"obj": {"type": "LogStrings", "path": ["monitoring", "stderr"], "values": [{"value": "\r  1%|          | 1972/300000 [00:37<1:30:26, 54.92it/s]", "step": null, "ts": 1643465537.2287362}]}, "version": 403}
{"obj": {"type": "LogStrings", "path": ["monitoring", "stderr"], "values": [{"value": "\r  1%|          | 1978/300000 [00:37<1:29:55, 55.24it/s]", "step": null, "ts": 1643465537.3359232}]}, "version": 404}
{"obj": {"type": "LogStrings", "path": ["monitoring", "stderr"], "values": [{"value": "\r  1%|          | 1984/300000 [00:37<1:29:52, 55.27it/s]", "step": null, "ts": 1643465537.4443376}]}, "version": 405}
{"obj": {"type": "LogStrings", "path": ["monitoring", "stderr"], "values": [{"value": "\r  1%|          | 1990/300000 [00:37<1:30:14, 55.03it/s]", "step": null, "ts": 1643465537.5545142}]}, "version": 406}
{"obj": {"type": "LogStrings", "path": ["monitoring", "stderr"], "values": [{"value": "\r  1%|          | 1996/300000 [00:37<1:29:46, 55.33it/s]", "step": null, "ts": 1643465537.661552}]}, "version": 407}
{"obj": {"type": "LogStrings", "path": ["monitoring", "stderr"], "values": [{"value": "", "step": null, "ts": 1643465538.7027984}]}, "version": 408}
{"obj": {"type": "LogStrings", "path": ["monitoring", "stderr"], "values": [{"value": "\r  1%|          | 2000/300000 [00:38<1:35:52, 51.80it/s]", "step": null, "ts": 1643465538.7031882}]}, "version": 409}
{"obj": {"type": "LogStrings", "path": ["monitoring", "stderr"], "values": [{"value": "\n", "step": null, "ts": 1643465538.7035997}]}, "version": 410}
{"obj": {"type": "LogFloats", "path": ["monitoring", "cpu"], "values": [{"value": 18.5, "step": null, "ts": 1643465543.5070841}]}, "version": 411}
{"obj": {"type": "LogFloats", "path": ["monitoring", "memory"], "values": [{"value": 25.10460662841797, "step": null, "ts": 1643465543.5070841}]}, "version": 412}
{"obj": {"type": "LogFloats", "path": ["monitoring", "gpu_memory"], "values": [{"value": 0.9188232421875, "step": null, "ts": 1643465543.5070841}]}, "version": 413}
{"obj": {"type": "LogFloats", "path": ["monitoring", "cpu"], "values": [{"value": 6.3, "step": null, "ts": 1643465553.5078974}]}, "version": 414}
{"obj": {"type": "LogFloats", "path": ["monitoring", "memory"], "values": [{"value": 25.096942901611328, "step": null, "ts": 1643465553.5078974}]}, "version": 415}
{"obj": {"type": "LogFloats", "path": ["monitoring", "gpu_memory"], "values": [{"value": 0.9188232421875, "step": null, "ts": 1643465553.5078974}]}, "version": 416}
{"obj": {"type": "LogFloats", "path": ["monitoring", "cpu"], "values": [{"value": 3.6, "step": null, "ts": 1643465563.508802}]}, "version": 417}
{"obj": {"type": "LogFloats", "path": ["monitoring", "memory"], "values": [{"value": 25.093303680419922, "step": null, "ts": 1643465563.508802}]}, "version": 418}
{"obj": {"type": "LogFloats", "path": ["monitoring", "gpu_memory"], "values": [{"value": 0.9188232421875, "step": null, "ts": 1643465563.508802}]}, "version": 419}
{"obj": {"type": "LogFloats", "path": ["monitoring", "cpu"], "values": [{"value": 6.7, "step": null, "ts": 1643465573.5096104}]}, "version": 420}
{"obj": {"type": "LogFloats", "path": ["monitoring", "memory"], "values": [{"value": 25.106739044189453, "step": null, "ts": 1643465573.5096104}]}, "version": 421}
{"obj": {"type": "LogFloats", "path": ["monitoring", "gpu"], "values": [{"value": 3.0, "step": null, "ts": 1643465573.5096104}]}, "version": 422}
{"obj": {"type": "LogFloats", "path": ["monitoring", "gpu_memory"], "values": [{"value": 0.9188232421875, "step": null, "ts": 1643465573.5096104}]}, "version": 423}
{"obj": {"type": "LogFloats", "path": ["monitoring", "cpu"], "values": [{"value": 4.8, "step": null, "ts": 1643465583.5105217}]}, "version": 424}
{"obj": {"type": "LogFloats", "path": ["monitoring", "memory"], "values": [{"value": 25.102901458740234, "step": null, "ts": 1643465583.5105217}]}, "version": 425}
{"obj": {"type": "LogFloats", "path": ["monitoring", "gpu_memory"], "values": [{"value": 0.9188232421875, "step": null, "ts": 1643465583.5105217}]}, "version": 426}
{"obj": {"type": "LogFloats", "path": ["monitoring", "cpu"], "values": [{"value": 6.4, "step": null, "ts": 1643465593.5115845}]}, "version": 427}
{"obj": {"type": "LogFloats", "path": ["monitoring", "memory"], "values": [{"value": 25.09212875366211, "step": null, "ts": 1643465593.5115845}]}, "version": 428}
{"obj": {"type": "LogFloats", "path": ["monitoring", "gpu_memory"], "values": [{"value": 0.9188232421875, "step": null, "ts": 1643465593.5115845}]}, "version": 429}
{"obj": {"type": "LogFloats", "path": ["monitoring", "cpu"], "values": [{"value": 10.4, "step": null, "ts": 1643465603.5124385}]}, "version": 430}
{"obj": {"type": "LogFloats", "path": ["monitoring", "memory"], "values": [{"value": 25.14239501953125, "step": null, "ts": 1643465603.5124385}]}, "version": 431}
{"obj": {"type": "LogFloats", "path": ["monitoring", "gpu"], "values": [{"value": 1.0, "step": null, "ts": 1643465603.5124385}]}, "version": 432}
{"obj": {"type": "LogFloats", "path": ["monitoring", "gpu_memory"], "values": [{"value": 0.9188232421875, "step": null, "ts": 1643465603.5124385}]}, "version": 433}
{"obj": {"type": "LogFloats", "path": ["monitoring", "cpu"], "values": [{"value": 7.2, "step": null, "ts": 1643465613.5134516}]}, "version": 434}
{"obj": {"type": "LogFloats", "path": ["monitoring", "memory"], "values": [{"value": 25.135364532470703, "step": null, "ts": 1643465613.5134516}]}, "version": 435}
{"obj": {"type": "LogFloats", "path": ["monitoring", "gpu_memory"], "values": [{"value": 0.9188232421875, "step": null, "ts": 1643465613.5134516}]}, "version": 436}
{"obj": {"type": "LogFloats", "path": ["monitoring", "cpu"], "values": [{"value": 3.9, "step": null, "ts": 1643465623.514384}]}, "version": 437}
{"obj": {"type": "LogFloats", "path": ["monitoring", "memory"], "values": [{"value": 25.151275634765625, "step": null, "ts": 1643465623.514384}]}, "version": 438}
{"obj": {"type": "LogFloats", "path": ["monitoring", "gpu_memory"], "values": [{"value": 0.9188232421875, "step": null, "ts": 1643465623.514384}]}, "version": 439}
{"obj": {"type": "LogFloats", "path": ["monitoring", "cpu"], "values": [{"value": 5.6, "step": null, "ts": 1643465633.5156212}]}, "version": 440}
{"obj": {"type": "LogFloats", "path": ["monitoring", "memory"], "values": [{"value": 25.151958465576172, "step": null, "ts": 1643465633.5156212}]}, "version": 441}
{"obj": {"type": "LogFloats", "path": ["monitoring", "gpu"], "values": [{"value": 1.0, "step": null, "ts": 1643465633.5156212}]}, "version": 442}
{"obj": {"type": "LogFloats", "path": ["monitoring", "gpu_memory"], "values": [{"value": 0.9188232421875, "step": null, "ts": 1643465633.5156212}]}, "version": 443}
{"obj": {"type": "LogFloats", "path": ["monitoring", "cpu"], "values": [{"value": 7.9, "step": null, "ts": 1643465643.5165782}]}, "version": 444}
{"obj": {"type": "LogFloats", "path": ["monitoring", "memory"], "values": [{"value": 25.152881622314453, "step": null, "ts": 1643465643.5165782}]}, "version": 445}
{"obj": {"type": "LogFloats", "path": ["monitoring", "gpu"], "values": [{"value": 1.0, "step": null, "ts": 1643465643.5165782}]}, "version": 446}
{"obj": {"type": "LogFloats", "path": ["monitoring", "gpu_memory"], "values": [{"value": 0.9188232421875, "step": null, "ts": 1643465643.5165782}]}, "version": 447}
{"obj": {"type": "LogStrings", "path": ["monitoring", "stdout"], "values": [{"value": "Shutting down background jobs, please wait a moment...\n", "step": null, "ts": 1643465647.7699401}]}, "version": 448}
