{"obj": {"type": "AssignString", "path": ["sys", "name"], "value": "Untitled"}, "version": 1}
{"obj": {"type": "AssignString", "path": ["sys", "description"], "value": ""}, "version": 2}
{"obj": {"type": "AssignString", "path": ["sys", "hostname"], "value": "xhnfly-Strix-GL504GS-S5CS"}, "version": 3}
{"obj": {"type": "AssignBool", "path": ["sys", "failed"], "value": false}, "version": 4}
{"obj": {"type": "ClearStringLog", "path": ["monitoring", "stdout"]}, "version": 5}
{"obj": {"type": "ClearStringLog", "path": ["monitoring", "stderr"]}, "version": 6}
{"obj": {"type": "ConfigFloatSeries", "path": ["monitoring", "cpu"], "min": 0.0, "max": 100.0, "unit": "%"}, "version": 7}
{"obj": {"type": "ClearFloatLog", "path": ["monitoring", "cpu"]}, "version": 8}
{"obj": {"type": "ConfigFloatSeries", "path": ["monitoring", "memory"], "min": 0.0, "max": 31.287979125976562, "unit": "GB"}, "version": 9}
{"obj": {"type": "ClearFloatLog", "path": ["monitoring", "memory"]}, "version": 10}
{"obj": {"type": "ConfigFloatSeries", "path": ["monitoring", "gpu"], "min": 0.0, "max": 100.0, "unit": "%"}, "version": 11}
{"obj": {"type": "ClearFloatLog", "path": ["monitoring", "gpu"]}, "version": 12}
{"obj": {"type": "ConfigFloatSeries", "path": ["monitoring", "gpu_memory"], "min": 0.0, "max": 7.9210205078125, "unit": "GB"}, "version": 13}
{"obj": {"type": "ClearFloatLog", "path": ["monitoring", "gpu_memory"]}, "version": 14}
{"obj": {"type": "LogStrings", "path": ["monitoring", "stdout"], "values": [{"value": "", "step": null, "ts": 1643463997.3590689}]}, "version": 15}
{"obj": {"type": "LogStrings", "path": ["monitoring", "stdout"], "values": [{"value": "Remember to stop your run once you\u2019ve finished logging your metadata (https://docs.neptune.ai/api-reference/run#.stop). It will be stopped automatically only when the notebook kernel/interactive console is terminated.\n", "step": null, "ts": 1643463997.3607097}]}, "version": 16}
{"obj": {"type": "LogFloats", "path": ["monitoring", "cpu"], "values": [{"value": 36.2, "step": null, "ts": 1643463997.3547947}]}, "version": 17}
{"obj": {"type": "LogFloats", "path": ["monitoring", "memory"], "values": [{"value": 21.485916137695312, "step": null, "ts": 1643463997.3547947}]}, "version": 18}
{"obj": {"type": "LogFloats", "path": ["monitoring", "gpu"], "values": [{"value": 12.0, "step": null, "ts": 1643463997.3547947}]}, "version": 19}
{"obj": {"type": "LogFloats", "path": ["monitoring", "gpu_memory"], "values": [{"value": 0.208740234375, "step": null, "ts": 1643463997.3547947}]}, "version": 20}
{"obj": {"type": "LogStrings", "path": ["monitoring", "stdout"], "values": [{"value": "device = ", "step": null, "ts": 1643464001.3070476}]}, "version": 21}
{"obj": {"type": "LogStrings", "path": ["monitoring", "stdout"], "values": [{"value": " ", "step": null, "ts": 1643464001.3073585}]}, "version": 22}
{"obj": {"type": "LogStrings", "path": ["monitoring", "stdout"], "values": [{"value": "cuda", "step": null, "ts": 1643464001.3074586}]}, "version": 23}
{"obj": {"type": "LogStrings", "path": ["monitoring", "stdout"], "values": [{"value": "\n", "step": null, "ts": 1643464001.3075354}]}, "version": 24}
{"obj": {"type": "AssignFloat", "path": ["parameters", "dropout"], "value": 0.2}, "version": 25}
{"obj": {"type": "AssignFloat", "path": ["parameters", "learning_rate"], "value": 0.001}, "version": 26}
{"obj": {"type": "AssignString", "path": ["parameters", "optimizer"], "value": "Adam"}, "version": 27}
{"obj": {"type": "AssignInt", "path": ["parameters", "hid"], "value": 512}, "version": 28}
{"obj": {"type": "AssignInt", "path": ["parameters", "l"], "value": 3}, "version": 29}
{"obj": {"type": "AssignInt", "path": ["parameters", "seed"], "value": 0}, "version": 30}
{"obj": {"type": "AssignInt", "path": ["parameters", "steps_per_epoch"], "value": 3000}, "version": 31}
{"obj": {"type": "AssignInt", "path": ["parameters", "steps_video"], "value": 30000}, "version": 32}
{"obj": {"type": "AssignInt", "path": ["parameters", "epochs"], "value": 100}, "version": 33}
{"obj": {"type": "AssignInt", "path": ["parameters", "replay_size"], "value": 10000000}, "version": 34}
{"obj": {"type": "AssignFloat", "path": ["parameters", "gamma"], "value": 0.99}, "version": 35}
{"obj": {"type": "AssignFloat", "path": ["parameters", "polyak"], "value": 0.995}, "version": 36}
{"obj": {"type": "AssignFloat", "path": ["parameters", "pi_lr"], "value": 0.0001}, "version": 37}
{"obj": {"type": "AssignFloat", "path": ["parameters", "q_lr"], "value": 0.0001}, "version": 38}
{"obj": {"type": "AssignInt", "path": ["parameters", "batch_size"], "value": 1000}, "version": 39}
{"obj": {"type": "AssignInt", "path": ["parameters", "start_steps"], "value": 1000}, "version": 40}
{"obj": {"type": "AssignInt", "path": ["parameters", "update_after"], "value": 2000}, "version": 41}
{"obj": {"type": "AssignInt", "path": ["parameters", "update_every"], "value": 100}, "version": 42}
{"obj": {"type": "AssignFloat", "path": ["parameters", "act_noise"], "value": 0.01}, "version": 43}
{"obj": {"type": "AssignInt", "path": ["parameters", "num_test_episodes"], "value": 1}, "version": 44}
{"obj": {"type": "AssignInt", "path": ["parameters", "max_ep_len"], "value": 1000}, "version": 45}
{"obj": {"type": "LogStrings", "path": ["monitoring", "stdout"], "values": [{"value": "obs_dim = ", "step": null, "ts": 1643464001.4664788}]}, "version": 46}
{"obj": {"type": "LogStrings", "path": ["monitoring", "stdout"], "values": [{"value": " ", "step": null, "ts": 1643464001.4667404}]}, "version": 47}
{"obj": {"type": "LogStrings", "path": ["monitoring", "stdout"], "values": [{"value": "47", "step": null, "ts": 1643464001.4668941}]}, "version": 48}
{"obj": {"type": "LogStrings", "path": ["monitoring", "stdout"], "values": [{"value": "\n", "step": null, "ts": 1643464001.466975}]}, "version": 49}
{"obj": {"type": "LogStrings", "path": ["monitoring", "stdout"], "values": [{"value": "act_dim = ", "step": null, "ts": 1643464001.467197}]}, "version": 50}
{"obj": {"type": "LogStrings", "path": ["monitoring", "stdout"], "values": [{"value": " ", "step": null, "ts": 1643464001.4672806}]}, "version": 51}
{"obj": {"type": "LogStrings", "path": ["monitoring", "stdout"], "values": [{"value": "7", "step": null, "ts": 1643464001.467433}]}, "version": 52}
{"obj": {"type": "LogStrings", "path": ["monitoring", "stdout"], "values": [{"value": "\n", "step": null, "ts": 1643464001.4675763}]}, "version": 53}
{"obj": {"type": "LogStrings", "path": ["monitoring", "stdout"], "values": [{"value": "act_limit = ", "step": null, "ts": 1643464001.4677527}]}, "version": 54}
{"obj": {"type": "LogStrings", "path": ["monitoring", "stdout"], "values": [{"value": " ", "step": null, "ts": 1643464001.467882}]}, "version": 55}
{"obj": {"type": "LogStrings", "path": ["monitoring", "stdout"], "values": [{"value": "1", "step": null, "ts": 1643464001.4680016}]}, "version": 56}
{"obj": {"type": "LogStrings", "path": ["monitoring", "stdout"], "values": [{"value": "\n", "step": null, "ts": 1643464001.4681118}]}, "version": 57}
{"obj": {"type": "LogStrings", "path": ["monitoring", "stderr"], "values": [{"value": "\r  0%|          | 0/300000 [00:00<?, ?it/s]", "step": null, "ts": 1643464004.1389036}]}, "version": 58}
{"obj": {"type": "LogStrings", "path": ["monitoring", "stderr"], "values": [{"value": "\r  0%|          | 2/300000 [00:00<5:12:03, 16.02it/s]", "step": null, "ts": 1643464004.264662}]}, "version": 59}
{"obj": {"type": "LogStrings", "path": ["monitoring", "stderr"], "values": [{"value": "\r  0%|          | 7/300000 [00:00<2:36:25, 31.96it/s]", "step": null, "ts": 1643464004.3773782}]}, "version": 60}
{"obj": {"type": "LogStrings", "path": ["monitoring", "stderr"], "values": [{"value": "\r  0%|          | 13/300000 [00:00<1:58:59, 42.02it/s]", "step": null, "ts": 1643464004.4866414}]}, "version": 61}
{"obj": {"type": "LogStrings", "path": ["monitoring", "stderr"], "values": [{"value": "\r  0%|          | 19/300000 [00:00<1:45:49, 47.24it/s]", "step": null, "ts": 1643464004.5943222}]}, "version": 62}
{"obj": {"type": "LogStrings", "path": ["monitoring", "stderr"], "values": [{"value": "\r  0%|          | 25/300000 [00:00<1:43:10, 48.46it/s]", "step": null, "ts": 1643464004.7132003}]}, "version": 63}
{"obj": {"type": "LogStrings", "path": ["monitoring", "stderr"], "values": [{"value": "\r  0%|          | 31/300000 [00:00<1:40:35, 49.70it/s]", "step": null, "ts": 1643464004.8283987}]}, "version": 64}
{"obj": {"type": "LogStrings", "path": ["monitoring", "stderr"], "values": [{"value": "\r  0%|          | 37/300000 [00:00<1:37:51, 51.09it/s]", "step": null, "ts": 1643464004.939411}]}, "version": 65}
{"obj": {"type": "LogStrings", "path": ["monitoring", "stderr"], "values": [{"value": "\r  0%|          | 43/300000 [00:00<1:35:43, 52.22it/s]", "step": null, "ts": 1643464005.0490499}]}, "version": 66}
{"obj": {"type": "LogStrings", "path": ["monitoring", "stderr"], "values": [{"value": "\r  0%|          | 49/300000 [00:01<1:35:37, 52.28it/s]", "step": null, "ts": 1643464005.1635501}]}, "version": 67}
{"obj": {"type": "LogStrings", "path": ["monitoring", "stderr"], "values": [{"value": "\r  0%|          | 55/300000 [00:01<1:35:43, 52.23it/s]", "step": null, "ts": 1643464005.2786968}]}, "version": 68}
{"obj": {"type": "LogStrings", "path": ["monitoring", "stderr"], "values": [{"value": "\r  0%|          | 61/300000 [00:01<1:36:20, 51.89it/s]", "step": null, "ts": 1643464005.3959923}]}, "version": 69}
{"obj": {"type": "LogStrings", "path": ["monitoring", "stderr"], "values": [{"value": "\r  0%|          | 67/300000 [00:01<1:36:30, 51.80it/s]", "step": null, "ts": 1643464005.5124128}]}, "version": 70}
{"obj": {"type": "LogStrings", "path": ["monitoring", "stderr"], "values": [{"value": "\r  0%|          | 73/300000 [00:01<1:36:45, 51.67it/s]", "step": null, "ts": 1643464005.6291516}]}, "version": 71}
{"obj": {"type": "LogStrings", "path": ["monitoring", "stderr"], "values": [{"value": "\r  0%|          | 79/300000 [00:01<1:36:46, 51.66it/s]", "step": null, "ts": 1643464005.745441}]}, "version": 72}
{"obj": {"type": "LogStrings", "path": ["monitoring", "stderr"], "values": [{"value": "\r  0%|          | 85/300000 [00:01<1:35:53, 52.13it/s]", "step": null, "ts": 1643464005.8579466}]}, "version": 73}
{"obj": {"type": "LogStrings", "path": ["monitoring", "stderr"], "values": [{"value": "\r  0%|          | 91/300000 [00:01<1:34:08, 53.09it/s]", "step": null, "ts": 1643464005.9661522}]}, "version": 74}
{"obj": {"type": "LogStrings", "path": ["monitoring", "stderr"], "values": [{"value": "\r  0%|          | 97/300000 [00:01<1:34:59, 52.62it/s]", "step": null, "ts": 1643464006.0825226}]}, "version": 75}
{"obj": {"type": "LogStrings", "path": ["monitoring", "stderr"], "values": [{"value": "\r  0%|          | 103/300000 [00:02<1:33:51, 53.25it/s]", "step": null, "ts": 1643464006.1920574}]}, "version": 76}
{"obj": {"type": "LogStrings", "path": ["monitoring", "stderr"], "values": [{"value": "\r  0%|          | 109/300000 [00:02<1:33:40, 53.36it/s]", "step": null, "ts": 1643464006.3039775}]}, "version": 77}
{"obj": {"type": "LogStrings", "path": ["monitoring", "stderr"], "values": [{"value": "\r  0%|          | 115/300000 [00:02<1:33:26, 53.49it/s]", "step": null, "ts": 1643464006.4156368}]}, "version": 78}
{"obj": {"type": "LogStrings", "path": ["monitoring", "stderr"], "values": [{"value": "\r  0%|          | 121/300000 [00:02<1:34:07, 53.10it/s]", "step": null, "ts": 1643464006.5304062}]}, "version": 79}
{"obj": {"type": "LogStrings", "path": ["monitoring", "stderr"], "values": [{"value": "\r  0%|          | 127/300000 [00:02<1:33:33, 53.42it/s]", "step": null, "ts": 1643464006.6412961}]}, "version": 80}
{"obj": {"type": "LogStrings", "path": ["monitoring", "stderr"], "values": [{"value": "\r  0%|          | 133/300000 [00:02<1:33:17, 53.57it/s]", "step": null, "ts": 1643464006.752428}]}, "version": 81}
{"obj": {"type": "LogStrings", "path": ["monitoring", "stderr"], "values": [{"value": "\r  0%|          | 139/300000 [00:02<1:32:50, 53.83it/s]", "step": null, "ts": 1643464006.8626428}]}, "version": 82}
{"obj": {"type": "LogStrings", "path": ["monitoring", "stderr"], "values": [{"value": "\r  0%|          | 145/300000 [00:02<1:31:19, 54.72it/s]", "step": null, "ts": 1643464006.9680479}]}, "version": 83}
{"obj": {"type": "LogStrings", "path": ["monitoring", "stderr"], "values": [{"value": "\r  0%|          | 151/300000 [00:02<1:31:41, 54.50it/s]", "step": null, "ts": 1643464007.079155}]}, "version": 84}
{"obj": {"type": "LogStrings", "path": ["monitoring", "stderr"], "values": [{"value": "\r  0%|          | 157/300000 [00:03<1:30:16, 55.36it/s]", "step": null, "ts": 1643464007.1835694}]}, "version": 85}
{"obj": {"type": "LogStrings", "path": ["monitoring", "stderr"], "values": [{"value": "\r  0%|          | 163/300000 [00:03<1:30:19, 55.32it/s]", "step": null, "ts": 1643464007.292187}]}, "version": 86}
{"obj": {"type": "LogFloats", "path": ["monitoring", "cpu"], "values": [{"value": 24.7, "step": null, "ts": 1643464007.3627384}]}, "version": 87}
{"obj": {"type": "LogFloats", "path": ["monitoring", "memory"], "values": [{"value": 25.372650146484375, "step": null, "ts": 1643464007.3627384}]}, "version": 88}
{"obj": {"type": "LogFloats", "path": ["monitoring", "gpu"], "values": [{"value": 6.0, "step": null, "ts": 1643464007.3627384}]}, "version": 89}
{"obj": {"type": "LogFloats", "path": ["monitoring", "gpu_memory"], "values": [{"value": 0.9149169921875, "step": null, "ts": 1643464007.3627384}]}, "version": 90}
{"obj": {"type": "LogStrings", "path": ["monitoring", "stderr"], "values": [{"value": "\r  0%|          | 169/300000 [00:03<1:31:54, 54.37it/s]", "step": null, "ts": 1643464007.40699}]}, "version": 91}
{"obj": {"type": "LogStrings", "path": ["monitoring", "stderr"], "values": [{"value": "\r  0%|          | 175/300000 [00:03<1:31:52, 54.39it/s]", "step": null, "ts": 1643464007.5172024}]}, "version": 92}
{"obj": {"type": "LogStrings", "path": ["monitoring", "stderr"], "values": [{"value": "\r  0%|          | 181/300000 [00:03<1:31:24, 54.66it/s]", "step": null, "ts": 1643464007.6256893}]}, "version": 93}
{"obj": {"type": "LogStrings", "path": ["monitoring", "stderr"], "values": [{"value": "\r  0%|          | 187/300000 [00:03<1:30:42, 55.09it/s]", "step": null, "ts": 1643464007.7326407}]}, "version": 94}
{"obj": {"type": "LogStrings", "path": ["monitoring", "stderr"], "values": [{"value": "\r  0%|          | 193/300000 [00:03<1:30:45, 55.06it/s]", "step": null, "ts": 1643464007.8417482}]}, "version": 95}
{"obj": {"type": "LogStrings", "path": ["monitoring", "stderr"], "values": [{"value": "\r  0%|          | 199/300000 [00:03<1:31:59, 54.32it/s]", "step": null, "ts": 1643464007.9557292}]}, "version": 96}
{"obj": {"type": "LogStrings", "path": ["monitoring", "stderr"], "values": [{"value": "\r  0%|          | 205/300000 [00:03<1:31:56, 54.34it/s]", "step": null, "ts": 1643464008.0659764}]}, "version": 97}
{"obj": {"type": "LogStrings", "path": ["monitoring", "stderr"], "values": [{"value": "\r  0%|          | 211/300000 [00:04<1:33:12, 53.60it/s]", "step": null, "ts": 1643464008.1815138}]}, "version": 98}
{"obj": {"type": "LogStrings", "path": ["monitoring", "stderr"], "values": [{"value": "\r  0%|          | 217/300000 [00:04<1:34:20, 52.96it/s]", "step": null, "ts": 1643464008.2979422}]}, "version": 99}
{"obj": {"type": "LogStrings", "path": ["monitoring", "stderr"], "values": [{"value": "\r  0%|          | 223/300000 [00:04<1:34:50, 52.68it/s]", "step": null, "ts": 1643464008.4132566}]}, "version": 100}
{"obj": {"type": "LogStrings", "path": ["monitoring", "stderr"], "values": [{"value": "\r  0%|          | 229/300000 [00:04<1:35:14, 52.46it/s]", "step": null, "ts": 1643464008.5287504}]}, "version": 101}
{"obj": {"type": "LogStrings", "path": ["monitoring", "stderr"], "values": [{"value": "\r  0%|          | 235/300000 [00:04<1:34:53, 52.65it/s]", "step": null, "ts": 1643464008.6416981}]}, "version": 102}
{"obj": {"type": "LogStrings", "path": ["monitoring", "stderr"], "values": [{"value": "\r  0%|          | 241/300000 [00:04<1:34:13, 53.03it/s]", "step": null, "ts": 1643464008.7529964}]}, "version": 103}
{"obj": {"type": "LogStrings", "path": ["monitoring", "stderr"], "values": [{"value": "\r  0%|          | 247/300000 [00:04<1:33:27, 53.45it/s]", "step": null, "ts": 1643464008.8632994}]}, "version": 104}
{"obj": {"type": "LogStrings", "path": ["monitoring", "stderr"], "values": [{"value": "\r  0%|          | 253/300000 [00:04<1:33:23, 53.49it/s]", "step": null, "ts": 1643464008.975123}]}, "version": 105}
{"obj": {"type": "LogStrings", "path": ["monitoring", "stderr"], "values": [{"value": "\r  0%|          | 259/300000 [00:04<1:34:54, 52.64it/s]", "step": null, "ts": 1643464009.093356}]}, "version": 106}
{"obj": {"type": "LogStrings", "path": ["monitoring", "stderr"], "values": [{"value": "\r  0%|          | 265/300000 [00:05<1:36:05, 51.99it/s]", "step": null, "ts": 1643464009.2120872}]}, "version": 107}
{"obj": {"type": "LogStrings", "path": ["monitoring", "stderr"], "values": [{"value": "\r  0%|          | 271/300000 [00:05<1:36:17, 51.88it/s]", "step": null, "ts": 1643464009.3282783}]}, "version": 108}
{"obj": {"type": "LogStrings", "path": ["monitoring", "stderr"], "values": [{"value": "\r  0%|          | 277/300000 [00:05<1:36:10, 51.94it/s]", "step": null, "ts": 1643464009.443489}]}, "version": 109}
{"obj": {"type": "LogStrings", "path": ["monitoring", "stderr"], "values": [{"value": "\r  0%|          | 283/300000 [00:05<1:36:37, 51.69it/s]", "step": null, "ts": 1643464009.560856}]}, "version": 110}
{"obj": {"type": "LogStrings", "path": ["monitoring", "stderr"], "values": [{"value": "\r  0%|          | 289/300000 [00:05<1:37:43, 51.11it/s]", "step": null, "ts": 1643464009.6813333}]}, "version": 111}
{"obj": {"type": "LogStrings", "path": ["monitoring", "stderr"], "values": [{"value": "\r  0%|          | 295/300000 [00:05<1:38:03, 50.94it/s]", "step": null, "ts": 1643464009.8001041}]}, "version": 112}
{"obj": {"type": "LogStrings", "path": ["monitoring", "stderr"], "values": [{"value": "\r  0%|          | 301/300000 [00:05<1:38:47, 50.56it/s]", "step": null, "ts": 1643464009.9207952}]}, "version": 113}
{"obj": {"type": "LogStrings", "path": ["monitoring", "stderr"], "values": [{"value": "\r  0%|          | 307/300000 [00:05<1:38:53, 50.51it/s]", "step": null, "ts": 1643464010.0398402}]}, "version": 114}
{"obj": {"type": "LogStrings", "path": ["monitoring", "stderr"], "values": [{"value": "\r  0%|          | 313/300000 [00:06<1:40:23, 49.75it/s]", "step": null, "ts": 1643464010.1646552}]}, "version": 115}
{"obj": {"type": "LogStrings", "path": ["monitoring", "stderr"], "values": [{"value": "\r  0%|          | 318/300000 [00:06<1:44:10, 47.95it/s]", "step": null, "ts": 1643464010.2795463}]}, "version": 116}
{"obj": {"type": "LogStrings", "path": ["monitoring", "stderr"], "values": [{"value": "\r  0%|          | 324/300000 [00:06<1:41:32, 49.18it/s]", "step": null, "ts": 1643464010.3946867}]}, "version": 117}
{"obj": {"type": "LogStrings", "path": ["monitoring", "stderr"], "values": [{"value": "\r  0%|          | 329/300000 [00:06<1:41:30, 49.20it/s]", "step": null, "ts": 1643464010.496072}]}, "version": 118}
{"obj": {"type": "LogStrings", "path": ["monitoring", "stderr"], "values": [{"value": "\r  0%|          | 335/300000 [00:06<1:39:18, 50.29it/s]", "step": null, "ts": 1643464010.6096766}]}, "version": 119}
{"obj": {"type": "LogStrings", "path": ["monitoring", "stderr"], "values": [{"value": "\r  0%|          | 341/300000 [00:06<1:36:43, 51.63it/s]", "step": null, "ts": 1643464010.7190294}]}, "version": 120}
{"obj": {"type": "LogStrings", "path": ["monitoring", "stderr"], "values": [{"value": "\r  0%|          | 347/300000 [00:06<1:34:47, 52.69it/s]", "step": null, "ts": 1643464010.8276854}]}, "version": 121}
{"obj": {"type": "LogStrings", "path": ["monitoring", "stderr"], "values": [{"value": "\r  0%|          | 353/300000 [00:06<1:35:52, 52.09it/s]", "step": null, "ts": 1643464010.9458163}]}, "version": 122}
{"obj": {"type": "LogStrings", "path": ["monitoring", "stderr"], "values": [{"value": "\r  0%|          | 359/300000 [00:06<1:34:12, 53.01it/s]", "step": null, "ts": 1643464011.0544512}]}, "version": 123}
{"obj": {"type": "LogStrings", "path": ["monitoring", "stderr"], "values": [{"value": "\r  0%|          | 365/300000 [00:07<1:33:44, 53.28it/s]", "step": null, "ts": 1643464011.1657572}]}, "version": 124}
{"obj": {"type": "LogStrings", "path": ["monitoring", "stderr"], "values": [{"value": "\r  0%|          | 371/300000 [00:07<1:34:03, 53.09it/s]", "step": null, "ts": 1643464011.279746}]}, "version": 125}
{"obj": {"type": "LogStrings", "path": ["monitoring", "stderr"], "values": [{"value": "\r  0%|          | 377/300000 [00:07<1:34:10, 53.02it/s]", "step": null, "ts": 1643464011.3931706}]}, "version": 126}
{"obj": {"type": "LogStrings", "path": ["monitoring", "stderr"], "values": [{"value": "\r  0%|          | 383/300000 [00:07<1:33:42, 53.29it/s]", "step": null, "ts": 1643464011.5045483}]}, "version": 127}
{"obj": {"type": "LogStrings", "path": ["monitoring", "stderr"], "values": [{"value": "\r  0%|          | 389/300000 [00:07<1:33:22, 53.48it/s]", "step": null, "ts": 1643464011.6157482}]}, "version": 128}
{"obj": {"type": "LogStrings", "path": ["monitoring", "stderr"], "values": [{"value": "\r  0%|          | 395/300000 [00:07<1:33:08, 53.61it/s]", "step": null, "ts": 1643464011.727004}]}, "version": 129}
{"obj": {"type": "LogStrings", "path": ["monitoring", "stderr"], "values": [{"value": "\r  0%|          | 401/300000 [00:07<1:32:20, 54.07it/s]", "step": null, "ts": 1643464011.8357532}]}, "version": 130}
{"obj": {"type": "LogStrings", "path": ["monitoring", "stderr"], "values": [{"value": "\r  0%|          | 407/300000 [00:07<1:31:43, 54.43it/s]", "step": null, "ts": 1643464011.9442542}]}, "version": 131}
{"obj": {"type": "LogStrings", "path": ["monitoring", "stderr"], "values": [{"value": "\r  0%|          | 413/300000 [00:07<1:31:07, 54.80it/s]", "step": null, "ts": 1643464012.0521393}]}, "version": 132}
{"obj": {"type": "LogStrings", "path": ["monitoring", "stderr"], "values": [{"value": "\r  0%|          | 419/300000 [00:08<1:30:41, 55.05it/s]", "step": null, "ts": 1643464012.159865}]}, "version": 133}
{"obj": {"type": "LogStrings", "path": ["monitoring", "stderr"], "values": [{"value": "\r  0%|          | 425/300000 [00:08<1:32:10, 54.17it/s]", "step": null, "ts": 1643464012.2748022}]}, "version": 134}
{"obj": {"type": "LogStrings", "path": ["monitoring", "stderr"], "values": [{"value": "\r  0%|          | 431/300000 [00:08<1:33:15, 53.54it/s]", "step": null, "ts": 1643464012.390008}]}, "version": 135}
{"obj": {"type": "LogStrings", "path": ["monitoring", "stderr"], "values": [{"value": "\r  0%|          | 437/300000 [00:08<1:34:55, 52.60it/s]", "step": null, "ts": 1643464012.5086405}]}, "version": 136}
{"obj": {"type": "LogStrings", "path": ["monitoring", "stderr"], "values": [{"value": "\r  0%|          | 443/300000 [00:08<1:36:34, 51.69it/s]", "step": null, "ts": 1643464012.6293647}]}, "version": 137}
{"obj": {"type": "LogStrings", "path": ["monitoring", "stderr"], "values": [{"value": "\r  0%|          | 449/300000 [00:08<1:37:06, 51.42it/s]", "step": null, "ts": 1643464012.7475388}]}, "version": 138}
{"obj": {"type": "LogStrings", "path": ["monitoring", "stderr"], "values": [{"value": "\r  0%|          | 455/300000 [00:08<1:38:29, 50.69it/s]", "step": null, "ts": 1643464012.8698175}]}, "version": 139}
{"obj": {"type": "LogStrings", "path": ["monitoring", "stderr"], "values": [{"value": "\r  0%|          | 461/300000 [00:08<1:43:09, 48.39it/s]", "step": null, "ts": 1643464013.006889}]}, "version": 140}
{"obj": {"type": "LogStrings", "path": ["monitoring", "stderr"], "values": [{"value": "\r  0%|          | 466/300000 [00:08<1:44:22, 47.83it/s]", "step": null, "ts": 1643464013.1148434}]}, "version": 141}
{"obj": {"type": "LogStrings", "path": ["monitoring", "stderr"], "values": [{"value": "\r  0%|          | 471/300000 [00:09<1:48:47, 45.88it/s]", "step": null, "ts": 1643464013.235666}]}, "version": 142}
{"obj": {"type": "LogStrings", "path": ["monitoring", "stderr"], "values": [{"value": "\r  0%|          | 476/300000 [00:09<1:50:30, 45.17it/s]", "step": null, "ts": 1643464013.3507776}]}, "version": 143}
{"obj": {"type": "LogStrings", "path": ["monitoring", "stderr"], "values": [{"value": "\r  0%|          | 481/300000 [00:09<1:52:06, 44.53it/s]", "step": null, "ts": 1643464013.4673147}]}, "version": 144}
{"obj": {"type": "LogStrings", "path": ["monitoring", "stderr"], "values": [{"value": "\r  0%|          | 486/300000 [00:09<1:52:09, 44.51it/s]", "step": null, "ts": 1643464013.5794582}]}, "version": 145}
{"obj": {"type": "LogStrings", "path": ["monitoring", "stderr"], "values": [{"value": "\r  0%|          | 491/300000 [00:09<1:48:33, 45.98it/s]", "step": null, "ts": 1643464013.6794677}]}, "version": 146}
{"obj": {"type": "LogStrings", "path": ["monitoring", "stderr"], "values": [{"value": "\r  0%|          | 496/300000 [00:09<1:46:02, 47.07it/s]", "step": null, "ts": 1643464013.7796829}]}, "version": 147}
{"obj": {"type": "LogStrings", "path": ["monitoring", "stderr"], "values": [{"value": "\r  0%|          | 502/300000 [00:09<1:43:52, 48.05it/s]", "step": null, "ts": 1643464013.8994133}]}, "version": 148}
{"obj": {"type": "LogStrings", "path": ["monitoring", "stderr"], "values": [{"value": "\r  0%|          | 507/300000 [00:09<1:43:28, 48.24it/s]", "step": null, "ts": 1643464014.0021386}]}, "version": 149}
{"obj": {"type": "LogStrings", "path": ["monitoring", "stderr"], "values": [{"value": "\r  0%|          | 513/300000 [00:09<1:39:51, 49.98it/s]", "step": null, "ts": 1643464014.1132388}]}, "version": 150}
{"obj": {"type": "LogStrings", "path": ["monitoring", "stderr"], "values": [{"value": "\r  0%|          | 519/300000 [00:10<1:41:11, 49.33it/s]", "step": null, "ts": 1643464014.2382662}]}, "version": 151}
{"obj": {"type": "LogStrings", "path": ["monitoring", "stderr"], "values": [{"value": "\r  0%|          | 525/300000 [00:10<1:37:39, 51.11it/s]", "step": null, "ts": 1643464014.346403}]}, "version": 152}
{"obj": {"type": "LogStrings", "path": ["monitoring", "stderr"], "values": [{"value": "\r  0%|          | 531/300000 [00:10<1:36:23, 51.78it/s]", "step": null, "ts": 1643464014.458868}]}, "version": 153}
{"obj": {"type": "LogStrings", "path": ["monitoring", "stderr"], "values": [{"value": "\r  0%|          | 537/300000 [00:10<1:33:39, 53.29it/s]", "step": null, "ts": 1643464014.5640266}]}, "version": 154}
{"obj": {"type": "LogStrings", "path": ["monitoring", "stderr"], "values": [{"value": "\r  0%|          | 543/300000 [00:10<1:31:54, 54.31it/s]", "step": null, "ts": 1643464014.6697013}]}, "version": 155}
{"obj": {"type": "LogStrings", "path": ["monitoring", "stderr"], "values": [{"value": "\r  0%|          | 549/300000 [00:10<1:31:30, 54.54it/s]", "step": null, "ts": 1643464014.778619}]}, "version": 156}
{"obj": {"type": "LogStrings", "path": ["monitoring", "stderr"], "values": [{"value": "\r  0%|          | 555/300000 [00:10<1:31:11, 54.73it/s]", "step": null, "ts": 1643464014.887419}]}, "version": 157}
{"obj": {"type": "LogStrings", "path": ["monitoring", "stderr"], "values": [{"value": "\r  0%|          | 561/300000 [00:10<1:31:16, 54.68it/s]", "step": null, "ts": 1643464014.997447}]}, "version": 158}
{"obj": {"type": "LogStrings", "path": ["monitoring", "stderr"], "values": [{"value": "\r  0%|          | 567/300000 [00:10<1:30:52, 54.91it/s]", "step": null, "ts": 1643464015.1055665}]}, "version": 159}
{"obj": {"type": "LogStrings", "path": ["monitoring", "stderr"], "values": [{"value": "\r  0%|          | 573/300000 [00:11<1:30:20, 55.24it/s]", "step": null, "ts": 1643464015.2125978}]}, "version": 160}
{"obj": {"type": "LogStrings", "path": ["monitoring", "stderr"], "values": [{"value": "\r  0%|          | 579/300000 [00:11<1:30:23, 55.20it/s]", "step": null, "ts": 1643464015.321481}]}, "version": 161}
{"obj": {"type": "LogStrings", "path": ["monitoring", "stderr"], "values": [{"value": "\r  0%|          | 585/300000 [00:11<1:34:45, 52.67it/s]", "step": null, "ts": 1643464015.4476626}]}, "version": 162}
{"obj": {"type": "LogStrings", "path": ["monitoring", "stderr"], "values": [{"value": "\r  0%|          | 591/300000 [00:11<1:35:14, 52.40it/s]", "step": null, "ts": 1643464015.5634859}]}, "version": 163}
{"obj": {"type": "LogStrings", "path": ["monitoring", "stderr"], "values": [{"value": "\r  0%|          | 597/300000 [00:11<1:32:55, 53.70it/s]", "step": null, "ts": 1643464015.669788}]}, "version": 164}
{"obj": {"type": "LogStrings", "path": ["monitoring", "stderr"], "values": [{"value": "\r  0%|          | 603/300000 [00:11<1:31:40, 54.43it/s]", "step": null, "ts": 1643464015.7754729}]}, "version": 165}
{"obj": {"type": "LogStrings", "path": ["monitoring", "stderr"], "values": [{"value": "\r  0%|          | 609/300000 [00:11<1:30:04, 55.40it/s]", "step": null, "ts": 1643464015.8792846}]}, "version": 166}
{"obj": {"type": "LogStrings", "path": ["monitoring", "stderr"], "values": [{"value": "\r  0%|          | 615/300000 [00:11<1:29:46, 55.59it/s]", "step": null, "ts": 1643464015.9864182}]}, "version": 167}
{"obj": {"type": "LogStrings", "path": ["monitoring", "stderr"], "values": [{"value": "\r  0%|          | 621/300000 [00:11<1:30:38, 55.05it/s]", "step": null, "ts": 1643464016.0979826}]}, "version": 168}
{"obj": {"type": "LogStrings", "path": ["monitoring", "stderr"], "values": [{"value": "\r  0%|          | 627/300000 [00:12<1:34:05, 53.03it/s]", "step": null, "ts": 1643464016.2206426}]}, "version": 169}
{"obj": {"type": "LogStrings", "path": ["monitoring", "stderr"], "values": [{"value": "\r  0%|          | 633/300000 [00:12<1:32:05, 54.18it/s]", "step": null, "ts": 1643464016.325811}]}, "version": 170}
{"obj": {"type": "LogStrings", "path": ["monitoring", "stderr"], "values": [{"value": "\r  0%|          | 639/300000 [00:12<1:30:01, 55.43it/s]", "step": null, "ts": 1643464016.4282312}]}, "version": 171}
{"obj": {"type": "LogStrings", "path": ["monitoring", "stderr"], "values": [{"value": "\r  0%|          | 645/300000 [00:12<1:28:46, 56.20it/s]", "step": null, "ts": 1643464016.5315208}]}, "version": 172}
{"obj": {"type": "LogStrings", "path": ["monitoring", "stderr"], "values": [{"value": "\r  0%|          | 651/300000 [00:12<1:28:11, 56.57it/s]", "step": null, "ts": 1643464016.6359468}]}, "version": 173}
{"obj": {"type": "LogStrings", "path": ["monitoring", "stderr"], "values": [{"value": "\r  0%|          | 657/300000 [00:12<1:27:34, 56.97it/s]", "step": null, "ts": 1643464016.7395473}]}, "version": 174}
{"obj": {"type": "LogStrings", "path": ["monitoring", "stderr"], "values": [{"value": "\r  0%|          | 663/300000 [00:12<1:27:22, 57.09it/s]", "step": null, "ts": 1643464016.8440938}]}, "version": 175}
{"obj": {"type": "LogStrings", "path": ["monitoring", "stderr"], "values": [{"value": "\r  0%|          | 669/300000 [00:12<1:27:31, 57.00it/s]", "step": null, "ts": 1643464016.9497945}]}, "version": 176}
{"obj": {"type": "LogStrings", "path": ["monitoring", "stderr"], "values": [{"value": "\r  0%|          | 675/300000 [00:12<1:28:23, 56.44it/s]", "step": null, "ts": 1643464017.0585103}]}, "version": 177}
{"obj": {"type": "LogStrings", "path": ["monitoring", "stderr"], "values": [{"value": "\r  0%|          | 681/300000 [00:13<1:28:35, 56.31it/s]", "step": null, "ts": 1643464017.1656356}]}, "version": 178}
{"obj": {"type": "LogStrings", "path": ["monitoring", "stderr"], "values": [{"value": "\r  0%|          | 687/300000 [00:13<1:27:36, 56.94it/s]", "step": null, "ts": 1643464017.268232}]}, "version": 179}
{"obj": {"type": "LogStrings", "path": ["monitoring", "stderr"], "values": [{"value": "\r  0%|          | 693/300000 [00:13<1:26:35, 57.61it/s]", "step": null, "ts": 1643464017.369598}]}, "version": 180}
{"obj": {"type": "LogFloats", "path": ["monitoring", "cpu"], "values": [{"value": 24.1, "step": null, "ts": 1643464017.369823}]}, "version": 181}
{"obj": {"type": "LogFloats", "path": ["monitoring", "memory"], "values": [{"value": 24.9503173828125, "step": null, "ts": 1643464017.369823}]}, "version": 182}
{"obj": {"type": "LogFloats", "path": ["monitoring", "gpu"], "values": [{"value": 3.0, "step": null, "ts": 1643464017.369823}]}, "version": 183}
{"obj": {"type": "LogFloats", "path": ["monitoring", "gpu_memory"], "values": [{"value": 0.9149169921875, "step": null, "ts": 1643464017.369823}]}, "version": 184}
{"obj": {"type": "LogStrings", "path": ["monitoring", "stderr"], "values": [{"value": "\r  0%|          | 699/300000 [00:13<1:26:24, 57.73it/s]", "step": null, "ts": 1643464017.472985}]}, "version": 185}
{"obj": {"type": "LogStrings", "path": ["monitoring", "stderr"], "values": [{"value": "\r  0%|          | 705/300000 [00:13<1:25:47, 58.15it/s]", "step": null, "ts": 1643464017.5744298}]}, "version": 186}
{"obj": {"type": "LogStrings", "path": ["monitoring", "stderr"], "values": [{"value": "\r  0%|          | 711/300000 [00:13<1:25:01, 58.67it/s]", "step": null, "ts": 1643464017.6745727}]}, "version": 187}
{"obj": {"type": "LogStrings", "path": ["monitoring", "stderr"], "values": [{"value": "\r  0%|          | 717/300000 [00:13<1:25:26, 58.38it/s]", "step": null, "ts": 1643464017.7785013}]}, "version": 188}
{"obj": {"type": "LogStrings", "path": ["monitoring", "stderr"], "values": [{"value": "\r  0%|          | 723/300000 [00:13<1:26:35, 57.61it/s]", "step": null, "ts": 1643464017.8858886}]}, "version": 189}
{"obj": {"type": "LogStrings", "path": ["monitoring", "stderr"], "values": [{"value": "\r  0%|          | 729/300000 [00:13<1:27:29, 57.01it/s]", "step": null, "ts": 1643464017.9936814}]}, "version": 190}
{"obj": {"type": "LogStrings", "path": ["monitoring", "stderr"], "values": [{"value": "\r  0%|          | 735/300000 [00:13<1:27:49, 56.79it/s]", "step": null, "ts": 1643464018.1002727}]}, "version": 191}
{"obj": {"type": "LogStrings", "path": ["monitoring", "stderr"], "values": [{"value": "\r  0%|          | 741/300000 [00:14<1:27:28, 57.01it/s]", "step": null, "ts": 1643464018.2045445}]}, "version": 192}
{"obj": {"type": "LogStrings", "path": ["monitoring", "stderr"], "values": [{"value": "\r  0%|          | 747/300000 [00:14<1:26:21, 57.76it/s]", "step": null, "ts": 1643464018.3053267}]}, "version": 193}
{"obj": {"type": "LogStrings", "path": ["monitoring", "stderr"], "values": [{"value": "\r  0%|          | 753/300000 [00:14<1:27:17, 57.14it/s]", "step": null, "ts": 1643464018.4129236}]}, "version": 194}
{"obj": {"type": "LogStrings", "path": ["monitoring", "stderr"], "values": [{"value": "\r  0%|          | 759/300000 [00:14<1:28:56, 56.08it/s]", "step": null, "ts": 1643464018.524549}]}, "version": 195}
{"obj": {"type": "LogStrings", "path": ["monitoring", "stderr"], "values": [{"value": "\r  0%|          | 765/300000 [00:14<1:29:02, 56.01it/s]", "step": null, "ts": 1643464018.6319923}]}, "version": 196}
{"obj": {"type": "LogStrings", "path": ["monitoring", "stderr"], "values": [{"value": "\r  0%|          | 771/300000 [00:14<1:28:29, 56.35it/s]", "step": null, "ts": 1643464018.7369132}]}, "version": 197}
{"obj": {"type": "LogStrings", "path": ["monitoring", "stderr"], "values": [{"value": "\r  0%|          | 777/300000 [00:14<1:27:41, 56.87it/s]", "step": null, "ts": 1643464018.8401859}]}, "version": 198}
{"obj": {"type": "LogStrings", "path": ["monitoring", "stderr"], "values": [{"value": "\r  0%|          | 783/300000 [00:14<1:32:18, 54.02it/s]", "step": null, "ts": 1643464018.9642737}]}, "version": 199}
{"obj": {"type": "LogStrings", "path": ["monitoring", "stderr"], "values": [{"value": "\r  0%|          | 789/300000 [00:14<1:31:34, 54.46it/s]", "step": null, "ts": 1643464019.0723097}]}, "version": 200}
{"obj": {"type": "LogStrings", "path": ["monitoring", "stderr"], "values": [{"value": "\r  0%|          | 795/300000 [00:15<1:30:22, 55.18it/s]", "step": null, "ts": 1643464019.1777081}]}, "version": 201}
{"obj": {"type": "LogStrings", "path": ["monitoring", "stderr"], "values": [{"value": "\r  0%|          | 801/300000 [00:15<1:29:58, 55.42it/s]", "step": null, "ts": 1643464019.2848458}]}, "version": 202}
{"obj": {"type": "LogStrings", "path": ["monitoring", "stderr"], "values": [{"value": "\r  0%|          | 807/300000 [00:15<1:30:43, 54.96it/s]", "step": null, "ts": 1643464019.3961568}]}, "version": 203}
{"obj": {"type": "LogStrings", "path": ["monitoring", "stderr"], "values": [{"value": "\r  0%|          | 813/300000 [00:15<1:29:23, 55.78it/s]", "step": null, "ts": 1643464019.500008}]}, "version": 204}
{"obj": {"type": "LogStrings", "path": ["monitoring", "stderr"], "values": [{"value": "\r  0%|          | 819/300000 [00:15<1:28:14, 56.51it/s]", "step": null, "ts": 1643464019.6029294}]}, "version": 205}
{"obj": {"type": "LogStrings", "path": ["monitoring", "stderr"], "values": [{"value": "\r  0%|          | 825/300000 [00:15<1:27:45, 56.82it/s]", "step": null, "ts": 1643464019.707174}]}, "version": 206}
{"obj": {"type": "LogStrings", "path": ["monitoring", "stderr"], "values": [{"value": "\r  0%|          | 831/300000 [00:15<1:27:39, 56.89it/s]", "step": null, "ts": 1643464019.812351}]}, "version": 207}
{"obj": {"type": "LogStrings", "path": ["monitoring", "stderr"], "values": [{"value": "\r  0%|          | 837/300000 [00:15<1:28:05, 56.60it/s]", "step": null, "ts": 1643464019.919598}]}, "version": 208}
{"obj": {"type": "LogStrings", "path": ["monitoring", "stderr"], "values": [{"value": "\r  0%|          | 843/300000 [00:15<1:31:34, 54.45it/s]", "step": null, "ts": 1643464020.03973}]}, "version": 209}
{"obj": {"type": "LogStrings", "path": ["monitoring", "stderr"], "values": [{"value": "\r  0%|          | 849/300000 [00:16<1:29:29, 55.71it/s]", "step": null, "ts": 1643464020.1414347}]}, "version": 210}
{"obj": {"type": "LogStrings", "path": ["monitoring", "stderr"], "values": [{"value": "\r  0%|          | 855/300000 [00:16<1:28:41, 56.21it/s]", "step": null, "ts": 1643464020.2459543}]}, "version": 211}
{"obj": {"type": "LogStrings", "path": ["monitoring", "stderr"], "values": [{"value": "\r  0%|          | 861/300000 [00:16<1:27:04, 57.26it/s]", "step": null, "ts": 1643464020.3461924}]}, "version": 212}
{"obj": {"type": "LogStrings", "path": ["monitoring", "stderr"], "values": [{"value": "\r  0%|          | 867/300000 [00:16<1:26:05, 57.91it/s]", "step": null, "ts": 1643464020.4470236}]}, "version": 213}
{"obj": {"type": "LogStrings", "path": ["monitoring", "stderr"], "values": [{"value": "\r  0%|          | 874/300000 [00:16<1:25:17, 58.45it/s]", "step": null, "ts": 1643464020.5645478}]}, "version": 214}
{"obj": {"type": "LogStrings", "path": ["monitoring", "stderr"], "values": [{"value": "\r  0%|          | 880/300000 [00:16<1:25:23, 58.38it/s]", "step": null, "ts": 1643464020.6676803}]}, "version": 215}
{"obj": {"type": "LogStrings", "path": ["monitoring", "stderr"], "values": [{"value": "\r  0%|          | 886/300000 [00:16<1:26:11, 57.84it/s]", "step": null, "ts": 1643464020.7738545}]}, "version": 216}
{"obj": {"type": "LogStrings", "path": ["monitoring", "stderr"], "values": [{"value": "\r  0%|          | 892/300000 [00:16<1:25:20, 58.41it/s]", "step": null, "ts": 1643464020.873975}]}, "version": 217}
{"obj": {"type": "LogStrings", "path": ["monitoring", "stderr"], "values": [{"value": "\r  0%|          | 898/300000 [00:16<1:25:55, 58.01it/s]", "step": null, "ts": 1643464020.9790766}]}, "version": 218}
{"obj": {"type": "LogStrings", "path": ["monitoring", "stderr"], "values": [{"value": "\r  0%|          | 904/300000 [00:16<1:26:38, 57.54it/s]", "step": null, "ts": 1643464021.0853796}]}, "version": 219}
{"obj": {"type": "LogStrings", "path": ["monitoring", "stderr"], "values": [{"value": "\r  0%|          | 910/300000 [00:17<1:26:51, 57.39it/s]", "step": null, "ts": 1643464021.1907032}]}, "version": 220}
{"obj": {"type": "LogStrings", "path": ["monitoring", "stderr"], "values": [{"value": "\r  0%|          | 916/300000 [00:17<1:28:16, 56.46it/s]", "step": null, "ts": 1643464021.3009121}]}, "version": 221}
{"obj": {"type": "LogStrings", "path": ["monitoring", "stderr"], "values": [{"value": "\r  0%|          | 922/300000 [00:17<1:28:22, 56.40it/s]", "step": null, "ts": 1643464021.407847}]}, "version": 222}
{"obj": {"type": "LogStrings", "path": ["monitoring", "stderr"], "values": [{"value": "\r  0%|          | 928/300000 [00:17<1:28:50, 56.11it/s]", "step": null, "ts": 1643464021.5157433}]}, "version": 223}
{"obj": {"type": "LogStrings", "path": ["monitoring", "stderr"], "values": [{"value": "\r  0%|          | 934/300000 [00:17<1:28:42, 56.19it/s]", "step": null, "ts": 1643464021.6221561}]}, "version": 224}
{"obj": {"type": "LogStrings", "path": ["monitoring", "stderr"], "values": [{"value": "\r  0%|          | 940/300000 [00:17<1:27:07, 57.21it/s]", "step": null, "ts": 1643464021.722756}]}, "version": 225}
{"obj": {"type": "LogStrings", "path": ["monitoring", "stderr"], "values": [{"value": "\r  0%|          | 947/300000 [00:17<1:26:07, 57.88it/s]", "step": null, "ts": 1643464021.8407178}]}, "version": 226}
{"obj": {"type": "LogStrings", "path": ["monitoring", "stderr"], "values": [{"value": "\r  0%|          | 953/300000 [00:17<1:25:26, 58.33it/s]", "step": null, "ts": 1643464021.9415848}]}, "version": 227}
{"obj": {"type": "LogStrings", "path": ["monitoring", "stderr"], "values": [{"value": "\r  0%|          | 959/300000 [00:17<1:26:57, 57.32it/s]", "step": null, "ts": 1643464022.0506885}]}, "version": 228}
{"obj": {"type": "LogStrings", "path": ["monitoring", "stderr"], "values": [{"value": "\r  0%|          | 965/300000 [00:18<1:25:54, 58.02it/s]", "step": null, "ts": 1643464022.1511354}]}, "version": 229}
{"obj": {"type": "LogStrings", "path": ["monitoring", "stderr"], "values": [{"value": "\r  0%|          | 971/300000 [00:18<1:27:28, 56.98it/s]", "step": null, "ts": 1643464022.260884}]}, "version": 230}
{"obj": {"type": "LogStrings", "path": ["monitoring", "stderr"], "values": [{"value": "\r  0%|          | 977/300000 [00:18<1:27:36, 56.89it/s]", "step": null, "ts": 1643464022.3667543}]}, "version": 231}
{"obj": {"type": "LogStrings", "path": ["monitoring", "stderr"], "values": [{"value": "\r  0%|          | 984/300000 [00:18<1:25:54, 58.01it/s]", "step": null, "ts": 1643464022.4827154}]}, "version": 232}
{"obj": {"type": "LogStrings", "path": ["monitoring", "stderr"], "values": [{"value": "\r  0%|          | 990/300000 [00:18<1:25:40, 58.17it/s]", "step": null, "ts": 1643464022.5850222}]}, "version": 233}
{"obj": {"type": "LogStrings", "path": ["monitoring", "stderr"], "values": [{"value": "\r  0%|          | 996/300000 [00:18<1:26:19, 57.73it/s]", "step": null, "ts": 1643464022.690845}]}, "version": 234}
{"obj": {"type": "LogStrings", "path": ["monitoring", "stderr"], "values": [{"value": "", "step": null, "ts": 1643464023.5608103}]}, "version": 235}
{"obj": {"type": "LogStrings", "path": ["monitoring", "stderr"], "values": [{"value": "\r  0%|          | 1001/300000 [00:19<1:36:41, 51.54it/s]", "step": null, "ts": 1643464023.561181}]}, "version": 236}
{"obj": {"type": "LogStrings", "path": ["monitoring", "stderr"], "values": [{"value": "\n", "step": null, "ts": 1643464023.5615513}]}, "version": 237}
{"obj": {"type": "LogFloats", "path": ["monitoring", "cpu"], "values": [{"value": 16.7, "step": null, "ts": 1643464027.375107}]}, "version": 238}
{"obj": {"type": "LogFloats", "path": ["monitoring", "memory"], "values": [{"value": 25.418445587158203, "step": null, "ts": 1643464027.375107}]}, "version": 239}
{"obj": {"type": "LogFloats", "path": ["monitoring", "gpu"], "values": [{"value": 3.0, "step": null, "ts": 1643464027.375107}]}, "version": 240}
{"obj": {"type": "LogFloats", "path": ["monitoring", "gpu_memory"], "values": [{"value": 0.9168701171875, "step": null, "ts": 1643464027.375107}]}, "version": 241}
{"obj": {"type": "LogFloats", "path": ["monitoring", "cpu"], "values": [{"value": 11.7, "step": null, "ts": 1643464037.3764021}]}, "version": 242}
{"obj": {"type": "LogFloats", "path": ["monitoring", "memory"], "values": [{"value": 25.41610336303711, "step": null, "ts": 1643464037.3764021}]}, "version": 243}
{"obj": {"type": "LogFloats", "path": ["monitoring", "gpu"], "values": [{"value": 1.0, "step": null, "ts": 1643464037.3764021}]}, "version": 244}
{"obj": {"type": "LogFloats", "path": ["monitoring", "gpu_memory"], "values": [{"value": 0.9168701171875, "step": null, "ts": 1643464037.3764021}]}, "version": 245}
{"obj": {"type": "LogFloats", "path": ["monitoring", "cpu"], "values": [{"value": 11.1, "step": null, "ts": 1643464047.3773825}]}, "version": 246}
{"obj": {"type": "LogFloats", "path": ["monitoring", "memory"], "values": [{"value": 25.425006866455078, "step": null, "ts": 1643464047.3773825}]}, "version": 247}
{"obj": {"type": "LogFloats", "path": ["monitoring", "gpu_memory"], "values": [{"value": 0.9168701171875, "step": null, "ts": 1643464047.3773825}]}, "version": 248}
{"obj": {"type": "LogStrings", "path": ["monitoring", "stdout"], "values": [{"value": "Shutting down background jobs, please wait a moment...\n", "step": null, "ts": 1643464055.3857388}]}, "version": 249}
