{"obj": {"type": "AssignString", "path": ["sys", "name"], "value": "Untitled"}, "version": 1}
{"obj": {"type": "AssignString", "path": ["sys", "description"], "value": ""}, "version": 2}
{"obj": {"type": "AssignString", "path": ["sys", "hostname"], "value": "xhnfly-Strix-GL504GS-S5CS"}, "version": 3}
{"obj": {"type": "AssignBool", "path": ["sys", "failed"], "value": false}, "version": 4}
{"obj": {"type": "ClearStringLog", "path": ["monitoring", "stdout"]}, "version": 5}
{"obj": {"type": "ClearStringLog", "path": ["monitoring", "stderr"]}, "version": 6}
{"obj": {"type": "ConfigFloatSeries", "path": ["monitoring", "cpu"], "min": 0.0, "max": 100.0, "unit": "%"}, "version": 7}
{"obj": {"type": "ClearFloatLog", "path": ["monitoring", "cpu"]}, "version": 8}
{"obj": {"type": "ConfigFloatSeries", "path": ["monitoring", "memory"], "min": 0.0, "max": 31.287979125976562, "unit": "GB"}, "version": 9}
{"obj": {"type": "ClearFloatLog", "path": ["monitoring", "memory"]}, "version": 10}
{"obj": {"type": "ConfigFloatSeries", "path": ["monitoring", "gpu"], "min": 0.0, "max": 100.0, "unit": "%"}, "version": 11}
{"obj": {"type": "ClearFloatLog", "path": ["monitoring", "gpu"]}, "version": 12}
{"obj": {"type": "ConfigFloatSeries", "path": ["monitoring", "gpu_memory"], "min": 0.0, "max": 7.9210205078125, "unit": "GB"}, "version": 13}
{"obj": {"type": "ClearFloatLog", "path": ["monitoring", "gpu_memory"]}, "version": 14}
{"obj": {"type": "LogStrings", "path": ["monitoring", "stdout"], "values": [{"value": "", "step": null, "ts": 1643465767.7052372}]}, "version": 15}
{"obj": {"type": "LogStrings", "path": ["monitoring", "stdout"], "values": [{"value": "Remember to stop your run once you\u2019ve finished logging your metadata (https://docs.neptune.ai/api-reference/run#.stop). It will be stopped automatically only when the notebook kernel/interactive console is terminated.\n", "step": null, "ts": 1643465767.7055771}]}, "version": 16}
{"obj": {"type": "LogFloats", "path": ["monitoring", "cpu"], "values": [{"value": 12.1, "step": null, "ts": 1643465767.700614}]}, "version": 17}
{"obj": {"type": "LogFloats", "path": ["monitoring", "memory"], "values": [{"value": 25.41619110107422, "step": null, "ts": 1643465767.700614}]}, "version": 18}
{"obj": {"type": "LogFloats", "path": ["monitoring", "gpu"], "values": [{"value": 5.0, "step": null, "ts": 1643465767.700614}]}, "version": 19}
{"obj": {"type": "LogFloats", "path": ["monitoring", "gpu_memory"], "values": [{"value": 1.0496826171875, "step": null, "ts": 1643465767.700614}]}, "version": 20}
{"obj": {"type": "LogStrings", "path": ["monitoring", "stdout"], "values": [{"value": "device = ", "step": null, "ts": 1643465771.702044}]}, "version": 21}
{"obj": {"type": "LogStrings", "path": ["monitoring", "stdout"], "values": [{"value": " ", "step": null, "ts": 1643465771.702404}]}, "version": 22}
{"obj": {"type": "LogStrings", "path": ["monitoring", "stdout"], "values": [{"value": "cuda", "step": null, "ts": 1643465771.702763}]}, "version": 23}
{"obj": {"type": "LogStrings", "path": ["monitoring", "stdout"], "values": [{"value": "\n", "step": null, "ts": 1643465771.7030282}]}, "version": 24}
{"obj": {"type": "AssignFloat", "path": ["parameters", "dropout"], "value": 0.2}, "version": 25}
{"obj": {"type": "AssignFloat", "path": ["parameters", "learning_rate"], "value": 0.001}, "version": 26}
{"obj": {"type": "AssignString", "path": ["parameters", "optimizer"], "value": "Adam"}, "version": 27}
{"obj": {"type": "AssignInt", "path": ["parameters", "hid"], "value": 512}, "version": 28}
{"obj": {"type": "AssignInt", "path": ["parameters", "l"], "value": 3}, "version": 29}
{"obj": {"type": "AssignInt", "path": ["parameters", "seed"], "value": 0}, "version": 30}
{"obj": {"type": "AssignInt", "path": ["parameters", "steps_per_epoch"], "value": 3000}, "version": 31}
{"obj": {"type": "AssignInt", "path": ["parameters", "steps_video"], "value": 30000}, "version": 32}
{"obj": {"type": "AssignInt", "path": ["parameters", "epochs"], "value": 100}, "version": 33}
{"obj": {"type": "AssignInt", "path": ["parameters", "replay_size"], "value": 10000000}, "version": 34}
{"obj": {"type": "AssignFloat", "path": ["parameters", "gamma"], "value": 0.99}, "version": 35}
{"obj": {"type": "AssignFloat", "path": ["parameters", "polyak"], "value": 0.995}, "version": 36}
{"obj": {"type": "AssignFloat", "path": ["parameters", "pi_lr"], "value": 0.0001}, "version": 37}
{"obj": {"type": "AssignFloat", "path": ["parameters", "q_lr"], "value": 0.0001}, "version": 38}
{"obj": {"type": "AssignInt", "path": ["parameters", "batch_size"], "value": 1000}, "version": 39}
{"obj": {"type": "AssignInt", "path": ["parameters", "start_steps"], "value": 1000}, "version": 40}
{"obj": {"type": "AssignInt", "path": ["parameters", "update_after"], "value": 2000}, "version": 41}
{"obj": {"type": "AssignInt", "path": ["parameters", "update_every"], "value": 100}, "version": 42}
{"obj": {"type": "AssignFloat", "path": ["parameters", "act_noise"], "value": 0.01}, "version": 43}
{"obj": {"type": "AssignInt", "path": ["parameters", "num_test_episodes"], "value": 1}, "version": 44}
{"obj": {"type": "AssignInt", "path": ["parameters", "max_ep_len"], "value": 1000}, "version": 45}
{"obj": {"type": "LogStrings", "path": ["monitoring", "stdout"], "values": [{"value": "obs_dim = ", "step": null, "ts": 1643465771.8946896}]}, "version": 46}
{"obj": {"type": "LogStrings", "path": ["monitoring", "stdout"], "values": [{"value": " ", "step": null, "ts": 1643465771.8949807}]}, "version": 47}
{"obj": {"type": "LogStrings", "path": ["monitoring", "stdout"], "values": [{"value": "47", "step": null, "ts": 1643465771.8953185}]}, "version": 48}
{"obj": {"type": "LogStrings", "path": ["monitoring", "stdout"], "values": [{"value": "\n", "step": null, "ts": 1643465771.895567}]}, "version": 49}
{"obj": {"type": "LogStrings", "path": ["monitoring", "stdout"], "values": [{"value": "act_dim = ", "step": null, "ts": 1643465771.8959324}]}, "version": 50}
{"obj": {"type": "LogStrings", "path": ["monitoring", "stdout"], "values": [{"value": " ", "step": null, "ts": 1643465771.8961825}]}, "version": 51}
{"obj": {"type": "LogStrings", "path": ["monitoring", "stdout"], "values": [{"value": "7", "step": null, "ts": 1643465771.8964233}]}, "version": 52}
{"obj": {"type": "LogStrings", "path": ["monitoring", "stdout"], "values": [{"value": "\n", "step": null, "ts": 1643465771.896647}]}, "version": 53}
{"obj": {"type": "LogStrings", "path": ["monitoring", "stdout"], "values": [{"value": "act_limit = ", "step": null, "ts": 1643465771.8969634}]}, "version": 54}
{"obj": {"type": "LogStrings", "path": ["monitoring", "stdout"], "values": [{"value": " ", "step": null, "ts": 1643465771.8971987}]}, "version": 55}
{"obj": {"type": "LogStrings", "path": ["monitoring", "stdout"], "values": [{"value": "1", "step": null, "ts": 1643465771.8974297}]}, "version": 56}
{"obj": {"type": "LogStrings", "path": ["monitoring", "stdout"], "values": [{"value": "\n", "step": null, "ts": 1643465771.8976476}]}, "version": 57}
{"obj": {"type": "LogStrings", "path": ["monitoring", "stderr"], "values": [{"value": "\r  0%|          | 0/300000 [00:00<?, ?it/s]", "step": null, "ts": 1643465773.279058}]}, "version": 58}
{"obj": {"type": "LogStrings", "path": ["monitoring", "stderr"], "values": [{"value": "\r  0%|          | 2/300000 [00:00<4:33:09, 18.30it/s]", "step": null, "ts": 1643465773.3898692}]}, "version": 59}
{"obj": {"type": "LogStrings", "path": ["monitoring", "stderr"], "values": [{"value": "\r  0%|          | 6/300000 [00:00<3:05:16, 26.99it/s]", "step": null, "ts": 1643465773.513019}]}, "version": 60}
{"obj": {"type": "LogStrings", "path": ["monitoring", "stderr"], "values": [{"value": "\r  0%|          | 10/300000 [00:00<2:49:59, 29.41it/s]", "step": null, "ts": 1643465773.6377938}]}, "version": 61}
{"obj": {"type": "LogStrings", "path": ["monitoring", "stderr"], "values": [{"value": "\r  0%|          | 14/300000 [00:00<2:36:50, 31.88it/s]", "step": null, "ts": 1643465773.7488384}]}, "version": 62}
{"obj": {"type": "LogStrings", "path": ["monitoring", "stderr"], "values": [{"value": "\r  0%|          | 19/300000 [00:00<2:17:44, 36.30it/s]", "step": null, "ts": 1643465773.861138}]}, "version": 63}
{"obj": {"type": "LogStrings", "path": ["monitoring", "stderr"], "values": [{"value": "\r  0%|          | 24/300000 [00:00<2:10:25, 38.33it/s]", "step": null, "ts": 1643465773.9796562}]}, "version": 64}
{"obj": {"type": "LogStrings", "path": ["monitoring", "stderr"], "values": [{"value": "\r  0%|          | 28/300000 [00:00<2:14:26, 37.19it/s]", "step": null, "ts": 1643465774.0955281}]}, "version": 65}
{"obj": {"type": "LogStrings", "path": ["monitoring", "stderr"], "values": [{"value": "\r  0%|          | 32/300000 [00:00<2:30:18, 33.26it/s]", "step": null, "ts": 1643465774.2444744}]}, "version": 66}
{"obj": {"type": "LogStrings", "path": ["monitoring", "stderr"], "values": [{"value": "\r  0%|          | 36/300000 [00:01<2:26:58, 34.01it/s]", "step": null, "ts": 1643465774.355698}]}, "version": 67}
{"obj": {"type": "LogStrings", "path": ["monitoring", "stderr"], "values": [{"value": "\r  0%|          | 41/300000 [00:01<2:15:58, 36.77it/s]", "step": null, "ts": 1643465774.4714775}]}, "version": 68}
{"obj": {"type": "LogStrings", "path": ["monitoring", "stderr"], "values": [{"value": "\r  0%|          | 45/300000 [00:01<2:18:10, 36.18it/s]", "step": null, "ts": 1643465774.5862901}]}, "version": 69}
{"obj": {"type": "LogStrings", "path": ["monitoring", "stderr"], "values": [{"value": "\r  0%|          | 50/300000 [00:01<2:09:23, 38.64it/s]", "step": null, "ts": 1643465774.698383}]}, "version": 70}
{"obj": {"type": "LogStrings", "path": ["monitoring", "stderr"], "values": [{"value": "\r  0%|          | 55/300000 [00:01<2:02:03, 40.95it/s]", "step": null, "ts": 1643465774.8052988}]}, "version": 71}
{"obj": {"type": "LogStrings", "path": ["monitoring", "stderr"], "values": [{"value": "\r  0%|          | 60/300000 [00:01<2:06:25, 39.54it/s]", "step": null, "ts": 1643465774.9413722}]}, "version": 72}
{"obj": {"type": "LogStrings", "path": ["monitoring", "stderr"], "values": [{"value": "\r  0%|          | 64/300000 [00:01<2:06:29, 39.52it/s]", "step": null, "ts": 1643465775.0425835}]}, "version": 73}
{"obj": {"type": "LogStrings", "path": ["monitoring", "stderr"], "values": [{"value": "\r  0%|          | 68/300000 [00:01<2:08:07, 39.02it/s]", "step": null, "ts": 1643465775.1485758}]}, "version": 74}
{"obj": {"type": "LogStrings", "path": ["monitoring", "stderr"], "values": [{"value": "\r  0%|          | 72/300000 [00:01<2:07:46, 39.12it/s]", "step": null, "ts": 1643465775.2500708}]}, "version": 75}
{"obj": {"type": "LogStrings", "path": ["monitoring", "stderr"], "values": [{"value": "\r  0%|          | 76/300000 [00:02<2:10:02, 38.44it/s]", "step": null, "ts": 1643465775.3586314}]}, "version": 76}
{"obj": {"type": "LogStrings", "path": ["monitoring", "stderr"], "values": [{"value": "\r  0%|          | 80/300000 [00:02<2:10:41, 38.25it/s]", "step": null, "ts": 1643465775.464537}]}, "version": 77}
{"obj": {"type": "LogStrings", "path": ["monitoring", "stderr"], "values": [{"value": "\r  0%|          | 84/300000 [00:02<2:09:08, 38.70it/s]", "step": null, "ts": 1643465775.564976}]}, "version": 78}
{"obj": {"type": "LogStrings", "path": ["monitoring", "stderr"], "values": [{"value": "\r  0%|          | 89/300000 [00:02<2:07:04, 39.34it/s]", "step": null, "ts": 1643465775.68796}]}, "version": 79}
{"obj": {"type": "LogStrings", "path": ["monitoring", "stderr"], "values": [{"value": "\r  0%|          | 94/300000 [00:02<2:04:15, 40.23it/s]", "step": null, "ts": 1643465775.8065827}]}, "version": 80}
{"obj": {"type": "LogStrings", "path": ["monitoring", "stderr"], "values": [{"value": "\r  0%|          | 99/300000 [00:02<1:57:36, 42.50it/s]", "step": null, "ts": 1643465775.9100242}]}, "version": 81}
{"obj": {"type": "LogStrings", "path": ["monitoring", "stderr"], "values": [{"value": "\r  0%|          | 104/300000 [00:02<2:06:57, 39.37it/s]", "step": null, "ts": 1643465776.0575264}]}, "version": 82}
{"obj": {"type": "LogStrings", "path": ["monitoring", "stderr"], "values": [{"value": "\r  0%|          | 109/300000 [00:02<1:59:09, 41.95it/s]", "step": null, "ts": 1643465776.159284}]}, "version": 83}
{"obj": {"type": "LogStrings", "path": ["monitoring", "stderr"], "values": [{"value": "\r  0%|          | 114/300000 [00:02<1:53:24, 44.07it/s]", "step": null, "ts": 1643465776.2600994}]}, "version": 84}
{"obj": {"type": "LogStrings", "path": ["monitoring", "stderr"], "values": [{"value": "\r  0%|          | 119/300000 [00:03<1:50:00, 45.43it/s]", "step": null, "ts": 1643465776.3620005}]}, "version": 85}
{"obj": {"type": "LogStrings", "path": ["monitoring", "stderr"], "values": [{"value": "\r  0%|          | 125/300000 [00:03<1:42:51, 48.59it/s]", "step": null, "ts": 1643465776.4691215}]}, "version": 86}
{"obj": {"type": "LogStrings", "path": ["monitoring", "stderr"], "values": [{"value": "\r  0%|          | 131/300000 [00:03<1:39:04, 50.45it/s]", "step": null, "ts": 1643465776.5789018}]}, "version": 87}
{"obj": {"type": "LogStrings", "path": ["monitoring", "stderr"], "values": [{"value": "\r  0%|          | 137/300000 [00:03<1:45:30, 47.37it/s]", "step": null, "ts": 1643465776.7218797}]}, "version": 88}
{"obj": {"type": "LogStrings", "path": ["monitoring", "stderr"], "values": [{"value": "\r  0%|          | 143/300000 [00:03<1:41:09, 49.40it/s]", "step": null, "ts": 1643465776.8319209}]}, "version": 89}
{"obj": {"type": "LogStrings", "path": ["monitoring", "stderr"], "values": [{"value": "\r  0%|          | 149/300000 [00:03<1:38:00, 50.99it/s]", "step": null, "ts": 1643465776.9411993}]}, "version": 90}
{"obj": {"type": "LogStrings", "path": ["monitoring", "stderr"], "values": [{"value": "\r  0%|          | 155/300000 [00:03<1:34:47, 52.72it/s]", "step": null, "ts": 1643465777.0462606}]}, "version": 91}
{"obj": {"type": "LogStrings", "path": ["monitoring", "stderr"], "values": [{"value": "\r  0%|          | 161/300000 [00:03<1:33:21, 53.52it/s]", "step": null, "ts": 1643465777.1543818}]}, "version": 92}
{"obj": {"type": "LogStrings", "path": ["monitoring", "stderr"], "values": [{"value": "\r  0%|          | 167/300000 [00:03<1:32:19, 54.12it/s]", "step": null, "ts": 1643465777.2624068}]}, "version": 93}
{"obj": {"type": "LogStrings", "path": ["monitoring", "stderr"], "values": [{"value": "\r  0%|          | 173/300000 [00:04<1:32:52, 53.81it/s]", "step": null, "ts": 1643465777.3754144}]}, "version": 94}
{"obj": {"type": "LogStrings", "path": ["monitoring", "stderr"], "values": [{"value": "\r  0%|          | 179/300000 [00:04<1:32:25, 54.06it/s]", "step": null, "ts": 1643465777.4851687}]}, "version": 95}
{"obj": {"type": "LogStrings", "path": ["monitoring", "stderr"], "values": [{"value": "\r  0%|          | 185/300000 [00:04<1:32:32, 54.00it/s]", "step": null, "ts": 1643465777.596606}]}, "version": 96}
{"obj": {"type": "LogStrings", "path": ["monitoring", "stderr"], "values": [{"value": "\r  0%|          | 191/300000 [00:04<1:31:44, 54.47it/s]", "step": null, "ts": 1643465777.704534}]}, "version": 97}
{"obj": {"type": "LogFloats", "path": ["monitoring", "cpu"], "values": [{"value": 37.2, "step": null, "ts": 1643465777.7077608}]}, "version": 98}
{"obj": {"type": "LogFloats", "path": ["monitoring", "memory"], "values": [{"value": 26.526996612548828, "step": null, "ts": 1643465777.7077608}]}, "version": 99}
{"obj": {"type": "LogFloats", "path": ["monitoring", "gpu"], "values": [{"value": 5.0, "step": null, "ts": 1643465777.7077608}]}, "version": 100}
{"obj": {"type": "LogFloats", "path": ["monitoring", "gpu_memory"], "values": [{"value": 1.0555419921875, "step": null, "ts": 1643465777.7077608}]}, "version": 101}
{"obj": {"type": "LogStrings", "path": ["monitoring", "stderr"], "values": [{"value": "\r  0%|          | 197/300000 [00:04<1:35:09, 52.51it/s]", "step": null, "ts": 1643465777.8284671}]}, "version": 102}
{"obj": {"type": "LogStrings", "path": ["monitoring", "stderr"], "values": [{"value": "\r  0%|          | 203/300000 [00:04<1:34:23, 52.93it/s]", "step": null, "ts": 1643465777.9395962}]}, "version": 103}
{"obj": {"type": "LogStrings", "path": ["monitoring", "stderr"], "values": [{"value": "\r  0%|          | 209/300000 [00:04<1:35:23, 52.38it/s]", "step": null, "ts": 1643465778.0569468}]}, "version": 104}
{"obj": {"type": "LogStrings", "path": ["monitoring", "stderr"], "values": [{"value": "\r  0%|          | 215/300000 [00:04<1:35:32, 52.30it/s]", "step": null, "ts": 1643465778.172114}]}, "version": 105}
{"obj": {"type": "LogStrings", "path": ["monitoring", "stderr"], "values": [{"value": "\r  0%|          | 221/300000 [00:05<1:36:00, 52.04it/s]", "step": null, "ts": 1643465778.2887223}]}, "version": 106}
{"obj": {"type": "LogStrings", "path": ["monitoring", "stderr"], "values": [{"value": "\r  0%|          | 227/300000 [00:05<1:35:59, 52.05it/s]", "step": null, "ts": 1643465778.4039605}]}, "version": 107}
{"obj": {"type": "LogStrings", "path": ["monitoring", "stderr"], "values": [{"value": "\r  0%|          | 233/300000 [00:05<1:36:50, 51.59it/s]", "step": null, "ts": 1643465778.5226135}]}, "version": 108}
{"obj": {"type": "LogStrings", "path": ["monitoring", "stderr"], "values": [{"value": "\r  0%|          | 239/300000 [00:05<1:35:33, 52.28it/s]", "step": null, "ts": 1643465778.633945}]}, "version": 109}
{"obj": {"type": "LogStrings", "path": ["monitoring", "stderr"], "values": [{"value": "\r  0%|          | 245/300000 [00:05<1:38:00, 50.97it/s]", "step": null, "ts": 1643465778.7584264}]}, "version": 110}
{"obj": {"type": "LogStrings", "path": ["monitoring", "stderr"], "values": [{"value": "\r  0%|          | 251/300000 [00:05<1:35:47, 52.15it/s]", "step": null, "ts": 1643465778.8672144}]}, "version": 111}
{"obj": {"type": "LogStrings", "path": ["monitoring", "stderr"], "values": [{"value": "\r  0%|          | 257/300000 [00:05<1:36:28, 51.79it/s]", "step": null, "ts": 1643465778.9849992}]}, "version": 112}
{"obj": {"type": "LogStrings", "path": ["monitoring", "stderr"], "values": [{"value": "\r  0%|          | 263/300000 [00:05<1:37:30, 51.23it/s]", "step": null, "ts": 1643465779.1050177}]}, "version": 113}
{"obj": {"type": "LogStrings", "path": ["monitoring", "stderr"], "values": [{"value": "\r  0%|          | 269/300000 [00:05<1:39:10, 50.37it/s]", "step": null, "ts": 1643465779.2289155}]}, "version": 114}
{"obj": {"type": "LogStrings", "path": ["monitoring", "stderr"], "values": [{"value": "\r  0%|          | 275/300000 [00:06<1:38:28, 50.73it/s]", "step": null, "ts": 1643465779.3451562}]}, "version": 115}
{"obj": {"type": "LogStrings", "path": ["monitoring", "stderr"], "values": [{"value": "\r  0%|          | 281/300000 [00:06<1:39:27, 50.23it/s]", "step": null, "ts": 1643465779.4673436}]}, "version": 116}
{"obj": {"type": "LogStrings", "path": ["monitoring", "stderr"], "values": [{"value": "\r  0%|          | 287/300000 [00:06<1:43:44, 48.15it/s]", "step": null, "ts": 1643465779.603974}]}, "version": 117}
{"obj": {"type": "LogStrings", "path": ["monitoring", "stderr"], "values": [{"value": "\r  0%|          | 292/300000 [00:06<1:43:34, 48.22it/s]", "step": null, "ts": 1643465779.7072213}]}, "version": 118}
{"obj": {"type": "LogStrings", "path": ["monitoring", "stderr"], "values": [{"value": "\r  0%|          | 298/300000 [00:06<1:41:01, 49.44it/s]", "step": null, "ts": 1643465779.8218114}]}, "version": 119}
{"obj": {"type": "LogStrings", "path": ["monitoring", "stderr"], "values": [{"value": "\r  0%|          | 304/300000 [00:06<1:39:50, 50.03it/s]", "step": null, "ts": 1643465779.9385042}]}, "version": 120}
{"obj": {"type": "LogStrings", "path": ["monitoring", "stderr"], "values": [{"value": "\r  0%|          | 310/300000 [00:06<1:38:06, 50.91it/s]", "step": null, "ts": 1643465780.0516436}]}, "version": 121}
{"obj": {"type": "LogStrings", "path": ["monitoring", "stderr"], "values": [{"value": "\r  0%|          | 316/300000 [00:06<1:39:11, 50.36it/s]", "step": null, "ts": 1643465780.1737661}]}, "version": 122}
{"obj": {"type": "LogStrings", "path": ["monitoring", "stderr"], "values": [{"value": "\r  0%|          | 322/300000 [00:07<1:38:06, 50.91it/s]", "step": null, "ts": 1643465780.2887328}]}, "version": 123}
{"obj": {"type": "LogStrings", "path": ["monitoring", "stderr"], "values": [{"value": "\r  0%|          | 328/300000 [00:07<1:36:35, 51.71it/s]", "step": null, "ts": 1643465780.4004722}]}, "version": 124}
{"obj": {"type": "LogStrings", "path": ["monitoring", "stderr"], "values": [{"value": "\r  0%|          | 334/300000 [00:07<1:36:38, 51.68it/s]", "step": null, "ts": 1643465780.5169728}]}, "version": 125}
{"obj": {"type": "LogStrings", "path": ["monitoring", "stderr"], "values": [{"value": "\r  0%|          | 340/300000 [00:07<1:36:56, 51.52it/s]", "step": null, "ts": 1643465780.6341374}]}, "version": 126}
{"obj": {"type": "LogStrings", "path": ["monitoring", "stderr"], "values": [{"value": "\r  0%|          | 346/300000 [00:07<1:35:42, 52.18it/s]", "step": null, "ts": 1643465780.745591}]}, "version": 127}
{"obj": {"type": "LogStrings", "path": ["monitoring", "stderr"], "values": [{"value": "\r  0%|          | 352/300000 [00:07<1:34:35, 52.80it/s]", "step": null, "ts": 1643465780.8559718}]}, "version": 128}
{"obj": {"type": "LogStrings", "path": ["monitoring", "stderr"], "values": [{"value": "\r  0%|          | 358/300000 [00:07<1:33:17, 53.53it/s]", "step": null, "ts": 1643465780.964559}]}, "version": 129}
{"obj": {"type": "LogStrings", "path": ["monitoring", "stderr"], "values": [{"value": "\r  0%|          | 364/300000 [00:07<1:32:41, 53.87it/s]", "step": null, "ts": 1643465781.07427}]}, "version": 130}
{"obj": {"type": "LogStrings", "path": ["monitoring", "stderr"], "values": [{"value": "\r  0%|          | 370/300000 [00:07<1:32:30, 53.98it/s]", "step": null, "ts": 1643465781.1851263}]}, "version": 131}
{"obj": {"type": "LogStrings", "path": ["monitoring", "stderr"], "values": [{"value": "\r  0%|          | 376/300000 [00:08<1:32:41, 53.87it/s]", "step": null, "ts": 1643465781.2967846}]}, "version": 132}
{"obj": {"type": "LogStrings", "path": ["monitoring", "stderr"], "values": [{"value": "\r  0%|          | 382/300000 [00:08<1:32:17, 54.10it/s]", "step": null, "ts": 1643465781.4065855}]}, "version": 133}
{"obj": {"type": "LogStrings", "path": ["monitoring", "stderr"], "values": [{"value": "\r  0%|          | 388/300000 [00:08<1:32:37, 53.91it/s]", "step": null, "ts": 1643465781.5188296}]}, "version": 134}
{"obj": {"type": "LogStrings", "path": ["monitoring", "stderr"], "values": [{"value": "\r  0%|          | 394/300000 [00:08<1:34:15, 52.97it/s]", "step": null, "ts": 1643465781.6366527}]}, "version": 135}
{"obj": {"type": "LogStrings", "path": ["monitoring", "stderr"], "values": [{"value": "\r  0%|          | 400/300000 [00:08<1:34:20, 52.93it/s]", "step": null, "ts": 1643465781.7503834}]}, "version": 136}
{"obj": {"type": "LogStrings", "path": ["monitoring", "stderr"], "values": [{"value": "\r  0%|          | 406/300000 [00:08<1:33:57, 53.14it/s]", "step": null, "ts": 1643465781.8621676}]}, "version": 137}
{"obj": {"type": "LogStrings", "path": ["monitoring", "stderr"], "values": [{"value": "\r  0%|          | 412/300000 [00:08<1:38:04, 50.91it/s]", "step": null, "ts": 1643465781.991513}]}, "version": 138}
{"obj": {"type": "LogStrings", "path": ["monitoring", "stderr"], "values": [{"value": "\r  0%|          | 418/300000 [00:08<1:35:59, 52.01it/s]", "step": null, "ts": 1643465782.1010203}]}, "version": 139}
{"obj": {"type": "LogStrings", "path": ["monitoring", "stderr"], "values": [{"value": "\r  0%|          | 424/300000 [00:08<1:36:17, 51.86it/s]", "step": null, "ts": 1643465782.2180276}]}, "version": 140}
{"obj": {"type": "LogStrings", "path": ["monitoring", "stderr"], "values": [{"value": "\r  0%|          | 430/300000 [00:09<1:36:58, 51.48it/s]", "step": null, "ts": 1643465782.3360744}]}, "version": 141}
{"obj": {"type": "LogStrings", "path": ["monitoring", "stderr"], "values": [{"value": "\r  0%|          | 436/300000 [00:09<1:37:26, 51.24it/s]", "step": null, "ts": 1643465782.4544482}]}, "version": 142}
{"obj": {"type": "LogStrings", "path": ["monitoring", "stderr"], "values": [{"value": "\r  0%|          | 442/300000 [00:09<1:38:02, 50.93it/s]", "step": null, "ts": 1643465782.5740228}]}, "version": 143}
{"obj": {"type": "LogStrings", "path": ["monitoring", "stderr"], "values": [{"value": "\r  0%|          | 448/300000 [00:09<1:39:04, 50.39it/s]", "step": null, "ts": 1643465782.6959348}]}, "version": 144}
{"obj": {"type": "LogStrings", "path": ["monitoring", "stderr"], "values": [{"value": "\r  0%|          | 454/300000 [00:09<1:39:31, 50.16it/s]", "step": null, "ts": 1643465782.8168051}]}, "version": 145}
{"obj": {"type": "LogStrings", "path": ["monitoring", "stderr"], "values": [{"value": "\r  0%|          | 460/300000 [00:09<1:40:44, 49.56it/s]", "step": null, "ts": 1643465782.9412782}]}, "version": 146}
{"obj": {"type": "LogStrings", "path": ["monitoring", "stderr"], "values": [{"value": "\r  0%|          | 465/300000 [00:09<1:43:01, 48.46it/s]", "step": null, "ts": 1643465783.0508761}]}, "version": 147}
{"obj": {"type": "LogStrings", "path": ["monitoring", "stderr"], "values": [{"value": "\r  0%|          | 470/300000 [00:09<1:43:22, 48.29it/s]", "step": null, "ts": 1643465783.155418}]}, "version": 148}
{"obj": {"type": "LogStrings", "path": ["monitoring", "stderr"], "values": [{"value": "\r  0%|          | 476/300000 [00:09<1:41:48, 49.04it/s]", "step": null, "ts": 1643465783.2737193}]}, "version": 149}
{"obj": {"type": "LogStrings", "path": ["monitoring", "stderr"], "values": [{"value": "\r  0%|          | 482/300000 [00:10<1:40:42, 49.56it/s]", "step": null, "ts": 1643465783.3919504}]}, "version": 150}
{"obj": {"type": "LogStrings", "path": ["monitoring", "stderr"], "values": [{"value": "\r  0%|          | 487/300000 [00:10<1:41:35, 49.14it/s]", "step": null, "ts": 1643465783.4960332}]}, "version": 151}
{"obj": {"type": "LogStrings", "path": ["monitoring", "stderr"], "values": [{"value": "\r  0%|          | 493/300000 [00:10<1:40:38, 49.60it/s]", "step": null, "ts": 1643465783.614489}]}, "version": 152}
{"obj": {"type": "LogStrings", "path": ["monitoring", "stderr"], "values": [{"value": "\r  0%|          | 499/300000 [00:10<1:39:37, 50.10it/s]", "step": null, "ts": 1643465783.7318358}]}, "version": 153}
{"obj": {"type": "LogStrings", "path": ["monitoring", "stderr"], "values": [{"value": "\r  0%|          | 505/300000 [00:10<1:39:07, 50.35it/s]", "step": null, "ts": 1643465783.849437}]}, "version": 154}
{"obj": {"type": "LogStrings", "path": ["monitoring", "stderr"], "values": [{"value": "\r  0%|          | 511/300000 [00:10<1:36:25, 51.76it/s]", "step": null, "ts": 1643465783.9579432}]}, "version": 155}
{"obj": {"type": "LogStrings", "path": ["monitoring", "stderr"], "values": [{"value": "\r  0%|          | 517/300000 [00:10<1:34:13, 52.98it/s]", "step": null, "ts": 1643465784.0652144}]}, "version": 156}
{"obj": {"type": "LogStrings", "path": ["monitoring", "stderr"], "values": [{"value": "\r  0%|          | 523/300000 [00:10<1:33:26, 53.42it/s]", "step": null, "ts": 1643465784.175354}]}, "version": 157}
{"obj": {"type": "LogStrings", "path": ["monitoring", "stderr"], "values": [{"value": "\r  0%|          | 529/300000 [00:11<1:33:20, 53.47it/s]", "step": null, "ts": 1643465784.2873223}]}, "version": 158}
{"obj": {"type": "LogStrings", "path": ["monitoring", "stderr"], "values": [{"value": "\r  0%|          | 535/300000 [00:11<1:32:10, 54.15it/s]", "step": null, "ts": 1643465784.3948264}]}, "version": 159}
{"obj": {"type": "LogStrings", "path": ["monitoring", "stderr"], "values": [{"value": "\r  0%|          | 541/300000 [00:11<1:31:38, 54.46it/s]", "step": null, "ts": 1643465784.5035107}]}, "version": 160}
{"obj": {"type": "LogStrings", "path": ["monitoring", "stderr"], "values": [{"value": "\r  0%|          | 547/300000 [00:11<1:30:56, 54.88it/s]", "step": null, "ts": 1643465784.6108966}]}, "version": 161}
{"obj": {"type": "LogStrings", "path": ["monitoring", "stderr"], "values": [{"value": "\r  0%|          | 553/300000 [00:11<1:31:31, 54.53it/s]", "step": null, "ts": 1643465784.7225535}]}, "version": 162}
{"obj": {"type": "LogStrings", "path": ["monitoring", "stderr"], "values": [{"value": "\r  0%|          | 559/300000 [00:11<1:31:16, 54.68it/s]", "step": null, "ts": 1643465784.8317535}]}, "version": 163}
{"obj": {"type": "LogStrings", "path": ["monitoring", "stderr"], "values": [{"value": "\r  0%|          | 565/300000 [00:11<1:31:32, 54.52it/s]", "step": null, "ts": 1643465784.9424167}]}, "version": 164}
{"obj": {"type": "LogStrings", "path": ["monitoring", "stderr"], "values": [{"value": "\r  0%|          | 571/300000 [00:11<1:31:14, 54.70it/s]", "step": null, "ts": 1643465785.0512738}]}, "version": 165}
{"obj": {"type": "LogStrings", "path": ["monitoring", "stderr"], "values": [{"value": "\r  0%|          | 577/300000 [00:11<1:29:27, 55.78it/s]", "step": null, "ts": 1643465785.1538346}]}, "version": 166}
{"obj": {"type": "LogStrings", "path": ["monitoring", "stderr"], "values": [{"value": "\r  0%|          | 583/300000 [00:11<1:28:12, 56.58it/s]", "step": null, "ts": 1643465785.2563744}]}, "version": 167}
{"obj": {"type": "LogStrings", "path": ["monitoring", "stderr"], "values": [{"value": "\r  0%|          | 589/300000 [00:12<1:27:50, 56.81it/s]", "step": null, "ts": 1643465785.3609664}]}, "version": 168}
{"obj": {"type": "LogStrings", "path": ["monitoring", "stderr"], "values": [{"value": "\r  0%|          | 595/300000 [00:12<1:28:01, 56.69it/s]", "step": null, "ts": 1643465785.4673405}]}, "version": 169}
{"obj": {"type": "LogStrings", "path": ["monitoring", "stderr"], "values": [{"value": "\r  0%|          | 601/300000 [00:12<1:27:15, 57.18it/s]", "step": null, "ts": 1643465785.5701082}]}, "version": 170}
{"obj": {"type": "LogStrings", "path": ["monitoring", "stderr"], "values": [{"value": "\r  0%|          | 607/300000 [00:12<1:27:06, 57.28it/s]", "step": null, "ts": 1643465785.6744282}]}, "version": 171}
{"obj": {"type": "LogStrings", "path": ["monitoring", "stderr"], "values": [{"value": "\r  0%|          | 613/300000 [00:12<1:28:14, 56.55it/s]", "step": null, "ts": 1643465785.7837293}]}, "version": 172}
{"obj": {"type": "LogStrings", "path": ["monitoring", "stderr"], "values": [{"value": "\r  0%|          | 619/300000 [00:12<1:28:26, 56.42it/s]", "step": null, "ts": 1643465785.8906372}]}, "version": 173}
{"obj": {"type": "LogStrings", "path": ["monitoring", "stderr"], "values": [{"value": "\r  0%|          | 625/300000 [00:12<1:28:41, 56.26it/s]", "step": null, "ts": 1643465785.998028}]}, "version": 174}
{"obj": {"type": "LogStrings", "path": ["monitoring", "stderr"], "values": [{"value": "\r  0%|          | 631/300000 [00:12<1:30:25, 55.18it/s]", "step": null, "ts": 1643465786.111609}]}, "version": 175}
{"obj": {"type": "LogStrings", "path": ["monitoring", "stderr"], "values": [{"value": "\r  0%|          | 637/300000 [00:12<1:29:03, 56.03it/s]", "step": null, "ts": 1643465786.2148404}]}, "version": 176}
{"obj": {"type": "LogStrings", "path": ["monitoring", "stderr"], "values": [{"value": "\r  0%|          | 643/300000 [00:13<1:27:44, 56.86it/s]", "step": null, "ts": 1643465786.3166602}]}, "version": 177}
{"obj": {"type": "LogStrings", "path": ["monitoring", "stderr"], "values": [{"value": "\r  0%|          | 649/300000 [00:13<1:26:55, 57.39it/s]", "step": null, "ts": 1643465786.4189334}]}, "version": 178}
{"obj": {"type": "LogStrings", "path": ["monitoring", "stderr"], "values": [{"value": "\r  0%|          | 655/300000 [00:13<1:26:42, 57.54it/s]", "step": null, "ts": 1643465786.522731}]}, "version": 179}
{"obj": {"type": "LogStrings", "path": ["monitoring", "stderr"], "values": [{"value": "\r  0%|          | 661/300000 [00:13<1:27:21, 57.11it/s]", "step": null, "ts": 1643465786.6295714}]}, "version": 180}
{"obj": {"type": "LogStrings", "path": ["monitoring", "stderr"], "values": [{"value": "\r  0%|          | 667/300000 [00:13<1:27:59, 56.70it/s]", "step": null, "ts": 1643465786.7371252}]}, "version": 181}
{"obj": {"type": "LogStrings", "path": ["monitoring", "stderr"], "values": [{"value": "\r  0%|          | 673/300000 [00:13<1:27:26, 57.06it/s]", "step": null, "ts": 1643465786.840728}]}, "version": 182}
{"obj": {"type": "LogStrings", "path": ["monitoring", "stderr"], "values": [{"value": "\r  0%|          | 679/300000 [00:13<1:27:09, 57.24it/s]", "step": null, "ts": 1643465786.944769}]}, "version": 183}
{"obj": {"type": "LogStrings", "path": ["monitoring", "stderr"], "values": [{"value": "\r  0%|          | 685/300000 [00:13<1:27:24, 57.07it/s]", "step": null, "ts": 1643465787.0506735}]}, "version": 184}
{"obj": {"type": "LogStrings", "path": ["monitoring", "stderr"], "values": [{"value": "\r  0%|          | 691/300000 [00:13<1:27:49, 56.80it/s]", "step": null, "ts": 1643465787.1574516}]}, "version": 185}
{"obj": {"type": "LogStrings", "path": ["monitoring", "stderr"], "values": [{"value": "\r  0%|          | 697/300000 [00:13<1:27:39, 56.91it/s]", "step": null, "ts": 1643465787.2624617}]}, "version": 186}
{"obj": {"type": "LogStrings", "path": ["monitoring", "stderr"], "values": [{"value": "\r  0%|          | 703/300000 [00:14<1:27:35, 56.95it/s]", "step": null, "ts": 1643465787.3675818}]}, "version": 187}
{"obj": {"type": "LogStrings", "path": ["monitoring", "stderr"], "values": [{"value": "\r  0%|          | 709/300000 [00:14<1:26:25, 57.72it/s]", "step": null, "ts": 1643465787.4682562}]}, "version": 188}
{"obj": {"type": "LogStrings", "path": ["monitoring", "stderr"], "values": [{"value": "\r  0%|          | 715/300000 [00:14<1:25:52, 58.08it/s]", "step": null, "ts": 1643465787.5700314}]}, "version": 189}
{"obj": {"type": "LogStrings", "path": ["monitoring", "stderr"], "values": [{"value": "\r  0%|          | 721/300000 [00:14<1:26:00, 57.99it/s]", "step": null, "ts": 1643465787.6738656}]}, "version": 190}
{"obj": {"type": "LogFloats", "path": ["monitoring", "cpu"], "values": [{"value": 20.6, "step": null, "ts": 1643465787.7168045}]}, "version": 191}
{"obj": {"type": "LogFloats", "path": ["monitoring", "memory"], "values": [{"value": 26.49709701538086, "step": null, "ts": 1643465787.7168045}]}, "version": 192}
{"obj": {"type": "LogFloats", "path": ["monitoring", "gpu"], "values": [{"value": 3.0, "step": null, "ts": 1643465787.7168045}]}, "version": 193}
{"obj": {"type": "LogFloats", "path": ["monitoring", "gpu_memory"], "values": [{"value": 1.0555419921875, "step": null, "ts": 1643465787.7168045}]}, "version": 194}
{"obj": {"type": "LogStrings", "path": ["monitoring", "stderr"], "values": [{"value": "\r  0%|          | 727/300000 [00:14<1:26:58, 57.35it/s]", "step": null, "ts": 1643465787.781329}]}, "version": 195}
{"obj": {"type": "LogStrings", "path": ["monitoring", "stderr"], "values": [{"value": "\r  0%|          | 733/300000 [00:14<1:26:53, 57.40it/s]", "step": null, "ts": 1643465787.885514}]}, "version": 196}
{"obj": {"type": "LogStrings", "path": ["monitoring", "stderr"], "values": [{"value": "\r  0%|          | 739/300000 [00:14<1:26:17, 57.79it/s]", "step": null, "ts": 1643465787.9876952}]}, "version": 197}
{"obj": {"type": "LogStrings", "path": ["monitoring", "stderr"], "values": [{"value": "\r  0%|          | 745/300000 [00:14<1:25:23, 58.41it/s]", "step": null, "ts": 1643465788.0878322}]}, "version": 198}
{"obj": {"type": "LogStrings", "path": ["monitoring", "stderr"], "values": [{"value": "\r  0%|          | 751/300000 [00:14<1:25:34, 58.28it/s]", "step": null, "ts": 1643465788.191344}]}, "version": 199}
{"obj": {"type": "LogStrings", "path": ["monitoring", "stderr"], "values": [{"value": "\r  0%|          | 757/300000 [00:15<1:26:02, 57.96it/s]", "step": null, "ts": 1643465788.2961917}]}, "version": 200}
{"obj": {"type": "LogStrings", "path": ["monitoring", "stderr"], "values": [{"value": "\r  0%|          | 763/300000 [00:15<1:25:33, 58.29it/s]", "step": null, "ts": 1643465788.3977468}]}, "version": 201}
{"obj": {"type": "LogStrings", "path": ["monitoring", "stderr"], "values": [{"value": "\r  0%|          | 770/300000 [00:15<1:24:04, 59.32it/s]", "step": null, "ts": 1643465788.5116017}]}, "version": 202}
{"obj": {"type": "LogStrings", "path": ["monitoring", "stderr"], "values": [{"value": "\r  0%|          | 777/300000 [00:15<1:23:32, 59.70it/s]", "step": null, "ts": 1643465788.627317}]}, "version": 203}
{"obj": {"type": "LogStrings", "path": ["monitoring", "stderr"], "values": [{"value": "\r  0%|          | 783/300000 [00:15<1:23:25, 59.78it/s]", "step": null, "ts": 1643465788.7273493}]}, "version": 204}
{"obj": {"type": "LogStrings", "path": ["monitoring", "stderr"], "values": [{"value": "\r  0%|          | 790/300000 [00:15<1:23:10, 59.95it/s]", "step": null, "ts": 1643465788.8433778}]}, "version": 205}
{"obj": {"type": "LogStrings", "path": ["monitoring", "stderr"], "values": [{"value": "\r  0%|          | 796/300000 [00:15<1:24:13, 59.21it/s]", "step": null, "ts": 1643465788.9479215}]}, "version": 206}
{"obj": {"type": "LogStrings", "path": ["monitoring", "stderr"], "values": [{"value": "\r  0%|          | 802/300000 [00:15<1:25:13, 58.52it/s]", "step": null, "ts": 1643465789.0534158}]}, "version": 207}
{"obj": {"type": "LogStrings", "path": ["monitoring", "stderr"], "values": [{"value": "\r  0%|          | 808/300000 [00:15<1:26:14, 57.82it/s]", "step": null, "ts": 1643465789.1601999}]}, "version": 208}
{"obj": {"type": "LogStrings", "path": ["monitoring", "stderr"], "values": [{"value": "\r  0%|          | 814/300000 [00:15<1:26:00, 57.97it/s]", "step": null, "ts": 1643465789.2630801}]}, "version": 209}
{"obj": {"type": "LogStrings", "path": ["monitoring", "stderr"], "values": [{"value": "\r  0%|          | 820/300000 [00:16<1:25:34, 58.27it/s]", "step": null, "ts": 1643465789.3647687}]}, "version": 210}
{"obj": {"type": "LogStrings", "path": ["monitoring", "stderr"], "values": [{"value": "\r  0%|          | 826/300000 [00:16<1:25:40, 58.20it/s]", "step": null, "ts": 1643465789.4681506}]}, "version": 211}
{"obj": {"type": "LogStrings", "path": ["monitoring", "stderr"], "values": [{"value": "\r  0%|          | 832/300000 [00:16<1:25:41, 58.19it/s]", "step": null, "ts": 1643465789.5712967}]}, "version": 212}
{"obj": {"type": "LogStrings", "path": ["monitoring", "stderr"], "values": [{"value": "\r  0%|          | 838/300000 [00:16<1:25:31, 58.30it/s]", "step": null, "ts": 1643465789.6737204}]}, "version": 213}
{"obj": {"type": "LogStrings", "path": ["monitoring", "stderr"], "values": [{"value": "\r  0%|          | 844/300000 [00:16<1:26:45, 57.46it/s]", "step": null, "ts": 1643465789.781682}]}, "version": 214}
{"obj": {"type": "LogStrings", "path": ["monitoring", "stderr"], "values": [{"value": "\r  0%|          | 850/300000 [00:16<1:27:43, 56.84it/s]", "step": null, "ts": 1643465789.8899395}]}, "version": 215}
{"obj": {"type": "LogStrings", "path": ["monitoring", "stderr"], "values": [{"value": "\r  0%|          | 856/300000 [00:16<1:28:44, 56.19it/s]", "step": null, "ts": 1643465789.9996014}]}, "version": 216}
{"obj": {"type": "LogStrings", "path": ["monitoring", "stderr"], "values": [{"value": "\r  0%|          | 862/300000 [00:16<1:27:43, 56.83it/s]", "step": null, "ts": 1643465790.1023302}]}, "version": 217}
{"obj": {"type": "LogStrings", "path": ["monitoring", "stderr"], "values": [{"value": "\r  0%|          | 868/300000 [00:16<1:27:03, 57.27it/s]", "step": null, "ts": 1643465790.2052372}]}, "version": 218}
{"obj": {"type": "LogStrings", "path": ["monitoring", "stderr"], "values": [{"value": "\r  0%|          | 875/300000 [00:17<1:24:50, 58.76it/s]", "step": null, "ts": 1643465790.318166}]}, "version": 219}
{"obj": {"type": "LogStrings", "path": ["monitoring", "stderr"], "values": [{"value": "\r  0%|          | 882/300000 [00:17<1:24:02, 59.32it/s]", "step": null, "ts": 1643465790.4338152}]}, "version": 220}
{"obj": {"type": "LogStrings", "path": ["monitoring", "stderr"], "values": [{"value": "\r  0%|          | 888/300000 [00:17<1:24:16, 59.15it/s]", "step": null, "ts": 1643465790.5360029}]}, "version": 221}
{"obj": {"type": "LogStrings", "path": ["monitoring", "stderr"], "values": [{"value": "\r  0%|          | 894/300000 [00:17<1:24:36, 58.92it/s]", "step": null, "ts": 1643465790.6387837}]}, "version": 222}
{"obj": {"type": "LogStrings", "path": ["monitoring", "stderr"], "values": [{"value": "\r  0%|          | 900/300000 [00:17<1:25:05, 58.58it/s]", "step": null, "ts": 1643465790.7427108}]}, "version": 223}
{"obj": {"type": "LogStrings", "path": ["monitoring", "stderr"], "values": [{"value": "\r  0%|          | 906/300000 [00:17<1:25:53, 58.04it/s]", "step": null, "ts": 1643465790.8485134}]}, "version": 224}
{"obj": {"type": "LogStrings", "path": ["monitoring", "stderr"], "values": [{"value": "\r  0%|          | 913/300000 [00:17<1:24:44, 58.82it/s]", "step": null, "ts": 1643465790.9640586}]}, "version": 225}
{"obj": {"type": "LogStrings", "path": ["monitoring", "stderr"], "values": [{"value": "\r  0%|          | 919/300000 [00:17<1:24:18, 59.13it/s]", "step": null, "ts": 1643465791.0642207}]}, "version": 226}
{"obj": {"type": "LogStrings", "path": ["monitoring", "stderr"], "values": [{"value": "\r  0%|          | 925/300000 [00:17<1:24:38, 58.89it/s]", "step": null, "ts": 1643465791.1670709}]}, "version": 227}
{"obj": {"type": "LogStrings", "path": ["monitoring", "stderr"], "values": [{"value": "\r  0%|          | 931/300000 [00:17<1:24:24, 59.05it/s]", "step": null, "ts": 1643465791.2680018}]}, "version": 228}
{"obj": {"type": "LogStrings", "path": ["monitoring", "stderr"], "values": [{"value": "\r  0%|          | 937/300000 [00:18<1:24:18, 59.12it/s]", "step": null, "ts": 1643465791.369215}]}, "version": 229}
{"obj": {"type": "LogStrings", "path": ["monitoring", "stderr"], "values": [{"value": "\r  0%|          | 943/300000 [00:18<1:24:38, 58.88it/s]", "step": null, "ts": 1643465791.4721231}]}, "version": 230}
{"obj": {"type": "LogStrings", "path": ["monitoring", "stderr"], "values": [{"value": "\r  0%|          | 949/300000 [00:18<1:24:17, 59.13it/s]", "step": null, "ts": 1643465791.572549}]}, "version": 231}
{"obj": {"type": "LogStrings", "path": ["monitoring", "stderr"], "values": [{"value": "\r  0%|          | 955/300000 [00:18<1:24:52, 58.72it/s]", "step": null, "ts": 1643465791.676443}]}, "version": 232}
{"obj": {"type": "LogStrings", "path": ["monitoring", "stderr"], "values": [{"value": "\r  0%|          | 961/300000 [00:18<1:24:57, 58.67it/s]", "step": null, "ts": 1643465791.779283}]}, "version": 233}
{"obj": {"type": "LogStrings", "path": ["monitoring", "stderr"], "values": [{"value": "\r  0%|          | 967/300000 [00:18<1:24:42, 58.84it/s]", "step": null, "ts": 1643465791.8801882}]}, "version": 234}
{"obj": {"type": "LogStrings", "path": ["monitoring", "stderr"], "values": [{"value": "\r  0%|          | 974/300000 [00:18<1:24:00, 59.32it/s]", "step": null, "ts": 1643465791.996231}]}, "version": 235}
{"obj": {"type": "LogStrings", "path": ["monitoring", "stderr"], "values": [{"value": "\r  0%|          | 980/300000 [00:18<1:24:09, 59.22it/s]", "step": null, "ts": 1643465792.098059}]}, "version": 236}
{"obj": {"type": "LogStrings", "path": ["monitoring", "stderr"], "values": [{"value": "\r  0%|          | 987/300000 [00:18<1:23:35, 59.62it/s]", "step": null, "ts": 1643465792.2137365}]}, "version": 237}
{"obj": {"type": "LogStrings", "path": ["monitoring", "stderr"], "values": [{"value": "\r  0%|          | 993/300000 [00:19<1:23:39, 59.57it/s]", "step": null, "ts": 1643465792.31469}]}, "version": 238}
{"obj": {"type": "LogStrings", "path": ["monitoring", "stderr"], "values": [{"value": "\r  0%|          | 999/300000 [00:19<1:23:35, 59.62it/s]", "step": null, "ts": 1643465792.4151037}]}, "version": 239}
{"obj": {"type": "LogStrings", "path": ["monitoring", "stderr"], "values": [{"value": "", "step": null, "ts": 1643465793.4790063}]}, "version": 240}
{"obj": {"type": "LogStrings", "path": ["monitoring", "stderr"], "values": [{"value": "\r  0%|          | 1001/300000 [00:20<1:40:33, 49.56it/s]", "step": null, "ts": 1643465793.4794097}]}, "version": 241}
{"obj": {"type": "LogStrings", "path": ["monitoring", "stderr"], "values": [{"value": "\n", "step": null, "ts": 1643465793.4801764}]}, "version": 242}
{"obj": {"type": "LogFloats", "path": ["monitoring", "cpu"], "values": [{"value": 13.3, "step": null, "ts": 1643465797.7279334}]}, "version": 243}
{"obj": {"type": "LogFloats", "path": ["monitoring", "memory"], "values": [{"value": 25.97309112548828, "step": null, "ts": 1643465797.7279334}]}, "version": 244}
{"obj": {"type": "LogFloats", "path": ["monitoring", "gpu"], "values": [{"value": 13.0, "step": null, "ts": 1643465797.7279334}]}, "version": 245}
{"obj": {"type": "LogFloats", "path": ["monitoring", "gpu_memory"], "values": [{"value": 1.0555419921875, "step": null, "ts": 1643465797.7279334}]}, "version": 246}
{"obj": {"type": "LogFloats", "path": ["monitoring", "cpu"], "values": [{"value": 16.3, "step": null, "ts": 1643465807.7290897}]}, "version": 247}
{"obj": {"type": "LogFloats", "path": ["monitoring", "memory"], "values": [{"value": 26.012744903564453, "step": null, "ts": 1643465807.7290897}]}, "version": 248}
{"obj": {"type": "LogFloats", "path": ["monitoring", "gpu_memory"], "values": [{"value": 1.0555419921875, "step": null, "ts": 1643465807.7290897}]}, "version": 249}
{"obj": {"type": "LogFloats", "path": ["monitoring", "cpu"], "values": [{"value": 10.6, "step": null, "ts": 1643465817.729895}]}, "version": 250}
{"obj": {"type": "LogFloats", "path": ["monitoring", "memory"], "values": [{"value": 26.073707580566406, "step": null, "ts": 1643465817.729895}]}, "version": 251}
{"obj": {"type": "LogFloats", "path": ["monitoring", "gpu"], "values": [{"value": 3.0, "step": null, "ts": 1643465817.729895}]}, "version": 252}
{"obj": {"type": "LogFloats", "path": ["monitoring", "gpu_memory"], "values": [{"value": 1.0555419921875, "step": null, "ts": 1643465817.729895}]}, "version": 253}
{"obj": {"type": "LogFloats", "path": ["monitoring", "cpu"], "values": [{"value": 6.4, "step": null, "ts": 1643465827.7311018}]}, "version": 254}
{"obj": {"type": "LogFloats", "path": ["monitoring", "memory"], "values": [{"value": 26.076030731201172, "step": null, "ts": 1643465827.7311018}]}, "version": 255}
{"obj": {"type": "LogFloats", "path": ["monitoring", "gpu_memory"], "values": [{"value": 1.0555419921875, "step": null, "ts": 1643465827.7311018}]}, "version": 256}
{"obj": {"type": "LogFloats", "path": ["monitoring", "cpu"], "values": [{"value": 12.4, "step": null, "ts": 1643465837.7342188}]}, "version": 257}
{"obj": {"type": "LogFloats", "path": ["monitoring", "memory"], "values": [{"value": 26.038330078125, "step": null, "ts": 1643465837.7342188}]}, "version": 258}
{"obj": {"type": "LogFloats", "path": ["monitoring", "gpu"], "values": [{"value": 14.0, "step": null, "ts": 1643465837.7342188}]}, "version": 259}
{"obj": {"type": "LogFloats", "path": ["monitoring", "gpu_memory"], "values": [{"value": 1.0555419921875, "step": null, "ts": 1643465837.7342188}]}, "version": 260}
{"obj": {"type": "LogStrings", "path": ["monitoring", "stdout"], "values": [{"value": "Shutting down background jobs, please wait a moment...\n", "step": null, "ts": 1643465845.5487432}]}, "version": 261}
