{"obj": {"type": "AssignString", "path": ["sys", "name"], "value": "Untitled"}, "version": 1}
{"obj": {"type": "AssignString", "path": ["sys", "description"], "value": ""}, "version": 2}
{"obj": {"type": "AssignString", "path": ["sys", "hostname"], "value": "xhnfly-Strix-GL504GS-S5CS"}, "version": 3}
{"obj": {"type": "AssignBool", "path": ["sys", "failed"], "value": false}, "version": 4}
{"obj": {"type": "ClearStringLog", "path": ["monitoring", "stdout"]}, "version": 5}
{"obj": {"type": "ClearStringLog", "path": ["monitoring", "stderr"]}, "version": 6}
{"obj": {"type": "ConfigFloatSeries", "path": ["monitoring", "cpu"], "min": 0.0, "max": 100.0, "unit": "%"}, "version": 7}
{"obj": {"type": "ClearFloatLog", "path": ["monitoring", "cpu"]}, "version": 8}
{"obj": {"type": "ConfigFloatSeries", "path": ["monitoring", "memory"], "min": 0.0, "max": 31.287979125976562, "unit": "GB"}, "version": 9}
{"obj": {"type": "ClearFloatLog", "path": ["monitoring", "memory"]}, "version": 10}
{"obj": {"type": "ConfigFloatSeries", "path": ["monitoring", "gpu"], "min": 0.0, "max": 100.0, "unit": "%"}, "version": 11}
{"obj": {"type": "ClearFloatLog", "path": ["monitoring", "gpu"]}, "version": 12}
{"obj": {"type": "ConfigFloatSeries", "path": ["monitoring", "gpu_memory"], "min": 0.0, "max": 7.9210205078125, "unit": "GB"}, "version": 13}
{"obj": {"type": "ClearFloatLog", "path": ["monitoring", "gpu_memory"]}, "version": 14}
{"obj": {"type": "LogStrings", "path": ["monitoring", "stdout"], "values": [{"value": "", "step": null, "ts": 1643579716.2183}]}, "version": 15}
{"obj": {"type": "LogStrings", "path": ["monitoring", "stdout"], "values": [{"value": "Remember to stop your run once you\u2019ve finished logging your metadata (https://docs.neptune.ai/api-reference/run#.stop). It will be stopped automatically only when the notebook kernel/interactive console is terminated.\n", "step": null, "ts": 1643579716.218647}]}, "version": 16}
{"obj": {"type": "LogFloats", "path": ["monitoring", "cpu"], "values": [{"value": 14.2, "step": null, "ts": 1643579716.2140522}]}, "version": 17}
{"obj": {"type": "LogFloats", "path": ["monitoring", "memory"], "values": [{"value": 10.697174072265625, "step": null, "ts": 1643579716.2140522}]}, "version": 18}
{"obj": {"type": "LogFloats", "path": ["monitoring", "gpu"], "values": [{"value": 14.0, "step": null, "ts": 1643579716.2140522}]}, "version": 19}
{"obj": {"type": "LogFloats", "path": ["monitoring", "gpu_memory"], "values": [{"value": 0.243896484375, "step": null, "ts": 1643579716.2140522}]}, "version": 20}
{"obj": {"type": "LogStrings", "path": ["monitoring", "stdout"], "values": [{"value": "device = ", "step": null, "ts": 1643579720.1913185}]}, "version": 21}
{"obj": {"type": "LogStrings", "path": ["monitoring", "stdout"], "values": [{"value": " ", "step": null, "ts": 1643579720.1916916}]}, "version": 22}
{"obj": {"type": "LogStrings", "path": ["monitoring", "stdout"], "values": [{"value": "cuda", "step": null, "ts": 1643579720.1919053}]}, "version": 23}
{"obj": {"type": "LogStrings", "path": ["monitoring", "stdout"], "values": [{"value": "\n", "step": null, "ts": 1643579720.192088}]}, "version": 24}
{"obj": {"type": "AssignFloat", "path": ["parameters", "dropout"], "value": 0.2}, "version": 25}
{"obj": {"type": "AssignFloat", "path": ["parameters", "learning_rate"], "value": 0.001}, "version": 26}
{"obj": {"type": "AssignString", "path": ["parameters", "optimizer"], "value": "Adam"}, "version": 27}
{"obj": {"type": "AssignInt", "path": ["parameters", "hid"], "value": 256}, "version": 28}
{"obj": {"type": "AssignInt", "path": ["parameters", "l"], "value": 3}, "version": 29}
{"obj": {"type": "AssignInt", "path": ["parameters", "seed"], "value": 0}, "version": 30}
{"obj": {"type": "AssignInt", "path": ["parameters", "steps_per_epoch"], "value": 3000}, "version": 31}
{"obj": {"type": "AssignInt", "path": ["parameters", "steps_video"], "value": 3}, "version": 32}
{"obj": {"type": "AssignInt", "path": ["parameters", "epochs"], "value": 100}, "version": 33}
{"obj": {"type": "AssignInt", "path": ["parameters", "replay_size"], "value": 100000000}, "version": 34}
{"obj": {"type": "AssignFloat", "path": ["parameters", "gamma"], "value": 0.99}, "version": 35}
{"obj": {"type": "AssignFloat", "path": ["parameters", "polyak"], "value": 0.995}, "version": 36}
{"obj": {"type": "AssignFloat", "path": ["parameters", "pi_lr"], "value": 0.0001}, "version": 37}
{"obj": {"type": "AssignFloat", "path": ["parameters", "q_lr"], "value": 0.0001}, "version": 38}
{"obj": {"type": "AssignInt", "path": ["parameters", "batch_size"], "value": 1000}, "version": 39}
{"obj": {"type": "AssignInt", "path": ["parameters", "start_steps"], "value": 10000}, "version": 40}
{"obj": {"type": "AssignInt", "path": ["parameters", "update_after"], "value": 5000}, "version": 41}
{"obj": {"type": "AssignInt", "path": ["parameters", "update_every"], "value": 100}, "version": 42}
{"obj": {"type": "AssignFloat", "path": ["parameters", "act_noise"], "value": 0.01}, "version": 43}
{"obj": {"type": "AssignInt", "path": ["parameters", "num_test_episodes"], "value": 10}, "version": 44}
{"obj": {"type": "AssignInt", "path": ["parameters", "max_ep_len"], "value": 1000}, "version": 45}
{"obj": {"type": "AssignInt", "path": ["parameters", "max_video_len"], "value": 1000}, "version": 46}
{"obj": {"type": "AssignInt", "path": ["parameters", "save_model_len"], "value": 10000}, "version": 47}
{"obj": {"type": "LogStrings", "path": ["monitoring", "stdout"], "values": [{"value": "obs_dim = ", "step": null, "ts": 1643579720.3319814}]}, "version": 48}
{"obj": {"type": "LogStrings", "path": ["monitoring", "stdout"], "values": [{"value": " ", "step": null, "ts": 1643579720.332331}]}, "version": 49}
{"obj": {"type": "LogStrings", "path": ["monitoring", "stdout"], "values": [{"value": "35", "step": null, "ts": 1643579720.3325222}]}, "version": 50}
{"obj": {"type": "LogStrings", "path": ["monitoring", "stdout"], "values": [{"value": "\n", "step": null, "ts": 1643579720.3326812}]}, "version": 51}
{"obj": {"type": "LogStrings", "path": ["monitoring", "stdout"], "values": [{"value": "act_dim = ", "step": null, "ts": 1643579720.3329403}]}, "version": 52}
{"obj": {"type": "LogStrings", "path": ["monitoring", "stdout"], "values": [{"value": " ", "step": null, "ts": 1643579720.333102}]}, "version": 53}
{"obj": {"type": "LogStrings", "path": ["monitoring", "stdout"], "values": [{"value": "6", "step": null, "ts": 1643579720.3332493}]}, "version": 54}
{"obj": {"type": "LogStrings", "path": ["monitoring", "stdout"], "values": [{"value": "\n", "step": null, "ts": 1643579720.3333712}]}, "version": 55}
{"obj": {"type": "LogStrings", "path": ["monitoring", "stdout"], "values": [{"value": "act_limit = ", "step": null, "ts": 1643579720.3335688}]}, "version": 56}
{"obj": {"type": "LogStrings", "path": ["monitoring", "stdout"], "values": [{"value": " ", "step": null, "ts": 1643579720.3336952}]}, "version": 57}
{"obj": {"type": "LogStrings", "path": ["monitoring", "stdout"], "values": [{"value": "1", "step": null, "ts": 1643579720.3338075}]}, "version": 58}
{"obj": {"type": "LogStrings", "path": ["monitoring", "stdout"], "values": [{"value": "\n", "step": null, "ts": 1643579720.3339188}]}, "version": 59}
{"obj": {"type": "LogStrings", "path": ["monitoring", "stderr"], "values": [{"value": "\r  0%|          | 0/300000 [00:00<?, ?it/s]", "step": null, "ts": 1643579723.2178063}]}, "version": 60}
{"obj": {"type": "LogStrings", "path": ["monitoring", "stdout"], "values": [{"value": "len(o2) = ", "step": null, "ts": 1643579723.2383525}]}, "version": 61}
{"obj": {"type": "LogStrings", "path": ["monitoring", "stdout"], "values": [{"value": " ", "step": null, "ts": 1643579723.2388952}]}, "version": 62}
{"obj": {"type": "LogStrings", "path": ["monitoring", "stdout"], "values": [{"value": "35", "step": null, "ts": 1643579723.239167}]}, "version": 63}
{"obj": {"type": "LogStrings", "path": ["monitoring", "stdout"], "values": [{"value": "\n", "step": null, "ts": 1643579723.2394066}]}, "version": 64}
{"obj": {"type": "LogStrings", "path": ["train", "o"], "values": [{"value": "tensor([[ 0.8982, -0.1328, -0.7603, -0.6269, -0.0361, -0.3717, -0.4396, -0.9911,\n          0.6495, -0.7791, -0.9993, -0.9284,  0.0000,  0.0000,  0.0000,  0.0000,\n          0.0000,  0.0000,  0.3831, -0.7531,  1.1275, -0.9988,  0.0367,  0.0316,\n         -0.0057,  0.0000,  0.0000,  0.0000,  0.0000,  0.0000,  0.0000,  1.0000,\n         -0.3831,  0.7531, -1.1275]], device='cuda:0', dtype=torch.float64)", "step": null, "ts": 1643579723.243939}]}, "version": 65}
{"obj": {"type": "LogStrings", "path": ["train", "a"], "values": [{"value": "tensor([[ 0.5835,  0.0578,  0.1361,  0.8512, -0.8579, -0.8257]],\n       device='cuda:0')", "step": null, "ts": 1643579723.2461085}]}, "version": 66}
{"obj": {"type": "LogFloats", "path": ["train", "r"], "values": [{"value": 1.6122658763606523e-12, "step": null, "ts": 1643579723.246555}]}, "version": 67}
{"obj": {"type": "LogStrings", "path": ["train", "o2"], "values": [{"value": "tensor([[ 0.9038, -0.1313, -0.7625, -0.6133, -0.0544, -0.3886, -0.4279, -0.9913,\n          0.6470, -0.7898, -0.9985, -0.9214,  0.2934,  0.0290,  0.0684,  0.4291,\n         -0.4318, -0.4151,  0.3799, -0.7491,  1.1244, -0.9987,  0.0212,  0.0447,\n         -0.0093,  0.0000,  0.0000,  0.0140,  0.0000,  0.0000,  0.0000,  1.0000,\n         -0.3799,  0.7491, -1.1104]], device='cuda:0')", "step": null, "ts": 1643579723.250232}]}, "version": 68}
{"obj": {"type": "LogFloats", "path": ["train", "d"], "values": [{"value": 0.0, "step": null, "ts": 1643579723.2506871}]}, "version": 69}
{"obj": {"type": "LogStrings", "path": ["monitoring", "stdout"], "values": [{"value": "len(o2) = ", "step": null, "ts": 1643579723.2694027}]}, "version": 70}
{"obj": {"type": "LogStrings", "path": ["monitoring", "stdout"], "values": [{"value": " ", "step": null, "ts": 1643579723.2698755}]}, "version": 71}
{"obj": {"type": "LogStrings", "path": ["monitoring", "stdout"], "values": [{"value": "35", "step": null, "ts": 1643579723.270176}]}, "version": 72}
{"obj": {"type": "LogStrings", "path": ["monitoring", "stdout"], "values": [{"value": "\n", "step": null, "ts": 1643579723.2704282}]}, "version": 73}
{"obj": {"type": "LogStrings", "path": ["train", "o"], "values": [{"value": "tensor([[ 0.9038, -0.1313, -0.7625, -0.6133, -0.0544, -0.3886, -0.4279, -0.9913,\n          0.6470, -0.7898, -0.9985, -0.9214,  0.2934,  0.0290,  0.0684,  0.4291,\n         -0.4318, -0.4151,  0.3799, -0.7491,  1.1244, -0.9987,  0.0212,  0.0447,\n         -0.0093,  0.0000,  0.0000,  0.0140,  0.0000,  0.0000,  0.0000,  1.0000,\n         -0.3799,  0.7491, -1.1104]], device='cuda:0')", "step": null, "ts": 1643579723.2725558}]}, "version": 74}
{"obj": {"type": "LogStrings", "path": ["train", "a"], "values": [{"value": "tensor([[-0.9596,  0.6652,  0.5563,  0.7400,  0.9572,  0.5983]],\n       device='cuda:0')", "step": null, "ts": 1643579723.2735715}]}, "version": 75}
{"obj": {"type": "LogFloats", "path": ["train", "r"], "values": [{"value": 2.158606626778692e-12, "step": null, "ts": 1643579723.2738233}]}, "version": 76}
{"obj": {"type": "LogStrings", "path": ["train", "o2"], "values": [{"value": "tensor([[ 0.8981, -0.1160, -0.7713, -0.5984, -0.0447, -0.3815, -0.4397, -0.9933,\n          0.6364, -0.8012, -0.9990, -0.9244, -0.4816,  0.3341,  0.2795,  0.3736,\n          0.4798,  0.3003,  0.3738, -0.7494,  1.1129, -0.9975,  0.0297,  0.0646,\n          0.0041,  0.0000,  0.0000,  0.0189,  0.0000,  0.0000,  0.0000,  1.0000,\n         -0.3738,  0.7494, -1.0940]], device='cuda:0')", "step": null, "ts": 1643579723.2753816}]}, "version": 77}
{"obj": {"type": "LogFloats", "path": ["train", "d"], "values": [{"value": 0.0, "step": null, "ts": 1643579723.2756438}]}, "version": 78}
{"obj": {"type": "LogStrings", "path": ["monitoring", "stdout"], "values": [{"value": "len(o2) = ", "step": null, "ts": 1643579723.2951608}]}, "version": 79}
{"obj": {"type": "LogStrings", "path": ["monitoring", "stdout"], "values": [{"value": " ", "step": null, "ts": 1643579723.2956877}]}, "version": 80}
{"obj": {"type": "LogStrings", "path": ["monitoring", "stdout"], "values": [{"value": "35", "step": null, "ts": 1643579723.2960253}]}, "version": 81}
{"obj": {"type": "LogStrings", "path": ["monitoring", "stdout"], "values": [{"value": "\n", "step": null, "ts": 1643579723.2963471}]}, "version": 82}
{"obj": {"type": "LogStrings", "path": ["train", "o"], "values": [{"value": "tensor([[ 0.8981, -0.1160, -0.7713, -0.5984, -0.0447, -0.3815, -0.4397, -0.9933,\n          0.6364, -0.8012, -0.9990, -0.9244, -0.4816,  0.3341,  0.2795,  0.3736,\n          0.4798,  0.3003,  0.3738, -0.7494,  1.1129, -0.9975,  0.0297,  0.0646,\n          0.0041,  0.0000,  0.0000,  0.0189,  0.0000,  0.0000,  0.0000,  1.0000,\n         -0.3738,  0.7494, -1.0940]], device='cuda:0')", "step": null, "ts": 1643579723.2985525}]}, "version": 83}
{"obj": {"type": "LogStrings", "path": ["train", "a"], "values": [{"value": "tensor([[-0.0770,  0.5611, -0.7635,  0.2798, -0.7133,  0.8893]],\n       device='cuda:0')", "step": null, "ts": 1643579723.299632}]}, "version": 84}
{"obj": {"type": "LogFloats", "path": ["train", "r"], "values": [{"value": 2.0304868897369488e-12, "step": null, "ts": 1643579723.2998912}]}, "version": 85}
{"obj": {"type": "LogStrings", "path": ["train", "o2"], "values": [{"value": "tensor([[ 0.8958, -0.1016, -0.7611, -0.5911, -0.0504, -0.3612, -0.4445, -0.9948,\n          0.6486, -0.8066, -0.9987, -0.9325, -0.0389,  0.2818, -0.3836,  0.1423,\n         -0.3580,  0.4465,  0.3779, -0.7541,  1.1128, -0.9966,  0.0433,  0.0698,\n          0.0036,  0.0000,  0.0000,  0.0196,  0.0000,  0.0000,  0.0000,  1.0000,\n         -0.3779,  0.7541, -1.0932]], device='cuda:0')", "step": null, "ts": 1643579723.301461}]}, "version": 86}
{"obj": {"type": "LogFloats", "path": ["train", "d"], "values": [{"value": 0.0, "step": null, "ts": 1643579723.3017268}]}, "version": 87}
{"obj": {"type": "LogStrings", "path": ["monitoring", "stdout"], "values": [{"value": "current_time = ", "step": null, "ts": 1643579723.3020568}]}, "version": 88}
{"obj": {"type": "LogStrings", "path": ["monitoring", "stdout"], "values": [{"value": " ", "step": null, "ts": 1643579723.3023758}]}, "version": 89}
{"obj": {"type": "LogStrings", "path": ["monitoring", "stdout"], "values": [{"value": "2022-01-31T08:55:23.301935", "step": null, "ts": 1643579723.3026135}]}, "version": 90}
{"obj": {"type": "LogStrings", "path": ["monitoring", "stdout"], "values": [{"value": "\n", "step": null, "ts": 1643579723.302871}]}, "version": 91}
{"obj": {"type": "LogFloats", "path": ["monitoring", "cpu"], "values": [{"value": 35.6, "step": null, "ts": 1643579726.2212787}]}, "version": 92}
{"obj": {"type": "LogFloats", "path": ["monitoring", "memory"], "values": [{"value": 15.27078628540039, "step": null, "ts": 1643579726.2212787}]}, "version": 93}
{"obj": {"type": "LogFloats", "path": ["monitoring", "gpu"], "values": [{"value": 6.0, "step": null, "ts": 1643579726.2212787}]}, "version": 94}
{"obj": {"type": "LogFloats", "path": ["monitoring", "gpu_memory"], "values": [{"value": 1.0360107421875, "step": null, "ts": 1643579726.2212787}]}, "version": 95}
{"obj": {"type": "LogFloats", "path": ["monitoring", "cpu"], "values": [{"value": 17.5, "step": null, "ts": 1643579736.2764385}]}, "version": 96}
{"obj": {"type": "LogFloats", "path": ["monitoring", "memory"], "values": [{"value": 15.132938385009766, "step": null, "ts": 1643579736.2764385}]}, "version": 97}
{"obj": {"type": "LogFloats", "path": ["monitoring", "gpu"], "values": [{"value": 2.0, "step": null, "ts": 1643579736.2764385}]}, "version": 98}
{"obj": {"type": "LogFloats", "path": ["monitoring", "gpu_memory"], "values": [{"value": 1.0360107421875, "step": null, "ts": 1643579736.2764385}]}, "version": 99}
{"obj": {"type": "LogStrings", "path": ["monitoring", "stderr"], "values": [{"value": "", "step": null, "ts": 1643579740.2577314}]}, "version": 100}
{"obj": {"type": "LogStrings", "path": ["monitoring", "stderr"], "values": [{"value": "\r  0%|          | 2/300000 [00:17<709:59:25,  8.52s/it]", "step": null, "ts": 1643579740.2583706}]}, "version": 101}
{"obj": {"type": "LogStrings", "path": ["monitoring", "stderr"], "values": [{"value": "\n", "step": null, "ts": 1643579740.2588694}]}, "version": 102}
{"obj": {"type": "LogStrings", "path": ["monitoring", "stdout"], "values": [{"value": "Shutting down background jobs, please wait a moment...\n", "step": null, "ts": 1643579741.3645706}]}, "version": 103}
